#### SLURM ####
pwd: 
/blue/m2qm-efrc/cpbunker/GitHub/transport
host: 
c0700a-s10.ufhpc
# conda environments:
#
base                     /apps/conda/23.3.1
block                    /blue/m2qm-efrc/cpbunker/condaenvs/block
block2                *  /blue/m2qm-efrc/cpbunker/condaenvs/block2
plot                     /blue/m2qm-efrc/cpbunker/condaenvs/plot

#### PYTHON ####
start time: 
Wed Jan 17 11:07:31 EST 2024

>>> PWD:  /blue/m2qm-efrc/cpbunker/GitHub/transport
>>> Params =  {'tl': 1.0, 'Vconf': 10.0, 'Be': 100.0, 'BFM': -100.0, 'Jz': 0.1, 'Jx': 0.1, 'Jsd': 0.5, 'NL': 15, 'NFM': 5, 'NR': 5, 'Nconf': 5, 'Ne': 5, 'TwoSz': 0, 'TwoSd': 1, 'symmetry': 'Sz', 'ex_sites': [15, 16], 'plot': 0, 'bdim_0': [150, 150, 150, 200, 200], 'bdim_t': [250], 'noises': [0.01, 0.001, 0.0001, 1e-05, 0.0], 'dmrg_sweeps': 20, 'cutoff': -1.0, 'te_type': 'rk4', 'time_step': 0.1, 'tupdate': 0.5, 'Nupdates': 24}
TwoSdz_ladder =
 [ 1 -1]
four_Sdz = 
 [[ 0.5  0.   0.   0.   0.   0.   0.   0. ]
 [ 0.  -0.5  0.  -0.   0.  -0.   0.  -0. ]
 [ 0.   0.   0.5  0.   0.   0.   0.   0. ]
 [ 0.  -0.   0.  -0.5  0.  -0.   0.  -0. ]
 [ 0.   0.   0.   0.   0.5  0.   0.   0. ]
 [ 0.  -0.   0.  -0.   0.  -0.5  0.  -0. ]
 [ 0.   0.   0.   0.   0.   0.   0.5  0. ]
 [ 0.  -0.   0.  -0.   0.  -0.   0.  -0.5]]
four_Sdminus = 
 [[0. 0. 0. 0. 0. 0. 0. 0.]
 [1. 0. 0. 0. 0. 0. 0. 0.]
 [0. 0. 0. 0. 0. 0. 0. 0.]
 [0. 0. 1. 0. 0. 0. 0. 0.]
 [0. 0. 0. 0. 0. 0. 0. 0.]
 [0. 0. 0. 0. 1. 0. 0. 0.]
 [0. 0. 0. 0. 0. 0. 0. 0.]
 [0. 0. 0. 0. 0. 0. 1. 0.]]
four_Sdplus = 
 [[0. 1. 0. 0. 0. 0. 0. 0.]
 [0. 0. 0. 0. 0. 0. 0. 0.]
 [0. 0. 0. 1. 0. 0. 0. 0.]
 [0. 0. 0. 0. 0. 0. 0. 0.]
 [0. 0. 0. 0. 0. 1. 0. 0.]
 [0. 0. 0. 0. 0. 0. 0. 0.]
 [0. 0. 0. 0. 0. 0. 0. 1.]
 [0. 0. 0. 0. 0. 0. 0. 0.]]
>>> (0, 1, 0)
>>> (0, -1, 0)
>>> (1, 2, 0)
>>> (1, 0, 0)
>>> (1, -2, 0)
>>> (2, 1, 0)
>>> (2, -1, 0)
>>> (0, 1, 0)
>>> (0, -1, 0)
>>> (1, 2, 0)
>>> (1, 0, 0)
>>> (1, -2, 0)
>>> (2, 1, 0)
>>> (2, -1, 0)
>>> (0, 1, 0)
>>> (0, -1, 0)
>>> (1, 2, 0)
>>> (1, 0, 0)
>>> (1, -2, 0)
>>> (2, 1, 0)
>>> (2, -1, 0)
>>> (0, 1, 0)
>>> (0, -1, 0)
>>> (1, 2, 0)
>>> (1, 0, 0)
>>> (1, -2, 0)
>>> (2, 1, 0)
>>> (2, -1, 0)
>>> (0, 1, 0)
>>> (0, -1, 0)
>>> (1, 2, 0)
>>> (1, 0, 0)
>>> (1, -2, 0)
>>> (2, 1, 0)
>>> (2, -1, 0)

 ######################################## 
Constructed builder
 ######################################## 

Environment initialization | Nsites =    25 | Center =     0
 INIT-R <-- Site =   22 ..  Bmem =   256 B Rmem =   256 B T = 0.53
 INIT-R <-- Site =   21 ..  Bmem = 3.19 KB Rmem = 3.19 KB T = 0.06
 INIT-R <-- Site =   20 ..  Bmem = 37.5 KB Rmem = 37.5 KB T = 0.00
 INIT-R <-- Site =   19 ..  Bmem =  475 KB Rmem =  188 KB T = 0.09
 INIT-R <-- Site =   18 ..  Bmem = 2.45 MB Rmem =  152 KB T = 0.02
 INIT-R <-- Site =   17 ..  Bmem = 10.2 MB Rmem =  170 KB T = 0.06
 INIT-R <-- Site =   16 ..  Bmem = 8.91 MB Rmem =  143 KB T = 0.07
 INIT-R <-- Site =   15 ..  Bmem = 7.82 MB Rmem =  131 KB T = 0.05
 INIT-R <-- Site =   14 ..  Bmem = 7.27 MB Rmem =  120 KB T = 0.06
 INIT-R <-- Site =   13 ..  Bmem = 4.81 MB Rmem = 85.0 KB T = 0.05
 INIT-R <-- Site =   12 ..  Bmem = 1.26 MB Rmem = 85.6 KB T = 0.03
 INIT-R <-- Site =   11 ..  Bmem = 1.27 MB Rmem = 84.4 KB T = 0.04
 INIT-R <-- Site =   10 ..  Bmem = 1.26 MB Rmem = 83.3 KB T = 0.03
 INIT-R <-- Site =    9 ..  Bmem = 1.25 MB Rmem = 88.0 KB T = 0.03
 INIT-R <-- Site =    8 ..  Bmem = 1.32 MB Rmem = 92.1 KB T = 0.04
 INIT-R <-- Site =    7 ..  Bmem = 1.38 MB Rmem = 94.1 KB T = 0.04
 INIT-R <-- Site =    6 ..  Bmem = 1.42 MB Rmem = 74.6 KB T = 0.04
 INIT-R <-- Site =    5 ..  Bmem = 1.13 MB Rmem = 90.3 KB T = 0.06
 INIT-R <-- Site =    4 ..  Bmem = 1.37 MB Rmem = 63.5 KB T = 0.06
 INIT-R <-- Site =    3 ..  Bmem =  988 KB Rmem = 69.0 KB T = 0.06
 INIT-R <-- Site =    2 ..  Bmem = 1.05 MB Rmem = 74.8 KB T = 0.03
 INIT-R <-- Site =    1 ..  Bmem = 1.14 MB Rmem = 80.7 KB T = 0.05
 INIT-R <-- Site =    0 ..  Bmem = 1.23 MB Rmem = 86.9 KB T = 0.05
Time init sweep =        1.561 | MaxBmem = 10.2 MB | MaxRmem =  170 KB
 | Tread = 0.000 | Twrite = 0.624 | Tfpread = 0.000 | Tfpwrite = 0.423 | data = 2.05 MB | cpsd = 1.41 MB | Tasync = 0.000


Sweep =    0 | Direction =  forward | Bond dimension =  150 | Noise =  1.00e-02 | Dav threshold =  1.00e-06
 --> Site =    0-   1 .. Mmps =    4 Ndav =  12 E =   -252.3578482458 Error = 0.00e+00 FLOPS = 5.08e+03 Tdav = 0.76 T = 1.13
 --> Site =    1-   2 .. Mmps =   16 Ndav =   6 E =   -384.0476094421 Error = 0.00e+00 FLOPS = 2.07e+05 Tdav = 0.06 T = 0.12
 --> Site =    2-   3 .. Mmps =   63 Ndav =   5 E =   -508.1195828493 Error = 0.00e+00 FLOPS = 3.46e+07 Tdav = 0.00 T = 0.08
 --> Site =    3-   4 .. Mmps =  150 Ndav =   4 E =   -550.1014440402 Error = 1.43e-39 FLOPS = 1.96e+08 Tdav = 0.00 T = 0.28
 --> Site =    4-   5 .. Mmps =  150 Ndav =   3 E =   -550.1166670481 Error = 6.90e-40 FLOPS = 1.70e+08 Tdav = 0.00 T = 0.27
 --> Site =    5-   6 .. Mmps =  150 Ndav =   2 E =   -550.1166712979 Error = 1.38e-40 FLOPS = 1.45e+08 Tdav = 0.00 T = 0.14
 --> Site =    6-   7 .. Mmps =  150 Ndav =   1 E =   -550.1166712979 Error = 7.90e-46 FLOPS = 1.65e+08 Tdav = 0.00 T = 0.56
 --> Site =    7-   8 .. Mmps =  150 Ndav =   1 E =   -550.1166712979 Error = 4.43e-50 FLOPS = 1.15e+08 Tdav = 0.00 T = 1.65
 --> Site =    8-   9 .. Mmps =  150 Ndav =   1 E =   -550.1166712979 Error = 1.28e-49 FLOPS = 2.12e+08 Tdav = 0.00 T = 0.72
 --> Site =    9-  10 .. Mmps =  150 Ndav =   1 E =   -550.1166712979 Error = 1.39e-51 FLOPS = 2.08e+08 Tdav = 0.00 T = 2.64
 --> Site =   10-  11 .. Mmps =  150 Ndav =   1 E =   -550.1166712979 Error = 2.77e-52 FLOPS = 1.19e+08 Tdav = 0.00 T = 0.33
 --> Site =   11-  12 .. Mmps =  150 Ndav =   1 E =   -550.1166712979 Error = 1.94e-53 FLOPS = 2.49e+08 Tdav = 0.00 T = 0.05
 --> Site =   12-  13 .. Mmps =  150 Ndav =   1 E =   -550.1166712979 Error = 2.73e-53 FLOPS = 1.43e+08 Tdav = 0.00 T = 0.04
 --> Site =   13-  14 .. Mmps =  150 Ndav =   1 E =   -550.1166712979 Error = 2.72e-53 FLOPS = 2.39e+08 Tdav = 0.00 T = 0.07
 --> Site =   14-  15 .. Mmps =  150 Ndav =   1 E =   -550.1166712979 Error = 6.62e-55 FLOPS = 1.68e+08 Tdav = 0.00 T = 0.08
 --> Site =   15-  16 .. Mmps =  150 Ndav =   1 E =   -550.1166712979 Error = 6.17e-40 FLOPS = 1.69e+08 Tdav = 0.01 T = 0.11
 --> Site =   16-  17 .. Mmps =  150 Ndav =   1 E =   -550.1166712979 Error = 7.31e-37 FLOPS = 1.47e+08 Tdav = 0.01 T = 0.28
 --> Site =   17-  18 .. Mmps =  150 Ndav =   1 E =   -550.1166712979 Error = 1.54e-37 FLOPS = 1.33e+08 Tdav = 0.01 T = 0.68
 --> Site =   18-  19 .. Mmps =  150 Ndav =   1 E =   -550.1166712979 Error = 1.81e-40 FLOPS = 1.41e+08 Tdav = 0.01 T = 0.27
 --> Site =   19-  20 .. Mmps =  150 Ndav =   1 E =   -550.1166712979 Error = 1.02e-44 FLOPS = 1.09e+08 Tdav = 0.01 T = 0.21
 --> Site =   20-  21 .. Mmps =  150 Ndav =   1 E =   -550.1166712979 Error = 2.99e-44 FLOPS = 2.26e+08 Tdav = 0.00 T = 0.15
 --> Site =   21-  22 .. Mmps =  150 Ndav =   1 E =   -550.1166712979 Error = 4.95e-45 FLOPS = 3.60e+08 Tdav = 0.00 T = 0.06
 --> Site =   22-  23 .. Mmps =  150 Ndav =   1 E =   -550.1166712979 Error = 1.44e-48 FLOPS = 1.42e+08 Tdav = 0.00 T = 0.09
 --> Site =   23-  24 .. Mmps =  150 Ndav =   1 E =   -550.1166712979 Error = 0.00e+00 FLOPS = 7.56e+07 Tdav = 0.00 T = 0.10
Time elapsed =     10.141 | E =    -550.1166712979 | DW = 7.31e-37
Time sweep =       10.141 | 8.08 MFLOP/SWP
 | Dmem = 432 KB (25%) | Imem = 598 KB (87%) | Hmem = 20.3 MB | Wmem = 56.1 KB | Pmem = 338 KB
 | Tread = 1.705 | Twrite = 4.258 | Tfpread = 0.217 | Tfpwrite = 4.208 | Tmporead = 0.000 | Tasync = 0.000
 | data = 4.63 MB | cpsd = 1.47 MB
 | Trot = 0.110 | Tctr = 0.086 | Tint = 0.010 | Tmid = 0.000 | Tdctr = 0.542 | Tdiag = 0.251 | Tinfo = 0.036
 | Teff = 2.345 | Tprt = 0.098 | Teig = 0.868 | Tblk = 5.283 | Tmve = 4.814 | Tdm = 0.008 | Tsplt = 0.704 | Tsvd = 0.000 | Torth = 0.009

Sweep =    1 | Direction = backward | Bond dimension =  150 | Noise =  1.00e-03 | Dav threshold =  1.00e-06
 <-- Site =   23-  24 .. Mmps =    4 Ndav =   1 E =   -550.1166712979 Error = 0.00e+00 FLOPS = 8.08e+07 Tdav = 0.00 T = 0.05
 <-- Site =   22-  23 .. Mmps =   16 Ndav =   1 E =   -550.1166712979 Error = 0.00e+00 FLOPS = 1.35e+08 Tdav = 0.00 T = 0.04
 <-- Site =   21-  22 .. Mmps =   57 Ndav =   1 E =   -550.1166712979 Error = 0.00e+00 FLOPS = 2.01e+08 Tdav = 0.00 T = 0.02
 <-- Site =   20-  21 .. Mmps =  150 Ndav =   1 E =   -550.1166712979 Error = 1.27e-56 FLOPS = 2.50e+08 Tdav = 0.00 T = 0.03
 <-- Site =   19-  20 .. Mmps =  150 Ndav =   1 E =   -550.1166712979 Error = 1.71e-46 FLOPS = 1.43e+08 Tdav = 0.01 T = 0.14
 <-- Site =   18-  19 .. Mmps =  150 Ndav =   1 E =   -550.1166712979 Error = 1.15e-38 FLOPS = 2.86e+08 Tdav = 0.02 T = 0.23
 <-- Site =   17-  18 .. Mmps =  150 Ndav =   1 E =   -550.1166712979 Error = 7.87e-37 FLOPS = 2.91e+08 Tdav = 0.03 T = 0.16
 <-- Site =   16-  17 .. Mmps =  150 Ndav =   1 E =   -550.1166712979 Error = 2.57e-35 FLOPS = 3.19e+08 Tdav = 0.03 T = 0.17
 <-- Site =   15-  16 .. Mmps =  150 Ndav =   1 E =   -550.1166712979 Error = 2.63e-31 FLOPS = 3.85e+08 Tdav = 0.05 T = 0.24
 <-- Site =   14-  15 .. Mmps =  150 Ndav =   1 E =   -550.1166712979 Error = 2.92e-31 FLOPS = 4.54e+08 Tdav = 0.01 T = 0.12
 <-- Site =   13-  14 .. Mmps =  150 Ndav =   1 E =   -550.1166712979 Error = 2.73e-30 FLOPS = 9.48e+08 Tdav = 0.00 T = 0.08
 <-- Site =   12-  13 .. Mmps =  150 Ndav =   1 E =   -550.1166712979 Error = 1.30e-28 FLOPS = 9.47e+08 Tdav = 0.00 T = 0.07
 <-- Site =   11-  12 .. Mmps =  150 Ndav =   1 E =   -550.1166712979 Error = 4.11e-28 FLOPS = 8.79e+08 Tdav = 0.00 T = 0.08
 <-- Site =   10-  11 .. Mmps =  150 Ndav =   1 E =   -550.1166712979 Error = 6.18e-28 FLOPS = 8.61e+08 Tdav = 0.00 T = 0.08
 <-- Site =    9-  10 .. Mmps =  150 Ndav =   1 E =   -550.1166712979 Error = 9.05e-28 FLOPS = 8.08e+08 Tdav = 0.00 T = 0.08
 <-- Site =    8-   9 .. Mmps =  150 Ndav =   1 E =   -550.1166712979 Error = 1.30e-27 FLOPS = 8.52e+08 Tdav = 0.00 T = 0.07
 <-- Site =    7-   8 .. Mmps =  150 Ndav =   1 E =   -550.1166712979 Error = 1.45e-27 FLOPS = 9.12e+08 Tdav = 0.00 T = 0.09
 <-- Site =    6-   7 .. Mmps =  150 Ndav =   1 E =   -550.1166712979 Error = 8.98e-28 FLOPS = 8.24e+08 Tdav = 0.00 T = 0.09
 <-- Site =    5-   6 .. Mmps =  150 Ndav =   1 E =   -550.1166712979 Error = 4.71e-28 FLOPS = 5.13e+08 Tdav = 0.01 T = 0.12
 <-- Site =    4-   5 .. Mmps =  150 Ndav =   1 E =   -550.1166712979 Error = 2.32e-28 FLOPS = 1.04e+09 Tdav = 0.00 T = 0.09
 <-- Site =    3-   4 .. Mmps =  150 Ndav =   1 E =   -550.1166712979 Error = 1.23e-28 FLOPS = 7.83e+08 Tdav = 0.00 T = 0.08
 <-- Site =    2-   3 .. Mmps =  150 Ndav =   1 E =   -550.1166712979 Error = 1.25e-30 FLOPS = 2.81e+08 Tdav = 0.00 T = 0.09
 <-- Site =    1-   2 .. Mmps =  150 Ndav =   1 E =   -550.1166712979 Error = 7.70e-37 FLOPS = 1.99e+08 Tdav = 0.00 T = 0.10
 <-- Site =    0-   1 .. Mmps =  150 Ndav =   1 E =   -550.1166712979 Error = 9.21e-52 FLOPS = 1.80e+08 Tdav = 0.00 T = 0.11
Time elapsed =     12.594 | E =    -550.1166712979 | DE = -6.82e-13 | DW = 1.45e-27
Time sweep =        2.454 | 83.8 MFLOP/SWP
 | Dmem = 923 KB (65%) | Imem = 60.1 KB (96%) | Hmem = 24.6 MB | Wmem = 301 KB | Pmem = 2.24 MB
 | Tread = 0.021 | Twrite = 0.735 | Tfpread = 0.008 | Tfpwrite = 0.703 | Tmporead = 0.000 | Tasync = 0.000
 | data = 4.84 MB | cpsd = 1.69 MB
 | Trot = 0.199 | Tctr = 0.013 | Tint = 0.019 | Tmid = 0.000 | Tdctr = 0.002 | Tdiag = 0.098 | Tinfo = 0.033
 | Teff = 0.321 | Tprt = 0.154 | Teig = 0.210 | Tblk = 1.409 | Tmve = 1.017 | Tdm = 0.033 | Tsplt = 0.429 | Tsvd = 0.000 | Torth = 0.000

Sweep =    2 | Direction =  forward | Bond dimension =  150 | Noise =  1.00e-04 | Dav threshold =  1.00e-06
 --> Site =    0-   1 .. Mmps =    4 Ndav =   1 E =   -550.1166712979 Error = 0.00e+00 FLOPS = 2.31e+08 Tdav = 0.00 T = 0.01
 --> Site =    1-   2 .. Mmps =   16 Ndav =   1 E =   -550.1166712979 Error = 0.00e+00 FLOPS = 2.71e+08 Tdav = 0.00 T = 0.02
 --> Site =    2-   3 .. Mmps =   56 Ndav =   1 E =   -550.1166712979 Error = 0.00e+00 FLOPS = 3.23e+08 Tdav = 0.00 T = 0.02
 --> Site =    3-   4 .. Mmps =  150 Ndav =   1 E =   -550.1166712979 Error = 4.05e-40 FLOPS = 4.09e+08 Tdav = 0.00 T = 0.03
 --> Site =    4-   5 .. Mmps =  150 Ndav =   1 E =   -550.1166712979 Error = 2.18e-30 FLOPS = 9.88e+08 Tdav = 0.01 T = 0.12
 --> Site =    5-   6 .. Mmps =  150 Ndav =   1 E =   -550.1166712979 Error = 1.23e-28 FLOPS = 4.76e+08 Tdav = 0.01 T = 0.17
 --> Site =    6-   7 .. Mmps =  150 Ndav =   1 E =   -550.1166712979 Error = 5.44e-28 FLOPS = 9.97e+08 Tdav = 0.00 T = 0.06
 --> Site =    7-   8 .. Mmps =  150 Ndav =   1 E =   -550.1166712979 Error = 1.99e-27 FLOPS = 7.75e+08 Tdav = 0.00 T = 0.07
 --> Site =    8-   9 .. Mmps =  150 Ndav =   1 E =   -550.1166712979 Error = 2.18e-27 FLOPS = 8.08e+08 Tdav = 0.00 T = 0.07
 --> Site =    9-  10 .. Mmps =  150 Ndav =   1 E =   -550.1166712979 Error = 2.07e-27 FLOPS = 8.49e+08 Tdav = 0.00 T = 0.06
 --> Site =   10-  11 .. Mmps =  150 Ndav =   1 E =   -550.1166712979 Error = 1.99e-27 FLOPS = 8.17e+08 Tdav = 0.00 T = 0.08
 --> Site =   11-  12 .. Mmps =  150 Ndav =   1 E =   -550.1166712979 Error = 1.05e-27 FLOPS = 9.26e+08 Tdav = 0.00 T = 0.08
 --> Site =   12-  13 .. Mmps =  150 Ndav =   1 E =   -550.1166712979 Error = 1.14e-27 FLOPS = 8.97e+08 Tdav = 0.00 T = 0.09
 --> Site =   13-  14 .. Mmps =  150 Ndav =   1 E =   -550.1166712979 Error = 8.15e-28 FLOPS = 7.54e+08 Tdav = 0.01 T = 0.87
 --> Site =   14-  15 .. Mmps =  150 Ndav =   1 E =   -550.1166712979 Error = 3.62e-28 FLOPS = 9.46e+08 Tdav = 0.01 T = 1.39
 --> Site =   15-  16 .. Mmps =  150 Ndav =   1 E =   -550.1166712979 Error = 2.91e-26 FLOPS = 5.13e+08 Tdav = 0.05 T = 1.05
 --> Site =   16-  17 .. Mmps =  150 Ndav =   1 E =   -550.1166712979 Error = 1.45e-28 FLOPS = 3.79e+08 Tdav = 0.04 T = 0.32
 --> Site =   17-  18 .. Mmps =  150 Ndav =   1 E =   -550.1166712979 Error = 4.46e-31 FLOPS = 5.93e+08 Tdav = 0.01 T = 0.21
 --> Site =   18-  19 .. Mmps =  150 Ndav =   1 E =   -550.1166712979 Error = 4.34e-33 FLOPS = 5.52e+08 Tdav = 0.00 T = 0.32
 --> Site =   19-  20 .. Mmps =  150 Ndav =   1 E =   -550.1166712979 Error = 6.35e-41 FLOPS = 4.40e+07 Tdav = 0.02 T = 0.19
 --> Site =   20-  21 .. Mmps =  150 Ndav =   1 E =   -550.1166712979 Error = 1.74e-44 FLOPS = 2.70e+08 Tdav = 0.00 T = 0.14
 --> Site =   21-  22 .. Mmps =  150 Ndav =   1 E =   -550.1166712979 Error = 4.71e-49 FLOPS = 2.37e+08 Tdav = 0.00 T = 0.11
 --> Site =   22-  23 .. Mmps =  150 Ndav =   1 E =   -550.1166712979 Error = 9.19e-61 FLOPS = 1.77e+08 Tdav = 0.00 T = 1.07
 --> Site =   23-  24 .. Mmps =  150 Ndav =   1 E =   -550.1166712979 Error = 0.00e+00 FLOPS = 9.58e+07 Tdav = 0.00 T = 0.35
Time elapsed =     19.508 | E =    -550.1166712979 | DE = 1.14e-13 | DW = 2.91e-26
Time sweep =        6.914 | 94.0 MFLOP/SWP
 | Dmem = 1.18 MB (59%) | Imem = 52.7 KB (96%) | Hmem = 26.1 MB | Wmem = 363 KB | Pmem = 2.68 MB
 | Tread = 0.632 | Twrite = 3.061 | Tfpread = 0.267 | Tfpwrite = 2.526 | Tmporead = 0.000 | Tasync = 0.000
 | data = 5.38 MB | cpsd = 1.78 MB
 | Trot = 0.155 | Tctr = 0.100 | Tint = 0.017 | Tmid = 0.000 | Tdctr = 0.301 | Tdiag = 0.084 | Tinfo = 0.048
 | Teff = 0.881 | Tprt = 0.119 | Teig = 0.186 | Tblk = 3.508 | Tmve = 3.404 | Tdm = 0.028 | Tsplt = 0.420 | Tsvd = 0.000 | Torth = 0.000

Sweep =    3 | Direction = backward | Bond dimension =  200 | Noise =  1.00e-05 | Dav threshold =  1.00e-06
 <-- Site =   23-  24 .. Mmps =    4 Ndav =   1 E =   -550.1166712979 Error = 0.00e+00 FLOPS = 1.28e+08 Tdav = 0.00 T = 0.01
 <-- Site =   22-  23 .. Mmps =   11 Ndav =   1 E =   -550.1166712979 Error = 0.00e+00 FLOPS = 2.04e+08 Tdav = 0.00 T = 0.02
 <-- Site =   21-  22 .. Mmps =   22 Ndav =   1 E =   -550.1166712979 Error = 0.00e+00 FLOPS = 2.42e+08 Tdav = 0.00 T = 0.02
 <-- Site =   20-  21 .. Mmps =   37 Ndav =   1 E =   -550.1166712979 Error = 0.00e+00 FLOPS = 3.18e+08 Tdav = 0.00 T = 0.02
 <-- Site =   19-  20 .. Mmps =   56 Ndav =   1 E =   -550.1166712979 Error = 0.00e+00 FLOPS = 3.47e+08 Tdav = 0.00 T = 0.03
 <-- Site =   18-  19 .. Mmps =  158 Ndav =   1 E =   -550.1166712979 Error = 0.00e+00 FLOPS = 5.55e+08 Tdav = 0.00 T = 0.05
 <-- Site =   17-  18 .. Mmps =  200 Ndav =   1 E =   -550.1166712979 Error = 1.44e-38 FLOPS = 4.92e+08 Tdav = 0.03 T = 0.16
 <-- Site =   16-  17 .. Mmps =  200 Ndav =   1 E =   -550.1166712979 Error = 6.62e-36 FLOPS = 4.67e+08 Tdav = 0.05 T = 0.28
 <-- Site =   15-  16 .. Mmps =  200 Ndav =   1 E =   -550.1166712979 Error = 3.25e-32 FLOPS = 5.17e+08 Tdav = 0.09 T = 0.33
 <-- Site =   14-  15 .. Mmps =  200 Ndav =   1 E =   -550.1166712979 Error = 2.87e-32 FLOPS = 5.36e+08 Tdav = 0.03 T = 0.17
 <-- Site =   13-  14 .. Mmps =  200 Ndav =   1 E =   -550.1166712979 Error = 5.24e-31 FLOPS = 5.87e+08 Tdav = 0.01 T = 0.10
 <-- Site =   12-  13 .. Mmps =  200 Ndav =   1 E =   -550.1166712979 Error = 1.12e-29 FLOPS = 8.34e+08 Tdav = 0.01 T = 0.11
 <-- Site =   11-  12 .. Mmps =  200 Ndav =   1 E =   -550.1166712979 Error = 4.51e-29 FLOPS = 8.07e+08 Tdav = 0.01 T = 0.12
 <-- Site =   10-  11 .. Mmps =  200 Ndav =   1 E =   -550.1166712979 Error = 6.44e-29 FLOPS = 7.80e+08 Tdav = 0.01 T = 0.15
 <-- Site =    9-  10 .. Mmps =  200 Ndav =   1 E =   -550.1166712979 Error = 1.05e-28 FLOPS = 7.39e+08 Tdav = 0.01 T = 0.25
 <-- Site =    8-   9 .. Mmps =  200 Ndav =   1 E =   -550.1166712979 Error = 1.95e-28 FLOPS = 7.84e+08 Tdav = 0.01 T = 0.19
 <-- Site =    7-   8 .. Mmps =  200 Ndav =   1 E =   -550.1166712979 Error = 1.98e-28 FLOPS = 6.13e+08 Tdav = 0.01 T = 0.09
 <-- Site =    6-   7 .. Mmps =  200 Ndav =   1 E =   -550.1166712979 Error = 2.10e-28 FLOPS = 5.26e+08 Tdav = 0.01 T = 0.10
 <-- Site =    5-   6 .. Mmps =  200 Ndav =   1 E =   -550.1166712979 Error = 1.94e-28 FLOPS = 6.55e+08 Tdav = 0.01 T = 0.10
 <-- Site =    4-   5 .. Mmps =  200 Ndav =   1 E =   -550.1166712979 Error = 8.75e-29 FLOPS = 6.59e+08 Tdav = 0.02 T = 0.14
 <-- Site =    3-   4 .. Mmps =  200 Ndav =   1 E =   -550.1166712979 Error = 1.49e-29 FLOPS = 7.15e+08 Tdav = 0.00 T = 0.08
 <-- Site =    2-   3 .. Mmps =  200 Ndav =   1 E =   -550.1166712979 Error = 1.02e-32 FLOPS = 6.38e+08 Tdav = 0.00 T = 0.09
 <-- Site =    1-   2 .. Mmps =  200 Ndav =   1 E =   -550.1166712979 Error = 6.67e-40 FLOPS = 3.08e+08 Tdav = 0.00 T = 0.10
 <-- Site =    0-   1 .. Mmps =  200 Ndav =   1 E =   -550.1166712979 Error = 1.56e-53 FLOPS = 9.23e+06 Tdav = 0.02 T = 0.11
Time elapsed =     22.342 | E =    -550.1166712979 | DE = 0.00e+00 | DW = 2.10e-28
Time sweep =        2.834 | 170 MFLOP/SWP
 | Dmem = 1.72 MB (58%) | Imem = 49.4 KB (96%) | Hmem = 36.9 MB | Wmem = 515 KB | Pmem = 3.81 MB
 | Tread = 0.019 | Twrite = 0.709 | Tfpread = 0.009 | Tfpwrite = 0.695 | Tmporead = 0.000 | Tasync = 0.000
 | data = 8.46 MB | cpsd = 2.94 MB
 | Trot = 0.297 | Tctr = 0.075 | Tint = 0.015 | Tmid = 0.000 | Tdctr = 0.002 | Tdiag = 0.027 | Tinfo = 0.032
 | Teff = 0.241 | Tprt = 0.174 | Teig = 0.337 | Tblk = 1.692 | Tmve = 1.141 | Tdm = 0.097 | Tsplt = 0.592 | Tsvd = 0.000 | Torth = 0.000

Sweep =    4 | Direction =  forward | Bond dimension =  200 | Noise =  0.00e+00 | Dav threshold =  1.00e-07
 --> Site =    0-   1 .. Mmps =    4 Ndav =   2 E =   -550.1166713014 Error = 0.00e+00 FLOPS = 3.46e+08 Tdav = 0.00 T = 0.01
 --> Site =    1-   2 .. Mmps =   16 Ndav =   1 E =   -550.1166713014 Error = 0.00e+00 FLOPS = 2.96e+08 Tdav = 0.00 T = 0.02
 --> Site =    2-   3 .. Mmps =   56 Ndav =   1 E =   -550.1166713014 Error = 0.00e+00 FLOPS = 4.25e+08 Tdav = 0.00 T = 0.02
 --> Site =    3-   4 .. Mmps =  200 Ndav =   1 E =   -550.1166713014 Error = 0.00e+00 FLOPS = 4.84e+08 Tdav = 0.01 T = 0.04
 --> Site =    4-   5 .. Mmps =  200 Ndav =   1 E =   -550.1166713014 Error = 1.42e-33 FLOPS = 6.07e+08 Tdav = 0.02 T = 0.10
 --> Site =    5-   6 .. Mmps =  200 Ndav =   1 E =   -550.1166713014 Error = 6.08e-30 FLOPS = 5.32e+08 Tdav = 0.03 T = 0.14
 --> Site =    6-   7 .. Mmps =  200 Ndav =   1 E =   -550.1166713014 Error = 1.42e-28 FLOPS = 6.99e+08 Tdav = 0.02 T = 0.15
 --> Site =    7-   8 .. Mmps =  200 Ndav =   1 E =   -550.1166713014 Error = 3.55e-28 FLOPS = 4.98e+08 Tdav = 0.02 T = 0.11
 --> Site =    8-   9 .. Mmps =  200 Ndav =   1 E =   -550.1166713014 Error = 1.08e-27 FLOPS = 6.01e+08 Tdav = 0.02 T = 0.11
 --> Site =    9-  10 .. Mmps =  200 Ndav =   1 E =   -550.1166713014 Error = 1.09e-27 FLOPS = 5.07e+08 Tdav = 0.02 T = 0.11
 --> Site =   10-  11 .. Mmps =  200 Ndav =   1 E =   -550.1166713014 Error = 1.08e-27 FLOPS = 5.48e+08 Tdav = 0.02 T = 0.11
 --> Site =   11-  12 .. Mmps =  200 Ndav =   1 E =   -550.1166713014 Error = 4.91e-28 FLOPS = 5.38e+08 Tdav = 0.02 T = 0.12
 --> Site =   12-  13 .. Mmps =  200 Ndav =   1 E =   -550.1166713014 Error = 1.83e-28 FLOPS = 4.81e+08 Tdav = 0.02 T = 0.12
 --> Site =   13-  14 .. Mmps =  200 Ndav =   1 E =   -550.1166713014 Error = 1.45e-29 FLOPS = 4.92e+08 Tdav = 0.02 T = 0.14
 --> Site =   14-  15 .. Mmps =  200 Ndav =   1 E =   -550.1166713014 Error = 4.83e-32 FLOPS = 4.77e+08 Tdav = 0.04 T = 0.14
 --> Site =   15-  16 .. Mmps =  200 Ndav =   1 E =   -550.1166713014 Error = 2.52e-32 FLOPS = 4.87e+08 Tdav = 0.10 T = 0.30
 --> Site =   16-  17 .. Mmps =  200 Ndav =   1 E =   -550.1166713014 Error = 4.54e-34 FLOPS = 5.20e+08 Tdav = 0.06 T = 0.26
 --> Site =   17-  18 .. Mmps =  200 Ndav =   1 E =   -550.1166713014 Error = 1.48e-36 FLOPS = 3.84e+08 Tdav = 0.04 T = 0.23
 --> Site =   18-  19 .. Mmps =  200 Ndav =   1 E =   -550.1166713014 Error = 1.15e-43 FLOPS = 3.22e+08 Tdav = 0.02 T = 0.20
 --> Site =   19-  20 .. Mmps =  200 Ndav =   1 E =   -550.1166713014 Error = 8.78e-48 FLOPS = 7.24e+08 Tdav = 0.00 T = 0.91
 --> Site =   20-  21 .. Mmps =  200 Ndav =   1 E =   -550.1166713014 Error = 3.04e-56 FLOPS = 3.42e+08 Tdav = 0.00 T = 0.14
 --> Site =   21-  22 .. Mmps =  200 Ndav =   1 E =   -550.1166713014 Error = 4.35e-72 FLOPS = 2.62e+08 Tdav = 0.00 T = 0.10
 --> Site =   22-  23 .. Mmps =  200 Ndav =   1 E =   -550.1166713014 Error = 0.00e+00 FLOPS = 2.33e+08 Tdav = 0.00 T = 0.12
 --> Site =   23-  24 .. Mmps =  200 Ndav =   1 E =   -550.1166713014 Error = 0.00e+00 FLOPS = 2.80e+08 Tdav = 0.00 T = 0.10
Time elapsed =     26.160 | E =    -550.1166713014 | DE = -3.45e-09 | DW = 1.09e-27
Time sweep =        3.817 | 233 MFLOP/SWP
 | Dmem = 1.83 MB (55%) | Imem = 44.0 KB (96%) | Hmem = 48.3 MB | Wmem = 519 KB | Pmem = 0 B
 | Tread = 0.079 | Twrite = 1.370 | Tfpread = 0.043 | Tfpwrite = 1.331 | Tmporead = 0.000 | Tasync = 0.000
 | data = 10.3 MB | cpsd = 3.46 MB
 | Trot = 0.316 | Tctr = 0.197 | Tint = 0.026 | Tmid = 0.000 | Tdctr = 0.044 | Tdiag = 0.055 | Tinfo = 0.033
 | Teff = 0.391 | Tprt = 0.000 | Teig = 0.489 | Tblk = 1.860 | Tmve = 1.955 | Tdm = 0.009 | Tsplt = 0.701 | Tsvd = 0.000 | Torth = 0.000

Ground state energy (DMRG) = -550.116671
>>> Init compute time = 44.19768452644348

Time = 0.00
Total energy = -550.116671-0.000000j
WF norm = 1.000000+0.000000j
<Sz d=15> = -0.500000+0.000000j
<Sz d=16> = -0.500000+0.000000j
<C[15, 16]> = 0.000000
TwoSdz_ladder =
 [ 1 -1]
four_Sdz = 
 [[ 0.5  0.   0.   0.   0.   0.   0.   0. ]
 [ 0.  -0.5  0.  -0.   0.  -0.   0.  -0. ]
 [ 0.   0.   0.5  0.   0.   0.   0.   0. ]
 [ 0.  -0.   0.  -0.5  0.  -0.   0.  -0. ]
 [ 0.   0.   0.   0.   0.5  0.   0.   0. ]
 [ 0.  -0.   0.  -0.   0.  -0.5  0.  -0. ]
 [ 0.   0.   0.   0.   0.   0.   0.5  0. ]
 [ 0.  -0.   0.  -0.   0.  -0.   0.  -0.5]]
four_Sdminus = 
 [[0. 0. 0. 0. 0. 0. 0. 0.]
 [1. 0. 0. 0. 0. 0. 0. 0.]
 [0. 0. 0. 0. 0. 0. 0. 0.]
 [0. 0. 1. 0. 0. 0. 0. 0.]
 [0. 0. 0. 0. 0. 0. 0. 0.]
 [0. 0. 0. 0. 1. 0. 0. 0.]
 [0. 0. 0. 0. 0. 0. 0. 0.]
 [0. 0. 0. 0. 0. 0. 1. 0.]]
four_Sdplus = 
 [[0. 1. 0. 0. 0. 0. 0. 0.]
 [0. 0. 0. 0. 0. 0. 0. 0.]
 [0. 0. 0. 1. 0. 0. 0. 0.]
 [0. 0. 0. 0. 0. 0. 0. 0.]
 [0. 0. 0. 0. 0. 1. 0. 0.]
 [0. 0. 0. 0. 0. 0. 0. 0.]
 [0. 0. 0. 0. 0. 0. 0. 1.]
 [0. 0. 0. 0. 0. 0. 0. 0.]]
>>> (0, 1, 0)
>>> (0, -1, 0)
>>> (1, 2, 0)
>>> (1, 0, 0)
>>> (1, -2, 0)
>>> (2, 1, 0)
>>> (2, -1, 0)
>>> (0, 1, 0)
>>> (0, -1, 0)
>>> (1, 2, 0)
>>> (1, 0, 0)
>>> (1, -2, 0)
>>> (2, 1, 0)
>>> (2, -1, 0)
>>> (0, 1, 0)
>>> (0, -1, 0)
>>> (1, 2, 0)
>>> (1, 0, 0)
>>> (1, -2, 0)
>>> (2, 1, 0)
>>> (2, -1, 0)
>>> (0, 1, 0)
>>> (0, -1, 0)
>>> (1, 2, 0)
>>> (1, 0, 0)
>>> (1, -2, 0)
>>> (2, 1, 0)
>>> (2, -1, 0)
>>> (0, 1, 0)
>>> (0, -1, 0)
>>> (1, 2, 0)
>>> (1, 0, 0)
>>> (1, -2, 0)
>>> (2, 1, 0)
>>> (2, -1, 0)

 ######################################## 
Constructed builder
 ######################################## 


Build MPO | Nsites =    25 | Nterms =        128 | Algorithm = FastBIP | Cutoff = 1.00e-14
 Site =     0 /    25 .. Mmpo =     5 DW = 0.00e+00 NNZ =        5 SPT = 0.0000 Tmvc = 0.000 T = 0.000
 Site =     1 /    25 .. Mmpo =     6 DW = 0.00e+00 NNZ =        9 SPT = 0.7000 Tmvc = 0.000 T = 0.000
 Site =     2 /    25 .. Mmpo =     6 DW = 0.00e+00 NNZ =       10 SPT = 0.7222 Tmvc = 0.000 T = 0.000
 Site =     3 /    25 .. Mmpo =     6 DW = 0.00e+00 NNZ =       10 SPT = 0.7222 Tmvc = 0.000 T = 0.000
 Site =     4 /    25 .. Mmpo =     6 DW = 0.00e+00 NNZ =       10 SPT = 0.7222 Tmvc = 0.000 T = 0.000
 Site =     5 /    25 .. Mmpo =     6 DW = 0.00e+00 NNZ =       10 SPT = 0.7222 Tmvc = 0.000 T = 0.000
 Site =     6 /    25 .. Mmpo =     6 DW = 0.00e+00 NNZ =       10 SPT = 0.7222 Tmvc = 0.000 T = 0.000
 Site =     7 /    25 .. Mmpo =     6 DW = 0.00e+00 NNZ =       10 SPT = 0.7222 Tmvc = 0.000 T = 0.000
 Site =     8 /    25 .. Mmpo =     6 DW = 0.00e+00 NNZ =       10 SPT = 0.7222 Tmvc = 0.000 T = 0.000
 Site =     9 /    25 .. Mmpo =     6 DW = 0.00e+00 NNZ =       10 SPT = 0.7222 Tmvc = 0.000 T = 0.000
 Site =    10 /    25 .. Mmpo =     6 DW = 0.00e+00 NNZ =       10 SPT = 0.7222 Tmvc = 0.000 T = 0.000
 Site =    11 /    25 .. Mmpo =     6 DW = 0.00e+00 NNZ =       10 SPT = 0.7222 Tmvc = 0.000 T = 0.000
 Site =    12 /    25 .. Mmpo =     6 DW = 0.00e+00 NNZ =       10 SPT = 0.7222 Tmvc = 0.000 T = 0.000
 Site =    13 /    25 .. Mmpo =     6 DW = 0.00e+00 NNZ =       10 SPT = 0.7222 Tmvc = 0.000 T = 0.000
 Site =    14 /    25 .. Mmpo =     6 DW = 0.00e+00 NNZ =       10 SPT = 0.7222 Tmvc = 0.000 T = 0.000
 Site =    15 /    25 .. Mmpo =     9 DW = 0.00e+00 NNZ =       14 SPT = 0.7407 Tmvc = 0.000 T = 0.001
 Site =    16 /    25 .. Mmpo =     9 DW = 0.00e+00 NNZ =       17 SPT = 0.7901 Tmvc = 0.000 T = 0.001
 Site =    17 /    25 .. Mmpo =     9 DW = 0.00e+00 NNZ =       17 SPT = 0.7901 Tmvc = 0.000 T = 0.001
 Site =    18 /    25 .. Mmpo =     9 DW = 0.00e+00 NNZ =       17 SPT = 0.7901 Tmvc = 0.000 T = 0.001
 Site =    19 /    25 .. Mmpo =     6 DW = 0.00e+00 NNZ =       14 SPT = 0.7407 Tmvc = 0.000 T = 0.001
 Site =    20 /    25 .. Mmpo =     6 DW = 0.00e+00 NNZ =       10 SPT = 0.7222 Tmvc = 0.000 T = 0.000
 Site =    21 /    25 .. Mmpo =     6 DW = 0.00e+00 NNZ =       10 SPT = 0.7222 Tmvc = 0.000 T = 0.000
 Site =    22 /    25 .. Mmpo =     6 DW = 0.00e+00 NNZ =       10 SPT = 0.7222 Tmvc = 0.000 T = 0.000
 Site =    23 /    25 .. Mmpo =     5 DW = 0.00e+00 NNZ =        9 SPT = 0.7000 Tmvc = 0.000 T = 0.000
 Site =    24 /    25 .. Mmpo =     1 DW = 0.00e+00 NNZ =        5 SPT = 0.0000 Tmvc = 0.000 T = 0.000
Ttotal =      0.010 Tmvc-total = 0.000 MPO bond dimension =     9 MaxDW = 0.00e+00
NNZ =          267 SIZE =          997 SPT = 0.7322

Rank =     0 Ttotal =      0.012 MPO method = FastBipartite bond dimension =       9 NNZ =          267 SIZE =          997 SPT = 0.7322


START TIME EVOLUTION (te_type = rk4)

 ************************************************** 


Time Evolution  DELTA T = RE      0.00000000 + IM      0.10000000
Time Evolution TARGET T = RE      0.00000000 + IM      0.50000000
Time Evolution   NSTEPS =          5
Environment initialization | Nsites =    25 | Center =    23
 INIT-L --> Site =    1 ..  Bmem =   256 B Rmem =   256 B T = 0.04
 INIT-L --> Site =    2 ..  Bmem = 3.19 KB Rmem = 3.19 KB T = 0.00
 INIT-L --> Site =    3 ..  Bmem = 37.5 KB Rmem = 34.2 KB T = 0.00
 INIT-L --> Site =    4 ..  Bmem =  413 KB Rmem =  379 KB T = 0.01
 INIT-L --> Site =    5 ..  Bmem = 4.61 MB Rmem =  490 KB T = 0.02
 INIT-L --> Site =    6 ..  Bmem = 5.52 MB Rmem =  460 KB T = 0.02
 INIT-L --> Site =    7 ..  Bmem = 5.21 MB Rmem =  438 KB T = 0.02
 INIT-L --> Site =    8 ..  Bmem = 4.99 MB Rmem =  423 KB T = 0.02
 INIT-L --> Site =    9 ..  Bmem = 4.85 MB Rmem =  409 KB T = 0.02
 INIT-L --> Site =   10 ..  Bmem = 4.74 MB Rmem =  407 KB T = 0.02
 INIT-L --> Site =   11 ..  Bmem = 4.71 MB Rmem =  409 KB T = 0.02
 INIT-L --> Site =   12 ..  Bmem = 4.71 MB Rmem =  410 KB T = 0.02
 INIT-L --> Site =   13 ..  Bmem = 4.72 MB Rmem =  409 KB T = 0.02
 INIT-L --> Site =   14 ..  Bmem = 4.70 MB Rmem =  418 KB T = 0.02
 INIT-L --> Site =   15 ..  Bmem = 4.74 MB Rmem =  452 KB T = 0.02
 INIT-L --> Site =   16 ..  Bmem = 25.6 MB Rmem =  623 KB T = 0.06
 INIT-L --> Site =   17 ..  Bmem = 24.6 MB Rmem =  686 KB T = 0.07
 INIT-L --> Site =   18 ..  Bmem = 25.9 MB Rmem =  656 KB T = 0.05
 INIT-L --> Site =   19 ..  Bmem = 25.6 MB Rmem =  661 KB T = 0.07
 INIT-L --> Site =   20 ..  Bmem = 18.3 MB Rmem =  590 KB T = 0.06
 INIT-L --> Site =   21 ..  Bmem = 6.34 MB Rmem =  649 KB T = 0.03
 INIT-L --> Site =   22 ..  Bmem = 6.71 MB Rmem =  733 KB T = 0.03
 INIT-L --> Site =   23 ..  Bmem = 7.20 MB Rmem =  834 KB T = 0.04
Time init sweep =        0.695 | MaxBmem = 25.9 MB | MaxRmem =  656 KB
 | Tread = 0.000 | Twrite = 0.098 | Tfpread = 0.000 | Tfpwrite = 0.038 | data = 10.3 MB | cpsd = 3.44 MB | Tasync = 0.000

Sweep =    0 ( 0/ 2) | Direction = backward | Beta = (0.00000,0.10000) | Bond dimension =  250 | Noise =  0.00e+00
 <-- Site =   23-  24 .. Mmps =    4 Nexpo =    4/   0 E = (0.0000000000,0.0000000000) Error = 0.00e+00 FLOPS = 1.16e+07 Texpo = 0.03 T = 0.12
 <-- Site =   22-  23 .. Mmps =   11 Nexpo =    4/   0 E = (0.0000000000,0.0000000000) Error = 0.00e+00 FLOPS = 5.62e+08 Texpo = 0.00 T = 0.04
 <-- Site =   21-  22 .. Mmps =   22 Nexpo =    4/   0 E = (0.0000000000,0.0000000000) Error = 0.00e+00 FLOPS = 6.44e+08 Texpo = 0.00 T = 0.02
 <-- Site =   20-  21 .. Mmps =   37 Nexpo =    4/   0 E = (0.0000000000,0.0000000000) Error = 0.00e+00 FLOPS = 9.18e+08 Texpo = 0.00 T = 0.02
 <-- Site =   19-  20 .. Mmps =   56 Nexpo =    4/   0 E = (0.0000000000,0.0000000000) Error = 0.00e+00 FLOPS = 9.51e+08 Texpo = 0.01 T = 0.05
 <-- Site =   18-  19 .. Mmps =  158 Nexpo =    4/   0 E = (0.0000000000,0.0000000000) Error = 0.00e+00 FLOPS = 1.58e+09 Texpo = 0.02 T = 0.07
 <-- Site =   17-  18 .. Mmps =  250 Nexpo =    4/   0 E = (0.0000000000,0.0000000000) Error = 1.13e-43 FLOPS = 1.85e+09 Texpo = 0.03 T = 0.13
 <-- Site =   16-  17 .. Mmps =  250 Nexpo =    4/   0 E = (0.0000000000,0.0000000000) Error = 6.85e-38 FLOPS = 2.14e+09 Texpo = 0.08 T = 0.39
 <-- Site =   15-  16 .. Mmps =  250 Nexpo =    4/   0 E = (0.0000000000,0.0000000000) Error = 1.42e-33 FLOPS = 2.44e+09 Texpo = 0.10 T = 0.38
 <-- Site =   14-  15 .. Mmps =  250 Nexpo =    4/   0 E = (0.0000000000,0.0000000000) Error = 7.19e-32 FLOPS = 2.08e+09 Texpo = 0.06 T = 0.28
 <-- Site =   13-  14 .. Mmps =  250 Nexpo =    4/   0 E = (0.0000000000,0.0000000000) Error = 1.94e-30 FLOPS = 2.01e+09 Texpo = 0.03 T = 0.21
 <-- Site =   12-  13 .. Mmps =  250 Nexpo =    4/   0 E = (0.0000000000,0.0000000000) Error = 1.92e-29 FLOPS = 2.03e+09 Texpo = 0.03 T = 0.19
 <-- Site =   11-  12 .. Mmps =  250 Nexpo =    4/   0 E = (0.0000000000,0.0000000000) Error = 1.22e-28 FLOPS = 2.13e+09 Texpo = 0.03 T = 0.20
 <-- Site =   10-  11 .. Mmps =  250 Nexpo =    4/   0 E = (0.0000000000,0.0000000000) Error = 2.37e-28 FLOPS = 1.89e+09 Texpo = 0.03 T = 0.19
 <-- Site =    9-  10 .. Mmps =  250 Nexpo =    4/   0 E = (0.0000000000,0.0000000000) Error = 3.62e-28 FLOPS = 2.06e+09 Texpo = 0.03 T = 0.18
 <-- Site =    8-   9 .. Mmps =  250 Nexpo =    4/   0 E = (0.0000000000,0.0000000000) Error = 4.94e-28 FLOPS = 1.93e+09 Texpo = 0.03 T = 0.20
 <-- Site =    7-   8 .. Mmps =  250 Nexpo =    4/   0 E = (0.0000000000,0.0000000000) Error = 5.27e-28 FLOPS = 2.02e+09 Texpo = 0.03 T = 0.22
 <-- Site =    6-   7 .. Mmps =  250 Nexpo =    4/   0 E = (0.0000000000,0.0000000000) Error = 2.90e-28 FLOPS = 2.12e+09 Texpo = 0.04 T = 0.67
 <-- Site =    5-   6 .. Mmps =  250 Nexpo =    4/   0 E = (0.0000000000,0.0000000000) Error = 1.81e-28 FLOPS = 2.23e+09 Texpo = 0.05 T = 0.24
 <-- Site =    4-   5 .. Mmps =  250 Nexpo =    4/   0 E = (0.0000000000,0.0000000000) Error = 5.53e-29 FLOPS = 2.01e+09 Texpo = 0.04 T = 0.16
 <-- Site =    3-   4 .. Mmps =  250 Nexpo =    4/   0 E = (0.0000000000,0.0000000000) Error = 9.96e-32 FLOPS = 2.46e+09 Texpo = 0.01 T = 0.11
 <-- Site =    2-   3 .. Mmps =  250 Nexpo =    4/   0 E = (0.0000000000,0.0000000000) Error = 4.38e-36 FLOPS = 1.41e+09 Texpo = 0.01 T = 0.10
 <-- Site =    1-   2 .. Mmps =  250 Nexpo =    4/   0 E = (0.0000000000,0.0000000000) Error = 2.15e-43 FLOPS = 1.12e+08 Texpo = 0.02 T = 0.14
 <-- Site =    0-   1 .. Mmps =  250 Nexpo =   22/   0 E = (-0.1333517014,0.0000000000) Error = 0.00e+00 FLOPS = 1.68e+07 Texpo = 0.24 T = 0.39
Time elapsed =      4.700 | E = (-0.1333517014,0.0000000000) | Norm^2 =       1.0000000000 | DW = 5.27e-28
Time sweep =        4.700 | 1.30 GFLOP/SWP
 | Tread = 0.027 | Twrite = 1.598 | Tfpread = 0.014 | Tfpwrite = 1.579 | data = 14.0 MB | cpsd = 7.90 MB | Tasync = 0.000
Sweep =    0 ( 1/ 2) | Direction =  forward | Beta = (0.00000,0.10000) | Bond dimension =  250 | Noise =  0.00e+00
 --> Site =    0-   1 .. Mmps =    4 Nexpo =    4/   0 E = (0.0000000000,0.0000000000) Error = 0.00e+00 FLOPS = 5.03e+08 Texpo = 0.00 T = 0.03
 --> Site =    1-   2 .. Mmps =   16 Nexpo =    4/   0 E = (0.0000000000,0.0000000000) Error = 0.00e+00 FLOPS = 9.99e+07 Texpo = 0.03 T = 0.05
 --> Site =    2-   3 .. Mmps =   63 Nexpo =    4/   0 E = (0.0000000000,0.0000000000) Error = 0.00e+00 FLOPS = 1.34e+09 Texpo = 0.01 T = 0.03
 --> Site =    3-   4 .. Mmps =  210 Nexpo =    4/   0 E = (0.0000000000,0.0000000000) Error = 0.00e+00 FLOPS = 1.98e+09 Texpo = 0.01 T = 0.05
 --> Site =    4-   5 .. Mmps =  250 Nexpo =    4/   0 E = (0.0000000000,0.0000000000) Error = 2.65e-31 FLOPS = 2.02e+09 Texpo = 0.04 T = 0.19
 --> Site =    5-   6 .. Mmps =  250 Nexpo =    4/   0 E = (0.0000000000,0.0000000000) Error = 1.76e-28 FLOPS = 2.08e+09 Texpo = 0.06 T = 0.23
 --> Site =    6-   7 .. Mmps =  250 Nexpo =    4/   0 E = (0.0000000000,0.0000000000) Error = 1.93e-27 FLOPS = 2.04e+09 Texpo = 0.05 T = 0.21
 --> Site =    7-   8 .. Mmps =  250 Nexpo =    4/   0 E = (0.0000000000,0.0000000000) Error = 5.02e-27 FLOPS = 1.98e+09 Texpo = 0.04 T = 0.22
 --> Site =    8-   9 .. Mmps =  250 Nexpo =    4/   0 E = (0.0000000000,0.0000000000) Error = 9.23e-27 FLOPS = 1.92e+09 Texpo = 0.04 T = 0.28
 --> Site =    9-  10 .. Mmps =  250 Nexpo =    4/   0 E = (0.0000000000,0.0000000000) Error = 1.08e-26 FLOPS = 1.93e+09 Texpo = 0.04 T = 0.29
 --> Site =   10-  11 .. Mmps =  250 Nexpo =    4/   0 E = (0.0000000000,0.0000000000) Error = 1.31e-26 FLOPS = 1.92e+09 Texpo = 0.03 T = 0.27
 --> Site =   11-  12 .. Mmps =  250 Nexpo =    4/   0 E = (0.0000000000,0.0000000000) Error = 7.71e-27 FLOPS = 1.79e+09 Texpo = 0.03 T = 0.28
 --> Site =   12-  13 .. Mmps =  250 Nexpo =    4/   0 E = (0.0000000000,0.0000000000) Error = 2.08e-27 FLOPS = 1.82e+09 Texpo = 0.03 T = 0.22
 --> Site =   13-  14 .. Mmps =  250 Nexpo =    4/   0 E = (0.0000000000,0.0000000000) Error = 3.89e-28 FLOPS = 1.82e+09 Texpo = 0.03 T = 0.13
 --> Site =   14-  15 .. Mmps =  250 Nexpo =    4/   0 E = (0.0000000000,0.0000000000) Error = 5.30e-29 FLOPS = 1.94e+09 Texpo = 0.06 T = 0.17
 --> Site =   15-  16 .. Mmps =  250 Nexpo =    4/   0 E = (0.0000000000,0.0000000000) Error = 1.22e-29 FLOPS = 2.22e+09 Texpo = 0.10 T = 0.28
 --> Site =   16-  17 .. Mmps =  250 Nexpo =    4/   0 E = (0.0000000000,0.0000000000) Error = 1.60e-30 FLOPS = 2.15e+09 Texpo = 0.05 T = 0.24
 --> Site =   17-  18 .. Mmps =  250 Nexpo =    4/   0 E = (0.0000000000,0.0000000000) Error = 1.68e-31 FLOPS = 7.28e+08 Texpo = 0.05 T = 0.23
 --> Site =   18-  19 .. Mmps =  250 Nexpo =    4/   0 E = (0.0000000000,0.0000000000) Error = 6.32e-34 FLOPS = 1.17e+09 Texpo = 0.01 T = 0.20
 --> Site =   19-  20 .. Mmps =  250 Nexpo =    4/   0 E = (0.0000000000,0.0000000000) Error = 2.97e-43 FLOPS = 7.66e+08 Texpo = 0.00 T = 0.19
 --> Site =   20-  21 .. Mmps =  250 Nexpo =    4/   0 E = (0.0000000000,0.0000000000) Error = 0.00e+00 FLOPS = 6.97e+08 Texpo = 0.00 T = 0.15
 --> Site =   21-  22 .. Mmps =  250 Nexpo =    4/   0 E = (0.0000000000,0.0000000000) Error = 0.00e+00 FLOPS = 6.50e+08 Texpo = 0.00 T = 0.13
 --> Site =   22-  23 .. Mmps =  250 Nexpo =    4/   0 E = (0.0000000000,0.0000000000) Error = 0.00e+00 FLOPS = 3.93e+07 Texpo = 0.03 T = 0.16
 --> Site =   23-  24 .. Mmps =  250 Nexpo =   22/   0 E = (-0.1333517014,-0.0000000000) Error = 0.00e+00 FLOPS = 3.53e+08 Texpo = 0.01 T = 0.14
Time elapsed =      9.093 | E = (-0.1333517014,-0.0000000000) | Norm^2 =       1.0000000000 | DW = 1.31e-26
Time sweep =        4.394 | 1.19 GFLOP/SWP
 | Tread = 0.123 | Twrite = 1.284 | Tfpread = 0.079 | Tfpwrite = 1.264 | data = 17.8 MB | cpsd = 9.58 MB | Tasync = 0.000
T =    0.00000 +    0.10000i <E> =   -0.133351701356680 +   -0.00000i <Norm^2> =    1.000000000000004 +    0.00000i
Sweep =    0 ( 0/ 2) | Direction = backward | Beta = (0.00000,0.10000) | Bond dimension =  250 | Noise =  0.00e+00
 <-- Site =   23-  24 .. Mmps =    4 Nexpo =    4/   0 E = (0.0000000000,0.0000000000) Error = 0.00e+00 FLOPS = 3.26e+08 Texpo = 0.00 T = 0.04
 <-- Site =   22-  23 .. Mmps =   11 Nexpo =    4/   0 E = (0.0000000000,0.0000000000) Error = 0.00e+00 FLOPS = 5.78e+08 Texpo = 0.00 T = 0.03
 <-- Site =   21-  22 .. Mmps =   22 Nexpo =    4/   0 E = (0.0000000000,0.0000000000) Error = 0.00e+00 FLOPS = 5.29e+07 Texpo = 0.03 T = 0.05
 <-- Site =   20-  21 .. Mmps =   37 Nexpo =    4/   0 E = (0.0000000000,0.0000000000) Error = 0.00e+00 FLOPS = 6.97e+08 Texpo = 0.00 T = 0.03
 <-- Site =   19-  20 .. Mmps =   56 Nexpo =    4/   0 E = (0.0000000000,0.0000000000) Error = 0.00e+00 FLOPS = 6.54e+08 Texpo = 0.00 T = 0.06
 <-- Site =   18-  19 .. Mmps =  158 Nexpo =    4/   0 E = (0.0000000000,0.0000000000) Error = 0.00e+00 FLOPS = 1.17e+09 Texpo = 0.01 T = 0.07
 <-- Site =   17-  18 .. Mmps =  250 Nexpo =    4/   0 E = (0.0000000000,0.0000000000) Error = 4.24e-45 FLOPS = 1.58e+09 Texpo = 0.02 T = 0.13
 <-- Site =   16-  17 .. Mmps =  250 Nexpo =    4/   0 E = (0.0000000000,0.0000000000) Error = 3.56e-32 FLOPS = 2.12e+09 Texpo = 0.05 T = 0.22
 <-- Site =   15-  16 .. Mmps =  250 Nexpo =    4/   0 E = (0.0000000000,0.0000000000) Error = 4.88e-26 FLOPS = 2.20e+09 Texpo = 0.10 T = 0.39
 <-- Site =   14-  15 .. Mmps =  250 Nexpo =    4/   0 E = (0.0000000000,0.0000000000) Error = 4.49e-25 FLOPS = 2.02e+09 Texpo = 0.06 T = 0.30
 <-- Site =   13-  14 .. Mmps =  250 Nexpo =    4/   0 E = (0.0000000000,0.0000000000) Error = 3.58e-25 FLOPS = 1.82e+09 Texpo = 0.03 T = 0.18
 <-- Site =   12-  13 .. Mmps =  250 Nexpo =    4/   0 E = (0.0000000000,0.0000000000) Error = 4.73e-25 FLOPS = 1.78e+09 Texpo = 0.04 T = 0.15
 <-- Site =   11-  12 .. Mmps =  250 Nexpo =    4/   0 E = (0.0000000000,0.0000000000) Error = 6.01e-25 FLOPS = 1.83e+09 Texpo = 0.04 T = 0.20
 <-- Site =   10-  11 .. Mmps =  250 Nexpo =    4/   0 E = (0.0000000000,0.0000000000) Error = 7.17e-25 FLOPS = 1.80e+09 Texpo = 0.04 T = 0.18
 <-- Site =    9-  10 .. Mmps =  250 Nexpo =    4/   0 E = (0.0000000000,0.0000000000) Error = 6.47e-25 FLOPS = 1.91e+09 Texpo = 0.04 T = 0.16
 <-- Site =    8-   9 .. Mmps =  250 Nexpo =    4/   0 E = (0.0000000000,0.0000000000) Error = 9.34e-25 FLOPS = 1.92e+09 Texpo = 0.04 T = 0.16
 <-- Site =    7-   8 .. Mmps =  250 Nexpo =    4/   0 E = (0.0000000000,0.0000000000) Error = 8.08e-25 FLOPS = 1.92e+09 Texpo = 0.05 T = 0.22
 <-- Site =    6-   7 .. Mmps =  250 Nexpo =    4/   0 E = (0.0000000000,0.0000000000) Error = 8.75e-25 FLOPS = 1.98e+09 Texpo = 0.05 T = 0.17
 <-- Site =    5-   6 .. Mmps =  250 Nexpo =    4/   0 E = (0.0000000000,0.0000000000) Error = 5.57e-25 FLOPS = 2.03e+09 Texpo = 0.06 T = 0.26
 <-- Site =    4-   5 .. Mmps =  250 Nexpo =    4/   0 E = (0.0000000000,0.0000000000) Error = 9.91e-26 FLOPS = 1.88e+09 Texpo = 0.04 T = 0.24
 <-- Site =    3-   4 .. Mmps =  250 Nexpo =    4/   0 E = (0.0000000000,0.0000000000) Error = 5.01e-28 FLOPS = 1.81e+09 Texpo = 0.01 T = 0.11
 <-- Site =    2-   3 .. Mmps =  250 Nexpo =    4/   0 E = (0.0000000000,0.0000000000) Error = 1.30e-33 FLOPS = 1.08e+09 Texpo = 0.01 T = 0.18
 <-- Site =    1-   2 .. Mmps =  250 Nexpo =    4/   0 E = (0.0000000000,0.0000000000) Error = 2.76e-41 FLOPS = 8.84e+08 Texpo = 0.00 T = 0.17
 <-- Site =    0-   1 .. Mmps =  250 Nexpo =   22/   0 E = (-0.1333517014,0.0000000000) Error = 3.71e-48 FLOPS = 5.21e+08 Texpo = 0.01 T = 0.18
Time elapsed =      3.877 | E = (-0.1333517014,0.0000000000) | Norm^2 =       1.0000000000 | DW = 9.34e-25
Time sweep =        3.877 | 1.24 GFLOP/SWP
 | Tread = 0.048 | Twrite = 0.818 | Tfpread = 0.033 | Tfpwrite = 0.796 | data = 15.1 MB | cpsd = 8.36 MB | Tasync = 0.000
Sweep =    0 ( 1/ 2) | Direction =  forward | Beta = (0.00000,0.10000) | Bond dimension =  250 | Noise =  0.00e+00
 --> Site =    0-   1 .. Mmps =    4 Nexpo =    4/   0 E = (0.0000000000,0.0000000000) Error = 0.00e+00 FLOPS = 5.18e+08 Texpo = 0.00 T = 0.04
 --> Site =    1-   2 .. Mmps =   16 Nexpo =    4/   0 E = (0.0000000000,0.0000000000) Error = 0.00e+00 FLOPS = 9.33e+08 Texpo = 0.00 T = 0.02
 --> Site =    2-   3 .. Mmps =   62 Nexpo =    4/   0 E = (0.0000000000,0.0000000000) Error = 0.00e+00 FLOPS = 1.46e+09 Texpo = 0.01 T = 0.03
 --> Site =    3-   4 .. Mmps =  203 Nexpo =    4/   0 E = (0.0000000000,0.0000000000) Error = 0.00e+00 FLOPS = 2.03e+09 Texpo = 0.01 T = 0.05
 --> Site =    4-   5 .. Mmps =  250 Nexpo =    4/   0 E = (0.0000000000,0.0000000000) Error = 1.12e-29 FLOPS = 1.92e+09 Texpo = 0.04 T = 0.28
 --> Site =    5-   6 .. Mmps =  250 Nexpo =    4/   0 E = (0.0000000000,0.0000000000) Error = 1.24e-26 FLOPS = 2.13e+09 Texpo = 0.06 T = 0.16
 --> Site =    6-   7 .. Mmps =  250 Nexpo =    4/   0 E = (0.0000000000,0.0000000000) Error = 2.88e-25 FLOPS = 2.13e+09 Texpo = 0.05 T = 0.20
 --> Site =    7-   8 .. Mmps =  250 Nexpo =    4/   0 E = (0.0000000000,0.0000000000) Error = 7.96e-25 FLOPS = 2.14e+09 Texpo = 0.05 T = 0.21
 --> Site =    8-   9 .. Mmps =  250 Nexpo =    4/   0 E = (0.0000000000,0.0000000000) Error = 1.48e-24 FLOPS = 2.11e+09 Texpo = 0.04 T = 0.21
 --> Site =    9-  10 .. Mmps =  250 Nexpo =    4/   0 E = (0.0000000000,0.0000000000) Error = 1.96e-24 FLOPS = 2.07e+09 Texpo = 0.04 T = 0.21
 --> Site =   10-  11 .. Mmps =  250 Nexpo =    4/   0 E = (0.0000000000,0.0000000000) Error = 7.21e-24 FLOPS = 2.01e+09 Texpo = 0.04 T = 0.21
 --> Site =   11-  12 .. Mmps =  250 Nexpo =    4/   0 E = (0.0000000000,0.0000000000) Error = 7.10e-24 FLOPS = 2.06e+09 Texpo = 0.04 T = 0.21
 --> Site =   12-  13 .. Mmps =  250 Nexpo =    4/   0 E = (0.0000000000,0.0000000000) Error = 4.51e-24 FLOPS = 1.93e+09 Texpo = 0.04 T = 0.22
 --> Site =   13-  14 .. Mmps =  250 Nexpo =    4/   0 E = (0.0000000000,0.0000000000) Error = 4.97e-24 FLOPS = 1.97e+09 Texpo = 0.03 T = 0.21
 --> Site =   14-  15 .. Mmps =  250 Nexpo =    4/   0 E = (0.0000000000,0.0000000000) Error = 5.49e-24 FLOPS = 2.16e+09 Texpo = 0.06 T = 0.26
 --> Site =   15-  16 .. Mmps =  250 Nexpo =    4/   0 E = (0.0000000000,0.0000000000) Error = 6.50e-24 FLOPS = 2.22e+09 Texpo = 0.11 T = 0.39
 --> Site =   16-  17 .. Mmps =  250 Nexpo =    4/   0 E = (0.0000000000,0.0000000000) Error = 9.68e-25 FLOPS = 2.21e+09 Texpo = 0.06 T = 0.37
 --> Site =   17-  18 .. Mmps =  250 Nexpo =    4/   0 E = (0.0000000000,0.0000000000) Error = 1.86e-26 FLOPS = 1.87e+09 Texpo = 0.04 T = 0.46
 --> Site =   18-  19 .. Mmps =  250 Nexpo =    4/   0 E = (0.0000000000,0.0000000000) Error = 8.44e-28 FLOPS = 1.51e+09 Texpo = 0.02 T = 0.33
 --> Site =   19-  20 .. Mmps =  250 Nexpo =    4/   0 E = (0.0000000000,0.0000000000) Error = 2.64e-35 FLOPS = 9.54e+08 Texpo = 0.01 T = 0.23
 --> Site =   20-  21 .. Mmps =  250 Nexpo =    4/   0 E = (0.0000000000,0.0000000000) Error = 1.24e-36 FLOPS = 9.17e+08 Texpo = 0.00 T = 0.43
 --> Site =   21-  22 .. Mmps =  250 Nexpo =    4/   0 E = (0.0000000000,0.0000000000) Error = 6.42e-44 FLOPS = 7.99e+07 Texpo = 0.03 T = 0.35
 --> Site =   22-  23 .. Mmps =  250 Nexpo =    4/   0 E = (0.0000000000,0.0000000000) Error = 4.74e-49 FLOPS = 5.71e+08 Texpo = 0.00 T = 0.22
 --> Site =   23-  24 .. Mmps =  250 Nexpo =   22/   0 E = (-0.1333517014,-0.0000000000) Error = 0.00e+00 FLOPS = 5.84e+08 Texpo = 0.01 T = 0.17
Time elapsed =      9.352 | E = (-0.1333517014,-0.0000000000) | Norm^2 =       1.0000000000 | DW = 7.21e-24
Time sweep =        5.474 | 1.45 GFLOP/SWP
 | Tread = 0.117 | Twrite = 2.061 | Tfpread = 0.076 | Tfpwrite = 2.043 | data = 16.2 MB | cpsd = 9.05 MB | Tasync = 0.000
T =    0.00000 +    0.20000i <E> =   -0.133351701356680 +   -0.00000i <Norm^2> =    1.000000000000004 +    0.00000i
Sweep =    0 ( 0/ 2) | Direction = backward | Beta = (0.00000,0.10000) | Bond dimension =  250 | Noise =  0.00e+00
 <-- Site =   23-  24 .. Mmps =    4 Nexpo =    4/   0 E = (0.0000000000,0.0000000000) Error = 0.00e+00 FLOPS = 3.54e+08 Texpo = 0.00 T = 0.04
 <-- Site =   22-  23 .. Mmps =   11 Nexpo =    4/   0 E = (0.0000000000,0.0000000000) Error = 0.00e+00 FLOPS = 5.88e+08 Texpo = 0.00 T = 0.03
 <-- Site =   21-  22 .. Mmps =   22 Nexpo =    4/   0 E = (0.0000000000,0.0000000000) Error = 0.00e+00 FLOPS = 6.68e+08 Texpo = 0.00 T = 0.03
 <-- Site =   20-  21 .. Mmps =   37 Nexpo =    4/   0 E = (0.0000000000,0.0000000000) Error = 0.00e+00 FLOPS = 9.07e+08 Texpo = 0.00 T = 0.03
 <-- Site =   19-  20 .. Mmps =   56 Nexpo =    4/   0 E = (0.0000000000,0.0000000000) Error = 0.00e+00 FLOPS = 9.08e+08 Texpo = 0.01 T = 0.06
 <-- Site =   18-  19 .. Mmps =  158 Nexpo =    4/   0 E = (0.0000000000,0.0000000000) Error = 0.00e+00 FLOPS = 1.50e+09 Texpo = 0.02 T = 0.08
 <-- Site =   17-  18 .. Mmps =  250 Nexpo =    4/   0 E = (0.0000000000,0.0000000000) Error = 1.35e-31 FLOPS = 1.80e+09 Texpo = 0.04 T = 0.19
 <-- Site =   16-  17 .. Mmps =  250 Nexpo =    4/   0 E = (0.0000000000,0.0000000000) Error = 3.67e-28 FLOPS = 2.19e+09 Texpo = 0.07 T = 0.34
 <-- Site =   15-  16 .. Mmps =  250 Nexpo =    4/   0 E = (0.0000000000,0.0000000000) Error = 1.35e-24 FLOPS = 2.26e+09 Texpo = 0.11 T = 0.40
 <-- Site =   14-  15 .. Mmps =  250 Nexpo =    4/   0 E = (0.0000000000,0.0000000000) Error = 5.48e-24 FLOPS = 2.16e+09 Texpo = 0.06 T = 0.33
 <-- Site =   13-  14 .. Mmps =  250 Nexpo =    4/   0 E = (0.0000000000,0.0000000000) Error = 3.50e-24 FLOPS = 1.96e+09 Texpo = 0.03 T = 0.18
 <-- Site =   12-  13 .. Mmps =  250 Nexpo =    4/   0 E = (0.0000000000,0.0000000000) Error = 3.81e-24 FLOPS = 1.98e+09 Texpo = 0.04 T = 0.14
 <-- Site =   11-  12 .. Mmps =  250 Nexpo =    4/   0 E = (0.0000000000,0.0000000000) Error = 6.17e-24 FLOPS = 2.01e+09 Texpo = 0.04 T = 0.14
 <-- Site =   10-  11 .. Mmps =  250 Nexpo =    4/   0 E = (0.0000000000,0.0000000000) Error = 6.94e-24 FLOPS = 2.01e+09 Texpo = 0.04 T = 0.14
 <-- Site =    9-  10 .. Mmps =  250 Nexpo =    4/   0 E = (0.0000000000,0.0000000000) Error = 7.27e-24 FLOPS = 2.05e+09 Texpo = 0.04 T = 0.17
 <-- Site =    8-   9 .. Mmps =  250 Nexpo =    4/   0 E = (0.0000000000,0.0000000000) Error = 8.37e-24 FLOPS = 2.08e+09 Texpo = 0.04 T = 0.18
 <-- Site =    7-   8 .. Mmps =  250 Nexpo =    4/   0 E = (0.0000000000,0.0000000000) Error = 8.18e-24 FLOPS = 2.10e+09 Texpo = 0.05 T = 0.16
 <-- Site =    6-   7 .. Mmps =  250 Nexpo =    4/   0 E = (0.0000000000,0.0000000000) Error = 9.79e-24 FLOPS = 2.10e+09 Texpo = 0.05 T = 0.16
 <-- Site =    5-   6 .. Mmps =  250 Nexpo =    4/   0 E = (0.0000000000,0.0000000000) Error = 4.78e-24 FLOPS = 2.10e+09 Texpo = 0.06 T = 0.17
 <-- Site =    4-   5 .. Mmps =  250 Nexpo =    4/   0 E = (0.0000000000,0.0000000000) Error = 8.87e-25 FLOPS = 1.89e+09 Texpo = 0.04 T = 0.14
 <-- Site =    3-   4 .. Mmps =  250 Nexpo =    4/   0 E = (0.0000000000,0.0000000000) Error = 2.03e-27 FLOPS = 1.94e+09 Texpo = 0.01 T = 0.11
 <-- Site =    2-   3 .. Mmps =  250 Nexpo =    4/   0 E = (0.0000000000,0.0000000000) Error = 2.83e-33 FLOPS = 1.31e+09 Texpo = 0.01 T = 0.10
 <-- Site =    1-   2 .. Mmps =  250 Nexpo =    4/   0 E = (0.0000000000,0.0000000000) Error = 1.29e-40 FLOPS = 9.11e+08 Texpo = 0.00 T = 0.09
 <-- Site =    0-   1 .. Mmps =  250 Nexpo =   22/   0 E = (-0.1333517014,0.0000000000) Error = 2.49e-48 FLOPS = 5.14e+08 Texpo = 0.01 T = 0.12
Time elapsed =      3.540 | E = (-0.1333517014,0.0000000000) | Norm^2 =       1.0000000000 | DW = 9.79e-24
Time sweep =        3.540 | 1.45 GFLOP/SWP
 | Tread = 0.051 | Twrite = 0.388 | Tfpread = 0.034 | Tfpwrite = 0.370 | data = 15.6 MB | cpsd = 8.71 MB | Tasync = 0.000
Sweep =    0 ( 1/ 2) | Direction =  forward | Beta = (0.00000,0.10000) | Bond dimension =  250 | Noise =  0.00e+00
 --> Site =    0-   1 .. Mmps =    4 Nexpo =    4/   0 E = (0.0000000000,0.0000000000) Error = 0.00e+00 FLOPS = 3.99e+08 Texpo = 0.00 T = 0.04
 --> Site =    1-   2 .. Mmps =   16 Nexpo =    4/   0 E = (0.0000000000,0.0000000000) Error = 0.00e+00 FLOPS = 9.36e+08 Texpo = 0.00 T = 0.03
 --> Site =    2-   3 .. Mmps =   62 Nexpo =    4/   0 E = (0.0000000000,0.0000000000) Error = 0.00e+00 FLOPS = 1.38e+09 Texpo = 0.01 T = 0.03
 --> Site =    3-   4 .. Mmps =  203 Nexpo =    4/   0 E = (0.0000000000,0.0000000000) Error = 0.00e+00 FLOPS = 1.98e+09 Texpo = 0.01 T = 0.05
 --> Site =    4-   5 .. Mmps =  250 Nexpo =    4/   0 E = (0.0000000000,0.0000000000) Error = 3.10e-29 FLOPS = 1.91e+09 Texpo = 0.04 T = 0.11
 --> Site =    5-   6 .. Mmps =  250 Nexpo =    4/   0 E = (0.0000000000,0.0000000000) Error = 5.43e-26 FLOPS = 2.14e+09 Texpo = 0.06 T = 0.15
 --> Site =    6-   7 .. Mmps =  250 Nexpo =    4/   0 E = (0.0000000000,0.0000000000) Error = 1.06e-24 FLOPS = 2.46e+09 Texpo = 0.05 T = 0.16
 --> Site =    7-   8 .. Mmps =  250 Nexpo =    4/   0 E = (0.0000000000,0.0000000000) Error = 2.77e-24 FLOPS = 2.33e+09 Texpo = 0.05 T = 0.16
 --> Site =    8-   9 .. Mmps =  250 Nexpo =    4/   0 E = (0.0000000000,0.0000000000) Error = 4.84e-24 FLOPS = 2.17e+09 Texpo = 0.05 T = 0.16
 --> Site =    9-  10 .. Mmps =  250 Nexpo =    4/   0 E = (0.0000000000,0.0000000000) Error = 5.99e-24 FLOPS = 2.32e+09 Texpo = 0.04 T = 0.16
 --> Site =   10-  11 .. Mmps =  250 Nexpo =    4/   0 E = (0.0000000000,0.0000000000) Error = 1.06e-23 FLOPS = 2.31e+09 Texpo = 0.04 T = 0.15
 --> Site =   11-  12 .. Mmps =  250 Nexpo =    4/   0 E = (0.0000000000,0.0000000000) Error = 2.44e-23 FLOPS = 2.08e+09 Texpo = 0.04 T = 0.16
 --> Site =   12-  13 .. Mmps =  250 Nexpo =    4/   0 E = (0.0000000000,0.0000000000) Error = 2.68e-23 FLOPS = 2.10e+09 Texpo = 0.04 T = 0.15
 --> Site =   13-  14 .. Mmps =  250 Nexpo =    4/   0 E = (0.0000000000,0.0000000000) Error = 3.38e-23 FLOPS = 2.10e+09 Texpo = 0.04 T = 0.16
 --> Site =   14-  15 .. Mmps =  250 Nexpo =    4/   0 E = (0.0000000000,0.0000000000) Error = 3.17e-23 FLOPS = 2.43e+09 Texpo = 0.06 T = 0.19
 --> Site =   15-  16 .. Mmps =  250 Nexpo =    4/   0 E = (0.0000000000,0.0000000000) Error = 5.14e-23 FLOPS = 2.29e+09 Texpo = 0.11 T = 0.31
 --> Site =   16-  17 .. Mmps =  250 Nexpo =    4/   0 E = (0.0000000000,0.0000000000) Error = 5.11e-24 FLOPS = 2.30e+09 Texpo = 0.08 T = 0.30
 --> Site =   17-  18 .. Mmps =  250 Nexpo =    4/   0 E = (0.0000000000,0.0000000000) Error = 3.00e-25 FLOPS = 2.02e+09 Texpo = 0.05 T = 0.39
 --> Site =   18-  19 .. Mmps =  250 Nexpo =    4/   0 E = (0.0000000000,0.0000000000) Error = 9.46e-26 FLOPS = 1.60e+09 Texpo = 0.03 T = 0.29
 --> Site =   19-  20 .. Mmps =  250 Nexpo =    4/   0 E = (0.0000000000,0.0000000000) Error = 1.83e-34 FLOPS = 9.63e+08 Texpo = 0.02 T = 0.26
 --> Site =   20-  21 .. Mmps =  250 Nexpo =    4/   0 E = (0.0000000000,0.0000000000) Error = 5.14e-36 FLOPS = 3.09e+08 Texpo = 0.02 T = 0.41
 --> Site =   21-  22 .. Mmps =  250 Nexpo =    4/   0 E = (0.0000000000,0.0000000000) Error = 3.62e-42 FLOPS = 6.98e+08 Texpo = 0.00 T = 0.13
 --> Site =   22-  23 .. Mmps =  250 Nexpo =    4/   0 E = (0.0000000000,0.0000000000) Error = 2.43e-48 FLOPS = 6.05e+08 Texpo = 0.00 T = 0.12
 --> Site =   23-  24 .. Mmps =  250 Nexpo =   22/   0 E = (-0.1333517014,0.0000000000) Error = 0.00e+00 FLOPS = 5.75e+08 Texpo = 0.01 T = 0.27
Time elapsed =      7.876 | E = (-0.1333517014,0.0000000000) | Norm^2 =       1.0000000000 | DW = 5.14e-23
Time sweep =        4.335 | 1.64 GFLOP/SWP
 | Tread = 0.216 | Twrite = 0.793 | Tfpread = 0.100 | Tfpwrite = 0.748 | data = 16.2 MB | cpsd = 9.10 MB | Tasync = 0.000
T =    0.00000 +    0.30000i <E> =   -0.133351701356680 +    0.00000i <Norm^2> =    1.000000000000005 +    0.00000i
Sweep =    0 ( 0/ 2) | Direction = backward | Beta = (0.00000,0.10000) | Bond dimension =  250 | Noise =  0.00e+00
 <-- Site =   23-  24 .. Mmps =    4 Nexpo =    4/   0 E = (0.0000000000,0.0000000000) Error = 0.00e+00 FLOPS = 3.57e+08 Texpo = 0.00 T = 0.04
 <-- Site =   22-  23 .. Mmps =   11 Nexpo =    4/   0 E = (0.0000000000,0.0000000000) Error = 0.00e+00 FLOPS = 6.03e+08 Texpo = 0.00 T = 0.03
 <-- Site =   21-  22 .. Mmps =   22 Nexpo =    4/   0 E = (0.0000000000,0.0000000000) Error = 0.00e+00 FLOPS = 6.88e+08 Texpo = 0.00 T = 0.03
 <-- Site =   20-  21 .. Mmps =   37 Nexpo =    4/   0 E = (0.0000000000,0.0000000000) Error = 0.00e+00 FLOPS = 9.83e+08 Texpo = 0.01 T = 0.06
 <-- Site =   19-  20 .. Mmps =   56 Nexpo =    4/   0 E = (0.0000000000,0.0000000000) Error = 0.00e+00 FLOPS = 1.03e+09 Texpo = 0.01 T = 0.06
 <-- Site =   18-  19 .. Mmps =  158 Nexpo =    4/   0 E = (0.0000000000,0.0000000000) Error = 0.00e+00 FLOPS = 1.64e+09 Texpo = 0.03 T = 0.08
 <-- Site =   17-  18 .. Mmps =  250 Nexpo =    4/   0 E = (0.0000000000,0.0000000000) Error = 3.38e-28 FLOPS = 2.03e+09 Texpo = 0.05 T = 0.42
 <-- Site =   16-  17 .. Mmps =  250 Nexpo =    4/   0 E = (0.0000000000,0.0000000000) Error = 2.18e-26 FLOPS = 2.31e+09 Texpo = 0.07 T = 0.29
 <-- Site =   15-  16 .. Mmps =  250 Nexpo =    4/   0 E = (0.0000000000,0.0000000000) Error = 5.53e-24 FLOPS = 2.29e+09 Texpo = 0.11 T = 0.38
 <-- Site =   14-  15 .. Mmps =  250 Nexpo =    4/   0 E = (0.0000000000,0.0000000000) Error = 9.16e-24 FLOPS = 2.31e+09 Texpo = 0.06 T = 0.29
 <-- Site =   13-  14 .. Mmps =  250 Nexpo =    4/   0 E = (0.0000000000,0.0000000000) Error = 5.22e-24 FLOPS = 1.95e+09 Texpo = 0.04 T = 0.18
 <-- Site =   12-  13 .. Mmps =  250 Nexpo =    4/   0 E = (0.0000000000,0.0000000000) Error = 6.97e-24 FLOPS = 2.03e+09 Texpo = 0.04 T = 0.15
 <-- Site =   11-  12 .. Mmps =  250 Nexpo =    4/   0 E = (0.0000000000,0.0000000000) Error = 1.10e-23 FLOPS = 2.10e+09 Texpo = 0.04 T = 0.14
 <-- Site =   10-  11 .. Mmps =  250 Nexpo =    4/   0 E = (0.0000000000,0.0000000000) Error = 1.47e-23 FLOPS = 2.18e+09 Texpo = 0.05 T = 0.16
 <-- Site =    9-  10 .. Mmps =  250 Nexpo =    4/   0 E = (0.0000000000,0.0000000000) Error = 1.61e-23 FLOPS = 2.24e+09 Texpo = 0.05 T = 0.17
 <-- Site =    8-   9 .. Mmps =  250 Nexpo =    4/   0 E = (0.0000000000,0.0000000000) Error = 2.19e-23 FLOPS = 2.09e+09 Texpo = 0.05 T = 0.17
 <-- Site =    7-   8 .. Mmps =  250 Nexpo =    4/   0 E = (0.0000000000,0.0000000000) Error = 2.21e-23 FLOPS = 2.56e+09 Texpo = 0.04 T = 0.14
 <-- Site =    6-   7 .. Mmps =  250 Nexpo =    4/   0 E = (0.0000000000,0.0000000000) Error = 2.35e-23 FLOPS = 2.43e+09 Texpo = 0.05 T = 0.21
 <-- Site =    5-   6 .. Mmps =  250 Nexpo =    4/   0 E = (0.0000000000,0.0000000000) Error = 1.72e-23 FLOPS = 2.11e+09 Texpo = 0.06 T = 0.16
 <-- Site =    4-   5 .. Mmps =  250 Nexpo =    4/   0 E = (0.0000000000,0.0000000000) Error = 3.41e-24 FLOPS = 1.89e+09 Texpo = 0.04 T = 0.15
 <-- Site =    3-   4 .. Mmps =  250 Nexpo =    4/   0 E = (0.0000000000,0.0000000000) Error = 9.44e-27 FLOPS = 2.29e+09 Texpo = 0.01 T = 0.15
 <-- Site =    2-   3 .. Mmps =  250 Nexpo =    4/   0 E = (0.0000000000,0.0000000000) Error = 1.60e-32 FLOPS = 1.26e+09 Texpo = 0.01 T = 0.14
 <-- Site =    1-   2 .. Mmps =  250 Nexpo =    4/   0 E = (0.0000000000,0.0000000000) Error = 3.23e-40 FLOPS = 9.07e+08 Texpo = 0.00 T = 0.11
 <-- Site =    0-   1 .. Mmps =  250 Nexpo =   22/   0 E = (-0.1333517014,0.0000000000) Error = 1.30e-48 FLOPS = 5.37e+08 Texpo = 0.01 T = 0.11
Time elapsed =      3.833 | E = (-0.1333517014,0.0000000000) | Norm^2 =       1.0000000000 | DW = 2.35e-23
Time sweep =        3.833 | 1.63 GFLOP/SWP
 | Tread = 0.062 | Twrite = 0.526 | Tfpread = 0.029 | Tfpwrite = 0.501 | data = 16.0 MB | cpsd = 8.93 MB | Tasync = 0.000
Sweep =    0 ( 1/ 2) | Direction =  forward | Beta = (0.00000,0.10000) | Bond dimension =  250 | Noise =  0.00e+00
 --> Site =    0-   1 .. Mmps =    4 Nexpo =    4/   0 E = (0.0000000000,0.0000000000) Error = 0.00e+00 FLOPS = 5.29e+08 Texpo = 0.00 T = 0.04
 --> Site =    1-   2 .. Mmps =   16 Nexpo =    4/   0 E = (0.0000000000,0.0000000000) Error = 0.00e+00 FLOPS = 9.20e+08 Texpo = 0.00 T = 0.03
 --> Site =    2-   3 .. Mmps =   62 Nexpo =    4/   0 E = (0.0000000000,0.0000000000) Error = 0.00e+00 FLOPS = 1.27e+09 Texpo = 0.01 T = 0.05
 --> Site =    3-   4 .. Mmps =  209 Nexpo =    4/   0 E = (0.0000000000,0.0000000000) Error = 0.00e+00 FLOPS = 2.21e+09 Texpo = 0.01 T = 0.03
 --> Site =    4-   5 .. Mmps =  250 Nexpo =    4/   0 E = (0.0000000000,0.0000000000) Error = 8.09e-29 FLOPS = 1.85e+09 Texpo = 0.04 T = 0.10
 --> Site =    5-   6 .. Mmps =  250 Nexpo =    4/   0 E = (0.0000000000,0.0000000000) Error = 1.72e-25 FLOPS = 2.20e+09 Texpo = 0.06 T = 0.16
 --> Site =    6-   7 .. Mmps =  250 Nexpo =    4/   0 E = (0.0000000000,0.0000000000) Error = 2.54e-24 FLOPS = 2.70e+09 Texpo = 0.05 T = 0.23
 --> Site =    7-   8 .. Mmps =  250 Nexpo =    4/   0 E = (0.0000000000,0.0000000000) Error = 7.41e-24 FLOPS = 2.36e+09 Texpo = 0.05 T = 0.15
 --> Site =    8-   9 .. Mmps =  250 Nexpo =    4/   0 E = (0.0000000000,0.0000000000) Error = 1.21e-23 FLOPS = 2.63e+09 Texpo = 0.04 T = 0.19
 --> Site =    9-  10 .. Mmps =  250 Nexpo =    4/   0 E = (0.0000000000,0.0000000000) Error = 1.24e-23 FLOPS = 2.64e+09 Texpo = 0.04 T = 0.16
 --> Site =   10-  11 .. Mmps =  250 Nexpo =    4/   0 E = (0.0000000000,0.0000000000) Error = 1.00e-23 FLOPS = 2.75e+09 Texpo = 0.04 T = 0.16
 --> Site =   11-  12 .. Mmps =  250 Nexpo =    4/   0 E = (0.0000000000,0.0000000000) Error = 1.43e-23 FLOPS = 1.68e+09 Texpo = 0.06 T = 0.20
 --> Site =   12-  13 .. Mmps =  250 Nexpo =    4/   0 E = (0.0000000000,0.0000000000) Error = 3.06e-23 FLOPS = 2.59e+09 Texpo = 0.04 T = 0.29
 --> Site =   13-  14 .. Mmps =  250 Nexpo =    4/   0 E = (0.0000000000,0.0000000000) Error = 2.32e-23 FLOPS = 2.32e+09 Texpo = 0.04 T = 0.24
 --> Site =   14-  15 .. Mmps =  250 Nexpo =    4/   0 E = (0.0000000000,0.0000000000) Error = 1.09e-23 FLOPS = 2.44e+09 Texpo = 0.07 T = 0.21
 --> Site =   15-  16 .. Mmps =  250 Nexpo =    4/   0 E = (0.0000000000,0.0000000000) Error = 5.18e-23 FLOPS = 2.36e+09 Texpo = 0.15 T = 0.38
 --> Site =   16-  17 .. Mmps =  250 Nexpo =    4/   0 E = (0.0000000000,0.0000000000) Error = 7.86e-24 FLOPS = 2.34e+09 Texpo = 0.09 T = 0.34
 --> Site =   17-  18 .. Mmps =  250 Nexpo =    4/   0 E = (0.0000000000,0.0000000000) Error = 6.74e-25 FLOPS = 2.07e+09 Texpo = 0.06 T = 0.31
 --> Site =   18-  19 .. Mmps =  250 Nexpo =    4/   0 E = (0.0000000000,0.0000000000) Error = 2.17e-25 FLOPS = 1.76e+09 Texpo = 0.03 T = 0.25
 --> Site =   19-  20 .. Mmps =  250 Nexpo =    4/   0 E = (0.0000000000,0.0000000000) Error = 1.95e-34 FLOPS = 1.10e+09 Texpo = 0.02 T = 0.25
 --> Site =   20-  21 .. Mmps =  250 Nexpo =    4/   0 E = (0.0000000000,0.0000000000) Error = 7.45e-36 FLOPS = 1.04e+09 Texpo = 0.01 T = 0.14
 --> Site =   21-  22 .. Mmps =  250 Nexpo =    4/   0 E = (0.0000000000,0.0000000000) Error = 1.68e-41 FLOPS = 6.73e+08 Texpo = 0.00 T = 0.11
 --> Site =   22-  23 .. Mmps =  250 Nexpo =    4/   0 E = (0.0000000000,0.0000000000) Error = 9.68e-48 FLOPS = 5.99e+08 Texpo = 0.00 T = 0.12
 --> Site =   23-  24 .. Mmps =  250 Nexpo =   22/   0 E = (-0.1333517014,-0.0000000000) Error = 0.00e+00 FLOPS = 9.36e+07 Texpo = 0.04 T = 0.17
Time elapsed =      8.154 | E = (-0.1333517014,-0.0000000000) | Norm^2 =       1.0000000000 | DW = 5.18e-23
Time sweep =        4.320 | 1.90 GFLOP/SWP
 | Tread = 0.181 | Twrite = 0.640 | Tfpread = 0.093 | Tfpwrite = 0.608 | data = 16.6 MB | cpsd = 9.30 MB | Tasync = 0.000
T =    0.00000 +    0.40000i <E> =   -0.133351701356680 +   -0.00000i <Norm^2> =    1.000000000000004 +    0.00000i
Sweep =    0 ( 0/ 2) | Direction = backward | Beta = (0.00000,0.10000) | Bond dimension =  250 | Noise =  0.00e+00
 <-- Site =   23-  24 .. Mmps =    4 Nexpo =    4/   0 E = (0.0000000000,0.0000000000) Error = 0.00e+00 FLOPS = 3.49e+08 Texpo = 0.00 T = 0.05
 <-- Site =   22-  23 .. Mmps =   11 Nexpo =    4/   0 E = (0.0000000000,0.0000000000) Error = 0.00e+00 FLOPS = 5.62e+07 Texpo = 0.03 T = 0.05
 <-- Site =   21-  22 .. Mmps =   22 Nexpo =    4/   0 E = (0.0000000000,0.0000000000) Error = 0.00e+00 FLOPS = 6.82e+08 Texpo = 0.00 T = 0.03
 <-- Site =   20-  21 .. Mmps =   37 Nexpo =    4/   0 E = (0.0000000000,0.0000000000) Error = 0.00e+00 FLOPS = 1.07e+09 Texpo = 0.01 T = 0.06
 <-- Site =   19-  20 .. Mmps =   56 Nexpo =    4/   0 E = (0.0000000000,0.0000000000) Error = 0.00e+00 FLOPS = 1.09e+09 Texpo = 0.02 T = 0.07
 <-- Site =   18-  19 .. Mmps =  158 Nexpo =    4/   0 E = (0.0000000000,0.0000000000) Error = 0.00e+00 FLOPS = 1.78e+09 Texpo = 0.03 T = 0.09
 <-- Site =   17-  18 .. Mmps =  250 Nexpo =    4/   0 E = (0.0000000000,0.0000000000) Error = 2.48e-27 FLOPS = 2.09e+09 Texpo = 0.06 T = 0.17
 <-- Site =   16-  17 .. Mmps =  250 Nexpo =    4/   0 E = (0.0000000000,0.0000000000) Error = 1.04e-25 FLOPS = 2.38e+09 Texpo = 0.09 T = 0.26
 <-- Site =   15-  16 .. Mmps =  250 Nexpo =    4/   0 E = (0.0000000000,0.0000000000) Error = 7.72e-24 FLOPS = 2.31e+09 Texpo = 0.15 T = 0.44
 <-- Site =   14-  15 .. Mmps =  250 Nexpo =    4/   0 E = (0.0000000000,0.0000000000) Error = 1.33e-23 FLOPS = 2.37e+09 Texpo = 0.07 T = 0.32
 <-- Site =   13-  14 .. Mmps =  250 Nexpo =    4/   0 E = (0.0000000000,0.0000000000) Error = 5.78e-24 FLOPS = 2.24e+09 Texpo = 0.04 T = 0.18
 <-- Site =   12-  13 .. Mmps =  250 Nexpo =    4/   0 E = (0.0000000000,0.0000000000) Error = 6.12e-24 FLOPS = 2.20e+09 Texpo = 0.04 T = 0.16
 <-- Site =   11-  12 .. Mmps =  250 Nexpo =    4/   0 E = (0.0000000000,0.0000000000) Error = 8.79e-24 FLOPS = 2.34e+09 Texpo = 0.04 T = 0.15
 <-- Site =   10-  11 .. Mmps =  250 Nexpo =    4/   0 E = (0.0000000000,0.0000000000) Error = 1.33e-23 FLOPS = 2.50e+09 Texpo = 0.04 T = 0.15
 <-- Site =    9-  10 .. Mmps =  250 Nexpo =    4/   0 E = (0.0000000000,0.0000000000) Error = 1.34e-23 FLOPS = 2.42e+09 Texpo = 0.04 T = 0.17
 <-- Site =    8-   9 .. Mmps =  250 Nexpo =    4/   0 E = (0.0000000000,0.0000000000) Error = 1.68e-23 FLOPS = 2.67e+09 Texpo = 0.04 T = 0.22
 <-- Site =    7-   8 .. Mmps =  250 Nexpo =    4/   0 E = (0.0000000000,0.0000000000) Error = 2.42e-23 FLOPS = 2.54e+09 Texpo = 0.05 T = 0.15
 <-- Site =    6-   7 .. Mmps =  250 Nexpo =    4/   0 E = (0.0000000000,0.0000000000) Error = 1.98e-23 FLOPS = 2.56e+09 Texpo = 0.05 T = 0.15
 <-- Site =    5-   6 .. Mmps =  250 Nexpo =    4/   0 E = (0.0000000000,0.0000000000) Error = 2.17e-23 FLOPS = 2.18e+09 Texpo = 0.06 T = 0.18
 <-- Site =    4-   5 .. Mmps =  250 Nexpo =    4/   0 E = (0.0000000000,0.0000000000) Error = 4.12e-24 FLOPS = 1.88e+09 Texpo = 0.04 T = 0.15
 <-- Site =    3-   4 .. Mmps =  250 Nexpo =    4/   0 E = (0.0000000000,0.0000000000) Error = 2.24e-26 FLOPS = 2.22e+09 Texpo = 0.01 T = 0.21
 <-- Site =    2-   3 .. Mmps =  250 Nexpo =    4/   0 E = (0.0000000000,0.0000000000) Error = 3.52e-32 FLOPS = 1.24e+09 Texpo = 0.01 T = 0.26
 <-- Site =    1-   2 .. Mmps =  250 Nexpo =    4/   0 E = (0.0000000000,0.0000000000) Error = 5.11e-40 FLOPS = 9.01e+08 Texpo = 0.00 T = 0.22
 <-- Site =    0-   1 .. Mmps =  250 Nexpo =   22/   0 E = (-0.1333517014,0.0000000000) Error = 1.06e-47 FLOPS = 6.58e+08 Texpo = 0.01 T = 0.10
Time elapsed =      3.992 | E = (-0.1333517014,0.0000000000) | Norm^2 =       1.0000000000 | DW = 2.42e-23
Time sweep =        3.992 | 1.89 GFLOP/SWP
 | Tread = 0.054 | Twrite = 0.537 | Tfpread = 0.033 | Tfpwrite = 0.513 | data = 16.0 MB | cpsd = 8.92 MB | Tasync = 0.000
Sweep =    0 ( 1/ 2) | Direction =  forward | Beta = (0.00000,0.10000) | Bond dimension =  250 | Noise =  0.00e+00
 --> Site =    0-   1 .. Mmps =    4 Nexpo =    4/   0 E = (0.0000000000,0.0000000000) Error = 0.00e+00 FLOPS = 5.10e+08 Texpo = 0.00 T = 0.03
 --> Site =    1-   2 .. Mmps =   16 Nexpo =    4/   0 E = (0.0000000000,0.0000000000) Error = 0.00e+00 FLOPS = 1.12e+08 Texpo = 0.03 T = 0.05
 --> Site =    2-   3 .. Mmps =   62 Nexpo =    4/   0 E = (0.0000000000,0.0000000000) Error = 0.00e+00 FLOPS = 1.35e+09 Texpo = 0.01 T = 0.03
 --> Site =    3-   4 .. Mmps =  209 Nexpo =    4/   0 E = (0.0000000000,0.0000000000) Error = 0.00e+00 FLOPS = 2.03e+09 Texpo = 0.01 T = 0.07
 --> Site =    4-   5 .. Mmps =  250 Nexpo =    4/   0 E = (0.0000000000,0.0000000000) Error = 1.89e-28 FLOPS = 1.91e+09 Texpo = 0.04 T = 0.10
 --> Site =    5-   6 .. Mmps =  250 Nexpo =    4/   0 E = (0.0000000000,0.0000000000) Error = 2.83e-25 FLOPS = 2.27e+09 Texpo = 0.06 T = 0.18
 --> Site =    6-   7 .. Mmps =  250 Nexpo =    4/   0 E = (0.0000000000,0.0000000000) Error = 3.70e-24 FLOPS = 2.72e+09 Texpo = 0.05 T = 0.15
 --> Site =    7-   8 .. Mmps =  250 Nexpo =    4/   0 E = (0.0000000000,0.0000000000) Error = 8.91e-24 FLOPS = 2.53e+09 Texpo = 0.05 T = 0.17
 --> Site =    8-   9 .. Mmps =  250 Nexpo =    4/   0 E = (0.0000000000,0.0000000000) Error = 1.23e-23 FLOPS = 2.47e+09 Texpo = 0.04 T = 0.16
 --> Site =    9-  10 .. Mmps =  250 Nexpo =    4/   0 E = (0.0000000000,0.0000000000) Error = 1.51e-23 FLOPS = 2.36e+09 Texpo = 0.05 T = 0.15
 --> Site =   10-  11 .. Mmps =  250 Nexpo =    4/   0 E = (0.0000000000,0.0000000000) Error = 9.75e-24 FLOPS = 2.43e+09 Texpo = 0.04 T = 0.15
 --> Site =   11-  12 .. Mmps =  250 Nexpo =    4/   0 E = (0.0000000000,0.0000000000) Error = 7.92e-24 FLOPS = 2.38e+09 Texpo = 0.04 T = 0.15
 --> Site =   12-  13 .. Mmps =  250 Nexpo =    4/   0 E = (0.0000000000,0.0000000000) Error = 2.85e-23 FLOPS = 2.58e+09 Texpo = 0.04 T = 0.31
 --> Site =   13-  14 .. Mmps =  250 Nexpo =    4/   0 E = (0.0000000000,0.0000000000) Error = 4.11e-23 FLOPS = 2.45e+09 Texpo = 0.03 T = 0.17
 --> Site =   14-  15 .. Mmps =  250 Nexpo =    4/   0 E = (0.0000000000,0.0000000000) Error = 5.54e-23 FLOPS = 2.35e+09 Texpo = 0.06 T = 0.18
 --> Site =   15-  16 .. Mmps =  250 Nexpo =    4/   0 E = (0.0000000000,0.0000000000) Error = 5.01e-23 FLOPS = 1.96e+09 Texpo = 0.15 T = 0.43
 --> Site =   16-  17 .. Mmps =  250 Nexpo =    4/   0 E = (0.0000000000,0.0000000000) Error = 8.46e-24 FLOPS = 2.31e+09 Texpo = 0.09 T = 0.56
 --> Site =   17-  18 .. Mmps =  250 Nexpo =    4/   0 E = (0.0000000000,0.0000000000) Error = 8.06e-25 FLOPS = 2.05e+09 Texpo = 0.06 T = 0.47
 --> Site =   18-  19 .. Mmps =  250 Nexpo =    4/   0 E = (0.0000000000,0.0000000000) Error = 3.33e-25 FLOPS = 1.75e+09 Texpo = 0.03 T = 0.32
 --> Site =   19-  20 .. Mmps =  250 Nexpo =    4/   0 E = (0.0000000000,0.0000000000) Error = 2.63e-34 FLOPS = 1.08e+09 Texpo = 0.02 T = 0.24
 --> Site =   20-  21 .. Mmps =  250 Nexpo =    4/   0 E = (0.0000000000,0.0000000000) Error = 7.89e-36 FLOPS = 3.11e+08 Texpo = 0.03 T = 0.20
 --> Site =   21-  22 .. Mmps =  250 Nexpo =    4/   0 E = (0.0000000000,0.0000000000) Error = 1.52e-41 FLOPS = 6.71e+08 Texpo = 0.00 T = 0.10
 --> Site =   22-  23 .. Mmps =  250 Nexpo =    4/   0 E = (0.0000000000,0.0000000000) Error = 6.65e-48 FLOPS = 6.02e+08 Texpo = 0.00 T = 0.16
 --> Site =   23-  24 .. Mmps =  250 Nexpo =   22/   0 E = (-0.1333517014,-0.0000000000) Error = 0.00e+00 FLOPS = 5.76e+08 Texpo = 0.01 T = 0.16
Time elapsed =      8.711 | E = (-0.1333517014,-0.0000000000) | Norm^2 =       1.0000000000 | DW = 5.54e-23
Time sweep =        4.718 | 1.82 GFLOP/SWP
 | Tread = 0.228 | Twrite = 0.936 | Tfpread = 0.105 | Tfpwrite = 0.908 | data = 16.5 MB | cpsd = 9.31 MB | Tasync = 0.000
T =    0.00000 +    0.50000i <E> =   -0.133351701356680 +   -0.00000i <Norm^2> =    1.000000000000007 +    0.00000i

Time = 0.50
Total energy = -0.133352+0.000000j
WF norm = 1.000000-0.000000j
<Sz d=15> = -0.500000+0.000000j
<Sz d=16> = -0.500000-0.000000j
<C[15, 16]> = 0.000000

Time = 1.00
Total energy = -0.133352+0.000000j
WF norm = 1.000000+0.000000j
<Sz d=15> = -0.500000+0.000000j
<Sz d=16> = -0.500000-0.000000j
<C[15, 16]> = 0.000000

Time = 1.50
Total energy = -0.133352-0.000000j
WF norm = 1.000000+0.000000j
<Sz d=15> = -0.500000+0.000000j
<Sz d=16> = -0.500000+0.000000j
<C[15, 16]> = 0.000000

Time = 2.00
Total energy = -0.133352+0.000000j
WF norm = 1.000000-0.000000j
<Sz d=15> = -0.500000+0.000000j
<Sz d=16> = -0.500000+0.000000j
<C[15, 16]> = 0.000000

Time = 2.50
Total energy = -0.133352+0.000000j
WF norm = 1.000000-0.000000j
<Sz d=15> = -0.500000+0.000000j
<Sz d=16> = -0.500000+0.000000j
<C[15, 16]> = 0.000000

Time = 3.00
Total energy = -0.133352-0.000000j
WF norm = 1.000000-0.000000j
<Sz d=15> = -0.500000+0.000000j
<Sz d=16> = -0.500000+0.000000j
<C[15, 16]> = 0.000000

Time = 3.50
Total energy = -0.133352-0.000000j
WF norm = 1.000000+0.000000j
<Sz d=15> = -0.500000-0.000000j
<Sz d=16> = -0.500000+0.000000j
<C[15, 16]> = 0.000000

Time = 4.00
Total energy = -0.133352+0.000000j
WF norm = 1.000000+0.000000j
<Sz d=15> = -0.499993-0.000000j
<Sz d=16> = -0.499999-0.000000j
<C[15, 16]> = 0.000000

Time = 4.50
Total energy = -0.133352-0.000000j
WF norm = 1.000000+0.000000j
<Sz d=15> = -0.499944+0.000000j
<Sz d=16> = -0.499992+0.000000j
<C[15, 16]> = 0.000000

Time = 5.00
Total energy = -0.133352-0.000000j
WF norm = 1.000000+0.000000j
<Sz d=15> = -0.499677-0.000000j
<Sz d=16> = -0.499938+0.000000j
<C[15, 16]> = 0.000000

Time = 5.50
Total energy = -0.133352+0.000000j
WF norm = 1.000000+0.000000j
<Sz d=15> = -0.498675+0.000000j
<Sz d=16> = -0.499670+0.000000j
<C[15, 16]> = 0.000000

Time = 6.00
Total energy = -0.133352+0.000000j
WF norm = 1.000000-0.000000j
<Sz d=15> = -0.495984-0.000000j
<Sz d=16> = -0.498722+0.000000j
<C[15, 16]> = 0.000000

Time = 6.50
Total energy = -0.133352-0.000000j
WF norm = 1.000000-0.000000j
<Sz d=15> = -0.490722-0.000000j
<Sz d=16> = -0.496264-0.000000j
<C[15, 16]> = 0.000000

Time = 7.00
Total energy = -0.133352+0.000000j
WF norm = 1.000000+0.000000j
<Sz d=15> = -0.483099-0.000000j
<Sz d=16> = -0.491538+0.000000j
<C[15, 16]> = 0.000000

Time = 7.50
Total energy = -0.133352+0.000000j
WF norm = 1.000000-0.000000j
<Sz d=15> = -0.474592-0.000000j
<Sz d=16> = -0.484711-0.000000j
<C[15, 16]> = 0.000000

Time = 8.00
Total energy = -0.133352-0.000000j
WF norm = 1.000000-0.000000j
<Sz d=15> = -0.466293+0.000000j
<Sz d=16> = -0.477051-0.000000j
<C[15, 16]> = 0.000000

Time = 8.50
Total energy = -0.133352-0.000000j
WF norm = 1.000000-0.000000j
<Sz d=15> = -0.457566-0.000000j
<Sz d=16> = -0.469604+0.000000j
<C[15, 16]> = 0.000000

Time = 9.00
Total energy = -0.133352-0.000000j
WF norm = 1.000000+0.000000j
<Sz d=15> = -0.447468-0.000000j
<Sz d=16> = -0.461948+0.000000j
<C[15, 16]> = 0.000000

Time = 9.50
Total energy = -0.133352-0.000000j
WF norm = 1.000000+0.000000j
<Sz d=15> = -0.436606-0.000000j
<Sz d=16> = -0.453226-0.000000j
<C[15, 16]> = 0.000001

Time = 10.00
Total energy = -0.133352-0.000000j
WF norm = 1.000000+0.000000j
<Sz d=15> = -0.425802+0.000000j
<Sz d=16> = -0.443822+0.000000j
<C[15, 16]> = 0.000000

Time = 10.50
Total energy = -0.133352-0.000000j
WF norm = 1.000000-0.000000j
<Sz d=15> = -0.414406-0.000000j
<Sz d=16> = -0.434439-0.000000j
<C[15, 16]> = 0.000002

Time = 11.00
Total energy = -0.133352+0.000000j
WF norm = 0.999997+0.000000j
<Sz d=15> = -0.402392+0.000000j
<Sz d=16> = -0.424409+0.000000j
<C[15, 16]> = 0.000004

Time = 11.50
Total energy = -0.133353-0.000000j
WF norm = 0.999983-0.000000j
<Sz d=15> = -0.392040+0.000000j
<Sz d=16> = -0.413304-0.000000j
<C[15, 16]> = 0.000006

Time = 12.00
Total energy = -0.133357-0.000000j
WF norm = 0.999924-0.000000j
<Sz d=15> = -0.384775+0.000000j
<Sz d=16> = -0.403124-0.000000j
<C[15, 16]> = 0.000014
>>> Time evol compute time = 6344.62
stop time: 
Wed Jan 17 12:56:15 EST 2024
