#### SLURM ####
pwd: 
/blue/m2qm-efrc/cpbunker/GitHub/transport
host: 
c0703a-s13.ufhpc
# conda environments:
#
base                     /apps/conda/23.3.1
block2                *  /blue/m2qm-efrc/cpbunker/condaenvs/block2
plot                     /blue/m2qm-efrc/cpbunker/condaenvs/plot

#### PYTHON ####
start time: 
Sat Jan 20 22:17:50 EST 2024

>>> PWD:  /blue/m2qm-efrc/cpbunker/GitHub/transport
>>> Params =  {'tl': 1.0, 'Vconf': 10.0, 'Be': 100.0, 'BFM': -100.0, 'Jz': 0.1, 'Jx': 0.1, 'Jsd': 0.5, 'NL': 10, 'NFM': 2, 'NR': 20, 'Nconf': 5, 'Ne': 5, 'TwoSz': 3, 'TwoSd': 1, 'symmetry': 'Sz', 'ex_sites': [10, 11], 'plot': 0, 'bdim_0': [150, 150, 150, 200, 200], 'bdim_t': [250], 'noises': [0.01, 0.001, 0.0001, 1e-05, 0.0], 'dmrg_sweeps': 20, 'cutoff': -1.0, 'te_type': 'tdvp', 'time_step': 0.1, 'tupdate': 0.5, 'Nupdates': 40}
TwoSdz_ladder =
 [ 1 -1]
four_Sdz = 
 [[ 0.5  0.   0.   0.   0.   0.   0.   0. ]
 [ 0.  -0.5  0.  -0.   0.  -0.   0.  -0. ]
 [ 0.   0.   0.5  0.   0.   0.   0.   0. ]
 [ 0.  -0.   0.  -0.5  0.  -0.   0.  -0. ]
 [ 0.   0.   0.   0.   0.5  0.   0.   0. ]
 [ 0.  -0.   0.  -0.   0.  -0.5  0.  -0. ]
 [ 0.   0.   0.   0.   0.   0.   0.5  0. ]
 [ 0.  -0.   0.  -0.   0.  -0.   0.  -0.5]]
four_Sdminus = 
 [[0. 0. 0. 0. 0. 0. 0. 0.]
 [1. 0. 0. 0. 0. 0. 0. 0.]
 [0. 0. 0. 0. 0. 0. 0. 0.]
 [0. 0. 1. 0. 0. 0. 0. 0.]
 [0. 0. 0. 0. 0. 0. 0. 0.]
 [0. 0. 0. 0. 1. 0. 0. 0.]
 [0. 0. 0. 0. 0. 0. 0. 0.]
 [0. 0. 0. 0. 0. 0. 1. 0.]]
four_Sdplus = 
 [[0. 1. 0. 0. 0. 0. 0. 0.]
 [0. 0. 0. 0. 0. 0. 0. 0.]
 [0. 0. 0. 1. 0. 0. 0. 0.]
 [0. 0. 0. 0. 0. 0. 0. 0.]
 [0. 0. 0. 0. 0. 1. 0. 0.]
 [0. 0. 0. 0. 0. 0. 0. 0.]
 [0. 0. 0. 0. 0. 0. 0. 1.]
 [0. 0. 0. 0. 0. 0. 0. 0.]]
>>> (0, 1, 0)
>>> (0, -1, 0)
>>> (1, 2, 0)
>>> (1, 0, 0)
>>> (1, -2, 0)
>>> (2, 1, 0)
>>> (2, -1, 0)
>>> (0, 1, 0)
>>> (0, -1, 0)
>>> (1, 2, 0)
>>> (1, 0, 0)
>>> (1, -2, 0)
>>> (2, 1, 0)
>>> (2, -1, 0)

 ######################################## 
Constructed builder
 ######################################## 

Environment initialization | Nsites =    32 | Center =     0
 INIT-R <-- Site =   29 ..  Bmem =   256 B Rmem =   256 B T = 0.98
 INIT-R <-- Site =   28 ..  Bmem = 3.19 KB Rmem = 3.19 KB T = 0.16
 INIT-R <-- Site =   27 ..  Bmem = 37.5 KB Rmem = 37.5 KB T = 0.26
 INIT-R <-- Site =   26 ..  Bmem =  475 KB Rmem =  188 KB T = 0.27
 INIT-R <-- Site =   25 ..  Bmem = 2.45 MB Rmem =  152 KB T = 0.03
 INIT-R <-- Site =   24 ..  Bmem = 2.05 MB Rmem =  132 KB T = 0.10
 INIT-R <-- Site =   23 ..  Bmem = 1.84 MB Rmem =  124 KB T = 0.64
 INIT-R <-- Site =   22 ..  Bmem = 1.75 MB Rmem =  110 KB T = 0.30
 INIT-R <-- Site =   21 ..  Bmem = 1.57 MB Rmem =  110 KB T = 0.27
 INIT-R <-- Site =   20 ..  Bmem = 1.58 MB Rmem = 98.8 KB T = 0.03
 INIT-R <-- Site =   19 ..  Bmem = 1.44 MB Rmem = 85.9 KB T = 0.03
 INIT-R <-- Site =   18 ..  Bmem = 1.25 MB Rmem = 88.9 KB T = 0.02
 INIT-R <-- Site =   17 ..  Bmem = 1.30 MB Rmem = 84.7 KB T = 0.01
 INIT-R <-- Site =   16 ..  Bmem = 1.26 MB Rmem = 87.0 KB T = 0.03
 INIT-R <-- Site =   15 ..  Bmem = 1.29 MB Rmem = 85.8 KB T = 0.02
 INIT-R <-- Site =   14 ..  Bmem = 1.28 MB Rmem = 88.0 KB T = 0.02
 INIT-R <-- Site =   13 ..  Bmem = 1.31 MB Rmem = 96.0 KB T = 0.10
 INIT-R <-- Site =   12 ..  Bmem = 1.44 MB Rmem = 91.2 KB T = 0.06
 INIT-R <-- Site =   11 ..  Bmem = 1.36 MB Rmem = 76.2 KB T = 0.06
 INIT-R <-- Site =   10 ..  Bmem = 1.15 MB Rmem = 72.8 KB T = 0.05
 INIT-R <-- Site =    9 ..  Bmem = 6.17 MB Rmem = 79.6 KB T = 0.17
 INIT-R <-- Site =    8 ..  Bmem = 3.34 MB Rmem = 66.1 KB T = 0.10
 INIT-R <-- Site =    7 ..  Bmem = 1.00 MB Rmem = 71.7 KB T = 0.33
 INIT-R <-- Site =    6 ..  Bmem = 1.09 MB Rmem = 77.4 KB T = 0.18
 INIT-R <-- Site =    5 ..  Bmem = 1.18 MB Rmem = 83.3 KB T = 0.13
 INIT-R <-- Site =    4 ..  Bmem = 1.27 MB Rmem = 89.5 KB T = 0.14
 INIT-R <-- Site =    3 ..  Bmem = 1.37 MB Rmem = 95.9 KB T = 0.11
 INIT-R <-- Site =    2 ..  Bmem = 1.46 MB Rmem =  103 KB T = 0.16
 INIT-R <-- Site =    1 ..  Bmem = 1.57 MB Rmem =  109 KB T = 0.23
 INIT-R <-- Site =    0 ..  Bmem = 1.67 MB Rmem =  116 KB T = 0.34
Time init sweep =        5.355 | MaxBmem = 6.17 MB | MaxRmem = 79.6 KB
 | Tread = 0.000 | Twrite = 3.281 | Tfpread = 0.000 | Tfpwrite = 1.712 | data = 2.64 MB | cpsd = 1.79 MB | Tasync = 0.000


Sweep =    0 | Direction =  forward | Bond dimension =  150 | Noise =  1.00e-02 | Dav threshold =  1.00e-06
 --> Site =    0-   1 .. Mmps =    4 Ndav =  14 E =   -142.1986038786 Error = 0.00e+00 FLOPS = 5.56e+03 Tdav = 0.81 T = 1.86
 --> Site =    1-   2 .. Mmps =   16 Ndav =   5 E =   -227.3648837917 Error = 0.00e+00 FLOPS = 6.60e+06 Tdav = 0.00 T = 0.56
 --> Site =    2-   3 .. Mmps =   56 Ndav =   5 E =   -288.9855647236 Error = 0.00e+00 FLOPS = 1.01e+06 Tdav = 0.04 T = 0.17
 --> Site =    3-   4 .. Mmps =  150 Ndav =  10 E =   -400.0284112008 Error = 6.84e-46 FLOPS = 1.13e+07 Tdav = 0.04 T = 0.85
 --> Site =    4-   5 .. Mmps =  150 Ndav =   3 E =   -400.0416679846 Error = 4.38e-37 FLOPS = 2.69e+08 Tdav = 0.00 T = 3.49
 --> Site =    5-   6 .. Mmps =  150 Ndav =   2 E =   -400.0416712992 Error = 1.73e-33 FLOPS = 1.48e+08 Tdav = 0.00 T = 2.51
 --> Site =    6-   7 .. Mmps =  150 Ndav =   1 E =   -400.0416712992 Error = 4.28e-41 FLOPS = 1.40e+08 Tdav = 0.00 T = 1.86
 --> Site =    7-   8 .. Mmps =  150 Ndav =   1 E =   -400.0416712992 Error = 1.93e-44 FLOPS = 2.41e+08 Tdav = 0.00 T = 0.90
 --> Site =    8-   9 .. Mmps =  150 Ndav =   1 E =   -400.0416712992 Error = 3.75e-47 FLOPS = 2.09e+08 Tdav = 0.00 T = 1.27
 --> Site =    9-  10 .. Mmps =  150 Ndav =   1 E =   -400.0416712992 Error = 1.77e-48 FLOPS = 1.42e+08 Tdav = 0.00 T = 0.46
 --> Site =   10-  11 .. Mmps =  150 Ndav =   1 E =   -400.0416712992 Error = 3.74e-36 FLOPS = 3.02e+08 Tdav = 0.00 T = 0.85
 --> Site =   11-  12 .. Mmps =  150 Ndav =   1 E =   -400.0416712992 Error = 2.63e-42 FLOPS = 1.07e+08 Tdav = 0.00 T = 1.04
 --> Site =   12-  13 .. Mmps =  150 Ndav =   1 E =   -400.0416712992 Error = 1.29e-47 FLOPS = 1.79e+08 Tdav = 0.00 T = 1.13
 --> Site =   13-  14 .. Mmps =  150 Ndav =   1 E =   -400.0416712992 Error = 4.00e-50 FLOPS = 1.94e+08 Tdav = 0.00 T = 0.79
 --> Site =   14-  15 .. Mmps =  150 Ndav =   1 E =   -400.0416712992 Error = 2.94e-50 FLOPS = 2.14e+08 Tdav = 0.00 T = 1.04
 --> Site =   15-  16 .. Mmps =  150 Ndav =   1 E =   -400.0416712992 Error = 8.96e-50 FLOPS = 2.19e+08 Tdav = 0.00 T = 0.58
 --> Site =   16-  17 .. Mmps =  150 Ndav =   1 E =   -400.0416712992 Error = 5.77e-51 FLOPS = 2.11e+08 Tdav = 0.00 T = 0.56
 --> Site =   17-  18 .. Mmps =  150 Ndav =   1 E =   -400.0416712992 Error = 1.85e-51 FLOPS = 1.40e+08 Tdav = 0.00 T = 0.35
 --> Site =   18-  19 .. Mmps =  150 Ndav =   1 E =   -400.0416712992 Error = 3.63e-51 FLOPS = 2.10e+08 Tdav = 0.00 T = 0.88
 --> Site =   19-  20 .. Mmps =  150 Ndav =   1 E =   -400.0416712992 Error = 2.63e-51 FLOPS = 1.26e+08 Tdav = 0.00 T = 0.23
 --> Site =   20-  21 .. Mmps =  150 Ndav =   1 E =   -400.0416712992 Error = 7.70e-53 FLOPS = 2.31e+08 Tdav = 0.00 T = 0.11
 --> Site =   21-  22 .. Mmps =  150 Ndav =   1 E =   -400.0416712992 Error = 4.20e-52 FLOPS = 2.26e+08 Tdav = 0.00 T = 0.13
 --> Site =   22-  23 .. Mmps =  150 Ndav =   1 E =   -400.0416712992 Error = 2.26e-52 FLOPS = 2.43e+08 Tdav = 0.00 T = 0.13
 --> Site =   23-  24 .. Mmps =  150 Ndav =   1 E =   -400.0416712992 Error = 9.12e-53 FLOPS = 1.13e+08 Tdav = 0.00 T = 0.11
 --> Site =   24-  25 .. Mmps =  150 Ndav =   1 E =   -400.0416712992 Error = 5.36e-54 FLOPS = 2.34e+08 Tdav = 0.00 T = 0.14
 --> Site =   25-  26 .. Mmps =  150 Ndav =   1 E =   -400.0416712992 Error = 1.31e-52 FLOPS = 2.28e+08 Tdav = 0.00 T = 0.98
 --> Site =   26-  27 .. Mmps =  150 Ndav =   1 E =   -400.0416712992 Error = 3.01e-53 FLOPS = 3.42e+08 Tdav = 0.00 T = 0.07
 --> Site =   27-  28 .. Mmps =  150 Ndav =   1 E =   -400.0416712992 Error = 5.23e-47 FLOPS = 2.32e+08 Tdav = 0.00 T = 0.44
 --> Site =   28-  29 .. Mmps =  150 Ndav =   1 E =   -400.0416712992 Error = 6.61e-45 FLOPS = 2.78e+08 Tdav = 0.00 T = 0.65
 --> Site =   29-  30 .. Mmps =  150 Ndav =   1 E =   -400.0416712992 Error = 2.14e-48 FLOPS = 2.36e+08 Tdav = 0.00 T = 0.75
 --> Site =   30-  31 .. Mmps =  150 Ndav =   1 E =   -400.0416712992 Error = 0.00e+00 FLOPS = 8.61e+07 Tdav = 0.00 T = 0.90
Time elapsed =     25.859 | E =    -400.0416712992 | DW = 1.73e-33
Time sweep =       25.859 | 7.20 MFLOP/SWP
 | Dmem = 420 KB (16%) | Imem = 829 KB (87%) | Hmem = 17.3 MB | Wmem = 35.3 KB | Pmem = 216 KB
 | Tread = 4.432 | Twrite = 10.987 | Tfpread = 0.211 | Tfpwrite = 8.482 | Tmporead = 0.000 | Tasync = 0.000
 | data = 7.55 MB | cpsd = 2.33 MB
 | Trot = 0.199 | Tctr = 0.064 | Tint = 0.013 | Tmid = 0.000 | Tdctr = 1.881 | Tdiag = 0.423 | Tinfo = 1.254
 | Teff = 5.598 | Tprt = 1.154 | Teig = 0.944 | Tblk = 13.145 | Tmve = 12.646 | Tdm = 0.058 | Tsplt = 0.767 | Tsvd = 0.000 | Torth = 0.001

Sweep =    1 | Direction = backward | Bond dimension =  150 | Noise =  1.00e-03 | Dav threshold =  1.00e-06
 <-- Site =   30-  31 .. Mmps =    4 Ndav =   1 E =   -400.0416712992 Error = 0.00e+00 FLOPS = 1.42e+08 Tdav = 0.00 T = 0.16
 <-- Site =   29-  30 .. Mmps =   16 Ndav =   1 E =   -400.0416712992 Error = 0.00e+00 FLOPS = 1.36e+08 Tdav = 0.00 T = 0.38
 <-- Site =   28-  29 .. Mmps =   53 Ndav =   1 E =   -400.0416712992 Error = 0.00e+00 FLOPS = 1.86e+08 Tdav = 0.00 T = 0.02
 <-- Site =   27-  28 .. Mmps =  141 Ndav =   1 E =   -400.0416712992 Error = 0.00e+00 FLOPS = 2.48e+08 Tdav = 0.00 T = 0.03
 <-- Site =   26-  27 .. Mmps =  150 Ndav =   1 E =   -400.0416712992 Error = 2.38e-49 FLOPS = 4.29e+08 Tdav = 0.00 T = 0.91
 <-- Site =   25-  26 .. Mmps =  150 Ndav =   1 E =   -400.0416712992 Error = 2.23e-42 FLOPS = 1.49e+08 Tdav = 0.01 T = 0.68
 <-- Site =   24-  25 .. Mmps =  150 Ndav =   1 E =   -400.0416712992 Error = 1.13e-40 FLOPS = 1.49e+08 Tdav = 0.01 T = 0.60
 <-- Site =   23-  24 .. Mmps =  150 Ndav =   1 E =   -400.0416712992 Error = 5.36e-40 FLOPS = 1.50e+08 Tdav = 0.01 T = 0.21
 <-- Site =   22-  23 .. Mmps =  150 Ndav =   1 E =   -400.0416712992 Error = 1.28e-39 FLOPS = 1.56e+08 Tdav = 0.01 T = 0.32
 <-- Site =   21-  22 .. Mmps =  150 Ndav =   1 E =   -400.0416712992 Error = 5.33e-39 FLOPS = 1.59e+08 Tdav = 0.01 T = 0.84
 <-- Site =   20-  21 .. Mmps =  150 Ndav =   1 E =   -400.0416712992 Error = 7.02e-39 FLOPS = 2.26e+08 Tdav = 0.01 T = 1.23
 <-- Site =   19-  20 .. Mmps =  150 Ndav =   1 E =   -400.0416712992 Error = 1.27e-38 FLOPS = 1.64e+08 Tdav = 0.02 T = 0.33
 <-- Site =   18-  19 .. Mmps =  150 Ndav =   1 E =   -400.0416712992 Error = 6.85e-39 FLOPS = 2.83e+08 Tdav = 0.01 T = 0.57
 <-- Site =   17-  18 .. Mmps =  150 Ndav =   1 E =   -400.0416712992 Error = 1.19e-38 FLOPS = 2.00e+08 Tdav = 0.01 T = 0.44
 <-- Site =   16-  17 .. Mmps =  150 Ndav =   1 E =   -400.0416712992 Error = 3.52e-38 FLOPS = 1.96e+08 Tdav = 0.01 T = 0.68
 <-- Site =   15-  16 .. Mmps =  150 Ndav =   1 E =   -400.0416712992 Error = 1.03e-37 FLOPS = 2.60e+08 Tdav = 0.01 T = 1.48
 <-- Site =   14-  15 .. Mmps =  150 Ndav =   1 E =   -400.0416712992 Error = 2.25e-37 FLOPS = 2.84e+08 Tdav = 0.01 T = 1.98
 <-- Site =   13-  14 .. Mmps =  150 Ndav =   1 E =   -400.0416712992 Error = 7.33e-37 FLOPS = 1.65e+08 Tdav = 0.02 T = 1.46
 <-- Site =   12-  13 .. Mmps =  150 Ndav =   1 E =   -400.0416712992 Error = 1.90e-36 FLOPS = 1.81e+08 Tdav = 0.02 T = 2.20
 <-- Site =   11-  12 .. Mmps =  150 Ndav =   1 E =   -400.0416712992 Error = 8.45e-36 FLOPS = 1.89e+08 Tdav = 0.02 T = 2.62
 <-- Site =   10-  11 .. Mmps =  150 Ndav =   1 E =   -400.0416712992 Error = 7.90e-34 FLOPS = 3.38e+08 Tdav = 0.04 T = 0.63
 <-- Site =    9-  10 .. Mmps =  150 Ndav =   1 E =   -400.0416712992 Error = 2.88e-35 FLOPS = 4.35e+08 Tdav = 0.01 T = 3.46
 <-- Site =    8-   9 .. Mmps =  150 Ndav =   1 E =   -400.0416712992 Error = 5.53e-35 FLOPS = 4.90e+08 Tdav = 0.01 T = 1.04
 <-- Site =    7-   8 .. Mmps =  150 Ndav =   1 E =   -400.0416712992 Error = 3.00e-34 FLOPS = 8.02e+08 Tdav = 0.00 T = 1.60
 <-- Site =    6-   7 .. Mmps =  150 Ndav =   1 E =   -400.0416712992 Error = 2.51e-33 FLOPS = 4.03e+08 Tdav = 0.01 T = 0.50
 <-- Site =    5-   6 .. Mmps =  150 Ndav =   1 E =   -400.0416712992 Error = 3.78e-32 FLOPS = 1.37e+08 Tdav = 0.03 T = 0.68
 <-- Site =    4-   5 .. Mmps =  150 Ndav =   1 E =   -400.0416712992 Error = 1.35e-30 FLOPS = 7.73e+08 Tdav = 0.00 T = 0.42
 <-- Site =    3-   4 .. Mmps =  150 Ndav =   1 E =   -400.0416712992 Error = 7.66e-31 FLOPS = 6.35e+08 Tdav = 0.00 T = 0.76
 <-- Site =    2-   3 .. Mmps =  150 Ndav =   1 E =   -400.0416712992 Error = 1.09e-31 FLOPS = 2.27e+08 Tdav = 0.00 T = 1.33
 <-- Site =    1-   2 .. Mmps =  150 Ndav =   1 E =   -400.0416712992 Error = 9.63e-33 FLOPS = 2.08e+08 Tdav = 0.00 T = 0.49
 <-- Site =    0-   1 .. Mmps =  150 Ndav =   1 E =   -400.0416712992 Error = 1.80e-45 FLOPS = 1.52e+08 Tdav = 0.00 T = 0.24
Time elapsed =     54.156 | E =    -400.0416712992 | DE = -3.41e-13 | DW = 1.35e-30
Time sweep =       28.298 | 75.3 MFLOP/SWP
 | Dmem = 842 KB (57%) | Imem = 37.2 KB (96%) | Hmem = 25.1 MB | Wmem = 243 KB | Pmem = 1.88 MB
 | Tread = 1.664 | Twrite = 15.341 | Tfpread = 0.109 | Tfpwrite = 13.470 | Tmporead = 0.000 | Tasync = 0.000
 | data = 7.12 MB | cpsd = 2.47 MB
 | Trot = 0.208 | Tctr = 0.073 | Tint = 0.010 | Tmid = 0.000 | Tdctr = 0.003 | Tdiag = 0.244 | Tinfo = 0.727
 | Teff = 2.561 | Tprt = 3.481 | Teig = 0.324 | Tblk = 11.810 | Tmve = 16.484 | Tdm = 0.032 | Tsplt = 0.500 | Tsvd = 0.000 | Torth = 0.000

Sweep =    2 | Direction =  forward | Bond dimension =  150 | Noise =  1.00e-04 | Dav threshold =  1.00e-06
 --> Site =    0-   1 .. Mmps =    4 Ndav =   1 E =   -400.0416712992 Error = 0.00e+00 FLOPS = 1.88e+08 Tdav = 0.00 T = 0.23
 --> Site =    1-   2 .. Mmps =   16 Ndav =   1 E =   -400.0416712992 Error = 0.00e+00 FLOPS = 4.07e+08 Tdav = 0.00 T = 0.37
 --> Site =    2-   3 .. Mmps =   56 Ndav =   1 E =   -400.0416712992 Error = 0.00e+00 FLOPS = 4.19e+08 Tdav = 0.00 T = 0.65
 --> Site =    3-   4 .. Mmps =  150 Ndav =   1 E =   -400.0416712992 Error = 1.41e-42 FLOPS = 6.58e+08 Tdav = 0.00 T = 0.49
 --> Site =    4-   5 .. Mmps =  150 Ndav =   1 E =   -400.0416712992 Error = 1.15e-30 FLOPS = 7.69e+08 Tdav = 0.00 T = 1.04
 --> Site =    5-   6 .. Mmps =  150 Ndav =   1 E =   -400.0416712992 Error = 2.91e-30 FLOPS = 7.56e+08 Tdav = 0.00 T = 0.82
 --> Site =    6-   7 .. Mmps =  150 Ndav =   1 E =   -400.0416712992 Error = 3.03e-30 FLOPS = 8.69e+08 Tdav = 0.00 T = 0.65
 --> Site =    7-   8 .. Mmps =  150 Ndav =   1 E =   -400.0416712992 Error = 2.16e-30 FLOPS = 4.15e+08 Tdav = 0.01 T = 0.62
 --> Site =    8-   9 .. Mmps =  150 Ndav =   1 E =   -400.0416712992 Error = 1.99e-30 FLOPS = 4.26e+08 Tdav = 0.01 T = 0.31
 --> Site =    9-  10 .. Mmps =  150 Ndav =   1 E =   -400.0416712992 Error = 3.94e-31 FLOPS = 6.42e+08 Tdav = 0.01 T = 0.88
 --> Site =   10-  11 .. Mmps =  150 Ndav =   1 E =   -400.0416712992 Error = 4.86e-28 FLOPS = 5.22e+08 Tdav = 0.04 T = 1.19
 --> Site =   11-  12 .. Mmps =  150 Ndav =   1 E =   -400.0416712992 Error = 3.42e-34 FLOPS = 1.02e+09 Tdav = 0.01 T = 0.73
 --> Site =   12-  13 .. Mmps =  150 Ndav =   1 E =   -400.0416712992 Error = 5.82e-35 FLOPS = 4.12e+08 Tdav = 0.01 T = 0.92
 --> Site =   13-  14 .. Mmps =  150 Ndav =   1 E =   -400.0416712992 Error = 1.48e-34 FLOPS = 4.08e+08 Tdav = 0.01 T = 1.25
 --> Site =   14-  15 .. Mmps =  150 Ndav =   1 E =   -400.0416712992 Error = 3.09e-34 FLOPS = 4.35e+08 Tdav = 0.01 T = 1.25
 --> Site =   15-  16 .. Mmps =  150 Ndav =   1 E =   -400.0416712992 Error = 1.42e-35 FLOPS = 4.27e+08 Tdav = 0.01 T = 0.70
 --> Site =   16-  17 .. Mmps =  150 Ndav =   1 E =   -400.0416712992 Error = 1.92e-35 FLOPS = 9.06e+08 Tdav = 0.00 T = 0.73
 --> Site =   17-  18 .. Mmps =  150 Ndav =   1 E =   -400.0416712992 Error = 3.28e-36 FLOPS = 8.16e+08 Tdav = 0.00 T = 1.02
 --> Site =   18-  19 .. Mmps =  150 Ndav =   1 E =   -400.0416712992 Error = 4.62e-37 FLOPS = 4.14e+08 Tdav = 0.01 T = 0.90
 --> Site =   19-  20 .. Mmps =  150 Ndav =   1 E =   -400.0416712992 Error = 1.19e-37 FLOPS = 8.21e+08 Tdav = 0.00 T = 1.19
 --> Site =   20-  21 .. Mmps =  150 Ndav =   1 E =   -400.0416712992 Error = 2.33e-38 FLOPS = 3.65e+08 Tdav = 0.01 T = 0.73
 --> Site =   21-  22 .. Mmps =  150 Ndav =   1 E =   -400.0416712992 Error = 1.07e-38 FLOPS = 7.60e+08 Tdav = 0.00 T = 1.30
 --> Site =   22-  23 .. Mmps =  150 Ndav =   1 E =   -400.0416712992 Error = 2.90e-39 FLOPS = 3.53e+08 Tdav = 0.01 T = 0.90
 --> Site =   23-  24 .. Mmps =  150 Ndav =   1 E =   -400.0416712992 Error = 6.78e-40 FLOPS = 3.21e+08 Tdav = 0.01 T = 2.03
 --> Site =   24-  25 .. Mmps =  150 Ndav =   1 E =   -400.0416712992 Error = 1.47e-40 FLOPS = 6.63e+08 Tdav = 0.00 T = 0.14
 --> Site =   25-  26 .. Mmps =  150 Ndav =   1 E =   -400.0416712992 Error = 3.43e-41 FLOPS = 3.14e+08 Tdav = 0.00 T = 0.44
 --> Site =   26-  27 .. Mmps =  150 Ndav =   1 E =   -400.0416712992 Error = 4.66e-42 FLOPS = 2.48e+08 Tdav = 0.00 T = 2.65
 --> Site =   27-  28 .. Mmps =  150 Ndav =   1 E =   -400.0416712992 Error = 1.71e-42 FLOPS = 3.95e+08 Tdav = 0.00 T = 2.99
 --> Site =   28-  29 .. Mmps =  150 Ndav =   1 E =   -400.0416712992 Error = 2.26e-44 FLOPS = 2.98e+08 Tdav = 0.00 T = 1.49
 --> Site =   29-  30 .. Mmps =  150 Ndav =   1 E =   -400.0416712992 Error = 3.82e-49 FLOPS = 1.46e+08 Tdav = 0.00 T = 0.74
 --> Site =   30-  31 .. Mmps =  150 Ndav =   1 E =   -400.0416712992 Error = 1.70e-65 FLOPS = 1.72e+08 Tdav = 0.00 T = 0.87
Time elapsed =     84.372 | E =    -400.0416712992 | DE = 5.68e-14 | DW = 4.86e-28
Time sweep =       30.215 | 87.8 MFLOP/SWP
 | Dmem = 962 KB (62%) | Imem = 32.4 KB (96%) | Hmem = 26.1 MB | Wmem = 301 KB | Pmem = 2.20 MB
 | Tread = 6.885 | Twrite = 12.509 | Tfpread = 0.294 | Tfpwrite = 8.512 | Tmporead = 0.000 | Tasync = 0.000
 | data = 8.10 MB | cpsd = 2.55 MB
 | Trot = 0.195 | Tctr = 0.098 | Tint = 0.009 | Tmid = 0.000 | Tdctr = 3.058 | Tdiag = 0.242 | Tinfo = 0.673
 | Teff = 7.918 | Tprt = 2.119 | Teig = 0.176 | Tblk = 16.622 | Tmve = 13.591 | Tdm = 0.035 | Tsplt = 0.509 | Tsvd = 0.000 | Torth = 0.000

Sweep =    3 | Direction = backward | Bond dimension =  200 | Noise =  1.00e-05 | Dav threshold =  1.00e-06
 <-- Site =   30-  31 .. Mmps =    4 Ndav =   1 E =   -400.0416712992 Error = 0.00e+00 FLOPS = 1.66e+08 Tdav = 0.00 T = 0.01
 <-- Site =   29-  30 .. Mmps =   15 Ndav =   1 E =   -400.0416712992 Error = 0.00e+00 FLOPS = 2.60e+08 Tdav = 0.00 T = 0.33
 <-- Site =   28-  29 .. Mmps =   41 Ndav =   1 E =   -400.0416712992 Error = 0.00e+00 FLOPS = 1.75e+08 Tdav = 0.00 T = 0.12
 <-- Site =   27-  28 .. Mmps =   89 Ndav =   1 E =   -400.0416712992 Error = 0.00e+00 FLOPS = 4.09e+08 Tdav = 0.00 T = 0.29
 <-- Site =   26-  27 .. Mmps =  166 Ndav =   1 E =   -400.0416712992 Error = 0.00e+00 FLOPS = 2.57e+08 Tdav = 0.00 T = 0.15
 <-- Site =   25-  26 .. Mmps =  200 Ndav =   1 E =   -400.0416712992 Error = 1.58e-49 FLOPS = 5.90e+08 Tdav = 0.00 T = 0.69
 <-- Site =   24-  25 .. Mmps =  200 Ndav =   1 E =   -400.0416712992 Error = 5.70e-45 FLOPS = 7.02e+08 Tdav = 0.00 T = 0.41
 <-- Site =   23-  24 .. Mmps =  200 Ndav =   1 E =   -400.0416712992 Error = 2.39e-43 FLOPS = 4.40e+08 Tdav = 0.01 T = 0.70
 <-- Site =   22-  23 .. Mmps =  200 Ndav =   1 E =   -400.0416712992 Error = 2.38e-42 FLOPS = 4.21e+08 Tdav = 0.01 T = 0.32
 <-- Site =   21-  22 .. Mmps =  200 Ndav =   1 E =   -400.0416712992 Error = 6.54e-42 FLOPS = 1.69e+08 Tdav = 0.02 T = 0.39
 <-- Site =   20-  21 .. Mmps =  200 Ndav =   1 E =   -400.0416712992 Error = 1.73e-41 FLOPS = 8.15e+08 Tdav = 0.01 T = 1.23
 <-- Site =   19-  20 .. Mmps =  200 Ndav =   1 E =   -400.0416712992 Error = 5.09e-41 FLOPS = 4.70e+08 Tdav = 0.01 T = 0.66
 <-- Site =   18-  19 .. Mmps =  200 Ndav =   1 E =   -400.0416712992 Error = 1.87e-40 FLOPS = 9.57e+08 Tdav = 0.01 T = 0.97
 <-- Site =   17-  18 .. Mmps =  200 Ndav =   1 E =   -400.0416712992 Error = 7.91e-40 FLOPS = 4.76e+08 Tdav = 0.01 T = 0.21
 <-- Site =   16-  17 .. Mmps =  200 Ndav =   1 E =   -400.0416712992 Error = 2.70e-39 FLOPS = 4.89e+08 Tdav = 0.01 T = 0.45
 <-- Site =   15-  16 .. Mmps =  200 Ndav =   1 E =   -400.0416712992 Error = 1.01e-38 FLOPS = 1.00e+09 Tdav = 0.01 T = 0.48
 <-- Site =   14-  15 .. Mmps =  200 Ndav =   1 E =   -400.0416712992 Error = 3.55e-38 FLOPS = 1.05e+09 Tdav = 0.01 T = 0.74
 <-- Site =   13-  14 .. Mmps =  200 Ndav =   1 E =   -400.0416712992 Error = 1.41e-37 FLOPS = 4.77e+08 Tdav = 0.01 T = 0.38
 <-- Site =   12-  13 .. Mmps =  200 Ndav =   1 E =   -400.0416712992 Error = 5.65e-37 FLOPS = 4.66e+08 Tdav = 0.01 T = 1.12
 <-- Site =   11-  12 .. Mmps =  200 Ndav =   1 E =   -400.0416712992 Error = 2.68e-36 FLOPS = 4.13e+08 Tdav = 0.02 T = 0.78
 <-- Site =   10-  11 .. Mmps =  200 Ndav =   1 E =   -400.0416712992 Error = 4.70e-34 FLOPS = 4.62e+08 Tdav = 0.07 T = 1.09
 <-- Site =    9-  10 .. Mmps =  200 Ndav =   1 E =   -400.0416712992 Error = 1.16e-35 FLOPS = 3.18e+08 Tdav = 0.04 T = 0.62
 <-- Site =    8-   9 .. Mmps =  200 Ndav =   1 E =   -400.0416712992 Error = 1.12e-34 FLOPS = 3.01e+08 Tdav = 0.02 T = 0.94
 <-- Site =    7-   8 .. Mmps =  200 Ndav =   1 E =   -400.0416712992 Error = 1.12e-33 FLOPS = 9.67e+08 Tdav = 0.01 T = 0.69
 <-- Site =    6-   7 .. Mmps =  200 Ndav =   1 E =   -400.0416712992 Error = 1.13e-32 FLOPS = 9.60e+08 Tdav = 0.01 T = 1.06
 <-- Site =    5-   6 .. Mmps =  200 Ndav =   1 E =   -400.0416712992 Error = 3.00e-32 FLOPS = 4.89e+08 Tdav = 0.01 T = 1.99
 <-- Site =    4-   5 .. Mmps =  200 Ndav =   1 E =   -400.0416712992 Error = 7.76e-32 FLOPS = 8.65e+08 Tdav = 0.01 T = 0.82
 <-- Site =    3-   4 .. Mmps =  200 Ndav =   1 E =   -400.0416712992 Error = 3.58e-32 FLOPS = 7.86e+08 Tdav = 0.00 T = 0.78
 <-- Site =    2-   3 .. Mmps =  200 Ndav =   1 E =   -400.0416712992 Error = 6.65e-32 FLOPS = 3.13e+08 Tdav = 0.00 T = 0.89
 <-- Site =    1-   2 .. Mmps =  200 Ndav =   1 E =   -400.0416712992 Error = 2.90e-33 FLOPS = 3.81e+08 Tdav = 0.00 T = 0.59
 <-- Site =    0-   1 .. Mmps =  200 Ndav =   1 E =   -400.0416712992 Error = 9.35e-46 FLOPS = 1.19e+07 Tdav = 0.02 T = 1.08
Time elapsed =    105.350 | E =    -400.0416712992 | DE = 1.71e-13 | DW = 7.76e-32
Time sweep =       20.978 | 148 MFLOP/SWP
 | Dmem = 1.54 MB (50%) | Imem = 27.8 KB (96%) | Hmem = 40.8 MB | Wmem = 399 KB | Pmem = 2.96 MB
 | Tread = 2.382 | Twrite = 9.207 | Tfpread = 0.200 | Tfpwrite = 6.891 | Tmporead = 0.000 | Tasync = 0.000
 | data = 14.6 MB | cpsd = 4.90 MB
 | Trot = 0.450 | Tctr = 0.246 | Tint = 0.037 | Tmid = 0.000 | Tdctr = 0.003 | Tdiag = 0.180 | Tinfo = 1.186
 | Teff = 3.145 | Tprt = 2.771 | Teig = 0.344 | Tblk = 9.820 | Tmve = 11.156 | Tdm = 0.086 | Tsplt = 0.668 | Tsvd = 0.000 | Torth = 0.000

Sweep =    4 | Direction =  forward | Bond dimension =  200 | Noise =  0.00e+00 | Dav threshold =  1.00e-07
 --> Site =    0-   1 .. Mmps =    4 Ndav =   2 E =   -400.0416713014 Error = 0.00e+00 FLOPS = 3.18e+08 Tdav = 0.00 T = 0.15
 --> Site =    1-   2 .. Mmps =   16 Ndav =   1 E =   -400.0416713014 Error = 0.00e+00 FLOPS = 4.15e+08 Tdav = 0.00 T = 0.49
 --> Site =    2-   3 .. Mmps =   56 Ndav =   1 E =   -400.0416713014 Error = 0.00e+00 FLOPS = 5.52e+08 Tdav = 0.00 T = 0.56
 --> Site =    3-   4 .. Mmps =  170 Ndav =   1 E =   -400.0416713014 Error = 0.00e+00 FLOPS = 4.13e+08 Tdav = 0.01 T = 0.03
 --> Site =    4-   5 .. Mmps =  200 Ndav =   1 E =   -400.0416713014 Error = 3.15e-43 FLOPS = 8.93e+08 Tdav = 0.01 T = 0.95
 --> Site =    5-   6 .. Mmps =  200 Ndav =   1 E =   -400.0416713014 Error = 1.26e-35 FLOPS = 8.04e+08 Tdav = 0.01 T = 0.70
 --> Site =    6-   7 .. Mmps =  200 Ndav =   1 E =   -400.0416713014 Error = 1.99e-33 FLOPS = 8.33e+08 Tdav = 0.01 T = 0.66
 --> Site =    7-   8 .. Mmps =  200 Ndav =   1 E =   -400.0416713014 Error = 8.73e-33 FLOPS = 5.75e+08 Tdav = 0.02 T = 0.51
 --> Site =    8-   9 .. Mmps =  200 Ndav =   1 E =   -400.0416713014 Error = 1.61e-32 FLOPS = 5.98e+08 Tdav = 0.02 T = 0.11
 --> Site =    9-  10 .. Mmps =  200 Ndav =   1 E =   -400.0416713014 Error = 5.67e-33 FLOPS = 3.44e+08 Tdav = 0.07 T = 0.29
 --> Site =   10-  11 .. Mmps =  200 Ndav =   1 E =   -400.0416713014 Error = 4.79e-33 FLOPS = 5.47e+08 Tdav = 0.10 T = 0.85
 --> Site =   11-  12 .. Mmps =  200 Ndav =   1 E =   -400.0416713014 Error = 2.38e-34 FLOPS = 8.79e+08 Tdav = 0.02 T = 1.14
 --> Site =   12-  13 .. Mmps =  200 Ndav =   1 E =   -400.0416713014 Error = 2.38e-35 FLOPS = 2.81e+08 Tdav = 0.04 T = 1.58
 --> Site =   13-  14 .. Mmps =  200 Ndav =   1 E =   -400.0416713014 Error = 4.05e-36 FLOPS = 1.10e+09 Tdav = 0.01 T = 0.75
 --> Site =   14-  15 .. Mmps =  200 Ndav =   1 E =   -400.0416713014 Error = 5.57e-37 FLOPS = 5.85e+08 Tdav = 0.02 T = 1.17
 --> Site =   15-  16 .. Mmps =  200 Ndav =   1 E =   -400.0416713014 Error = 1.31e-37 FLOPS = 6.27e+08 Tdav = 0.02 T = 3.71
 --> Site =   16-  17 .. Mmps =  200 Ndav =   1 E =   -400.0416713014 Error = 2.51e-38 FLOPS = 1.23e+09 Tdav = 0.01 T = 0.78
 --> Site =   17-  18 .. Mmps =  200 Ndav =   1 E =   -400.0416713014 Error = 1.27e-38 FLOPS = 5.95e+08 Tdav = 0.02 T = 0.59
 --> Site =   18-  19 .. Mmps =  200 Ndav =   1 E =   -400.0416713014 Error = 2.28e-39 FLOPS = 1.16e+09 Tdav = 0.01 T = 0.73
 --> Site =   19-  20 .. Mmps =  200 Ndav =   1 E =   -400.0416713014 Error = 5.70e-40 FLOPS = 5.84e+08 Tdav = 0.02 T = 0.54
 --> Site =   20-  21 .. Mmps =  200 Ndav =   1 E =   -400.0416713014 Error = 3.09e-40 FLOPS = 1.09e+09 Tdav = 0.01 T = 2.69
 --> Site =   21-  22 .. Mmps =  200 Ndav =   1 E =   -400.0416713014 Error = 1.01e-40 FLOPS = 1.13e+09 Tdav = 0.01 T = 1.06
 --> Site =   22-  23 .. Mmps =  200 Ndav =   1 E =   -400.0416713014 Error = 3.76e-41 FLOPS = 5.04e+08 Tdav = 0.02 T = 1.22
 --> Site =   23-  24 .. Mmps =  200 Ndav =   1 E =   -400.0416713014 Error = 9.32e-42 FLOPS = 4.66e+08 Tdav = 0.02 T = 1.21
 --> Site =   24-  25 .. Mmps =  200 Ndav =   1 E =   -400.0416713014 Error = 4.64e-43 FLOPS = 9.11e+08 Tdav = 0.01 T = 0.84
 --> Site =   25-  26 .. Mmps =  200 Ndav =   1 E =   -400.0416713014 Error = 2.57e-47 FLOPS = 8.11e+08 Tdav = 0.01 T = 0.99
 --> Site =   26-  27 .. Mmps =  200 Ndav =   1 E =   -400.0416713014 Error = 1.87e-51 FLOPS = 3.48e+08 Tdav = 0.01 T = 0.67
 --> Site =   27-  28 .. Mmps =  200 Ndav =   1 E =   -400.0416713014 Error = 9.60e-54 FLOPS = 5.36e+08 Tdav = 0.00 T = 0.54
 --> Site =   28-  29 .. Mmps =  200 Ndav =   1 E =   -400.0416713014 Error = 3.39e-59 FLOPS = 2.11e+08 Tdav = 0.00 T = 1.35
 --> Site =   29-  30 .. Mmps =  200 Ndav =   1 E =   -400.0416713014 Error = 7.76e-76 FLOPS = 2.04e+08 Tdav = 0.00 T = 1.24
 --> Site =   30-  31 .. Mmps =  200 Ndav =   1 E =   -400.0416713014 Error = 0.00e+00 FLOPS = 1.30e+08 Tdav = 0.00 T = 0.65
Time elapsed =    134.090 | E =    -400.0416713014 | DE = -2.20e-09 | DW = 1.61e-32
Time sweep =       28.740 | 295 MFLOP/SWP
 | Dmem = 1.86 MB (59%) | Imem = 27.9 KB (96%) | Hmem = 53.3 MB | Wmem = 563 KB | Pmem = 0 B
 | Tread = 5.565 | Twrite = 12.585 | Tfpread = 0.348 | Tfpwrite = 9.603 | Tmporead = 0.000 | Tasync = 0.000
 | data = 14.6 MB | cpsd = 4.72 MB
 | Trot = 0.714 | Tctr = 0.573 | Tint = 0.084 | Tmid = 0.000 | Tdctr = 3.185 | Tdiag = 0.166 | Tinfo = 2.330
 | Teff = 6.787 | Tprt = 0.000 | Teig = 0.518 | Tblk = 12.368 | Tmve = 16.369 | Tdm = 0.033 | Tsplt = 0.881 | Tsvd = 0.000 | Torth = 0.000

Ground state energy (DMRG) = -400.041671
>>> Init compute time = 148.8033812046051

Time = 0.00
Total energy = -400.041671+0.000000j
WF norm = 1.000000+0.000000j
<Sz d=10> = -0.500000+0.000000j
<Sz d=11> = -0.500000+0.000000j
<C[10, 11]> = 0.000000
Total <occ_> = 5.000000
Total <sz_> = 2.500000
Total <Sdz_> = -1.000000
Total <pur_> = 1.000000
Total <conc_> = nan
TwoSdz_ladder =
 [ 1 -1]
four_Sdz = 
 [[ 0.5  0.   0.   0.   0.   0.   0.   0. ]
 [ 0.  -0.5  0.  -0.   0.  -0.   0.  -0. ]
 [ 0.   0.   0.5  0.   0.   0.   0.   0. ]
 [ 0.  -0.   0.  -0.5  0.  -0.   0.  -0. ]
 [ 0.   0.   0.   0.   0.5  0.   0.   0. ]
 [ 0.  -0.   0.  -0.   0.  -0.5  0.  -0. ]
 [ 0.   0.   0.   0.   0.   0.   0.5  0. ]
 [ 0.  -0.   0.  -0.   0.  -0.   0.  -0.5]]
four_Sdminus = 
 [[0. 0. 0. 0. 0. 0. 0. 0.]
 [1. 0. 0. 0. 0. 0. 0. 0.]
 [0. 0. 0. 0. 0. 0. 0. 0.]
 [0. 0. 1. 0. 0. 0. 0. 0.]
 [0. 0. 0. 0. 0. 0. 0. 0.]
 [0. 0. 0. 0. 1. 0. 0. 0.]
 [0. 0. 0. 0. 0. 0. 0. 0.]
 [0. 0. 0. 0. 0. 0. 1. 0.]]
four_Sdplus = 
 [[0. 1. 0. 0. 0. 0. 0. 0.]
 [0. 0. 0. 0. 0. 0. 0. 0.]
 [0. 0. 0. 1. 0. 0. 0. 0.]
 [0. 0. 0. 0. 0. 0. 0. 0.]
 [0. 0. 0. 0. 0. 1. 0. 0.]
 [0. 0. 0. 0. 0. 0. 0. 0.]
 [0. 0. 0. 0. 0. 0. 0. 1.]
 [0. 0. 0. 0. 0. 0. 0. 0.]]
>>> (0, 1, 0)
>>> (0, -1, 0)
>>> (1, 2, 0)
>>> (1, 0, 0)
>>> (1, -2, 0)
>>> (2, 1, 0)
>>> (2, -1, 0)
>>> (0, 1, 0)
>>> (0, -1, 0)
>>> (1, 2, 0)
>>> (1, 0, 0)
>>> (1, -2, 0)
>>> (2, 1, 0)
>>> (2, -1, 0)

 ######################################## 
Constructed builder
 ######################################## 


Build MPO | Nsites =    32 | Nterms =        135 | Algorithm = FastBIP | Cutoff = 1.00e-14
 Site =     0 /    32 .. Mmpo =     5 DW = 0.00e+00 NNZ =        5 SPT = 0.0000 Tmvc = 0.000 T = 0.000
 Site =     1 /    32 .. Mmpo =     6 DW = 0.00e+00 NNZ =        9 SPT = 0.7000 Tmvc = 0.000 T = 0.000
 Site =     2 /    32 .. Mmpo =     6 DW = 0.00e+00 NNZ =       10 SPT = 0.7222 Tmvc = 0.000 T = 0.000
 Site =     3 /    32 .. Mmpo =     6 DW = 0.00e+00 NNZ =       10 SPT = 0.7222 Tmvc = 0.000 T = 0.000
 Site =     4 /    32 .. Mmpo =     6 DW = 0.00e+00 NNZ =       10 SPT = 0.7222 Tmvc = 0.000 T = 0.000
 Site =     5 /    32 .. Mmpo =     6 DW = 0.00e+00 NNZ =       10 SPT = 0.7222 Tmvc = 0.000 T = 0.000
 Site =     6 /    32 .. Mmpo =     6 DW = 0.00e+00 NNZ =       10 SPT = 0.7222 Tmvc = 0.000 T = 0.000
 Site =     7 /    32 .. Mmpo =     6 DW = 0.00e+00 NNZ =       10 SPT = 0.7222 Tmvc = 0.000 T = 0.000
 Site =     8 /    32 .. Mmpo =     6 DW = 0.00e+00 NNZ =       10 SPT = 0.7222 Tmvc = 0.000 T = 0.000
 Site =     9 /    32 .. Mmpo =     6 DW = 0.00e+00 NNZ =       10 SPT = 0.7222 Tmvc = 0.000 T = 0.000
 Site =    10 /    32 .. Mmpo =     9 DW = 0.00e+00 NNZ =       14 SPT = 0.7407 Tmvc = 0.000 T = 0.001
 Site =    11 /    32 .. Mmpo =     6 DW = 0.00e+00 NNZ =       14 SPT = 0.7407 Tmvc = 0.000 T = 0.001
 Site =    12 /    32 .. Mmpo =     6 DW = 0.00e+00 NNZ =       10 SPT = 0.7222 Tmvc = 0.000 T = 0.000
 Site =    13 /    32 .. Mmpo =     6 DW = 0.00e+00 NNZ =       10 SPT = 0.7222 Tmvc = 0.000 T = 0.000
 Site =    14 /    32 .. Mmpo =     6 DW = 0.00e+00 NNZ =       10 SPT = 0.7222 Tmvc = 0.000 T = 0.000
 Site =    15 /    32 .. Mmpo =     6 DW = 0.00e+00 NNZ =       10 SPT = 0.7222 Tmvc = 0.000 T = 0.000
 Site =    16 /    32 .. Mmpo =     6 DW = 0.00e+00 NNZ =       10 SPT = 0.7222 Tmvc = 0.000 T = 0.000
 Site =    17 /    32 .. Mmpo =     6 DW = 0.00e+00 NNZ =       10 SPT = 0.7222 Tmvc = 0.000 T = 0.000
 Site =    18 /    32 .. Mmpo =     6 DW = 0.00e+00 NNZ =       10 SPT = 0.7222 Tmvc = 0.000 T = 0.000
 Site =    19 /    32 .. Mmpo =     6 DW = 0.00e+00 NNZ =       10 SPT = 0.7222 Tmvc = 0.000 T = 0.000
 Site =    20 /    32 .. Mmpo =     6 DW = 0.00e+00 NNZ =       10 SPT = 0.7222 Tmvc = 0.000 T = 0.000
 Site =    21 /    32 .. Mmpo =     6 DW = 0.00e+00 NNZ =       10 SPT = 0.7222 Tmvc = 0.000 T = 0.000
 Site =    22 /    32 .. Mmpo =     6 DW = 0.00e+00 NNZ =       10 SPT = 0.7222 Tmvc = 0.000 T = 0.000
 Site =    23 /    32 .. Mmpo =     6 DW = 0.00e+00 NNZ =       10 SPT = 0.7222 Tmvc = 0.000 T = 0.000
 Site =    24 /    32 .. Mmpo =     6 DW = 0.00e+00 NNZ =       10 SPT = 0.7222 Tmvc = 0.000 T = 0.000
 Site =    25 /    32 .. Mmpo =     6 DW = 0.00e+00 NNZ =       10 SPT = 0.7222 Tmvc = 0.000 T = 0.000
 Site =    26 /    32 .. Mmpo =     6 DW = 0.00e+00 NNZ =       10 SPT = 0.7222 Tmvc = 0.000 T = 0.000
 Site =    27 /    32 .. Mmpo =     6 DW = 0.00e+00 NNZ =       10 SPT = 0.7222 Tmvc = 0.000 T = 0.000
 Site =    28 /    32 .. Mmpo =     6 DW = 0.00e+00 NNZ =       10 SPT = 0.7222 Tmvc = 0.000 T = 0.000
 Site =    29 /    32 .. Mmpo =     6 DW = 0.00e+00 NNZ =       10 SPT = 0.7222 Tmvc = 0.000 T = 0.000
 Site =    30 /    32 .. Mmpo =     5 DW = 0.00e+00 NNZ =        9 SPT = 0.7000 Tmvc = 0.000 T = 0.000
 Site =    31 /    32 .. Mmpo =     1 DW = 0.00e+00 NNZ =        5 SPT = 0.0000 Tmvc = 0.000 T = 0.000
Ttotal =      0.012 Tmvc-total = 0.000 MPO bond dimension =     9 MaxDW = 0.00e+00
NNZ =          316 SIZE =         1114 SPT = 0.7163

Rank =     0 Ttotal =      0.014 MPO method = FastBipartite bond dimension =       9 NNZ =          316 SIZE =         1114 SPT = 0.7163


START TIME EVOLUTION (te_type = tdvp)

 ************************************************** 


Time Evolution  DELTA T = RE      0.00000000 + IM      0.10000000
Time Evolution TARGET T = RE      0.00000000 + IM      0.50000000
Time Evolution   NSTEPS =          5
Environment initialization | Nsites =    32 | Center =    30
 INIT-L --> Site =    1 ..  Bmem =   256 B Rmem =   256 B T = 0.04
 INIT-L --> Site =    2 ..  Bmem = 3.19 KB Rmem = 3.19 KB T = 0.01
 INIT-L --> Site =    3 ..  Bmem = 37.5 KB Rmem = 34.2 KB T = 0.01
 INIT-L --> Site =    4 ..  Bmem =  413 KB Rmem =  321 KB T = 0.01
 INIT-L --> Site =    5 ..  Bmem = 3.68 MB Rmem =  546 KB T = 0.02
 INIT-L --> Site =    6 ..  Bmem = 5.98 MB Rmem =  532 KB T = 0.04
 INIT-L --> Site =    7 ..  Bmem = 5.86 MB Rmem =  488 KB T = 0.17
 INIT-L --> Site =    8 ..  Bmem = 5.53 MB Rmem =  537 KB T = 0.24
 INIT-L --> Site =    9 ..  Bmem = 5.88 MB Rmem =  552 KB T = 0.15
 INIT-L --> Site =   10 ..  Bmem = 5.96 MB Rmem =  545 KB T = 0.11
 INIT-L --> Site =   11 ..  Bmem = 28.0 MB Rmem =  648 KB T = 0.31
 INIT-L --> Site =   12 ..  Bmem = 18.2 MB Rmem =  539 KB T = 0.33
 INIT-L --> Site =   13 ..  Bmem = 5.95 MB Rmem =  571 KB T = 0.18
 INIT-L --> Site =   14 ..  Bmem = 6.16 MB Rmem =  603 KB T = 0.56
 INIT-L --> Site =   15 ..  Bmem = 6.35 MB Rmem =  610 KB T = 0.20
 INIT-L --> Site =   16 ..  Bmem = 6.39 MB Rmem =  604 KB T = 0.26
 INIT-L --> Site =   17 ..  Bmem = 6.34 MB Rmem =  587 KB T = 0.23
 INIT-L --> Site =   18 ..  Bmem = 6.24 MB Rmem =  584 KB T = 0.02
 INIT-L --> Site =   19 ..  Bmem = 6.21 MB Rmem =  584 KB T = 0.03
 INIT-L --> Site =   20 ..  Bmem = 6.20 MB Rmem =  579 KB T = 0.03
 INIT-L --> Site =   21 ..  Bmem = 6.16 MB Rmem =  574 KB T = 0.22
 INIT-L --> Site =   22 ..  Bmem = 6.12 MB Rmem =  568 KB T = 0.15
 INIT-L --> Site =   23 ..  Bmem = 6.08 MB Rmem =  554 KB T = 0.18
 INIT-L --> Site =   24 ..  Bmem = 5.97 MB Rmem =  558 KB T = 0.12
 INIT-L --> Site =   25 ..  Bmem = 5.98 MB Rmem =  559 KB T = 0.17
 INIT-L --> Site =   26 ..  Bmem = 5.97 MB Rmem =  506 KB T = 0.18
 INIT-L --> Site =   27 ..  Bmem = 5.64 MB Rmem =  504 KB T = 0.26
 INIT-L --> Site =   28 ..  Bmem = 5.66 MB Rmem =  530 KB T = 0.24
 INIT-L --> Site =   29 ..  Bmem = 5.83 MB Rmem =  546 KB T = 0.17
 INIT-L --> Site =   30 ..  Bmem = 5.97 MB Rmem =  606 KB T = 0.17
Time init sweep =        4.795 | MaxBmem = 28.0 MB | MaxRmem =  648 KB
 | Tread = 0.000 | Twrite = 3.080 | Tfpread = 0.000 | Tfpwrite = 0.168 | data = 14.6 MB | cpsd = 4.69 MB | Tasync = 0.000

Sweep =    0 | Direction = backward | Beta = (0.00000,0.05000) | Bond dimension =  250 | Noise =  0.00e+00
 <-- Site =   30-  31 .. Mmps =    4 Nexpo =   42/  42 E = (-0.0583514600,0.0000000000) Error = 0.00e+00 FLOPS = 1.88e+08 Texpo = 0.05 T = 0.31
 <-- Site =   29-  30 .. Mmps =   15 Nexpo =   42/  42 E = (-0.0583514600,0.0000000000) Error = 0.00e+00 FLOPS = 4.17e+08 Texpo = 0.06 T = 0.18
 <-- Site =   28-  29 .. Mmps =   41 Nexpo =   42/  42 E = (-0.0583514600,0.0000000000) Error = 0.00e+00 FLOPS = 4.28e+08 Texpo = 0.11 T = 0.54
 <-- Site =   27-  28 .. Mmps =   89 Nexpo =   42/  42 E = (-0.0583514600,0.0000000000) Error = 0.00e+00 FLOPS = 6.01e+08 Texpo = 0.16 T = 0.26
 <-- Site =   26-  27 .. Mmps =  166 Nexpo =   42/  42 E = (-0.0583514600,0.0000000000) Error = 0.00e+00 FLOPS = 6.82e+08 Texpo = 0.28 T = 2.41
 <-- Site =   25-  26 .. Mmps =  250 Nexpo =   42/  42 E = (-0.0583514600,0.0000000000) Error = 0.00e+00 FLOPS = 8.02e+08 Texpo = 0.43 T = 1.42
 <-- Site =   24-  25 .. Mmps =  250 Nexpo =   42/  42 E = (-0.0583514600,0.0000000000) Error = 2.88e-65 FLOPS = 8.56e+08 Texpo = 0.56 T = 1.02
 <-- Site =   23-  24 .. Mmps =  250 Nexpo =   42/  42 E = (-0.0583514600,-0.0000000000) Error = 2.14e-60 FLOPS = 9.44e+08 Texpo = 0.63 T = 1.38
 <-- Site =   22-  23 .. Mmps =  250 Nexpo =   42/  42 E = (-0.0583514600,0.0000000000) Error = 4.27e-56 FLOPS = 1.00e+09 Texpo = 0.76 T = 2.15
 <-- Site =   21-  22 .. Mmps =  250 Nexpo =   42/  42 E = (-0.0583514600,-0.0000000000) Error = 6.22e-54 FLOPS = 1.02e+09 Texpo = 0.89 T = 1.64
 <-- Site =   20-  21 .. Mmps =  250 Nexpo =   42/  42 E = (-0.0583514600,0.0000000000) Error = 2.15e-53 FLOPS = 1.07e+09 Texpo = 0.94 T = 1.42
 <-- Site =   19-  20 .. Mmps =  250 Nexpo =   42/  42 E = (-0.0583514600,-0.0000000000) Error = 5.58e-53 FLOPS = 1.20e+09 Texpo = 0.88 T = 2.59
 <-- Site =   18-  19 .. Mmps =  250 Nexpo =   42/  42 E = (-0.0583514600,-0.0000000000) Error = 6.34e-52 FLOPS = 1.21e+09 Texpo = 0.87 T = 4.18
 <-- Site =   17-  18 .. Mmps =  250 Nexpo =   42/  42 E = (-0.0583514600,0.0000000000) Error = 9.00e-52 FLOPS = 1.24e+09 Texpo = 0.90 T = 1.51
 <-- Site =   16-  17 .. Mmps =  250 Nexpo =   42/  42 E = (-0.0583514600,0.0000000000) Error = 1.40e-50 FLOPS = 1.22e+09 Texpo = 0.96 T = 2.52
 <-- Site =   15-  16 .. Mmps =  250 Nexpo =   42/  42 E = (-0.0583514600,0.0000000000) Error = 7.18e-50 FLOPS = 1.28e+09 Texpo = 0.98 T = 2.10
 <-- Site =   14-  15 .. Mmps =  250 Nexpo =   42/  42 E = (-0.0583514600,0.0000000000) Error = 6.34e-49 FLOPS = 1.26e+09 Texpo = 1.02 T = 2.51
 <-- Site =   13-  14 .. Mmps =  250 Nexpo =   42/  42 E = (-0.0583514600,-0.0000000000) Error = 5.97e-48 FLOPS = 1.25e+09 Texpo = 1.00 T = 2.17
 <-- Site =   12-  13 .. Mmps =  250 Nexpo =   42/  42 E = (-0.0583514600,-0.0000000000) Error = 5.13e-47 FLOPS = 1.16e+09 Texpo = 0.97 T = 2.06
 <-- Site =   11-  12 .. Mmps =  250 Nexpo =   42/  42 E = (-0.0583514600,0.0000000000) Error = 2.51e-44 FLOPS = 1.30e+09 Texpo = 1.42 T = 3.13
 <-- Site =   10-  11 .. Mmps =  250 Nexpo =   42/  42 E = (-0.0583514600,-0.0000000000) Error = 2.07e-40 FLOPS = 1.78e+09 Texpo = 2.85 T = 3.45
 <-- Site =    9-  10 .. Mmps =  250 Nexpo =   42/  42 E = (-0.0583514600,-0.0000000000) Error = 5.41e-42 FLOPS = 1.45e+09 Texpo = 1.50 T = 2.08
 <-- Site =    8-   9 .. Mmps =  250 Nexpo =   42/  42 E = (-0.0583514600,0.0000000000) Error = 1.93e-41 FLOPS = 1.32e+09 Texpo = 1.12 T = 1.42
 <-- Site =    7-   8 .. Mmps =  250 Nexpo =   42/  42 E = (-0.0583514600,0.0000000000) Error = 5.44e-41 FLOPS = 1.22e+09 Texpo = 1.06 T = 1.67
 <-- Site =    6-   7 .. Mmps =  250 Nexpo =   42/  42 E = (-0.0583514600,-0.0000000000) Error = 3.83e-41 FLOPS = 1.20e+09 Texpo = 1.07 T = 1.73
 <-- Site =    5-   6 .. Mmps =  250 Nexpo =   42/  42 E = (-0.0583514600,-0.0000000000) Error = 1.30e-42 FLOPS = 1.20e+09 Texpo = 0.98 T = 1.89
 <-- Site =    4-   5 .. Mmps =  250 Nexpo =   42/  42 E = (-0.0583514600,-0.0000000000) Error = 4.76e-43 FLOPS = 1.09e+09 Texpo = 0.72 T = 1.59
 <-- Site =    3-   4 .. Mmps =  250 Nexpo =   42/  42 E = (-0.0583514600,0.0000000000) Error = 5.38e-46 FLOPS = 9.04e+08 Texpo = 0.31 T = 1.46
 <-- Site =    2-   3 .. Mmps =  250 Nexpo =   42/  42 E = (-0.0583514600,-0.0000000000) Error = 3.66e-52 FLOPS = 6.61e+08 Texpo = 0.14 T = 0.52
 <-- Site =    1-   2 .. Mmps =  250 Nexpo =   42/  42 E = (-0.0583514600,-0.0000000000) Error = 6.06e-61 FLOPS = 5.40e+08 Texpo = 0.06 T = 0.99
 <-- Site =    0-   1 .. Mmps =  250 Nexpo =   42/   0 E = (-0.0583514600,0.0000000000) Error = 0.00e+00 FLOPS = 3.96e+08 Texpo = 0.02 T = 0.41
Time elapsed =     52.711 | E = (-0.0583514600,0.0000000000) | Norm^2 =       1.0000000000 | DW = 2.07e-40
Time sweep =       52.711 | 27.3 GFLOP/SWP
 | Tread = 4.819 | Twrite = 10.640 | Tfpread = 0.429 | Tfpwrite = 8.552 | data = 22.8 MB | cpsd = 12.2 MB | Tasync = 0.000
Sweep =    1 | Direction =  forward | Beta = (0.00000,0.05000) | Bond dimension =  250 | Noise =  0.00e+00
 --> Site =    0-   1 .. Mmps =    4 Nexpo =   42/  42 E = (-0.0583514600,0.0000000000) Error = 0.00e+00 FLOPS = 3.98e+08 Texpo = 0.04 T = 0.52
 --> Site =    1-   2 .. Mmps =   16 Nexpo =   42/  42 E = (-0.0583514600,0.0000000000) Error = 0.00e+00 FLOPS = 5.80e+08 Texpo = 0.09 T = 1.66
 --> Site =    2-   3 .. Mmps =   56 Nexpo =   42/  42 E = (-0.0583514600,0.0000000000) Error = 0.00e+00 FLOPS = 7.36e+08 Texpo = 0.22 T = 0.73
 --> Site =    3-   4 .. Mmps =  170 Nexpo =   42/  42 E = (-0.0583514600,0.0000000000) Error = 0.00e+00 FLOPS = 9.49e+08 Texpo = 0.50 T = 0.93
 --> Site =    4-   5 .. Mmps =  250 Nexpo =   42/  42 E = (-0.0583514600,-0.0000000000) Error = 4.13e-44 FLOPS = 1.12e+09 Texpo = 0.98 T = 1.43
 --> Site =    5-   6 .. Mmps =  250 Nexpo =   42/  42 E = (-0.0583514600,-0.0000000000) Error = 1.67e-39 FLOPS = 1.25e+09 Texpo = 1.33 T = 1.89
 --> Site =    6-   7 .. Mmps =  250 Nexpo =   42/  42 E = (-0.0583514600,-0.0000000000) Error = 2.07e-37 FLOPS = 1.30e+09 Texpo = 1.34 T = 3.65
 --> Site =    7-   8 .. Mmps =  250 Nexpo =   42/  42 E = (-0.0583514600,0.0000000000) Error = 9.36e-37 FLOPS = 1.39e+09 Texpo = 1.39 T = 2.02
 --> Site =    8-   9 .. Mmps =  250 Nexpo =   42/  42 E = (-0.0583514600,-0.0000000000) Error = 6.60e-37 FLOPS = 1.44e+09 Texpo = 1.49 T = 1.92
 --> Site =    9-  10 .. Mmps =  250 Nexpo =   42/  42 E = (-0.0583514600,0.0000000000) Error = 8.32e-37 FLOPS = 1.64e+09 Texpo = 2.37 T = 3.10
 --> Site =   10-  11 .. Mmps =  250 Nexpo =   42/  42 E = (-0.0583514600,0.0000000000) Error = 3.30e-36 FLOPS = 1.97e+09 Texpo = 3.88 T = 4.98
 --> Site =   11-  12 .. Mmps =  250 Nexpo =   42/  42 E = (-0.0583514600,0.0000000000) Error = 5.62e-39 FLOPS = 1.45e+09 Texpo = 1.70 T = 2.87
 --> Site =   12-  13 .. Mmps =  250 Nexpo =   42/  42 E = (-0.0583514600,0.0000000000) Error = 5.52e-41 FLOPS = 1.38e+09 Texpo = 1.35 T = 3.15
 --> Site =   13-  14 .. Mmps =  250 Nexpo =   42/  42 E = (-0.0583514600,0.0000000000) Error = 2.00e-41 FLOPS = 1.43e+09 Texpo = 1.39 T = 2.47
 --> Site =   14-  15 .. Mmps =  250 Nexpo =   42/  42 E = (-0.0583514600,-0.0000000000) Error = 4.70e-42 FLOPS = 1.41e+09 Texpo = 1.40 T = 2.26
 --> Site =   15-  16 .. Mmps =  250 Nexpo =   42/  42 E = (-0.0583514600,0.0000000000) Error = 9.51e-43 FLOPS = 1.48e+09 Texpo = 1.29 T = 2.18
 --> Site =   16-  17 .. Mmps =  250 Nexpo =   42/  42 E = (-0.0583514600,-0.0000000000) Error = 1.96e-43 FLOPS = 1.39e+09 Texpo = 1.31 T = 1.89
 --> Site =   17-  18 .. Mmps =  250 Nexpo =   42/  42 E = (-0.0583514600,-0.0000000000) Error = 4.07e-44 FLOPS = 1.38e+09 Texpo = 1.28 T = 2.43
 --> Site =   18-  19 .. Mmps =  250 Nexpo =   42/  42 E = (-0.0583514600,-0.0000000000) Error = 7.97e-45 FLOPS = 1.39e+09 Texpo = 1.22 T = 1.92
 --> Site =   19-  20 .. Mmps =  250 Nexpo =   42/  42 E = (-0.0583514600,-0.0000000000) Error = 1.17e-45 FLOPS = 1.38e+09 Texpo = 1.19 T = 2.75
 --> Site =   20-  21 .. Mmps =  250 Nexpo =   42/  42 E = (-0.0583514600,-0.0000000000) Error = 3.13e-46 FLOPS = 1.22e+09 Texpo = 1.26 T = 1.83
 --> Site =   21-  22 .. Mmps =  250 Nexpo =   42/  42 E = (-0.0583514600,0.0000000000) Error = 5.12e-48 FLOPS = 1.17e+09 Texpo = 1.11 T = 1.88
 --> Site =   22-  23 .. Mmps =  250 Nexpo =   42/  42 E = (-0.0583514600,-0.0000000000) Error = 1.55e-51 FLOPS = 1.09e+09 Texpo = 0.90 T = 2.48
 --> Site =   23-  24 .. Mmps =  250 Nexpo =   42/  42 E = (-0.0583514600,0.0000000000) Error = 1.32e-52 FLOPS = 9.64e+08 Texpo = 0.68 T = 1.49
 --> Site =   24-  25 .. Mmps =  250 Nexpo =   42/  42 E = (-0.0583514600,0.0000000000) Error = 4.27e-54 FLOPS = 9.05e+08 Texpo = 0.48 T = 1.18
 --> Site =   25-  26 .. Mmps =  250 Nexpo =   42/  42 E = (-0.0583514600,0.0000000000) Error = 8.09e-55 FLOPS = 7.40e+08 Texpo = 0.32 T = 1.33
 --> Site =   26-  27 .. Mmps =  250 Nexpo =   42/  42 E = (-0.0583514600,-0.0000000000) Error = 8.47e-56 FLOPS = 6.71e+08 Texpo = 0.17 T = 1.02
 --> Site =   27-  28 .. Mmps =  250 Nexpo =   42/  42 E = (-0.0583514600,0.0000000000) Error = 1.43e-57 FLOPS = 5.73e+08 Texpo = 0.10 T = 1.02
 --> Site =   28-  29 .. Mmps =  250 Nexpo =   42/  42 E = (-0.0583514600,0.0000000000) Error = 2.01e-64 FLOPS = 4.17e+08 Texpo = 0.07 T = 0.47
 --> Site =   29-  30 .. Mmps =  250 Nexpo =   42/  42 E = (-0.0583514600,0.0000000000) Error = 0.00e+00 FLOPS = 3.84e+08 Texpo = 0.05 T = 0.54
 --> Site =   30-  31 .. Mmps =  250 Nexpo =   42/   0 E = (-0.0583514600,0.0000000000) Error = 0.00e+00 FLOPS = 4.61e+08 Texpo = 0.01 T = 0.17
Time elapsed =    110.866 | E = (-0.0583514600,0.0000000000) | Norm^2 =       1.0000000000 | DW = 3.30e-36
Time sweep =       58.155 | 40.3 GFLOP/SWP
 | Tread = 9.771 | Twrite = 3.028 | Tfpread = 0.476 | Tfpwrite = 0.219 | data = 22.5 MB | cpsd = 11.6 MB | Tasync = 0.000
T =    0.00000 +    0.10000i <E> =   -0.058351459993073 +    0.00000i <Norm^2> =    1.000000000000002 +    0.00000i
Sweep =    0 | Direction = backward | Beta = (0.00000,0.05000) | Bond dimension =  250 | Noise =  0.00e+00
 <-- Site =   30-  31 .. Mmps =    4 Nexpo =   42/  42 E = (-0.0583514600,0.0000000000) Error = 0.00e+00 FLOPS = 3.23e+08 Texpo = 0.04 T = 0.31
 <-- Site =   29-  30 .. Mmps =   15 Nexpo =   42/  42 E = (-0.0583514600,0.0000000000) Error = 0.00e+00 FLOPS = 4.41e+08 Texpo = 0.06 T = 0.43
 <-- Site =   28-  29 .. Mmps =   41 Nexpo =   42/  42 E = (-0.0583514600,-0.0000000000) Error = 0.00e+00 FLOPS = 4.32e+08 Texpo = 0.11 T = 0.28
 <-- Site =   27-  28 .. Mmps =   89 Nexpo =   42/  42 E = (-0.0583514600,0.0000000000) Error = 0.00e+00 FLOPS = 5.76e+08 Texpo = 0.15 T = 1.38
 <-- Site =   26-  27 .. Mmps =  166 Nexpo =   42/  42 E = (-0.0583514600,0.0000000000) Error = 0.00e+00 FLOPS = 6.68e+08 Texpo = 0.26 T = 1.10
 <-- Site =   25-  26 .. Mmps =  250 Nexpo =   42/  42 E = (-0.0583514600,-0.0000000000) Error = 0.00e+00 FLOPS = 7.82e+08 Texpo = 0.42 T = 1.21
 <-- Site =   24-  25 .. Mmps =  250 Nexpo =   42/  42 E = (-0.0583514600,0.0000000000) Error = 2.27e-64 FLOPS = 8.72e+08 Texpo = 0.61 T = 1.41
 <-- Site =   23-  24 .. Mmps =  250 Nexpo =   42/  42 E = (-0.0583514600,-0.0000000000) Error = 5.30e-59 FLOPS = 9.63e+08 Texpo = 0.82 T = 1.71
 <-- Site =   22-  23 .. Mmps =  250 Nexpo =   42/  42 E = (-0.0583514600,-0.0000000000) Error = 1.11e-52 FLOPS = 1.05e+09 Texpo = 1.10 T = 2.30
 <-- Site =   21-  22 .. Mmps =  250 Nexpo =   42/  42 E = (-0.0583514600,0.0000000000) Error = 4.60e-50 FLOPS = 1.12e+09 Texpo = 1.30 T = 2.23
 <-- Site =   20-  21 .. Mmps =  250 Nexpo =   42/  42 E = (-0.0583514600,0.0000000000) Error = 1.27e-48 FLOPS = 1.19e+09 Texpo = 1.48 T = 2.27
 <-- Site =   19-  20 .. Mmps =  250 Nexpo =   42/  42 E = (-0.0583514600,0.0000000000) Error = 2.51e-47 FLOPS = 1.38e+09 Texpo = 1.39 T = 2.47
 <-- Site =   18-  19 .. Mmps =  250 Nexpo =   42/  42 E = (-0.0583514600,-0.0000000000) Error = 4.01e-46 FLOPS = 1.34e+09 Texpo = 1.47 T = 2.51
 <-- Site =   17-  18 .. Mmps =  250 Nexpo =   42/  42 E = (-0.0583514600,-0.0000000000) Error = 4.77e-45 FLOPS = 1.37e+09 Texpo = 1.49 T = 1.88
 <-- Site =   16-  17 .. Mmps =  250 Nexpo =   42/  42 E = (-0.0583514600,-0.0000000000) Error = 3.20e-44 FLOPS = 1.38e+09 Texpo = 1.52 T = 2.46
 <-- Site =   15-  16 .. Mmps =  250 Nexpo =   42/  42 E = (-0.0583514600,-0.0000000000) Error = 1.22e-43 FLOPS = 1.41e+09 Texpo = 1.51 T = 2.13
 <-- Site =   14-  15 .. Mmps =  250 Nexpo =   42/  42 E = (-0.0583514600,-0.0000000000) Error = 4.69e-43 FLOPS = 1.38e+09 Texpo = 1.55 T = 2.55
 <-- Site =   13-  14 .. Mmps =  250 Nexpo =   42/  42 E = (-0.0583514600,-0.0000000000) Error = 1.58e-42 FLOPS = 1.38e+09 Texpo = 1.55 T = 1.95
 <-- Site =   12-  13 .. Mmps =  250 Nexpo =   42/  42 E = (-0.0583514600,0.0000000000) Error = 1.45e-42 FLOPS = 1.34e+09 Texpo = 1.46 T = 3.04
 <-- Site =   11-  12 .. Mmps =  250 Nexpo =   42/  42 E = (-0.0583514600,-0.0000000000) Error = 7.27e-41 FLOPS = 1.47e+09 Texpo = 2.25 T = 3.18
 <-- Site =   10-  11 .. Mmps =  250 Nexpo =   42/  42 E = (-0.0583514600,-0.0000000000) Error = 3.35e-38 FLOPS = 1.94e+09 Texpo = 4.06 T = 4.65
 <-- Site =    9-  10 .. Mmps =  250 Nexpo =   42/  42 E = (-0.0583514600,0.0000000000) Error = 4.56e-38 FLOPS = 1.54e+09 Texpo = 2.08 T = 2.98
 <-- Site =    8-   9 .. Mmps =  250 Nexpo =   42/  42 E = (-0.0583514600,0.0000000000) Error = 4.05e-38 FLOPS = 1.36e+09 Texpo = 1.43 T = 1.97
 <-- Site =    7-   8 .. Mmps =  250 Nexpo =   42/  42 E = (-0.0583514600,-0.0000000000) Error = 2.74e-38 FLOPS = 1.30e+09 Texpo = 1.33 T = 3.22
 <-- Site =    6-   7 .. Mmps =  250 Nexpo =   42/  42 E = (-0.0583514600,0.0000000000) Error = 1.48e-38 FLOPS = 1.30e+09 Texpo = 1.32 T = 2.18
 <-- Site =    5-   6 .. Mmps =  250 Nexpo =   42/  42 E = (-0.0583514600,-0.0000000000) Error = 1.10e-39 FLOPS = 1.25e+09 Texpo = 1.27 T = 2.53
 <-- Site =    4-   5 .. Mmps =  250 Nexpo =   42/  42 E = (-0.0583514600,-0.0000000000) Error = 9.37e-41 FLOPS = 1.06e+09 Texpo = 0.75 T = 1.52
 <-- Site =    3-   4 .. Mmps =  250 Nexpo =   42/  42 E = (-0.0583514600,0.0000000000) Error = 2.61e-44 FLOPS = 8.94e+08 Texpo = 0.32 T = 0.44
 <-- Site =    2-   3 .. Mmps =  250 Nexpo =   42/  42 E = (-0.0583514600,0.0000000000) Error = 1.23e-51 FLOPS = 6.49e+08 Texpo = 0.14 T = 0.27
 <-- Site =    1-   2 .. Mmps =  250 Nexpo =   42/  42 E = (-0.0583514600,0.0000000000) Error = 8.64e-61 FLOPS = 4.99e+08 Texpo = 0.06 T = 0.57
 <-- Site =    0-   1 .. Mmps =  250 Nexpo =   42/   0 E = (-0.0583514600,0.0000000000) Error = 0.00e+00 FLOPS = 1.63e+08 Texpo = 0.05 T = 0.13
Time elapsed =     57.257 | E = (-0.0583514600,0.0000000000) | Norm^2 =       1.0000000000 | DW = 4.56e-38
Time sweep =       57.257 | 42.2 GFLOP/SWP
 | Tread = 6.189 | Twrite = 2.652 | Tfpread = 0.314 | Tfpwrite = 0.156 | data = 23.1 MB | cpsd = 12.0 MB | Tasync = 0.000
Sweep =    1 | Direction =  forward | Beta = (0.00000,0.05000) | Bond dimension =  250 | Noise =  0.00e+00
 --> Site =    0-   1 .. Mmps =    4 Nexpo =   42/  42 E = (-0.0583514600,0.0000000000) Error = 0.00e+00 FLOPS = 1.78e+08 Texpo = 0.09 T = 0.38
 --> Site =    1-   2 .. Mmps =   16 Nexpo =   42/  42 E = (-0.0583514600,-0.0000000000) Error = 0.00e+00 FLOPS = 4.92e+08 Texpo = 0.11 T = 1.44
 --> Site =    2-   3 .. Mmps =   56 Nexpo =   42/  42 E = (-0.0583514600,-0.0000000000) Error = 0.00e+00 FLOPS = 7.14e+08 Texpo = 0.23 T = 0.39
 --> Site =    3-   4 .. Mmps =  170 Nexpo =   42/  42 E = (-0.0583514600,-0.0000000000) Error = 0.00e+00 FLOPS = 9.43e+08 Texpo = 0.52 T = 0.96
 --> Site =    4-   5 .. Mmps =  250 Nexpo =   42/  42 E = (-0.0583514600,-0.0000000000) Error = 2.57e-42 FLOPS = 1.09e+09 Texpo = 1.00 T = 1.45
 --> Site =    5-   6 .. Mmps =  250 Nexpo =   42/  42 E = (-0.0583514600,-0.0000000000) Error = 6.85e-38 FLOPS = 1.27e+09 Texpo = 1.32 T = 3.86
 --> Site =    6-   7 .. Mmps =  250 Nexpo =   42/  42 E = (-0.0583514600,0.0000000000) Error = 2.55e-36 FLOPS = 1.32e+09 Texpo = 1.35 T = 2.14
 --> Site =    7-   8 .. Mmps =  250 Nexpo =   42/  42 E = (-0.0583514600,-0.0000000000) Error = 7.64e-36 FLOPS = 1.37e+09 Texpo = 1.37 T = 3.20
 --> Site =    8-   9 .. Mmps =  250 Nexpo =   42/  42 E = (-0.0583514600,0.0000000000) Error = 3.67e-36 FLOPS = 1.44e+09 Texpo = 1.43 T = 2.79
 --> Site =    9-  10 .. Mmps =  250 Nexpo =   42/  42 E = (-0.0583514600,0.0000000000) Error = 5.22e-36 FLOPS = 1.68e+09 Texpo = 2.36 T = 3.79
 --> Site =   10-  11 .. Mmps =  250 Nexpo =   42/  42 E = (-0.0583514600,0.0000000000) Error = 1.10e-35 FLOPS = 2.02e+09 Texpo = 3.83 T = 6.42
 --> Site =   11-  12 .. Mmps =  250 Nexpo =   42/  42 E = (-0.0583514600,-0.0000000000) Error = 7.50e-38 FLOPS = 1.50e+09 Texpo = 1.85 T = 2.76
 --> Site =   12-  13 .. Mmps =  250 Nexpo =   42/  42 E = (-0.0583514600,0.0000000000) Error = 8.76e-40 FLOPS = 1.46e+09 Texpo = 1.43 T = 2.95
 --> Site =   13-  14 .. Mmps =  250 Nexpo =   42/  42 E = (-0.0583514600,-0.0000000000) Error = 3.17e-40 FLOPS = 1.49e+09 Texpo = 1.52 T = 2.12
 --> Site =   14-  15 .. Mmps =  250 Nexpo =   42/  42 E = (-0.0583514600,-0.0000000000) Error = 1.54e-40 FLOPS = 1.44e+09 Texpo = 1.54 T = 1.96
 --> Site =   15-  16 .. Mmps =  250 Nexpo =   42/  42 E = (-0.0583514600,-0.0000000000) Error = 3.89e-41 FLOPS = 1.45e+09 Texpo = 1.52 T = 3.46
 --> Site =   16-  17 .. Mmps =  250 Nexpo =   42/  42 E = (-0.0583514600,-0.0000000000) Error = 1.13e-41 FLOPS = 1.44e+09 Texpo = 1.49 T = 2.54
 --> Site =   17-  18 .. Mmps =  250 Nexpo =   42/  42 E = (-0.0583514600,0.0000000000) Error = 3.60e-42 FLOPS = 1.46e+09 Texpo = 1.45 T = 2.39
 --> Site =   18-  19 .. Mmps =  250 Nexpo =   42/  42 E = (-0.0583514600,-0.0000000000) Error = 1.01e-42 FLOPS = 1.40e+09 Texpo = 1.47 T = 2.20
 --> Site =   19-  20 .. Mmps =  250 Nexpo =   42/  42 E = (-0.0583514600,-0.0000000000) Error = 1.90e-43 FLOPS = 1.41e+09 Texpo = 1.42 T = 2.02
 --> Site =   20-  21 .. Mmps =  250 Nexpo =   42/  42 E = (-0.0583514600,-0.0000000000) Error = 8.36e-44 FLOPS = 1.27e+09 Texpo = 1.38 T = 3.04
 --> Site =   21-  22 .. Mmps =  250 Nexpo =   42/  42 E = (-0.0583514600,0.0000000000) Error = 1.57e-46 FLOPS = 1.18e+09 Texpo = 1.13 T = 1.70
 --> Site =   22-  23 .. Mmps =  250 Nexpo =   42/  42 E = (-0.0583514600,-0.0000000000) Error = 4.69e-50 FLOPS = 1.14e+09 Texpo = 0.87 T = 1.34
 --> Site =   23-  24 .. Mmps =  250 Nexpo =   42/  42 E = (-0.0583514600,0.0000000000) Error = 5.82e-51 FLOPS = 9.88e+08 Texpo = 0.68 T = 1.19
 --> Site =   24-  25 .. Mmps =  250 Nexpo =   42/  42 E = (-0.0583514600,-0.0000000000) Error = 4.32e-52 FLOPS = 9.02e+08 Texpo = 0.49 T = 1.00
 --> Site =   25-  26 .. Mmps =  250 Nexpo =   42/  42 E = (-0.0583514600,-0.0000000000) Error = 5.81e-53 FLOPS = 7.47e+08 Texpo = 0.32 T = 1.10
 --> Site =   26-  27 .. Mmps =  250 Nexpo =   42/  42 E = (-0.0583514600,-0.0000000000) Error = 2.37e-54 FLOPS = 6.40e+08 Texpo = 0.19 T = 0.62
 --> Site =   27-  28 .. Mmps =  250 Nexpo =   42/  42 E = (-0.0583514600,0.0000000000) Error = 1.21e-56 FLOPS = 5.38e+08 Texpo = 0.11 T = 0.31
 --> Site =   28-  29 .. Mmps =  250 Nexpo =   42/  42 E = (-0.0583514600,-0.0000000000) Error = 8.23e-61 FLOPS = 3.06e+08 Texpo = 0.10 T = 0.26
 --> Site =   29-  30 .. Mmps =  250 Nexpo =   42/  42 E = (-0.0583514600,0.0000000000) Error = 0.00e+00 FLOPS = 3.91e+08 Texpo = 0.05 T = 1.10
 --> Site =   30-  31 .. Mmps =  250 Nexpo =   42/   0 E = (-0.0583514600,0.0000000000) Error = 0.00e+00 FLOPS = 1.48e+08 Texpo = 0.04 T = 0.40
Time elapsed =    118.543 | E = (-0.0583514600,0.0000000000) | Norm^2 =       1.0000000000 | DW = 1.10e-35
Time sweep =       61.286 | 43.2 GFLOP/SWP
 | Tread = 8.209 | Twrite = 3.819 | Tfpread = 0.462 | Tfpwrite = 0.182 | data = 22.6 MB | cpsd = 11.7 MB | Tasync = 0.000
T =    0.00000 +    0.20000i <E> =   -0.058351459993073 +    0.00000i <Norm^2> =    1.000000000000002 +    0.00000i
Sweep =    0 | Direction = backward | Beta = (0.00000,0.05000) | Bond dimension =  250 | Noise =  0.00e+00
 <-- Site =   30-  31 .. Mmps =    4 Nexpo =   42/  42 E = (-0.0583514600,0.0000000000) Error = 0.00e+00 FLOPS = 3.06e+08 Texpo = 0.04 T = 0.31
 <-- Site =   29-  30 .. Mmps =   15 Nexpo =   42/  42 E = (-0.0583514600,0.0000000000) Error = 0.00e+00 FLOPS = 4.55e+08 Texpo = 0.06 T = 0.11
 <-- Site =   28-  29 .. Mmps =   41 Nexpo =   42/  42 E = (-0.0583514600,0.0000000000) Error = 0.00e+00 FLOPS = 4.47e+08 Texpo = 0.11 T = 0.15
 <-- Site =   27-  28 .. Mmps =   89 Nexpo =   42/  42 E = (-0.0583514600,-0.0000000000) Error = 0.00e+00 FLOPS = 5.87e+08 Texpo = 0.16 T = 0.24
 <-- Site =   26-  27 .. Mmps =  166 Nexpo =   42/  42 E = (-0.0583514600,0.0000000000) Error = 0.00e+00 FLOPS = 6.70e+08 Texpo = 0.27 T = 0.34
 <-- Site =   25-  26 .. Mmps =  250 Nexpo =   42/  42 E = (-0.0583514600,-0.0000000000) Error = 0.00e+00 FLOPS = 8.03e+08 Texpo = 0.42 T = 0.64
 <-- Site =   24-  25 .. Mmps =  250 Nexpo =   42/  42 E = (-0.0583514600,-0.0000000000) Error = 2.32e-63 FLOPS = 8.75e+08 Texpo = 0.61 T = 0.98
 <-- Site =   23-  24 .. Mmps =  250 Nexpo =   42/  42 E = (-0.0583514600,-0.0000000000) Error = 4.79e-58 FLOPS = 9.79e+08 Texpo = 0.83 T = 1.18
 <-- Site =   22-  23 .. Mmps =  250 Nexpo =   42/  42 E = (-0.0583514600,-0.0000000000) Error = 2.48e-52 FLOPS = 1.11e+09 Texpo = 1.06 T = 1.76
 <-- Site =   21-  22 .. Mmps =  250 Nexpo =   42/  42 E = (-0.0583514600,-0.0000000000) Error = 1.60e-49 FLOPS = 1.18e+09 Texpo = 1.26 T = 1.79
 <-- Site =   20-  21 .. Mmps =  250 Nexpo =   42/  42 E = (-0.0583514600,-0.0000000000) Error = 2.36e-47 FLOPS = 1.22e+09 Texpo = 1.53 T = 3.20
 <-- Site =   19-  20 .. Mmps =  250 Nexpo =   42/  42 E = (-0.0583514600,-0.0000000000) Error = 8.02e-46 FLOPS = 1.40e+09 Texpo = 1.43 T = 1.74
 <-- Site =   18-  19 .. Mmps =  250 Nexpo =   42/  42 E = (-0.0583514600,-0.0000000000) Error = 9.54e-45 FLOPS = 1.40e+09 Texpo = 1.48 T = 2.33
 <-- Site =   17-  18 .. Mmps =  250 Nexpo =   42/  42 E = (-0.0583514600,0.0000000000) Error = 5.77e-44 FLOPS = 1.42e+09 Texpo = 1.49 T = 2.45
 <-- Site =   16-  17 .. Mmps =  250 Nexpo =   42/  42 E = (-0.0583514600,0.0000000000) Error = 3.33e-43 FLOPS = 1.40e+09 Texpo = 1.55 T = 2.46
 <-- Site =   15-  16 .. Mmps =  250 Nexpo =   42/  42 E = (-0.0583514600,0.0000000000) Error = 9.96e-43 FLOPS = 1.42e+09 Texpo = 1.55 T = 3.20
 <-- Site =   14-  15 .. Mmps =  250 Nexpo =   42/  42 E = (-0.0583514600,-0.0000000000) Error = 2.60e-42 FLOPS = 1.39e+09 Texpo = 1.61 T = 2.12
 <-- Site =   13-  14 .. Mmps =  250 Nexpo =   42/  42 E = (-0.0583514600,0.0000000000) Error = 1.37e-41 FLOPS = 1.45e+09 Texpo = 1.57 T = 2.13
 <-- Site =   12-  13 .. Mmps =  250 Nexpo =   42/  42 E = (-0.0583514600,0.0000000000) Error = 1.05e-41 FLOPS = 1.37e+09 Texpo = 1.47 T = 2.47
 <-- Site =   11-  12 .. Mmps =  250 Nexpo =   42/  42 E = (-0.0583514600,0.0000000000) Error = 3.53e-40 FLOPS = 1.51e+09 Texpo = 2.17 T = 3.07
 <-- Site =   10-  11 .. Mmps =  250 Nexpo =   42/  42 E = (-0.0583514600,-0.0000000000) Error = 9.02e-38 FLOPS = 2.05e+09 Texpo = 3.84 T = 5.59
 <-- Site =    9-  10 .. Mmps =  250 Nexpo =   42/  42 E = (-0.0583514600,-0.0000000000) Error = 1.55e-37 FLOPS = 1.63e+09 Texpo = 1.99 T = 2.86
 <-- Site =    8-   9 .. Mmps =  250 Nexpo =   42/  42 E = (-0.0583514600,0.0000000000) Error = 9.72e-38 FLOPS = 1.41e+09 Texpo = 1.37 T = 2.01
 <-- Site =    7-   8 .. Mmps =  250 Nexpo =   42/  42 E = (-0.0583514600,0.0000000000) Error = 1.62e-37 FLOPS = 1.34e+09 Texpo = 1.33 T = 2.16
 <-- Site =    6-   7 .. Mmps =  250 Nexpo =   42/  42 E = (-0.0583514600,-0.0000000000) Error = 1.56e-37 FLOPS = 1.34e+09 Texpo = 1.31 T = 1.66
 <-- Site =    5-   6 .. Mmps =  250 Nexpo =   42/  42 E = (-0.0583514600,-0.0000000000) Error = 1.78e-38 FLOPS = 1.33e+09 Texpo = 1.22 T = 2.73
 <-- Site =    4-   5 .. Mmps =  250 Nexpo =   42/  42 E = (-0.0583514600,-0.0000000000) Error = 8.22e-40 FLOPS = 1.11e+09 Texpo = 0.73 T = 1.38
 <-- Site =    3-   4 .. Mmps =  250 Nexpo =   42/  42 E = (-0.0583514600,-0.0000000000) Error = 5.26e-43 FLOPS = 9.36e+08 Texpo = 0.31 T = 0.71
 <-- Site =    2-   3 .. Mmps =  250 Nexpo =   42/  42 E = (-0.0583514600,-0.0000000000) Error = 1.76e-49 FLOPS = 5.86e+08 Texpo = 0.16 T = 0.48
 <-- Site =    1-   2 .. Mmps =  250 Nexpo =   42/  42 E = (-0.0583514600,-0.0000000000) Error = 3.44e-59 FLOPS = 3.91e+08 Texpo = 0.08 T = 0.42
 <-- Site =    0-   1 .. Mmps =  250 Nexpo =   42/   0 E = (-0.0583514600,0.0000000000) Error = 0.00e+00 FLOPS = 5.38e+08 Texpo = 0.01 T = 0.22
Time elapsed =     52.896 | E = (-0.0583514600,0.0000000000) | Norm^2 =       1.0000000000 | DW = 1.62e-37
Time sweep =       52.896 | 43.1 GFLOP/SWP
 | Tread = 3.713 | Twrite = 1.762 | Tfpread = 0.298 | Tfpwrite = 0.181 | data = 23.1 MB | cpsd = 12.0 MB | Tasync = 0.000
Sweep =    1 | Direction =  forward | Beta = (0.00000,0.05000) | Bond dimension =  250 | Noise =  0.00e+00
 --> Site =    0-   1 .. Mmps =    4 Nexpo =   42/  42 E = (-0.0583514600,0.0000000000) Error = 0.00e+00 FLOPS = 2.36e+08 Texpo = 0.06 T = 0.27
 --> Site =    1-   2 .. Mmps =   16 Nexpo =   42/  42 E = (-0.0583514600,-0.0000000000) Error = 0.00e+00 FLOPS = 6.08e+08 Texpo = 0.09 T = 0.45
 --> Site =    2-   3 .. Mmps =   56 Nexpo =   42/  42 E = (-0.0583514600,-0.0000000000) Error = 0.00e+00 FLOPS = 7.36e+08 Texpo = 0.22 T = 0.53
 --> Site =    3-   4 .. Mmps =  170 Nexpo =   42/  42 E = (-0.0583514600,-0.0000000000) Error = 0.00e+00 FLOPS = 9.45e+08 Texpo = 0.53 T = 0.67
 --> Site =    4-   5 .. Mmps =  250 Nexpo =   42/  42 E = (-0.0583514600,-0.0000000000) Error = 8.79e-41 FLOPS = 1.12e+09 Texpo = 0.99 T = 1.60
 --> Site =    5-   6 .. Mmps =  250 Nexpo =   42/  42 E = (-0.0583514600,-0.0000000000) Error = 5.43e-37 FLOPS = 1.31e+09 Texpo = 1.29 T = 1.83
 --> Site =    6-   7 .. Mmps =  250 Nexpo =   42/  42 E = (-0.0583514600,0.0000000000) Error = 7.51e-36 FLOPS = 1.33e+09 Texpo = 1.36 T = 1.74
 --> Site =    7-   8 .. Mmps =  250 Nexpo =   42/  42 E = (-0.0583514600,0.0000000000) Error = 2.37e-35 FLOPS = 1.40e+09 Texpo = 1.35 T = 1.88
 --> Site =    8-   9 .. Mmps =  250 Nexpo =   42/  42 E = (-0.0583514600,0.0000000000) Error = 1.08e-35 FLOPS = 1.45e+09 Texpo = 1.41 T = 3.54
 --> Site =    9-  10 .. Mmps =  250 Nexpo =   42/  42 E = (-0.0583514600,0.0000000000) Error = 8.03e-36 FLOPS = 1.71e+09 Texpo = 2.29 T = 3.25
 --> Site =   10-  11 .. Mmps =  250 Nexpo =   42/  42 E = (-0.0583514600,-0.0000000000) Error = 1.26e-35 FLOPS = 2.04e+09 Texpo = 3.90 T = 4.97
 --> Site =   11-  12 .. Mmps =  250 Nexpo =   42/  42 E = (-0.0583514600,0.0000000000) Error = 1.76e-37 FLOPS = 1.45e+09 Texpo = 1.98 T = 3.27
 --> Site =   12-  13 .. Mmps =  250 Nexpo =   42/  42 E = (-0.0583514600,0.0000000000) Error = 3.45e-39 FLOPS = 1.46e+09 Texpo = 1.48 T = 3.51
 --> Site =   13-  14 .. Mmps =  250 Nexpo =   42/  42 E = (-0.0583514600,-0.0000000000) Error = 8.76e-40 FLOPS = 1.49e+09 Texpo = 1.54 T = 1.77
 --> Site =   14-  15 .. Mmps =  250 Nexpo =   42/  42 E = (-0.0583514600,-0.0000000000) Error = 3.54e-40 FLOPS = 1.50e+09 Texpo = 1.50 T = 2.71
 --> Site =   15-  16 .. Mmps =  250 Nexpo =   42/  42 E = (-0.0583514600,0.0000000000) Error = 1.05e-40 FLOPS = 1.47e+09 Texpo = 1.51 T = 2.88
 --> Site =   16-  17 .. Mmps =  250 Nexpo =   42/  42 E = (-0.0583514600,0.0000000000) Error = 3.34e-41 FLOPS = 1.46e+09 Texpo = 1.50 T = 2.39
 --> Site =   17-  18 .. Mmps =  250 Nexpo =   42/  42 E = (-0.0583514600,0.0000000000) Error = 1.20e-41 FLOPS = 1.46e+09 Texpo = 1.47 T = 3.27
 --> Site =   18-  19 .. Mmps =  250 Nexpo =   42/  42 E = (-0.0583514600,-0.0000000000) Error = 5.65e-42 FLOPS = 1.43e+09 Texpo = 1.47 T = 1.79
 --> Site =   19-  20 .. Mmps =  250 Nexpo =   42/  42 E = (-0.0583514600,-0.0000000000) Error = 8.04e-43 FLOPS = 1.46e+09 Texpo = 1.39 T = 2.50
 --> Site =   20-  21 .. Mmps =  250 Nexpo =   42/  42 E = (-0.0583514600,-0.0000000000) Error = 2.71e-43 FLOPS = 1.28e+09 Texpo = 1.40 T = 1.78
 --> Site =   21-  22 .. Mmps =  250 Nexpo =   42/  42 E = (-0.0583514600,-0.0000000000) Error = 2.41e-45 FLOPS = 1.20e+09 Texpo = 1.11 T = 1.60
 --> Site =   22-  23 .. Mmps =  250 Nexpo =   42/  42 E = (-0.0583514600,-0.0000000000) Error = 7.13e-50 FLOPS = 1.13e+09 Texpo = 0.87 T = 2.69
 --> Site =   23-  24 .. Mmps =  250 Nexpo =   42/  42 E = (-0.0583514600,-0.0000000000) Error = 1.25e-50 FLOPS = 1.00e+09 Texpo = 0.67 T = 1.09
 --> Site =   24-  25 .. Mmps =  250 Nexpo =   42/  42 E = (-0.0583514600,0.0000000000) Error = 1.01e-51 FLOPS = 9.27e+08 Texpo = 0.48 T = 1.24
 --> Site =   25-  26 .. Mmps =  250 Nexpo =   42/  42 E = (-0.0583514600,0.0000000000) Error = 3.67e-52 FLOPS = 7.76e+08 Texpo = 0.31 T = 0.59
 --> Site =   26-  27 .. Mmps =  250 Nexpo =   42/  42 E = (-0.0583514600,0.0000000000) Error = 7.08e-54 FLOPS = 6.07e+08 Texpo = 0.20 T = 0.96
 --> Site =   27-  28 .. Mmps =  250 Nexpo =   42/  42 E = (-0.0583514600,0.0000000000) Error = 3.62e-56 FLOPS = 5.63e+08 Texpo = 0.11 T = 0.53
 --> Site =   28-  29 .. Mmps =  250 Nexpo =   42/  42 E = (-0.0583514600,0.0000000000) Error = 1.01e-59 FLOPS = 4.08e+08 Texpo = 0.08 T = 0.31
 --> Site =   29-  30 .. Mmps =  250 Nexpo =   42/  42 E = (-0.0583514600,0.0000000000) Error = 1.15e-70 FLOPS = 4.34e+08 Texpo = 0.04 T = 0.59
 --> Site =   30-  31 .. Mmps =  250 Nexpo =   42/   0 E = (-0.0583514600,-0.0000000000) Error = 0.00e+00 FLOPS = 4.44e+08 Texpo = 0.01 T = 0.24
Time elapsed =    109.345 | E = (-0.0583514600,-0.0000000000) | Norm^2 =       1.0000000000 | DW = 2.37e-35
Time sweep =       56.450 | 43.9 GFLOP/SWP
 | Tread = 3.911 | Twrite = 3.778 | Tfpread = 0.363 | Tfpwrite = 0.193 | data = 22.6 MB | cpsd = 11.7 MB | Tasync = 0.000
T =    0.00000 +    0.30000i <E> =   -0.058351459993073 +   -0.00000i <Norm^2> =    1.000000000000005 +    0.00000i
Sweep =    0 | Direction = backward | Beta = (0.00000,0.05000) | Bond dimension =  250 | Noise =  0.00e+00
 <-- Site =   30-  31 .. Mmps =    4 Nexpo =   42/  42 E = (-0.0583514600,-0.0000000000) Error = 0.00e+00 FLOPS = 3.31e+08 Texpo = 0.04 T = 0.51
 <-- Site =   29-  30 .. Mmps =   15 Nexpo =   42/  42 E = (-0.0583514600,0.0000000000) Error = 0.00e+00 FLOPS = 4.60e+08 Texpo = 0.06 T = 0.44
 <-- Site =   28-  29 .. Mmps =   41 Nexpo =   42/  42 E = (-0.0583514600,-0.0000000000) Error = 0.00e+00 FLOPS = 3.69e+08 Texpo = 0.13 T = 0.52
 <-- Site =   27-  28 .. Mmps =   89 Nexpo =   42/  42 E = (-0.0583514600,-0.0000000000) Error = 0.00e+00 FLOPS = 6.30e+08 Texpo = 0.16 T = 0.73
 <-- Site =   26-  27 .. Mmps =  166 Nexpo =   42/  42 E = (-0.0583514600,-0.0000000000) Error = 0.00e+00 FLOPS = 6.77e+08 Texpo = 0.27 T = 0.86
 <-- Site =   25-  26 .. Mmps =  250 Nexpo =   42/  42 E = (-0.0583514600,0.0000000000) Error = 0.00e+00 FLOPS = 8.01e+08 Texpo = 0.42 T = 2.78
 <-- Site =   24-  25 .. Mmps =  250 Nexpo =   42/  42 E = (-0.0583514600,-0.0000000000) Error = 3.46e-63 FLOPS = 8.65e+08 Texpo = 0.62 T = 1.25
 <-- Site =   23-  24 .. Mmps =  250 Nexpo =   42/  42 E = (-0.0583514600,-0.0000000000) Error = 1.74e-57 FLOPS = 9.64e+08 Texpo = 0.83 T = 1.11
 <-- Site =   22-  23 .. Mmps =  250 Nexpo =   42/  42 E = (-0.0583514600,-0.0000000000) Error = 4.19e-52 FLOPS = 1.07e+09 Texpo = 1.08 T = 1.59
 <-- Site =   21-  22 .. Mmps =  250 Nexpo =   42/  42 E = (-0.0583514600,0.0000000000) Error = 2.30e-49 FLOPS = 1.17e+09 Texpo = 1.28 T = 1.79
 <-- Site =   20-  21 .. Mmps =  250 Nexpo =   42/  42 E = (-0.0583514600,0.0000000000) Error = 3.64e-46 FLOPS = 1.23e+09 Texpo = 1.53 T = 2.40
 <-- Site =   19-  20 .. Mmps =  250 Nexpo =   42/  42 E = (-0.0583514600,0.0000000000) Error = 4.50e-45 FLOPS = 1.41e+09 Texpo = 1.43 T = 1.73
 <-- Site =   18-  19 .. Mmps =  250 Nexpo =   42/  42 E = (-0.0583514600,-0.0000000000) Error = 2.55e-44 FLOPS = 1.40e+09 Texpo = 1.52 T = 2.07
 <-- Site =   17-  18 .. Mmps =  250 Nexpo =   42/  42 E = (-0.0583514600,0.0000000000) Error = 1.87e-43 FLOPS = 1.41e+09 Texpo = 1.54 T = 3.48
 <-- Site =   16-  17 .. Mmps =  250 Nexpo =   42/  42 E = (-0.0583514600,-0.0000000000) Error = 1.10e-42 FLOPS = 1.42e+09 Texpo = 1.55 T = 2.71
 <-- Site =   15-  16 .. Mmps =  250 Nexpo =   42/  42 E = (-0.0583514600,0.0000000000) Error = 2.90e-42 FLOPS = 1.44e+09 Texpo = 1.54 T = 2.54
 <-- Site =   14-  15 .. Mmps =  250 Nexpo =   42/  42 E = (-0.0583514600,-0.0000000000) Error = 4.01e-42 FLOPS = 1.42e+09 Texpo = 1.60 T = 2.75
 <-- Site =   13-  14 .. Mmps =  250 Nexpo =   42/  42 E = (-0.0583514600,-0.0000000000) Error = 2.16e-41 FLOPS = 1.44e+09 Texpo = 1.60 T = 3.23
 <-- Site =   12-  13 .. Mmps =  250 Nexpo =   42/  42 E = (-0.0583514600,-0.0000000000) Error = 2.89e-41 FLOPS = 1.37e+09 Texpo = 1.52 T = 2.94
 <-- Site =   11-  12 .. Mmps =  250 Nexpo =   42/  42 E = (-0.0583514600,0.0000000000) Error = 9.97e-40 FLOPS = 1.47e+09 Texpo = 2.30 T = 3.01
 <-- Site =   10-  11 .. Mmps =  250 Nexpo =   42/  42 E = (-0.0583514600,0.0000000000) Error = 2.02e-37 FLOPS = 1.92e+09 Texpo = 4.21 T = 4.99
 <-- Site =    9-  10 .. Mmps =  250 Nexpo =   42/  42 E = (-0.0583514600,-0.0000000000) Error = 3.78e-37 FLOPS = 1.52e+09 Texpo = 2.10 T = 2.88
 <-- Site =    8-   9 .. Mmps =  250 Nexpo =   42/  42 E = (-0.0583514600,-0.0000000000) Error = 4.30e-37 FLOPS = 1.34e+09 Texpo = 1.45 T = 2.82
 <-- Site =    7-   8 .. Mmps =  250 Nexpo =   42/  42 E = (-0.0583514600,0.0000000000) Error = 1.25e-36 FLOPS = 1.30e+09 Texpo = 1.37 T = 2.17
 <-- Site =    6-   7 .. Mmps =  250 Nexpo =   42/  42 E = (-0.0583514600,-0.0000000000) Error = 9.54e-37 FLOPS = 1.28e+09 Texpo = 1.38 T = 2.21
 <-- Site =    5-   6 .. Mmps =  250 Nexpo =   42/  42 E = (-0.0583514600,-0.0000000000) Error = 7.35e-38 FLOPS = 1.25e+09 Texpo = 1.30 T = 1.89
 <-- Site =    4-   5 .. Mmps =  250 Nexpo =   42/  42 E = (-0.0583514600,-0.0000000000) Error = 1.32e-38 FLOPS = 1.08e+09 Texpo = 0.76 T = 1.13
 <-- Site =    3-   4 .. Mmps =  250 Nexpo =   42/  42 E = (-0.0583514600,0.0000000000) Error = 1.73e-42 FLOPS = 9.04e+08 Texpo = 0.31 T = 0.82
 <-- Site =    2-   3 .. Mmps =  250 Nexpo =   42/  42 E = (-0.0583514600,-0.0000000000) Error = 9.41e-49 FLOPS = 6.62e+08 Texpo = 0.14 T = 0.67
 <-- Site =    1-   2 .. Mmps =  250 Nexpo =   42/  42 E = (-0.0583514600,0.0000000000) Error = 7.26e-58 FLOPS = 5.16e+08 Texpo = 0.06 T = 1.67
 <-- Site =    0-   1 .. Mmps =  250 Nexpo =   42/   0 E = (-0.0583514600,0.0000000000) Error = 0.00e+00 FLOPS = 4.03e+08 Texpo = 0.02 T = 0.38
Time elapsed =     60.040 | E = (-0.0583514600,0.0000000000) | Norm^2 =       1.0000000000 | DW = 1.25e-36
Time sweep =       60.040 | 43.8 GFLOP/SWP
 | Tread = 7.043 | Twrite = 2.656 | Tfpread = 0.381 | Tfpwrite = 0.182 | data = 23.1 MB | cpsd = 12.0 MB | Tasync = 0.000
Sweep =    1 | Direction =  forward | Beta = (0.00000,0.05000) | Bond dimension =  250 | Noise =  0.00e+00
 --> Site =    0-   1 .. Mmps =    4 Nexpo =   42/  42 E = (-0.0583514600,-0.0000000000) Error = 0.00e+00 FLOPS = 2.34e+08 Texpo = 0.06 T = 0.19
 --> Site =    1-   2 .. Mmps =   16 Nexpo =   42/  42 E = (-0.0583514600,0.0000000000) Error = 0.00e+00 FLOPS = 4.71e+08 Texpo = 0.11 T = 0.37
 --> Site =    2-   3 .. Mmps =   56 Nexpo =   42/  42 E = (-0.0583514600,-0.0000000000) Error = 0.00e+00 FLOPS = 7.12e+08 Texpo = 0.23 T = 0.41
 --> Site =    3-   4 .. Mmps =  170 Nexpo =   42/  42 E = (-0.0583514600,0.0000000000) Error = 0.00e+00 FLOPS = 9.33e+08 Texpo = 0.52 T = 0.69
 --> Site =    4-   5 .. Mmps =  250 Nexpo =   42/  42 E = (-0.0583514600,-0.0000000000) Error = 6.55e-40 FLOPS = 1.14e+09 Texpo = 1.00 T = 1.64
 --> Site =    5-   6 .. Mmps =  250 Nexpo =   42/  42 E = (-0.0583514600,-0.0000000000) Error = 2.88e-36 FLOPS = 1.28e+09 Texpo = 1.33 T = 2.80
 --> Site =    6-   7 .. Mmps =  250 Nexpo =   42/  42 E = (-0.0583514600,-0.0000000000) Error = 2.43e-35 FLOPS = 1.30e+09 Texpo = 1.36 T = 1.72
 --> Site =    7-   8 .. Mmps =  250 Nexpo =   42/  42 E = (-0.0583514600,0.0000000000) Error = 8.44e-35 FLOPS = 1.35e+09 Texpo = 1.35 T = 3.68
 --> Site =    8-   9 .. Mmps =  250 Nexpo =   42/  42 E = (-0.0583514600,0.0000000000) Error = 4.31e-35 FLOPS = 1.40e+09 Texpo = 1.42 T = 1.74
 --> Site =    9-  10 .. Mmps =  250 Nexpo =   42/  42 E = (-0.0583514600,-0.0000000000) Error = 1.54e-35 FLOPS = 1.67e+09 Texpo = 2.30 T = 3.25
 --> Site =   10-  11 .. Mmps =  250 Nexpo =   42/  42 E = (-0.0583514600,0.0000000000) Error = 2.28e-35 FLOPS = 2.02e+09 Texpo = 3.90 T = 4.43
 --> Site =   11-  12 .. Mmps =  250 Nexpo =   42/  42 E = (-0.0583514600,0.0000000000) Error = 2.86e-37 FLOPS = 1.52e+09 Texpo = 1.88 T = 2.63
 --> Site =   12-  13 .. Mmps =  250 Nexpo =   42/  42 E = (-0.0583514600,-0.0000000000) Error = 5.05e-39 FLOPS = 1.48e+09 Texpo = 1.46 T = 3.25
 --> Site =   13-  14 .. Mmps =  250 Nexpo =   42/  42 E = (-0.0583514600,0.0000000000) Error = 2.10e-39 FLOPS = 1.51e+09 Texpo = 1.54 T = 2.66
 --> Site =   14-  15 .. Mmps =  250 Nexpo =   42/  42 E = (-0.0583514600,-0.0000000000) Error = 5.48e-40 FLOPS = 1.47e+09 Texpo = 1.54 T = 1.68
 --> Site =   15-  16 .. Mmps =  250 Nexpo =   42/  42 E = (-0.0583514600,-0.0000000000) Error = 2.63e-40 FLOPS = 1.47e+09 Texpo = 1.51 T = 3.04
 --> Site =   16-  17 .. Mmps =  250 Nexpo =   42/  42 E = (-0.0583514600,-0.0000000000) Error = 8.31e-41 FLOPS = 1.47e+09 Texpo = 1.48 T = 3.60
 --> Site =   17-  18 .. Mmps =  250 Nexpo =   42/  42 E = (-0.0583514600,0.0000000000) Error = 2.23e-41 FLOPS = 1.43e+09 Texpo = 1.52 T = 1.88
 --> Site =   18-  19 .. Mmps =  250 Nexpo =   42/  42 E = (-0.0583514600,0.0000000000) Error = 8.35e-42 FLOPS = 1.43e+09 Texpo = 1.48 T = 1.83
 --> Site =   19-  20 .. Mmps =  250 Nexpo =   42/  42 E = (-0.0583514600,-0.0000000000) Error = 1.76e-42 FLOPS = 1.43e+09 Texpo = 1.40 T = 2.40
 --> Site =   20-  21 .. Mmps =  250 Nexpo =   42/  42 E = (-0.0583514600,0.0000000000) Error = 5.78e-43 FLOPS = 1.27e+09 Texpo = 1.41 T = 3.11
 --> Site =   21-  22 .. Mmps =  250 Nexpo =   42/  42 E = (-0.0583514600,0.0000000000) Error = 5.77e-45 FLOPS = 1.20e+09 Texpo = 1.12 T = 1.82
 --> Site =   22-  23 .. Mmps =  250 Nexpo =   42/  42 E = (-0.0583514600,-0.0000000000) Error = 1.07e-49 FLOPS = 1.12e+09 Texpo = 0.88 T = 1.73
 --> Site =   23-  24 .. Mmps =  250 Nexpo =   42/  42 E = (-0.0583514600,0.0000000000) Error = 2.62e-50 FLOPS = 9.98e+08 Texpo = 0.66 T = 0.93
 --> Site =   24-  25 .. Mmps =  250 Nexpo =   42/  42 E = (-0.0583514600,0.0000000000) Error = 2.56e-51 FLOPS = 8.97e+08 Texpo = 0.49 T = 1.47
 --> Site =   25-  26 .. Mmps =  250 Nexpo =   42/  42 E = (-0.0583514600,0.0000000000) Error = 3.22e-52 FLOPS = 7.75e+08 Texpo = 0.32 T = 1.23
 --> Site =   26-  27 .. Mmps =  250 Nexpo =   42/  42 E = (-0.0583514600,-0.0000000000) Error = 7.39e-54 FLOPS = 6.38e+08 Texpo = 0.20 T = 0.37
 --> Site =   27-  28 .. Mmps =  250 Nexpo =   42/  42 E = (-0.0583514600,0.0000000000) Error = 7.04e-56 FLOPS = 5.41e+08 Texpo = 0.11 T = 0.43
 --> Site =   28-  29 .. Mmps =  250 Nexpo =   42/  42 E = (-0.0583514600,-0.0000000000) Error = 6.31e-60 FLOPS = 4.40e+08 Texpo = 0.07 T = 2.37
 --> Site =   29-  30 .. Mmps =  250 Nexpo =   42/  42 E = (-0.0583514600,-0.0000000000) Error = 2.52e-73 FLOPS = 3.90e+08 Texpo = 0.05 T = 0.54
 --> Site =   30-  31 .. Mmps =  250 Nexpo =   42/   0 E = (-0.0583514600,-0.0000000000) Error = 0.00e+00 FLOPS = 1.38e+08 Texpo = 0.05 T = 0.23
Time elapsed =    118.148 | E = (-0.0583514600,-0.0000000000) | Norm^2 =       1.0000000000 | DW = 8.44e-35
Time sweep =       58.108 | 43.7 GFLOP/SWP
 | Tread = 5.179 | Twrite = 3.499 | Tfpread = 0.405 | Tfpwrite = 0.179 | data = 22.6 MB | cpsd = 11.7 MB | Tasync = 0.000
T =    0.00000 +    0.40000i <E> =   -0.058351459993074 +   -0.00000i <Norm^2> =    1.000000000000016 +    0.00000i
Sweep =    0 | Direction = backward | Beta = (0.00000,0.05000) | Bond dimension =  250 | Noise =  0.00e+00
 <-- Site =   30-  31 .. Mmps =    4 Nexpo =   42/  42 E = (-0.0583514600,-0.0000000000) Error = 0.00e+00 FLOPS = 1.99e+08 Texpo = 0.06 T = 0.64
 <-- Site =   29-  30 .. Mmps =   15 Nexpo =   42/  42 E = (-0.0583514600,0.0000000000) Error = 0.00e+00 FLOPS = 4.44e+08 Texpo = 0.07 T = 0.54
 <-- Site =   28-  29 .. Mmps =   41 Nexpo =   42/  42 E = (-0.0583514600,0.0000000000) Error = 0.00e+00 FLOPS = 4.60e+08 Texpo = 0.11 T = 0.33
 <-- Site =   27-  28 .. Mmps =   89 Nexpo =   42/  42 E = (-0.0583514600,0.0000000000) Error = 0.00e+00 FLOPS = 6.15e+08 Texpo = 0.16 T = 0.38
 <-- Site =   26-  27 .. Mmps =  166 Nexpo =   42/  42 E = (-0.0583514600,0.0000000000) Error = 0.00e+00 FLOPS = 7.16e+08 Texpo = 0.26 T = 0.67
 <-- Site =   25-  26 .. Mmps =  250 Nexpo =   42/  42 E = (-0.0583514600,-0.0000000000) Error = 0.00e+00 FLOPS = 7.91e+08 Texpo = 0.43 T = 0.83
 <-- Site =   24-  25 .. Mmps =  250 Nexpo =   42/  42 E = (-0.0583514600,-0.0000000000) Error = 3.38e-63 FLOPS = 8.62e+08 Texpo = 0.61 T = 1.96
 <-- Site =   23-  24 .. Mmps =  250 Nexpo =   42/  42 E = (-0.0583514600,0.0000000000) Error = 4.70e-58 FLOPS = 9.71e+08 Texpo = 0.83 T = 1.26
 <-- Site =   22-  23 .. Mmps =  250 Nexpo =   42/  42 E = (-0.0583514600,0.0000000000) Error = 4.62e-52 FLOPS = 1.08e+09 Texpo = 1.07 T = 1.36
 <-- Site =   21-  22 .. Mmps =  250 Nexpo =   42/  42 E = (-0.0583514600,0.0000000000) Error = 3.44e-49 FLOPS = 1.16e+09 Texpo = 1.31 T = 2.65
 <-- Site =   20-  21 .. Mmps =  250 Nexpo =   42/  42 E = (-0.0583514600,-0.0000000000) Error = 8.33e-46 FLOPS = 1.23e+09 Texpo = 1.53 T = 2.20
 <-- Site =   19-  20 .. Mmps =  250 Nexpo =   42/  42 E = (-0.0583514600,-0.0000000000) Error = 8.02e-45 FLOPS = 1.42e+09 Texpo = 1.42 T = 2.81
 <-- Site =   18-  19 .. Mmps =  250 Nexpo =   42/  42 E = (-0.0583514600,0.0000000000) Error = 5.60e-44 FLOPS = 1.41e+09 Texpo = 1.51 T = 2.42
 <-- Site =   17-  18 .. Mmps =  250 Nexpo =   42/  42 E = (-0.0583514600,-0.0000000000) Error = 3.12e-43 FLOPS = 1.45e+09 Texpo = 1.49 T = 3.38
 <-- Site =   16-  17 .. Mmps =  250 Nexpo =   42/  42 E = (-0.0583514600,-0.0000000000) Error = 1.63e-42 FLOPS = 1.44e+09 Texpo = 1.51 T = 1.96
 <-- Site =   15-  16 .. Mmps =  250 Nexpo =   42/  42 E = (-0.0583514600,0.0000000000) Error = 2.61e-42 FLOPS = 1.49e+09 Texpo = 1.49 T = 2.43
 <-- Site =   14-  15 .. Mmps =  250 Nexpo =   42/  42 E = (-0.0583514600,-0.0000000000) Error = 7.35e-42 FLOPS = 1.49e+09 Texpo = 1.53 T = 1.90
 <-- Site =   13-  14 .. Mmps =  250 Nexpo =   42/  42 E = (-0.0583514600,-0.0000000000) Error = 4.27e-41 FLOPS = 1.49e+09 Texpo = 1.53 T = 2.59
 <-- Site =   12-  13 .. Mmps =  250 Nexpo =   42/  42 E = (-0.0583514600,0.0000000000) Error = 4.90e-41 FLOPS = 1.42e+09 Texpo = 1.44 T = 1.63
 <-- Site =   11-  12 .. Mmps =  250 Nexpo =   42/  42 E = (-0.0583514600,-0.0000000000) Error = 1.73e-39 FLOPS = 1.54e+09 Texpo = 2.17 T = 2.67
 <-- Site =   10-  11 .. Mmps =  250 Nexpo =   42/  42 E = (-0.0583514600,0.0000000000) Error = 3.48e-37 FLOPS = 2.05e+09 Texpo = 3.90 T = 4.51
 <-- Site =    9-  10 .. Mmps =  250 Nexpo =   42/  42 E = (-0.0583514600,-0.0000000000) Error = 4.91e-37 FLOPS = 1.56e+09 Texpo = 2.03 T = 3.54
 <-- Site =    8-   9 .. Mmps =  250 Nexpo =   42/  42 E = (-0.0583514600,-0.0000000000) Error = 6.93e-37 FLOPS = 1.36e+09 Texpo = 1.39 T = 2.03
 <-- Site =    7-   8 .. Mmps =  250 Nexpo =   42/  42 E = (-0.0583514600,0.0000000000) Error = 2.66e-36 FLOPS = 1.33e+09 Texpo = 1.34 T = 2.11
 <-- Site =    6-   7 .. Mmps =  250 Nexpo =   42/  42 E = (-0.0583514600,0.0000000000) Error = 2.62e-36 FLOPS = 1.29e+09 Texpo = 1.36 T = 1.78
 <-- Site =    5-   6 .. Mmps =  250 Nexpo =   42/  42 E = (-0.0583514600,-0.0000000000) Error = 4.49e-37 FLOPS = 1.27e+09 Texpo = 1.25 T = 1.96
 <-- Site =    4-   5 .. Mmps =  250 Nexpo =   42/  42 E = (-0.0583514600,-0.0000000000) Error = 7.21e-38 FLOPS = 1.14e+09 Texpo = 0.70 T = 1.23
 <-- Site =    3-   4 .. Mmps =  250 Nexpo =   42/  42 E = (-0.0583514600,0.0000000000) Error = 1.97e-41 FLOPS = 8.48e+08 Texpo = 0.33 T = 0.89
 <-- Site =    2-   3 .. Mmps =  250 Nexpo =   42/  42 E = (-0.0583514600,-0.0000000000) Error = 5.17e-48 FLOPS = 5.11e+08 Texpo = 0.18 T = 0.63
 <-- Site =    1-   2 .. Mmps =  250 Nexpo =   42/  42 E = (-0.0583514600,0.0000000000) Error = 1.12e-57 FLOPS = 3.86e+08 Texpo = 0.08 T = 0.27
 <-- Site =    0-   1 .. Mmps =  250 Nexpo =   42/   0 E = (-0.0583514600,-0.0000000000) Error = 0.00e+00 FLOPS = 4.07e+08 Texpo = 0.02 T = 0.09
Time elapsed =     53.637 | E = (-0.0583514600,-0.0000000000) | Norm^2 =       1.0000000000 | DW = 2.66e-36
Time sweep =       53.637 | 43.4 GFLOP/SWP
 | Tread = 4.993 | Twrite = 2.452 | Tfpread = 0.315 | Tfpwrite = 0.185 | data = 23.0 MB | cpsd = 12.0 MB | Tasync = 0.000
Sweep =    1 | Direction =  forward | Beta = (0.00000,0.05000) | Bond dimension =  250 | Noise =  0.00e+00
 --> Site =    0-   1 .. Mmps =    4 Nexpo =   42/  42 E = (-0.0583514600,0.0000000000) Error = 0.00e+00 FLOPS = 3.95e+08 Texpo = 0.04 T = 0.08
 --> Site =    1-   2 .. Mmps =   16 Nexpo =   42/  42 E = (-0.0583514600,0.0000000000) Error = 0.00e+00 FLOPS = 5.07e+08 Texpo = 0.10 T = 0.39
 --> Site =    2-   3 .. Mmps =   56 Nexpo =   42/  42 E = (-0.0583514600,0.0000000000) Error = 0.00e+00 FLOPS = 8.27e+08 Texpo = 0.19 T = 0.39
 --> Site =    3-   4 .. Mmps =  170 Nexpo =   42/  42 E = (-0.0583514600,-0.0000000000) Error = 0.00e+00 FLOPS = 1.02e+09 Texpo = 0.47 T = 2.25
 --> Site =    4-   5 .. Mmps =  250 Nexpo =   42/  42 E = (-0.0583514600,-0.0000000000) Error = 2.06e-39 FLOPS = 1.24e+09 Texpo = 0.89 T = 1.31
 --> Site =    5-   6 .. Mmps =  250 Nexpo =   42/  42 E = (-0.0583514600,-0.0000000000) Error = 1.54e-35 FLOPS = 1.40e+09 Texpo = 1.18 T = 1.88
 --> Site =    6-   7 .. Mmps =  250 Nexpo =   42/  42 E = (-0.0583514600,0.0000000000) Error = 7.26e-35 FLOPS = 1.42e+09 Texpo = 1.22 T = 1.98
 --> Site =    7-   8 .. Mmps =  250 Nexpo =   42/  42 E = (-0.0583514600,0.0000000000) Error = 2.13e-34 FLOPS = 1.47e+09 Texpo = 1.23 T = 1.68
 --> Site =    8-   9 .. Mmps =  250 Nexpo =   42/  42 E = (-0.0583514600,-0.0000000000) Error = 7.97e-35 FLOPS = 1.55e+09 Texpo = 1.27 T = 2.03
 --> Site =    9-  10 .. Mmps =  250 Nexpo =   42/  42 E = (-0.0583514600,0.0000000000) Error = 3.29e-35 FLOPS = 1.82e+09 Texpo = 2.15 T = 3.54
 --> Site =   10-  11 .. Mmps =  250 Nexpo =   42/  42 E = (-0.0583514600,0.0000000000) Error = 5.20e-35 FLOPS = 2.15e+09 Texpo = 3.60 T = 4.73
 --> Site =   11-  12 .. Mmps =  250 Nexpo =   42/  42 E = (-0.0583514600,0.0000000000) Error = 5.07e-37 FLOPS = 1.51e+09 Texpo = 1.87 T = 2.65
 --> Site =   12-  13 .. Mmps =  250 Nexpo =   42/  42 E = (-0.0583514600,-0.0000000000) Error = 6.74e-39 FLOPS = 1.47e+09 Texpo = 1.46 T = 4.03
 --> Site =   13-  14 .. Mmps =  250 Nexpo =   42/  42 E = (-0.0583514600,0.0000000000) Error = 1.58e-39 FLOPS = 1.50e+09 Texpo = 1.54 T = 2.39
 --> Site =   14-  15 .. Mmps =  250 Nexpo =   42/  42 E = (-0.0583514600,-0.0000000000) Error = 1.00e-39 FLOPS = 1.50e+09 Texpo = 1.52 T = 2.31
 --> Site =   15-  16 .. Mmps =  250 Nexpo =   42/  42 E = (-0.0583514600,-0.0000000000) Error = 2.56e-40 FLOPS = 1.51e+09 Texpo = 1.47 T = 2.16
 --> Site =   16-  17 .. Mmps =  250 Nexpo =   42/  42 E = (-0.0583514600,-0.0000000000) Error = 1.24e-40 FLOPS = 1.53e+09 Texpo = 1.44 T = 3.21
 --> Site =   17-  18 .. Mmps =  250 Nexpo =   42/  42 E = (-0.0583514600,-0.0000000000) Error = 3.94e-41 FLOPS = 1.52e+09 Texpo = 1.43 T = 1.61
 --> Site =   18-  19 .. Mmps =  250 Nexpo =   42/  42 E = (-0.0583514600,0.0000000000) Error = 1.11e-41 FLOPS = 1.47e+09 Texpo = 1.44 T = 3.58
 --> Site =   19-  20 .. Mmps =  250 Nexpo =   42/  42 E = (-0.0583514600,0.0000000000) Error = 2.82e-42 FLOPS = 1.51e+09 Texpo = 1.34 T = 2.30
 --> Site =   20-  21 .. Mmps =  250 Nexpo =   42/  42 E = (-0.0583514600,0.0000000000) Error = 1.44e-42 FLOPS = 1.34e+09 Texpo = 1.34 T = 2.22
 --> Site =   21-  22 .. Mmps =  250 Nexpo =   42/  42 E = (-0.0583514600,0.0000000000) Error = 7.48e-45 FLOPS = 1.25e+09 Texpo = 1.09 T = 1.91
 --> Site =   22-  23 .. Mmps =  250 Nexpo =   42/  42 E = (-0.0583514600,0.0000000000) Error = 1.49e-49 FLOPS = 1.16e+09 Texpo = 0.86 T = 1.40
 --> Site =   23-  24 .. Mmps =  250 Nexpo =   42/  42 E = (-0.0583514600,0.0000000000) Error = 3.83e-50 FLOPS = 1.05e+09 Texpo = 0.64 T = 3.58
 --> Site =   24-  25 .. Mmps =  250 Nexpo =   42/  42 E = (-0.0583514600,0.0000000000) Error = 6.18e-51 FLOPS = 9.24e+08 Texpo = 0.49 T = 1.65
 --> Site =   25-  26 .. Mmps =  250 Nexpo =   42/  42 E = (-0.0583514600,0.0000000000) Error = 5.23e-52 FLOPS = 7.77e+08 Texpo = 0.32 T = 1.23
 --> Site =   26-  27 .. Mmps =  250 Nexpo =   42/  42 E = (-0.0583514600,-0.0000000000) Error = 9.34e-54 FLOPS = 6.61e+08 Texpo = 0.20 T = 0.79
 --> Site =   27-  28 .. Mmps =  250 Nexpo =   42/  42 E = (-0.0583514600,0.0000000000) Error = 7.12e-56 FLOPS = 5.77e+08 Texpo = 0.11 T = 0.54
 --> Site =   28-  29 .. Mmps =  250 Nexpo =   42/  42 E = (-0.0583514600,0.0000000000) Error = 4.78e-60 FLOPS = 4.20e+08 Texpo = 0.08 T = 0.33
 --> Site =   29-  30 .. Mmps =  250 Nexpo =   42/  42 E = (-0.0583514600,0.0000000000) Error = 9.19e-70 FLOPS = 4.09e+08 Texpo = 0.05 T = 0.19
 --> Site =   30-  31 .. Mmps =  250 Nexpo =   42/   0 E = (-0.0583514600,0.0000000000) Error = 0.00e+00 FLOPS = 1.40e+08 Texpo = 0.05 T = 0.14
Time elapsed =    112.125 | E = (-0.0583514600,0.0000000000) | Norm^2 =       1.0000000000 | DW = 2.13e-34
Time sweep =       58.488 | 43.5 GFLOP/SWP
 | Tread = 5.504 | Twrite = 4.283 | Tfpread = 0.431 | Tfpwrite = 0.227 | data = 22.5 MB | cpsd = 11.6 MB | Tasync = 0.000
T =    0.00000 +    0.50000i <E> =   -0.058351459993074 +    0.00000i <Norm^2> =    1.000000000000019 +    0.00000i

Time = 0.50
Total energy = -0.058351+0.000000j
WF norm = 1.000000+0.000000j
<Sz d=10> = -0.500000+0.000000j
<Sz d=11> = -0.500000+0.000000j
<C[10, 11]> = 0.000000
Total <occ_> = 5.000000
Total <sz_> = 2.500000
Total <Sdz_> = -1.000000
Total <pur_> = 1.000000
Total <conc_> = nan

Time = 1.00
Total energy = -0.058351-0.000000j
WF norm = 1.000000-0.000000j
<Sz d=10> = -0.500000+0.000000j
<Sz d=11> = -0.500000-0.000000j
<C[10, 11]> = 0.000000
Total <occ_> = 5.000000
Total <sz_> = 2.500000
Total <Sdz_> = -1.000000
Total <pur_> = 1.000000
Total <conc_> = nan

Time = 1.50
Total energy = -0.058351-0.000000j
WF norm = 1.000000-0.000000j
<Sz d=10> = -0.500000-0.000000j
<Sz d=11> = -0.500000-0.000000j
<C[10, 11]> = 0.000000
Total <occ_> = 5.000000
Total <sz_> = 2.500000
Total <Sdz_> = -1.000000
Total <pur_> = 1.000000
Total <conc_> = nan

Time = 2.00
Total energy = -0.058351+0.000000j
WF norm = 1.000000-0.000000j
<Sz d=10> = -0.499984-0.000000j
<Sz d=11> = -0.499999+0.000000j
<C[10, 11]> = 0.000000
Total <occ_> = 5.000000
Total <sz_> = 2.499983
Total <Sdz_> = -0.999983
Total <pur_> = 0.999983
Total <conc_> = nan

Time = 2.50
Total energy = -0.058351+0.000000j
WF norm = 1.000000-0.000000j
<Sz d=10> = -0.499794+0.000000j
<Sz d=11> = -0.499977-0.000000j
<C[10, 11]> = 0.000000
Total <occ_> = 5.000000
Total <sz_> = 2.499771
Total <Sdz_> = -0.999771
Total <pur_> = 0.999771
Total <conc_> = nan

Time = 3.00
Total energy = -0.058351+0.000000j
WF norm = 1.000000+0.000000j
<Sz d=10> = -0.498660+0.000000j
<Sz d=11> = -0.499766+0.000000j
<C[10, 11]> = 0.000000
Total <occ_> = 5.000000
Total <sz_> = 2.498426
Total <Sdz_> = -0.998426
Total <pur_> = 0.998426
Total <conc_> = nan

Time = 3.50
Total energy = -0.058351+0.000000j
WF norm = 1.000000+0.000000j
<Sz d=10> = -0.494858-0.000000j
<Sz d=11> = -0.498678+0.000000j
<C[10, 11]> = 0.000000
Total <occ_> = 5.000000
Total <sz_> = 2.493536
Total <Sdz_> = -0.993536
Total <pur_> = 0.993536
Total <conc_> = nan

Time = 4.00
Total energy = -0.058351+0.000000j
WF norm = 1.000000+0.000000j
<Sz d=10> = -0.487047-0.000000j
<Sz d=11> = -0.495277+0.000000j
<C[10, 11]> = 0.000000
Total <occ_> = 5.000000
Total <sz_> = 2.482325
Total <Sdz_> = -0.982325
Total <pur_> = 0.982325
Total <conc_> = nan

Time = 4.50
Total energy = -0.058351+0.000000j
WF norm = 1.000000+0.000000j
<Sz d=10> = -0.476540+0.000000j
<Sz d=11> = -0.488438-0.000000j
<C[10, 11]> = 0.000000
Total <occ_> = 5.000000
Total <sz_> = 2.464979
Total <Sdz_> = -0.964979
Total <pur_> = 0.964979
Total <conc_> = nan

Time = 5.00
Total energy = -0.058351+0.000000j
WF norm = 1.000000+0.000000j
<Sz d=10> = -0.466046-0.000000j
<Sz d=11> = -0.479151+0.000000j
<C[10, 11]> = 0.000000
Total <occ_> = 5.000000
Total <sz_> = 2.445197
Total <Sdz_> = -0.945197
Total <pur_> = 0.945197
Total <conc_> = nan

Time = 5.50
Total energy = -0.058351+0.000000j
WF norm = 1.000000-0.000000j
<Sz d=10> = -0.455609-0.000000j
<Sz d=11> = -0.469721+0.000000j
<C[10, 11]> = 0.000000
Total <occ_> = 5.000000
Total <sz_> = 2.425329
Total <Sdz_> = -0.925329
Total <pur_> = 0.925329
Total <conc_> = nan

Time = 6.00
Total energy = -0.058351-0.000000j
WF norm = 1.000000+0.000000j
<Sz d=10> = -0.443456-0.000000j
<Sz d=11> = -0.460450-0.000000j
<C[10, 11]> = 0.000000
Total <occ_> = 5.000000
Total <sz_> = 2.403905
Total <Sdz_> = -0.903905
Total <pur_> = 0.903905
Total <conc_> = nan

Time = 6.50
Total energy = -0.058351+0.000000j
WF norm = 1.000000+0.000000j
<Sz d=10> = -0.430266+0.000000j
<Sz d=11> = -0.449772-0.000000j
<C[10, 11]> = 0.000001
Total <occ_> = 5.000000
Total <sz_> = 2.380038
Total <Sdz_> = -0.880038
Total <pur_> = 0.880038
Total <conc_> = nan

Time = 7.00
Total energy = -0.058351-0.000000j
WF norm = 1.000000-0.000000j
<Sz d=10> = -0.417475-0.000000j
<Sz d=11> = -0.437918-0.000000j
<C[10, 11]> = 0.000002
Total <occ_> = 5.000000
Total <sz_> = 2.355393
Total <Sdz_> = -0.855393
Total <pur_> = 0.855393
Total <conc_> = nan

Time = 7.50
Total energy = -0.058351+0.000000j
WF norm = 1.000000+0.000000j
<Sz d=10> = -0.403855+0.000000j
<Sz d=11> = -0.426300-0.000000j
<C[10, 11]> = 0.000001
Total <occ_> = 5.000000
Total <sz_> = 2.330155
Total <Sdz_> = -0.830155
Total <pur_> = 0.830155
Total <conc_> = nan

Time = 8.00
Total energy = -0.058351+0.000000j
WF norm = 1.000000+0.000000j
<Sz d=10> = -0.389098+0.000000j
<Sz d=11> = -0.414124+0.000000j
<C[10, 11]> = 0.000000
Total <occ_> = 5.000000
Total <sz_> = 2.303222
Total <Sdz_> = -0.803222
Total <pur_> = 0.803222
Total <conc_> = nan

Time = 8.50
Total energy = -0.058351+0.000000j
WF norm = 1.000000-0.000000j
<Sz d=10> = -0.376187-0.000000j
<Sz d=11> = -0.400681-0.000000j
<C[10, 11]> = 0.000000
Total <occ_> = 5.000000
Total <sz_> = 2.276868
Total <Sdz_> = -0.776868
Total <pur_> = 0.776868
Total <conc_> = nan

Time = 9.00
Total energy = -0.058351-0.000000j
WF norm = 1.000000-0.000000j
<Sz d=10> = -0.366490+0.000000j
<Sz d=11> = -0.388475-0.000000j
<C[10, 11]> = 0.000000
Total <occ_> = 5.000000
Total <sz_> = 2.254966
Total <Sdz_> = -0.754966
Total <pur_> = 0.754966
Total <conc_> = nan

Time = 9.50
Total energy = -0.058351-0.000000j
WF norm = 1.000000-0.000000j
<Sz d=10> = -0.358092-0.000000j
<Sz d=11> = -0.379479+0.000000j
<C[10, 11]> = 0.000000
Total <occ_> = 5.000000
Total <sz_> = 2.237571
Total <Sdz_> = -0.737571
Total <pur_> = 0.737571
Total <conc_> = nan

Time = 10.00
Total energy = -0.058351-0.000000j
WF norm = 1.000000+0.000000j
<Sz d=10> = -0.349652+0.000000j
<Sz d=11> = -0.372212+0.000000j
<C[10, 11]> = 0.000000
Total <occ_> = 5.000000
Total <sz_> = 2.221864
Total <Sdz_> = -0.721864
Total <pur_> = 0.721864
Total <conc_> = nan

Time = 10.50
Total energy = -0.058351+0.000000j
WF norm = 1.000000+0.000000j
<Sz d=10> = -0.341079+0.000000j
<Sz d=11> = -0.364992+0.000000j
<C[10, 11]> = 0.000000
Total <occ_> = 5.000000
Total <sz_> = 2.206071
Total <Sdz_> = -0.706071
Total <pur_> = 0.706071
Total <conc_> = nan

Time = 11.00
Total energy = -0.058351+0.000000j
WF norm = 1.000000+0.000000j
<Sz d=10> = -0.332248-0.000000j
<Sz d=11> = -0.357648-0.000000j
<C[10, 11]> = 0.000000
Total <occ_> = 5.000000
Total <sz_> = 2.189895
Total <Sdz_> = -0.689895
Total <pur_> = 0.689895
Total <conc_> = nan

Time = 11.50
Total energy = -0.058351-0.000000j
WF norm = 1.000000-0.000000j
<Sz d=10> = -0.323365-0.000000j
<Sz d=11> = -0.350073-0.000000j
<C[10, 11]> = 0.000000
Total <occ_> = 5.000000
Total <sz_> = 2.173439
Total <Sdz_> = -0.673439
Total <pur_> = 0.673439
Total <conc_> = nan

Time = 12.00
Total energy = -0.058351-0.000000j
WF norm = 1.000000-0.000000j
<Sz d=10> = -0.314381+0.000000j
<Sz d=11> = -0.342310-0.000000j
<C[10, 11]> = 0.000000
Total <occ_> = 5.000000
Total <sz_> = 2.156692
Total <Sdz_> = -0.656692
Total <pur_> = 0.656692
Total <conc_> = nan

Time = 12.50
Total energy = -0.058351-0.000000j
WF norm = 0.999999-0.000000j
<Sz d=10> = -0.305211-0.000000j
<Sz d=11> = -0.334467-0.000000j
<C[10, 11]> = 0.000000
Total <occ_> = 5.000000
Total <sz_> = 2.139678
Total <Sdz_> = -0.639678
Total <pur_> = 0.639678
Total <conc_> = nan

Time = 13.00
Total energy = -0.058352+0.000000j
WF norm = 0.999999-0.000000j
<Sz d=10> = -0.296735-0.000000j
<Sz d=11> = -0.326328-0.000000j
<C[10, 11]> = 0.000000
Total <occ_> = 5.000000
Total <sz_> = 2.123063
Total <Sdz_> = -0.623063
Total <pur_> = 0.623063
Total <conc_> = nan

Time = 13.50
Total energy = -0.058352-0.000000j
WF norm = 0.999999+0.000000j
<Sz d=10> = -0.288641+0.000000j
<Sz d=11> = -0.318398+0.000000j
<C[10, 11]> = 0.000000
Total <occ_> = 5.000000
Total <sz_> = 2.107039
Total <Sdz_> = -0.607039
Total <pur_> = 0.607039
Total <conc_> = nan

Time = 14.00
Total energy = -0.058352-0.000000j
WF norm = 0.999998+0.000000j
<Sz d=10> = -0.279494+0.000000j
<Sz d=11> = -0.310958+0.000000j
<C[10, 11]> = 0.000000
Total <occ_> = 5.000000
Total <sz_> = 2.090452
Total <Sdz_> = -0.590452
Total <pur_> = 0.590452
Total <conc_> = nan

Time = 14.50
Total energy = -0.058352-0.000000j
WF norm = 0.999997-0.000000j
<Sz d=10> = -0.270446+0.000000j
<Sz d=11> = -0.303079-0.000000j
<C[10, 11]> = 0.000001
Total <occ_> = 5.000000
Total <sz_> = 2.073525
Total <Sdz_> = -0.573525
Total <pur_> = 0.573525
Total <conc_> = nan

Time = 15.00
Total energy = -0.058352-0.000000j
WF norm = 0.999996-0.000000j
<Sz d=10> = -0.263023-0.000000j
<Sz d=11> = -0.295293+0.000000j
<C[10, 11]> = 0.000006
Total <occ_> = 5.000000
Total <sz_> = 2.058317
Total <Sdz_> = -0.558317
Total <pur_> = 0.558317
Total <conc_> = nan

Time = 15.50
Total energy = -0.058352+0.000000j
WF norm = 0.999995+0.000000j
<Sz d=10> = -0.255769-0.000000j
<Sz d=11> = -0.288867+0.000000j
<C[10, 11]> = 0.000047
Total <occ_> = 5.000000
Total <sz_> = 2.044636
Total <Sdz_> = -0.544636
Total <pur_> = 0.544636
Total <conc_> = nan

Time = 16.00
Total energy = -0.058352-0.000000j
WF norm = 0.999994+0.000000j
<Sz d=10> = -0.248454+0.000000j
<Sz d=11> = -0.282160+0.000000j
<C[10, 11]> = 0.000148
Total <occ_> = 5.000000
Total <sz_> = 2.030614
Total <Sdz_> = -0.530614
Total <pur_> = 0.530614
Total <conc_> = nan

Time = 16.50
Total energy = -0.058352+0.000000j
WF norm = 0.999992+0.000000j
<Sz d=10> = -0.242710-0.000000j
<Sz d=11> = -0.274059-0.000000j
<C[10, 11]> = 0.000293
Total <occ_> = 5.000000
Total <sz_> = 2.016769
Total <Sdz_> = -0.516769
Total <pur_> = 0.516769
Total <conc_> = nan

Time = 17.00
Total energy = -0.058352-0.000000j
WF norm = 0.999990-0.000000j
<Sz d=10> = -0.237213+0.000000j
<Sz d=11> = -0.266924-0.000000j
<C[10, 11]> = 0.000757
Total <occ_> = 5.000000
Total <sz_> = 2.004137
Total <Sdz_> = -0.504137
Total <pur_> = 0.504137
Total <conc_> = nan

Time = 17.50
Total energy = -0.058352+0.000000j
WF norm = 0.999989-0.000000j
<Sz d=10> = -0.230825+0.000000j
<Sz d=11> = -0.261093+0.000000j
<C[10, 11]> = 0.001503
Total <occ_> = 5.000000
Total <sz_> = 1.991919
Total <Sdz_> = -0.491919
Total <pur_> = 0.491919
Total <conc_> = nan

Time = 18.00
Total energy = -0.058352+0.000000j
WF norm = 0.999986+0.000000j
<Sz d=10> = -0.225820+0.000000j
<Sz d=11> = -0.254493-0.000000j
<C[10, 11]> = 0.002279
Total <occ_> = 5.000000
Total <sz_> = 1.980313
Total <Sdz_> = -0.480313
Total <pur_> = 0.480313
Total <conc_> = nan

Time = 18.50
Total energy = -0.058353-0.000000j
WF norm = 0.999984-0.000000j
<Sz d=10> = -0.222023-0.000000j
<Sz d=11> = -0.248171-0.000000j
<C[10, 11]> = 0.002081
Total <occ_> = 5.000000
Total <sz_> = 1.970193
Total <Sdz_> = -0.470193
Total <pur_> = 0.470193
Total <conc_> = nan

Time = 19.00
Total energy = -0.058353-0.000000j
WF norm = 0.999982+0.000000j
<Sz d=10> = -0.217007+0.000000j
<Sz d=11> = -0.243340+0.000000j
<C[10, 11]> = 0.000755
Total <occ_> = 5.000000
Total <sz_> = 1.960347
Total <Sdz_> = -0.460347
Total <pur_> = 0.460347
Total <conc_> = nan

Time = 19.50
Total energy = -0.058353-0.000000j
WF norm = 0.999979+0.000000j
<Sz d=10> = -0.212128+0.000000j
<Sz d=11> = -0.238114+0.000000j
<C[10, 11]> = 0.000396
Total <occ_> = 5.000000
Total <sz_> = 1.950242
Total <Sdz_> = -0.450242
Total <pur_> = 0.450242
Total <conc_> = nan

Time = 20.00
Total energy = -0.058353+0.000000j
WF norm = 0.999976+0.000000j
<Sz d=10> = -0.208692+0.000000j
<Sz d=11> = -0.232706+0.000000j
<C[10, 11]> = 0.000479
Total <occ_> = 5.000000
Total <sz_> = 1.941398
Total <Sdz_> = -0.441398
Total <pur_> = 0.441398
Total <conc_> = nan
>>> Time evol compute time = 73803.01
stop time: 
Sun Jan 21 19:10:58 EST 2024
