#### SLURM ####
pwd: 
/blue/m2qm-efrc/cpbunker/GitHub/transport
host: 
c0703a-s1.ufhpc
# conda environments:
#
base                     /apps/conda/23.3.1
block2                *  /blue/m2qm-efrc/cpbunker/condaenvs/block2
plot                     /blue/m2qm-efrc/cpbunker/condaenvs/plot

#### PYTHON ####
start time: 
Tue Jan 23 10:04:47 EST 2024

>>> PWD:  /blue/m2qm-efrc/cpbunker/GitHub/transport
>>> Params =  {'tl': 1.0, 'Vconf': 10.0, 'Be': 100.0, 'BFM': -100.0, 'Jz': 0.0, 'Jx': 0.0, 'Jsd': 0.0, 'NL': 14, 'NFM': 2, 'NR': 4, 'Nconf': 2, 'Ne': 1, 'TwoSz': -1, 'TwoSd': 1, 'symmetry': 'Sz', 'ex_sites': [14, 15], 'plot': 0, 'bdim_0': [60, 70, 80, 90, 90], 'bdim_t': [100], 'noises': [0.01, 0.001, 0.0001, 1e-05, 0.0], 'dmrg_sweeps': 20, 'cutoff': -1.0, 'te_type': 'tdvp', 'time_step': 0.1, 'tupdate': 1.0, 'Nupdates': 12}
TwoSdz_ladder =
 [ 1 -1]
four_Sdz = 
 [[ 0.5  0.   0.   0.   0.   0.   0.   0. ]
 [ 0.  -0.5  0.  -0.   0.  -0.   0.  -0. ]
 [ 0.   0.   0.5  0.   0.   0.   0.   0. ]
 [ 0.  -0.   0.  -0.5  0.  -0.   0.  -0. ]
 [ 0.   0.   0.   0.   0.5  0.   0.   0. ]
 [ 0.  -0.   0.  -0.   0.  -0.5  0.  -0. ]
 [ 0.   0.   0.   0.   0.   0.   0.5  0. ]
 [ 0.  -0.   0.  -0.   0.  -0.   0.  -0.5]]
four_Sdminus = 
 [[0. 0. 0. 0. 0. 0. 0. 0.]
 [1. 0. 0. 0. 0. 0. 0. 0.]
 [0. 0. 0. 0. 0. 0. 0. 0.]
 [0. 0. 1. 0. 0. 0. 0. 0.]
 [0. 0. 0. 0. 0. 0. 0. 0.]
 [0. 0. 0. 0. 1. 0. 0. 0.]
 [0. 0. 0. 0. 0. 0. 0. 0.]
 [0. 0. 0. 0. 0. 0. 1. 0.]]
four_Sdplus = 
 [[0. 1. 0. 0. 0. 0. 0. 0.]
 [0. 0. 0. 0. 0. 0. 0. 0.]
 [0. 0. 0. 1. 0. 0. 0. 0.]
 [0. 0. 0. 0. 0. 0. 0. 0.]
 [0. 0. 0. 0. 0. 1. 0. 0.]
 [0. 0. 0. 0. 0. 0. 0. 0.]
 [0. 0. 0. 0. 0. 0. 0. 1.]
 [0. 0. 0. 0. 0. 0. 0. 0.]]
>>> (0, 1, 0)
>>> (0, -1, 0)
>>> (1, 2, 0)
>>> (1, 0, 0)
>>> (1, -2, 0)
>>> (2, 1, 0)
>>> (2, -1, 0)
>>> (0, 1, 0)
>>> (0, -1, 0)
>>> (1, 2, 0)
>>> (1, 0, 0)
>>> (1, -2, 0)
>>> (2, 1, 0)
>>> (2, -1, 0)

 ######################################## 
Constructed builder
 ######################################## 

Environment initialization | Nsites =    20 | Center =     0
 INIT-R <-- Site =   17 ..  Bmem =   256 B Rmem =   256 B T = 0.33
 INIT-R <-- Site =   16 ..  Bmem = 3.19 KB Rmem = 3.19 KB T = 0.18
 INIT-R <-- Site =   15 ..  Bmem = 37.5 KB Rmem = 37.5 KB T = 0.00
 INIT-R <-- Site =   14 ..  Bmem =  475 KB Rmem = 30.9 KB T = 0.02
 INIT-R <-- Site =   13 ..  Bmem = 1.41 MB Rmem = 26.4 KB T = 0.01
 INIT-R <-- Site =   12 ..  Bmem = 1.38 MB Rmem = 25.5 KB T = 0.01
 INIT-R <-- Site =   11 ..  Bmem =  378 KB Rmem = 25.0 KB T = 0.01
 INIT-R <-- Site =   10 ..  Bmem =  372 KB Rmem = 27.4 KB T = 0.01
 INIT-R <-- Site =    9 ..  Bmem =  410 KB Rmem = 29.7 KB T = 0.01
 INIT-R <-- Site =    8 ..  Bmem =  444 KB Rmem = 29.7 KB T = 0.01
 INIT-R <-- Site =    7 ..  Bmem =  450 KB Rmem = 31.5 KB T = 0.01
 INIT-R <-- Site =    6 ..  Bmem =  480 KB Rmem = 33.9 KB T = 0.01
 INIT-R <-- Site =    5 ..  Bmem =  517 KB Rmem = 35.9 KB T = 0.02
 INIT-R <-- Site =    4 ..  Bmem =  550 KB Rmem = 39.7 KB T = 0.02
 INIT-R <-- Site =    3 ..  Bmem =  608 KB Rmem = 43.2 KB T = 0.02
 INIT-R <-- Site =    2 ..  Bmem =  664 KB Rmem = 44.7 KB T = 0.09
 INIT-R <-- Site =    1 ..  Bmem =  688 KB Rmem = 48.0 KB T = 0.07
 INIT-R <-- Site =    0 ..  Bmem =  741 KB Rmem = 53.5 KB T = 0.03
Time init sweep =        0.864 | MaxBmem = 1.41 MB | MaxRmem = 26.4 KB
 | Tread = 0.000 | Twrite = 0.155 | Tfpread = 0.000 | Tfpwrite = 0.144 | data = 566 KB | cpsd = 395 KB | Tasync = 0.000


Sweep =    0 | Direction =  forward | Bond dimension =   60 | Noise =  1.00e-02 | Dav threshold =  1.00e-06
 --> Site =    0-   1 .. Mmps =    3 Ndav =   5 E =   -161.0023326769 Error = 0.00e+00 FLOPS = 3.63e+02 Tdav = 0.72 T = 1.03
 --> Site =    1-   2 .. Mmps =    5 Ndav =   4 E =   -161.0082292946 Error = 0.00e+00 FLOPS = 1.15e+04 Tdav = 0.03 T = 0.12
 --> Site =    2-   3 .. Mmps =    7 Ndav =   2 E =   -161.0082314189 Error = 0.00e+00 FLOPS = 8.94e+03 Tdav = 0.03 T = 0.06
 --> Site =    3-   4 .. Mmps =    9 Ndav =   1 E =   -161.0082314189 Error = 0.00e+00 FLOPS = 7.22e+05 Tdav = 0.00 T = 0.05
 --> Site =    4-   5 .. Mmps =   11 Ndav =   1 E =   -161.0082314189 Error = 0.00e+00 FLOPS = 1.00e+06 Tdav = 0.00 T = 0.03
 --> Site =    5-   6 .. Mmps =   13 Ndav =   1 E =   -161.0082314189 Error = 0.00e+00 FLOPS = 1.17e+06 Tdav = 0.00 T = 0.03
 --> Site =    6-   7 .. Mmps =   15 Ndav =   1 E =   -161.0082314189 Error = 0.00e+00 FLOPS = 1.45e+06 Tdav = 0.00 T = 0.02
 --> Site =    7-   8 .. Mmps =   17 Ndav =   1 E =   -161.0082314189 Error = 0.00e+00 FLOPS = 1.78e+06 Tdav = 0.00 T = 0.02
 --> Site =    8-   9 .. Mmps =   19 Ndav =   1 E =   -161.0082314189 Error = 0.00e+00 FLOPS = 1.86e+04 Tdav = 0.03 T = 0.05
 --> Site =    9-  10 .. Mmps =   21 Ndav =   1 E =   -161.0082314189 Error = 0.00e+00 FLOPS = 2.65e+06 Tdav = 0.00 T = 0.02
 --> Site =   10-  11 .. Mmps =   23 Ndav =   1 E =   -161.0082314189 Error = 0.00e+00 FLOPS = 3.06e+06 Tdav = 0.00 T = 0.02
 --> Site =   11-  12 .. Mmps =   25 Ndav =   1 E =   -161.0082314189 Error = 0.00e+00 FLOPS = 3.56e+06 Tdav = 0.00 T = 0.05
 --> Site =   12-  13 .. Mmps =   27 Ndav =   1 E =   -161.0082314189 Error = 0.00e+00 FLOPS = 4.01e+04 Tdav = 0.02 T = 0.04
 --> Site =   13-  14 .. Mmps =   29 Ndav =   1 E =   -161.0082314189 Error = 0.00e+00 FLOPS = 6.65e+06 Tdav = 0.00 T = 0.02
 --> Site =   14-  15 .. Mmps =   47 Ndav =   1 E =   -161.0082314189 Error = 0.00e+00 FLOPS = 1.12e+07 Tdav = 0.00 T = 0.24
 --> Site =   15-  16 .. Mmps =   51 Ndav =   1 E =   -161.0082314189 Error = 0.00e+00 FLOPS = 1.85e+07 Tdav = 0.00 T = 0.04
 --> Site =   16-  17 .. Mmps =   54 Ndav =   1 E =   -161.0082314189 Error = 0.00e+00 FLOPS = 2.57e+07 Tdav = 0.00 T = 0.12
 --> Site =   17-  18 .. Mmps =   57 Ndav =   1 E =   -161.0082314189 Error = 0.00e+00 FLOPS = 4.32e+07 Tdav = 0.00 T = 0.01
 --> Site =   18-  19 .. Mmps =   60 Ndav =   1 E =   -161.0082314189 Error = 0.00e+00 FLOPS = 1.43e+07 Tdav = 0.00 T = 0.02
Time elapsed =      1.986 | E =    -161.0082314189 | DW = 0.00e+00
Time sweep =        1.986 | 32.6 KFLOP/SWP
 | Dmem = 144 KB (1%) | Imem = 320 KB (87%) | Hmem = 1.86 MB | Wmem = 960 B | Pmem = 13.3 KB
 | Tread = 0.018 | Twrite = 0.014 | Tfpread = 0.006 | Tfpwrite = 0.005 | Tmporead = 0.000 | Tasync = 0.000
 | data = 539 KB | cpsd = 132 KB
 | Trot = 0.006 | Tctr = 0.015 | Tint = 0.001 | Tmid = 0.000 | Tdctr = 0.037 | Tdiag = 0.188 | Tinfo = 0.024
 | Teff = 0.393 | Tprt = 0.050 | Teig = 0.853 | Tblk = 1.904 | Tmve = 0.068 | Tdm = 0.043 | Tsplt = 0.360 | Tsvd = 0.000 | Torth = 0.001

Sweep =    1 | Direction = backward | Bond dimension =   70 | Noise =  1.00e-03 | Dav threshold =  1.00e-06
 <-- Site =   18-  19 .. Mmps =    3 Ndav =   1 E =   -161.0082314189 Error = 0.00e+00 FLOPS = 1.57e+07 Tdav = 0.00 T = 0.01
 <-- Site =   17-  18 .. Mmps =    5 Ndav =   1 E =   -161.0082314189 Error = 0.00e+00 FLOPS = 1.56e+07 Tdav = 0.00 T = 0.02
 <-- Site =   16-  17 .. Mmps =    7 Ndav =   1 E =   -161.0082314189 Error = 0.00e+00 FLOPS = 2.14e+07 Tdav = 0.00 T = 0.02
 <-- Site =   15-  16 .. Mmps =    9 Ndav =   1 E =   -161.0082314189 Error = 0.00e+00 FLOPS = 1.99e+07 Tdav = 0.00 T = 0.02
 <-- Site =   14-  15 .. Mmps =   17 Ndav =   1 E =   -161.0082314189 Error = 0.00e+00 FLOPS = 1.59e+07 Tdav = 0.00 T = 0.02
 <-- Site =   13-  14 .. Mmps =   21 Ndav =   1 E =   -161.0082314189 Error = 0.00e+00 FLOPS = 9.84e+06 Tdav = 0.00 T = 0.02
 <-- Site =   12-  13 .. Mmps =   24 Ndav =   1 E =   -161.0082314189 Error = 0.00e+00 FLOPS = 1.43e+07 Tdav = 0.00 T = 0.02
 <-- Site =   11-  12 .. Mmps =   27 Ndav =   1 E =   -161.0082314189 Error = 0.00e+00 FLOPS = 1.52e+07 Tdav = 0.00 T = 0.02
 <-- Site =   10-  11 .. Mmps =   30 Ndav =   1 E =   -161.0082314189 Error = 0.00e+00 FLOPS = 1.62e+07 Tdav = 0.00 T = 0.02
 <-- Site =    9-  10 .. Mmps =   33 Ndav =   1 E =   -161.0082314189 Error = 0.00e+00 FLOPS = 1.72e+07 Tdav = 0.00 T = 0.02
 <-- Site =    8-   9 .. Mmps =   36 Ndav =   1 E =   -161.0082314189 Error = 0.00e+00 FLOPS = 1.33e+07 Tdav = 0.00 T = 0.02
 <-- Site =    7-   8 .. Mmps =   39 Ndav =   1 E =   -161.0082314189 Error = 0.00e+00 FLOPS = 1.84e+07 Tdav = 0.00 T = 0.02
 <-- Site =    6-   7 .. Mmps =   42 Ndav =   1 E =   -161.0082314189 Error = 0.00e+00 FLOPS = 1.76e+07 Tdav = 0.00 T = 0.02
 <-- Site =    5-   6 .. Mmps =   45 Ndav =   1 E =   -161.0082314189 Error = 0.00e+00 FLOPS = 2.07e+07 Tdav = 0.00 T = 0.02
 <-- Site =    4-   5 .. Mmps =   48 Ndav =   1 E =   -161.0082314189 Error = 0.00e+00 FLOPS = 2.14e+07 Tdav = 0.00 T = 0.02
 <-- Site =    3-   4 .. Mmps =   51 Ndav =   1 E =   -161.0082314189 Error = 0.00e+00 FLOPS = 2.34e+07 Tdav = 0.00 T = 0.02
 <-- Site =    2-   3 .. Mmps =   54 Ndav =   1 E =   -161.0082314189 Error = 0.00e+00 FLOPS = 2.36e+07 Tdav = 0.00 T = 0.02
 <-- Site =    1-   2 .. Mmps =   57 Ndav =   1 E =   -161.0082314189 Error = 0.00e+00 FLOPS = 2.73e+07 Tdav = 0.00 T = 0.02
 <-- Site =    0-   1 .. Mmps =   60 Ndav =   1 E =   -161.0082314189 Error = 0.00e+00 FLOPS = 2.93e+07 Tdav = 0.00 T = 0.02
Time elapsed =      2.303 | E =    -161.0082314189 | DE = 8.53e-14 | DW = 0.00e+00
Time sweep =        0.318 | 94.2 KFLOP/SWP
 | Dmem = 144 KB (1%) | Imem = 7.18 KB (97%) | Hmem = 1.23 MB | Wmem = 960 B | Pmem = 15.8 KB
 | Tread = 0.009 | Twrite = 0.017 | Tfpread = 0.003 | Tfpwrite = 0.008 | Tmporead = 0.000 | Tasync = 0.000
 | data = 924 KB | cpsd = 222 KB
 | Trot = 0.011 | Tctr = 0.003 | Tint = 0.001 | Tmid = 0.000 | Tdctr = 0.001 | Tdiag = 0.003 | Tinfo = 0.027
 | Teff = 0.053 | Tprt = 0.023 | Teig = 0.005 | Tblk = 0.249 | Tmve = 0.066 | Tdm = 0.001 | Tsplt = 0.019 | Tsvd = 0.000 | Torth = 0.000

Sweep =    2 | Direction =  forward | Bond dimension =   80 | Noise =  1.00e-04 | Dav threshold =  1.00e-06
 --> Site =    0-   1 .. Mmps =    3 Ndav =   1 E =   -161.0082314189 Error = 0.00e+00 FLOPS = 2.98e+07 Tdav = 0.00 T = 0.01
 --> Site =    1-   2 .. Mmps =    5 Ndav =   1 E =   -161.0082314189 Error = 0.00e+00 FLOPS = 2.72e+07 Tdav = 0.00 T = 0.02
 --> Site =    2-   3 .. Mmps =    7 Ndav =   1 E =   -161.0082314189 Error = 0.00e+00 FLOPS = 2.32e+05 Tdav = 0.03 T = 0.04
 --> Site =    3-   4 .. Mmps =    9 Ndav =   1 E =   -161.0082314189 Error = 0.00e+00 FLOPS = 1.56e+07 Tdav = 0.00 T = 0.02
 --> Site =    4-   5 .. Mmps =   11 Ndav =   1 E =   -161.0082314189 Error = 0.00e+00 FLOPS = 5.57e+06 Tdav = 0.00 T = 0.03
 --> Site =    5-   6 .. Mmps =   13 Ndav =   1 E =   -161.0082314189 Error = 0.00e+00 FLOPS = 5.36e+06 Tdav = 0.00 T = 0.05
 --> Site =    6-   7 .. Mmps =   15 Ndav =   1 E =   -161.0082314189 Error = 0.00e+00 FLOPS = 1.07e+07 Tdav = 0.00 T = 0.03
 --> Site =    7-   8 .. Mmps =   17 Ndav =   1 E =   -161.0082314189 Error = 0.00e+00 FLOPS = 1.70e+07 Tdav = 0.00 T = 0.02
 --> Site =    8-   9 .. Mmps =   19 Ndav =   1 E =   -161.0082314189 Error = 0.00e+00 FLOPS = 1.76e+07 Tdav = 0.00 T = 0.02
 --> Site =    9-  10 .. Mmps =   21 Ndav =   1 E =   -161.0082314189 Error = 0.00e+00 FLOPS = 1.58e+07 Tdav = 0.00 T = 0.02
 --> Site =   10-  11 .. Mmps =   23 Ndav =   1 E =   -161.0082314189 Error = 0.00e+00 FLOPS = 1.65e+07 Tdav = 0.00 T = 0.02
 --> Site =   11-  12 .. Mmps =   25 Ndav =   1 E =   -161.0082314189 Error = 0.00e+00 FLOPS = 1.58e+07 Tdav = 0.00 T = 0.02
 --> Site =   12-  13 .. Mmps =   27 Ndav =   1 E =   -161.0082314189 Error = 0.00e+00 FLOPS = 1.48e+07 Tdav = 0.00 T = 0.01
 --> Site =   13-  14 .. Mmps =   29 Ndav =   1 E =   -161.0082314189 Error = 0.00e+00 FLOPS = 1.36e+07 Tdav = 0.00 T = 0.02
 --> Site =   14-  15 .. Mmps =   47 Ndav =   1 E =   -161.0082314189 Error = 0.00e+00 FLOPS = 1.54e+07 Tdav = 0.00 T = 0.02
 --> Site =   15-  16 .. Mmps =   51 Ndav =   1 E =   -161.0082314189 Error = 0.00e+00 FLOPS = 2.36e+07 Tdav = 0.00 T = 0.02
 --> Site =   16-  17 .. Mmps =   54 Ndav =   1 E =   -161.0082314189 Error = 0.00e+00 FLOPS = 2.56e+07 Tdav = 0.00 T = 0.02
 --> Site =   17-  18 .. Mmps =   57 Ndav =   1 E =   -161.0082314189 Error = 0.00e+00 FLOPS = 2.71e+07 Tdav = 0.00 T = 0.02
 --> Site =   18-  19 .. Mmps =   60 Ndav =   1 E =   -161.0082314189 Error = 0.00e+00 FLOPS = 1.34e+05 Tdav = 0.03 T = 0.04
Time elapsed =      2.740 | E =    -161.0082314189 | DE = 1.42e-13 | DW = 0.00e+00
Time sweep =        0.437 | 94.2 KFLOP/SWP
 | Dmem = 144 KB (1%) | Imem = 7.18 KB (97%) | Hmem = 1.23 MB | Wmem = 960 B | Pmem = 15.8 KB
 | Tread = 0.019 | Twrite = 0.021 | Tfpread = 0.007 | Tfpwrite = 0.008 | Tmporead = 0.000 | Tasync = 0.000
 | data = 539 KB | cpsd = 131 KB
 | Trot = 0.009 | Tctr = 0.011 | Tint = 0.002 | Tmid = 0.000 | Tdctr = 0.011 | Tdiag = 0.005 | Tinfo = 0.035
 | Teff = 0.071 | Tprt = 0.026 | Teig = 0.061 | Tblk = 0.349 | Tmve = 0.087 | Tdm = 0.001 | Tsplt = 0.015 | Tsvd = 0.000 | Torth = 0.000

Sweep =    3 | Direction = backward | Bond dimension =   90 | Noise =  1.00e-05 | Dav threshold =  1.00e-06
 <-- Site =   18-  19 .. Mmps =    3 Ndav =   1 E =   -161.0082314189 Error = 0.00e+00 FLOPS = 1.61e+07 Tdav = 0.00 T = 0.01
 <-- Site =   17-  18 .. Mmps =    5 Ndav =   1 E =   -161.0082314189 Error = 0.00e+00 FLOPS = 2.79e+07 Tdav = 0.00 T = 0.01
 <-- Site =   16-  17 .. Mmps =    7 Ndav =   1 E =   -161.0082314189 Error = 0.00e+00 FLOPS = 2.61e+07 Tdav = 0.00 T = 0.01
 <-- Site =   15-  16 .. Mmps =    9 Ndav =   1 E =   -161.0082314189 Error = 0.00e+00 FLOPS = 2.46e+07 Tdav = 0.00 T = 0.02
 <-- Site =   14-  15 .. Mmps =   17 Ndav =   1 E =   -161.0082314189 Error = 0.00e+00 FLOPS = 1.64e+07 Tdav = 0.00 T = 0.02
 <-- Site =   13-  14 .. Mmps =   21 Ndav =   1 E =   -161.0082314189 Error = 0.00e+00 FLOPS = 1.30e+07 Tdav = 0.00 T = 0.02
 <-- Site =   12-  13 .. Mmps =   24 Ndav =   1 E =   -161.0082314189 Error = 0.00e+00 FLOPS = 1.40e+07 Tdav = 0.00 T = 0.02
 <-- Site =   11-  12 .. Mmps =   27 Ndav =   1 E =   -161.0082314189 Error = 0.00e+00 FLOPS = 1.55e+07 Tdav = 0.00 T = 0.02
 <-- Site =   10-  11 .. Mmps =   30 Ndav =   1 E =   -161.0082314189 Error = 0.00e+00 FLOPS = 1.53e+07 Tdav = 0.00 T = 0.02
 <-- Site =    9-  10 .. Mmps =   33 Ndav =   1 E =   -161.0082314189 Error = 0.00e+00 FLOPS = 1.72e+07 Tdav = 0.00 T = 0.02
 <-- Site =    8-   9 .. Mmps =   36 Ndav =   1 E =   -161.0082314189 Error = 0.00e+00 FLOPS = 1.77e+07 Tdav = 0.00 T = 0.02
 <-- Site =    7-   8 .. Mmps =   39 Ndav =   1 E =   -161.0082314189 Error = 0.00e+00 FLOPS = 1.95e+07 Tdav = 0.00 T = 0.02
 <-- Site =    6-   7 .. Mmps =   42 Ndav =   1 E =   -161.0082314189 Error = 0.00e+00 FLOPS = 2.01e+07 Tdav = 0.00 T = 0.02
 <-- Site =    5-   6 .. Mmps =   45 Ndav =   1 E =   -161.0082314189 Error = 0.00e+00 FLOPS = 2.11e+07 Tdav = 0.00 T = 0.02
 <-- Site =    4-   5 .. Mmps =   48 Ndav =   1 E =   -161.0082314189 Error = 0.00e+00 FLOPS = 2.25e+07 Tdav = 0.00 T = 0.02
 <-- Site =    3-   4 .. Mmps =   51 Ndav =   1 E =   -161.0082314189 Error = 0.00e+00 FLOPS = 2.39e+07 Tdav = 0.00 T = 0.02
 <-- Site =    2-   3 .. Mmps =   54 Ndav =   1 E =   -161.0082314189 Error = 0.00e+00 FLOPS = 2.57e+07 Tdav = 0.00 T = 0.02
 <-- Site =    1-   2 .. Mmps =   57 Ndav =   1 E =   -161.0082314189 Error = 0.00e+00 FLOPS = 2.67e+07 Tdav = 0.00 T = 0.02
 <-- Site =    0-   1 .. Mmps =   60 Ndav =   1 E =   -161.0082314189 Error = 0.00e+00 FLOPS = 2.65e+07 Tdav = 0.00 T = 0.02
Time elapsed =      3.049 | E =    -161.0082314189 | DE = 2.84e-14 | DW = 0.00e+00
Time sweep =        0.309 | 94.2 KFLOP/SWP
 | Dmem = 144 KB (1%) | Imem = 7.18 KB (97%) | Hmem = 1.23 MB | Wmem = 960 B | Pmem = 15.8 KB
 | Tread = 0.009 | Twrite = 0.017 | Tfpread = 0.003 | Tfpwrite = 0.008 | Tmporead = 0.000 | Tasync = 0.000
 | data = 924 KB | cpsd = 221 KB
 | Trot = 0.011 | Tctr = 0.003 | Tint = 0.001 | Tmid = 0.000 | Tdctr = 0.001 | Tdiag = 0.003 | Tinfo = 0.026
 | Teff = 0.052 | Tprt = 0.021 | Teig = 0.005 | Tblk = 0.242 | Tmve = 0.066 | Tdm = 0.001 | Tsplt = 0.019 | Tsvd = 0.000 | Torth = 0.000

Sweep =    4 | Direction =  forward | Bond dimension =   90 | Noise =  0.00e+00 | Dav threshold =  1.00e-07
 --> Site =    0-   1 .. Mmps =    3 Ndav =   1 E =   -161.0082314189 Error = 0.00e+00 FLOPS = 2.94e+07 Tdav = 0.00 T = 0.01
 --> Site =    1-   2 .. Mmps =    5 Ndav =   1 E =   -161.0082314189 Error = 0.00e+00 FLOPS = 2.78e+07 Tdav = 0.00 T = 0.01
 --> Site =    2-   3 .. Mmps =    7 Ndav =   1 E =   -161.0082314189 Error = 0.00e+00 FLOPS = 2.60e+07 Tdav = 0.00 T = 0.01
 --> Site =    3-   4 .. Mmps =    9 Ndav =   1 E =   -161.0082314189 Error = 0.00e+00 FLOPS = 2.30e+07 Tdav = 0.00 T = 0.01
 --> Site =    4-   5 .. Mmps =   11 Ndav =   1 E =   -161.0082314189 Error = 0.00e+00 FLOPS = 2.34e+07 Tdav = 0.00 T = 0.01
 --> Site =    5-   6 .. Mmps =   13 Ndav =   1 E =   -161.0082314189 Error = 0.00e+00 FLOPS = 2.19e+07 Tdav = 0.00 T = 0.01
 --> Site =    6-   7 .. Mmps =   15 Ndav =   1 E =   -161.0082314189 Error = 0.00e+00 FLOPS = 1.99e+07 Tdav = 0.00 T = 0.01
 --> Site =    7-   8 .. Mmps =   17 Ndav =   1 E =   -161.0082314189 Error = 0.00e+00 FLOPS = 1.98e+07 Tdav = 0.00 T = 0.01
 --> Site =    8-   9 .. Mmps =   19 Ndav =   1 E =   -161.0082314189 Error = 0.00e+00 FLOPS = 1.84e+07 Tdav = 0.00 T = 0.01
 --> Site =    9-  10 .. Mmps =   21 Ndav =   1 E =   -161.0082314189 Error = 0.00e+00 FLOPS = 1.71e+07 Tdav = 0.00 T = 0.01
 --> Site =   10-  11 .. Mmps =   23 Ndav =   1 E =   -161.0082314189 Error = 0.00e+00 FLOPS = 1.20e+07 Tdav = 0.00 T = 0.01
 --> Site =   11-  12 .. Mmps =   25 Ndav =   1 E =   -161.0082314189 Error = 0.00e+00 FLOPS = 3.05e+06 Tdav = 0.00 T = 0.02
 --> Site =   12-  13 .. Mmps =   27 Ndav =   1 E =   -161.0082314189 Error = 0.00e+00 FLOPS = 8.62e+06 Tdav = 0.00 T = 0.02
 --> Site =   13-  14 .. Mmps =   29 Ndav =   1 E =   -161.0082314189 Error = 0.00e+00 FLOPS = 6.81e+06 Tdav = 0.00 T = 0.02
 --> Site =   14-  15 .. Mmps =   47 Ndav =   1 E =   -161.0082314189 Error = 0.00e+00 FLOPS = 1.08e+07 Tdav = 0.00 T = 0.02
 --> Site =   15-  16 .. Mmps =   51 Ndav =   1 E =   -161.0082314189 Error = 0.00e+00 FLOPS = 2.18e+07 Tdav = 0.00 T = 0.02
 --> Site =   16-  17 .. Mmps =   54 Ndav =   1 E =   -161.0082314189 Error = 0.00e+00 FLOPS = 1.95e+07 Tdav = 0.00 T = 0.02
 --> Site =   17-  18 .. Mmps =   57 Ndav =   1 E =   -161.0082314189 Error = 0.00e+00 FLOPS = 1.95e+07 Tdav = 0.00 T = 0.02
 --> Site =   18-  19 .. Mmps =   60 Ndav =   1 E =   -161.0082314189 Error = 0.00e+00 FLOPS = 1.21e+07 Tdav = 0.00 T = 0.02
Time elapsed =      3.347 | E =    -161.0082314189 | DE = -8.53e-14 | DW = 0.00e+00
Time sweep =        0.298 | 94.2 KFLOP/SWP
 | Dmem = 144 KB (1%) | Imem = 7.18 KB (97%) | Hmem = 1.23 MB | Wmem = 960 B | Pmem = 0 B
 | Tread = 0.016 | Twrite = 0.016 | Tfpread = 0.006 | Tfpwrite = 0.007 | Tmporead = 0.000 | Tasync = 0.000
 | data = 539 KB | cpsd = 133 KB
 | Trot = 0.008 | Tctr = 0.005 | Tint = 0.001 | Tmid = 0.000 | Tdctr = 0.009 | Tdiag = 0.003 | Tinfo = 0.027
 | Teff = 0.061 | Tprt = 0.000 | Teig = 0.007 | Tblk = 0.231 | Tmve = 0.066 | Tdm = 0.000 | Tsplt = 0.014 | Tsvd = 0.000 | Torth = 0.000

Ground state energy (DMRG) = -161.008231
>>> Init compute time = 6.866137266159058

Time = 0.00
Total energy = -161.008231-0.000000j
WF norm = 1.000000-0.000000j
<Sz d=14> = -0.500000-0.000000j
<Sz d=15> = -0.500000-0.000000j
<C[14, 15]> = 0.000000
Total <occ_> = 1.000000
Total <sz_> = 0.500000
Total <Sdz_> = -1.000000
Total <pur_> = 1.000000
Total <conc_> = nan
TwoSdz_ladder =
 [ 1 -1]
four_Sdz = 
 [[ 0.5  0.   0.   0.   0.   0.   0.   0. ]
 [ 0.  -0.5  0.  -0.   0.  -0.   0.  -0. ]
 [ 0.   0.   0.5  0.   0.   0.   0.   0. ]
 [ 0.  -0.   0.  -0.5  0.  -0.   0.  -0. ]
 [ 0.   0.   0.   0.   0.5  0.   0.   0. ]
 [ 0.  -0.   0.  -0.   0.  -0.5  0.  -0. ]
 [ 0.   0.   0.   0.   0.   0.   0.5  0. ]
 [ 0.  -0.   0.  -0.   0.  -0.   0.  -0.5]]
four_Sdminus = 
 [[0. 0. 0. 0. 0. 0. 0. 0.]
 [1. 0. 0. 0. 0. 0. 0. 0.]
 [0. 0. 0. 0. 0. 0. 0. 0.]
 [0. 0. 1. 0. 0. 0. 0. 0.]
 [0. 0. 0. 0. 0. 0. 0. 0.]
 [0. 0. 0. 0. 1. 0. 0. 0.]
 [0. 0. 0. 0. 0. 0. 0. 0.]
 [0. 0. 0. 0. 0. 0. 1. 0.]]
four_Sdplus = 
 [[0. 1. 0. 0. 0. 0. 0. 0.]
 [0. 0. 0. 0. 0. 0. 0. 0.]
 [0. 0. 0. 1. 0. 0. 0. 0.]
 [0. 0. 0. 0. 0. 0. 0. 0.]
 [0. 0. 0. 0. 0. 1. 0. 0.]
 [0. 0. 0. 0. 0. 0. 0. 0.]
 [0. 0. 0. 0. 0. 0. 0. 1.]
 [0. 0. 0. 0. 0. 0. 0. 0.]]
>>> (0, 1, 0)
>>> (0, -1, 0)
>>> (1, 2, 0)
>>> (1, 0, 0)
>>> (1, -2, 0)
>>> (2, 1, 0)
>>> (2, -1, 0)
>>> (0, 1, 0)
>>> (0, -1, 0)
>>> (1, 2, 0)
>>> (1, 0, 0)
>>> (1, -2, 0)
>>> (2, 1, 0)
>>> (2, -1, 0)

 ######################################## 
Constructed builder
 ######################################## 


Build MPO | Nsites =    20 | Nterms =         76 | Algorithm = FastBIP | Cutoff = 1.00e-14
 Site =     0 /    20 .. Mmpo =     5 DW = 0.00e+00 NNZ =        5 SPT = 0.0000 Tmvc = 0.000 T = 0.000
 Site =     1 /    20 .. Mmpo =     6 DW = 0.00e+00 NNZ =        9 SPT = 0.7000 Tmvc = 0.000 T = 0.000
 Site =     2 /    20 .. Mmpo =     6 DW = 0.00e+00 NNZ =       10 SPT = 0.7222 Tmvc = 0.000 T = 0.000
 Site =     3 /    20 .. Mmpo =     6 DW = 0.00e+00 NNZ =       10 SPT = 0.7222 Tmvc = 0.000 T = 0.000
 Site =     4 /    20 .. Mmpo =     6 DW = 0.00e+00 NNZ =       10 SPT = 0.7222 Tmvc = 0.000 T = 0.000
 Site =     5 /    20 .. Mmpo =     6 DW = 0.00e+00 NNZ =       10 SPT = 0.7222 Tmvc = 0.000 T = 0.000
 Site =     6 /    20 .. Mmpo =     6 DW = 0.00e+00 NNZ =       10 SPT = 0.7222 Tmvc = 0.000 T = 0.000
 Site =     7 /    20 .. Mmpo =     6 DW = 0.00e+00 NNZ =       10 SPT = 0.7222 Tmvc = 0.000 T = 0.000
 Site =     8 /    20 .. Mmpo =     6 DW = 0.00e+00 NNZ =       10 SPT = 0.7222 Tmvc = 0.000 T = 0.000
 Site =     9 /    20 .. Mmpo =     6 DW = 0.00e+00 NNZ =       10 SPT = 0.7222 Tmvc = 0.000 T = 0.000
 Site =    10 /    20 .. Mmpo =     6 DW = 0.00e+00 NNZ =       10 SPT = 0.7222 Tmvc = 0.000 T = 0.000
 Site =    11 /    20 .. Mmpo =     6 DW = 0.00e+00 NNZ =       10 SPT = 0.7222 Tmvc = 0.000 T = 0.000
 Site =    12 /    20 .. Mmpo =     6 DW = 0.00e+00 NNZ =       10 SPT = 0.7222 Tmvc = 0.000 T = 0.000
 Site =    13 /    20 .. Mmpo =     6 DW = 0.00e+00 NNZ =       10 SPT = 0.7222 Tmvc = 0.000 T = 0.000
 Site =    14 /    20 .. Mmpo =     6 DW = 0.00e+00 NNZ =       10 SPT = 0.7222 Tmvc = 0.000 T = 0.000
 Site =    15 /    20 .. Mmpo =     6 DW = 0.00e+00 NNZ =       10 SPT = 0.7222 Tmvc = 0.000 T = 0.000
 Site =    16 /    20 .. Mmpo =     6 DW = 0.00e+00 NNZ =       10 SPT = 0.7222 Tmvc = 0.000 T = 0.000
 Site =    17 /    20 .. Mmpo =     6 DW = 0.00e+00 NNZ =       10 SPT = 0.7222 Tmvc = 0.000 T = 0.000
 Site =    18 /    20 .. Mmpo =     5 DW = 0.00e+00 NNZ =        9 SPT = 0.7000 Tmvc = 0.000 T = 0.000
 Site =    19 /    20 .. Mmpo =     1 DW = 0.00e+00 NNZ =        5 SPT = 0.0000 Tmvc = 0.000 T = 0.000
Ttotal =      0.007 Tmvc-total = 0.000 MPO bond dimension =     6 MaxDW = 0.00e+00
NNZ =          188 SIZE =          646 SPT = 0.7090

Rank =     0 Ttotal =      0.008 MPO method = FastBipartite bond dimension =       6 NNZ =          188 SIZE =          646 SPT = 0.7090


START TIME EVOLUTION (te_type = tdvp)

 ************************************************** 


Time Evolution  DELTA T = RE      0.00000000 + IM      0.10000000
Time Evolution TARGET T = RE      0.00000000 + IM      1.00000000
Time Evolution   NSTEPS =         10
Environment initialization | Nsites =    20 | Center =    18
 INIT-L --> Site =    1 ..  Bmem =   256 B Rmem =   160 B T = 0.04
 INIT-L --> Site =    2 ..  Bmem = 1.91 KB Rmem =   560 B T = 0.00
 INIT-L --> Site =    3 ..  Bmem = 5.19 KB Rmem = 1.08 KB T = 0.00
 INIT-L --> Site =    4 ..  Bmem = 10.2 KB Rmem = 1.80 KB T = 0.00
 INIT-L --> Site =    5 ..  Bmem = 16.8 KB Rmem = 2.70 KB T = 0.00
 INIT-L --> Site =    6 ..  Bmem = 25.2 KB Rmem = 3.80 KB T = 0.00
 INIT-L --> Site =    7 ..  Bmem = 35.2 KB Rmem = 5.08 KB T = 0.00
 INIT-L --> Site =    8 ..  Bmem = 46.9 KB Rmem = 6.55 KB T = 0.00
 INIT-L --> Site =    9 ..  Bmem = 60.3 KB Rmem = 8.20 KB T = 0.00
 INIT-L --> Site =   10 ..  Bmem = 75.4 KB Rmem = 10.0 KB T = 0.00
 INIT-L --> Site =   11 ..  Bmem = 92.2 KB Rmem = 12.1 KB T = 0.00
 INIT-L --> Site =   12 ..  Bmem =  111 KB Rmem = 14.3 KB T = 0.00
 INIT-L --> Site =   13 ..  Bmem =  131 KB Rmem = 16.7 KB T = 0.00
 INIT-L --> Site =   14 ..  Bmem =  153 KB Rmem = 19.3 KB T = 0.00
 INIT-L --> Site =   15 ..  Bmem =  572 KB Rmem = 55.2 KB T = 0.01
 INIT-L --> Site =   16 ..  Bmem = 1.49 MB Rmem =  113 KB T = 0.01
 INIT-L --> Site =   17 ..  Bmem =  776 KB Rmem =  127 KB T = 0.00
 INIT-L --> Site =   18 ..  Bmem =  872 KB Rmem =  142 KB T = 0.00
Time init sweep =        0.106 | MaxBmem = 1.49 MB | MaxRmem =  113 KB
 | Tread = 0.000 | Twrite = 0.028 | Tfpread = 0.000 | Tfpwrite = 0.004 | data = 539 KB | cpsd = 132 KB | Tasync = 0.000

Sweep =    0 | Direction = backward | Beta = (0.00000,0.05000) | Bond dimension =  100 | Noise =  0.00e+00
 <-- Site =   18-  19 .. Mmps =    3 Nexpo =   21/  21 E = (-1.0163589181,-0.0000000000) Error = 0.00e+00 FLOPS = 7.17e+05 Texpo = 0.22 T = 0.49
 <-- Site =   17-  18 .. Mmps =    5 Nexpo =   21/  21 E = (-1.0163589181,-0.0000000000) Error = 0.00e+00 FLOPS = 4.12e+06 Texpo = 0.07 T = 0.19
 <-- Site =   16-  17 .. Mmps =    7 Nexpo =   21/  21 E = (-1.0163589181,-0.0000000000) Error = 0.00e+00 FLOPS = 4.48e+06 Texpo = 0.06 T = 0.08
 <-- Site =   15-  16 .. Mmps =    9 Nexpo =   21/  21 E = (-1.0163589181,0.0000000000) Error = 0.00e+00 FLOPS = 8.33e+06 Texpo = 0.03 T = 0.05
 <-- Site =   14-  15 .. Mmps =   17 Nexpo =   21/  21 E = (-1.0163589181,-0.0000000000) Error = 0.00e+00 FLOPS = 1.57e+06 Texpo = 0.10 T = 0.15
 <-- Site =   13-  14 .. Mmps =   21 Nexpo =   21/  21 E = (-1.0163589181,0.0000000000) Error = 0.00e+00 FLOPS = 3.78e+07 Texpo = 0.00 T = 0.02
 <-- Site =   12-  13 .. Mmps =   24 Nexpo =   21/  21 E = (-1.0163589181,0.0000000000) Error = 0.00e+00 FLOPS = 1.69e+06 Texpo = 0.09 T = 0.13
 <-- Site =   11-  12 .. Mmps =   27 Nexpo =   21/  21 E = (-1.0163589181,0.0000000000) Error = 0.00e+00 FLOPS = 2.01e+06 Texpo = 0.08 T = 0.10
 <-- Site =   10-  11 .. Mmps =   30 Nexpo =   21/  21 E = (-1.0163589181,0.0000000000) Error = 0.00e+00 FLOPS = 5.85e+06 Texpo = 0.03 T = 0.05
 <-- Site =    9-  10 .. Mmps =   33 Nexpo =   21/  21 E = (-1.0163589181,0.0000000000) Error = 0.00e+00 FLOPS = 6.11e+06 Texpo = 0.03 T = 0.05
 <-- Site =    8-   9 .. Mmps =   36 Nexpo =   21/  21 E = (-1.0163589181,-0.0000000000) Error = 0.00e+00 FLOPS = 1.17e+06 Texpo = 0.16 T = 0.18
 <-- Site =    7-   8 .. Mmps =   39 Nexpo =   21/  21 E = (-1.0163589181,-0.0000000000) Error = 0.00e+00 FLOPS = 3.53e+06 Texpo = 0.06 T = 0.07
 <-- Site =    6-   7 .. Mmps =   42 Nexpo =   21/  21 E = (-1.0163589181,0.0000000000) Error = 0.00e+00 FLOPS = 6.80e+06 Texpo = 0.03 T = 0.05
 <-- Site =    5-   6 .. Mmps =   45 Nexpo =   21/  21 E = (-1.0163589181,-0.0000000000) Error = 0.00e+00 FLOPS = 6.39e+07 Texpo = 0.00 T = 0.02
 <-- Site =    4-   5 .. Mmps =   48 Nexpo =   21/  21 E = (-1.0163589181,0.0000000000) Error = 0.00e+00 FLOPS = 5.64e+07 Texpo = 0.00 T = 0.02
 <-- Site =    3-   4 .. Mmps =   51 Nexpo =   21/  21 E = (-1.0163589181,0.0000000000) Error = 0.00e+00 FLOPS = 2.32e+06 Texpo = 0.11 T = 0.13
 <-- Site =    2-   3 .. Mmps =   54 Nexpo =   21/  21 E = (-1.0163589181,-0.0000000000) Error = 0.00e+00 FLOPS = 7.07e+07 Texpo = 0.00 T = 0.03
 <-- Site =    1-   2 .. Mmps =   57 Nexpo =   21/  21 E = (-1.0163589181,-0.0000000000) Error = 0.00e+00 FLOPS = 2.65e+06 Texpo = 0.11 T = 0.13
 <-- Site =    0-   1 .. Mmps =   60 Nexpo =   21/   0 E = (-1.0163589181,0.0000000000) Error = 0.00e+00 FLOPS = 2.96e+06 Texpo = 0.03 T = 0.04
Time elapsed =      1.991 | E = (-1.0163589181,0.0000000000) | Norm^2 =       1.0000000000 | DW = 0.00e+00
Time sweep =        1.991 | 3.66 MFLOP/SWP
 | Tread = 0.031 | Twrite = 0.030 | Tfpread = 0.013 | Tfpwrite = 0.008 | data = 924 KB | cpsd = 341 KB | Tasync = 0.000
Sweep =    1 | Direction =  forward | Beta = (0.00000,0.05000) | Bond dimension =  100 | Noise =  0.00e+00
 --> Site =    0-   1 .. Mmps =    3 Nexpo =   21/  21 E = (-1.0163589181,0.0000000000) Error = 0.00e+00 FLOPS = 4.95e+07 Texpo = 0.00 T = 0.02
 --> Site =    1-   2 .. Mmps =    5 Nexpo =   21/  21 E = (-1.0163589181,-0.0000000000) Error = 0.00e+00 FLOPS = 9.36e+06 Texpo = 0.03 T = 0.05
 --> Site =    2-   3 .. Mmps =    7 Nexpo =   21/  21 E = (-1.0163589181,0.0000000000) Error = 0.00e+00 FLOPS = 2.44e+06 Texpo = 0.11 T = 0.13
 --> Site =    3-   4 .. Mmps =    9 Nexpo =   21/  21 E = (-1.0163589181,0.0000000000) Error = 0.00e+00 FLOPS = 2.31e+06 Texpo = 0.11 T = 0.13
 --> Site =    4-   5 .. Mmps =   11 Nexpo =   21/  21 E = (-1.0163589181,-0.0000000000) Error = 0.00e+00 FLOPS = 3.94e+06 Texpo = 0.06 T = 0.08
 --> Site =    5-   6 .. Mmps =   13 Nexpo =   21/  21 E = (-1.0163589181,0.0000000000) Error = 0.00e+00 FLOPS = 7.14e+06 Texpo = 0.03 T = 0.05
 --> Site =    6-   7 .. Mmps =   15 Nexpo =   21/  21 E = (-1.0163589181,-0.0000000000) Error = 0.00e+00 FLOPS = 3.69e+06 Texpo = 0.06 T = 0.07
 --> Site =    7-   8 .. Mmps =   17 Nexpo =   21/  21 E = (-1.0163589181,-0.0000000000) Error = 0.00e+00 FLOPS = 6.47e+06 Texpo = 0.03 T = 0.05
 --> Site =    8-   9 .. Mmps =   19 Nexpo =   21/  21 E = (-1.0163589181,-0.0000000000) Error = 0.00e+00 FLOPS = 5.34e+07 Texpo = 0.00 T = 0.02
 --> Site =    9-  10 .. Mmps =   21 Nexpo =   21/  21 E = (-1.0163589181,0.0000000000) Error = 0.00e+00 FLOPS = 3.17e+06 Texpo = 0.06 T = 0.09
 --> Site =   10-  11 .. Mmps =   23 Nexpo =   21/  21 E = (-1.0163589181,-0.0000000000) Error = 0.00e+00 FLOPS = 2.01e+06 Texpo = 0.08 T = 0.13
 --> Site =   11-  12 .. Mmps =   25 Nexpo =   21/  21 E = (-1.0163589181,-0.0000000000) Error = 0.00e+00 FLOPS = 4.50e+07 Texpo = 0.00 T = 0.02
 --> Site =   12-  13 .. Mmps =   27 Nexpo =   21/  21 E = (-1.0163589181,-0.0000000000) Error = 0.00e+00 FLOPS = 4.28e+07 Texpo = 0.00 T = 0.02
 --> Site =   13-  14 .. Mmps =   29 Nexpo =   21/  21 E = (-1.0163589181,-0.0000000000) Error = 0.00e+00 FLOPS = 4.70e+06 Texpo = 0.03 T = 0.05
 --> Site =   14-  15 .. Mmps =   47 Nexpo =   21/  21 E = (-1.0163589181,0.0000000000) Error = 0.00e+00 FLOPS = 2.94e+06 Texpo = 0.06 T = 0.08
 --> Site =   15-  16 .. Mmps =   51 Nexpo =   21/  21 E = (-1.0163589181,-0.0000000000) Error = 0.00e+00 FLOPS = 2.32e+06 Texpo = 0.11 T = 0.13
 --> Site =   16-  17 .. Mmps =   54 Nexpo =   21/  21 E = (-1.0163589181,-0.0000000000) Error = 0.00e+00 FLOPS = 8.76e+06 Texpo = 0.03 T = 0.05
 --> Site =   17-  18 .. Mmps =   57 Nexpo =   21/  21 E = (-1.0163589181,-0.0000000000) Error = 0.00e+00 FLOPS = 8.21e+07 Texpo = 0.00 T = 0.03
 --> Site =   18-  19 .. Mmps =   60 Nexpo =   21/   0 E = (-1.0163589181,-0.0000000000) Error = 0.00e+00 FLOPS = 2.95e+06 Texpo = 0.03 T = 0.04
Time elapsed =      3.227 | E = (-1.0163589181,-0.0000000000) | Norm^2 =       1.0000000000 | DW = 0.00e+00
Time sweep =        1.236 | 3.66 MFLOP/SWP
 | Tread = 0.049 | Twrite = 0.022 | Tfpread = 0.019 | Tfpwrite = 0.006 | data = 539 KB | cpsd = 206 KB | Tasync = 0.000
T =    0.00000 +    0.10000i <E> =   -1.016358918057054 +   -0.00000i <Norm^2> =    1.000000000000004 +    0.00000i
Sweep =    0 | Direction = backward | Beta = (0.00000,0.05000) | Bond dimension =  100 | Noise =  0.00e+00
 <-- Site =   18-  19 .. Mmps =    3 Nexpo =   21/  21 E = (-1.0163589181,0.0000000000) Error = 0.00e+00 FLOPS = 2.92e+06 Texpo = 0.05 T = 0.09
 <-- Site =   17-  18 .. Mmps =    5 Nexpo =   21/  21 E = (-1.0163589181,0.0000000000) Error = 0.00e+00 FLOPS = 9.88e+06 Texpo = 0.03 T = 0.05
 <-- Site =   16-  17 .. Mmps =    7 Nexpo =   21/  21 E = (-1.0163589181,0.0000000000) Error = 0.00e+00 FLOPS = 8.94e+06 Texpo = 0.03 T = 0.05
 <-- Site =   15-  16 .. Mmps =    9 Nexpo =   21/  21 E = (-1.0163589181,-0.0000000000) Error = 0.00e+00 FLOPS = 2.23e+06 Texpo = 0.11 T = 0.13
 <-- Site =   14-  15 .. Mmps =   17 Nexpo =   21/  21 E = (-1.0163589181,0.0000000000) Error = 0.00e+00 FLOPS = 5.63e+06 Texpo = 0.03 T = 0.05
 <-- Site =   13-  14 .. Mmps =   21 Nexpo =   21/  21 E = (-1.0163589181,0.0000000000) Error = 0.00e+00 FLOPS = 2.66e+06 Texpo = 0.05 T = 0.07
 <-- Site =   12-  13 .. Mmps =   24 Nexpo =   21/  21 E = (-1.0163589181,0.0000000000) Error = 0.00e+00 FLOPS = 5.28e+06 Texpo = 0.03 T = 0.05
 <-- Site =   11-  12 .. Mmps =   27 Nexpo =   21/  21 E = (-1.0163589181,-0.0000000000) Error = 0.00e+00 FLOPS = 1.42e+06 Texpo = 0.11 T = 0.13
 <-- Site =   10-  11 .. Mmps =   30 Nexpo =   21/  21 E = (-1.0163589181,0.0000000000) Error = 0.00e+00 FLOPS = 5.84e+06 Texpo = 0.03 T = 0.05
 <-- Site =    9-  10 .. Mmps =   33 Nexpo =   21/  21 E = (-1.0163589181,0.0000000000) Error = 0.00e+00 FLOPS = 3.20e+06 Texpo = 0.05 T = 0.08
 <-- Site =    8-   9 .. Mmps =   36 Nexpo =   21/  21 E = (-1.0163589181,0.0000000000) Error = 0.00e+00 FLOPS = 5.98e+06 Texpo = 0.03 T = 0.05
 <-- Site =    7-   8 .. Mmps =   39 Nexpo =   21/  21 E = (-1.0163589181,-0.0000000000) Error = 0.00e+00 FLOPS = 2.46e+06 Texpo = 0.08 T = 0.10
 <-- Site =    6-   7 .. Mmps =   42 Nexpo =   21/  21 E = (-1.0163589181,-0.0000000000) Error = 0.00e+00 FLOPS = 3.82e+06 Texpo = 0.05 T = 0.08
 <-- Site =    5-   6 .. Mmps =   45 Nexpo =   21/  21 E = (-1.0163589181,-0.0000000000) Error = 0.00e+00 FLOPS = 6.57e+07 Texpo = 0.00 T = 0.02
 <-- Site =    4-   5 .. Mmps =   48 Nexpo =   21/  21 E = (-1.0163589181,0.0000000000) Error = 0.00e+00 FLOPS = 2.15e+06 Texpo = 0.11 T = 0.13
 <-- Site =    3-   4 .. Mmps =   51 Nexpo =   21/  21 E = (-1.0163589181,-0.0000000000) Error = 0.00e+00 FLOPS = 4.63e+06 Texpo = 0.05 T = 0.08
 <-- Site =    2-   3 .. Mmps =   54 Nexpo =   21/  21 E = (-1.0163589181,0.0000000000) Error = 0.00e+00 FLOPS = 3.05e+06 Texpo = 0.09 T = 0.13
 <-- Site =    1-   2 .. Mmps =   57 Nexpo =   21/  21 E = (-1.0163589181,0.0000000000) Error = 0.00e+00 FLOPS = 4.86e+06 Texpo = 0.06 T = 0.08
 <-- Site =    0-   1 .. Mmps =   60 Nexpo =   21/   0 E = (-1.0163589181,0.0000000000) Error = 0.00e+00 FLOPS = 3.07e+06 Texpo = 0.03 T = 0.04
Time elapsed =      1.453 | E = (-1.0163589181,0.0000000000) | Norm^2 =       1.0000000000 | DW = 0.00e+00
Time sweep =        1.453 | 3.66 MFLOP/SWP
 | Tread = 0.032 | Twrite = 0.026 | Tfpread = 0.013 | Tfpwrite = 0.008 | data = 924 KB | cpsd = 341 KB | Tasync = 0.000
Sweep =    1 | Direction =  forward | Beta = (0.00000,0.05000) | Bond dimension =  100 | Noise =  0.00e+00
 --> Site =    0-   1 .. Mmps =    3 Nexpo =   21/  21 E = (-1.0163589181,-0.0000000000) Error = 0.00e+00 FLOPS = 2.86e+06 Texpo = 0.06 T = 0.07
 --> Site =    1-   2 .. Mmps =    5 Nexpo =   21/  21 E = (-1.0163589181,-0.0000000000) Error = 0.00e+00 FLOPS = 9.45e+06 Texpo = 0.03 T = 0.05
 --> Site =    2-   3 .. Mmps =    7 Nexpo =   21/  21 E = (-1.0163589181,-0.0000000000) Error = 0.00e+00 FLOPS = 4.61e+06 Texpo = 0.06 T = 0.08
 --> Site =    3-   4 .. Mmps =    9 Nexpo =   21/  21 E = (-1.0163589181,-0.0000000000) Error = 0.00e+00 FLOPS = 7.33e+07 Texpo = 0.00 T = 0.02
 --> Site =    4-   5 .. Mmps =   11 Nexpo =   21/  21 E = (-1.0163589181,-0.0000000000) Error = 0.00e+00 FLOPS = 4.22e+06 Texpo = 0.06 T = 0.08
 --> Site =    5-   6 .. Mmps =   13 Nexpo =   21/  21 E = (-1.0163589181,-0.0000000000) Error = 0.00e+00 FLOPS = 6.26e+07 Texpo = 0.00 T = 0.02
 --> Site =    6-   7 .. Mmps =   15 Nexpo =   21/  21 E = (-1.0163589181,0.0000000000) Error = 0.00e+00 FLOPS = 5.89e+06 Texpo = 0.04 T = 0.05
 --> Site =    7-   8 .. Mmps =   17 Nexpo =   21/  21 E = (-1.0163589181,0.0000000000) Error = 0.00e+00 FLOPS = 3.49e+06 Texpo = 0.06 T = 0.07
 --> Site =    8-   9 .. Mmps =   19 Nexpo =   21/  21 E = (-1.0163589181,-0.0000000000) Error = 0.00e+00 FLOPS = 2.34e+06 Texpo = 0.08 T = 0.10
 --> Site =    9-  10 .. Mmps =   21 Nexpo =   21/  21 E = (-1.0163589181,0.0000000000) Error = 0.00e+00 FLOPS = 5.92e+06 Texpo = 0.03 T = 0.05
 --> Site =   10-  11 .. Mmps =   23 Nexpo =   21/  21 E = (-1.0163589181,-0.0000000000) Error = 0.00e+00 FLOPS = 1.20e+06 Texpo = 0.14 T = 0.16
 --> Site =   11-  12 .. Mmps =   25 Nexpo =   21/  21 E = (-1.0163589181,0.0000000000) Error = 0.00e+00 FLOPS = 1.42e+06 Texpo = 0.11 T = 0.13
 --> Site =   12-  13 .. Mmps =   27 Nexpo =   21/  21 E = (-1.0163589181,-0.0000000000) Error = 0.00e+00 FLOPS = 9.30e+05 Texpo = 0.16 T = 0.18
 --> Site =   13-  14 .. Mmps =   29 Nexpo =   21/  21 E = (-1.0163589181,-0.0000000000) Error = 0.00e+00 FLOPS = 4.49e+06 Texpo = 0.03 T = 0.05
 --> Site =   14-  15 .. Mmps =   47 Nexpo =   21/  21 E = (-1.0163589181,0.0000000000) Error = 0.00e+00 FLOPS = 2.92e+06 Texpo = 0.06 T = 0.08
 --> Site =   15-  16 .. Mmps =   51 Nexpo =   21/  21 E = (-1.0163589181,-0.0000000000) Error = 0.00e+00 FLOPS = 2.28e+06 Texpo = 0.11 T = 0.14
 --> Site =   16-  17 .. Mmps =   54 Nexpo =   21/  21 E = (-1.0163589181,0.0000000000) Error = 0.00e+00 FLOPS = 1.97e+06 Texpo = 0.13 T = 0.16
 --> Site =   17-  18 .. Mmps =   57 Nexpo =   21/  21 E = (-1.0163589181,-0.0000000000) Error = 0.00e+00 FLOPS = 3.48e+06 Texpo = 0.08 T = 0.11
 --> Site =   18-  19 .. Mmps =   60 Nexpo =   21/   0 E = (-1.0163589181,-0.0000000000) Error = 0.00e+00 FLOPS = 1.49e+06 Texpo = 0.05 T = 0.07
Time elapsed =      3.107 | E = (-1.0163589181,-0.0000000000) | Norm^2 =       1.0000000000 | DW = 0.00e+00
Time sweep =        1.654 | 3.66 MFLOP/SWP
 | Tread = 0.039 | Twrite = 0.021 | Tfpread = 0.016 | Tfpwrite = 0.005 | data = 539 KB | cpsd = 209 KB | Tasync = 0.000
T =    0.00000 +    0.20000i <E> =   -1.016358918057052 +   -0.00000i <Norm^2> =    1.000000000000006 +    0.00000i
Sweep =    0 | Direction = backward | Beta = (0.00000,0.05000) | Bond dimension =  100 | Noise =  0.00e+00
 <-- Site =   18-  19 .. Mmps =    3 Nexpo =   21/  21 E = (-1.0163589181,-0.0000000000) Error = 0.00e+00 FLOPS = 1.43e+06 Texpo = 0.11 T = 0.13
 <-- Site =   17-  18 .. Mmps =    5 Nexpo =   21/  21 E = (-1.0163589181,0.0000000000) Error = 0.00e+00 FLOPS = 3.47e+06 Texpo = 0.08 T = 0.10
 <-- Site =   16-  17 .. Mmps =    7 Nexpo =   21/  21 E = (-1.0163589181,0.0000000000) Error = 0.00e+00 FLOPS = 8.25e+06 Texpo = 0.03 T = 0.05
 <-- Site =   15-  16 .. Mmps =    9 Nexpo =   21/  21 E = (-1.0163589181,0.0000000000) Error = 0.00e+00 FLOPS = 8.70e+06 Texpo = 0.03 T = 0.05
 <-- Site =   14-  15 .. Mmps =   17 Nexpo =   21/  21 E = (-1.0163589181,0.0000000000) Error = 0.00e+00 FLOPS = 1.97e+06 Texpo = 0.08 T = 0.10
 <-- Site =   13-  14 .. Mmps =   21 Nexpo =   21/  21 E = (-1.0163589181,-0.0000000000) Error = 0.00e+00 FLOPS = 4.00e+07 Texpo = 0.00 T = 0.02
 <-- Site =   12-  13 .. Mmps =   24 Nexpo =   21/  21 E = (-1.0163589181,0.0000000000) Error = 0.00e+00 FLOPS = 2.74e+06 Texpo = 0.05 T = 0.07
 <-- Site =   11-  12 .. Mmps =   27 Nexpo =   21/  21 E = (-1.0163589181,-0.0000000000) Error = 0.00e+00 FLOPS = 2.87e+06 Texpo = 0.05 T = 0.07
 <-- Site =   10-  11 .. Mmps =   30 Nexpo =   21/  21 E = (-1.0163589181,-0.0000000000) Error = 0.00e+00 FLOPS = 5.87e+06 Texpo = 0.03 T = 0.05
 <-- Site =    9-  10 .. Mmps =   33 Nexpo =   21/  21 E = (-1.0163589181,0.0000000000) Error = 0.00e+00 FLOPS = 6.07e+06 Texpo = 0.03 T = 0.05
 <-- Site =    8-   9 .. Mmps =   36 Nexpo =   21/  21 E = (-1.0163589181,-0.0000000000) Error = 0.00e+00 FLOPS = 2.18e+06 Texpo = 0.09 T = 0.11
 <-- Site =    7-   8 .. Mmps =   39 Nexpo =   21/  21 E = (-1.0163589181,-0.0000000000) Error = 0.00e+00 FLOPS = 2.46e+06 Texpo = 0.08 T = 0.10
 <-- Site =    6-   7 .. Mmps =   42 Nexpo =   21/  21 E = (-1.0163589181,0.0000000000) Error = 0.00e+00 FLOPS = 1.90e+06 Texpo = 0.11 T = 0.13
 <-- Site =    5-   6 .. Mmps =   45 Nexpo =   21/  21 E = (-1.0163589181,0.0000000000) Error = 0.00e+00 FLOPS = 4.10e+06 Texpo = 0.05 T = 0.07
 <-- Site =    4-   5 .. Mmps =   48 Nexpo =   21/  21 E = (-1.0163589181,0.0000000000) Error = 0.00e+00 FLOPS = 2.86e+06 Texpo = 0.08 T = 0.11
 <-- Site =    3-   4 .. Mmps =   51 Nexpo =   21/  21 E = (-1.0163589181,-0.0000000000) Error = 0.00e+00 FLOPS = 4.52e+06 Texpo = 0.06 T = 0.08
 <-- Site =    2-   3 .. Mmps =   54 Nexpo =   21/  21 E = (-1.0163589181,0.0000000000) Error = 0.00e+00 FLOPS = 9.18e+06 Texpo = 0.03 T = 0.05
 <-- Site =    1-   2 .. Mmps =   57 Nexpo =   21/  21 E = (-1.0163589181,0.0000000000) Error = 0.00e+00 FLOPS = 9.67e+06 Texpo = 0.03 T = 0.05
 <-- Site =    0-   1 .. Mmps =   60 Nexpo =   21/   0 E = (-1.0163589181,0.0000000000) Error = 0.00e+00 FLOPS = 1.40e+06 Texpo = 0.06 T = 0.07
Time elapsed =      1.464 | E = (-1.0163589181,0.0000000000) | Norm^2 =       1.0000000000 | DW = 0.00e+00
Time sweep =        1.464 | 3.66 MFLOP/SWP
 | Tread = 0.032 | Twrite = 0.024 | Tfpread = 0.012 | Tfpwrite = 0.007 | data = 924 KB | cpsd = 341 KB | Tasync = 0.000
Sweep =    1 | Direction =  forward | Beta = (0.00000,0.05000) | Bond dimension =  100 | Noise =  0.00e+00
 --> Site =    0-   1 .. Mmps =    3 Nexpo =   21/  21 E = (-1.0163589181,0.0000000000) Error = 0.00e+00 FLOPS = 5.38e+06 Texpo = 0.03 T = 0.05
 --> Site =    1-   2 .. Mmps =    5 Nexpo =   21/  21 E = (-1.0163589181,-0.0000000000) Error = 0.00e+00 FLOPS = 9.38e+06 Texpo = 0.03 T = 0.05
 --> Site =    2-   3 .. Mmps =    7 Nexpo =   21/  21 E = (-1.0163589181,0.0000000000) Error = 0.00e+00 FLOPS = 8.71e+06 Texpo = 0.03 T = 0.05
 --> Site =    3-   4 .. Mmps =    9 Nexpo =   21/  21 E = (-1.0163589181,0.0000000000) Error = 0.00e+00 FLOPS = 4.23e+06 Texpo = 0.06 T = 0.08
 --> Site =    4-   5 .. Mmps =   11 Nexpo =   21/  21 E = (-1.0163589181,-0.0000000000) Error = 0.00e+00 FLOPS = 4.16e+06 Texpo = 0.06 T = 0.08
 --> Site =    5-   6 .. Mmps =   13 Nexpo =   21/  21 E = (-1.0163589181,0.0000000000) Error = 0.00e+00 FLOPS = 3.76e+06 Texpo = 0.06 T = 0.08
 --> Site =    6-   7 .. Mmps =   15 Nexpo =   21/  21 E = (-1.0163589181,0.0000000000) Error = 0.00e+00 FLOPS = 7.09e+06 Texpo = 0.03 T = 0.05
 --> Site =    7-   8 .. Mmps =   17 Nexpo =   21/  21 E = (-1.0163589181,-0.0000000000) Error = 0.00e+00 FLOPS = 3.20e+06 Texpo = 0.06 T = 0.08
 --> Site =    8-   9 .. Mmps =   19 Nexpo =   21/  21 E = (-1.0163589181,-0.0000000000) Error = 0.00e+00 FLOPS = 1.42e+06 Texpo = 0.13 T = 0.15
 --> Site =    9-  10 .. Mmps =   21 Nexpo =   21/  21 E = (-1.0163589181,-0.0000000000) Error = 0.00e+00 FLOPS = 4.97e+07 Texpo = 0.00 T = 0.02
 --> Site =   10-  11 .. Mmps =   23 Nexpo =   21/  21 E = (-1.0163589181,0.0000000000) Error = 0.00e+00 FLOPS = 3.01e+06 Texpo = 0.06 T = 0.08
 --> Site =   11-  12 .. Mmps =   25 Nexpo =   21/  21 E = (-1.0163589181,0.0000000000) Error = 0.00e+00 FLOPS = 2.87e+06 Texpo = 0.05 T = 0.07
 --> Site =   12-  13 .. Mmps =   27 Nexpo =   21/  21 E = (-1.0163589181,0.0000000000) Error = 0.00e+00 FLOPS = 1.41e+06 Texpo = 0.11 T = 0.12
 --> Site =   13-  14 .. Mmps =   29 Nexpo =   21/  21 E = (-1.0163589181,0.0000000000) Error = 0.00e+00 FLOPS = 4.59e+06 Texpo = 0.03 T = 0.05
 --> Site =   14-  15 .. Mmps =   47 Nexpo =   21/  21 E = (-1.0163589181,-0.0000000000) Error = 0.00e+00 FLOPS = 2.94e+06 Texpo = 0.06 T = 0.08
 --> Site =   15-  16 .. Mmps =   51 Nexpo =   21/  21 E = (-1.0163589181,-0.0000000000) Error = 0.00e+00 FLOPS = 8.76e+06 Texpo = 0.03 T = 0.05
 --> Site =   16-  17 .. Mmps =   54 Nexpo =   21/  21 E = (-1.0163589181,-0.0000000000) Error = 0.00e+00 FLOPS = 9.18e+06 Texpo = 0.03 T = 0.05
 --> Site =   17-  18 .. Mmps =   57 Nexpo =   21/  21 E = (-1.0163589181,-0.0000000000) Error = 0.00e+00 FLOPS = 3.48e+06 Texpo = 0.08 T = 0.11
 --> Site =   18-  19 .. Mmps =   60 Nexpo =   21/   0 E = (-1.0163589181,-0.0000000000) Error = 0.00e+00 FLOPS = 2.63e+06 Texpo = 0.03 T = 0.04
Time elapsed =      2.800 | E = (-1.0163589181,-0.0000000000) | Norm^2 =       1.0000000000 | DW = 0.00e+00
Time sweep =        1.336 | 3.66 MFLOP/SWP
 | Tread = 0.039 | Twrite = 0.021 | Tfpread = 0.016 | Tfpwrite = 0.005 | data = 539 KB | cpsd = 209 KB | Tasync = 0.000
T =    0.00000 +    0.30000i <E> =   -1.016358918057054 +   -0.00000i <Norm^2> =    1.000000000000009 +    0.00000i
Sweep =    0 | Direction = backward | Beta = (0.00000,0.05000) | Bond dimension =  100 | Noise =  0.00e+00
 <-- Site =   18-  19 .. Mmps =    3 Nexpo =   21/  21 E = (-1.0163589181,-0.0000000000) Error = 0.00e+00 FLOPS = 2.81e+06 Texpo = 0.06 T = 0.08
 <-- Site =   17-  18 .. Mmps =    5 Nexpo =   21/  21 E = (-1.0163589181,0.0000000000) Error = 0.00e+00 FLOPS = 3.33e+06 Texpo = 0.08 T = 0.11
 <-- Site =   16-  17 .. Mmps =    7 Nexpo =   21/  21 E = (-1.0163589181,0.0000000000) Error = 0.00e+00 FLOPS = 8.84e+06 Texpo = 0.03 T = 0.05
 <-- Site =   15-  16 .. Mmps =    9 Nexpo =   21/  21 E = (-1.0163589181,0.0000000000) Error = 0.00e+00 FLOPS = 2.96e+06 Texpo = 0.08 T = 0.11
 <-- Site =   14-  15 .. Mmps =   17 Nexpo =   21/  21 E = (-1.0163589181,-0.0000000000) Error = 0.00e+00 FLOPS = 5.40e+06 Texpo = 0.03 T = 0.05
 <-- Site =   13-  14 .. Mmps =   21 Nexpo =   21/  21 E = (-1.0163589181,0.0000000000) Error = 0.00e+00 FLOPS = 4.75e+06 Texpo = 0.03 T = 0.05
 <-- Site =   12-  13 .. Mmps =   24 Nexpo =   21/  21 E = (-1.0163589181,-0.0000000000) Error = 0.00e+00 FLOPS = 1.86e+06 Texpo = 0.08 T = 0.10
 <-- Site =   11-  12 .. Mmps =   27 Nexpo =   21/  21 E = (-1.0163589181,0.0000000000) Error = 0.00e+00 FLOPS = 5.07e+06 Texpo = 0.03 T = 0.05
 <-- Site =   10-  11 .. Mmps =   30 Nexpo =   21/  21 E = (-1.0163589181,-0.0000000000) Error = 0.00e+00 FLOPS = 5.37e+06 Texpo = 0.03 T = 0.05
 <-- Site =    9-  10 .. Mmps =   33 Nexpo =   21/  21 E = (-1.0163589181,0.0000000000) Error = 0.00e+00 FLOPS = 6.33e+06 Texpo = 0.03 T = 0.05
 <-- Site =    8-   9 .. Mmps =   36 Nexpo =   21/  21 E = (-1.0163589181,0.0000000000) Error = 0.00e+00 FLOPS = 3.39e+06 Texpo = 0.05 T = 0.08
 <-- Site =    7-   8 .. Mmps =   39 Nexpo =   21/  21 E = (-1.0163589181,-0.0000000000) Error = 0.00e+00 FLOPS = 5.55e+07 Texpo = 0.00 T = 0.02
 <-- Site =    6-   7 .. Mmps =   42 Nexpo =   21/  21 E = (-1.0163589181,0.0000000000) Error = 0.00e+00 FLOPS = 6.94e+06 Texpo = 0.03 T = 0.05
 <-- Site =    5-   6 .. Mmps =   45 Nexpo =   21/  21 E = (-1.0163589181,-0.0000000000) Error = 0.00e+00 FLOPS = 3.88e+06 Texpo = 0.06 T = 0.08
 <-- Site =    4-   5 .. Mmps =   48 Nexpo =   21/  21 E = (-1.0163589181,-0.0000000000) Error = 0.00e+00 FLOPS = 2.21e+06 Texpo = 0.11 T = 0.13
 <-- Site =    3-   4 .. Mmps =   51 Nexpo =   21/  21 E = (-1.0163589181,0.0000000000) Error = 0.00e+00 FLOPS = 1.80e+06 Texpo = 0.14 T = 0.18
 <-- Site =    2-   3 .. Mmps =   54 Nexpo =   21/  21 E = (-1.0163589181,0.0000000000) Error = 0.00e+00 FLOPS = 9.33e+06 Texpo = 0.03 T = 0.05
 <-- Site =    1-   2 .. Mmps =   57 Nexpo =   21/  21 E = (-1.0163589181,0.0000000000) Error = 0.00e+00 FLOPS = 8.20e+07 Texpo = 0.00 T = 0.03
 <-- Site =    0-   1 .. Mmps =   60 Nexpo =   21/   0 E = (-1.0163589181,-0.0000000000) Error = 0.00e+00 FLOPS = 5.02e+07 Texpo = 0.00 T = 0.01
Time elapsed =      1.306 | E = (-1.0163589181,-0.0000000000) | Norm^2 =       1.0000000000 | DW = 0.00e+00
Time sweep =        1.306 | 3.66 MFLOP/SWP
 | Tread = 0.031 | Twrite = 0.025 | Tfpread = 0.013 | Tfpwrite = 0.008 | data = 924 KB | cpsd = 342 KB | Tasync = 0.000
Sweep =    1 | Direction =  forward | Beta = (0.00000,0.05000) | Bond dimension =  100 | Noise =  0.00e+00
 --> Site =    0-   1 .. Mmps =    3 Nexpo =   21/  21 E = (-1.0163589181,-0.0000000000) Error = 0.00e+00 FLOPS = 5.67e+06 Texpo = 0.03 T = 0.04
 --> Site =    1-   2 .. Mmps =    5 Nexpo =   21/  21 E = (-1.0163589181,-0.0000000000) Error = 0.00e+00 FLOPS = 4.99e+06 Texpo = 0.06 T = 0.13
 --> Site =    2-   3 .. Mmps =    7 Nexpo =   21/  21 E = (-1.0163589181,-0.0000000000) Error = 0.00e+00 FLOPS = 7.24e+07 Texpo = 0.00 T = 0.02
 --> Site =    3-   4 .. Mmps =    9 Nexpo =   21/  21 E = (-1.0163589181,0.0000000000) Error = 0.00e+00 FLOPS = 7.17e+07 Texpo = 0.00 T = 0.02
 --> Site =    4-   5 .. Mmps =   11 Nexpo =   21/  21 E = (-1.0163589181,-0.0000000000) Error = 0.00e+00 FLOPS = 7.70e+06 Texpo = 0.03 T = 0.05
 --> Site =    5-   6 .. Mmps =   13 Nexpo =   21/  21 E = (-1.0163589181,0.0000000000) Error = 0.00e+00 FLOPS = 1.95e+06 Texpo = 0.11 T = 0.13
 --> Site =    6-   7 .. Mmps =   15 Nexpo =   21/  21 E = (-1.0163589181,-0.0000000000) Error = 0.00e+00 FLOPS = 3.70e+06 Texpo = 0.06 T = 0.08
 --> Site =    7-   8 .. Mmps =   17 Nexpo =   21/  21 E = (-1.0163589181,0.0000000000) Error = 0.00e+00 FLOPS = 6.85e+06 Texpo = 0.03 T = 0.05
 --> Site =    8-   9 .. Mmps =   19 Nexpo =   21/  21 E = (-1.0163589181,0.0000000000) Error = 0.00e+00 FLOPS = 5.36e+07 Texpo = 0.00 T = 0.02
 --> Site =    9-  10 .. Mmps =   21 Nexpo =   21/  21 E = (-1.0163589181,-0.0000000000) Error = 0.00e+00 FLOPS = 5.05e+07 Texpo = 0.00 T = 0.24
 --> Site =   10-  11 .. Mmps =   23 Nexpo =   21/  21 E = (-1.0163589181,0.0000000000) Error = 0.00e+00 FLOPS = 3.67e+06 Texpo = 0.05 T = 0.06
 --> Site =   11-  12 .. Mmps =   25 Nexpo =   21/  21 E = (-1.0163589181,0.0000000000) Error = 0.00e+00 FLOPS = 1.91e+06 Texpo = 0.08 T = 0.10
 --> Site =   12-  13 .. Mmps =   27 Nexpo =   21/  21 E = (-1.0163589181,0.0000000000) Error = 0.00e+00 FLOPS = 1.31e+06 Texpo = 0.11 T = 0.13
 --> Site =   13-  14 .. Mmps =   29 Nexpo =   21/  21 E = (-1.0163589181,-0.0000000000) Error = 0.00e+00 FLOPS = 8.93e+05 Texpo = 0.16 T = 0.18
 --> Site =   14-  15 .. Mmps =   47 Nexpo =   21/  21 E = (-1.0163589181,0.0000000000) Error = 0.00e+00 FLOPS = 3.02e+06 Texpo = 0.05 T = 0.07
 --> Site =   15-  16 .. Mmps =   51 Nexpo =   21/  21 E = (-1.0163589181,0.0000000000) Error = 0.00e+00 FLOPS = 8.16e+06 Texpo = 0.03 T = 0.06
 --> Site =   16-  17 .. Mmps =   54 Nexpo =   21/  21 E = (-1.0163589181,0.0000000000) Error = 0.00e+00 FLOPS = 3.18e+06 Texpo = 0.08 T = 0.11
 --> Site =   17-  18 .. Mmps =   57 Nexpo =   21/  21 E = (-1.0163589181,0.0000000000) Error = 0.00e+00 FLOPS = 4.94e+06 Texpo = 0.06 T = 0.08
 --> Site =   18-  19 .. Mmps =   60 Nexpo =   21/   0 E = (-1.0163589181,0.0000000000) Error = 0.00e+00 FLOPS = 5.78e+05 Texpo = 0.14 T = 0.15
Time elapsed =      3.026 | E = (-1.0163589181,0.0000000000) | Norm^2 =       1.0000000000 | DW = 0.00e+00
Time sweep =        1.720 | 3.66 MFLOP/SWP
 | Tread = 0.040 | Twrite = 0.021 | Tfpread = 0.017 | Tfpwrite = 0.005 | data = 539 KB | cpsd = 205 KB | Tasync = 0.000
T =    0.00000 +    0.40000i <E> =   -1.016358918057053 +    0.00000i <Norm^2> =    1.000000000000012 +    0.00000i
Sweep =    0 | Direction = backward | Beta = (0.00000,0.05000) | Bond dimension =  100 | Noise =  0.00e+00
 <-- Site =   18-  19 .. Mmps =    3 Nexpo =   21/  21 E = (-1.0163589181,-0.0000000000) Error = 0.00e+00 FLOPS = 2.97e+06 Texpo = 0.05 T = 0.07
 <-- Site =   17-  18 .. Mmps =    5 Nexpo =   21/  21 E = (-1.0163589181,0.0000000000) Error = 0.00e+00 FLOPS = 4.94e+06 Texpo = 0.06 T = 0.08
 <-- Site =   16-  17 .. Mmps =    7 Nexpo =   21/  21 E = (-1.0163589181,-0.0000000000) Error = 0.00e+00 FLOPS = 4.73e+06 Texpo = 0.06 T = 0.07
 <-- Site =   15-  16 .. Mmps =    9 Nexpo =   21/  21 E = (-1.0163589181,-0.0000000000) Error = 0.00e+00 FLOPS = 6.29e+07 Texpo = 0.00 T = 0.03
 <-- Site =   14-  15 .. Mmps =   17 Nexpo =   21/  21 E = (-1.0163589181,-0.0000000000) Error = 0.00e+00 FLOPS = 4.79e+07 Texpo = 0.00 T = 0.02
 <-- Site =   13-  14 .. Mmps =   21 Nexpo =   21/  21 E = (-1.0163589181,-0.0000000000) Error = 0.00e+00 FLOPS = 2.49e+06 Texpo = 0.06 T = 0.07
 <-- Site =   12-  13 .. Mmps =   24 Nexpo =   21/  21 E = (-1.0163589181,-0.0000000000) Error = 0.00e+00 FLOPS = 2.80e+06 Texpo = 0.05 T = 0.08
 <-- Site =   11-  12 .. Mmps =   27 Nexpo =   21/  21 E = (-1.0163589181,-0.0000000000) Error = 0.00e+00 FLOPS = 4.07e+07 Texpo = 0.00 T = 0.02
 <-- Site =   10-  11 .. Mmps =   30 Nexpo =   21/  21 E = (-1.0163589181,0.0000000000) Error = 0.00e+00 FLOPS = 4.98e+06 Texpo = 0.03 T = 0.09
 <-- Site =    9-  10 .. Mmps =   33 Nexpo =   21/  21 E = (-1.0163589181,-0.0000000000) Error = 0.00e+00 FLOPS = 3.14e+06 Texpo = 0.06 T = 0.08
 <-- Site =    8-   9 .. Mmps =   36 Nexpo =   21/  21 E = (-1.0163589181,0.0000000000) Error = 0.00e+00 FLOPS = 3.17e+06 Texpo = 0.06 T = 0.08
 <-- Site =    7-   8 .. Mmps =   39 Nexpo =   21/  21 E = (-1.0163589181,-0.0000000000) Error = 0.00e+00 FLOPS = 1.83e+06 Texpo = 0.11 T = 0.13
 <-- Site =    6-   7 .. Mmps =   42 Nexpo =   21/  21 E = (-1.0163589181,-0.0000000000) Error = 0.00e+00 FLOPS = 3.69e+06 Texpo = 0.06 T = 0.08
 <-- Site =    5-   6 .. Mmps =   45 Nexpo =   21/  21 E = (-1.0163589181,0.0000000000) Error = 0.00e+00 FLOPS = 2.63e+06 Texpo = 0.08 T = 0.10
 <-- Site =    4-   5 .. Mmps =   48 Nexpo =   21/  21 E = (-1.0163589181,0.0000000000) Error = 0.00e+00 FLOPS = 6.78e+07 Texpo = 0.00 T = 0.02
 <-- Site =    3-   4 .. Mmps =   51 Nexpo =   21/  21 E = (-1.0163589181,-0.0000000000) Error = 0.00e+00 FLOPS = 7.03e+07 Texpo = 0.00 T = 0.02
 <-- Site =    2-   3 .. Mmps =   54 Nexpo =   21/  21 E = (-1.0163589181,-0.0000000000) Error = 0.00e+00 FLOPS = 7.68e+07 Texpo = 0.00 T = 0.02
 <-- Site =    1-   2 .. Mmps =   57 Nexpo =   21/  21 E = (-1.0163589181,-0.0000000000) Error = 0.00e+00 FLOPS = 9.94e+06 Texpo = 0.03 T = 0.05
 <-- Site =    0-   1 .. Mmps =   60 Nexpo =   21/   0 E = (-1.0163589181,0.0000000000) Error = 0.00e+00 FLOPS = 4.93e+07 Texpo = 0.00 T = 0.01
Time elapsed =      1.142 | E = (-1.0163589181,0.0000000000) | Norm^2 =       1.0000000000 | DW = 0.00e+00
Time sweep =        1.142 | 3.66 MFLOP/SWP
 | Tread = 0.033 | Twrite = 0.030 | Tfpread = 0.013 | Tfpwrite = 0.009 | data = 924 KB | cpsd = 342 KB | Tasync = 0.000
Sweep =    1 | Direction =  forward | Beta = (0.00000,0.05000) | Bond dimension =  100 | Noise =  0.00e+00
 --> Site =    0-   1 .. Mmps =    3 Nexpo =   21/  21 E = (-1.0163589181,-0.0000000000) Error = 0.00e+00 FLOPS = 2.91e+06 Texpo = 0.05 T = 0.07
 --> Site =    1-   2 .. Mmps =    5 Nexpo =   21/  21 E = (-1.0163589181,-0.0000000000) Error = 0.00e+00 FLOPS = 7.86e+07 Texpo = 0.00 T = 0.02
 --> Site =    2-   3 .. Mmps =    7 Nexpo =   21/  21 E = (-1.0163589181,-0.0000000000) Error = 0.00e+00 FLOPS = 4.57e+06 Texpo = 0.06 T = 0.08
 --> Site =    3-   4 .. Mmps =    9 Nexpo =   21/  21 E = (-1.0163589181,0.0000000000) Error = 0.00e+00 FLOPS = 2.99e+06 Texpo = 0.08 T = 0.10
 --> Site =    4-   5 .. Mmps =   11 Nexpo =   21/  21 E = (-1.0163589181,0.0000000000) Error = 0.00e+00 FLOPS = 2.85e+06 Texpo = 0.08 T = 0.13
 --> Site =    5-   6 .. Mmps =   13 Nexpo =   21/  21 E = (-1.0163589181,0.0000000000) Error = 0.00e+00 FLOPS = 7.60e+06 Texpo = 0.03 T = 0.05
 --> Site =    6-   7 .. Mmps =   15 Nexpo =   21/  21 E = (-1.0163589181,-0.0000000000) Error = 0.00e+00 FLOPS = 6.85e+06 Texpo = 0.03 T = 0.05
 --> Site =    7-   8 .. Mmps =   17 Nexpo =   21/  21 E = (-1.0163589181,0.0000000000) Error = 0.00e+00 FLOPS = 1.89e+06 Texpo = 0.10 T = 0.12
 --> Site =    8-   9 .. Mmps =   19 Nexpo =   21/  21 E = (-1.0163589181,0.0000000000) Error = 0.00e+00 FLOPS = 5.21e+07 Texpo = 0.00 T = 0.02
 --> Site =    9-  10 .. Mmps =   21 Nexpo =   21/  21 E = (-1.0163589181,0.0000000000) Error = 0.00e+00 FLOPS = 5.07e+07 Texpo = 0.00 T = 0.02
 --> Site =   10-  11 .. Mmps =   23 Nexpo =   21/  21 E = (-1.0163589181,0.0000000000) Error = 0.00e+00 FLOPS = 5.88e+06 Texpo = 0.03 T = 0.05
 --> Site =   11-  12 .. Mmps =   25 Nexpo =   21/  21 E = (-1.0163589181,-0.0000000000) Error = 0.00e+00 FLOPS = 4.60e+07 Texpo = 0.00 T = 0.02
 --> Site =   12-  13 .. Mmps =   27 Nexpo =   21/  21 E = (-1.0163589181,-0.0000000000) Error = 0.00e+00 FLOPS = 1.80e+06 Texpo = 0.08 T = 0.10
 --> Site =   13-  14 .. Mmps =   29 Nexpo =   21/  21 E = (-1.0163589181,-0.0000000000) Error = 0.00e+00 FLOPS = 1.76e+06 Texpo = 0.08 T = 0.10
 --> Site =   14-  15 .. Mmps =   47 Nexpo =   21/  21 E = (-1.0163589181,-0.0000000000) Error = 0.00e+00 FLOPS = 3.01e+06 Texpo = 0.05 T = 0.07
 --> Site =   15-  16 .. Mmps =   51 Nexpo =   21/  21 E = (-1.0163589181,-0.0000000000) Error = 0.00e+00 FLOPS = 8.64e+06 Texpo = 0.03 T = 0.06
 --> Site =   16-  17 .. Mmps =   54 Nexpo =   21/  21 E = (-1.0163589181,-0.0000000000) Error = 0.00e+00 FLOPS = 3.03e+06 Texpo = 0.09 T = 0.13
 --> Site =   17-  18 .. Mmps =   57 Nexpo =   21/  21 E = (-1.0163589181,-0.0000000000) Error = 0.00e+00 FLOPS = 5.05e+06 Texpo = 0.06 T = 0.08
 --> Site =   18-  19 .. Mmps =   60 Nexpo =   21/   0 E = (-1.0163589181,-0.0000000000) Error = 0.00e+00 FLOPS = 2.98e+06 Texpo = 0.03 T = 0.04
Time elapsed =      2.460 | E = (-1.0163589181,-0.0000000000) | Norm^2 =       1.0000000000 | DW = 0.00e+00
Time sweep =        1.318 | 3.66 MFLOP/SWP
 | Tread = 0.042 | Twrite = 0.021 | Tfpread = 0.018 | Tfpwrite = 0.005 | data = 539 KB | cpsd = 206 KB | Tasync = 0.000
T =    0.00000 +    0.50000i <E> =   -1.016358918057053 +   -0.00000i <Norm^2> =    1.000000000000015 +    0.00000i
Sweep =    0 | Direction = backward | Beta = (0.00000,0.05000) | Bond dimension =  100 | Noise =  0.00e+00
 <-- Site =   18-  19 .. Mmps =    3 Nexpo =   21/  21 E = (-1.0163589181,0.0000000000) Error = 0.00e+00 FLOPS = 1.87e+06 Texpo = 0.08 T = 0.10
 <-- Site =   17-  18 .. Mmps =    5 Nexpo =   21/  21 E = (-1.0163589181,0.0000000000) Error = 0.00e+00 FLOPS = 9.94e+06 Texpo = 0.03 T = 0.05
 <-- Site =   16-  17 .. Mmps =    7 Nexpo =   21/  21 E = (-1.0163589181,0.0000000000) Error = 0.00e+00 FLOPS = 8.75e+06 Texpo = 0.03 T = 0.05
 <-- Site =   15-  16 .. Mmps =    9 Nexpo =   21/  21 E = (-1.0163589181,0.0000000000) Error = 0.00e+00 FLOPS = 8.67e+06 Texpo = 0.03 T = 0.05
 <-- Site =   14-  15 .. Mmps =   17 Nexpo =   21/  21 E = (-1.0163589181,-0.0000000000) Error = 0.00e+00 FLOPS = 2.92e+06 Texpo = 0.06 T = 0.07
 <-- Site =   13-  14 .. Mmps =   21 Nexpo =   21/  21 E = (-1.0163589181,0.0000000000) Error = 0.00e+00 FLOPS = 1.29e+06 Texpo = 0.11 T = 0.13
 <-- Site =   12-  13 .. Mmps =   24 Nexpo =   21/  21 E = (-1.0163589181,0.0000000000) Error = 0.00e+00 FLOPS = 4.90e+06 Texpo = 0.03 T = 0.05
 <-- Site =   11-  12 .. Mmps =   27 Nexpo =   21/  21 E = (-1.0163589181,0.0000000000) Error = 0.00e+00 FLOPS = 5.25e+06 Texpo = 0.03 T = 0.05
 <-- Site =   10-  11 .. Mmps =   30 Nexpo =   21/  21 E = (-1.0163589181,-0.0000000000) Error = 0.00e+00 FLOPS = 1.51e+06 Texpo = 0.11 T = 0.13
 <-- Site =    9-  10 .. Mmps =   33 Nexpo =   21/  21 E = (-1.0163589181,-0.0000000000) Error = 0.00e+00 FLOPS = 1.69e+06 Texpo = 0.10 T = 0.12
 <-- Site =    8-   9 .. Mmps =   36 Nexpo =   21/  21 E = (-1.0163589181,0.0000000000) Error = 0.00e+00 FLOPS = 3.49e+06 Texpo = 0.05 T = 0.07
 <-- Site =    7-   8 .. Mmps =   39 Nexpo =   21/  21 E = (-1.0163589181,0.0000000000) Error = 0.00e+00 FLOPS = 6.75e+06 Texpo = 0.03 T = 0.06
 <-- Site =    6-   7 .. Mmps =   42 Nexpo =   21/  21 E = (-1.0163589181,0.0000000000) Error = 0.00e+00 FLOPS = 6.75e+06 Texpo = 0.03 T = 0.05
 <-- Site =    5-   6 .. Mmps =   45 Nexpo =   21/  21 E = (-1.0163589181,0.0000000000) Error = 0.00e+00 FLOPS = 3.04e+06 Texpo = 0.07 T = 0.43
 <-- Site =    4-   5 .. Mmps =   48 Nexpo =   21/  21 E = (-1.0163589181,0.0000000000) Error = 0.00e+00 FLOPS = 7.72e+06 Texpo = 0.03 T = 0.05
 <-- Site =    3-   4 .. Mmps =   51 Nexpo =   21/  21 E = (-1.0163589181,-0.0000000000) Error = 0.00e+00 FLOPS = 3.03e+06 Texpo = 0.08 T = 0.10
 <-- Site =    2-   3 .. Mmps =   54 Nexpo =   21/  21 E = (-1.0163589181,0.0000000000) Error = 0.00e+00 FLOPS = 4.92e+06 Texpo = 0.05 T = 0.08
 <-- Site =    1-   2 .. Mmps =   57 Nexpo =   21/  21 E = (-1.0163589181,0.0000000000) Error = 0.00e+00 FLOPS = 2.50e+06 Texpo = 0.11 T = 0.16
 <-- Site =    0-   1 .. Mmps =   60 Nexpo =   21/   0 E = (-1.0163589181,-0.0000000000) Error = 0.00e+00 FLOPS = 1.01e+06 Texpo = 0.08 T = 0.09
Time elapsed =      1.892 | E = (-1.0163589181,-0.0000000000) | Norm^2 =       1.0000000000 | DW = 0.00e+00
Time sweep =        1.892 | 3.66 MFLOP/SWP
 | Tread = 0.032 | Twrite = 0.180 | Tfpread = 0.012 | Tfpwrite = 0.016 | data = 924 KB | cpsd = 342 KB | Tasync = 0.000
Sweep =    1 | Direction =  forward | Beta = (0.00000,0.05000) | Bond dimension =  100 | Noise =  0.00e+00
 --> Site =    0-   1 .. Mmps =    3 Nexpo =   21/  21 E = (-1.0163589181,-0.0000000000) Error = 0.00e+00 FLOPS = 2.75e+06 Texpo = 0.06 T = 0.07
 --> Site =    1-   2 .. Mmps =    5 Nexpo =   21/  21 E = (-1.0163589181,0.0000000000) Error = 0.00e+00 FLOPS = 8.16e+07 Texpo = 0.00 T = 0.02
 --> Site =    2-   3 .. Mmps =    7 Nexpo =   21/  21 E = (-1.0163589181,0.0000000000) Error = 0.00e+00 FLOPS = 3.10e+06 Texpo = 0.09 T = 0.10
 --> Site =    3-   4 .. Mmps =    9 Nexpo =   21/  21 E = (-1.0163589181,-0.0000000000) Error = 0.00e+00 FLOPS = 8.82e+06 Texpo = 0.03 T = 0.05
 --> Site =    4-   5 .. Mmps =   11 Nexpo =   21/  21 E = (-1.0163589181,-0.0000000000) Error = 0.00e+00 FLOPS = 2.95e+06 Texpo = 0.08 T = 0.10
 --> Site =    5-   6 .. Mmps =   13 Nexpo =   21/  21 E = (-1.0163589181,-0.0000000000) Error = 0.00e+00 FLOPS = 1.62e+06 Texpo = 0.14 T = 0.16
 --> Site =    6-   7 .. Mmps =   15 Nexpo =   21/  21 E = (-1.0163589181,-0.0000000000) Error = 0.00e+00 FLOPS = 6.99e+06 Texpo = 0.03 T = 0.05
 --> Site =    7-   8 .. Mmps =   17 Nexpo =   21/  21 E = (-1.0163589181,-0.0000000000) Error = 0.00e+00 FLOPS = 5.13e+07 Texpo = 0.00 T = 0.02
 --> Site =    8-   9 .. Mmps =   19 Nexpo =   21/  21 E = (-1.0163589181,-0.0000000000) Error = 0.00e+00 FLOPS = 6.14e+06 Texpo = 0.03 T = 0.05
 --> Site =    9-  10 .. Mmps =   21 Nexpo =   21/  21 E = (-1.0163589181,-0.0000000000) Error = 0.00e+00 FLOPS = 1.55e+06 Texpo = 0.11 T = 0.13
 --> Site =   10-  11 .. Mmps =   23 Nexpo =   21/  21 E = (-1.0163589181,0.0000000000) Error = 0.00e+00 FLOPS = 5.73e+06 Texpo = 0.03 T = 0.05
 --> Site =   11-  12 .. Mmps =   25 Nexpo =   21/  21 E = (-1.0163589181,-0.0000000000) Error = 0.00e+00 FLOPS = 4.52e+07 Texpo = 0.00 T = 0.02
 --> Site =   12-  13 .. Mmps =   27 Nexpo =   21/  21 E = (-1.0163589181,-0.0000000000) Error = 0.00e+00 FLOPS = 2.67e+06 Texpo = 0.06 T = 0.08
 --> Site =   13-  14 .. Mmps =   29 Nexpo =   21/  21 E = (-1.0163589181,-0.0000000000) Error = 0.00e+00 FLOPS = 2.38e+06 Texpo = 0.06 T = 0.08
 --> Site =   14-  15 .. Mmps =   47 Nexpo =   21/  21 E = (-1.0163589181,-0.0000000000) Error = 0.00e+00 FLOPS = 2.04e+06 Texpo = 0.08 T = 0.10
 --> Site =   15-  16 .. Mmps =   51 Nexpo =   21/  21 E = (-1.0163589181,0.0000000000) Error = 0.00e+00 FLOPS = 8.62e+06 Texpo = 0.03 T = 0.05
 --> Site =   16-  17 .. Mmps =   54 Nexpo =   21/  21 E = (-1.0163589181,-0.0000000000) Error = 0.00e+00 FLOPS = 7.31e+07 Texpo = 0.00 T = 0.03
 --> Site =   17-  18 .. Mmps =   57 Nexpo =   21/  21 E = (-1.0163589181,-0.0000000000) Error = 0.00e+00 FLOPS = 5.08e+06 Texpo = 0.06 T = 0.08
 --> Site =   18-  19 .. Mmps =   60 Nexpo =   21/   0 E = (-1.0163589181,-0.0000000000) Error = 0.00e+00 FLOPS = 2.66e+06 Texpo = 0.03 T = 0.04
Time elapsed =      3.177 | E = (-1.0163589181,-0.0000000000) | Norm^2 =       1.0000000000 | DW = 0.00e+00
Time sweep =        1.285 | 3.66 MFLOP/SWP
 | Tread = 0.040 | Twrite = 0.020 | Tfpread = 0.016 | Tfpwrite = 0.005 | data = 539 KB | cpsd = 207 KB | Tasync = 0.000
T =    0.00000 +    0.60000i <E> =   -1.016358918057053 +   -0.00000i <Norm^2> =    1.000000000000019 +    0.00000i
Sweep =    0 | Direction = backward | Beta = (0.00000,0.05000) | Bond dimension =  100 | Noise =  0.00e+00
 <-- Site =   18-  19 .. Mmps =    3 Nexpo =   21/  21 E = (-1.0163589181,0.0000000000) Error = 0.00e+00 FLOPS = 1.96e+06 Texpo = 0.08 T = 0.10
 <-- Site =   17-  18 .. Mmps =    5 Nexpo =   21/  21 E = (-1.0163589181,0.0000000000) Error = 0.00e+00 FLOPS = 8.97e+06 Texpo = 0.03 T = 0.05
 <-- Site =   16-  17 .. Mmps =    7 Nexpo =   21/  21 E = (-1.0163589181,0.0000000000) Error = 0.00e+00 FLOPS = 5.02e+06 Texpo = 0.05 T = 0.07
 <-- Site =   15-  16 .. Mmps =    9 Nexpo =   21/  21 E = (-1.0163589181,-0.0000000000) Error = 0.00e+00 FLOPS = 5.55e+07 Texpo = 0.00 T = 0.03
 <-- Site =   14-  15 .. Mmps =   17 Nexpo =   21/  21 E = (-1.0163589181,-0.0000000000) Error = 0.00e+00 FLOPS = 2.80e+06 Texpo = 0.06 T = 0.10
 <-- Site =   13-  14 .. Mmps =   21 Nexpo =   21/  21 E = (-1.0163589181,-0.0000000000) Error = 0.00e+00 FLOPS = 2.48e+06 Texpo = 0.06 T = 0.08
 <-- Site =   12-  13 .. Mmps =   24 Nexpo =   21/  21 E = (-1.0163589181,-0.0000000000) Error = 0.00e+00 FLOPS = 3.03e+06 Texpo = 0.05 T = 0.07
 <-- Site =   11-  12 .. Mmps =   27 Nexpo =   21/  21 E = (-1.0163589181,-0.0000000000) Error = 0.00e+00 FLOPS = 4.97e+06 Texpo = 0.03 T = 0.05
 <-- Site =   10-  11 .. Mmps =   30 Nexpo =   21/  21 E = (-1.0163589181,0.0000000000) Error = 0.00e+00 FLOPS = 2.98e+06 Texpo = 0.06 T = 0.07
 <-- Site =    9-  10 .. Mmps =   33 Nexpo =   21/  21 E = (-1.0163589181,-0.0000000000) Error = 0.00e+00 FLOPS = 2.19e+06 Texpo = 0.08 T = 0.10
 <-- Site =    8-   9 .. Mmps =   36 Nexpo =   21/  21 E = (-1.0163589181,-0.0000000000) Error = 0.00e+00 FLOPS = 6.01e+06 Texpo = 0.03 T = 0.05
 <-- Site =    7-   8 .. Mmps =   39 Nexpo =   21/  21 E = (-1.0163589181,0.0000000000) Error = 0.00e+00 FLOPS = 3.36e+06 Texpo = 0.06 T = 0.08
 <-- Site =    6-   7 .. Mmps =   42 Nexpo =   21/  21 E = (-1.0163589181,0.0000000000) Error = 0.00e+00 FLOPS = 5.98e+07 Texpo = 0.00 T = 0.02
 <-- Site =    5-   6 .. Mmps =   45 Nexpo =   21/  21 E = (-1.0163589181,0.0000000000) Error = 0.00e+00 FLOPS = 2.70e+06 Texpo = 0.08 T = 0.10
 <-- Site =    4-   5 .. Mmps =   48 Nexpo =   21/  21 E = (-1.0163589181,0.0000000000) Error = 0.00e+00 FLOPS = 4.12e+06 Texpo = 0.06 T = 0.08
 <-- Site =    3-   4 .. Mmps =   51 Nexpo =   21/  21 E = (-1.0163589181,-0.0000000000) Error = 0.00e+00 FLOPS = 8.72e+06 Texpo = 0.03 T = 0.05
 <-- Site =    2-   3 .. Mmps =   54 Nexpo =   21/  21 E = (-1.0163589181,0.0000000000) Error = 0.00e+00 FLOPS = 3.25e+06 Texpo = 0.08 T = 0.11
 <-- Site =    1-   2 .. Mmps =   57 Nexpo =   21/  21 E = (-1.0163589181,0.0000000000) Error = 0.00e+00 FLOPS = 9.57e+06 Texpo = 0.03 T = 0.05
 <-- Site =    0-   1 .. Mmps =   60 Nexpo =   21/   0 E = (-1.0163589181,-0.0000000000) Error = 0.00e+00 FLOPS = 4.84e+07 Texpo = 0.00 T = 0.01
Time elapsed =      1.268 | E = (-1.0163589181,-0.0000000000) | Norm^2 =       1.0000000000 | DW = 0.00e+00
Time sweep =        1.268 | 3.66 MFLOP/SWP
 | Tread = 0.032 | Twrite = 0.025 | Tfpread = 0.013 | Tfpwrite = 0.009 | data = 924 KB | cpsd = 342 KB | Tasync = 0.000
Sweep =    1 | Direction =  forward | Beta = (0.00000,0.05000) | Bond dimension =  100 | Noise =  0.00e+00
 --> Site =    0-   1 .. Mmps =    3 Nexpo =   21/  21 E = (-1.0163589181,0.0000000000) Error = 0.00e+00 FLOPS = 2.86e+06 Texpo = 0.06 T = 0.07
 --> Site =    1-   2 .. Mmps =    5 Nexpo =   21/  21 E = (-1.0163589181,0.0000000000) Error = 0.00e+00 FLOPS = 8.37e+07 Texpo = 0.00 T = 0.02
 --> Site =    2-   3 .. Mmps =    7 Nexpo =   21/  21 E = (-1.0163589181,-0.0000000000) Error = 0.00e+00 FLOPS = 8.82e+06 Texpo = 0.03 T = 0.05
 --> Site =    3-   4 .. Mmps =    9 Nexpo =   21/  21 E = (-1.0163589181,-0.0000000000) Error = 0.00e+00 FLOPS = 4.57e+06 Texpo = 0.05 T = 0.07
 --> Site =    4-   5 .. Mmps =   11 Nexpo =   21/  21 E = (-1.0163589181,-0.0000000000) Error = 0.00e+00 FLOPS = 4.20e+06 Texpo = 0.06 T = 0.08
 --> Site =    5-   6 .. Mmps =   13 Nexpo =   21/  21 E = (-1.0163589181,0.0000000000) Error = 0.00e+00 FLOPS = 2.03e+06 Texpo = 0.11 T = 0.13
 --> Site =    6-   7 .. Mmps =   15 Nexpo =   21/  21 E = (-1.0163589181,-0.0000000000) Error = 0.00e+00 FLOPS = 6.95e+06 Texpo = 0.03 T = 0.05
 --> Site =    7-   8 .. Mmps =   17 Nexpo =   21/  21 E = (-1.0163589181,0.0000000000) Error = 0.00e+00 FLOPS = 2.33e+06 Texpo = 0.08 T = 0.10
 --> Site =    8-   9 .. Mmps =   19 Nexpo =   21/  21 E = (-1.0163589181,-0.0000000000) Error = 0.00e+00 FLOPS = 2.24e+06 Texpo = 0.08 T = 0.10
 --> Site =    9-  10 .. Mmps =   21 Nexpo =   21/  21 E = (-1.0163589181,-0.0000000000) Error = 0.00e+00 FLOPS = 3.15e+06 Texpo = 0.06 T = 0.08
 --> Site =   10-  11 .. Mmps =   23 Nexpo =   21/  21 E = (-1.0163589181,-0.0000000000) Error = 0.00e+00 FLOPS = 2.98e+06 Texpo = 0.06 T = 0.07
 --> Site =   11-  12 .. Mmps =   25 Nexpo =   21/  21 E = (-1.0163589181,-0.0000000000) Error = 0.00e+00 FLOPS = 1.47e+06 Texpo = 0.11 T = 0.12
 --> Site =   12-  13 .. Mmps =   27 Nexpo =   21/  21 E = (-1.0163589181,-0.0000000000) Error = 0.00e+00 FLOPS = 2.54e+06 Texpo = 0.06 T = 0.08
 --> Site =   13-  14 .. Mmps =   29 Nexpo =   21/  21 E = (-1.0163589181,0.0000000000) Error = 0.00e+00 FLOPS = 2.45e+06 Texpo = 0.06 T = 0.08
 --> Site =   14-  15 .. Mmps =   47 Nexpo =   21/  21 E = (-1.0163589181,-0.0000000000) Error = 0.00e+00 FLOPS = 3.40e+07 Texpo = 0.00 T = 0.03
 --> Site =   15-  16 .. Mmps =   51 Nexpo =   21/  21 E = (-1.0163589181,-0.0000000000) Error = 0.00e+00 FLOPS = 6.38e+07 Texpo = 0.00 T = 0.03
 --> Site =   16-  17 .. Mmps =   54 Nexpo =   21/  21 E = (-1.0163589181,-0.0000000000) Error = 0.00e+00 FLOPS = 4.71e+06 Texpo = 0.06 T = 0.10
 --> Site =   17-  18 .. Mmps =   57 Nexpo =   21/  21 E = (-1.0163589181,-0.0000000000) Error = 0.00e+00 FLOPS = 4.91e+06 Texpo = 0.06 T = 0.08
 --> Site =   18-  19 .. Mmps =   60 Nexpo =   21/   0 E = (-1.0163589181,-0.0000000000) Error = 0.00e+00 FLOPS = 4.30e+07 Texpo = 0.00 T = 0.01
Time elapsed =      2.627 | E = (-1.0163589181,-0.0000000000) | Norm^2 =       1.0000000000 | DW = 0.00e+00
Time sweep =        1.358 | 3.66 MFLOP/SWP
 | Tread = 0.043 | Twrite = 0.021 | Tfpread = 0.018 | Tfpwrite = 0.005 | data = 539 KB | cpsd = 206 KB | Tasync = 0.000
T =    0.00000 +    0.70000i <E> =   -1.016358918057052 +   -0.00000i <Norm^2> =    1.000000000000024 +    0.00000i
Sweep =    0 | Direction = backward | Beta = (0.00000,0.05000) | Bond dimension =  100 | Noise =  0.00e+00
 <-- Site =   18-  19 .. Mmps =    3 Nexpo =   21/  21 E = (-1.0163589181,-0.0000000000) Error = 0.00e+00 FLOPS = 2.95e+06 Texpo = 0.05 T = 0.07
 <-- Site =   17-  18 .. Mmps =    5 Nexpo =   21/  21 E = (-1.0163589181,0.0000000000) Error = 0.00e+00 FLOPS = 4.85e+06 Texpo = 0.06 T = 0.08
 <-- Site =   16-  17 .. Mmps =    7 Nexpo =   21/  21 E = (-1.0163589181,0.0000000000) Error = 0.00e+00 FLOPS = 2.45e+06 Texpo = 0.11 T = 0.13
 <-- Site =   15-  16 .. Mmps =    9 Nexpo =   21/  21 E = (-1.0163589181,-0.0000000000) Error = 0.00e+00 FLOPS = 7.34e+07 Texpo = 0.00 T = 0.02
 <-- Site =   14-  15 .. Mmps =   17 Nexpo =   21/  21 E = (-1.0163589181,0.0000000000) Error = 0.00e+00 FLOPS = 1.96e+06 Texpo = 0.08 T = 0.10
 <-- Site =   13-  14 .. Mmps =   21 Nexpo =   21/  21 E = (-1.0163589181,0.0000000000) Error = 0.00e+00 FLOPS = 1.74e+06 Texpo = 0.08 T = 0.10
 <-- Site =   12-  13 .. Mmps =   24 Nexpo =   21/  21 E = (-1.0163589181,-0.0000000000) Error = 0.00e+00 FLOPS = 1.78e+06 Texpo = 0.08 T = 0.10
 <-- Site =   11-  12 .. Mmps =   27 Nexpo =   21/  21 E = (-1.0163589181,-0.0000000000) Error = 0.00e+00 FLOPS = 2.79e+06 Texpo = 0.06 T = 0.08
 <-- Site =   10-  11 .. Mmps =   30 Nexpo =   21/  21 E = (-1.0163589181,0.0000000000) Error = 0.00e+00 FLOPS = 1.54e+06 Texpo = 0.11 T = 0.13
 <-- Site =    9-  10 .. Mmps =   33 Nexpo =   21/  21 E = (-1.0163589181,0.0000000000) Error = 0.00e+00 FLOPS = 3.27e+06 Texpo = 0.05 T = 0.11
 <-- Site =    8-   9 .. Mmps =   36 Nexpo =   21/  21 E = (-1.0163589181,-0.0000000000) Error = 0.00e+00 FLOPS = 2.34e+06 Texpo = 0.08 T = 0.11
 <-- Site =    7-   8 .. Mmps =   39 Nexpo =   21/  21 E = (-1.0163589181,0.0000000000) Error = 0.00e+00 FLOPS = 6.91e+06 Texpo = 0.03 T = 0.05
 <-- Site =    6-   7 .. Mmps =   42 Nexpo =   21/  21 E = (-1.0163589181,0.0000000000) Error = 0.00e+00 FLOPS = 6.04e+07 Texpo = 0.00 T = 0.02
 <-- Site =    5-   6 .. Mmps =   45 Nexpo =   21/  21 E = (-1.0163589181,-0.0000000000) Error = 0.00e+00 FLOPS = 7.40e+06 Texpo = 0.03 T = 0.05
 <-- Site =    4-   5 .. Mmps =   48 Nexpo =   21/  21 E = (-1.0163589181,0.0000000000) Error = 0.00e+00 FLOPS = 2.89e+06 Texpo = 0.08 T = 0.10
 <-- Site =    3-   4 .. Mmps =   51 Nexpo =   21/  21 E = (-1.0163589181,-0.0000000000) Error = 0.00e+00 FLOPS = 7.39e+07 Texpo = 0.00 T = 0.03
 <-- Site =    2-   3 .. Mmps =   54 Nexpo =   21/  21 E = (-1.0163589181,0.0000000000) Error = 0.00e+00 FLOPS = 4.68e+06 Texpo = 0.06 T = 0.08
 <-- Site =    1-   2 .. Mmps =   57 Nexpo =   21/  21 E = (-1.0163589181,0.0000000000) Error = 0.00e+00 FLOPS = 9.19e+06 Texpo = 0.03 T = 0.05
 <-- Site =    0-   1 .. Mmps =   60 Nexpo =   21/   0 E = (-1.0163589181,-0.0000000000) Error = 0.00e+00 FLOPS = 1.50e+06 Texpo = 0.05 T = 0.06
Time elapsed =      1.472 | E = (-1.0163589181,-0.0000000000) | Norm^2 =       1.0000000000 | DW = 0.00e+00
Time sweep =        1.472 | 3.66 MFLOP/SWP
 | Tread = 0.032 | Twrite = 0.023 | Tfpread = 0.014 | Tfpwrite = 0.007 | data = 924 KB | cpsd = 342 KB | Tasync = 0.000
Sweep =    1 | Direction =  forward | Beta = (0.00000,0.05000) | Bond dimension =  100 | Noise =  0.00e+00
 --> Site =    0-   1 .. Mmps =    3 Nexpo =   21/  21 E = (-1.0163589181,0.0000000000) Error = 0.00e+00 FLOPS = 1.19e+06 Texpo = 0.13 T = 0.16
 --> Site =    1-   2 .. Mmps =    5 Nexpo =   21/  21 E = (-1.0163589181,0.0000000000) Error = 0.00e+00 FLOPS = 8.78e+06 Texpo = 0.03 T = 0.10
 --> Site =    2-   3 .. Mmps =    7 Nexpo =   21/  21 E = (-1.0163589181,0.0000000000) Error = 0.00e+00 FLOPS = 3.22e+06 Texpo = 0.08 T = 0.10
 --> Site =    3-   4 .. Mmps =    9 Nexpo =   21/  21 E = (-1.0163589181,0.0000000000) Error = 0.00e+00 FLOPS = 2.00e+06 Texpo = 0.12 T = 0.14
 --> Site =    4-   5 .. Mmps =   11 Nexpo =   21/  21 E = (-1.0163589181,0.0000000000) Error = 0.00e+00 FLOPS = 4.06e+06 Texpo = 0.06 T = 0.08
 --> Site =    5-   6 .. Mmps =   13 Nexpo =   21/  21 E = (-1.0163589181,0.0000000000) Error = 0.00e+00 FLOPS = 4.05e+06 Texpo = 0.05 T = 0.07
 --> Site =    6-   7 .. Mmps =   15 Nexpo =   21/  21 E = (-1.0163589181,0.0000000000) Error = 0.00e+00 FLOPS = 3.92e+06 Texpo = 0.05 T = 0.07
 --> Site =    7-   8 .. Mmps =   17 Nexpo =   21/  21 E = (-1.0163589181,-0.0000000000) Error = 0.00e+00 FLOPS = 3.35e+06 Texpo = 0.06 T = 0.08
 --> Site =    8-   9 .. Mmps =   19 Nexpo =   21/  21 E = (-1.0163589181,0.0000000000) Error = 0.00e+00 FLOPS = 3.18e+06 Texpo = 0.06 T = 0.08
 --> Site =    9-  10 .. Mmps =   21 Nexpo =   21/  21 E = (-1.0163589181,0.0000000000) Error = 0.00e+00 FLOPS = 2.12e+06 Texpo = 0.08 T = 0.10
 --> Site =   10-  11 .. Mmps =   23 Nexpo =   21/  21 E = (-1.0163589181,-0.0000000000) Error = 0.00e+00 FLOPS = 4.62e+07 Texpo = 0.00 T = 0.02
 --> Site =   11-  12 .. Mmps =   25 Nexpo =   21/  21 E = (-1.0163589181,-0.0000000000) Error = 0.00e+00 FLOPS = 9.67e+05 Texpo = 0.16 T = 0.18
 --> Site =   12-  13 .. Mmps =   27 Nexpo =   21/  21 E = (-1.0163589181,0.0000000000) Error = 0.00e+00 FLOPS = 2.82e+06 Texpo = 0.05 T = 0.10
 --> Site =   13-  14 .. Mmps =   29 Nexpo =   21/  21 E = (-1.0163589181,-0.0000000000) Error = 0.00e+00 FLOPS = 2.46e+06 Texpo = 0.06 T = 0.08
 --> Site =   14-  15 .. Mmps =   47 Nexpo =   21/  21 E = (-1.0163589181,-0.0000000000) Error = 0.00e+00 FLOPS = 1.95e+06 Texpo = 0.08 T = 0.10
 --> Site =   15-  16 .. Mmps =   51 Nexpo =   21/  21 E = (-1.0163589181,0.0000000000) Error = 0.00e+00 FLOPS = 1.80e+06 Texpo = 0.14 T = 0.17
 --> Site =   16-  17 .. Mmps =   54 Nexpo =   21/  21 E = (-1.0163589181,-0.0000000000) Error = 0.00e+00 FLOPS = 9.10e+06 Texpo = 0.03 T = 0.05
 --> Site =   17-  18 .. Mmps =   57 Nexpo =   21/  21 E = (-1.0163589181,-0.0000000000) Error = 0.00e+00 FLOPS = 9.80e+06 Texpo = 0.03 T = 0.05
 --> Site =   18-  19 .. Mmps =   60 Nexpo =   21/   0 E = (-1.0163589181,-0.0000000000) Error = 0.00e+00 FLOPS = 4.42e+07 Texpo = 0.00 T = 0.01
Time elapsed =      3.221 | E = (-1.0163589181,-0.0000000000) | Norm^2 =       1.0000000000 | DW = 0.00e+00
Time sweep =        1.749 | 3.66 MFLOP/SWP
 | Tread = 0.046 | Twrite = 0.022 | Tfpread = 0.018 | Tfpwrite = 0.005 | data = 539 KB | cpsd = 206 KB | Tasync = 0.000
T =    0.00000 +    0.80000i <E> =   -1.016358918057052 +   -0.00000i <Norm^2> =    1.000000000000025 +    0.00000i
Sweep =    0 | Direction = backward | Beta = (0.00000,0.05000) | Bond dimension =  100 | Noise =  0.00e+00
 <-- Site =   18-  19 .. Mmps =    3 Nexpo =   21/  21 E = (-1.0163589181,-0.0000000000) Error = 0.00e+00 FLOPS = 1.92e+06 Texpo = 0.08 T = 0.11
 <-- Site =   17-  18 .. Mmps =    5 Nexpo =   21/  21 E = (-1.0163589181,-0.0000000000) Error = 0.00e+00 FLOPS = 9.10e+06 Texpo = 0.03 T = 0.09
 <-- Site =   16-  17 .. Mmps =    7 Nexpo =   21/  21 E = (-1.0163589181,-0.0000000000) Error = 0.00e+00 FLOPS = 4.71e+06 Texpo = 0.06 T = 0.08
 <-- Site =   15-  16 .. Mmps =    9 Nexpo =   21/  21 E = (-1.0163589181,-0.0000000000) Error = 0.00e+00 FLOPS = 3.11e+06 Texpo = 0.08 T = 0.10
 <-- Site =   14-  15 .. Mmps =   17 Nexpo =   21/  21 E = (-1.0163589181,0.0000000000) Error = 0.00e+00 FLOPS = 5.37e+06 Texpo = 0.03 T = 0.05
 <-- Site =   13-  14 .. Mmps =   21 Nexpo =   21/  21 E = (-1.0163589181,0.0000000000) Error = 0.00e+00 FLOPS = 4.11e+07 Texpo = 0.00 T = 0.02
 <-- Site =   12-  13 .. Mmps =   24 Nexpo =   21/  21 E = (-1.0163589181,0.0000000000) Error = 0.00e+00 FLOPS = 2.57e+06 Texpo = 0.06 T = 0.08
 <-- Site =   11-  12 .. Mmps =   27 Nexpo =   21/  21 E = (-1.0163589181,0.0000000000) Error = 0.00e+00 FLOPS = 5.64e+06 Texpo = 0.03 T = 0.05
 <-- Site =   10-  11 .. Mmps =   30 Nexpo =   21/  21 E = (-1.0163589181,-0.0000000000) Error = 0.00e+00 FLOPS = 4.84e+07 Texpo = 0.00 T = 0.02
 <-- Site =    9-  10 .. Mmps =   33 Nexpo =   21/  21 E = (-1.0163589181,-0.0000000000) Error = 0.00e+00 FLOPS = 3.06e+06 Texpo = 0.06 T = 0.08
 <-- Site =    8-   9 .. Mmps =   36 Nexpo =   21/  21 E = (-1.0163589181,-0.0000000000) Error = 0.00e+00 FLOPS = 3.41e+06 Texpo = 0.05 T = 0.10
 <-- Site =    7-   8 .. Mmps =   39 Nexpo =   21/  21 E = (-1.0163589181,-0.0000000000) Error = 0.00e+00 FLOPS = 3.53e+06 Texpo = 0.06 T = 0.07
 <-- Site =    6-   7 .. Mmps =   42 Nexpo =   21/  21 E = (-1.0163589181,0.0000000000) Error = 0.00e+00 FLOPS = 7.30e+06 Texpo = 0.03 T = 0.05
 <-- Site =    5-   6 .. Mmps =   45 Nexpo =   21/  21 E = (-1.0163589181,0.0000000000) Error = 0.00e+00 FLOPS = 2.66e+06 Texpo = 0.08 T = 0.11
 <-- Site =    4-   5 .. Mmps =   48 Nexpo =   21/  21 E = (-1.0163589181,-0.0000000000) Error = 0.00e+00 FLOPS = 7.87e+06 Texpo = 0.03 T = 0.05
 <-- Site =    3-   4 .. Mmps =   51 Nexpo =   21/  21 E = (-1.0163589181,-0.0000000000) Error = 0.00e+00 FLOPS = 2.93e+06 Texpo = 0.09 T = 0.11
 <-- Site =    2-   3 .. Mmps =   54 Nexpo =   21/  21 E = (-1.0163589181,-0.0000000000) Error = 0.00e+00 FLOPS = 7.53e+07 Texpo = 0.00 T = 0.03
 <-- Site =    1-   2 .. Mmps =   57 Nexpo =   21/  21 E = (-1.0163589181,0.0000000000) Error = 0.00e+00 FLOPS = 4.81e+06 Texpo = 0.06 T = 0.08
 <-- Site =    0-   1 .. Mmps =   60 Nexpo =   21/   0 E = (-1.0163589181,0.0000000000) Error = 0.00e+00 FLOPS = 5.01e+07 Texpo = 0.00 T = 0.01
Time elapsed =      1.274 | E = (-1.0163589181,0.0000000000) | Norm^2 =       1.0000000000 | DW = 0.00e+00
Time sweep =        1.274 | 3.66 MFLOP/SWP
 | Tread = 0.036 | Twrite = 0.024 | Tfpread = 0.014 | Tfpwrite = 0.008 | data = 924 KB | cpsd = 342 KB | Tasync = 0.000
Sweep =    1 | Direction =  forward | Beta = (0.00000,0.05000) | Bond dimension =  100 | Noise =  0.00e+00
 --> Site =    0-   1 .. Mmps =    3 Nexpo =   21/  21 E = (-1.0163589181,0.0000000000) Error = 0.00e+00 FLOPS = 1.95e+06 Texpo = 0.08 T = 0.10
 --> Site =    1-   2 .. Mmps =    5 Nexpo =   21/  21 E = (-1.0163589181,-0.0000000000) Error = 0.00e+00 FLOPS = 2.05e+06 Texpo = 0.14 T = 0.16
 --> Site =    2-   3 .. Mmps =    7 Nexpo =   21/  21 E = (-1.0163589181,0.0000000000) Error = 0.00e+00 FLOPS = 3.13e+06 Texpo = 0.08 T = 0.11
 --> Site =    3-   4 .. Mmps =    9 Nexpo =   21/  21 E = (-1.0163589181,-0.0000000000) Error = 0.00e+00 FLOPS = 4.36e+06 Texpo = 0.06 T = 0.08
 --> Site =    4-   5 .. Mmps =   11 Nexpo =   21/  21 E = (-1.0163589181,0.0000000000) Error = 0.00e+00 FLOPS = 7.96e+06 Texpo = 0.03 T = 0.05
 --> Site =    5-   6 .. Mmps =   13 Nexpo =   21/  21 E = (-1.0163589181,0.0000000000) Error = 0.00e+00 FLOPS = 7.25e+06 Texpo = 0.03 T = 0.05
 --> Site =    6-   7 .. Mmps =   15 Nexpo =   21/  21 E = (-1.0163589181,-0.0000000000) Error = 0.00e+00 FLOPS = 3.61e+06 Texpo = 0.06 T = 0.08
 --> Site =    7-   8 .. Mmps =   17 Nexpo =   21/  21 E = (-1.0163589181,-0.0000000000) Error = 0.00e+00 FLOPS = 3.46e+06 Texpo = 0.06 T = 0.08
 --> Site =    8-   9 .. Mmps =   19 Nexpo =   21/  21 E = (-1.0163589181,0.0000000000) Error = 0.00e+00 FLOPS = 1.75e+06 Texpo = 0.11 T = 0.13
 --> Site =    9-  10 .. Mmps =   21 Nexpo =   21/  21 E = (-1.0163589181,-0.0000000000) Error = 0.00e+00 FLOPS = 3.03e+06 Texpo = 0.06 T = 0.08
 --> Site =   10-  11 .. Mmps =   23 Nexpo =   21/  21 E = (-1.0163589181,-0.0000000000) Error = 0.00e+00 FLOPS = 4.08e+07 Texpo = 0.00 T = 0.02
 --> Site =   11-  12 .. Mmps =   25 Nexpo =   21/  21 E = (-1.0163589181,-0.0000000000) Error = 0.00e+00 FLOPS = 4.90e+06 Texpo = 0.03 T = 0.05
 --> Site =   12-  13 .. Mmps =   27 Nexpo =   21/  21 E = (-1.0163589181,0.0000000000) Error = 0.00e+00 FLOPS = 4.67e+06 Texpo = 0.03 T = 0.06
 --> Site =   13-  14 .. Mmps =   29 Nexpo =   21/  21 E = (-1.0163589181,-0.0000000000) Error = 0.00e+00 FLOPS = 4.04e+07 Texpo = 0.00 T = 0.02
 --> Site =   14-  15 .. Mmps =   47 Nexpo =   21/  21 E = (-1.0163589181,-0.0000000000) Error = 0.00e+00 FLOPS = 1.97e+06 Texpo = 0.08 T = 0.11
 --> Site =   15-  16 .. Mmps =   51 Nexpo =   21/  21 E = (-1.0163589181,0.0000000000) Error = 0.00e+00 FLOPS = 3.00e+06 Texpo = 0.08 T = 0.12
 --> Site =   16-  17 .. Mmps =   54 Nexpo =   21/  21 E = (-1.0163589181,-0.0000000000) Error = 0.00e+00 FLOPS = 1.96e+06 Texpo = 0.14 T = 0.16
 --> Site =   17-  18 .. Mmps =   57 Nexpo =   21/  21 E = (-1.0163589181,-0.0000000000) Error = 0.00e+00 FLOPS = 9.04e+06 Texpo = 0.03 T = 0.17
 --> Site =   18-  19 .. Mmps =   60 Nexpo =   21/   0 E = (-1.0163589181,-0.0000000000) Error = 0.00e+00 FLOPS = 1.54e+06 Texpo = 0.05 T = 0.06
Time elapsed =      2.953 | E = (-1.0163589181,-0.0000000000) | Norm^2 =       1.0000000000 | DW = 0.00e+00
Time sweep =        1.678 | 3.66 MFLOP/SWP
 | Tread = 0.041 | Twrite = 0.020 | Tfpread = 0.017 | Tfpwrite = 0.005 | data = 539 KB | cpsd = 209 KB | Tasync = 0.000
T =    0.00000 +    0.90000i <E> =   -1.016358918057052 +   -0.00000i <Norm^2> =    1.000000000000030 +    0.00000i
Sweep =    0 | Direction = backward | Beta = (0.00000,0.05000) | Bond dimension =  100 | Noise =  0.00e+00
 <-- Site =   18-  19 .. Mmps =    3 Nexpo =   21/  21 E = (-1.0163589181,0.0000000000) Error = 0.00e+00 FLOPS = 2.67e+06 Texpo = 0.06 T = 0.08
 <-- Site =   17-  18 .. Mmps =    5 Nexpo =   21/  21 E = (-1.0163589181,-0.0000000000) Error = 0.00e+00 FLOPS = 5.73e+06 Texpo = 0.05 T = 0.10
 <-- Site =   16-  17 .. Mmps =    7 Nexpo =   21/  21 E = (-1.0163589181,0.0000000000) Error = 0.00e+00 FLOPS = 4.49e+06 Texpo = 0.06 T = 0.08
 <-- Site =   15-  16 .. Mmps =    9 Nexpo =   21/  21 E = (-1.0163589181,0.0000000000) Error = 0.00e+00 FLOPS = 3.16e+06 Texpo = 0.08 T = 0.10
 <-- Site =   14-  15 .. Mmps =   17 Nexpo =   21/  21 E = (-1.0163589181,0.0000000000) Error = 0.00e+00 FLOPS = 1.02e+06 Texpo = 0.16 T = 0.18
 <-- Site =   13-  14 .. Mmps =   21 Nexpo =   21/  21 E = (-1.0163589181,0.0000000000) Error = 0.00e+00 FLOPS = 4.68e+06 Texpo = 0.03 T = 0.05
 <-- Site =   12-  13 .. Mmps =   24 Nexpo =   21/  21 E = (-1.0163589181,-0.0000000000) Error = 0.00e+00 FLOPS = 4.86e+06 Texpo = 0.03 T = 0.05
 <-- Site =   11-  12 .. Mmps =   27 Nexpo =   21/  21 E = (-1.0163589181,0.0000000000) Error = 0.00e+00 FLOPS = 2.69e+06 Texpo = 0.06 T = 0.08
 <-- Site =   10-  11 .. Mmps =   30 Nexpo =   21/  21 E = (-1.0163589181,-0.0000000000) Error = 0.00e+00 FLOPS = 1.21e+06 Texpo = 0.14 T = 0.16
 <-- Site =    9-  10 .. Mmps =   33 Nexpo =   21/  21 E = (-1.0163589181,0.0000000000) Error = 0.00e+00 FLOPS = 3.16e+06 Texpo = 0.06 T = 0.08
 <-- Site =    8-   9 .. Mmps =   36 Nexpo =   21/  21 E = (-1.0163589181,-0.0000000000) Error = 0.00e+00 FLOPS = 6.07e+06 Texpo = 0.03 T = 0.05
 <-- Site =    7-   8 .. Mmps =   39 Nexpo =   21/  21 E = (-1.0163589181,-0.0000000000) Error = 0.00e+00 FLOPS = 6.28e+06 Texpo = 0.03 T = 0.05
 <-- Site =    6-   7 .. Mmps =   42 Nexpo =   21/  21 E = (-1.0163589181,-0.0000000000) Error = 0.00e+00 FLOPS = 5.93e+07 Texpo = 0.00 T = 0.02
 <-- Site =    5-   6 .. Mmps =   45 Nexpo =   21/  21 E = (-1.0163589181,-0.0000000000) Error = 0.00e+00 FLOPS = 2.09e+06 Texpo = 0.11 T = 0.13
 <-- Site =    4-   5 .. Mmps =   48 Nexpo =   21/  21 E = (-1.0163589181,-0.0000000000) Error = 0.00e+00 FLOPS = 8.06e+06 Texpo = 0.03 T = 0.05
 <-- Site =    3-   4 .. Mmps =   51 Nexpo =   21/  21 E = (-1.0163589181,-0.0000000000) Error = 0.00e+00 FLOPS = 7.01e+07 Texpo = 0.00 T = 0.03
 <-- Site =    2-   3 .. Mmps =   54 Nexpo =   21/  21 E = (-1.0163589181,0.0000000000) Error = 0.00e+00 FLOPS = 4.62e+06 Texpo = 0.06 T = 0.08
 <-- Site =    1-   2 .. Mmps =   57 Nexpo =   21/  21 E = (-1.0163589181,-0.0000000000) Error = 0.00e+00 FLOPS = 8.54e+07 Texpo = 0.00 T = 0.03
 <-- Site =    0-   1 .. Mmps =   60 Nexpo =   21/   0 E = (-1.0163589181,0.0000000000) Error = 0.00e+00 FLOPS = 3.56e+07 Texpo = 0.00 T = 0.01
Time elapsed =      1.386 | E = (-1.0163589181,0.0000000000) | Norm^2 =       1.0000000000 | DW = 0.00e+00
Time sweep =        1.386 | 3.66 MFLOP/SWP
 | Tread = 0.029 | Twrite = 0.045 | Tfpread = 0.012 | Tfpwrite = 0.009 | data = 924 KB | cpsd = 342 KB | Tasync = 0.000
Sweep =    1 | Direction =  forward | Beta = (0.00000,0.05000) | Bond dimension =  100 | Noise =  0.00e+00
 --> Site =    0-   1 .. Mmps =    3 Nexpo =   21/  21 E = (-1.0163589181,0.0000000000) Error = 0.00e+00 FLOPS = 1.45e+06 Texpo = 0.11 T = 0.13
 --> Site =    1-   2 .. Mmps =    5 Nexpo =   21/  21 E = (-1.0163589181,-0.0000000000) Error = 0.00e+00 FLOPS = 8.11e+07 Texpo = 0.00 T = 0.02
 --> Site =    2-   3 .. Mmps =    7 Nexpo =   21/  21 E = (-1.0163589181,-0.0000000000) Error = 0.00e+00 FLOPS = 3.20e+06 Texpo = 0.08 T = 0.10
 --> Site =    3-   4 .. Mmps =    9 Nexpo =   21/  21 E = (-1.0163589181,-0.0000000000) Error = 0.00e+00 FLOPS = 8.02e+06 Texpo = 0.03 T = 0.05
 --> Site =    4-   5 .. Mmps =   11 Nexpo =   21/  21 E = (-1.0163589181,-0.0000000000) Error = 0.00e+00 FLOPS = 2.91e+06 Texpo = 0.08 T = 0.10
 --> Site =    5-   6 .. Mmps =   13 Nexpo =   21/  21 E = (-1.0163589181,0.0000000000) Error = 0.00e+00 FLOPS = 7.25e+06 Texpo = 0.03 T = 0.05
 --> Site =    6-   7 .. Mmps =   15 Nexpo =   21/  21 E = (-1.0163589181,-0.0000000000) Error = 0.00e+00 FLOPS = 3.80e+06 Texpo = 0.06 T = 0.07
 --> Site =    7-   8 .. Mmps =   17 Nexpo =   21/  21 E = (-1.0163589181,0.0000000000) Error = 0.00e+00 FLOPS = 3.65e+06 Texpo = 0.05 T = 0.07
 --> Site =    8-   9 .. Mmps =   19 Nexpo =   21/  21 E = (-1.0163589181,0.0000000000) Error = 0.00e+00 FLOPS = 6.47e+06 Texpo = 0.03 T = 0.05
 --> Site =    9-  10 .. Mmps =   21 Nexpo =   21/  21 E = (-1.0163589181,-0.0000000000) Error = 0.00e+00 FLOPS = 2.11e+06 Texpo = 0.08 T = 0.10
 --> Site =   10-  11 .. Mmps =   23 Nexpo =   21/  21 E = (-1.0163589181,0.0000000000) Error = 0.00e+00 FLOPS = 2.88e+06 Texpo = 0.06 T = 0.08
 --> Site =   11-  12 .. Mmps =   25 Nexpo =   21/  21 E = (-1.0163589181,0.0000000000) Error = 0.00e+00 FLOPS = 5.33e+06 Texpo = 0.03 T = 0.05
 --> Site =   12-  13 .. Mmps =   27 Nexpo =   21/  21 E = (-1.0163589181,-0.0000000000) Error = 0.00e+00 FLOPS = 1.35e+06 Texpo = 0.11 T = 0.13
 --> Site =   13-  14 .. Mmps =   29 Nexpo =   21/  21 E = (-1.0163589181,-0.0000000000) Error = 0.00e+00 FLOPS = 1.29e+06 Texpo = 0.11 T = 0.13
 --> Site =   14-  15 .. Mmps =   47 Nexpo =   21/  21 E = (-1.0163589181,-0.0000000000) Error = 0.00e+00 FLOPS = 1.96e+06 Texpo = 0.08 T = 0.11
 --> Site =   15-  16 .. Mmps =   51 Nexpo =   21/  21 E = (-1.0163589181,0.0000000000) Error = 0.00e+00 FLOPS = 8.37e+06 Texpo = 0.03 T = 0.05
 --> Site =   16-  17 .. Mmps =   54 Nexpo =   21/  21 E = (-1.0163589181,0.0000000000) Error = 0.00e+00 FLOPS = 8.49e+06 Texpo = 0.03 T = 0.06
 --> Site =   17-  18 .. Mmps =   57 Nexpo =   21/  21 E = (-1.0163589181,-0.0000000000) Error = 0.00e+00 FLOPS = 4.91e+06 Texpo = 0.06 T = 0.08
 --> Site =   18-  19 .. Mmps =   60 Nexpo =   21/   0 E = (-1.0163589181,-0.0000000000) Error = 0.00e+00 FLOPS = 2.86e+06 Texpo = 0.03 T = 0.04
Time elapsed =      2.857 | E = (-1.0163589181,-0.0000000000) | Norm^2 =       1.0000000000 | DW = 0.00e+00
Time sweep =        1.471 | 3.66 MFLOP/SWP
 | Tread = 0.040 | Twrite = 0.021 | Tfpread = 0.017 | Tfpwrite = 0.005 | data = 539 KB | cpsd = 208 KB | Tasync = 0.000
T =    0.00000 +    1.00000i <E> =   -1.016358918057053 +   -0.00000i <Norm^2> =    1.000000000000036 +    0.00000i

Time = 1.00
Total energy = -1.016359-0.000000j
WF norm = 1.000000+0.000000j
<Sz d=14> = -0.500000+0.000000j
<Sz d=15> = -0.500000-0.000000j
<C[14, 15]> = 0.000000
Total <occ_> = 1.000000
Total <sz_> = 0.500000
Total <Sdz_> = -1.000000
Total <pur_> = 1.000000
Total <conc_> = nan

Time = 2.00
Total energy = -1.016359-0.000000j
WF norm = 1.000000-0.000000j
<Sz d=14> = -0.500000-0.000000j
<Sz d=15> = -0.500000-0.000000j
<C[14, 15]> = 0.000000
Total <occ_> = 1.000000
Total <sz_> = 0.500000
Total <Sdz_> = -1.000000
Total <pur_> = 1.000000
Total <conc_> = nan

Time = 3.00
Total energy = -1.016359+0.000000j
WF norm = 1.000000+0.000000j
<Sz d=14> = -0.500000-0.000000j
<Sz d=15> = -0.500000+0.000000j
<C[14, 15]> = 0.000000
Total <occ_> = 1.000000
Total <sz_> = 0.500000
Total <Sdz_> = -1.000000
Total <pur_> = 1.000000
Total <conc_> = nan

Time = 4.00
Total energy = -1.016359+0.000000j
WF norm = 1.000000-0.000000j
<Sz d=14> = -0.500000-0.000000j
<Sz d=15> = -0.500000+0.000000j
<C[14, 15]> = 0.000000
Total <occ_> = 1.000000
Total <sz_> = 0.500000
Total <Sdz_> = -1.000000
Total <pur_> = 1.000000
Total <conc_> = nan

Time = 5.00
Total energy = -1.016359+0.000000j
WF norm = 1.000000-0.000000j
<Sz d=14> = -0.500000-0.000000j
<Sz d=15> = -0.500000-0.000000j
<C[14, 15]> = 0.000000
Total <occ_> = 1.000000
Total <sz_> = 0.500000
Total <Sdz_> = -1.000000
Total <pur_> = 1.000000
Total <conc_> = nan

Time = 6.00
Total energy = -1.016359+0.000000j
WF norm = 1.000000+0.000000j
<Sz d=14> = -0.500000-0.000000j
<Sz d=15> = -0.500000+0.000000j
<C[14, 15]> = 0.000000
Total <occ_> = 1.000000
Total <sz_> = 0.500000
Total <Sdz_> = -1.000000
Total <pur_> = 1.000000
Total <conc_> = nan

Time = 7.00
Total energy = -1.016359-0.000000j
WF norm = 1.000000-0.000000j
<Sz d=14> = -0.500000+0.000000j
<Sz d=15> = -0.500000+0.000000j
<C[14, 15]> = 0.000000
Total <occ_> = 1.000000
Total <sz_> = 0.500000
Total <Sdz_> = -1.000000
Total <pur_> = 1.000000
Total <conc_> = nan

Time = 8.00
Total energy = -1.016359+0.000000j
WF norm = 1.000000+0.000000j
<Sz d=14> = -0.500000-0.000000j
<Sz d=15> = -0.500000-0.000000j
<C[14, 15]> = 0.000000
Total <occ_> = 1.000000
Total <sz_> = 0.500000
Total <Sdz_> = -1.000000
Total <pur_> = 1.000000
Total <conc_> = nan

Time = 9.00
Total energy = -1.016359+0.000000j
WF norm = 1.000000+0.000000j
<Sz d=14> = -0.500000-0.000000j
<Sz d=15> = -0.500000+0.000000j
<C[14, 15]> = 0.000000
Total <occ_> = 1.000000
Total <sz_> = 0.500000
Total <Sdz_> = -1.000000
Total <pur_> = 1.000000
Total <conc_> = nan

Time = 10.00
Total energy = -1.016359+0.000000j
WF norm = 1.000000+0.000000j
<Sz d=14> = -0.500000-0.000000j
<Sz d=15> = -0.500000+0.000000j
<C[14, 15]> = 0.000000
Total <occ_> = 1.000000
Total <sz_> = 0.500000
Total <Sdz_> = -1.000000
Total <pur_> = 1.000000
Total <conc_> = nan

Time = 11.00
Total energy = -1.016359+0.000000j
WF norm = 1.000000-0.000000j
<Sz d=14> = -0.500000+0.000000j
<Sz d=15> = -0.500000+0.000000j
<C[14, 15]> = 0.000000
Total <occ_> = 1.000000
Total <sz_> = 0.500000
Total <Sdz_> = -1.000000
Total <pur_> = 1.000000
Total <conc_> = nan

Time = 12.00
Total energy = -1.016359-0.000000j
WF norm = 1.000000+0.000000j
<Sz d=14> = -0.500000-0.000000j
<Sz d=15> = -0.500000-0.000000j
<C[14, 15]> = 0.000000
Total <occ_> = 1.000000
Total <sz_> = 0.500000
Total <Sdz_> = -1.000000
Total <pur_> = 1.000000
Total <conc_> = nan
>>> Time evol compute time = 653.23
stop time: 
Tue Jan 23 10:16:43 EST 2024
