#### SLURM ####
pwd: 
/blue/m2qm-efrc/cpbunker/GitHub/transport
host: 
c0709a-s6.ufhpc
# conda environments:
#
base                     /apps/conda/23.3.1
block                 *  /blue/m2qm-efrc/cpbunker/condaenvs/block


#### PYTHON ####
start time: 
Wed Nov  1 21:50:13 EDT 2023

Overwritten attributes  get_ovlp get_hcore  of <class 'pyscf.scf.uhf.UHF'>
>>> PWD:  /blue/m2qm-efrc/cpbunker/GitHub/transport
>>> Do FCI  =  True
>>> Do DMRG =  True
j - d site pairs =  [(4, 5), (6, 7)]
H_1e = 
[[-51.   0.  -1.   0.   0.   0.   0.   0.   0.   0.   0.   0.]
 [  0.  49.   0.  -1.   0.   0.   0.   0.   0.   0.   0.   0.]
 [ -1.   0. -51.   0.  -1.   0.   0.   0.   0.   0.   0.   0.]
 [  0.  -1.   0.  49.   0.  -1.   0.   0.   0.   0.   0.   0.]
 [  0.   0.  -1.   0. -51.   0.  -1.   0.   0.   0.   0.   0.]
 [  0.   0.   0.  -1.   0.  49.   0.  -1.   0.   0.   0.   0.]
 [  0.   0.   0.   0.  -1.   0. -51.   0.  -1.   0.   0.   0.]
 [  0.   0.   0.   0.   0.  -1.   0.  49.   0.  -1.   0.   0.]
 [  0.   0.   0.   0.   0.   0.  -1.   0.   0.   0.   0.   0.]
 [  0.   0.   0.   0.   0.   0.   0.  -1.   0.   0.   0.   0.]
 [  0.   0.   0.   0.   0.   0.   0.   0.   0.   0.  48.   0.]
 [  0.   0.   0.   0.   0.   0.   0.   0.   0.   0.   0. -52.]]
[[  0.   0.   0.   0.  -1.   0.   0.   0.   0.   0.   0.   0.]
 [  0.   0.   0.   0.   0.  -1.   0.   0.   0.   0.   0.   0.]
 [  0.   0.  48.   0.   0.   0.   0.   0.   0.   0.   0.   0.]
 [  0.   0.   0. -52.   0.   0.   0.   0.   0.   0.   0.   0.]
 [ -1.   0.   0.   0.   0.   0.  -1.   0.   0.   0.   0.   0.]
 [  0.  -1.   0.   0.   0.   0.   0.  -1.   0.   0.   0.   0.]
 [  0.   0.   0.   0.  -1.   0.   0.   0.  -1.   0.   0.   0.]
 [  0.   0.   0.   0.   0.  -1.   0.   0.   0.  -1.   0.   0.]
 [  0.   0.   0.   0.   0.   0.  -1.   0.   0.   0.  -1.   0.]
 [  0.   0.   0.   0.   0.   0.   0.  -1.   0.   0.   0.  -1.]
 [  0.   0.   0.   0.   0.   0.   0.   0.  -1.   0.   0.   0.]
 [  0.   0.   0.   0.   0.   0.   0.   0.   0.  -1.   0.   0.]]

UHF energy calculation
converged SCF energy = -208.245740329445  <S^2> = 6  2S+1 = 5
Ground state energy (FCI) = -208.245740
Manually computed energy (FCI) = -208.245740
Environment initialization | Nsites =    12 | Center =     0
 INIT-R <-- Site =    9 ..  Bmem =   256 B Rmem =   256 B T = 0.20
 INIT-R <-- Site =    8 ..  Bmem = 3.19 KB Rmem = 3.19 KB T = 0.02
 INIT-R <-- Site =    7 ..  Bmem = 37.5 KB Rmem = 37.5 KB T = 0.00
 INIT-R <-- Site =    6 ..  Bmem =  475 KB Rmem =  475 KB T = 0.06
 INIT-R <-- Site =    5 ..  Bmem = 9.42 MB Rmem = 3.33 MB T = 0.12
 INIT-R <-- Site =    4 ..  Bmem = 29.6 MB Rmem = 1.84 MB T = 0.06
 INIT-R <-- Site =    3 ..  Bmem = 39.9 MB Rmem = 2.47 MB T = 0.10
 INIT-R <-- Site =    2 ..  Bmem = 22.8 MB Rmem = 1.44 MB T = 0.08
 INIT-R <-- Site =    1 ..  Bmem = 20.9 MB Rmem = 1.33 MB T = 0.08
 INIT-R <-- Site =    0 ..  Bmem = 19.4 MB Rmem = 1.23 MB T = 0.05
Time init sweep =        0.782 | MaxBmem = 39.9 MB | MaxRmem = 2.47 MB
 | Tread = 0.000 | Twrite = 0.301 | Tfpread = 0.000 | Tfpwrite = 0.295 | data = 12.1 MB | cpsd = 7.98 MB | Tasync = 0.000


Sweep =    0 | Direction =  forward | Bond dimension =  600 | Noise =  1.00e-04 | Dav threshold =  1.00e-06
 --> Site =    0-   1 .. Mmps =    4 Ndav =  12 E =    -59.0438966727 Error = 0.00e+00 FLOPS = 1.18e+04 Tdav = 0.37 T = 0.68
 --> Site =    1-   2 .. Mmps =   16 Ndav =   7 E =    -92.0863443746 Error = 0.00e+00 FLOPS = 1.02e+07 Tdav = 0.00 T = 0.07
 --> Site =    2-   3 .. Mmps =   49 Ndav =   8 E =   -126.0272752130 Error = 0.00e+00 FLOPS = 4.62e+07 Tdav = 0.00 T = 0.03
 --> Site =    3-   4 .. Mmps =  121 Ndav =   6 E =   -130.0423792289 Error = 0.00e+00 FLOPS = 1.57e+08 Tdav = 0.00 T = 0.04
 --> Site =    4-   5 .. Mmps =  256 Ndav =   7 E =   -156.3898091958 Error = 0.00e+00 FLOPS = 4.44e+08 Tdav = 0.00 T = 0.12
 --> Site =    5-   6 .. Mmps =  484 Ndav =  11 E =   -168.6854560304 Error = 0.00e+00 FLOPS = 6.70e+08 Tdav = 0.02 T = 0.16
 --> Site =    6-   7 .. Mmps =  600 Ndav =   5 E =   -208.2457404032 Error = 0.00e+00 FLOPS = 1.01e+09 Tdav = 0.02 T = 0.29
 --> Site =    7-   8 .. Mmps =  600 Ndav =   1 E =   -208.2457404032 Error = 2.01e-43 FLOPS = 7.26e+08 Tdav = 0.00 T = 0.57
 --> Site =    8-   9 .. Mmps =  600 Ndav =   1 E =   -208.2457404032 Error = 1.55e-53 FLOPS = 7.00e+08 Tdav = 0.00 T = 0.47
 --> Site =    9-  10 .. Mmps =  600 Ndav =   1 E =   -208.2457404032 Error = 4.20e-65 FLOPS = 7.68e+08 Tdav = 0.00 T = 0.36
 --> Site =   10-  11 .. Mmps =  600 Ndav =   1 E =   -208.2457404032 Error = 0.00e+00 FLOPS = 5.03e+08 Tdav = 0.00 T = 0.37
Time elapsed =      3.163 | E =    -208.2457404032 | DW = 2.01e-43
Time sweep =        3.163 | 43.5 MFLOP/SWP
 | Dmem = 10.7 MB (1%) | Imem = 88.7 KB (87%) | Hmem = 67.9 MB | Pmem = 580 KB
 | Tread = 0.197 | Twrite = 0.435 | Tfpread = 0.176 | Tfpwrite = 0.430 | Tmporead = 0.000 | Tasync = 0.000
 | data = 37.0 MB | cpsd = 11.8 MB
 | Trot = 0.400 | Tctr = 0.138 | Tint = 0.085 | Tmid = 0.000 | Tdctr = 0.137 | Tdiag = 0.109 | Tinfo = 0.009
 | Teff = 0.543 | Tprt = 0.094 | Teig = 0.434 | Tblk = 2.070 | Tmve = 1.090 | Tdm = 0.050 | Tsplt = 0.826 | Tsvd = 0.000 | Torth = 0.001

Sweep =    1 | Direction = backward | Bond dimension =  700 | Noise =  1.00e-05 | Dav threshold =  1.00e-06
 <-- Site =   10-  11 .. Mmps =    4 Ndav =   1 E =   -208.2457404032 Error = 0.00e+00 FLOPS = 4.65e+08 Tdav = 0.00 T = 0.06
 <-- Site =    9-  10 .. Mmps =   16 Ndav =   1 E =   -208.2457404032 Error = 0.00e+00 FLOPS = 7.95e+08 Tdav = 0.00 T = 0.05
 <-- Site =    8-   9 .. Mmps =   49 Ndav =   1 E =   -208.2457404032 Error = 0.00e+00 FLOPS = 5.98e+08 Tdav = 0.00 T = 0.06
 <-- Site =    7-   8 .. Mmps =  121 Ndav =   1 E =   -208.2457404032 Error = 0.00e+00 FLOPS = 4.15e+08 Tdav = 0.01 T = 0.07
 <-- Site =    6-   7 .. Mmps =  256 Ndav =   1 E =   -208.2457404032 Error = 0.00e+00 FLOPS = 5.91e+08 Tdav = 0.01 T = 0.11
 <-- Site =    5-   6 .. Mmps =  484 Ndav =   1 E =   -208.2457404032 Error = 0.00e+00 FLOPS = 7.20e+08 Tdav = 0.00 T = 0.09
 <-- Site =    4-   5 .. Mmps =  700 Ndav =   1 E =   -208.2457404032 Error = 0.00e+00 FLOPS = 7.08e+08 Tdav = 0.01 T = 0.25
 <-- Site =    3-   4 .. Mmps =  700 Ndav =   1 E =   -208.2457404032 Error = 5.72e-73 FLOPS = 8.42e+08 Tdav = 0.00 T = 0.54
 <-- Site =    2-   3 .. Mmps =  700 Ndav =   1 E =   -208.2457404032 Error = 1.65e-72 FLOPS = 4.24e+08 Tdav = 0.01 T = 0.53
 <-- Site =    1-   2 .. Mmps =  700 Ndav =   1 E =   -208.2457404032 Error = 0.00e+00 FLOPS = 5.01e+08 Tdav = 0.00 T = 0.58
 <-- Site =    0-   1 .. Mmps =  700 Ndav =   1 E =   -208.2457404032 Error = 0.00e+00 FLOPS = 6.38e+08 Tdav = 0.00 T = 0.53
Time elapsed =      6.053 | E =    -208.2457404032 | DE = 0.00e+00 | DW = 1.65e-72
Time sweep =        2.890 | 29.4 MFLOP/SWP
 | Dmem = 15.5 MB (0%) | Imem = 14.5 KB (94%) | Hmem = 94.2 MB | Pmem = 571 KB
 | Tread = 0.039 | Twrite = 0.492 | Tfpread = 0.035 | Tfpwrite = 0.486 | Tmporead = 0.000 | Tasync = 0.000
 | data = 49.9 MB | cpsd = 14.1 MB
 | Trot = 0.599 | Tctr = 0.118 | Tint = 0.105 | Tmid = 0.000 | Tdctr = 0.029 | Tdiag = 0.003 | Tinfo = 0.011
 | Teff = 0.349 | Tprt = 0.040 | Teig = 0.053 | Tblk = 1.534 | Tmve = 1.329 | Tdm = 0.012 | Tsplt = 0.981 | Tsvd = 0.000 | Torth = 0.000

Sweep =    2 | Direction =  forward | Bond dimension =  800 | Noise =  0.00e+00 | Dav threshold =  1.00e-06
 --> Site =    0-   1 .. Mmps =    4 Ndav =   1 E =   -208.2457404032 Error = 0.00e+00 FLOPS = 7.42e+08 Tdav = 0.00 T = 0.05
 --> Site =    1-   2 .. Mmps =   16 Ndav =   1 E =   -208.2457404032 Error = 0.00e+00 FLOPS = 7.61e+08 Tdav = 0.00 T = 0.09
 --> Site =    2-   3 .. Mmps =   49 Ndav =   1 E =   -208.2457404032 Error = 0.00e+00 FLOPS = 7.01e+08 Tdav = 0.00 T = 0.11
 --> Site =    3-   4 .. Mmps =  121 Ndav =   1 E =   -208.2457404032 Error = 0.00e+00 FLOPS = 8.87e+08 Tdav = 0.00 T = 0.13
 --> Site =    4-   5 .. Mmps =  256 Ndav =   1 E =   -208.2457404032 Error = 0.00e+00 FLOPS = 4.72e+08 Tdav = 0.01 T = 0.09
 --> Site =    5-   6 .. Mmps =  484 Ndav =   1 E =   -208.2457404032 Error = 0.00e+00 FLOPS = 3.14e+08 Tdav = 0.01 T = 0.10
 --> Site =    6-   7 .. Mmps =  800 Ndav =   1 E =   -208.2457404032 Error = 0.00e+00 FLOPS = 5.83e+08 Tdav = 0.01 T = 0.23
 --> Site =    7-   8 .. Mmps =  800 Ndav =   1 E =   -208.2457404032 Error = 0.00e+00 FLOPS = 8.99e+08 Tdav = 0.01 T = 0.84
 --> Site =    8-   9 .. Mmps =  800 Ndav =   1 E =   -208.2457404032 Error = 0.00e+00 FLOPS = 8.24e+08 Tdav = 0.00 T = 0.83
 --> Site =    9-  10 .. Mmps =  800 Ndav =   1 E =   -208.2457404032 Error = 0.00e+00 FLOPS = 7.11e+08 Tdav = 0.00 T = 0.85
 --> Site =   10-  11 .. Mmps =  800 Ndav =   1 E =   -208.2457404032 Error = 0.00e+00 FLOPS = 4.01e+08 Tdav = 0.00 T = 0.87
Time elapsed =     10.248 | E =    -208.2457404032 | DE = -8.53e-14 | DW = 0.00e+00
Time sweep =        4.195 | 31.6 MFLOP/SWP
 | Dmem = 21.5 MB (0%) | Imem = 14.5 KB (94%) | Hmem = 111 MB | Pmem = 0 B
 | Tread = 0.501 | Twrite = 0.495 | Tfpread = 0.473 | Tfpwrite = 0.489 | Tmporead = 0.000 | Tasync = 0.000
 | data = 77.2 MB | cpsd = 21.2 MB
 | Trot = 1.076 | Tctr = 0.139 | Tint = 0.122 | Tmid = 0.000 | Tdctr = 0.288 | Tdiag = 0.013 | Tinfo = 0.018
 | Teff = 0.858 | Tprt = 0.000 | Teig = 0.053 | Tblk = 2.340 | Tmve = 1.855 | Tdm = 0.005 | Tsplt = 1.313 | Tsvd = 0.000 | Torth = 0.000

Ground state energy (DMRG) = -208.245740
Manually computed energy (DMRG) = -208.245740-0.000000j
>>> Init compute time (FCI = True, DMRG=True) = 33.607707500457764
Site 5 <Sz> (FCI) = -0.500000
Site 7 <Sz> (FCI) = -0.500000
C[5, 7] =  nan
Site 5 <Sz> (DMRG) = -0.500000-0.000000j
Site 7 <Sz> (DMRG) = -0.500000-0.000000j
C[5, 7] =  2.1581848788422493e-13
j - d site pairs =  [(4, 5), (6, 7)]
H_1e_dyn = 
[[ 0.  0. -1.  0.  0.  0.  0.  0.  0.  0.  0.  0.]
 [ 0.  0.  0. -1.  0.  0.  0.  0.  0.  0.  0.  0.]
 [-1.  0.  0.  0. -1.  0.  0.  0.  0.  0.  0.  0.]
 [ 0. -1.  0.  0.  0. -1.  0.  0.  0.  0.  0.  0.]
 [ 0.  0. -1.  0.  0.  0. -1.  0.  0.  0.  0.  0.]
 [ 0.  0.  0. -1.  0.  0.  0. -1.  0.  0.  0.  0.]
 [ 0.  0.  0.  0. -1.  0.  0.  0. -1.  0.  0.  0.]
 [ 0.  0.  0.  0.  0. -1.  0.  0.  0. -1.  0.  0.]
 [ 0.  0.  0.  0.  0.  0. -1.  0.  0.  0.  0.  0.]
 [ 0.  0.  0.  0.  0.  0.  0. -1.  0.  0.  0.  0.]
 [ 0.  0.  0.  0.  0.  0.  0.  0.  0.  0.  0.  0.]
 [ 0.  0.  0.  0.  0.  0.  0.  0.  0.  0.  0.  0.]]
[[ 0.  0.  0.  0. -1.  0.  0.  0.  0.  0.  0.  0.]
 [ 0.  0.  0.  0.  0. -1.  0.  0.  0.  0.  0.  0.]
 [ 0.  0.  0.  0.  0.  0.  0.  0.  0.  0.  0.  0.]
 [ 0.  0.  0.  0.  0.  0.  0.  0.  0.  0.  0.  0.]
 [-1.  0.  0.  0.  0.  0. -1.  0.  0.  0.  0.  0.]
 [ 0. -1.  0.  0.  0.  0.  0. -1.  0.  0.  0.  0.]
 [ 0.  0.  0.  0. -1.  0.  0.  0. -1.  0.  0.  0.]
 [ 0.  0.  0.  0.  0. -1.  0.  0.  0. -1.  0.  0.]
 [ 0.  0.  0.  0.  0.  0. -1.  0.  0.  0. -1.  0.]
 [ 0.  0.  0.  0.  0.  0.  0. -1.  0.  0.  0. -1.]
 [ 0.  0.  0.  0.  0.  0.  0.  0. -1.  0.  0.  0.]
 [ 0.  0.  0.  0.  0.  0.  0.  0.  0. -1.  0.  0.]]
j - d site pairs =  [(4, 5), (6, 7)]
>>> Evol1 compute time (FCI = True, DMRG=True) = 579.5430572032928
Site 5 <Sz> (FCI) = -0.499067
Site 7 <Sz> (FCI) = -0.499663
C[5, 7] =  nan
Site 5 <Sz> (DMRG) = -0.495383-0.000000j
Site 7 <Sz> (DMRG) = -0.499448-0.000000j
C[5, 7] =  0.0012819615891218007
>>> Evol2 compute time (FCI = True, DMRG=True) = 579.5329616069794
Site 5 <Sz> (FCI) = -0.495571
Site 7 <Sz> (FCI) = -0.497876
C[5, 7] =  nan
Site 5 <Sz> (DMRG) = -0.479729+0.000000j
Site 7 <Sz> (DMRG) = -0.490171+0.000000j
C[5, 7] =  0.006597612513348234
>>> Evol3 compute time (FCI = True, DMRG=True) = 602.7610440254211
Site 5 <Sz> (FCI) = -0.490942
Site 7 <Sz> (FCI) = -0.496676
C[5, 7] =  nan
Site 5 <Sz> (DMRG) = -0.462243-0.000000j
Site 7 <Sz> (DMRG) = -0.478628-0.000000j
C[5, 7] =  0.005775423716316446
Site 5 <Sz> (FCI) = -0.484624
Site 7 <Sz> (FCI) = -0.495535
C[5, 7] =  nan
Site 5 <Sz> (DMRG) = -0.443975+0.000000j
Site 7 <Sz> (DMRG) = -0.463580-0.000000j
C[5, 7] =  0.0036179210391633874
Site 5 <Sz> (FCI) = -0.477653
Site 7 <Sz> (FCI) = -0.494203
C[5, 7] =  nan
Site 5 <Sz> (DMRG) = -0.427170-0.000000j
Site 7 <Sz> (DMRG) = -0.449936-0.000000j
C[5, 7] =  0.01400617375815273
Site 5 <Sz> (FCI) = -0.470265
Site 7 <Sz> (FCI) = -0.492754
C[5, 7] =  nan
Site 5 <Sz> (DMRG) = -0.407317+0.000000j
Site 7 <Sz> (DMRG) = -0.435170+0.000000j
C[5, 7] =  0.019997186703400276
stop time: 
Wed Nov  1 23:02:29 EDT 2023
