#### SLURM ####
pwd: 
/blue/m2qm-efrc/cpbunker/GitHub/transport
host: 
c0706a-s3.ufhpc
# conda environments:
#
base                     /apps/conda/23.3.1
block2                *  /blue/m2qm-efrc/cpbunker/condaenvs/block2
plot                     /blue/m2qm-efrc/cpbunker/condaenvs/plot

#### PYTHON ####
start time: 
Sun Mar 24 10:39:07 EDT 2024

>>> PWD:  /blue/m2qm-efrc/cpbunker/GitHub/transport
>>> Params =  {'sys_type': 'SIETS', 'symmetry': 'Sz', 'plot': 0, 'tl': 1.0, 'th': 0.4, 'Delta': 0.0, 'Vb': 0.01, 'Jz': 0.0, 'Jx': 0.0, 'Jsd': 0.5, 'BFM': -100.0, 'NL': 15, 'NFM': 1, 'NR': 16, 'TwoSd': 1, 'bdim_0': [200, 200, 200, 300, 300], 'bdim_t': [400], 'noises': [0.01, 0.001, 0.0001, 1e-05, 0.0], 'dmrg_sweeps': 20, 'cutoff': -1.0, 'te_type': 'tdvp', 'time_step': 0.1, 'tupdate': 1.0, 'Nupdates': 30}
TwoSdz_ladder =
 [ 1 -1]
four_Sdz = 
 [[ 0.5  0.   0.   0.   0.   0.   0.   0. ]
 [ 0.  -0.5  0.  -0.   0.  -0.   0.  -0. ]
 [ 0.   0.   0.5  0.   0.   0.   0.   0. ]
 [ 0.  -0.   0.  -0.5  0.  -0.   0.  -0. ]
 [ 0.   0.   0.   0.   0.5  0.   0.   0. ]
 [ 0.  -0.   0.  -0.   0.  -0.5  0.  -0. ]
 [ 0.   0.   0.   0.   0.   0.   0.5  0. ]
 [ 0.  -0.   0.  -0.   0.  -0.   0.  -0.5]]
four_Sdminus = 
 [[0. 0. 0. 0. 0. 0. 0. 0.]
 [1. 0. 0. 0. 0. 0. 0. 0.]
 [0. 0. 0. 0. 0. 0. 0. 0.]
 [0. 0. 1. 0. 0. 0. 0. 0.]
 [0. 0. 0. 0. 0. 0. 0. 0.]
 [0. 0. 0. 0. 1. 0. 0. 0.]
 [0. 0. 0. 0. 0. 0. 0. 0.]
 [0. 0. 0. 0. 0. 0. 1. 0.]]
four_Sdplus = 
 [[0. 1. 0. 0. 0. 0. 0. 0.]
 [0. 0. 0. 0. 0. 0. 0. 0.]
 [0. 0. 0. 1. 0. 0. 0. 0.]
 [0. 0. 0. 0. 0. 0. 0. 0.]
 [0. 0. 0. 0. 0. 1. 0. 0.]
 [0. 0. 0. 0. 0. 0. 0. 0.]
 [0. 0. 0. 0. 0. 0. 0. 1.]
 [0. 0. 0. 0. 0. 0. 0. 0.]]
>>> (0, 1, 0)
>>> (0, -1, 0)
>>> (1, 2, 0)
>>> (1, 0, 0)
>>> (1, -2, 0)
>>> (2, 1, 0)
>>> (2, -1, 0)

 ######################################## 
Constructed builder
 ######################################## 

Environment initialization | Nsites =    32 | Center =     0
 INIT-R <-- Site =   29 ..  Bmem =   256 B Rmem =   256 B T = 0.83
 INIT-R <-- Site =   28 ..  Bmem = 3.19 KB Rmem = 3.19 KB T = 0.85
 INIT-R <-- Site =   27 ..  Bmem = 37.5 KB Rmem = 37.5 KB T = 0.24
 INIT-R <-- Site =   26 ..  Bmem =  475 KB Rmem =  311 KB T = 0.25
 INIT-R <-- Site =   25 ..  Bmem = 4.06 MB Rmem =  252 KB T = 0.18
 INIT-R <-- Site =   24 ..  Bmem = 3.36 MB Rmem =  219 KB T = 1.70
 INIT-R <-- Site =   23 ..  Bmem = 3.00 MB Rmem =  186 KB T = 0.58
 INIT-R <-- Site =   22 ..  Bmem = 2.61 MB Rmem =  172 KB T = 0.21
 INIT-R <-- Site =   21 ..  Bmem = 2.45 MB Rmem =  180 KB T = 0.47
 INIT-R <-- Site =   20 ..  Bmem = 2.57 MB Rmem =  159 KB T = 0.66
 INIT-R <-- Site =   19 ..  Bmem = 2.31 MB Rmem =  156 KB T = 0.93
 INIT-R <-- Site =   18 ..  Bmem = 2.27 MB Rmem =  141 KB T = 0.46
 INIT-R <-- Site =   17 ..  Bmem = 2.08 MB Rmem =  131 KB T = 0.45
 INIT-R <-- Site =   16 ..  Bmem = 1.93 MB Rmem =  130 KB T = 0.58
 INIT-R <-- Site =   15 ..  Bmem = 1.92 MB Rmem =  119 KB T = 1.02
 INIT-R <-- Site =   14 ..  Bmem = 1.78 MB Rmem =  126 KB T = 0.46
 INIT-R <-- Site =   13 ..  Bmem = 7.18 MB Rmem =  127 KB T = 0.31
 INIT-R <-- Site =   12 ..  Bmem = 1.91 MB Rmem =  130 KB T = 0.54
 INIT-R <-- Site =   11 ..  Bmem = 1.94 MB Rmem = 99.4 KB T = 0.73
 INIT-R <-- Site =   10 ..  Bmem = 1.50 MB Rmem = 87.3 KB T = 0.58
 INIT-R <-- Site =    9 ..  Bmem = 1.33 MB Rmem =  102 KB T = 0.68
 INIT-R <-- Site =    8 ..  Bmem = 1.55 MB Rmem = 61.3 KB T = 0.70
 INIT-R <-- Site =    7 ..  Bmem =  952 KB Rmem = 66.6 KB T = 0.93
 INIT-R <-- Site =    6 ..  Bmem = 1.01 MB Rmem = 72.1 KB T = 0.84
 INIT-R <-- Site =    5 ..  Bmem = 1.10 MB Rmem = 77.8 KB T = 0.02
 INIT-R <-- Site =    4 ..  Bmem = 1.18 MB Rmem = 83.8 KB T = 0.05
 INIT-R <-- Site =    3 ..  Bmem = 1.28 MB Rmem = 90.0 KB T = 0.16
 INIT-R <-- Site =    2 ..  Bmem = 1.37 MB Rmem = 96.3 KB T = 0.62
 INIT-R <-- Site =    1 ..  Bmem = 1.47 MB Rmem =  103 KB T = 0.73
 INIT-R <-- Site =    0 ..  Bmem = 1.57 MB Rmem =  110 KB T = 0.14
Time init sweep =       16.929 | MaxBmem = 7.18 MB | MaxRmem =  127 KB
 | Tread = 0.000 | Twrite = 11.500 | Tfpread = 0.000 | Tfpwrite = 6.099 | data = 3.54 MB | cpsd = 2.36 MB | Tasync = 0.000


Sweep =    0 | Direction =  forward | Bond dimension =  200 | Noise =  1.00e-02 | Dav threshold =  1.00e-06
 --> Site =    0-   1 .. Mmps =    4 Ndav =  12 E =     -8.9966200534 Error = 0.00e+00 FLOPS = 3.02e+03 Tdav = 0.95 T = 2.39
 --> Site =    1-   2 .. Mmps =   16 Ndav =  15 E =    -10.6164200013 Error = 0.00e+00 FLOPS = 1.30e+06 Tdav = 0.02 T = 0.52
 --> Site =    2-   3 .. Mmps =   64 Ndav =  19 E =    -13.1803664085 Error = 0.00e+00 FLOPS = 9.17e+05 Tdav = 0.28 T = 0.97
 --> Site =    3-   4 .. Mmps =  200 Ndav =  20 E =    -15.3875298174 Error = 2.74e-15 FLOPS = 4.21e+07 Tdav = 0.06 T = 1.38
 --> Site =    4-   5 .. Mmps =  200 Ndav =  22 E =    -17.2306747167 Error = 2.12e-11 FLOPS = 8.64e+07 Tdav = 0.25 T = 1.83
 --> Site =    5-   6 .. Mmps =  200 Ndav =  18 E =    -19.9382195484 Error = 2.87e-11 FLOPS = 1.19e+08 Tdav = 0.13 T = 1.05
 --> Site =    6-   7 .. Mmps =  200 Ndav =  17 E =    -22.1205295751 Error = 1.26e-11 FLOPS = 1.30e+08 Tdav = 0.11 T = 2.77
 --> Site =    7-   8 .. Mmps =  200 Ndav =  20 E =    -23.6051870448 Error = 9.72e-11 FLOPS = 1.21e+08 Tdav = 0.14 T = 1.34
 --> Site =    8-   9 .. Mmps =  200 Ndav =  26 E =    -25.0024067155 Error = 6.02e-10 FLOPS = 8.84e+07 Tdav = 0.23 T = 3.61
 --> Site =    9-  10 .. Mmps =  200 Ndav =  23 E =    -28.6440886923 Error = 2.62e-10 FLOPS = 1.04e+08 Tdav = 0.40 T = 1.20
 --> Site =   10-  11 .. Mmps =  200 Ndav =  25 E =    -31.7922827299 Error = 1.25e-10 FLOPS = 8.73e+07 Tdav = 0.54 T = 4.30
 --> Site =   11-  12 .. Mmps =  200 Ndav =  31 E =    -41.4599515786 Error = 5.25e-12 FLOPS = 6.65e+07 Tdav = 1.30 T = 1.96
 --> Site =   12-  13 .. Mmps =  200 Ndav =  25 E =    -46.8924137541 Error = 1.91e-13 FLOPS = 9.30e+07 Tdav = 0.82 T = 3.10
 --> Site =   13-  14 .. Mmps =  200 Ndav =  57 E =    -60.4386725752 Error = 3.06e-13 FLOPS = 6.72e+07 Tdav = 2.34 T = 4.03
 --> Site =   14-  15 .. Mmps =  200 Ndav =  28 E =    -68.1941551208 Error = 1.71e-09 FLOPS = 1.75e+08 Tdav = 1.27 T = 2.86
 --> Site =   15-  16 .. Mmps =  200 Ndav =  15 E =    -69.0539421394 Error = 2.16e-09 FLOPS = 2.41e+08 Tdav = 0.71 T = 3.38
 --> Site =   16-  17 .. Mmps =  200 Ndav =  31 E =    -70.5085180745 Error = 5.03e-09 FLOPS = 7.23e+07 Tdav = 2.57 T = 3.39
 --> Site =   17-  18 .. Mmps =  200 Ndav =  29 E =    -71.6841190804 Error = 4.67e-08 FLOPS = 9.94e+07 Tdav = 1.83 T = 4.48
 --> Site =   18-  19 .. Mmps =  200 Ndav =  36 E =    -72.9563922710 Error = 3.58e-07 FLOPS = 1.10e+08 Tdav = 2.08 T = 3.51
 --> Site =   19-  20 .. Mmps =  200 Ndav =  30 E =    -74.2517319965 Error = 3.29e-07 FLOPS = 8.87e+07 Tdav = 2.39 T = 4.95
 --> Site =   20-  21 .. Mmps =  200 Ndav =  35 E =    -75.5570427479 Error = 7.16e-07 FLOPS = 6.65e+07 Tdav = 4.16 T = 4.61
 --> Site =   21-  22 .. Mmps =  200 Ndav =  34 E =    -76.9856160193 Error = 6.19e-07 FLOPS = 9.33e+07 Tdav = 2.97 T = 4.57
 --> Site =   22-  23 .. Mmps =  200 Ndav =  38 E =    -78.1772276755 Error = 5.51e-07 FLOPS = 1.05e+08 Tdav = 3.02 T = 4.86
 --> Site =   23-  24 .. Mmps =  200 Ndav =  37 E =    -79.5032259120 Error = 9.76e-07 FLOPS = 7.23e+07 Tdav = 3.80 T = 6.40
 --> Site =   24-  25 .. Mmps =  200 Ndav =  41 E =    -80.9855938021 Error = 4.50e-07 FLOPS = 7.78e+07 Tdav = 5.40 T = 6.36
 --> Site =   25-  26 .. Mmps =  200 Ndav =  34 E =    -82.8842320587 Error = 1.10e-07 FLOPS = 1.18e+08 Tdav = 3.79 T = 6.50
 --> Site =   26-  27 .. Mmps =  200 Ndav =  32 E =    -86.1558051637 Error = 2.25e-08 FLOPS = 1.42e+08 Tdav = 4.17 T = 5.03
 --> Site =   27-  28 .. Mmps =  200 Ndav =  21 E =    -86.9494060102 Error = 5.12e-09 FLOPS = 2.04e+08 Tdav = 0.57 T = 2.44
 --> Site =   28-  29 .. Mmps =  200 Ndav =   1 E =    -86.9494060163 Error = 2.36e-10 FLOPS = 3.39e+08 Tdav = 0.00 T = 0.24
 --> Site =   29-  30 .. Mmps =  200 Ndav =   1 E =    -86.9494060174 Error = 1.16e-19 FLOPS = 1.87e+08 Tdav = 0.00 T = 0.76
 --> Site =   30-  31 .. Mmps =  200 Ndav =   1 E =    -86.9494060174 Error = 1.19e-33 FLOPS = 1.35e+08 Tdav = 0.00 T = 0.74
Time elapsed =     95.632 | E =     -86.9494060174 | DW = 9.76e-07
Time sweep =       95.632 | 4.12 GFLOP/SWP
 | Dmem = 1.39 MB (67%) | Imem = 754 KB (87%) | Hmem = 12.8 MB | Wmem = 480 KB | Pmem = 2.11 MB
 | Tread = 6.640 | Twrite = 10.826 | Tfpread = 0.255 | Tfpwrite = 5.965 | Tmporead = 0.000 | Tasync = 0.000
 | data = 7.64 MB | cpsd = 2.88 MB
 | Trot = 0.213 | Tctr = 0.143 | Tint = 0.005 | Tmid = 0.000 | Tdctr = 3.272 | Tdiag = 0.398 | Tinfo = 1.407
 | Teff = 9.232 | Tprt = 6.141 | Teig = 46.341 | Tblk = 81.270 | Tmve = 14.232 | Tdm = 0.108 | Tsplt = 0.643 | Tsvd = 0.000 | Torth = 0.000

Sweep =    1 | Direction = backward | Bond dimension =  200 | Noise =  1.00e-03 | Dav threshold =  1.00e-06
 <-- Site =   30-  31 .. Mmps =    4 Ndav =   1 E =    -86.9494060174 Error = 0.00e+00 FLOPS = 6.64e+07 Tdav = 0.00 T = 0.40
 <-- Site =   29-  30 .. Mmps =   16 Ndav =   1 E =    -86.9494060174 Error = 0.00e+00 FLOPS = 1.16e+08 Tdav = 0.00 T = 0.08
 <-- Site =   28-  29 .. Mmps =   64 Ndav =   1 E =    -86.9494060174 Error = 0.00e+00 FLOPS = 1.65e+08 Tdav = 0.01 T = 0.11
 <-- Site =   27-  28 .. Mmps =  200 Ndav =   1 E =    -86.9494060174 Error = 2.13e-11 FLOPS = 2.18e+08 Tdav = 0.03 T = 0.28
 <-- Site =   26-  27 .. Mmps =  200 Ndav =   4 E =    -86.9494114355 Error = 5.06e-10 FLOPS = 4.88e+08 Tdav = 0.17 T = 0.46
 <-- Site =   25-  26 .. Mmps =  200 Ndav =   8 E =    -86.9497018280 Error = 4.51e-09 FLOPS = 5.09e+08 Tdav = 0.28 T = 0.94
 <-- Site =   24-  25 .. Mmps =  200 Ndav =   8 E =    -86.9499576342 Error = 5.74e-09 FLOPS = 5.10e+08 Tdav = 0.25 T = 3.12
 <-- Site =   23-  24 .. Mmps =  200 Ndav =  13 E =    -86.9528617721 Error = 8.36e-09 FLOPS = 3.10e+08 Tdav = 0.64 T = 1.78
 <-- Site =   22-  23 .. Mmps =  200 Ndav =  14 E =    -86.9558378175 Error = 1.61e-08 FLOPS = 3.56e+08 Tdav = 0.78 T = 2.57
 <-- Site =   21-  22 .. Mmps =  200 Ndav =  13 E =    -86.9572673668 Error = 2.51e-08 FLOPS = 3.61e+08 Tdav = 0.66 T = 1.12
 <-- Site =   20-  21 .. Mmps =  200 Ndav =  13 E =    -86.9583362670 Error = 3.64e-08 FLOPS = 3.59e+08 Tdav = 0.74 T = 1.09
 <-- Site =   19-  20 .. Mmps =  200 Ndav =  12 E =    -86.9589276983 Error = 3.47e-08 FLOPS = 5.43e+08 Tdav = 0.43 T = 0.78
 <-- Site =   18-  19 .. Mmps =  200 Ndav =  13 E =    -86.9595959791 Error = 4.59e-08 FLOPS = 4.52e+08 Tdav = 0.59 T = 1.13
 <-- Site =   17-  18 .. Mmps =  200 Ndav =  10 E =    -86.9598104706 Error = 2.26e-08 FLOPS = 4.96e+08 Tdav = 0.41 T = 1.90
 <-- Site =   16-  17 .. Mmps =  200 Ndav =   5 E =    -86.9598140697 Error = 4.07e-09 FLOPS = 3.71e+08 Tdav = 0.29 T = 1.05
 <-- Site =   15-  16 .. Mmps =  200 Ndav =   2 E =    -86.9598147763 Error = 1.94e-10 FLOPS = 2.93e+08 Tdav = 0.26 T = 0.76
 <-- Site =   14-  15 .. Mmps =  200 Ndav =   2 E =    -86.9598149732 Error = 3.73e-11 FLOPS = 3.23e+08 Tdav = 0.23 T = 2.45
 <-- Site =   13-  14 .. Mmps =  200 Ndav =  21 E =    -86.9953947356 Error = 1.27e-10 FLOPS = 2.03e+08 Tdav = 2.01 T = 5.92
 <-- Site =   12-  13 .. Mmps =  200 Ndav =  30 E =    -87.3923750807 Error = 8.82e-10 FLOPS = 1.84e+08 Tdav = 3.94 T = 5.90
 <-- Site =   11-  12 .. Mmps =  200 Ndav =  28 E =    -87.8819740412 Error = 2.21e-09 FLOPS = 1.87e+08 Tdav = 3.54 T = 5.78
 <-- Site =   10-  11 .. Mmps =  200 Ndav =  22 E =    -87.9547530378 Error = 5.50e-09 FLOPS = 1.83e+08 Tdav = 2.44 T = 6.64
 <-- Site =    9-  10 .. Mmps =  200 Ndav =  22 E =    -88.1682904037 Error = 9.67e-09 FLOPS = 2.46e+08 Tdav = 1.83 T = 3.11
 <-- Site =    8-   9 .. Mmps =  200 Ndav =  17 E =    -88.2095549408 Error = 6.02e-09 FLOPS = 3.12e+08 Tdav = 1.03 T = 2.98
 <-- Site =    7-   8 .. Mmps =  200 Ndav =  17 E =    -88.2498207370 Error = 6.43e-09 FLOPS = 3.79e+08 Tdav = 0.90 T = 2.74
 <-- Site =    6-   7 .. Mmps =  200 Ndav =  17 E =    -88.3347253224 Error = 6.74e-09 FLOPS = 2.50e+08 Tdav = 1.51 T = 3.04
 <-- Site =    5-   6 .. Mmps =  200 Ndav =  16 E =    -88.3579734859 Error = 6.78e-09 FLOPS = 2.18e+08 Tdav = 1.70 T = 3.37
 <-- Site =    4-   5 .. Mmps =  200 Ndav =  16 E =    -88.3853752402 Error = 6.85e-09 FLOPS = 2.10e+08 Tdav = 1.92 T = 4.96
 <-- Site =    3-   4 .. Mmps =  200 Ndav =   9 E =    -88.3860073133 Error = 1.39e-09 FLOPS = 4.18e+08 Tdav = 0.12 T = 0.68
 <-- Site =    2-   3 .. Mmps =  200 Ndav =   1 E =    -88.3860073113 Error = 2.11e-12 FLOPS = 2.95e+08 Tdav = 0.00 T = 1.85
 <-- Site =    1-   2 .. Mmps =  200 Ndav =   1 E =    -88.3860073113 Error = 2.18e-25 FLOPS = 1.12e+08 Tdav = 0.00 T = 0.40
 <-- Site =    0-   1 .. Mmps =  200 Ndav =   1 E =    -88.3860073113 Error = 2.77e-43 FLOPS = 8.67e+06 Tdav = 0.01 T = 0.23
Time elapsed =    163.244 | E =     -88.3860073133 | DE = -1.44e+00 | DW = 4.59e-08
Time sweep =       67.612 | 6.39 GFLOP/SWP
 | Dmem = 1.92 MB (76%) | Imem = 50.4 KB (95%) | Hmem = 16.2 MB | Wmem = 750 KB | Pmem = 3.36 MB
 | Tread = 2.350 | Twrite = 8.383 | Tfpread = 0.092 | Tfpwrite = 6.057 | Tmporead = 0.000 | Tasync = 0.000
 | data = 8.01 MB | cpsd = 2.98 MB
 | Trot = 0.235 | Tctr = 0.215 | Tint = 0.009 | Tmid = 0.000 | Tdctr = 0.006 | Tdiag = 0.212 | Tinfo = 1.255
 | Teff = 5.232 | Tprt = 5.716 | Teig = 26.741 | Tblk = 55.205 | Tmve = 12.394 | Tdm = 0.209 | Tsplt = 0.633 | Tsvd = 0.000 | Torth = 0.000

Sweep =    2 | Direction =  forward | Bond dimension =  200 | Noise =  1.00e-04 | Dav threshold =  1.00e-06
 --> Site =    0-   1 .. Mmps =    4 Ndav =   1 E =    -88.3860073113 Error = 0.00e+00 FLOPS = 8.64e+07 Tdav = 0.00 T = 0.02
 --> Site =    1-   2 .. Mmps =   16 Ndav =   1 E =    -88.3860073113 Error = 0.00e+00 FLOPS = 1.19e+08 Tdav = 0.00 T = 0.25
 --> Site =    2-   3 .. Mmps =   64 Ndav =   1 E =    -88.3860073113 Error = 0.00e+00 FLOPS = 1.41e+08 Tdav = 0.01 T = 0.24
 --> Site =    3-   4 .. Mmps =  200 Ndav =   1 E =    -88.3860073113 Error = 2.44e-12 FLOPS = 6.59e+08 Tdav = 0.01 T = 0.34
 --> Site =    4-   5 .. Mmps =  200 Ndav =   2 E =    -88.3860075013 Error = 5.48e-10 FLOPS = 5.20e+08 Tdav = 0.09 T = 3.80
 --> Site =    5-   6 .. Mmps =  200 Ndav =   3 E =    -88.3860098216 Error = 3.98e-09 FLOPS = 4.27e+08 Tdav = 0.17 T = 0.98
 --> Site =    6-   7 .. Mmps =  200 Ndav =   4 E =    -88.3860154016 Error = 6.00e-09 FLOPS = 4.25e+08 Tdav = 0.23 T = 2.28
 --> Site =    7-   8 .. Mmps =  200 Ndav =   5 E =    -88.3860368217 Error = 9.44e-09 FLOPS = 4.08e+08 Tdav = 0.29 T = 2.14
 --> Site =    8-   9 .. Mmps =  200 Ndav =   6 E =    -88.3860635197 Error = 9.50e-09 FLOPS = 3.75e+08 Tdav = 0.34 T = 1.07
 --> Site =    9-  10 .. Mmps =  200 Ndav =   5 E =    -88.3860823426 Error = 9.26e-09 FLOPS = 7.61e+08 Tdav = 0.15 T = 3.51
 --> Site =   10-  11 .. Mmps =  200 Ndav =  10 E =    -88.3866985934 Error = 7.68e-09 FLOPS = 6.00e+08 Tdav = 0.39 T = 2.26
 --> Site =   11-  12 .. Mmps =  200 Ndav =  11 E =    -88.3870968808 Error = 3.35e-09 FLOPS = 5.50e+08 Tdav = 0.46 T = 1.20
 --> Site =   12-  13 .. Mmps =  200 Ndav =  18 E =    -88.4376789392 Error = 1.38e-09 FLOPS = 3.79e+08 Tdav = 1.17 T = 3.22
 --> Site =   13-  14 .. Mmps =  200 Ndav =  20 E =    -88.5161238952 Error = 2.39e-09 FLOPS = 2.20e+08 Tdav = 2.12 T = 4.37
 --> Site =   14-  15 .. Mmps =  200 Ndav =  16 E =    -88.5504654183 Error = 8.37e-10 FLOPS = 3.58e+08 Tdav = 3.09 T = 4.25
 --> Site =   15-  16 .. Mmps =  200 Ndav =  13 E =    -88.5566583674 Error = 5.47e-10 FLOPS = 5.19e+08 Tdav = 1.63 T = 4.26
 --> Site =   16-  17 .. Mmps =  200 Ndav =  14 E =    -88.5626967449 Error = 2.44e-09 FLOPS = 4.19e+08 Tdav = 0.71 T = 3.53
 --> Site =   17-  18 .. Mmps =  200 Ndav =  15 E =    -88.5657831656 Error = 1.60e-08 FLOPS = 2.65e+08 Tdav = 1.25 T = 3.84
 --> Site =   18-  19 .. Mmps =  200 Ndav =  17 E =    -88.5736670771 Error = 2.37e-08 FLOPS = 2.38e+08 Tdav = 1.49 T = 1.93
 --> Site =   19-  20 .. Mmps =  200 Ndav =  16 E =    -88.5818591908 Error = 4.33e-08 FLOPS = 2.86e+08 Tdav = 1.37 T = 2.50
 --> Site =   20-  21 .. Mmps =  200 Ndav =  16 E =    -88.5885924850 Error = 3.90e-08 FLOPS = 2.72e+08 Tdav = 1.27 T = 2.10
 --> Site =   21-  22 .. Mmps =  200 Ndav =  15 E =    -88.5927041589 Error = 3.49e-08 FLOPS = 3.70e+08 Tdav = 0.95 T = 2.87
 --> Site =   22-  23 .. Mmps =  200 Ndav =  14 E =    -88.5952634519 Error = 3.29e-08 FLOPS = 3.47e+08 Tdav = 0.88 T = 2.75
 --> Site =   23-  24 .. Mmps =  200 Ndav =  15 E =    -88.5980440186 Error = 2.95e-08 FLOPS = 3.85e+08 Tdav = 0.90 T = 2.26
 --> Site =   24-  25 .. Mmps =  200 Ndav =  12 E =    -88.5989081569 Error = 2.74e-08 FLOPS = 3.59e+08 Tdav = 0.80 T = 2.01
 --> Site =   25-  26 .. Mmps =  200 Ndav =   8 E =    -88.5990877140 Error = 1.35e-08 FLOPS = 2.62e+08 Tdav = 0.70 T = 3.12
 --> Site =   26-  27 .. Mmps =  200 Ndav =   4 E =    -88.5991006015 Error = 6.54e-09 FLOPS = 4.53e+08 Tdav = 0.23 T = 1.55
 --> Site =   27-  28 .. Mmps =  200 Ndav =   2 E =    -88.5991008886 Error = 6.44e-10 FLOPS = 3.91e+08 Tdav = 0.03 T = 0.98
 --> Site =   28-  29 .. Mmps =  200 Ndav =   1 E =    -88.5991008855 Error = 2.26e-13 FLOPS = 1.63e+08 Tdav = 0.01 T = 0.32
 --> Site =   29-  30 .. Mmps =  200 Ndav =   1 E =    -88.5991008855 Error = 3.54e-27 FLOPS = 1.04e+08 Tdav = 0.00 T = 0.73
 --> Site =   30-  31 .. Mmps =  200 Ndav =   1 E =    -88.5991008855 Error = 1.02e-37 FLOPS = 6.12e+07 Tdav = 0.00 T = 0.94
Time elapsed =    228.846 | E =     -88.5991008886 | DE = -2.13e-01 | DW = 4.33e-08
Time sweep =       65.602 | 6.75 GFLOP/SWP
 | Dmem = 2.72 MB (83%) | Imem = 51.4 KB (95%) | Hmem = 16.5 MB | Wmem = 1.14 MB | Pmem = 4.97 MB
 | Tread = 7.418 | Twrite = 9.109 | Tfpread = 0.273 | Tfpwrite = 5.415 | Tmporead = 0.000 | Tasync = 0.000
 | data = 8.00 MB | cpsd = 2.98 MB
 | Trot = 0.233 | Tctr = 0.166 | Tint = 0.011 | Tmid = 0.000 | Tdctr = 2.483 | Tdiag = 0.133 | Tinfo = 1.834
 | Teff = 9.743 | Tprt = 3.965 | Teig = 20.769 | Tblk = 51.659 | Tmve = 13.932 | Tdm = 0.422 | Tsplt = 0.697 | Tsvd = 0.000 | Torth = 0.000

Sweep =    3 | Direction = backward | Bond dimension =  300 | Noise =  1.00e-05 | Dav threshold =  1.00e-06
 <-- Site =   30-  31 .. Mmps =    4 Ndav =   1 E =    -88.5991008855 Error = 0.00e+00 FLOPS = 1.11e+08 Tdav = 0.00 T = 2.09
 <-- Site =   29-  30 .. Mmps =   16 Ndav =   1 E =    -88.5991008855 Error = 0.00e+00 FLOPS = 1.19e+08 Tdav = 0.00 T = 0.09
 <-- Site =   28-  29 .. Mmps =   64 Ndav =   1 E =    -88.5991008855 Error = 0.00e+00 FLOPS = 1.79e+08 Tdav = 0.01 T = 0.17
 <-- Site =   27-  28 .. Mmps =  256 Ndav =   1 E =    -88.5991008855 Error = 0.00e+00 FLOPS = 1.64e+08 Tdav = 0.04 T = 0.19
 <-- Site =   26-  27 .. Mmps =  300 Ndav =   1 E =    -88.5991008855 Error = 1.44e-13 FLOPS = 2.49e+08 Tdav = 0.14 T = 1.02
 <-- Site =   25-  26 .. Mmps =  300 Ndav =   2 E =    -88.5991010705 Error = 1.00e-10 FLOPS = 4.36e+08 Tdav = 0.19 T = 0.77
 <-- Site =   24-  25 .. Mmps =  300 Ndav =   2 E =    -88.5991013158 Error = 5.38e-10 FLOPS = 6.47e+08 Tdav = 0.14 T = 3.36
 <-- Site =   23-  24 .. Mmps =  300 Ndav =   2 E =    -88.5991018048 Error = 8.16e-10 FLOPS = 4.21e+08 Tdav = 0.19 T = 1.02
 <-- Site =   22-  23 .. Mmps =  300 Ndav =   4 E =    -88.5991055508 Error = 4.55e-09 FLOPS = 5.71e+08 Tdav = 0.31 T = 1.16
 <-- Site =   21-  22 .. Mmps =  300 Ndav =   5 E =    -88.5991117777 Error = 5.61e-09 FLOPS = 6.09e+08 Tdav = 0.35 T = 3.15
 <-- Site =   20-  21 .. Mmps =  300 Ndav =   7 E =    -88.5991293492 Error = 8.76e-09 FLOPS = 5.52e+08 Tdav = 0.56 T = 2.42
 <-- Site =   19-  20 .. Mmps =  300 Ndav =   7 E =    -88.5991493511 Error = 8.80e-09 FLOPS = 5.13e+08 Tdav = 0.59 T = 2.32
 <-- Site =   18-  19 .. Mmps =  300 Ndav =   8 E =    -88.5991811297 Error = 9.12e-09 FLOPS = 5.37e+08 Tdav = 0.64 T = 2.34
 <-- Site =   17-  18 .. Mmps =  300 Ndav =   6 E =    -88.5991993097 Error = 4.83e-09 FLOPS = 6.63e+08 Tdav = 0.38 T = 1.12
 <-- Site =   16-  17 .. Mmps =  300 Ndav =   4 E =    -88.5992032759 Error = 1.27e-09 FLOPS = 6.14e+08 Tdav = 0.29 T = 2.91
 <-- Site =   15-  16 .. Mmps =  300 Ndav =   2 E =    -88.5992042233 Error = 7.82e-11 FLOPS = 3.75e+08 Tdav = 0.48 T = 1.92
 <-- Site =   14-  15 .. Mmps =  300 Ndav =   2 E =    -88.5992050065 Error = 2.01e-11 FLOPS = 4.51e+08 Tdav = 0.47 T = 2.45
 <-- Site =   13-  14 .. Mmps =  300 Ndav =  10 E =    -88.5993201688 Error = 2.26e-10 FLOPS = 4.90e+08 Tdav = 1.00 T = 4.00
 <-- Site =   12-  13 .. Mmps =  300 Ndav =  21 E =    -88.6072835002 Error = 1.41e-09 FLOPS = 3.53e+08 Tdav = 2.93 T = 5.17
 <-- Site =   11-  12 .. Mmps =  300 Ndav =  20 E =    -88.6206248042 Error = 6.46e-09 FLOPS = 3.05e+08 Tdav = 3.03 T = 5.14
 <-- Site =   10-  11 .. Mmps =  300 Ndav =  16 E =    -88.6222328882 Error = 8.13e-09 FLOPS = 4.09e+08 Tdav = 1.71 T = 3.58
 <-- Site =    9-  10 .. Mmps =  300 Ndav =  14 E =    -88.6228735133 Error = 6.62e-09 FLOPS = 3.79e+08 Tdav = 1.60 T = 4.28
 <-- Site =    8-   9 .. Mmps =  300 Ndav =   9 E =    -88.6230644832 Error = 6.53e-09 FLOPS = 5.54e+08 Tdav = 0.70 T = 1.18
 <-- Site =    7-   8 .. Mmps =  300 Ndav =   8 E =    -88.6231400291 Error = 3.44e-09 FLOPS = 4.44e+08 Tdav = 0.76 T = 2.64
 <-- Site =    6-   7 .. Mmps =  300 Ndav =   5 E =    -88.6231659087 Error = 2.05e-09 FLOPS = 4.55e+08 Tdav = 0.49 T = 2.22
 <-- Site =    5-   6 .. Mmps =  300 Ndav =   4 E =    -88.6231711875 Error = 8.99e-10 FLOPS = 5.08e+08 Tdav = 0.32 T = 3.09
 <-- Site =    4-   5 .. Mmps =  300 Ndav =   2 E =    -88.6231716041 Error = 1.77e-10 FLOPS = 3.40e+08 Tdav = 0.27 T = 1.03
 <-- Site =    3-   4 .. Mmps =  300 Ndav =   1 E =    -88.6231716034 Error = 1.49e-12 FLOPS = 3.06e+08 Tdav = 0.04 T = 0.41
 <-- Site =    2-   3 .. Mmps =  300 Ndav =   1 E =    -88.6231716034 Error = 5.63e-18 FLOPS = 2.41e+08 Tdav = 0.01 T = 0.59
 <-- Site =    1-   2 .. Mmps =  300 Ndav =   1 E =    -88.6231716034 Error = 5.02e-32 FLOPS = 3.14e+08 Tdav = 0.00 T = 0.42
 <-- Site =    0-   1 .. Mmps =  300 Ndav =   1 E =    -88.6231716034 Error = 7.89e-48 FLOPS = 1.07e+08 Tdav = 0.00 T = 0.51
Time elapsed =    291.586 | E =     -88.6231716041 | DE = -2.41e-02 | DW = 9.12e-09
Time sweep =       62.740 | 6.92 GFLOP/SWP
 | Dmem = 3.78 MB (74%) | Imem = 53.8 KB (95%) | Hmem = 31.7 MB | Wmem = 1.41 MB | Pmem = 6.26 MB
 | Tread = 2.292 | Twrite = 9.993 | Tfpread = 0.114 | Tfpwrite = 6.382 | Tmporead = 0.000 | Tasync = 0.000
 | data = 16.5 MB | cpsd = 6.07 MB
 | Trot = 0.428 | Tctr = 0.348 | Tint = 0.053 | Tmid = 0.000 | Tdctr = 0.010 | Tdiag = 0.205 | Tinfo = 2.564
 | Teff = 3.938 | Tprt = 6.270 | Teig = 17.628 | Tblk = 48.136 | Tmve = 14.589 | Tdm = 1.029 | Tsplt = 0.914 | Tsvd = 0.000 | Torth = 0.000

Sweep =    4 | Direction =  forward | Bond dimension =  300 | Noise =  0.00e+00 | Dav threshold =  1.00e-07
 --> Site =    0-   1 .. Mmps =    4 Ndav =   3 E =    -88.6231717363 Error = 0.00e+00 FLOPS = 1.96e+08 Tdav = 0.00 T = 0.19
 --> Site =    1-   2 .. Mmps =   16 Ndav =   2 E =    -88.6231717873 Error = 0.00e+00 FLOPS = 2.63e+08 Tdav = 0.01 T = 0.16
 --> Site =    2-   3 .. Mmps =   64 Ndav =   5 E =    -88.6231719465 Error = 0.00e+00 FLOPS = 5.40e+08 Tdav = 0.03 T = 0.46
 --> Site =    3-   4 .. Mmps =  256 Ndav =   2 E =    -88.6231719915 Error = 0.00e+00 FLOPS = 6.54e+08 Tdav = 0.03 T = 1.23
 --> Site =    4-   5 .. Mmps =  300 Ndav =   2 E =    -88.6231720189 Error = 3.43e-11 FLOPS = 3.80e+08 Tdav = 0.33 T = 2.07
 --> Site =    5-   6 .. Mmps =  300 Ndav =   2 E =    -88.6231720436 Error = 1.82e-10 FLOPS = 4.29e+08 Tdav = 0.33 T = 1.04
 --> Site =    6-   7 .. Mmps =  300 Ndav =   2 E =    -88.6231720706 Error = 1.00e-09 FLOPS = 3.17e+08 Tdav = 0.48 T = 1.30
 --> Site =    7-   8 .. Mmps =  300 Ndav =   2 E =    -88.6231721016 Error = 2.66e-09 FLOPS = 2.99e+08 Tdav = 0.46 T = 2.85
 --> Site =    8-   9 .. Mmps =  300 Ndav =   3 E =    -88.6231721785 Error = 9.62e-09 FLOPS = 4.25e+08 Tdav = 0.54 T = 1.22
 --> Site =    9-  10 .. Mmps =  300 Ndav =   3 E =    -88.6231722899 Error = 1.12e-08 FLOPS = 3.68e+08 Tdav = 0.58 T = 2.69
 --> Site =   10-  11 .. Mmps =  300 Ndav =   5 E =    -88.6231728577 Error = 1.94e-08 FLOPS = 5.91e+08 Tdav = 0.65 T = 2.21
 --> Site =   11-  12 .. Mmps =  300 Ndav =   5 E =    -88.6231733832 Error = 1.33e-08 FLOPS = 5.99e+08 Tdav = 0.65 T = 1.84
 --> Site =   12-  13 .. Mmps =  300 Ndav =  19 E =    -88.6234158900 Error = 8.31e-09 FLOPS = 4.46e+08 Tdav = 3.46 T = 4.01
 --> Site =   13-  14 .. Mmps =  300 Ndav =  17 E =    -88.6235859191 Error = 1.92e-09 FLOPS = 3.26e+08 Tdav = 4.16 T = 5.19
 --> Site =   14-  15 .. Mmps =  300 Ndav =   9 E =    -88.6236043655 Error = 4.91e-10 FLOPS = 5.09e+08 Tdav = 3.26 T = 5.17
 --> Site =   15-  16 .. Mmps =  300 Ndav =   6 E =    -88.6236091965 Error = 3.00e-10 FLOPS = 8.79e+08 Tdav = 1.20 T = 3.42
 --> Site =   16-  17 .. Mmps =  300 Ndav =   6 E =    -88.6236119205 Error = 4.30e-09 FLOPS = 6.43e+08 Tdav = 0.72 T = 2.38
 --> Site =   17-  18 .. Mmps =  300 Ndav =   6 E =    -88.6236138369 Error = 1.48e-08 FLOPS = 6.19e+08 Tdav = 0.67 T = 1.53
 --> Site =   18-  19 .. Mmps =  300 Ndav =   5 E =    -88.6236147480 Error = 2.15e-08 FLOPS = 5.18e+08 Tdav = 0.72 T = 2.75
 --> Site =   19-  20 .. Mmps =  300 Ndav =   5 E =    -88.6236156294 Error = 2.84e-08 FLOPS = 4.02e+08 Tdav = 0.88 T = 4.48
 --> Site =   20-  21 .. Mmps =  300 Ndav =   4 E =    -88.6236161764 Error = 1.91e-08 FLOPS = 4.05e+08 Tdav = 0.74 T = 1.59
 --> Site =   21-  22 .. Mmps =  300 Ndav =   4 E =    -88.6236164714 Error = 1.66e-08 FLOPS = 5.12e+08 Tdav = 0.57 T = 4.29
 --> Site =   22-  23 .. Mmps =  300 Ndav =   3 E =    -88.6236166232 Error = 1.05e-08 FLOPS = 5.83e+08 Tdav = 0.38 T = 1.39
 --> Site =   23-  24 .. Mmps =  300 Ndav =   4 E =    -88.6236167920 Error = 5.35e-09 FLOPS = 5.99e+08 Tdav = 0.47 T = 1.92
 --> Site =   24-  25 .. Mmps =  300 Ndav =   2 E =    -88.6236168133 Error = 1.50e-09 FLOPS = 3.74e+08 Tdav = 0.39 T = 1.12
 --> Site =   25-  26 .. Mmps =  300 Ndav =   2 E =    -88.6236168311 Error = 3.22e-10 FLOPS = 3.11e+08 Tdav = 0.46 T = 2.48
 --> Site =   26-  27 .. Mmps =  300 Ndav =   2 E =    -88.6236168533 Error = 2.85e-11 FLOPS = 2.71e+08 Tdav = 0.46 T = 1.91
 --> Site =   27-  28 .. Mmps =  300 Ndav =   1 E =    -88.6236168530 Error = 3.09e-18 FLOPS = 2.14e+08 Tdav = 0.05 T = 2.22
 --> Site =   28-  29 .. Mmps =  300 Ndav =   1 E =    -88.6236168530 Error = 1.26e-24 FLOPS = 4.03e+08 Tdav = 0.01 T = 1.95
 --> Site =   29-  30 .. Mmps =  300 Ndav =   1 E =    -88.6236168530 Error = 7.90e-46 FLOPS = 1.70e+08 Tdav = 0.01 T = 1.36
 --> Site =   30-  31 .. Mmps =  300 Ndav =   1 E =    -88.6236168530 Error = 1.05e-62 FLOPS = 6.63e+07 Tdav = 0.00 T = 0.57
Time elapsed =    358.578 | E =     -88.6236168533 | DE = -4.45e-04 | DW = 2.84e-08
Time sweep =       66.992 | 9.83 GFLOP/SWP
 | Dmem = 5.42 MB (82%) | Imem = 64.0 KB (95%) | Hmem = 34.9 MB | Wmem = 2.23 MB | Pmem = 0 B
 | Tread = 5.046 | Twrite = 9.842 | Tfpread = 0.280 | Tfpwrite = 5.215 | Tmporead = 0.000 | Tasync = 0.000
 | data = 16.3 MB | cpsd = 5.87 MB
 | Trot = 0.491 | Tctr = 0.381 | Tint = 0.061 | Tmid = 0.000 | Tdctr = 2.528 | Tdiag = 0.229 | Tinfo = 3.561
 | Teff = 6.874 | Tprt = 0.000 | Teig = 22.720 | Tblk = 51.092 | Tmve = 15.886 | Tdm = 0.283 | Tsplt = 0.932 | Tsvd = 0.000 | Torth = 0.000

Sweep =    5 | Direction = backward | Bond dimension =  300 | Noise =  0.00e+00 | Dav threshold =  1.00e-09
 <-- Site =   30-  31 .. Mmps =    4 Ndav =   3 E =    -88.6236168562 Error = 0.00e+00 FLOPS = 1.34e+08 Tdav = 0.01 T = 0.05
 <-- Site =   29-  30 .. Mmps =   16 Ndav =   3 E =    -88.6236168586 Error = 0.00e+00 FLOPS = 2.19e+08 Tdav = 0.01 T = 0.10
 <-- Site =   28-  29 .. Mmps =   64 Ndav =   5 E =    -88.6236168632 Error = 0.00e+00 FLOPS = 3.53e+08 Tdav = 0.05 T = 1.59
 <-- Site =   27-  28 .. Mmps =  256 Ndav =   4 E =    -88.6236168665 Error = 0.00e+00 FLOPS = 8.84e+08 Tdav = 0.05 T = 1.51
 <-- Site =   26-  27 .. Mmps =  300 Ndav =   4 E =    -88.6236168698 Error = 6.02e-11 FLOPS = 5.10e+08 Tdav = 0.49 T = 1.81
 <-- Site =   25-  26 .. Mmps =  300 Ndav =   4 E =    -88.6236168748 Error = 6.51e-10 FLOPS = 5.84e+08 Tdav = 0.48 T = 1.78
 <-- Site =   24-  25 .. Mmps =  300 Ndav =   4 E =    -88.6236168856 Error = 2.07e-09 FLOPS = 4.02e+08 Tdav = 0.74 T = 2.77
 <-- Site =   23-  24 .. Mmps =  300 Ndav =   5 E =    -88.6236169019 Error = 4.74e-09 FLOPS = 4.74e+08 Tdav = 0.80 T = 3.70
 <-- Site =   22-  23 .. Mmps =  300 Ndav =   5 E =    -88.6236169282 Error = 9.62e-09 FLOPS = 4.61e+08 Tdav = 0.79 T = 4.98
 <-- Site =   21-  22 .. Mmps =  300 Ndav =   6 E =    -88.6236169640 Error = 1.53e-08 FLOPS = 6.15e+08 Tdav = 0.74 T = 2.23
 <-- Site =   20-  21 .. Mmps =  300 Ndav =   5 E =    -88.6236169846 Error = 1.87e-08 FLOPS = 5.46e+08 Tdav = 0.68 T = 1.79
 <-- Site =   19-  20 .. Mmps =  300 Ndav =   6 E =    -88.6236170461 Error = 2.95e-08 FLOPS = 6.14e+08 Tdav = 0.71 T = 2.55
 <-- Site =   18-  19 .. Mmps =  300 Ndav =   6 E =    -88.6236170168 Error = 2.36e-08 FLOPS = 4.92e+08 Tdav = 0.92 T = 3.50
 <-- Site =   17-  18 .. Mmps =  300 Ndav =   5 E =    -88.6236169749 Error = 1.56e-08 FLOPS = 4.84e+08 Tdav = 0.74 T = 2.20
 <-- Site =   16-  17 .. Mmps =  300 Ndav =   4 E =    -88.6236169207 Error = 4.70e-09 FLOPS = 4.39e+08 Tdav = 0.69 T = 1.33
 <-- Site =   15-  16 .. Mmps =  300 Ndav =   3 E =    -88.6236169041 Error = 3.66e-10 FLOPS = 6.63e+08 Tdav = 0.75 T = 1.98
 <-- Site =   14-  15 .. Mmps =  300 Ndav =   3 E =    -88.6236169060 Error = 4.89e-10 FLOPS = 6.81e+08 Tdav = 0.75 T = 1.85
 <-- Site =   13-  14 .. Mmps =  300 Ndav =   4 E =    -88.6236169195 Error = 2.40e-09 FLOPS = 5.33e+08 Tdav = 0.55 T = 1.38
 <-- Site =   12-  13 .. Mmps =  300 Ndav =   9 E =    -88.6236188131 Error = 1.42e-08 FLOPS = 5.93e+08 Tdav = 1.18 T = 3.96
 <-- Site =   11-  12 .. Mmps =  300 Ndav =   8 E =    -88.6236191591 Error = 2.15e-08 FLOPS = 5.81e+08 Tdav = 0.99 T = 2.88
 <-- Site =   10-  11 .. Mmps =  300 Ndav =   7 E =    -88.6236192301 Error = 2.77e-08 FLOPS = 4.89e+08 Tdav = 1.09 T = 4.80
 <-- Site =    9-  10 .. Mmps =  300 Ndav =   6 E =    -88.6236191656 Error = 1.22e-08 FLOPS = 5.01e+08 Tdav = 0.84 T = 4.32
 <-- Site =    8-   9 .. Mmps =  300 Ndav =   5 E =    -88.6236191595 Error = 9.47e-09 FLOPS = 5.48e+08 Tdav = 0.69 T = 1.54
 <-- Site =    7-   8 .. Mmps =  300 Ndav =   5 E =    -88.6236191352 Error = 4.75e-09 FLOPS = 6.05e+08 Tdav = 0.56 T = 1.57
 <-- Site =    6-   7 .. Mmps =  300 Ndav =   4 E =    -88.6236191231 Error = 2.22e-09 FLOPS = 5.80e+08 Tdav = 0.52 T = 1.64
 <-- Site =    5-   6 .. Mmps =  300 Ndav =   3 E =    -88.6236191147 Error = 7.21e-10 FLOPS = 4.20e+08 Tdav = 0.50 T = 1.45
 <-- Site =    4-   5 .. Mmps =  300 Ndav =   2 E =    -88.6236191109 Error = 5.06e-11 FLOPS = 3.19e+08 Tdav = 0.39 T = 2.27
 <-- Site =    3-   4 .. Mmps =  300 Ndav =   1 E =    -88.6236191104 Error = 3.41e-18 FLOPS = 5.41e+08 Tdav = 0.02 T = 0.96
 <-- Site =    2-   3 .. Mmps =  300 Ndav =   1 E =    -88.6236191104 Error = 1.77e-24 FLOPS = 3.98e+08 Tdav = 0.01 T = 0.49
 <-- Site =    1-   2 .. Mmps =  300 Ndav =   1 E =    -88.6236191104 Error = 2.54e-43 FLOPS = 1.18e+08 Tdav = 0.01 T = 0.40
 <-- Site =    0-   1 .. Mmps =  300 Ndav =   1 E =    -88.6236191104 Error = 1.73e-60 FLOPS = 1.47e+08 Tdav = 0.00 T = 1.06
Time elapsed =    423.017 | E =     -88.6236192301 | DE = -2.38e-06 | DW = 2.95e-08
Time sweep =       64.439 | 8.31 GFLOP/SWP
 | Dmem = 5.19 MB (81%) | Imem = 65.6 KB (95%) | Hmem = 34.3 MB | Wmem = 2.11 MB | Pmem = 0 B
 | Tread = 3.763 | Twrite = 7.635 | Tfpread = 0.155 | Tfpwrite = 4.031 | Tmporead = 0.000 | Tasync = 0.000
 | data = 16.4 MB | cpsd = 5.76 MB
 | Trot = 0.502 | Tctr = 0.330 | Tint = 0.051 | Tmid = 0.000 | Tdctr = 0.016 | Tdiag = 0.135 | Tinfo = 4.353
 | Teff = 5.958 | Tprt = 0.000 | Teig = 16.758 | Tblk = 50.087 | Tmve = 14.337 | Tdm = 0.383 | Tsplt = 0.937 | Tsvd = 0.000 | Torth = 0.000

Sweep =    6 | Direction =  forward | Bond dimension =  300 | Noise =  0.00e+00 | Dav threshold =  1.00e-09
 --> Site =    0-   1 .. Mmps =    4 Ndav =   1 E =    -88.6236191104 Error = 0.00e+00 FLOPS = 1.04e+08 Tdav = 0.00 T = 0.05
 --> Site =    1-   2 .. Mmps =   16 Ndav =   1 E =    -88.6236191104 Error = 0.00e+00 FLOPS = 1.58e+08 Tdav = 0.01 T = 0.05
 --> Site =    2-   3 .. Mmps =   64 Ndav =   1 E =    -88.6236191104 Error = 0.00e+00 FLOPS = 4.27e+08 Tdav = 0.01 T = 0.17
 --> Site =    3-   4 .. Mmps =  256 Ndav =   1 E =    -88.6236191104 Error = 0.00e+00 FLOPS = 2.91e+08 Tdav = 0.04 T = 0.26
 --> Site =    4-   5 .. Mmps =  300 Ndav =   2 E =    -88.6236191109 Error = 5.34e-11 FLOPS = 3.61e+08 Tdav = 0.35 T = 1.56
 --> Site =    5-   6 .. Mmps =  300 Ndav =   3 E =    -88.6236191148 Error = 7.09e-10 FLOPS = 4.36e+08 Tdav = 0.48 T = 1.68
 --> Site =    6-   7 .. Mmps =  300 Ndav =   4 E =    -88.6236191237 Error = 2.22e-09 FLOPS = 6.08e+08 Tdav = 0.50 T = 4.11
 --> Site =    7-   8 .. Mmps =  300 Ndav =   4 E =    -88.6236191365 Error = 4.68e-09 FLOPS = 5.56e+08 Tdav = 0.49 T = 1.13
 --> Site =    8-   9 .. Mmps =  300 Ndav =   5 E =    -88.6236191636 Error = 9.45e-09 FLOPS = 5.83e+08 Tdav = 0.65 T = 1.03
 --> Site =    9-  10 .. Mmps =  300 Ndav =   5 E =    -88.6236191746 Error = 1.22e-08 FLOPS = 5.10e+08 Tdav = 0.68 T = 2.94
 --> Site =   10-  11 .. Mmps =  300 Ndav =   6 E =    -88.6236192514 Error = 2.81e-08 FLOPS = 6.26e+08 Tdav = 0.72 T = 2.34
 --> Site =   11-  12 .. Mmps =  300 Ndav =   5 E =    -88.6236192205 Error = 2.16e-08 FLOPS = 5.15e+08 Tdav = 0.70 T = 1.25
 --> Site =   12-  13 .. Mmps =  300 Ndav =   5 E =    -88.6236191827 Error = 1.44e-08 FLOPS = 5.50e+08 Tdav = 0.69 T = 2.69
 --> Site =   13-  14 .. Mmps =  300 Ndav =   3 E =    -88.6236191197 Error = 2.40e-09 FLOPS = 4.65e+08 Tdav = 0.47 T = 1.62
 --> Site =   14-  15 .. Mmps =  300 Ndav =   2 E =    -88.6236191118 Error = 4.37e-10 FLOPS = 5.01e+08 Tdav = 0.70 T = 4.47
 --> Site =   15-  16 .. Mmps =  300 Ndav =   2 E =    -88.6236191114 Error = 3.08e-10 FLOPS = 5.48e+08 Tdav = 0.62 T = 3.30
 --> Site =   16-  17 .. Mmps =  300 Ndav =   4 E =    -88.6236191288 Error = 4.75e-09 FLOPS = 5.47e+08 Tdav = 0.56 T = 1.84
 --> Site =   17-  18 .. Mmps =  300 Ndav =   5 E =    -88.6236191837 Error = 1.56e-08 FLOPS = 6.15e+08 Tdav = 0.60 T = 1.02
 --> Site =   18-  19 .. Mmps =  300 Ndav =   5 E =    -88.6236192280 Error = 2.36e-08 FLOPS = 5.69e+08 Tdav = 0.67 T = 3.22
 --> Site =   19-  20 .. Mmps =  300 Ndav =   5 E =    -88.6236192629 Error = 2.91e-08 FLOPS = 4.88e+08 Tdav = 0.76 T = 3.51
 --> Site =   20-  21 .. Mmps =  300 Ndav =   5 E =    -88.6236192094 Error = 1.87e-08 FLOPS = 4.80e+08 Tdav = 0.79 T = 3.68
 --> Site =   21-  22 .. Mmps =  300 Ndav =   5 E =    -88.6236191917 Error = 1.52e-08 FLOPS = 4.15e+08 Tdav = 0.90 T = 3.90
 --> Site =   22-  23 .. Mmps =  300 Ndav =   4 E =    -88.6236191614 Error = 9.51e-09 FLOPS = 5.99e+08 Tdav = 0.49 T = 1.75
 --> Site =   23-  24 .. Mmps =  300 Ndav =   4 E =    -88.6236191389 Error = 4.64e-09 FLOPS = 6.09e+08 Tdav = 0.50 T = 3.99
 --> Site =   24-  25 .. Mmps =  300 Ndav =   3 E =    -88.6236191242 Error = 1.94e-09 FLOPS = 5.89e+08 Tdav = 0.38 T = 0.86
 --> Site =   25-  26 .. Mmps =  300 Ndav =   3 E =    -88.6236191165 Error = 5.82e-10 FLOPS = 5.05e+08 Tdav = 0.43 T = 1.05
 --> Site =   26-  27 .. Mmps =  300 Ndav =   2 E =    -88.6236191133 Error = 4.16e-11 FLOPS = 2.99e+08 Tdav = 0.42 T = 2.19
 --> Site =   27-  28 .. Mmps =  300 Ndav =   1 E =    -88.6236191129 Error = 1.72e-18 FLOPS = 1.92e+08 Tdav = 0.06 T = 1.21
 --> Site =   28-  29 .. Mmps =  300 Ndav =   1 E =    -88.6236191129 Error = 1.16e-24 FLOPS = 1.44e+08 Tdav = 0.02 T = 1.48
 --> Site =   29-  30 .. Mmps =  300 Ndav =   1 E =    -88.6236191129 Error = 3.86e-46 FLOPS = 9.58e+07 Tdav = 0.01 T = 1.61
 --> Site =   30-  31 .. Mmps =  300 Ndav =   1 E =    -88.6236191129 Error = 1.73e-61 FLOPS = 4.29e+07 Tdav = 0.01 T = 2.67
Time elapsed =    485.651 | E =     -88.6236192629 | DE = -3.28e-08 | DW = 2.91e-08
Time sweep =       62.635 | 6.62 GFLOP/SWP
 | Dmem = 5.26 MB (81%) | Imem = 65.6 KB (95%) | Hmem = 34.4 MB | Wmem = 2.15 MB | Pmem = 0 B
 | Tread = 4.376 | Twrite = 10.762 | Tfpread = 0.305 | Tfpwrite = 7.524 | Tmporead = 0.000 | Tasync = 0.000
 | data = 16.4 MB | cpsd = 5.73 MB
 | Trot = 0.479 | Tctr = 0.293 | Tint = 0.054 | Tmid = 0.000 | Tdctr = 2.330 | Tdiag = 0.247 | Tinfo = 3.763
 | Teff = 8.467 | Tprt = 0.000 | Teig = 13.689 | Tblk = 46.313 | Tmve = 16.288 | Tdm = 0.261 | Tsplt = 0.942 | Tsvd = 0.000 | Torth = 0.000

Sweep =    7 | Direction = backward | Bond dimension =  300 | Noise =  0.00e+00 | Dav threshold =  1.00e-09
 <-- Site =   30-  31 .. Mmps =    4 Ndav =   1 E =    -88.6236191129 Error = 0.00e+00 FLOPS = 7.00e+07 Tdav = 0.00 T = 0.28
 <-- Site =   29-  30 .. Mmps =   16 Ndav =   1 E =    -88.6236191129 Error = 0.00e+00 FLOPS = 1.77e+08 Tdav = 0.01 T = 1.23
 <-- Site =   28-  29 .. Mmps =   64 Ndav =   1 E =    -88.6236191129 Error = 0.00e+00 FLOPS = 2.96e+08 Tdav = 0.01 T = 0.18
 <-- Site =   27-  28 .. Mmps =  256 Ndav =   1 E =    -88.6236191129 Error = 0.00e+00 FLOPS = 3.60e+08 Tdav = 0.03 T = 0.21
 <-- Site =   26-  27 .. Mmps =  300 Ndav =   2 E =    -88.6236191133 Error = 3.86e-11 FLOPS = 4.54e+08 Tdav = 0.28 T = 2.62
 <-- Site =   25-  26 .. Mmps =  300 Ndav =   3 E =    -88.6236191165 Error = 5.81e-10 FLOPS = 5.73e+08 Tdav = 0.38 T = 1.00
 <-- Site =   24-  25 .. Mmps =  300 Ndav =   4 E =    -88.6236191244 Error = 2.01e-09 FLOPS = 6.96e+08 Tdav = 0.43 T = 2.05
 <-- Site =   23-  24 .. Mmps =  300 Ndav =   4 E =    -88.6236191389 Error = 4.64e-09 FLOPS = 6.55e+08 Tdav = 0.46 T = 2.36
 <-- Site =   22-  23 .. Mmps =  300 Ndav =   4 E =    -88.6236191618 Error = 9.56e-09 FLOPS = 3.88e+08 Tdav = 0.76 T = 1.85
 <-- Site =   21-  22 .. Mmps =  300 Ndav =   5 E =    -88.6236191924 Error = 1.52e-08 FLOPS = 4.22e+08 Tdav = 0.89 T = 1.95
 <-- Site =   20-  21 .. Mmps =  300 Ndav =   5 E =    -88.6236192102 Error = 1.86e-08 FLOPS = 4.25e+08 Tdav = 0.88 T = 2.48
 <-- Site =   19-  20 .. Mmps =  300 Ndav =   6 E =    -88.6236192642 Error = 2.92e-08 FLOPS = 5.37e+08 Tdav = 0.83 T = 1.88
 <-- Site =   18-  19 .. Mmps =  300 Ndav =   5 E =    -88.6236192294 Error = 2.36e-08 FLOPS = 6.47e+08 Tdav = 0.59 T = 2.50
 <-- Site =   17-  18 .. Mmps =  300 Ndav =   5 E =    -88.6236191867 Error = 1.56e-08 FLOPS = 6.59e+08 Tdav = 0.56 T = 1.75
 <-- Site =   16-  17 .. Mmps =  300 Ndav =   4 E =    -88.6236191318 Error = 4.72e-09 FLOPS = 7.27e+08 Tdav = 0.42 T = 3.14
 <-- Site =   15-  16 .. Mmps =  300 Ndav =   2 E =    -88.6236191144 Error = 3.24e-10 FLOPS = 4.73e+08 Tdav = 0.71 T = 1.33
 <-- Site =   14-  15 .. Mmps =  300 Ndav =   2 E =    -88.6236191149 Error = 4.54e-10 FLOPS = 5.06e+08 Tdav = 0.69 T = 1.36
 <-- Site =   13-  14 .. Mmps =  300 Ndav =   3 E =    -88.6236191228 Error = 2.38e-09 FLOPS = 3.56e+08 Tdav = 0.62 T = 2.33
 <-- Site =   12-  13 .. Mmps =  300 Ndav =   5 E =    -88.6236191862 Error = 1.44e-08 FLOPS = 4.16e+08 Tdav = 0.91 T = 2.58
 <-- Site =   11-  12 .. Mmps =  300 Ndav =   5 E =    -88.6236192242 Error = 2.16e-08 FLOPS = 5.11e+08 Tdav = 0.71 T = 1.49
 <-- Site =   10-  11 .. Mmps =  300 Ndav =   5 E =    -88.6236192550 Error = 2.79e-08 FLOPS = 6.59e+08 Tdav = 0.57 T = 1.27
 <-- Site =    9-  10 .. Mmps =  300 Ndav =   5 E =    -88.6236191785 Error = 1.22e-08 FLOPS = 5.54e+08 Tdav = 0.63 T = 3.18
 <-- Site =    8-   9 .. Mmps =  300 Ndav =   4 E =    -88.6236191675 Error = 9.32e-09 FLOPS = 5.17e+08 Tdav = 0.59 T = 2.77
 <-- Site =    7-   8 .. Mmps =  300 Ndav =   4 E =    -88.6236191407 Error = 4.69e-09 FLOPS = 3.94e+08 Tdav = 0.68 T = 2.05
 <-- Site =    6-   7 .. Mmps =  300 Ndav =   3 E =    -88.6236191278 Error = 2.11e-09 FLOPS = 3.55e+08 Tdav = 0.64 T = 4.23
 <-- Site =    5-   6 .. Mmps =  300 Ndav =   3 E =    -88.6236191195 Error = 7.06e-10 FLOPS = 4.43e+08 Tdav = 0.48 T = 1.51
 <-- Site =    4-   5 .. Mmps =  300 Ndav =   2 E =    -88.6236191156 Error = 5.25e-11 FLOPS = 3.88e+08 Tdav = 0.32 T = 2.41
 <-- Site =    3-   4 .. Mmps =  300 Ndav =   1 E =    -88.6236191151 Error = 3.52e-18 FLOPS = 3.34e+08 Tdav = 0.03 T = 1.95
 <-- Site =    2-   3 .. Mmps =  300 Ndav =   1 E =    -88.6236191151 Error = 1.27e-24 FLOPS = 4.78e+08 Tdav = 0.01 T = 1.31
 <-- Site =    1-   2 .. Mmps =  300 Ndav =   1 E =    -88.6236191151 Error = 2.36e-44 FLOPS = 1.73e+08 Tdav = 0.01 T = 2.05
 <-- Site =    0-   1 .. Mmps =  300 Ndav =   1 E =    -88.6236191151 Error = 4.64e-61 FLOPS = 8.79e+07 Tdav = 0.00 T = 0.45
Time elapsed =    543.409 | E =     -88.6236192642 | DE = -1.27e-09 | DW = 2.92e-08
Time sweep =       57.758 | 6.55 GFLOP/SWP
 | Dmem = 5.25 MB (81%) | Imem = 65.6 KB (95%) | Hmem = 34.4 MB | Wmem = 2.15 MB | Pmem = 0 B
 | Tread = 3.882 | Twrite = 12.814 | Tfpread = 0.171 | Tfpwrite = 5.782 | Tmporead = 0.000 | Tasync = 0.000
 | data = 16.4 MB | cpsd = 5.73 MB
 | Trot = 0.484 | Tctr = 0.443 | Tint = 0.057 | Tmid = 0.000 | Tdctr = 0.023 | Tdiag = 0.194 | Tinfo = 1.985
 | Teff = 6.588 | Tprt = 0.000 | Teig = 14.126 | Tblk = 40.120 | Tmve = 17.622 | Tdm = 0.331 | Tsplt = 0.991 | Tsvd = 0.000 | Torth = 0.000

Ground state energy (DMRG) = -88.623619
>>> Init compute time = 571.9214293956757

Time = 0.00
Total energy = -88.623619-0.000000j
WF norm = 1.000000-0.000000j
<occ j=15> = 1.000000+0.000000j
<sz  j=15> = -0.116522-0.000000j
<Sdz j=15> = -0.499999-0.000000j
<J   j=15>/Vb = -0.000000
Total <occ_> = 32.000000
Total <sz_> = -0.000001
Total <Sdz_> = -0.499999
Total <G_> = -0.000000
Total <conc_> = nan
TwoSdz_ladder =
 [ 1 -1]
four_Sdz = 
 [[ 0.5  0.   0.   0.   0.   0.   0.   0. ]
 [ 0.  -0.5  0.  -0.   0.  -0.   0.  -0. ]
 [ 0.   0.   0.5  0.   0.   0.   0.   0. ]
 [ 0.  -0.   0.  -0.5  0.  -0.   0.  -0. ]
 [ 0.   0.   0.   0.   0.5  0.   0.   0. ]
 [ 0.  -0.   0.  -0.   0.  -0.5  0.  -0. ]
 [ 0.   0.   0.   0.   0.   0.   0.5  0. ]
 [ 0.  -0.   0.  -0.   0.  -0.   0.  -0.5]]
four_Sdminus = 
 [[0. 0. 0. 0. 0. 0. 0. 0.]
 [1. 0. 0. 0. 0. 0. 0. 0.]
 [0. 0. 0. 0. 0. 0. 0. 0.]
 [0. 0. 1. 0. 0. 0. 0. 0.]
 [0. 0. 0. 0. 0. 0. 0. 0.]
 [0. 0. 0. 0. 1. 0. 0. 0.]
 [0. 0. 0. 0. 0. 0. 0. 0.]
 [0. 0. 0. 0. 0. 0. 1. 0.]]
four_Sdplus = 
 [[0. 1. 0. 0. 0. 0. 0. 0.]
 [0. 0. 0. 0. 0. 0. 0. 0.]
 [0. 0. 0. 1. 0. 0. 0. 0.]
 [0. 0. 0. 0. 0. 0. 0. 0.]
 [0. 0. 0. 0. 0. 1. 0. 0.]
 [0. 0. 0. 0. 0. 0. 0. 0.]
 [0. 0. 0. 0. 0. 0. 0. 1.]
 [0. 0. 0. 0. 0. 0. 0. 0.]]
>>> (0, 1, 0)
>>> (0, -1, 0)
>>> (1, 2, 0)
>>> (1, 0, 0)
>>> (1, -2, 0)
>>> (2, 1, 0)
>>> (2, -1, 0)

 ######################################## 
Constructed builder
 ######################################## 


Build MPO | Nsites =    32 | Nterms =        190 | Algorithm = FastBIP | Cutoff = 1.00e-14
 Site =     0 /    32 .. Mmpo =     6 DW = 0.00e+00 NNZ =        6 SPT = 0.0000 Tmvc = 0.000 T = 0.006
 Site =     1 /    32 .. Mmpo =     6 DW = 0.00e+00 NNZ =       11 SPT = 0.6944 Tmvc = 0.000 T = 0.001
 Site =     2 /    32 .. Mmpo =     6 DW = 0.00e+00 NNZ =       11 SPT = 0.6944 Tmvc = 0.000 T = 0.001
 Site =     3 /    32 .. Mmpo =     6 DW = 0.00e+00 NNZ =       11 SPT = 0.6944 Tmvc = 0.000 T = 0.001
 Site =     4 /    32 .. Mmpo =     6 DW = 0.00e+00 NNZ =       11 SPT = 0.6944 Tmvc = 0.000 T = 0.001
 Site =     5 /    32 .. Mmpo =     6 DW = 0.00e+00 NNZ =       11 SPT = 0.6944 Tmvc = 0.000 T = 0.001
 Site =     6 /    32 .. Mmpo =     6 DW = 0.00e+00 NNZ =       11 SPT = 0.6944 Tmvc = 0.000 T = 0.001
 Site =     7 /    32 .. Mmpo =     6 DW = 0.00e+00 NNZ =       11 SPT = 0.6944 Tmvc = 0.000 T = 0.001
 Site =     8 /    32 .. Mmpo =     6 DW = 0.00e+00 NNZ =       11 SPT = 0.6944 Tmvc = 0.000 T = 0.001
 Site =     9 /    32 .. Mmpo =     6 DW = 0.00e+00 NNZ =       11 SPT = 0.6944 Tmvc = 0.000 T = 0.001
 Site =    10 /    32 .. Mmpo =     6 DW = 0.00e+00 NNZ =       11 SPT = 0.6944 Tmvc = 0.000 T = 0.001
 Site =    11 /    32 .. Mmpo =     6 DW = 0.00e+00 NNZ =       11 SPT = 0.6944 Tmvc = 0.000 T = 0.001
 Site =    12 /    32 .. Mmpo =     6 DW = 0.00e+00 NNZ =       11 SPT = 0.6944 Tmvc = 0.000 T = 0.001
 Site =    13 /    32 .. Mmpo =     6 DW = 0.00e+00 NNZ =       11 SPT = 0.6944 Tmvc = 0.000 T = 0.001
 Site =    14 /    32 .. Mmpo =     6 DW = 0.00e+00 NNZ =       11 SPT = 0.6944 Tmvc = 0.000 T = 0.001
 Site =    15 /    32 .. Mmpo =     6 DW = 0.00e+00 NNZ =       11 SPT = 0.6944 Tmvc = 0.000 T = 0.001
 Site =    16 /    32 .. Mmpo =     6 DW = 0.00e+00 NNZ =       11 SPT = 0.6944 Tmvc = 0.000 T = 0.001
 Site =    17 /    32 .. Mmpo =     6 DW = 0.00e+00 NNZ =       11 SPT = 0.6944 Tmvc = 0.000 T = 0.001
 Site =    18 /    32 .. Mmpo =     6 DW = 0.00e+00 NNZ =       11 SPT = 0.6944 Tmvc = 0.000 T = 0.001
 Site =    19 /    32 .. Mmpo =     6 DW = 0.00e+00 NNZ =       11 SPT = 0.6944 Tmvc = 0.000 T = 0.001
 Site =    20 /    32 .. Mmpo =     6 DW = 0.00e+00 NNZ =       11 SPT = 0.6944 Tmvc = 0.000 T = 0.001
 Site =    21 /    32 .. Mmpo =     6 DW = 0.00e+00 NNZ =       11 SPT = 0.6944 Tmvc = 0.000 T = 0.001
 Site =    22 /    32 .. Mmpo =     6 DW = 0.00e+00 NNZ =       11 SPT = 0.6944 Tmvc = 0.000 T = 0.001
 Site =    23 /    32 .. Mmpo =     6 DW = 0.00e+00 NNZ =       11 SPT = 0.6944 Tmvc = 0.000 T = 0.001
 Site =    24 /    32 .. Mmpo =     6 DW = 0.00e+00 NNZ =       11 SPT = 0.6944 Tmvc = 0.000 T = 0.001
 Site =    25 /    32 .. Mmpo =     6 DW = 0.00e+00 NNZ =       11 SPT = 0.6944 Tmvc = 0.000 T = 0.001
 Site =    26 /    32 .. Mmpo =     6 DW = 0.00e+00 NNZ =       11 SPT = 0.6944 Tmvc = 0.000 T = 0.001
 Site =    27 /    32 .. Mmpo =     6 DW = 0.00e+00 NNZ =       11 SPT = 0.6944 Tmvc = 0.000 T = 0.001
 Site =    28 /    32 .. Mmpo =     6 DW = 0.00e+00 NNZ =       11 SPT = 0.6944 Tmvc = 0.000 T = 0.001
 Site =    29 /    32 .. Mmpo =     6 DW = 0.00e+00 NNZ =       11 SPT = 0.6944 Tmvc = 0.000 T = 0.001
 Site =    30 /    32 .. Mmpo =     6 DW = 0.00e+00 NNZ =       11 SPT = 0.6944 Tmvc = 0.000 T = 0.001
 Site =    31 /    32 .. Mmpo =     1 DW = 0.00e+00 NNZ =        6 SPT = 0.0000 Tmvc = 0.000 T = 0.000
Ttotal =      0.025 Tmvc-total = 0.000 MPO bond dimension =     6 MaxDW = 0.00e+00
NNZ =          342 SIZE =         1092 SPT = 0.6868

Rank =     0 Ttotal =      0.051 MPO method = FastBipartite bond dimension =       6 NNZ =          342 SIZE =         1092 SPT = 0.6868


START TIME EVOLUTION (te_type = tdvp)

 ************************************************** 


Time Evolution  DELTA T = RE      0.00000000 + IM      0.10000000
Time Evolution TARGET T = RE      0.00000000 + IM      1.00000000
Time Evolution   NSTEPS =         10
Sweep =    0 | Direction =  forward | Beta = (0.00000,0.05000) | Bond dimension =  400 | Noise =  0.00e+00
Time elapsed =    356.655 | E = (-38.6287091404,-0.0000000000) | Norm^2 =       0.9999999975 | DW = 5.10e-10
Sweep =    1 | Direction = backward | Beta = (0.00000,0.05000) | Bond dimension =  400 | Noise =  0.00e+00
Time elapsed =    860.653 | E = (-38.6287091385,0.0000000000) | Norm^2 =       0.9999999950 | DW = 5.12e-10
T =    0.00000 +    0.10000i <E> =  -38.628709138474193 +    0.00000i <Norm^2> =    0.999999994961052 +    0.00000i
Sweep =    0 | Direction =  forward | Beta = (0.00000,0.05000) | Bond dimension =  400 | Noise =  0.00e+00
Time elapsed =    509.541 | E = (-38.6287091372,-0.0000000000) | Norm^2 =       0.9999999922 | DW = 5.17e-10
Sweep =    1 | Direction = backward | Beta = (0.00000,0.05000) | Bond dimension =  400 | Noise =  0.00e+00
Time elapsed =   1028.877 | E = (-38.6287091367,-0.0000000000) | Norm^2 =       0.9999999892 | DW = 5.24e-10
T =    0.00000 +    0.20000i <E> =  -38.628709136711599 +   -0.00000i <Norm^2> =    0.999999989168341 +    0.00000i
Sweep =    0 | Direction =  forward | Beta = (0.00000,0.05000) | Bond dimension =  400 | Noise =  0.00e+00
Time elapsed =    455.603 | E = (-38.6287091372,-0.0000000000) | Norm^2 =       0.9999999858 | DW = 5.33e-10
Sweep =    1 | Direction = backward | Beta = (0.00000,0.05000) | Bond dimension =  400 | Noise =  0.00e+00
Time elapsed =    897.737 | E = (-38.6287091386,0.0000000000) | Norm^2 =       0.9999999822 | DW = 5.49e-10
T =    0.00000 +    0.30000i <E> =  -38.628709138645746 +    0.00000i <Norm^2> =    0.999999982202134 +    0.00000i
Sweep =    0 | Direction =  forward | Beta = (0.00000,0.05000) | Bond dimension =  400 | Noise =  0.00e+00
Time elapsed =    452.715 | E = (-38.6287091408,-0.0000000000) | Norm^2 =       0.9999999783 | DW = 6.16e-10
Sweep =    1 | Direction = backward | Beta = (0.00000,0.05000) | Bond dimension =  400 | Noise =  0.00e+00
Time elapsed =    907.298 | E = (-38.6287091434,0.0000000000) | Norm^2 =       0.9999999742 | DW = 6.69e-10
T =    0.00000 +    0.40000i <E> =  -38.628709143389671 +    0.00000i <Norm^2> =    0.999999974182718 +    0.00000i
Sweep =    0 | Direction =  forward | Beta = (0.00000,0.05000) | Bond dimension =  400 | Noise =  0.00e+00
Time elapsed =    475.428 | E = (-38.6287091462,-0.0000000000) | Norm^2 =       0.9999999699 | DW = 7.04e-10
Sweep =    1 | Direction = backward | Beta = (0.00000,0.05000) | Bond dimension =  400 | Noise =  0.00e+00
Time elapsed =    925.094 | E = (-38.6287091491,0.0000000000) | Norm^2 =       0.9999999655 | DW = 7.21e-10
T =    0.00000 +    0.50000i <E> =  -38.628709149064882 +    0.00000i <Norm^2> =    0.999999965546513 +    0.00000i
Sweep =    0 | Direction =  forward | Beta = (0.00000,0.05000) | Bond dimension =  400 | Noise =  0.00e+00
Time elapsed =    465.175 | E = (-38.6287091518,0.0000000000) | Norm^2 =       0.9999999611 | DW = 7.21e-10
Sweep =    1 | Direction = backward | Beta = (0.00000,0.05000) | Bond dimension =  400 | Noise =  0.00e+00
Time elapsed =    935.247 | E = (-38.6287091545,-0.0000000000) | Norm^2 =       0.9999999567 | DW = 7.08e-10
T =    0.00000 +    0.60000i <E> =  -38.628709154457312 +   -0.00000i <Norm^2> =    0.999999956691686 +    0.00000i
Sweep =    0 | Direction =  forward | Beta = (0.00000,0.05000) | Bond dimension =  400 | Noise =  0.00e+00
Time elapsed =    458.996 | E = (-38.6287091570,0.0000000000) | Norm^2 =       0.9999999522 | DW = 6.87e-10
Sweep =    1 | Direction = backward | Beta = (0.00000,0.05000) | Bond dimension =  400 | Noise =  0.00e+00
Time elapsed =    898.902 | E = (-38.6287091597,-0.0000000000) | Norm^2 =       0.9999999478 | DW = 6.65e-10
T =    0.00000 +    0.70000i <E> =  -38.628709159737461 +   -0.00000i <Norm^2> =    0.999999947792015 +    0.00000i
Sweep =    0 | Direction =  forward | Beta = (0.00000,0.05000) | Bond dimension =  400 | Noise =  0.00e+00
Time elapsed =    483.096 | E = (-38.6287091628,0.0000000000) | Norm^2 =       0.9999999433 | DW = 6.44e-10
Sweep =    1 | Direction = backward | Beta = (0.00000,0.05000) | Bond dimension =  400 | Noise =  0.00e+00
Time elapsed =   1001.769 | E = (-38.6287091664,-0.0000000000) | Norm^2 =       0.9999999388 | DW = 6.25e-10
T =    0.00000 +    0.80000i <E> =  -38.628709166395581 +   -0.00000i <Norm^2> =    0.999999938812328 +    0.00000i
Sweep =    0 | Direction =  forward | Beta = (0.00000,0.05000) | Bond dimension =  400 | Noise =  0.00e+00
Time elapsed =    554.186 | E = (-38.6287091702,-0.0000000000) | Norm^2 =       0.9999999343 | DW = 6.36e-10
Sweep =    1 | Direction = backward | Beta = (0.00000,0.05000) | Bond dimension =  400 | Noise =  0.00e+00
Time elapsed =   1039.248 | E = (-38.6287091741,-0.0000000000) | Norm^2 =       0.9999999297 | DW = 6.44e-10
T =    0.00000 +    0.90000i <E> =  -38.628709174142358 +   -0.00000i <Norm^2> =    0.999999929700658 +    0.00000i
Sweep =    0 | Direction =  forward | Beta = (0.00000,0.05000) | Bond dimension =  400 | Noise =  0.00e+00
Time elapsed =    508.481 | E = (-38.6287091780,0.0000000000) | Norm^2 =       0.9999999251 | DW = 6.53e-10
Sweep =    1 | Direction = backward | Beta = (0.00000,0.05000) | Bond dimension =  400 | Noise =  0.00e+00
Time elapsed =   1013.913 | E = (-38.6287091817,0.0000000000) | Norm^2 =       0.9999999204 | DW = 6.63e-10
T =    0.00000 +    1.00000i <E> =  -38.628709181714996 +    0.00000i <Norm^2> =    0.999999920389961 +    0.00000i

Time = 1.00
Total energy = -38.628709+0.000000j
WF norm = 1.000000+0.000000j
<occ j=15> = 1.000248-0.000000j
<sz  j=15> = -0.123527-0.000000j
<Sdz j=15> = -0.492048-0.000000j
<J   j=15>/Vb = 0.615975
Total <occ_> = 32.000000
Total <sz_> = -0.007952
Total <Sdz_> = -0.492048
Total <G_> = 1.080966
Total <conc_> = nan

Time = 2.00
Total energy = -38.628709-0.000000j
WF norm = 1.000000+0.000000j
<occ j=15> = 1.000911-0.000000j
<sz  j=15> = -0.129500+0.000000j
<Sdz j=15> = -0.477446-0.000000j
<J   j=15>/Vb = 0.874868
Total <occ_> = 32.000000
Total <sz_> = -0.022554
Total <Sdz_> = -0.477446
Total <G_> = 1.492805
Total <conc_> = nan

Time = 3.00
Total energy = -38.628709-0.000000j
WF norm = 1.000000+0.000000j
<occ j=15> = 1.001836-0.000000j
<sz  j=15> = -0.123894+0.000000j
<Sdz j=15> = -0.466745+0.000000j
<J   j=15>/Vb = 0.960938
Total <occ_> = 32.000000
Total <sz_> = -0.033255
Total <Sdz_> = -0.466745
Total <G_> = 1.603330
Total <conc_> = nan

Time = 4.00
Total energy = -38.628710-0.000000j
WF norm = 0.999999+0.000000j
<occ j=15> = 1.002916-0.000000j
<sz  j=15> = -0.113646+0.000000j
<Sdz j=15> = -0.460479+0.000000j
<J   j=15>/Vb = 1.019002
Total <occ_> = 32.000000
Total <sz_> = -0.039521
Total <Sdz_> = -0.460479
Total <G_> = 1.680228
Total <conc_> = nan

Time = 5.00
Total energy = -38.628710+0.000000j
WF norm = 0.999998+0.000000j
<occ j=15> = 1.004100+0.000000j
<sz  j=15> = -0.103846-0.000000j
<Sdz j=15> = -0.456517-0.000000j
<J   j=15>/Vb = 1.054249
Total <occ_> = 32.000000
Total <sz_> = -0.043483
Total <Sdz_> = -0.456517
Total <G_> = 1.724355
Total <conc_> = nan

Time = 6.00
Total energy = -38.628712-0.000000j
WF norm = 0.999996-0.000000j
<occ j=15> = 1.005351-0.000000j
<sz  j=15> = -0.096148+0.000000j
<Sdz j=15> = -0.453545-0.000000j
<J   j=15>/Vb = 1.073919
Total <occ_> = 32.000000
Total <sz_> = -0.046455
Total <Sdz_> = -0.453545
Total <G_> = 1.747257
Total <conc_> = nan

Time = 7.00
Total energy = -38.628716-0.000000j
WF norm = 0.999992-0.000000j
<occ j=15> = 1.006644-0.000000j
<sz  j=15> = -0.090749-0.000000j
<Sdz j=15> = -0.450890-0.000000j
<J   j=15>/Vb = 1.089202
Total <occ_> = 32.000000
Total <sz_> = -0.049110
Total <Sdz_> = -0.450890
Total <G_> = 1.767667
Total <conc_> = nan

Time = 8.00
Total energy = -38.628720-0.000000j
WF norm = 0.999987-0.000000j
<occ j=15> = 1.007962-0.000000j
<sz  j=15> = -0.086862+0.000000j
<Sdz j=15> = -0.448386-0.000000j
<J   j=15>/Vb = 1.100311
Total <occ_> = 32.000000
Total <sz_> = -0.051614
Total <Sdz_> = -0.448386
Total <G_> = 1.783637
Total <conc_> = nan

Time = 9.00
Total energy = -38.628724+0.000000j
WF norm = 0.999981-0.000000j
<occ j=15> = 1.009297+0.000000j
<sz  j=15> = -0.083875-0.000000j
<Sdz j=15> = -0.446096-0.000000j
<J   j=15>/Vb = 1.107447
Total <occ_> = 32.000000
Total <sz_> = -0.053904
Total <Sdz_> = -0.446096
Total <G_> = 1.792790
Total <conc_> = nan

Time = 10.00
Total energy = -38.628729+0.000000j
WF norm = 0.999975-0.000000j
<occ j=15> = 1.010653+0.000000j
<sz  j=15> = -0.081500+0.000000j
<Sdz j=15> = -0.444037-0.000000j
<J   j=15>/Vb = 1.114618
Total <occ_> = 32.000000
Total <sz_> = -0.055963
Total <Sdz_> = -0.444037
Total <G_> = 1.798529
Total <conc_> = nan

Time = 11.00
Total energy = -38.628733-0.000000j
WF norm = 0.999970+0.000000j
<occ j=15> = 1.012037+0.000000j
<sz  j=15> = -0.079478+0.000000j
<Sdz j=15> = -0.442218+0.000000j
<J   j=15>/Vb = 1.120235
Total <occ_> = 32.000000
Total <sz_> = -0.057782
Total <Sdz_> = -0.442218
Total <G_> = 1.803560
Total <conc_> = nan

Time = 12.00
Total energy = -38.628737-0.000000j
WF norm = 0.999965+0.000000j
<occ j=15> = 1.013425+0.000000j
<sz  j=15> = -0.077703+0.000000j
<Sdz j=15> = -0.440653-0.000000j
<J   j=15>/Vb = 1.120682
Total <occ_> = 32.000000
Total <sz_> = -0.059347
Total <Sdz_> = -0.440653
Total <G_> = 1.806848
Total <conc_> = nan

Time = 13.00
Total energy = -38.628740-0.000000j
WF norm = 0.999961+0.000000j
<occ j=15> = 1.014805+0.000000j
<sz  j=15> = -0.076208+0.000000j
<Sdz j=15> = -0.439298+0.000000j
<J   j=15>/Vb = 1.118923
Total <occ_> = 32.000000
Total <sz_> = -0.060702
Total <Sdz_> = -0.439298
Total <G_> = 1.804695
Total <conc_> = nan

Time = 14.00
Total energy = -38.628743-0.000000j
WF norm = 0.999958+0.000000j
<occ j=15> = 1.016177-0.000000j
<sz  j=15> = -0.074834-0.000000j
<Sdz j=15> = -0.438162+0.000000j
<J   j=15>/Vb = 1.107407
Total <occ_> = 32.000000
Total <sz_> = -0.061838
Total <Sdz_> = -0.438162
Total <G_> = 1.787643
Total <conc_> = nan

Time = 15.00
Total energy = -38.628744-0.000000j
WF norm = 0.999956+0.000000j
<occ j=15> = 1.017512+0.000000j
<sz  j=15> = -0.073321-0.000000j
<Sdz j=15> = -0.437369-0.000000j
<J   j=15>/Vb = 1.071419
Total <occ_> = 32.000000
Total <sz_> = -0.062631
Total <Sdz_> = -0.437369
Total <G_> = 1.734824
Total <conc_> = nan

Time = 16.00
Total energy = -38.628746-0.000000j
WF norm = 0.999955-0.000000j
<occ j=15> = 1.018731-0.000000j
<sz  j=15> = -0.071809+0.000000j
<Sdz j=15> = -0.437011+0.000000j
<J   j=15>/Vb = 0.957491
Total <occ_> = 32.000000
Total <sz_> = -0.062989
Total <Sdz_> = -0.437011
Total <G_> = 1.568390
Total <conc_> = nan

Time = 17.00
Total energy = -38.628747+0.000000j
WF norm = 0.999954-0.000000j
<occ j=15> = 1.019624+0.000000j
<sz  j=15> = -0.070975+0.000000j
<Sdz j=15> = -0.436966-0.000000j
<J   j=15>/Vb = 0.655034
Total <occ_> = 32.000000
Total <sz_> = -0.063034
Total <Sdz_> = -0.436966
Total <G_> = 1.110004
Total <conc_> = nan

Time = 18.00
Total energy = -38.628748-0.000000j
WF norm = 0.999953-0.000000j
<occ j=15> = 1.019970+0.000000j
<sz  j=15> = -0.071355-0.000000j
<Sdz j=15> = -0.436882-0.000000j
<J   j=15>/Vb = 0.124695
Total <occ_> = 32.000000
Total <sz_> = -0.063118
Total <Sdz_> = -0.436882
Total <G_> = 0.224081
Total <conc_> = nan

Time = 19.00
Total energy = -38.628749-0.000000j
WF norm = 0.999953+0.000000j
<occ j=15> = 1.019889-0.000000j
<sz  j=15> = -0.072341+0.000000j
<Sdz j=15> = -0.436510+0.000000j
<J   j=15>/Vb = -0.421942
Total <occ_> = 32.000000
Total <sz_> = -0.063490
Total <Sdz_> = -0.436510
Total <G_> = -0.781599
Total <conc_> = nan

Time = 20.00
Total energy = -38.628751-0.000000j
WF norm = 0.999952+0.000000j
<occ j=15> = 1.019530-0.000000j
<sz  j=15> = -0.072671+0.000000j
<Sdz j=15> = -0.435995+0.000000j
<J   j=15>/Vb = -0.705995
Total <occ_> = 32.000000
Total <sz_> = -0.064005
Total <Sdz_> = -0.435995
Total <G_> = -1.214826
Total <conc_> = nan

Time = 21.00
Total energy = -38.628752-0.000000j
WF norm = 0.999951+0.000000j
<occ j=15> = 1.018353-0.000000j
<sz  j=15> = -0.072894+0.000000j
<Sdz j=15> = -0.435350+0.000000j
<J   j=15>/Vb = -0.819666
Total <occ_> = 32.000000
Total <sz_> = -0.064650
Total <Sdz_> = -0.435350
Total <G_> = -1.068854
Total <conc_> = nan

Time = 22.00
Total energy = -38.628754+0.000000j
WF norm = 0.999950+0.000000j
<occ j=15> = 1.016029-0.000000j
<sz  j=15> = -0.074157+0.000000j
<Sdz j=15> = -0.434367+0.000000j
<J   j=15>/Vb = -0.971389
Total <occ_> = 32.000000
Total <sz_> = -0.065633
Total <Sdz_> = -0.434367
Total <G_> = -1.123734
Total <conc_> = nan

Time = 23.00
Total energy = -38.628756+0.000000j
WF norm = 0.999948-0.000000j
<occ j=15> = 1.013671+0.000000j
<sz  j=15> = -0.074386-0.000000j
<Sdz j=15> = -0.433761-0.000000j
<J   j=15>/Vb = -1.025805
Total <occ_> = 32.000000
Total <sz_> = -0.066239
Total <Sdz_> = -0.433761
Total <G_> = -1.450133
Total <conc_> = nan

Time = 24.00
Total energy = -38.628759-0.000000j
WF norm = 0.999945-0.000000j
<occ j=15> = 1.012257+0.000000j
<sz  j=15> = -0.072436-0.000000j
<Sdz j=15> = -0.434217-0.000000j
<J   j=15>/Vb = -0.951811
Total <occ_> = 32.000000
Total <sz_> = -0.065783
Total <Sdz_> = -0.434217
Total <G_> = -1.579088
Total <conc_> = nan

Time = 25.00
Total energy = -38.628762-0.000000j
WF norm = 0.999941-0.000000j
<occ j=15> = 1.011271-0.000000j
<sz  j=15> = -0.070578+0.000000j
<Sdz j=15> = -0.435137-0.000000j
<J   j=15>/Vb = -0.966844
Total <occ_> = 32.000000
Total <sz_> = -0.064863
Total <Sdz_> = -0.435137
Total <G_> = -1.593776
Total <conc_> = nan

Time = 26.00
Total energy = -38.628767+0.000000j
WF norm = 0.999936+0.000000j
<occ j=15> = 1.009990-0.000000j
<sz  j=15> = -0.069636-0.000000j
<Sdz j=15> = -0.435928-0.000000j
<J   j=15>/Vb = -1.062411
Total <occ_> = 32.000000
Total <sz_> = -0.064072
Total <Sdz_> = -0.435928
Total <G_> = -1.674384
Total <conc_> = nan

Time = 27.00
Total energy = -38.628772+0.000000j
WF norm = 0.999930+0.000000j
<occ j=15> = 1.008595-0.000000j
<sz  j=15> = -0.068589+0.000000j
<Sdz j=15> = -0.436773+0.000000j
<J   j=15>/Vb = -1.076879
Total <occ_> = 32.000000
Total <sz_> = -0.063227
Total <Sdz_> = -0.436773
Total <G_> = -1.755244
Total <conc_> = nan

Time = 28.00
Total energy = -38.628777-0.000000j
WF norm = 0.999924+0.000000j
<occ j=15> = 1.007497-0.000000j
<sz  j=15> = -0.066830-0.000000j
<Sdz j=15> = -0.438180-0.000000j
<J   j=15>/Vb = -1.043225
Total <occ_> = 32.000000
Total <sz_> = -0.061820
Total <Sdz_> = -0.438180
Total <G_> = -1.779878
Total <conc_> = nan

Time = 29.00
Total energy = -38.628781+0.000000j
WF norm = 0.999919-0.000000j
<occ j=15> = 1.006499-0.000000j
<sz  j=15> = -0.065065-0.000000j
<Sdz j=15> = -0.440149-0.000000j
<J   j=15>/Vb = -1.063992
Total <occ_> = 32.000000
Total <sz_> = -0.059851
Total <Sdz_> = -0.440149
Total <G_> = -1.790522
Total <conc_> = nan

Time = 30.00
Total energy = -38.628785-0.000000j
WF norm = 0.999915-0.000000j
<occ j=15> = 1.005340+0.000000j
<sz  j=15> = -0.063488-0.000000j
<Sdz j=15> = -0.442487+0.000000j
<J   j=15>/Vb = -1.089584
Total <occ_> = 32.000000
Total <sz_> = -0.057513
Total <Sdz_> = -0.442487
Total <G_> = -1.801733
Total <conc_> = nan
stop time: 
Tue Mar 26 16:11:21 EDT 2024
