#### SLURM ####
pwd: 
/blue/m2qm-efrc/cpbunker/GitHub/transport
host: 
c0706a-s15.ufhpc

# conda environments:
#
base                   /apps/conda/25.3.1
block2               * /blue/m2qm-efrc/cpbunker/condaenvs/block2
vasp                   /blue/m2qm-efrc/cpbunker/condaenvs/vasp

#### PYTHON ####
start time: 
Tue Jun  3 16:30:56 EDT 2025

/blue/m2qm-efrc/cpbunker/GitHub/transport/transport/tddmrg/__init__.py:181: RuntimeWarning: divide by zero encountered in log
  ents[sitei] = np.trace( -oneorb_rdm*np.log(oneorb_rdm));
/blue/m2qm-efrc/cpbunker/GitHub/transport/transport/tddmrg/__init__.py:181: RuntimeWarning: invalid value encountered in multiply
  ents[sitei] = np.trace( -oneorb_rdm*np.log(oneorb_rdm));
/blue/m2qm-efrc/cpbunker/GitHub/transport/transport/tddmrg/__init__.py:513: RuntimeWarning: invalid value encountered in subtract
  minfo = 0.5 * (ents1[:, None] + ents1[None, :] - ents2) * (1 - np.identity(len(ents1))); # (-1) * 2013 Reiher Eq (3)
/blue/m2qm-efrc/cpbunker/GitHub/transport/transport/tddmrg/__init__.py:513: RuntimeWarning: invalid value encountered in multiply
  minfo = 0.5 * (ents1[:, None] + ents1[None, :] - ents2) * (1 - np.identity(len(ents1))); # (-1) * 2013 Reiher Eq (3)
/blue/m2qm-efrc/cpbunker/GitHub/transport/transport/tddmrg/__init__.py:181: RuntimeWarning: divide by zero encountered in log
  ents[sitei] = np.trace( -oneorb_rdm*np.log(oneorb_rdm));
/blue/m2qm-efrc/cpbunker/GitHub/transport/transport/tddmrg/__init__.py:181: RuntimeWarning: invalid value encountered in multiply
  ents[sitei] = np.trace( -oneorb_rdm*np.log(oneorb_rdm));
/blue/m2qm-efrc/cpbunker/GitHub/transport/transport/tddmrg/__init__.py:513: RuntimeWarning: invalid value encountered in subtract
  minfo = 0.5 * (ents1[:, None] + ents1[None, :] - ents2) * (1 - np.identity(len(ents1))); # (-1) * 2013 Reiher Eq (3)
/blue/m2qm-efrc/cpbunker/GitHub/transport/transport/tddmrg/__init__.py:513: RuntimeWarning: invalid value encountered in multiply
  minfo = 0.5 * (ents1[:, None] + ents1[None, :] - ents2) * (1 - np.identity(len(ents1))); # (-1) * 2013 Reiher Eq (3)
>>> PWD:  /blue/m2qm-efrc/cpbunker/GitHub/transport
>>> Params =  {'sys_type': 'STT_RM', 'u': 0.0, 'v': -1.0, 'w': -1.0, 'Vconf': 30.0, 'Be': 0.0, 'BFM': 0.0, 'Jmax': 100.0, 'phient': 0, 'Jsd': 1.0, 'NL': 15, 'NFM': 1, 'NR': 15, 'Nconf': 15, 'Ne': 10, 'TwoSz': 0, 'TwoSd': 1, 'symmetry': 'Sz', 'ex_sites': [15, 15], 'plot': 0, 'bdim_0': [150, 150, 150, 200, 200], 'bdim_t': [250], 'noises': [0.01, 0.001, 0.0001, 1e-05, 0.0], 'dmrg_sweeps': 20, 'cutoff': -1.0, 'te_type': 'tdvp', 'time_step': 0.1, 'tupdate': 4.0, 'Nupdates': 15}
>>> driver(n_sites=62, n_elec=10, spin=0)
TwoSdz_ladder =
 [ 1 -1]
four_Sdz = 
 [[ 0.5  0.   0.   0.   0.   0.   0.   0. ]
 [ 0.  -0.5  0.  -0.   0.  -0.   0.  -0. ]
 [ 0.   0.   0.5  0.   0.   0.   0.   0. ]
 [ 0.  -0.   0.  -0.5  0.  -0.   0.  -0. ]
 [ 0.   0.   0.   0.   0.5  0.   0.   0. ]
 [ 0.  -0.   0.  -0.   0.  -0.5  0.  -0. ]
 [ 0.   0.   0.   0.   0.   0.   0.5  0. ]
 [ 0.  -0.   0.  -0.   0.  -0.   0.  -0.5]]
four_Sdminus = 
 [[0. 0. 0. 0. 0. 0. 0. 0.]
 [1. 0. 0. 0. 0. 0. 0. 0.]
 [0. 0. 0. 0. 0. 0. 0. 0.]
 [0. 0. 1. 0. 0. 0. 0. 0.]
 [0. 0. 0. 0. 0. 0. 0. 0.]
 [0. 0. 0. 0. 1. 0. 0. 0.]
 [0. 0. 0. 0. 0. 0. 0. 0.]
 [0. 0. 0. 0. 0. 0. 1. 0.]]
four_Sdplus = 
 [[0. 1. 0. 0. 0. 0. 0. 0.]
 [0. 0. 0. 0. 0. 0. 0. 0.]
 [0. 0. 0. 1. 0. 0. 0. 0.]
 [0. 0. 0. 0. 0. 0. 0. 0.]
 [0. 0. 0. 0. 0. 1. 0. 0.]
 [0. 0. 0. 0. 0. 0. 0. 0.]
 [0. 0. 0. 0. 0. 0. 0. 1.]
 [0. 0. 0. 0. 0. 0. 0. 0.]]
>>> (0, 1, 0)
>>> (0, -1, 0)
>>> (1, 2, 0)
>>> (1, 0, 0)
>>> (1, -2, 0)
>>> (2, 1, 0)
>>> (2, -1, 0)
>>> (0, 1, 0)
>>> (0, -1, 0)
>>> (1, 2, 0)
>>> (1, 0, 0)
>>> (1, -2, 0)
>>> (2, 1, 0)
>>> (2, -1, 0)
>>> Custom operators at  [30 31]

 ######################################## 
Constructed builder
 ######################################## 

>>> Jent  = 100.00
>>> Jent' = 0.00
Finalizing builder
Finalized builder
Ground state energy (DMRG) = -368.889589
>>> Init compute time = 124.72844767570496

Time = 0.00
Total energy = -368.889589-0.000000j
WF norm = 1.000000+0.000000j
<Sz d=30> = 0.000000-0.000000j
<Sz d=31> = -0.000000+0.000000j
<(S1+S2)^2> = 2.000000
1 + cos(phi)= 2.000000
ents2[31,30] = 0.0000000353
MI[30,31] = 0.693147 (max = 0.693147)
occ_ 
js =  [0, 1, 2, 3, 4, 5, 6, 7, 8, 9, 10, 11, 12, 13, 14, 15, 16, 17, 18, 19, 20, 21, 22, 23, 24, 25, 26, 27, 28, 29, 30, 31, 32, 33, 34, 35, 36, 37, 38, 39, 40, 41, 42, 43, 44, 45, 46, 47, 48, 49, 50, 51, 52, 53, 54, 55, 56, 57, 58, 59, 60, 61]
Total <occ_> = 10.000000
sz_ 
js =  [0, 1, 2, 3, 4, 5, 6, 7, 8, 9, 10, 11, 12, 13, 14, 15, 16, 17, 18, 19, 20, 21, 22, 23, 24, 25, 26, 27, 28, 29, 30, 31, 32, 33, 34, 35, 36, 37, 38, 39, 40, 41, 42, 43, 44, 45, 46, 47, 48, 49, 50, 51, 52, 53, 54, 55, 56, 57, 58, 59, 60, 61]
Total <sz_> = 0.000000
Sdz_ 
js =  [30, 31]
Total <Sdz_> = -0.000000
J_ 
js =  [30, 31, 30, 31, 32, 33]
Total <J_> = 0.000000
MI_ 
js =  [30, 31]
ents2[31,30] = 0.0000000353
Total <MI_> = nan
>>> driver(n_sites=62, n_elec=10, spin=0)
TwoSdz_ladder =
 [ 1 -1]
four_Sdz = 
 [[ 0.5  0.   0.   0.   0.   0.   0.   0. ]
 [ 0.  -0.5  0.  -0.   0.  -0.   0.  -0. ]
 [ 0.   0.   0.5  0.   0.   0.   0.   0. ]
 [ 0.  -0.   0.  -0.5  0.  -0.   0.  -0. ]
 [ 0.   0.   0.   0.   0.5  0.   0.   0. ]
 [ 0.  -0.   0.  -0.   0.  -0.5  0.  -0. ]
 [ 0.   0.   0.   0.   0.   0.   0.5  0. ]
 [ 0.  -0.   0.  -0.   0.  -0.   0.  -0.5]]
four_Sdminus = 
 [[0. 0. 0. 0. 0. 0. 0. 0.]
 [1. 0. 0. 0. 0. 0. 0. 0.]
 [0. 0. 0. 0. 0. 0. 0. 0.]
 [0. 0. 1. 0. 0. 0. 0. 0.]
 [0. 0. 0. 0. 0. 0. 0. 0.]
 [0. 0. 0. 0. 1. 0. 0. 0.]
 [0. 0. 0. 0. 0. 0. 0. 0.]
 [0. 0. 0. 0. 0. 0. 1. 0.]]
four_Sdplus = 
 [[0. 1. 0. 0. 0. 0. 0. 0.]
 [0. 0. 0. 0. 0. 0. 0. 0.]
 [0. 0. 0. 1. 0. 0. 0. 0.]
 [0. 0. 0. 0. 0. 0. 0. 0.]
 [0. 0. 0. 0. 0. 1. 0. 0.]
 [0. 0. 0. 0. 0. 0. 0. 0.]
 [0. 0. 0. 0. 0. 0. 0. 1.]
 [0. 0. 0. 0. 0. 0. 0. 0.]]
>>> (0, 1, 0)
>>> (0, -1, 0)
>>> (1, 2, 0)
>>> (1, 0, 0)
>>> (1, -2, 0)
>>> (2, 1, 0)
>>> (2, -1, 0)
>>> (0, 1, 0)
>>> (0, -1, 0)
>>> (1, 2, 0)
>>> (1, 0, 0)
>>> (1, -2, 0)
>>> (2, 1, 0)
>>> (2, -1, 0)
>>> Custom operators at  [30 31]

 ######################################## 
Constructed builder
 ######################################## 


Build MPO | Nsites =    62 | Nterms =        252 | Algorithm = FastBIP | Cutoff = 1.00e-14
 Site =     0 /    62 .. Mmpo =     5 DW = 0.00e+00 NNZ =        5 SPT = 0.0000 Tmvc = 0.000 T = 0.000
 Site =     1 /    62 .. Mmpo =     6 DW = 0.00e+00 NNZ =        9 SPT = 0.7000 Tmvc = 0.000 T = 0.000
 Site =     2 /    62 .. Mmpo =     6 DW = 0.00e+00 NNZ =       10 SPT = 0.7222 Tmvc = 0.000 T = 0.000
 Site =     3 /    62 .. Mmpo =     6 DW = 0.00e+00 NNZ =       10 SPT = 0.7222 Tmvc = 0.000 T = 0.000
 Site =     4 /    62 .. Mmpo =     6 DW = 0.00e+00 NNZ =       10 SPT = 0.7222 Tmvc = 0.000 T = 0.000
 Site =     5 /    62 .. Mmpo =     6 DW = 0.00e+00 NNZ =       10 SPT = 0.7222 Tmvc = 0.000 T = 0.000
 Site =     6 /    62 .. Mmpo =     6 DW = 0.00e+00 NNZ =       10 SPT = 0.7222 Tmvc = 0.000 T = 0.000
 Site =     7 /    62 .. Mmpo =     6 DW = 0.00e+00 NNZ =       10 SPT = 0.7222 Tmvc = 0.000 T = 0.000
 Site =     8 /    62 .. Mmpo =     6 DW = 0.00e+00 NNZ =       10 SPT = 0.7222 Tmvc = 0.000 T = 0.000
 Site =     9 /    62 .. Mmpo =     6 DW = 0.00e+00 NNZ =       10 SPT = 0.7222 Tmvc = 0.000 T = 0.000
 Site =    10 /    62 .. Mmpo =     6 DW = 0.00e+00 NNZ =       10 SPT = 0.7222 Tmvc = 0.000 T = 0.000
 Site =    11 /    62 .. Mmpo =     6 DW = 0.00e+00 NNZ =       10 SPT = 0.7222 Tmvc = 0.000 T = 0.000
 Site =    12 /    62 .. Mmpo =     6 DW = 0.00e+00 NNZ =       10 SPT = 0.7222 Tmvc = 0.000 T = 0.000
 Site =    13 /    62 .. Mmpo =     6 DW = 0.00e+00 NNZ =       10 SPT = 0.7222 Tmvc = 0.000 T = 0.000
 Site =    14 /    62 .. Mmpo =     6 DW = 0.00e+00 NNZ =       10 SPT = 0.7222 Tmvc = 0.000 T = 0.000
 Site =    15 /    62 .. Mmpo =     6 DW = 0.00e+00 NNZ =       10 SPT = 0.7222 Tmvc = 0.000 T = 0.000
 Site =    16 /    62 .. Mmpo =     6 DW = 0.00e+00 NNZ =       10 SPT = 0.7222 Tmvc = 0.000 T = 0.000
 Site =    17 /    62 .. Mmpo =     6 DW = 0.00e+00 NNZ =       10 SPT = 0.7222 Tmvc = 0.000 T = 0.000
 Site =    18 /    62 .. Mmpo =     6 DW = 0.00e+00 NNZ =       10 SPT = 0.7222 Tmvc = 0.000 T = 0.000
 Site =    19 /    62 .. Mmpo =     6 DW = 0.00e+00 NNZ =       10 SPT = 0.7222 Tmvc = 0.000 T = 0.000
 Site =    20 /    62 .. Mmpo =     6 DW = 0.00e+00 NNZ =       10 SPT = 0.7222 Tmvc = 0.000 T = 0.000
 Site =    21 /    62 .. Mmpo =     6 DW = 0.00e+00 NNZ =       10 SPT = 0.7222 Tmvc = 0.000 T = 0.000
 Site =    22 /    62 .. Mmpo =     6 DW = 0.00e+00 NNZ =       10 SPT = 0.7222 Tmvc = 0.000 T = 0.000
 Site =    23 /    62 .. Mmpo =     6 DW = 0.00e+00 NNZ =       10 SPT = 0.7222 Tmvc = 0.000 T = 0.000
 Site =    24 /    62 .. Mmpo =     6 DW = 0.00e+00 NNZ =       10 SPT = 0.7222 Tmvc = 0.000 T = 0.000
 Site =    25 /    62 .. Mmpo =     6 DW = 0.00e+00 NNZ =       10 SPT = 0.7222 Tmvc = 0.000 T = 0.000
 Site =    26 /    62 .. Mmpo =     6 DW = 0.00e+00 NNZ =       10 SPT = 0.7222 Tmvc = 0.000 T = 0.000
 Site =    27 /    62 .. Mmpo =     6 DW = 0.00e+00 NNZ =       10 SPT = 0.7222 Tmvc = 0.000 T = 0.000
 Site =    28 /    62 .. Mmpo =     6 DW = 0.00e+00 NNZ =       10 SPT = 0.7222 Tmvc = 0.000 T = 0.000
 Site =    29 /    62 .. Mmpo =     6 DW = 0.00e+00 NNZ =       10 SPT = 0.7222 Tmvc = 0.000 T = 0.000
 Site =    30 /    62 .. Mmpo =     6 DW = 0.00e+00 NNZ =       11 SPT = 0.6944 Tmvc = 0.000 T = 0.001
 Site =    31 /    62 .. Mmpo =     6 DW = 0.00e+00 NNZ =       11 SPT = 0.6944 Tmvc = 0.000 T = 0.001
 Site =    32 /    62 .. Mmpo =     6 DW = 0.00e+00 NNZ =       10 SPT = 0.7222 Tmvc = 0.000 T = 0.000
 Site =    33 /    62 .. Mmpo =     6 DW = 0.00e+00 NNZ =       10 SPT = 0.7222 Tmvc = 0.000 T = 0.000
 Site =    34 /    62 .. Mmpo =     6 DW = 0.00e+00 NNZ =       10 SPT = 0.7222 Tmvc = 0.000 T = 0.000
 Site =    35 /    62 .. Mmpo =     6 DW = 0.00e+00 NNZ =       10 SPT = 0.7222 Tmvc = 0.000 T = 0.000
 Site =    36 /    62 .. Mmpo =     6 DW = 0.00e+00 NNZ =       10 SPT = 0.7222 Tmvc = 0.000 T = 0.000
 Site =    37 /    62 .. Mmpo =     6 DW = 0.00e+00 NNZ =       10 SPT = 0.7222 Tmvc = 0.000 T = 0.000
 Site =    38 /    62 .. Mmpo =     6 DW = 0.00e+00 NNZ =       10 SPT = 0.7222 Tmvc = 0.000 T = 0.000
 Site =    39 /    62 .. Mmpo =     6 DW = 0.00e+00 NNZ =       10 SPT = 0.7222 Tmvc = 0.000 T = 0.000
 Site =    40 /    62 .. Mmpo =     6 DW = 0.00e+00 NNZ =       10 SPT = 0.7222 Tmvc = 0.000 T = 0.000
 Site =    41 /    62 .. Mmpo =     6 DW = 0.00e+00 NNZ =       10 SPT = 0.7222 Tmvc = 0.000 T = 0.000
 Site =    42 /    62 .. Mmpo =     6 DW = 0.00e+00 NNZ =       10 SPT = 0.7222 Tmvc = 0.000 T = 0.000
 Site =    43 /    62 .. Mmpo =     6 DW = 0.00e+00 NNZ =       10 SPT = 0.7222 Tmvc = 0.000 T = 0.000
 Site =    44 /    62 .. Mmpo =     6 DW = 0.00e+00 NNZ =       10 SPT = 0.7222 Tmvc = 0.000 T = 0.000
 Site =    45 /    62 .. Mmpo =     6 DW = 0.00e+00 NNZ =       10 SPT = 0.7222 Tmvc = 0.000 T = 0.000
 Site =    46 /    62 .. Mmpo =     6 DW = 0.00e+00 NNZ =       10 SPT = 0.7222 Tmvc = 0.000 T = 0.000
 Site =    47 /    62 .. Mmpo =     6 DW = 0.00e+00 NNZ =       10 SPT = 0.7222 Tmvc = 0.000 T = 0.000
 Site =    48 /    62 .. Mmpo =     6 DW = 0.00e+00 NNZ =       10 SPT = 0.7222 Tmvc = 0.000 T = 0.000
 Site =    49 /    62 .. Mmpo =     6 DW = 0.00e+00 NNZ =       10 SPT = 0.7222 Tmvc = 0.000 T = 0.000
 Site =    50 /    62 .. Mmpo =     6 DW = 0.00e+00 NNZ =       10 SPT = 0.7222 Tmvc = 0.000 T = 0.000
 Site =    51 /    62 .. Mmpo =     6 DW = 0.00e+00 NNZ =       10 SPT = 0.7222 Tmvc = 0.000 T = 0.000
 Site =    52 /    62 .. Mmpo =     6 DW = 0.00e+00 NNZ =       10 SPT = 0.7222 Tmvc = 0.000 T = 0.000
 Site =    53 /    62 .. Mmpo =     6 DW = 0.00e+00 NNZ =       10 SPT = 0.7222 Tmvc = 0.000 T = 0.000
 Site =    54 /    62 .. Mmpo =     6 DW = 0.00e+00 NNZ =       10 SPT = 0.7222 Tmvc = 0.000 T = 0.000
 Site =    55 /    62 .. Mmpo =     6 DW = 0.00e+00 NNZ =       10 SPT = 0.7222 Tmvc = 0.000 T = 0.000
 Site =    56 /    62 .. Mmpo =     6 DW = 0.00e+00 NNZ =       10 SPT = 0.7222 Tmvc = 0.000 T = 0.000
 Site =    57 /    62 .. Mmpo =     6 DW = 0.00e+00 NNZ =       10 SPT = 0.7222 Tmvc = 0.000 T = 0.000
 Site =    58 /    62 .. Mmpo =     6 DW = 0.00e+00 NNZ =       10 SPT = 0.7222 Tmvc = 0.000 T = 0.000
 Site =    59 /    62 .. Mmpo =     6 DW = 0.00e+00 NNZ =       10 SPT = 0.7222 Tmvc = 0.000 T = 0.000
 Site =    60 /    62 .. Mmpo =     5 DW = 0.00e+00 NNZ =        9 SPT = 0.7000 Tmvc = 0.000 T = 0.000
 Site =    61 /    62 .. Mmpo =     1 DW = 0.00e+00 NNZ =        5 SPT = 0.0000 Tmvc = 0.000 T = 0.000
Ttotal =      0.020 Tmvc-total = 0.000 MPO bond dimension =     6 MaxDW = 0.00e+00
NNZ =          610 SIZE =         2158 SPT = 0.7173

Rank =     0 Ttotal =      0.023 MPO method = FastBipartite bond dimension =       6 NNZ =          610 SIZE =         2158 SPT = 0.7173
/blue/m2qm-efrc/cpbunker/GitHub/transport/transport/tddmrg/__init__.py:181: RuntimeWarning: divide by zero encountered in log
  ents[sitei] = np.trace( -oneorb_rdm*np.log(oneorb_rdm));
/blue/m2qm-efrc/cpbunker/GitHub/transport/transport/tddmrg/__init__.py:181: RuntimeWarning: invalid value encountered in multiply
  ents[sitei] = np.trace( -oneorb_rdm*np.log(oneorb_rdm));
/blue/m2qm-efrc/cpbunker/GitHub/transport/transport/tddmrg/__init__.py:513: RuntimeWarning: invalid value encountered in subtract
  minfo = 0.5 * (ents1[:, None] + ents1[None, :] - ents2) * (1 - np.identity(len(ents1))); # (-1) * 2013 Reiher Eq (3)
/blue/m2qm-efrc/cpbunker/GitHub/transport/transport/tddmrg/__init__.py:513: RuntimeWarning: invalid value encountered in multiply
  minfo = 0.5 * (ents1[:, None] + ents1[None, :] - ents2) * (1 - np.identity(len(ents1))); # (-1) * 2013 Reiher Eq (3)
/blue/m2qm-efrc/cpbunker/GitHub/transport/transport/tddmrg/__init__.py:181: RuntimeWarning: divide by zero encountered in log
  ents[sitei] = np.trace( -oneorb_rdm*np.log(oneorb_rdm));
/blue/m2qm-efrc/cpbunker/GitHub/transport/transport/tddmrg/__init__.py:181: RuntimeWarning: invalid value encountered in multiply
  ents[sitei] = np.trace( -oneorb_rdm*np.log(oneorb_rdm));
/blue/m2qm-efrc/cpbunker/GitHub/transport/transport/tddmrg/__init__.py:513: RuntimeWarning: invalid value encountered in subtract
  minfo = 0.5 * (ents1[:, None] + ents1[None, :] - ents2) * (1 - np.identity(len(ents1))); # (-1) * 2013 Reiher Eq (3)
/blue/m2qm-efrc/cpbunker/GitHub/transport/transport/tddmrg/__init__.py:513: RuntimeWarning: invalid value encountered in multiply
  minfo = 0.5 * (ents1[:, None] + ents1[None, :] - ents2) * (1 - np.identity(len(ents1))); # (-1) * 2013 Reiher Eq (3)
/blue/m2qm-efrc/cpbunker/GitHub/transport/transport/tddmrg/__init__.py:181: RuntimeWarning: divide by zero encountered in log
  ents[sitei] = np.trace( -oneorb_rdm*np.log(oneorb_rdm));
/blue/m2qm-efrc/cpbunker/GitHub/transport/transport/tddmrg/__init__.py:181: RuntimeWarning: invalid value encountered in multiply
  ents[sitei] = np.trace( -oneorb_rdm*np.log(oneorb_rdm));
/blue/m2qm-efrc/cpbunker/GitHub/transport/transport/tddmrg/__init__.py:513: RuntimeWarning: invalid value encountered in subtract
  minfo = 0.5 * (ents1[:, None] + ents1[None, :] - ents2) * (1 - np.identity(len(ents1))); # (-1) * 2013 Reiher Eq (3)
/blue/m2qm-efrc/cpbunker/GitHub/transport/transport/tddmrg/__init__.py:513: RuntimeWarning: invalid value encountered in multiply
  minfo = 0.5 * (ents1[:, None] + ents1[None, :] - ents2) * (1 - np.identity(len(ents1))); # (-1) * 2013 Reiher Eq (3)
/blue/m2qm-efrc/cpbunker/GitHub/transport/transport/tddmrg/__init__.py:181: RuntimeWarning: divide by zero encountered in log
  ents[sitei] = np.trace( -oneorb_rdm*np.log(oneorb_rdm));
/blue/m2qm-efrc/cpbunker/GitHub/transport/transport/tddmrg/__init__.py:181: RuntimeWarning: invalid value encountered in multiply
  ents[sitei] = np.trace( -oneorb_rdm*np.log(oneorb_rdm));
/blue/m2qm-efrc/cpbunker/GitHub/transport/transport/tddmrg/__init__.py:513: RuntimeWarning: invalid value encountered in subtract
  minfo = 0.5 * (ents1[:, None] + ents1[None, :] - ents2) * (1 - np.identity(len(ents1))); # (-1) * 2013 Reiher Eq (3)
/blue/m2qm-efrc/cpbunker/GitHub/transport/transport/tddmrg/__init__.py:513: RuntimeWarning: invalid value encountered in multiply
  minfo = 0.5 * (ents1[:, None] + ents1[None, :] - ents2) * (1 - np.identity(len(ents1))); # (-1) * 2013 Reiher Eq (3)
/blue/m2qm-efrc/cpbunker/GitHub/transport/transport/tddmrg/__init__.py:181: RuntimeWarning: divide by zero encountered in log
  ents[sitei] = np.trace( -oneorb_rdm*np.log(oneorb_rdm));
/blue/m2qm-efrc/cpbunker/GitHub/transport/transport/tddmrg/__init__.py:181: RuntimeWarning: invalid value encountered in multiply
  ents[sitei] = np.trace( -oneorb_rdm*np.log(oneorb_rdm));
/blue/m2qm-efrc/cpbunker/GitHub/transport/transport/tddmrg/__init__.py:513: RuntimeWarning: invalid value encountered in subtract
  minfo = 0.5 * (ents1[:, None] + ents1[None, :] - ents2) * (1 - np.identity(len(ents1))); # (-1) * 2013 Reiher Eq (3)
/blue/m2qm-efrc/cpbunker/GitHub/transport/transport/tddmrg/__init__.py:513: RuntimeWarning: invalid value encountered in multiply
  minfo = 0.5 * (ents1[:, None] + ents1[None, :] - ents2) * (1 - np.identity(len(ents1))); # (-1) * 2013 Reiher Eq (3)
/blue/m2qm-efrc/cpbunker/GitHub/transport/transport/tddmrg/__init__.py:181: RuntimeWarning: divide by zero encountered in log
  ents[sitei] = np.trace( -oneorb_rdm*np.log(oneorb_rdm));
/blue/m2qm-efrc/cpbunker/GitHub/transport/transport/tddmrg/__init__.py:181: RuntimeWarning: invalid value encountered in multiply
  ents[sitei] = np.trace( -oneorb_rdm*np.log(oneorb_rdm));
/blue/m2qm-efrc/cpbunker/GitHub/transport/transport/tddmrg/__init__.py:513: RuntimeWarning: invalid value encountered in subtract
  minfo = 0.5 * (ents1[:, None] + ents1[None, :] - ents2) * (1 - np.identity(len(ents1))); # (-1) * 2013 Reiher Eq (3)
/blue/m2qm-efrc/cpbunker/GitHub/transport/transport/tddmrg/__init__.py:513: RuntimeWarning: invalid value encountered in multiply
  minfo = 0.5 * (ents1[:, None] + ents1[None, :] - ents2) * (1 - np.identity(len(ents1))); # (-1) * 2013 Reiher Eq (3)
/blue/m2qm-efrc/cpbunker/GitHub/transport/transport/tddmrg/__init__.py:181: RuntimeWarning: divide by zero encountered in log
  ents[sitei] = np.trace( -oneorb_rdm*np.log(oneorb_rdm));
/blue/m2qm-efrc/cpbunker/GitHub/transport/transport/tddmrg/__init__.py:181: RuntimeWarning: invalid value encountered in multiply
  ents[sitei] = np.trace( -oneorb_rdm*np.log(oneorb_rdm));
/blue/m2qm-efrc/cpbunker/GitHub/transport/transport/tddmrg/__init__.py:513: RuntimeWarning: invalid value encountered in subtract
  minfo = 0.5 * (ents1[:, None] + ents1[None, :] - ents2) * (1 - np.identity(len(ents1))); # (-1) * 2013 Reiher Eq (3)
/blue/m2qm-efrc/cpbunker/GitHub/transport/transport/tddmrg/__init__.py:513: RuntimeWarning: invalid value encountered in multiply
  minfo = 0.5 * (ents1[:, None] + ents1[None, :] - ents2) * (1 - np.identity(len(ents1))); # (-1) * 2013 Reiher Eq (3)
/blue/m2qm-efrc/cpbunker/GitHub/transport/transport/tddmrg/__init__.py:181: RuntimeWarning: divide by zero encountered in log
  ents[sitei] = np.trace( -oneorb_rdm*np.log(oneorb_rdm));
/blue/m2qm-efrc/cpbunker/GitHub/transport/transport/tddmrg/__init__.py:181: RuntimeWarning: invalid value encountered in multiply
  ents[sitei] = np.trace( -oneorb_rdm*np.log(oneorb_rdm));
/blue/m2qm-efrc/cpbunker/GitHub/transport/transport/tddmrg/__init__.py:513: RuntimeWarning: invalid value encountered in subtract
  minfo = 0.5 * (ents1[:, None] + ents1[None, :] - ents2) * (1 - np.identity(len(ents1))); # (-1) * 2013 Reiher Eq (3)
/blue/m2qm-efrc/cpbunker/GitHub/transport/transport/tddmrg/__init__.py:513: RuntimeWarning: invalid value encountered in multiply
  minfo = 0.5 * (ents1[:, None] + ents1[None, :] - ents2) * (1 - np.identity(len(ents1))); # (-1) * 2013 Reiher Eq (3)
/blue/m2qm-efrc/cpbunker/GitHub/transport/transport/tddmrg/__init__.py:181: RuntimeWarning: divide by zero encountered in log
  ents[sitei] = np.trace( -oneorb_rdm*np.log(oneorb_rdm));
/blue/m2qm-efrc/cpbunker/GitHub/transport/transport/tddmrg/__init__.py:181: RuntimeWarning: invalid value encountered in multiply
  ents[sitei] = np.trace( -oneorb_rdm*np.log(oneorb_rdm));
/blue/m2qm-efrc/cpbunker/GitHub/transport/transport/tddmrg/__init__.py:513: RuntimeWarning: invalid value encountered in subtract
  minfo = 0.5 * (ents1[:, None] + ents1[None, :] - ents2) * (1 - np.identity(len(ents1))); # (-1) * 2013 Reiher Eq (3)
/blue/m2qm-efrc/cpbunker/GitHub/transport/transport/tddmrg/__init__.py:513: RuntimeWarning: invalid value encountered in multiply
  minfo = 0.5 * (ents1[:, None] + ents1[None, :] - ents2) * (1 - np.identity(len(ents1))); # (-1) * 2013 Reiher Eq (3)
/blue/m2qm-efrc/cpbunker/GitHub/transport/transport/tddmrg/__init__.py:181: RuntimeWarning: divide by zero encountered in log
  ents[sitei] = np.trace( -oneorb_rdm*np.log(oneorb_rdm));
/blue/m2qm-efrc/cpbunker/GitHub/transport/transport/tddmrg/__init__.py:181: RuntimeWarning: invalid value encountered in multiply
  ents[sitei] = np.trace( -oneorb_rdm*np.log(oneorb_rdm));
/blue/m2qm-efrc/cpbunker/GitHub/transport/transport/tddmrg/__init__.py:513: RuntimeWarning: invalid value encountered in subtract
  minfo = 0.5 * (ents1[:, None] + ents1[None, :] - ents2) * (1 - np.identity(len(ents1))); # (-1) * 2013 Reiher Eq (3)
/blue/m2qm-efrc/cpbunker/GitHub/transport/transport/tddmrg/__init__.py:513: RuntimeWarning: invalid value encountered in multiply
  minfo = 0.5 * (ents1[:, None] + ents1[None, :] - ents2) * (1 - np.identity(len(ents1))); # (-1) * 2013 Reiher Eq (3)
/blue/m2qm-efrc/cpbunker/GitHub/transport/transport/tddmrg/__init__.py:181: RuntimeWarning: divide by zero encountered in log
  ents[sitei] = np.trace( -oneorb_rdm*np.log(oneorb_rdm));
/blue/m2qm-efrc/cpbunker/GitHub/transport/transport/tddmrg/__init__.py:181: RuntimeWarning: invalid value encountered in multiply
  ents[sitei] = np.trace( -oneorb_rdm*np.log(oneorb_rdm));
/blue/m2qm-efrc/cpbunker/GitHub/transport/transport/tddmrg/__init__.py:513: RuntimeWarning: invalid value encountered in subtract
  minfo = 0.5 * (ents1[:, None] + ents1[None, :] - ents2) * (1 - np.identity(len(ents1))); # (-1) * 2013 Reiher Eq (3)
/blue/m2qm-efrc/cpbunker/GitHub/transport/transport/tddmrg/__init__.py:513: RuntimeWarning: invalid value encountered in multiply
  minfo = 0.5 * (ents1[:, None] + ents1[None, :] - ents2) * (1 - np.identity(len(ents1))); # (-1) * 2013 Reiher Eq (3)
/blue/m2qm-efrc/cpbunker/GitHub/transport/transport/tddmrg/__init__.py:181: RuntimeWarning: divide by zero encountered in log
  ents[sitei] = np.trace( -oneorb_rdm*np.log(oneorb_rdm));
/blue/m2qm-efrc/cpbunker/GitHub/transport/transport/tddmrg/__init__.py:181: RuntimeWarning: invalid value encountered in multiply
  ents[sitei] = np.trace( -oneorb_rdm*np.log(oneorb_rdm));
/blue/m2qm-efrc/cpbunker/GitHub/transport/transport/tddmrg/__init__.py:513: RuntimeWarning: invalid value encountered in subtract
  minfo = 0.5 * (ents1[:, None] + ents1[None, :] - ents2) * (1 - np.identity(len(ents1))); # (-1) * 2013 Reiher Eq (3)
/blue/m2qm-efrc/cpbunker/GitHub/transport/transport/tddmrg/__init__.py:513: RuntimeWarning: invalid value encountered in multiply
  minfo = 0.5 * (ents1[:, None] + ents1[None, :] - ents2) * (1 - np.identity(len(ents1))); # (-1) * 2013 Reiher Eq (3)
/blue/m2qm-efrc/cpbunker/GitHub/transport/transport/tddmrg/__init__.py:181: RuntimeWarning: divide by zero encountered in log
  ents[sitei] = np.trace( -oneorb_rdm*np.log(oneorb_rdm));
/blue/m2qm-efrc/cpbunker/GitHub/transport/transport/tddmrg/__init__.py:181: RuntimeWarning: invalid value encountered in multiply
  ents[sitei] = np.trace( -oneorb_rdm*np.log(oneorb_rdm));
/blue/m2qm-efrc/cpbunker/GitHub/transport/transport/tddmrg/__init__.py:513: RuntimeWarning: invalid value encountered in subtract
  minfo = 0.5 * (ents1[:, None] + ents1[None, :] - ents2) * (1 - np.identity(len(ents1))); # (-1) * 2013 Reiher Eq (3)
/blue/m2qm-efrc/cpbunker/GitHub/transport/transport/tddmrg/__init__.py:513: RuntimeWarning: invalid value encountered in multiply
  minfo = 0.5 * (ents1[:, None] + ents1[None, :] - ents2) * (1 - np.identity(len(ents1))); # (-1) * 2013 Reiher Eq (3)
/blue/m2qm-efrc/cpbunker/GitHub/transport/transport/tddmrg/__init__.py:181: RuntimeWarning: divide by zero encountered in log
  ents[sitei] = np.trace( -oneorb_rdm*np.log(oneorb_rdm));
/blue/m2qm-efrc/cpbunker/GitHub/transport/transport/tddmrg/__init__.py:181: RuntimeWarning: invalid value encountered in multiply
  ents[sitei] = np.trace( -oneorb_rdm*np.log(oneorb_rdm));
/blue/m2qm-efrc/cpbunker/GitHub/transport/transport/tddmrg/__init__.py:513: RuntimeWarning: invalid value encountered in subtract
  minfo = 0.5 * (ents1[:, None] + ents1[None, :] - ents2) * (1 - np.identity(len(ents1))); # (-1) * 2013 Reiher Eq (3)
/blue/m2qm-efrc/cpbunker/GitHub/transport/transport/tddmrg/__init__.py:513: RuntimeWarning: invalid value encountered in multiply
  minfo = 0.5 * (ents1[:, None] + ents1[None, :] - ents2) * (1 - np.identity(len(ents1))); # (-1) * 2013 Reiher Eq (3)
/blue/m2qm-efrc/cpbunker/GitHub/transport/transport/tddmrg/__init__.py:181: RuntimeWarning: divide by zero encountered in log
  ents[sitei] = np.trace( -oneorb_rdm*np.log(oneorb_rdm));
/blue/m2qm-efrc/cpbunker/GitHub/transport/transport/tddmrg/__init__.py:181: RuntimeWarning: invalid value encountered in multiply
  ents[sitei] = np.trace( -oneorb_rdm*np.log(oneorb_rdm));
/blue/m2qm-efrc/cpbunker/GitHub/transport/transport/tddmrg/__init__.py:513: RuntimeWarning: invalid value encountered in subtract
  minfo = 0.5 * (ents1[:, None] + ents1[None, :] - ents2) * (1 - np.identity(len(ents1))); # (-1) * 2013 Reiher Eq (3)
/blue/m2qm-efrc/cpbunker/GitHub/transport/transport/tddmrg/__init__.py:513: RuntimeWarning: invalid value encountered in multiply
  minfo = 0.5 * (ents1[:, None] + ents1[None, :] - ents2) * (1 - np.identity(len(ents1))); # (-1) * 2013 Reiher Eq (3)
/blue/m2qm-efrc/cpbunker/GitHub/transport/transport/tddmrg/__init__.py:181: RuntimeWarning: divide by zero encountered in log
  ents[sitei] = np.trace( -oneorb_rdm*np.log(oneorb_rdm));
/blue/m2qm-efrc/cpbunker/GitHub/transport/transport/tddmrg/__init__.py:181: RuntimeWarning: invalid value encountered in multiply
  ents[sitei] = np.trace( -oneorb_rdm*np.log(oneorb_rdm));
/blue/m2qm-efrc/cpbunker/GitHub/transport/transport/tddmrg/__init__.py:513: RuntimeWarning: invalid value encountered in subtract
  minfo = 0.5 * (ents1[:, None] + ents1[None, :] - ents2) * (1 - np.identity(len(ents1))); # (-1) * 2013 Reiher Eq (3)
/blue/m2qm-efrc/cpbunker/GitHub/transport/transport/tddmrg/__init__.py:513: RuntimeWarning: invalid value encountered in multiply
  minfo = 0.5 * (ents1[:, None] + ents1[None, :] - ents2) * (1 - np.identity(len(ents1))); # (-1) * 2013 Reiher Eq (3)
/blue/m2qm-efrc/cpbunker/GitHub/transport/transport/tddmrg/__init__.py:181: RuntimeWarning: divide by zero encountered in log
  ents[sitei] = np.trace( -oneorb_rdm*np.log(oneorb_rdm));
/blue/m2qm-efrc/cpbunker/GitHub/transport/transport/tddmrg/__init__.py:181: RuntimeWarning: invalid value encountered in multiply
  ents[sitei] = np.trace( -oneorb_rdm*np.log(oneorb_rdm));
/blue/m2qm-efrc/cpbunker/GitHub/transport/transport/tddmrg/__init__.py:513: RuntimeWarning: invalid value encountered in subtract
  minfo = 0.5 * (ents1[:, None] + ents1[None, :] - ents2) * (1 - np.identity(len(ents1))); # (-1) * 2013 Reiher Eq (3)
/blue/m2qm-efrc/cpbunker/GitHub/transport/transport/tddmrg/__init__.py:513: RuntimeWarning: invalid value encountered in multiply
  minfo = 0.5 * (ents1[:, None] + ents1[None, :] - ents2) * (1 - np.identity(len(ents1))); # (-1) * 2013 Reiher Eq (3)
/blue/m2qm-efrc/cpbunker/GitHub/transport/transport/tddmrg/__init__.py:181: RuntimeWarning: divide by zero encountered in log
  ents[sitei] = np.trace( -oneorb_rdm*np.log(oneorb_rdm));
/blue/m2qm-efrc/cpbunker/GitHub/transport/transport/tddmrg/__init__.py:181: RuntimeWarning: invalid value encountered in multiply
  ents[sitei] = np.trace( -oneorb_rdm*np.log(oneorb_rdm));
/blue/m2qm-efrc/cpbunker/GitHub/transport/transport/tddmrg/__init__.py:513: RuntimeWarning: invalid value encountered in subtract
  minfo = 0.5 * (ents1[:, None] + ents1[None, :] - ents2) * (1 - np.identity(len(ents1))); # (-1) * 2013 Reiher Eq (3)
/blue/m2qm-efrc/cpbunker/GitHub/transport/transport/tddmrg/__init__.py:513: RuntimeWarning: invalid value encountered in multiply
  minfo = 0.5 * (ents1[:, None] + ents1[None, :] - ents2) * (1 - np.identity(len(ents1))); # (-1) * 2013 Reiher Eq (3)
/blue/m2qm-efrc/cpbunker/GitHub/transport/transport/tddmrg/__init__.py:181: RuntimeWarning: divide by zero encountered in log
  ents[sitei] = np.trace( -oneorb_rdm*np.log(oneorb_rdm));
/blue/m2qm-efrc/cpbunker/GitHub/transport/transport/tddmrg/__init__.py:181: RuntimeWarning: invalid value encountered in multiply
  ents[sitei] = np.trace( -oneorb_rdm*np.log(oneorb_rdm));
/blue/m2qm-efrc/cpbunker/GitHub/transport/transport/tddmrg/__init__.py:513: RuntimeWarning: invalid value encountered in subtract
  minfo = 0.5 * (ents1[:, None] + ents1[None, :] - ents2) * (1 - np.identity(len(ents1))); # (-1) * 2013 Reiher Eq (3)
/blue/m2qm-efrc/cpbunker/GitHub/transport/transport/tddmrg/__init__.py:513: RuntimeWarning: invalid value encountered in multiply
  minfo = 0.5 * (ents1[:, None] + ents1[None, :] - ents2) * (1 - np.identity(len(ents1))); # (-1) * 2013 Reiher Eq (3)
/blue/m2qm-efrc/cpbunker/GitHub/transport/transport/tddmrg/__init__.py:181: RuntimeWarning: divide by zero encountered in log
  ents[sitei] = np.trace( -oneorb_rdm*np.log(oneorb_rdm));
/blue/m2qm-efrc/cpbunker/GitHub/transport/transport/tddmrg/__init__.py:181: RuntimeWarning: invalid value encountered in multiply
  ents[sitei] = np.trace( -oneorb_rdm*np.log(oneorb_rdm));
/blue/m2qm-efrc/cpbunker/GitHub/transport/transport/tddmrg/__init__.py:513: RuntimeWarning: invalid value encountered in subtract
  minfo = 0.5 * (ents1[:, None] + ents1[None, :] - ents2) * (1 - np.identity(len(ents1))); # (-1) * 2013 Reiher Eq (3)
/blue/m2qm-efrc/cpbunker/GitHub/transport/transport/tddmrg/__init__.py:513: RuntimeWarning: invalid value encountered in multiply
  minfo = 0.5 * (ents1[:, None] + ents1[None, :] - ents2) * (1 - np.identity(len(ents1))); # (-1) * 2013 Reiher Eq (3)
/blue/m2qm-efrc/cpbunker/GitHub/transport/transport/tddmrg/__init__.py:181: RuntimeWarning: divide by zero encountered in log
  ents[sitei] = np.trace( -oneorb_rdm*np.log(oneorb_rdm));
/blue/m2qm-efrc/cpbunker/GitHub/transport/transport/tddmrg/__init__.py:181: RuntimeWarning: invalid value encountered in multiply
  ents[sitei] = np.trace( -oneorb_rdm*np.log(oneorb_rdm));
/blue/m2qm-efrc/cpbunker/GitHub/transport/transport/tddmrg/__init__.py:513: RuntimeWarning: invalid value encountered in subtract
  minfo = 0.5 * (ents1[:, None] + ents1[None, :] - ents2) * (1 - np.identity(len(ents1))); # (-1) * 2013 Reiher Eq (3)
/blue/m2qm-efrc/cpbunker/GitHub/transport/transport/tddmrg/__init__.py:513: RuntimeWarning: invalid value encountered in multiply
  minfo = 0.5 * (ents1[:, None] + ents1[None, :] - ents2) * (1 - np.identity(len(ents1))); # (-1) * 2013 Reiher Eq (3)
/blue/m2qm-efrc/cpbunker/GitHub/transport/transport/tddmrg/__init__.py:181: RuntimeWarning: divide by zero encountered in log
  ents[sitei] = np.trace( -oneorb_rdm*np.log(oneorb_rdm));
/blue/m2qm-efrc/cpbunker/GitHub/transport/transport/tddmrg/__init__.py:181: RuntimeWarning: invalid value encountered in multiply
  ents[sitei] = np.trace( -oneorb_rdm*np.log(oneorb_rdm));
/blue/m2qm-efrc/cpbunker/GitHub/transport/transport/tddmrg/__init__.py:513: RuntimeWarning: invalid value encountered in subtract
  minfo = 0.5 * (ents1[:, None] + ents1[None, :] - ents2) * (1 - np.identity(len(ents1))); # (-1) * 2013 Reiher Eq (3)
/blue/m2qm-efrc/cpbunker/GitHub/transport/transport/tddmrg/__init__.py:513: RuntimeWarning: invalid value encountered in multiply
  minfo = 0.5 * (ents1[:, None] + ents1[None, :] - ents2) * (1 - np.identity(len(ents1))); # (-1) * 2013 Reiher Eq (3)
/blue/m2qm-efrc/cpbunker/GitHub/transport/transport/tddmrg/__init__.py:181: RuntimeWarning: divide by zero encountered in log
  ents[sitei] = np.trace( -oneorb_rdm*np.log(oneorb_rdm));
/blue/m2qm-efrc/cpbunker/GitHub/transport/transport/tddmrg/__init__.py:181: RuntimeWarning: invalid value encountered in multiply
  ents[sitei] = np.trace( -oneorb_rdm*np.log(oneorb_rdm));
/blue/m2qm-efrc/cpbunker/GitHub/transport/transport/tddmrg/__init__.py:513: RuntimeWarning: invalid value encountered in subtract
  minfo = 0.5 * (ents1[:, None] + ents1[None, :] - ents2) * (1 - np.identity(len(ents1))); # (-1) * 2013 Reiher Eq (3)
/blue/m2qm-efrc/cpbunker/GitHub/transport/transport/tddmrg/__init__.py:513: RuntimeWarning: invalid value encountered in multiply
  minfo = 0.5 * (ents1[:, None] + ents1[None, :] - ents2) * (1 - np.identity(len(ents1))); # (-1) * 2013 Reiher Eq (3)
/blue/m2qm-efrc/cpbunker/GitHub/transport/transport/tddmrg/__init__.py:181: RuntimeWarning: divide by zero encountered in log
  ents[sitei] = np.trace( -oneorb_rdm*np.log(oneorb_rdm));
/blue/m2qm-efrc/cpbunker/GitHub/transport/transport/tddmrg/__init__.py:181: RuntimeWarning: invalid value encountered in multiply
  ents[sitei] = np.trace( -oneorb_rdm*np.log(oneorb_rdm));
/blue/m2qm-efrc/cpbunker/GitHub/transport/transport/tddmrg/__init__.py:513: RuntimeWarning: invalid value encountered in subtract
  minfo = 0.5 * (ents1[:, None] + ents1[None, :] - ents2) * (1 - np.identity(len(ents1))); # (-1) * 2013 Reiher Eq (3)
/blue/m2qm-efrc/cpbunker/GitHub/transport/transport/tddmrg/__init__.py:513: RuntimeWarning: invalid value encountered in multiply
  minfo = 0.5 * (ents1[:, None] + ents1[None, :] - ents2) * (1 - np.identity(len(ents1))); # (-1) * 2013 Reiher Eq (3)
/blue/m2qm-efrc/cpbunker/GitHub/transport/transport/tddmrg/__init__.py:181: RuntimeWarning: divide by zero encountered in log
  ents[sitei] = np.trace( -oneorb_rdm*np.log(oneorb_rdm));
/blue/m2qm-efrc/cpbunker/GitHub/transport/transport/tddmrg/__init__.py:181: RuntimeWarning: invalid value encountered in multiply
  ents[sitei] = np.trace( -oneorb_rdm*np.log(oneorb_rdm));
/blue/m2qm-efrc/cpbunker/GitHub/transport/transport/tddmrg/__init__.py:513: RuntimeWarning: invalid value encountered in subtract
  minfo = 0.5 * (ents1[:, None] + ents1[None, :] - ents2) * (1 - np.identity(len(ents1))); # (-1) * 2013 Reiher Eq (3)
/blue/m2qm-efrc/cpbunker/GitHub/transport/transport/tddmrg/__init__.py:513: RuntimeWarning: invalid value encountered in multiply
  minfo = 0.5 * (ents1[:, None] + ents1[None, :] - ents2) * (1 - np.identity(len(ents1))); # (-1) * 2013 Reiher Eq (3)
/blue/m2qm-efrc/cpbunker/GitHub/transport/transport/tddmrg/__init__.py:181: RuntimeWarning: divide by zero encountered in log
  ents[sitei] = np.trace( -oneorb_rdm*np.log(oneorb_rdm));
/blue/m2qm-efrc/cpbunker/GitHub/transport/transport/tddmrg/__init__.py:181: RuntimeWarning: invalid value encountered in multiply
  ents[sitei] = np.trace( -oneorb_rdm*np.log(oneorb_rdm));
/blue/m2qm-efrc/cpbunker/GitHub/transport/transport/tddmrg/__init__.py:513: RuntimeWarning: invalid value encountered in subtract
  minfo = 0.5 * (ents1[:, None] + ents1[None, :] - ents2) * (1 - np.identity(len(ents1))); # (-1) * 2013 Reiher Eq (3)
/blue/m2qm-efrc/cpbunker/GitHub/transport/transport/tddmrg/__init__.py:513: RuntimeWarning: invalid value encountered in multiply
  minfo = 0.5 * (ents1[:, None] + ents1[None, :] - ents2) * (1 - np.identity(len(ents1))); # (-1) * 2013 Reiher Eq (3)
/blue/m2qm-efrc/cpbunker/GitHub/transport/transport/tddmrg/__init__.py:181: RuntimeWarning: divide by zero encountered in log
  ents[sitei] = np.trace( -oneorb_rdm*np.log(oneorb_rdm));
/blue/m2qm-efrc/cpbunker/GitHub/transport/transport/tddmrg/__init__.py:181: RuntimeWarning: invalid value encountered in multiply
  ents[sitei] = np.trace( -oneorb_rdm*np.log(oneorb_rdm));
/blue/m2qm-efrc/cpbunker/GitHub/transport/transport/tddmrg/__init__.py:513: RuntimeWarning: invalid value encountered in subtract
  minfo = 0.5 * (ents1[:, None] + ents1[None, :] - ents2) * (1 - np.identity(len(ents1))); # (-1) * 2013 Reiher Eq (3)
/blue/m2qm-efrc/cpbunker/GitHub/transport/transport/tddmrg/__init__.py:513: RuntimeWarning: invalid value encountered in multiply
  minfo = 0.5 * (ents1[:, None] + ents1[None, :] - ents2) * (1 - np.identity(len(ents1))); # (-1) * 2013 Reiher Eq (3)
/blue/m2qm-efrc/cpbunker/GitHub/transport/transport/tddmrg/__init__.py:181: RuntimeWarning: divide by zero encountered in log
  ents[sitei] = np.trace( -oneorb_rdm*np.log(oneorb_rdm));
/blue/m2qm-efrc/cpbunker/GitHub/transport/transport/tddmrg/__init__.py:181: RuntimeWarning: invalid value encountered in multiply
  ents[sitei] = np.trace( -oneorb_rdm*np.log(oneorb_rdm));
/blue/m2qm-efrc/cpbunker/GitHub/transport/transport/tddmrg/__init__.py:513: RuntimeWarning: invalid value encountered in subtract
  minfo = 0.5 * (ents1[:, None] + ents1[None, :] - ents2) * (1 - np.identity(len(ents1))); # (-1) * 2013 Reiher Eq (3)
/blue/m2qm-efrc/cpbunker/GitHub/transport/transport/tddmrg/__init__.py:513: RuntimeWarning: invalid value encountered in multiply
  minfo = 0.5 * (ents1[:, None] + ents1[None, :] - ents2) * (1 - np.identity(len(ents1))); # (-1) * 2013 Reiher Eq (3)
/blue/m2qm-efrc/cpbunker/GitHub/transport/transport/tddmrg/__init__.py:181: RuntimeWarning: divide by zero encountered in log
  ents[sitei] = np.trace( -oneorb_rdm*np.log(oneorb_rdm));
/blue/m2qm-efrc/cpbunker/GitHub/transport/transport/tddmrg/__init__.py:181: RuntimeWarning: invalid value encountered in multiply
  ents[sitei] = np.trace( -oneorb_rdm*np.log(oneorb_rdm));
/blue/m2qm-efrc/cpbunker/GitHub/transport/transport/tddmrg/__init__.py:513: RuntimeWarning: invalid value encountered in subtract
  minfo = 0.5 * (ents1[:, None] + ents1[None, :] - ents2) * (1 - np.identity(len(ents1))); # (-1) * 2013 Reiher Eq (3)
/blue/m2qm-efrc/cpbunker/GitHub/transport/transport/tddmrg/__init__.py:513: RuntimeWarning: invalid value encountered in multiply
  minfo = 0.5 * (ents1[:, None] + ents1[None, :] - ents2) * (1 - np.identity(len(ents1))); # (-1) * 2013 Reiher Eq (3)
/blue/m2qm-efrc/cpbunker/GitHub/transport/transport/tddmrg/__init__.py:181: RuntimeWarning: divide by zero encountered in log
  ents[sitei] = np.trace( -oneorb_rdm*np.log(oneorb_rdm));
/blue/m2qm-efrc/cpbunker/GitHub/transport/transport/tddmrg/__init__.py:181: RuntimeWarning: invalid value encountered in multiply
  ents[sitei] = np.trace( -oneorb_rdm*np.log(oneorb_rdm));
/blue/m2qm-efrc/cpbunker/GitHub/transport/transport/tddmrg/__init__.py:513: RuntimeWarning: invalid value encountered in subtract
  minfo = 0.5 * (ents1[:, None] + ents1[None, :] - ents2) * (1 - np.identity(len(ents1))); # (-1) * 2013 Reiher Eq (3)
/blue/m2qm-efrc/cpbunker/GitHub/transport/transport/tddmrg/__init__.py:513: RuntimeWarning: invalid value encountered in multiply
  minfo = 0.5 * (ents1[:, None] + ents1[None, :] - ents2) * (1 - np.identity(len(ents1))); # (-1) * 2013 Reiher Eq (3)


START TIME EVOLUTION (te_type = tdvp)

 ************************************************** 


	 driver.mpi =  None
	 global threads = 4

>>>> Evol CPU time = 184.3 min


Time = 4.00
Total energy = -18.891742+0.000000j
WF norm = 1.000000+0.000000j
<Sz d=30> = 0.000000+0.000000j
<Sz d=31> = 0.000000+0.000000j
<(S1+S2)^2> = 1.989625
1 + cos(phi)= 2.000000
ents2[31,30] = 0.2050853223
MI[30,31] = 0.590605 (max = 0.693147)
occ_ 
js =  [0, 1, 2, 3, 4, 5, 6, 7, 8, 9, 10, 11, 12, 13, 14, 15, 16, 17, 18, 19, 20, 21, 22, 23, 24, 25, 26, 27, 28, 29, 30, 31, 32, 33, 34, 35, 36, 37, 38, 39, 40, 41, 42, 43, 44, 45, 46, 47, 48, 49, 50, 51, 52, 53, 54, 55, 56, 57, 58, 59, 60, 61]
Total <occ_> = 10.000000
sz_ 
js =  [0, 1, 2, 3, 4, 5, 6, 7, 8, 9, 10, 11, 12, 13, 14, 15, 16, 17, 18, 19, 20, 21, 22, 23, 24, 25, 26, 27, 28, 29, 30, 31, 32, 33, 34, 35, 36, 37, 38, 39, 40, 41, 42, 43, 44, 45, 46, 47, 48, 49, 50, 51, 52, 53, 54, 55, 56, 57, 58, 59, 60, 61]
Total <sz_> = -0.000000
Sdz_ 
js =  [30, 31]
Total <Sdz_> = 0.000000
J_ 
js =  [30, 31, 30, 31, 32, 33]
Total <J_> = 0.350824
MI_ 
js =  [30, 31]
ents2[31,30] = 0.2050853223
Total <MI_> = nan

>>>> Observables CPU time = 7.0 min


>>>> Evol CPU time = 205.3 min


Time = 8.00
Total energy = -18.891742+0.000000j
WF norm = 1.000000+0.000000j
<Sz d=30> = 0.000000-0.000000j
<Sz d=31> = 0.000000-0.000000j
<(S1+S2)^2> = 1.969427
1 + cos(phi)= 2.000000
ents2[31,30] = 0.6043646371
MI[30,31] = 0.390965 (max = 0.693147)
occ_ 
js =  [0, 1, 2, 3, 4, 5, 6, 7, 8, 9, 10, 11, 12, 13, 14, 15, 16, 17, 18, 19, 20, 21, 22, 23, 24, 25, 26, 27, 28, 29, 30, 31, 32, 33, 34, 35, 36, 37, 38, 39, 40, 41, 42, 43, 44, 45, 46, 47, 48, 49, 50, 51, 52, 53, 54, 55, 56, 57, 58, 59, 60, 61]
Total <occ_> = 10.000000
sz_ 
js =  [0, 1, 2, 3, 4, 5, 6, 7, 8, 9, 10, 11, 12, 13, 14, 15, 16, 17, 18, 19, 20, 21, 22, 23, 24, 25, 26, 27, 28, 29, 30, 31, 32, 33, 34, 35, 36, 37, 38, 39, 40, 41, 42, 43, 44, 45, 46, 47, 48, 49, 50, 51, 52, 53, 54, 55, 56, 57, 58, 59, 60, 61]
Total <sz_> = -0.000000
Sdz_ 
js =  [30, 31]
Total <Sdz_> = 0.000000
J_ 
js =  [30, 31, 30, 31, 32, 33]
Total <J_> = 0.479160
MI_ 
js =  [30, 31]
ents2[31,30] = 0.6043646371
Total <MI_> = nan

>>>> Observables CPU time = 8.1 min


>>>> Evol CPU time = 214.6 min


Time = 12.00
Total energy = -18.891744-0.000000j
WF norm = 0.999999-0.000000j
<Sz d=30> = 0.000000+0.000000j
<Sz d=31> = 0.000000+0.000000j
<(S1+S2)^2> = 1.942554
1 + cos(phi)= 2.000000
ents2[31,30] = 0.9197671628
MI[30,31] = 0.233264 (max = 0.693147)
occ_ 
js =  [0, 1, 2, 3, 4, 5, 6, 7, 8, 9, 10, 11, 12, 13, 14, 15, 16, 17, 18, 19, 20, 21, 22, 23, 24, 25, 26, 27, 28, 29, 30, 31, 32, 33, 34, 35, 36, 37, 38, 39, 40, 41, 42, 43, 44, 45, 46, 47, 48, 49, 50, 51, 52, 53, 54, 55, 56, 57, 58, 59, 60, 61]
Total <occ_> = 10.000000
sz_ 
js =  [0, 1, 2, 3, 4, 5, 6, 7, 8, 9, 10, 11, 12, 13, 14, 15, 16, 17, 18, 19, 20, 21, 22, 23, 24, 25, 26, 27, 28, 29, 30, 31, 32, 33, 34, 35, 36, 37, 38, 39, 40, 41, 42, 43, 44, 45, 46, 47, 48, 49, 50, 51, 52, 53, 54, 55, 56, 57, 58, 59, 60, 61]
Total <sz_> = -0.000001
Sdz_ 
js =  [30, 31]
Total <Sdz_> = 0.000001
J_ 
js =  [30, 31, 30, 31, 32, 33]
Total <J_> = 0.441631
MI_ 
js =  [30, 31]
ents2[31,30] = 0.9197671628
Total <MI_> = nan

>>>> Observables CPU time = 7.3 min


>>>> Evol CPU time = 251.8 min


Time = 16.00
Total energy = -18.891749+0.000000j
WF norm = 0.999993-0.000000j
<Sz d=30> = 0.000001-0.000000j
<Sz d=31> = 0.000001+0.000000j
<(S1+S2)^2> = 1.912898
1 + cos(phi)= 2.000000
ents2[31,30] = 1.1037411727
MI[30,31] = 0.141277 (max = 0.693147)
occ_ 
js =  [0, 1, 2, 3, 4, 5, 6, 7, 8, 9, 10, 11, 12, 13, 14, 15, 16, 17, 18, 19, 20, 21, 22, 23, 24, 25, 26, 27, 28, 29, 30, 31, 32, 33, 34, 35, 36, 37, 38, 39, 40, 41, 42, 43, 44, 45, 46, 47, 48, 49, 50, 51, 52, 53, 54, 55, 56, 57, 58, 59, 60, 61]
Total <occ_> = 10.000000
sz_ 
js =  [0, 1, 2, 3, 4, 5, 6, 7, 8, 9, 10, 11, 12, 13, 14, 15, 16, 17, 18, 19, 20, 21, 22, 23, 24, 25, 26, 27, 28, 29, 30, 31, 32, 33, 34, 35, 36, 37, 38, 39, 40, 41, 42, 43, 44, 45, 46, 47, 48, 49, 50, 51, 52, 53, 54, 55, 56, 57, 58, 59, 60, 61]
Total <sz_> = -0.000001
Sdz_ 
js =  [30, 31]
Total <Sdz_> = 0.000001
J_ 
js =  [30, 31, 30, 31, 32, 33]
Total <J_> = 0.361845
MI_ 
js =  [30, 31]
ents2[31,30] = 1.1037411727
Total <MI_> = nan

>>>> Observables CPU time = 7.4 min


>>>> Evol CPU time = 209.1 min


Time = 20.00
Total energy = -18.891760-0.000000j
WF norm = 0.999977+0.000000j
<Sz d=30> = -0.000000-0.000000j
<Sz d=31> = 0.000001+0.000000j
<(S1+S2)^2> = 1.884252
1 + cos(phi)= 2.000000
ents2[31,30] = 1.2000003537
MI[30,31] = 0.093147 (max = 0.693147)
occ_ 
js =  [0, 1, 2, 3, 4, 5, 6, 7, 8, 9, 10, 11, 12, 13, 14, 15, 16, 17, 18, 19, 20, 21, 22, 23, 24, 25, 26, 27, 28, 29, 30, 31, 32, 33, 34, 35, 36, 37, 38, 39, 40, 41, 42, 43, 44, 45, 46, 47, 48, 49, 50, 51, 52, 53, 54, 55, 56, 57, 58, 59, 60, 61]
Total <occ_> = 10.000000
sz_ 
js =  [0, 1, 2, 3, 4, 5, 6, 7, 8, 9, 10, 11, 12, 13, 14, 15, 16, 17, 18, 19, 20, 21, 22, 23, 24, 25, 26, 27, 28, 29, 30, 31, 32, 33, 34, 35, 36, 37, 38, 39, 40, 41, 42, 43, 44, 45, 46, 47, 48, 49, 50, 51, 52, 53, 54, 55, 56, 57, 58, 59, 60, 61]
Total <sz_> = -0.000001
Sdz_ 
js =  [30, 31]
Total <Sdz_> = 0.000001
J_ 
js =  [30, 31, 30, 31, 32, 33]
Total <J_> = 0.337117
MI_ 
js =  [30, 31]
ents2[31,30] = 1.2000003537
Total <MI_> = nan

>>>> Observables CPU time = 6.5 min


>>>> Evol CPU time = 206.6 min


Time = 24.00
Total energy = -18.891782-0.000000j
WF norm = 0.999928-0.000000j
<Sz d=30> = 0.000000-0.000000j
<Sz d=31> = -0.000000-0.000000j
<(S1+S2)^2> = 1.858808
1 + cos(phi)= 2.000000
ents2[31,30] = 1.2477410881
MI[30,31] = 0.069277 (max = 0.693147)
occ_ 
js =  [0, 1, 2, 3, 4, 5, 6, 7, 8, 9, 10, 11, 12, 13, 14, 15, 16, 17, 18, 19, 20, 21, 22, 23, 24, 25, 26, 27, 28, 29, 30, 31, 32, 33, 34, 35, 36, 37, 38, 39, 40, 41, 42, 43, 44, 45, 46, 47, 48, 49, 50, 51, 52, 53, 54, 55, 56, 57, 58, 59, 60, 61]
Total <occ_> = 10.000000
sz_ 
js =  [0, 1, 2, 3, 4, 5, 6, 7, 8, 9, 10, 11, 12, 13, 14, 15, 16, 17, 18, 19, 20, 21, 22, 23, 24, 25, 26, 27, 28, 29, 30, 31, 32, 33, 34, 35, 36, 37, 38, 39, 40, 41, 42, 43, 44, 45, 46, 47, 48, 49, 50, 51, 52, 53, 54, 55, 56, 57, 58, 59, 60, 61]
Total <sz_> = -0.000000
Sdz_ 
js =  [30, 31]
Total <Sdz_> = 0.000000
J_ 
js =  [30, 31, 30, 31, 32, 33]
Total <J_> = 0.364680
MI_ 
js =  [30, 31]
ents2[31,30] = 1.2477410881
Total <MI_> = nan

>>>> Observables CPU time = 7.2 min


>>>> Evol CPU time = 214.2 min


Time = 28.00
Total energy = -18.891831-0.000000j
WF norm = 0.999808+0.000000j
<Sz d=30> = -0.000008+0.000000j
<Sz d=31> = -0.000004+0.000000j
<(S1+S2)^2> = 1.836429
1 + cos(phi)= 2.000000
ents2[31,30] = 1.2713410189
MI[30,31] = 0.057477 (max = 0.693147)
occ_ 
js =  [0, 1, 2, 3, 4, 5, 6, 7, 8, 9, 10, 11, 12, 13, 14, 15, 16, 17, 18, 19, 20, 21, 22, 23, 24, 25, 26, 27, 28, 29, 30, 31, 32, 33, 34, 35, 36, 37, 38, 39, 40, 41, 42, 43, 44, 45, 46, 47, 48, 49, 50, 51, 52, 53, 54, 55, 56, 57, 58, 59, 60, 61]
Total <occ_> = 10.000000
sz_ 
js =  [0, 1, 2, 3, 4, 5, 6, 7, 8, 9, 10, 11, 12, 13, 14, 15, 16, 17, 18, 19, 20, 21, 22, 23, 24, 25, 26, 27, 28, 29, 30, 31, 32, 33, 34, 35, 36, 37, 38, 39, 40, 41, 42, 43, 44, 45, 46, 47, 48, 49, 50, 51, 52, 53, 54, 55, 56, 57, 58, 59, 60, 61]
Total <sz_> = 0.000012
Sdz_ 
js =  [30, 31]
Total <Sdz_> = -0.000012
J_ 
js =  [30, 31, 30, 31, 32, 33]
Total <J_> = 0.366577
MI_ 
js =  [30, 31]
ents2[31,30] = 1.2713410189
Total <MI_> = nan

>>>> Observables CPU time = 7.1 min


>>>> Evol CPU time = 208.9 min


Time = 32.00
Total energy = -18.891938-0.000000j
WF norm = 0.999545+0.000000j
<Sz d=30> = -0.000003-0.000000j
<Sz d=31> = -0.000007+0.000000j
<(S1+S2)^2> = 1.814964
1 + cos(phi)= 2.000000
ents2[31,30] = 1.2861517291
MI[30,31] = 0.050071 (max = 0.693147)
occ_ 
js =  [0, 1, 2, 3, 4, 5, 6, 7, 8, 9, 10, 11, 12, 13, 14, 15, 16, 17, 18, 19, 20, 21, 22, 23, 24, 25, 26, 27, 28, 29, 30, 31, 32, 33, 34, 35, 36, 37, 38, 39, 40, 41, 42, 43, 44, 45, 46, 47, 48, 49, 50, 51, 52, 53, 54, 55, 56, 57, 58, 59, 60, 61]
Total <occ_> = 10.000000
sz_ 
js =  [0, 1, 2, 3, 4, 5, 6, 7, 8, 9, 10, 11, 12, 13, 14, 15, 16, 17, 18, 19, 20, 21, 22, 23, 24, 25, 26, 27, 28, 29, 30, 31, 32, 33, 34, 35, 36, 37, 38, 39, 40, 41, 42, 43, 44, 45, 46, 47, 48, 49, 50, 51, 52, 53, 54, 55, 56, 57, 58, 59, 60, 61]
Total <sz_> = 0.000011
Sdz_ 
js =  [30, 31]
Total <Sdz_> = -0.000011
J_ 
js =  [30, 31, 30, 31, 32, 33]
Total <J_> = 0.343004
MI_ 
js =  [30, 31]
ents2[31,30] = 1.2861517291
Total <MI_> = nan

>>>> Observables CPU time = 7.1 min


>>>> Evol CPU time = 208.0 min


Time = 36.00
Total energy = -18.892183+0.000000j
WF norm = 0.998985+0.000000j
<Sz d=30> = 0.000003-0.000000j
<Sz d=31> = -0.000017+0.000000j
<(S1+S2)^2> = 1.792466
1 + cos(phi)= 2.000000
ents2[31,30] = 1.3002659177
MI[30,31] = 0.043014 (max = 0.693147)
occ_ 
js =  [0, 1, 2, 3, 4, 5, 6, 7, 8, 9, 10, 11, 12, 13, 14, 15, 16, 17, 18, 19, 20, 21, 22, 23, 24, 25, 26, 27, 28, 29, 30, 31, 32, 33, 34, 35, 36, 37, 38, 39, 40, 41, 42, 43, 44, 45, 46, 47, 48, 49, 50, 51, 52, 53, 54, 55, 56, 57, 58, 59, 60, 61]
Total <occ_> = 10.000000
sz_ 
js =  [0, 1, 2, 3, 4, 5, 6, 7, 8, 9, 10, 11, 12, 13, 14, 15, 16, 17, 18, 19, 20, 21, 22, 23, 24, 25, 26, 27, 28, 29, 30, 31, 32, 33, 34, 35, 36, 37, 38, 39, 40, 41, 42, 43, 44, 45, 46, 47, 48, 49, 50, 51, 52, 53, 54, 55, 56, 57, 58, 59, 60, 61]
Total <sz_> = 0.000013
Sdz_ 
js =  [30, 31]
Total <Sdz_> = -0.000013
J_ 
js =  [30, 31, 30, 31, 32, 33]
Total <J_> = 0.333688
MI_ 
js =  [30, 31]
ents2[31,30] = 1.3002659177
Total <MI_> = nan

>>>> Observables CPU time = 9.9 min


>>>> Evol CPU time = 208.8 min


Time = 40.00
Total energy = -18.892630+0.000000j
WF norm = 0.997899-0.000000j
<Sz d=30> = 0.000016+0.000000j
<Sz d=31> = -0.000049+0.000000j
<(S1+S2)^2> = 1.773999
1 + cos(phi)= 2.000000
ents2[31,30] = 1.3111199825
MI[30,31] = 0.037587 (max = 0.693147)
occ_ 
js =  [0, 1, 2, 3, 4, 5, 6, 7, 8, 9, 10, 11, 12, 13, 14, 15, 16, 17, 18, 19, 20, 21, 22, 23, 24, 25, 26, 27, 28, 29, 30, 31, 32, 33, 34, 35, 36, 37, 38, 39, 40, 41, 42, 43, 44, 45, 46, 47, 48, 49, 50, 51, 52, 53, 54, 55, 56, 57, 58, 59, 60, 61]
Total <occ_> = 10.000000
sz_ 
js =  [0, 1, 2, 3, 4, 5, 6, 7, 8, 9, 10, 11, 12, 13, 14, 15, 16, 17, 18, 19, 20, 21, 22, 23, 24, 25, 26, 27, 28, 29, 30, 31, 32, 33, 34, 35, 36, 37, 38, 39, 40, 41, 42, 43, 44, 45, 46, 47, 48, 49, 50, 51, 52, 53, 54, 55, 56, 57, 58, 59, 60, 61]
Total <sz_> = 0.000033
Sdz_ 
js =  [30, 31]
Total <Sdz_> = -0.000033
J_ 
js =  [30, 31, 30, 31, 32, 33]
Total <J_> = 0.322413
MI_ 
js =  [30, 31]
ents2[31,30] = 1.3111199825
Total <MI_> = nan

>>>> Observables CPU time = 7.0 min


>>>> Evol CPU time = 209.2 min


Time = 44.00
Total energy = -18.893303-0.000000j
WF norm = 0.996106-0.000000j
<Sz d=30> = 0.000005+0.000000j
<Sz d=31> = -0.000064+0.000000j
<(S1+S2)^2> = 1.753800
1 + cos(phi)= 2.000000
ents2[31,30] = 1.3228781595
MI[30,31] = 0.031708 (max = 0.693147)
occ_ 
js =  [0, 1, 2, 3, 4, 5, 6, 7, 8, 9, 10, 11, 12, 13, 14, 15, 16, 17, 18, 19, 20, 21, 22, 23, 24, 25, 26, 27, 28, 29, 30, 31, 32, 33, 34, 35, 36, 37, 38, 39, 40, 41, 42, 43, 44, 45, 46, 47, 48, 49, 50, 51, 52, 53, 54, 55, 56, 57, 58, 59, 60, 61]
Total <occ_> = 10.000000
sz_ 
js =  [0, 1, 2, 3, 4, 5, 6, 7, 8, 9, 10, 11, 12, 13, 14, 15, 16, 17, 18, 19, 20, 21, 22, 23, 24, 25, 26, 27, 28, 29, 30, 31, 32, 33, 34, 35, 36, 37, 38, 39, 40, 41, 42, 43, 44, 45, 46, 47, 48, 49, 50, 51, 52, 53, 54, 55, 56, 57, 58, 59, 60, 61]
Total <sz_> = 0.000058
Sdz_ 
js =  [30, 31]
Total <Sdz_> = -0.000058
J_ 
js =  [30, 31, 30, 31, 32, 33]
Total <J_> = 0.409843
MI_ 
js =  [30, 31]
ents2[31,30] = 1.3228781595
Total <MI_> = nan

>>>> Observables CPU time = 7.1 min


>>>> Evol CPU time = 208.3 min


Time = 48.00
Total energy = -18.894390+0.000000j
WF norm = 0.993142-0.000000j
<Sz d=30> = -0.000010+0.000000j
<Sz d=31> = 0.000058+0.000000j
<(S1+S2)^2> = 1.736628
1 + cos(phi)= 2.000000
ents2[31,30] = 1.3297327506
MI[30,31] = 0.028281 (max = 0.693147)
occ_ 
js =  [0, 1, 2, 3, 4, 5, 6, 7, 8, 9, 10, 11, 12, 13, 14, 15, 16, 17, 18, 19, 20, 21, 22, 23, 24, 25, 26, 27, 28, 29, 30, 31, 32, 33, 34, 35, 36, 37, 38, 39, 40, 41, 42, 43, 44, 45, 46, 47, 48, 49, 50, 51, 52, 53, 54, 55, 56, 57, 58, 59, 60, 61]
Total <occ_> = 10.000000
sz_ 
js =  [0, 1, 2, 3, 4, 5, 6, 7, 8, 9, 10, 11, 12, 13, 14, 15, 16, 17, 18, 19, 20, 21, 22, 23, 24, 25, 26, 27, 28, 29, 30, 31, 32, 33, 34, 35, 36, 37, 38, 39, 40, 41, 42, 43, 44, 45, 46, 47, 48, 49, 50, 51, 52, 53, 54, 55, 56, 57, 58, 59, 60, 61]
Total <sz_> = -0.000047
Sdz_ 
js =  [30, 31]
Total <Sdz_> = 0.000047
J_ 
js =  [30, 31, 30, 31, 32, 33]
Total <J_> = 0.351875
MI_ 
js =  [30, 31]
ents2[31,30] = 1.3297327506
Total <MI_> = nan

>>>> Observables CPU time = 6.7 min


>>>> Evol CPU time = 222.4 min


Time = 52.00
Total energy = -18.895917+0.000000j
WF norm = 0.988620-0.000000j
<Sz d=30> = -0.000171+0.000000j
<Sz d=31> = 0.000102+0.000000j
<(S1+S2)^2> = 1.719723
1 + cos(phi)= 2.000000
ents2[31,30] = 1.3353490962
MI[30,31] = 0.025473 (max = 0.693147)
occ_ 
js =  [0, 1, 2, 3, 4, 5, 6, 7, 8, 9, 10, 11, 12, 13, 14, 15, 16, 17, 18, 19, 20, 21, 22, 23, 24, 25, 26, 27, 28, 29, 30, 31, 32, 33, 34, 35, 36, 37, 38, 39, 40, 41, 42, 43, 44, 45, 46, 47, 48, 49, 50, 51, 52, 53, 54, 55, 56, 57, 58, 59, 60, 61]
Total <occ_> = 10.000000
sz_ 
js =  [0, 1, 2, 3, 4, 5, 6, 7, 8, 9, 10, 11, 12, 13, 14, 15, 16, 17, 18, 19, 20, 21, 22, 23, 24, 25, 26, 27, 28, 29, 30, 31, 32, 33, 34, 35, 36, 37, 38, 39, 40, 41, 42, 43, 44, 45, 46, 47, 48, 49, 50, 51, 52, 53, 54, 55, 56, 57, 58, 59, 60, 61]
Total <sz_> = 0.000069
Sdz_ 
js =  [30, 31]
Total <Sdz_> = -0.000069
J_ 
js =  [30, 31, 30, 31, 32, 33]
Total <J_> = 0.290412
MI_ 
js =  [30, 31]
ents2[31,30] = 1.3353490962
Total <MI_> = nan

>>>> Observables CPU time = 6.2 min


>>>> Evol CPU time = 219.9 min


Time = 56.00
Total energy = -18.897843+0.000000j
WF norm = 0.982858+0.000000j
<Sz d=30> = -0.000194-0.000000j
<Sz d=31> = 0.000128-0.000000j
<(S1+S2)^2> = 1.703807
1 + cos(phi)= 2.000000
ents2[31,30] = 1.3443886458
MI[30,31] = 0.020953 (max = 0.693147)
occ_ 
js =  [0, 1, 2, 3, 4, 5, 6, 7, 8, 9, 10, 11, 12, 13, 14, 15, 16, 17, 18, 19, 20, 21, 22, 23, 24, 25, 26, 27, 28, 29, 30, 31, 32, 33, 34, 35, 36, 37, 38, 39, 40, 41, 42, 43, 44, 45, 46, 47, 48, 49, 50, 51, 52, 53, 54, 55, 56, 57, 58, 59, 60, 61]
Total <occ_> = 10.000000
sz_ 
js =  [0, 1, 2, 3, 4, 5, 6, 7, 8, 9, 10, 11, 12, 13, 14, 15, 16, 17, 18, 19, 20, 21, 22, 23, 24, 25, 26, 27, 28, 29, 30, 31, 32, 33, 34, 35, 36, 37, 38, 39, 40, 41, 42, 43, 44, 45, 46, 47, 48, 49, 50, 51, 52, 53, 54, 55, 56, 57, 58, 59, 60, 61]
Total <sz_> = 0.000066
Sdz_ 
js =  [30, 31]
Total <Sdz_> = -0.000066
J_ 
js =  [30, 31, 30, 31, 32, 33]
Total <J_> = 0.265262
MI_ 
js =  [30, 31]
ents2[31,30] = 1.3443886458
Total <MI_> = nan

>>>> Observables CPU time = 6.5 min


>>>> Evol CPU time = 206.9 min


Time = 60.00
Total energy = -18.900226-0.000000j
WF norm = 0.976088-0.000000j
<Sz d=30> = -0.000321-0.000000j
<Sz d=31> = 0.000130+0.000000j
<(S1+S2)^2> = 1.694294
1 + cos(phi)= 2.000000
ents2[31,30] = 1.3496471345
MI[30,31] = 0.018323 (max = 0.693147)
occ_ 
js =  [0, 1, 2, 3, 4, 5, 6, 7, 8, 9, 10, 11, 12, 13, 14, 15, 16, 17, 18, 19, 20, 21, 22, 23, 24, 25, 26, 27, 28, 29, 30, 31, 32, 33, 34, 35, 36, 37, 38, 39, 40, 41, 42, 43, 44, 45, 46, 47, 48, 49, 50, 51, 52, 53, 54, 55, 56, 57, 58, 59, 60, 61]
Total <occ_> = 10.000000
sz_ 
js =  [0, 1, 2, 3, 4, 5, 6, 7, 8, 9, 10, 11, 12, 13, 14, 15, 16, 17, 18, 19, 20, 21, 22, 23, 24, 25, 26, 27, 28, 29, 30, 31, 32, 33, 34, 35, 36, 37, 38, 39, 40, 41, 42, 43, 44, 45, 46, 47, 48, 49, 50, 51, 52, 53, 54, 55, 56, 57, 58, 59, 60, 61]
Total <sz_> = 0.000191
Sdz_ 
js =  [30, 31]
Total <Sdz_> = -0.000191
J_ 
js =  [30, 31, 30, 31, 32, 33]
Total <J_> = 0.245893
MI_ 
js =  [30, 31]
ents2[31,30] = 1.3496471345
Total <MI_> = nan

>>>> Observables CPU time = 6.4 min

stop time: 
Thu Jun  5 23:23:56 EDT 2025
