#### SLURM ####
pwd: 
/blue/m2qm-efrc/cpbunker/GitHub/transport
host: 
c0712a-s4.ufhpc

# conda environments:
#
base                   /apps/conda/25.3.1
block2               * /blue/m2qm-efrc/cpbunker/condaenvs/block2
vasp                   /blue/m2qm-efrc/cpbunker/condaenvs/vasp

#### PYTHON ####
start time: 
Tue Jun  3 16:24:39 EDT 2025

/blue/m2qm-efrc/cpbunker/GitHub/transport/transport/tddmrg/__init__.py:181: RuntimeWarning: divide by zero encountered in log
  ents[sitei] = np.trace( -oneorb_rdm*np.log(oneorb_rdm));
/blue/m2qm-efrc/cpbunker/GitHub/transport/transport/tddmrg/__init__.py:181: RuntimeWarning: invalid value encountered in multiply
  ents[sitei] = np.trace( -oneorb_rdm*np.log(oneorb_rdm));
/blue/m2qm-efrc/cpbunker/GitHub/transport/transport/tddmrg/__init__.py:513: RuntimeWarning: invalid value encountered in subtract
  minfo = 0.5 * (ents1[:, None] + ents1[None, :] - ents2) * (1 - np.identity(len(ents1))); # (-1) * 2013 Reiher Eq (3)
/blue/m2qm-efrc/cpbunker/GitHub/transport/transport/tddmrg/__init__.py:513: RuntimeWarning: invalid value encountered in multiply
  minfo = 0.5 * (ents1[:, None] + ents1[None, :] - ents2) * (1 - np.identity(len(ents1))); # (-1) * 2013 Reiher Eq (3)
/blue/m2qm-efrc/cpbunker/GitHub/transport/transport/tddmrg/__init__.py:181: RuntimeWarning: divide by zero encountered in log
  ents[sitei] = np.trace( -oneorb_rdm*np.log(oneorb_rdm));
/blue/m2qm-efrc/cpbunker/GitHub/transport/transport/tddmrg/__init__.py:181: RuntimeWarning: invalid value encountered in multiply
  ents[sitei] = np.trace( -oneorb_rdm*np.log(oneorb_rdm));
/blue/m2qm-efrc/cpbunker/GitHub/transport/transport/tddmrg/__init__.py:513: RuntimeWarning: invalid value encountered in subtract
  minfo = 0.5 * (ents1[:, None] + ents1[None, :] - ents2) * (1 - np.identity(len(ents1))); # (-1) * 2013 Reiher Eq (3)
/blue/m2qm-efrc/cpbunker/GitHub/transport/transport/tddmrg/__init__.py:513: RuntimeWarning: invalid value encountered in multiply
  minfo = 0.5 * (ents1[:, None] + ents1[None, :] - ents2) * (1 - np.identity(len(ents1))); # (-1) * 2013 Reiher Eq (3)
>>> PWD:  /blue/m2qm-efrc/cpbunker/GitHub/transport
>>> Params =  {'sys_type': 'STT_RM', 'u': 0.0, 'v': -1.0, 'w': -1.0, 'Vconf': 30.0, 'Be': 0.0, 'BFM': 0.0, 'Jmax': 100.0, 'phient': 1.5708, 'Jsd': 1.0, 'NL': 15, 'NFM': 1, 'NR': 15, 'Nconf': 15, 'Ne': 10, 'TwoSz': 0, 'TwoSd': 1, 'symmetry': 'Sz', 'ex_sites': [15, 15], 'plot': 0, 'bdim_0': [150, 150, 150, 200, 200], 'bdim_t': [250], 'noises': [0.01, 0.001, 0.0001, 1e-05, 0.0], 'dmrg_sweeps': 20, 'cutoff': -1.0, 'te_type': 'tdvp', 'time_step': 0.1, 'tupdate': 4.0, 'Nupdates': 15}
>>> driver(n_sites=62, n_elec=10, spin=0)
TwoSdz_ladder =
 [ 1 -1]
four_Sdz = 
 [[ 0.5  0.   0.   0.   0.   0.   0.   0. ]
 [ 0.  -0.5  0.  -0.   0.  -0.   0.  -0. ]
 [ 0.   0.   0.5  0.   0.   0.   0.   0. ]
 [ 0.  -0.   0.  -0.5  0.  -0.   0.  -0. ]
 [ 0.   0.   0.   0.   0.5  0.   0.   0. ]
 [ 0.  -0.   0.  -0.   0.  -0.5  0.  -0. ]
 [ 0.   0.   0.   0.   0.   0.   0.5  0. ]
 [ 0.  -0.   0.  -0.   0.  -0.   0.  -0.5]]
four_Sdminus = 
 [[0. 0. 0. 0. 0. 0. 0. 0.]
 [1. 0. 0. 0. 0. 0. 0. 0.]
 [0. 0. 0. 0. 0. 0. 0. 0.]
 [0. 0. 1. 0. 0. 0. 0. 0.]
 [0. 0. 0. 0. 0. 0. 0. 0.]
 [0. 0. 0. 0. 1. 0. 0. 0.]
 [0. 0. 0. 0. 0. 0. 0. 0.]
 [0. 0. 0. 0. 0. 0. 1. 0.]]
four_Sdplus = 
 [[0. 1. 0. 0. 0. 0. 0. 0.]
 [0. 0. 0. 0. 0. 0. 0. 0.]
 [0. 0. 0. 1. 0. 0. 0. 0.]
 [0. 0. 0. 0. 0. 0. 0. 0.]
 [0. 0. 0. 0. 0. 1. 0. 0.]
 [0. 0. 0. 0. 0. 0. 0. 0.]
 [0. 0. 0. 0. 0. 0. 0. 1.]
 [0. 0. 0. 0. 0. 0. 0. 0.]]
>>> (0, 1, 0)
>>> (0, -1, 0)
>>> (1, 2, 0)
>>> (1, 0, 0)
>>> (1, -2, 0)
>>> (2, 1, 0)
>>> (2, -1, 0)
>>> (0, 1, 0)
>>> (0, -1, 0)
>>> (1, 2, 0)
>>> (1, 0, 0)
>>> (1, -2, 0)
>>> (2, 1, 0)
>>> (2, -1, 0)
>>> Custom operators at  [30 31]

 ######################################## 
Constructed builder
 ######################################## 

>>> Jent  = -0.00
>>> Jent' = 100.00
Finalizing builder
Finalized builder
Ground state energy (DMRG) = -368.889589
>>> Init compute time = 369.3505516052246

Time = 0.00
Total energy = -368.889584-0.000000j
WF norm = 1.000000-0.000000j
<Sz d=30> = -0.000000-0.000000j
<Sz d=31> = 0.000000+0.000000j
<(S1+S2)^2> = 0.999996
1 + cos(phi)= 0.999996
ents2[31,30] = 0.0000000353
MI[30,31] = 0.693147 (max = 0.693147)
occ_ 
js =  [0, 1, 2, 3, 4, 5, 6, 7, 8, 9, 10, 11, 12, 13, 14, 15, 16, 17, 18, 19, 20, 21, 22, 23, 24, 25, 26, 27, 28, 29, 30, 31, 32, 33, 34, 35, 36, 37, 38, 39, 40, 41, 42, 43, 44, 45, 46, 47, 48, 49, 50, 51, 52, 53, 54, 55, 56, 57, 58, 59, 60, 61]
Total <occ_> = 10.000000
sz_ 
js =  [0, 1, 2, 3, 4, 5, 6, 7, 8, 9, 10, 11, 12, 13, 14, 15, 16, 17, 18, 19, 20, 21, 22, 23, 24, 25, 26, 27, 28, 29, 30, 31, 32, 33, 34, 35, 36, 37, 38, 39, 40, 41, 42, 43, 44, 45, 46, 47, 48, 49, 50, 51, 52, 53, 54, 55, 56, 57, 58, 59, 60, 61]
Total <sz_> = -0.000000
Sdz_ 
js =  [30, 31]
Total <Sdz_> = 0.000000
J_ 
js =  [30, 31, 30, 31, 32, 33]
Total <J_> = -0.000000
MI_ 
js =  [30, 31]
ents2[31,30] = 0.0000000353
Total <MI_> = nan
>>> driver(n_sites=62, n_elec=10, spin=0)
TwoSdz_ladder =
 [ 1 -1]
four_Sdz = 
 [[ 0.5  0.   0.   0.   0.   0.   0.   0. ]
 [ 0.  -0.5  0.  -0.   0.  -0.   0.  -0. ]
 [ 0.   0.   0.5  0.   0.   0.   0.   0. ]
 [ 0.  -0.   0.  -0.5  0.  -0.   0.  -0. ]
 [ 0.   0.   0.   0.   0.5  0.   0.   0. ]
 [ 0.  -0.   0.  -0.   0.  -0.5  0.  -0. ]
 [ 0.   0.   0.   0.   0.   0.   0.5  0. ]
 [ 0.  -0.   0.  -0.   0.  -0.   0.  -0.5]]
four_Sdminus = 
 [[0. 0. 0. 0. 0. 0. 0. 0.]
 [1. 0. 0. 0. 0. 0. 0. 0.]
 [0. 0. 0. 0. 0. 0. 0. 0.]
 [0. 0. 1. 0. 0. 0. 0. 0.]
 [0. 0. 0. 0. 0. 0. 0. 0.]
 [0. 0. 0. 0. 1. 0. 0. 0.]
 [0. 0. 0. 0. 0. 0. 0. 0.]
 [0. 0. 0. 0. 0. 0. 1. 0.]]
four_Sdplus = 
 [[0. 1. 0. 0. 0. 0. 0. 0.]
 [0. 0. 0. 0. 0. 0. 0. 0.]
 [0. 0. 0. 1. 0. 0. 0. 0.]
 [0. 0. 0. 0. 0. 0. 0. 0.]
 [0. 0. 0. 0. 0. 1. 0. 0.]
 [0. 0. 0. 0. 0. 0. 0. 0.]
 [0. 0. 0. 0. 0. 0. 0. 1.]
 [0. 0. 0. 0. 0. 0. 0. 0.]]
>>> (0, 1, 0)
>>> (0, -1, 0)
>>> (1, 2, 0)
>>> (1, 0, 0)
>>> (1, -2, 0)
>>> (2, 1, 0)
>>> (2, -1, 0)
>>> (0, 1, 0)
>>> (0, -1, 0)
>>> (1, 2, 0)
>>> (1, 0, 0)
>>> (1, -2, 0)
>>> (2, 1, 0)
>>> (2, -1, 0)
>>> Custom operators at  [30 31]

 ######################################## 
Constructed builder
 ######################################## 


Build MPO | Nsites =    62 | Nterms =        252 | Algorithm = FastBIP | Cutoff = 1.00e-14
 Site =     0 /    62 .. Mmpo =     5 DW = 0.00e+00 NNZ =        5 SPT = 0.0000 Tmvc = 0.000 T = 0.012
 Site =     1 /    62 .. Mmpo =     6 DW = 0.00e+00 NNZ =        9 SPT = 0.7000 Tmvc = 0.000 T = 0.000
 Site =     2 /    62 .. Mmpo =     6 DW = 0.00e+00 NNZ =       10 SPT = 0.7222 Tmvc = 0.000 T = 0.000
 Site =     3 /    62 .. Mmpo =     6 DW = 0.00e+00 NNZ =       10 SPT = 0.7222 Tmvc = 0.000 T = 0.000
 Site =     4 /    62 .. Mmpo =     6 DW = 0.00e+00 NNZ =       10 SPT = 0.7222 Tmvc = 0.000 T = 0.000
 Site =     5 /    62 .. Mmpo =     6 DW = 0.00e+00 NNZ =       10 SPT = 0.7222 Tmvc = 0.000 T = 0.000
 Site =     6 /    62 .. Mmpo =     6 DW = 0.00e+00 NNZ =       10 SPT = 0.7222 Tmvc = 0.000 T = 0.000
 Site =     7 /    62 .. Mmpo =     6 DW = 0.00e+00 NNZ =       10 SPT = 0.7222 Tmvc = 0.000 T = 0.000
 Site =     8 /    62 .. Mmpo =     6 DW = 0.00e+00 NNZ =       10 SPT = 0.7222 Tmvc = 0.000 T = 0.000
 Site =     9 /    62 .. Mmpo =     6 DW = 0.00e+00 NNZ =       10 SPT = 0.7222 Tmvc = 0.000 T = 0.000
 Site =    10 /    62 .. Mmpo =     6 DW = 0.00e+00 NNZ =       10 SPT = 0.7222 Tmvc = 0.000 T = 0.000
 Site =    11 /    62 .. Mmpo =     6 DW = 0.00e+00 NNZ =       10 SPT = 0.7222 Tmvc = 0.000 T = 0.000
 Site =    12 /    62 .. Mmpo =     6 DW = 0.00e+00 NNZ =       10 SPT = 0.7222 Tmvc = 0.000 T = 0.000
 Site =    13 /    62 .. Mmpo =     6 DW = 0.00e+00 NNZ =       10 SPT = 0.7222 Tmvc = 0.000 T = 0.000
 Site =    14 /    62 .. Mmpo =     6 DW = 0.00e+00 NNZ =       10 SPT = 0.7222 Tmvc = 0.000 T = 0.000
 Site =    15 /    62 .. Mmpo =     6 DW = 0.00e+00 NNZ =       10 SPT = 0.7222 Tmvc = 0.000 T = 0.000
 Site =    16 /    62 .. Mmpo =     6 DW = 0.00e+00 NNZ =       10 SPT = 0.7222 Tmvc = 0.000 T = 0.000
 Site =    17 /    62 .. Mmpo =     6 DW = 0.00e+00 NNZ =       10 SPT = 0.7222 Tmvc = 0.000 T = 0.000
 Site =    18 /    62 .. Mmpo =     6 DW = 0.00e+00 NNZ =       10 SPT = 0.7222 Tmvc = 0.000 T = 0.000
 Site =    19 /    62 .. Mmpo =     6 DW = 0.00e+00 NNZ =       10 SPT = 0.7222 Tmvc = 0.000 T = 0.000
 Site =    20 /    62 .. Mmpo =     6 DW = 0.00e+00 NNZ =       10 SPT = 0.7222 Tmvc = 0.000 T = 0.000
 Site =    21 /    62 .. Mmpo =     6 DW = 0.00e+00 NNZ =       10 SPT = 0.7222 Tmvc = 0.000 T = 0.000
 Site =    22 /    62 .. Mmpo =     6 DW = 0.00e+00 NNZ =       10 SPT = 0.7222 Tmvc = 0.000 T = 0.000
 Site =    23 /    62 .. Mmpo =     6 DW = 0.00e+00 NNZ =       10 SPT = 0.7222 Tmvc = 0.000 T = 0.000
 Site =    24 /    62 .. Mmpo =     6 DW = 0.00e+00 NNZ =       10 SPT = 0.7222 Tmvc = 0.000 T = 0.000
 Site =    25 /    62 .. Mmpo =     6 DW = 0.00e+00 NNZ =       10 SPT = 0.7222 Tmvc = 0.000 T = 0.000
 Site =    26 /    62 .. Mmpo =     6 DW = 0.00e+00 NNZ =       10 SPT = 0.7222 Tmvc = 0.000 T = 0.000
 Site =    27 /    62 .. Mmpo =     6 DW = 0.00e+00 NNZ =       10 SPT = 0.7222 Tmvc = 0.000 T = 0.000
 Site =    28 /    62 .. Mmpo =     6 DW = 0.00e+00 NNZ =       10 SPT = 0.7222 Tmvc = 0.000 T = 0.000
 Site =    29 /    62 .. Mmpo =     6 DW = 0.00e+00 NNZ =       10 SPT = 0.7222 Tmvc = 0.000 T = 0.000
 Site =    30 /    62 .. Mmpo =     6 DW = 0.00e+00 NNZ =       11 SPT = 0.6944 Tmvc = 0.000 T = 0.001
 Site =    31 /    62 .. Mmpo =     6 DW = 0.00e+00 NNZ =       11 SPT = 0.6944 Tmvc = 0.000 T = 0.000
 Site =    32 /    62 .. Mmpo =     6 DW = 0.00e+00 NNZ =       10 SPT = 0.7222 Tmvc = 0.000 T = 0.000
 Site =    33 /    62 .. Mmpo =     6 DW = 0.00e+00 NNZ =       10 SPT = 0.7222 Tmvc = 0.000 T = 0.000
 Site =    34 /    62 .. Mmpo =     6 DW = 0.00e+00 NNZ =       10 SPT = 0.7222 Tmvc = 0.000 T = 0.000
 Site =    35 /    62 .. Mmpo =     6 DW = 0.00e+00 NNZ =       10 SPT = 0.7222 Tmvc = 0.000 T = 0.000
 Site =    36 /    62 .. Mmpo =     6 DW = 0.00e+00 NNZ =       10 SPT = 0.7222 Tmvc = 0.000 T = 0.000
 Site =    37 /    62 .. Mmpo =     6 DW = 0.00e+00 NNZ =       10 SPT = 0.7222 Tmvc = 0.000 T = 0.000
 Site =    38 /    62 .. Mmpo =     6 DW = 0.00e+00 NNZ =       10 SPT = 0.7222 Tmvc = 0.000 T = 0.000
 Site =    39 /    62 .. Mmpo =     6 DW = 0.00e+00 NNZ =       10 SPT = 0.7222 Tmvc = 0.000 T = 0.000
 Site =    40 /    62 .. Mmpo =     6 DW = 0.00e+00 NNZ =       10 SPT = 0.7222 Tmvc = 0.000 T = 0.000
 Site =    41 /    62 .. Mmpo =     6 DW = 0.00e+00 NNZ =       10 SPT = 0.7222 Tmvc = 0.000 T = 0.000
 Site =    42 /    62 .. Mmpo =     6 DW = 0.00e+00 NNZ =       10 SPT = 0.7222 Tmvc = 0.000 T = 0.000
 Site =    43 /    62 .. Mmpo =     6 DW = 0.00e+00 NNZ =       10 SPT = 0.7222 Tmvc = 0.000 T = 0.000
 Site =    44 /    62 .. Mmpo =     6 DW = 0.00e+00 NNZ =       10 SPT = 0.7222 Tmvc = 0.000 T = 0.000
 Site =    45 /    62 .. Mmpo =     6 DW = 0.00e+00 NNZ =       10 SPT = 0.7222 Tmvc = 0.000 T = 0.000
 Site =    46 /    62 .. Mmpo =     6 DW = 0.00e+00 NNZ =       10 SPT = 0.7222 Tmvc = 0.000 T = 0.000
 Site =    47 /    62 .. Mmpo =     6 DW = 0.00e+00 NNZ =       10 SPT = 0.7222 Tmvc = 0.000 T = 0.000
 Site =    48 /    62 .. Mmpo =     6 DW = 0.00e+00 NNZ =       10 SPT = 0.7222 Tmvc = 0.000 T = 0.000
 Site =    49 /    62 .. Mmpo =     6 DW = 0.00e+00 NNZ =       10 SPT = 0.7222 Tmvc = 0.000 T = 0.000
 Site =    50 /    62 .. Mmpo =     6 DW = 0.00e+00 NNZ =       10 SPT = 0.7222 Tmvc = 0.000 T = 0.000
 Site =    51 /    62 .. Mmpo =     6 DW = 0.00e+00 NNZ =       10 SPT = 0.7222 Tmvc = 0.000 T = 0.000
 Site =    52 /    62 .. Mmpo =     6 DW = 0.00e+00 NNZ =       10 SPT = 0.7222 Tmvc = 0.000 T = 0.000
 Site =    53 /    62 .. Mmpo =     6 DW = 0.00e+00 NNZ =       10 SPT = 0.7222 Tmvc = 0.000 T = 0.000
 Site =    54 /    62 .. Mmpo =     6 DW = 0.00e+00 NNZ =       10 SPT = 0.7222 Tmvc = 0.000 T = 0.000
 Site =    55 /    62 .. Mmpo =     6 DW = 0.00e+00 NNZ =       10 SPT = 0.7222 Tmvc = 0.000 T = 0.000
 Site =    56 /    62 .. Mmpo =     6 DW = 0.00e+00 NNZ =       10 SPT = 0.7222 Tmvc = 0.000 T = 0.000
 Site =    57 /    62 .. Mmpo =     6 DW = 0.00e+00 NNZ =       10 SPT = 0.7222 Tmvc = 0.000 T = 0.000
 Site =    58 /    62 .. Mmpo =     6 DW = 0.00e+00 NNZ =       10 SPT = 0.7222 Tmvc = 0.000 T = 0.000
 Site =    59 /    62 .. Mmpo =     6 DW = 0.00e+00 NNZ =       10 SPT = 0.7222 Tmvc = 0.000 T = 0.000
 Site =    60 /    62 .. Mmpo =     5 DW = 0.00e+00 NNZ =        9 SPT = 0.7000 Tmvc = 0.000 T = 0.000
 Site =    61 /    62 .. Mmpo =     1 DW = 0.00e+00 NNZ =        5 SPT = 0.0000 Tmvc = 0.000 T = 0.000
Ttotal =      0.025 Tmvc-total = 0.000 MPO bond dimension =     6 MaxDW = 0.00e+00
NNZ =          610 SIZE =         2158 SPT = 0.7173

Rank =     0 Ttotal =      0.046 MPO method = FastBipartite bond dimension =       6 NNZ =          610 SIZE =         2158 SPT = 0.7173
/blue/m2qm-efrc/cpbunker/GitHub/transport/transport/tddmrg/__init__.py:181: RuntimeWarning: divide by zero encountered in log
  ents[sitei] = np.trace( -oneorb_rdm*np.log(oneorb_rdm));
/blue/m2qm-efrc/cpbunker/GitHub/transport/transport/tddmrg/__init__.py:181: RuntimeWarning: invalid value encountered in multiply
  ents[sitei] = np.trace( -oneorb_rdm*np.log(oneorb_rdm));
/blue/m2qm-efrc/cpbunker/GitHub/transport/transport/tddmrg/__init__.py:513: RuntimeWarning: invalid value encountered in subtract
  minfo = 0.5 * (ents1[:, None] + ents1[None, :] - ents2) * (1 - np.identity(len(ents1))); # (-1) * 2013 Reiher Eq (3)
/blue/m2qm-efrc/cpbunker/GitHub/transport/transport/tddmrg/__init__.py:513: RuntimeWarning: invalid value encountered in multiply
  minfo = 0.5 * (ents1[:, None] + ents1[None, :] - ents2) * (1 - np.identity(len(ents1))); # (-1) * 2013 Reiher Eq (3)
/blue/m2qm-efrc/cpbunker/GitHub/transport/transport/tddmrg/__init__.py:181: RuntimeWarning: divide by zero encountered in log
  ents[sitei] = np.trace( -oneorb_rdm*np.log(oneorb_rdm));
/blue/m2qm-efrc/cpbunker/GitHub/transport/transport/tddmrg/__init__.py:181: RuntimeWarning: invalid value encountered in multiply
  ents[sitei] = np.trace( -oneorb_rdm*np.log(oneorb_rdm));
/blue/m2qm-efrc/cpbunker/GitHub/transport/transport/tddmrg/__init__.py:513: RuntimeWarning: invalid value encountered in subtract
  minfo = 0.5 * (ents1[:, None] + ents1[None, :] - ents2) * (1 - np.identity(len(ents1))); # (-1) * 2013 Reiher Eq (3)
/blue/m2qm-efrc/cpbunker/GitHub/transport/transport/tddmrg/__init__.py:513: RuntimeWarning: invalid value encountered in multiply
  minfo = 0.5 * (ents1[:, None] + ents1[None, :] - ents2) * (1 - np.identity(len(ents1))); # (-1) * 2013 Reiher Eq (3)
/blue/m2qm-efrc/cpbunker/GitHub/transport/transport/tddmrg/__init__.py:181: RuntimeWarning: divide by zero encountered in log
  ents[sitei] = np.trace( -oneorb_rdm*np.log(oneorb_rdm));
/blue/m2qm-efrc/cpbunker/GitHub/transport/transport/tddmrg/__init__.py:181: RuntimeWarning: invalid value encountered in multiply
  ents[sitei] = np.trace( -oneorb_rdm*np.log(oneorb_rdm));
/blue/m2qm-efrc/cpbunker/GitHub/transport/transport/tddmrg/__init__.py:513: RuntimeWarning: invalid value encountered in subtract
  minfo = 0.5 * (ents1[:, None] + ents1[None, :] - ents2) * (1 - np.identity(len(ents1))); # (-1) * 2013 Reiher Eq (3)
/blue/m2qm-efrc/cpbunker/GitHub/transport/transport/tddmrg/__init__.py:513: RuntimeWarning: invalid value encountered in multiply
  minfo = 0.5 * (ents1[:, None] + ents1[None, :] - ents2) * (1 - np.identity(len(ents1))); # (-1) * 2013 Reiher Eq (3)
/blue/m2qm-efrc/cpbunker/GitHub/transport/transport/tddmrg/__init__.py:181: RuntimeWarning: divide by zero encountered in log
  ents[sitei] = np.trace( -oneorb_rdm*np.log(oneorb_rdm));
/blue/m2qm-efrc/cpbunker/GitHub/transport/transport/tddmrg/__init__.py:181: RuntimeWarning: invalid value encountered in multiply
  ents[sitei] = np.trace( -oneorb_rdm*np.log(oneorb_rdm));
/blue/m2qm-efrc/cpbunker/GitHub/transport/transport/tddmrg/__init__.py:513: RuntimeWarning: invalid value encountered in subtract
  minfo = 0.5 * (ents1[:, None] + ents1[None, :] - ents2) * (1 - np.identity(len(ents1))); # (-1) * 2013 Reiher Eq (3)
/blue/m2qm-efrc/cpbunker/GitHub/transport/transport/tddmrg/__init__.py:513: RuntimeWarning: invalid value encountered in multiply
  minfo = 0.5 * (ents1[:, None] + ents1[None, :] - ents2) * (1 - np.identity(len(ents1))); # (-1) * 2013 Reiher Eq (3)
/blue/m2qm-efrc/cpbunker/GitHub/transport/transport/tddmrg/__init__.py:181: RuntimeWarning: divide by zero encountered in log
  ents[sitei] = np.trace( -oneorb_rdm*np.log(oneorb_rdm));
/blue/m2qm-efrc/cpbunker/GitHub/transport/transport/tddmrg/__init__.py:181: RuntimeWarning: invalid value encountered in multiply
  ents[sitei] = np.trace( -oneorb_rdm*np.log(oneorb_rdm));
/blue/m2qm-efrc/cpbunker/GitHub/transport/transport/tddmrg/__init__.py:513: RuntimeWarning: invalid value encountered in subtract
  minfo = 0.5 * (ents1[:, None] + ents1[None, :] - ents2) * (1 - np.identity(len(ents1))); # (-1) * 2013 Reiher Eq (3)
/blue/m2qm-efrc/cpbunker/GitHub/transport/transport/tddmrg/__init__.py:513: RuntimeWarning: invalid value encountered in multiply
  minfo = 0.5 * (ents1[:, None] + ents1[None, :] - ents2) * (1 - np.identity(len(ents1))); # (-1) * 2013 Reiher Eq (3)
/blue/m2qm-efrc/cpbunker/GitHub/transport/transport/tddmrg/__init__.py:181: RuntimeWarning: divide by zero encountered in log
  ents[sitei] = np.trace( -oneorb_rdm*np.log(oneorb_rdm));
/blue/m2qm-efrc/cpbunker/GitHub/transport/transport/tddmrg/__init__.py:181: RuntimeWarning: invalid value encountered in multiply
  ents[sitei] = np.trace( -oneorb_rdm*np.log(oneorb_rdm));
/blue/m2qm-efrc/cpbunker/GitHub/transport/transport/tddmrg/__init__.py:513: RuntimeWarning: invalid value encountered in subtract
  minfo = 0.5 * (ents1[:, None] + ents1[None, :] - ents2) * (1 - np.identity(len(ents1))); # (-1) * 2013 Reiher Eq (3)
/blue/m2qm-efrc/cpbunker/GitHub/transport/transport/tddmrg/__init__.py:513: RuntimeWarning: invalid value encountered in multiply
  minfo = 0.5 * (ents1[:, None] + ents1[None, :] - ents2) * (1 - np.identity(len(ents1))); # (-1) * 2013 Reiher Eq (3)
/blue/m2qm-efrc/cpbunker/GitHub/transport/transport/tddmrg/__init__.py:181: RuntimeWarning: divide by zero encountered in log
  ents[sitei] = np.trace( -oneorb_rdm*np.log(oneorb_rdm));
/blue/m2qm-efrc/cpbunker/GitHub/transport/transport/tddmrg/__init__.py:181: RuntimeWarning: invalid value encountered in multiply
  ents[sitei] = np.trace( -oneorb_rdm*np.log(oneorb_rdm));
/blue/m2qm-efrc/cpbunker/GitHub/transport/transport/tddmrg/__init__.py:513: RuntimeWarning: invalid value encountered in subtract
  minfo = 0.5 * (ents1[:, None] + ents1[None, :] - ents2) * (1 - np.identity(len(ents1))); # (-1) * 2013 Reiher Eq (3)
/blue/m2qm-efrc/cpbunker/GitHub/transport/transport/tddmrg/__init__.py:513: RuntimeWarning: invalid value encountered in multiply
  minfo = 0.5 * (ents1[:, None] + ents1[None, :] - ents2) * (1 - np.identity(len(ents1))); # (-1) * 2013 Reiher Eq (3)
/blue/m2qm-efrc/cpbunker/GitHub/transport/transport/tddmrg/__init__.py:181: RuntimeWarning: divide by zero encountered in log
  ents[sitei] = np.trace( -oneorb_rdm*np.log(oneorb_rdm));
/blue/m2qm-efrc/cpbunker/GitHub/transport/transport/tddmrg/__init__.py:181: RuntimeWarning: invalid value encountered in multiply
  ents[sitei] = np.trace( -oneorb_rdm*np.log(oneorb_rdm));
/blue/m2qm-efrc/cpbunker/GitHub/transport/transport/tddmrg/__init__.py:513: RuntimeWarning: invalid value encountered in subtract
  minfo = 0.5 * (ents1[:, None] + ents1[None, :] - ents2) * (1 - np.identity(len(ents1))); # (-1) * 2013 Reiher Eq (3)
/blue/m2qm-efrc/cpbunker/GitHub/transport/transport/tddmrg/__init__.py:513: RuntimeWarning: invalid value encountered in multiply
  minfo = 0.5 * (ents1[:, None] + ents1[None, :] - ents2) * (1 - np.identity(len(ents1))); # (-1) * 2013 Reiher Eq (3)
/blue/m2qm-efrc/cpbunker/GitHub/transport/transport/tddmrg/__init__.py:181: RuntimeWarning: divide by zero encountered in log
  ents[sitei] = np.trace( -oneorb_rdm*np.log(oneorb_rdm));
/blue/m2qm-efrc/cpbunker/GitHub/transport/transport/tddmrg/__init__.py:181: RuntimeWarning: invalid value encountered in multiply
  ents[sitei] = np.trace( -oneorb_rdm*np.log(oneorb_rdm));
/blue/m2qm-efrc/cpbunker/GitHub/transport/transport/tddmrg/__init__.py:513: RuntimeWarning: invalid value encountered in subtract
  minfo = 0.5 * (ents1[:, None] + ents1[None, :] - ents2) * (1 - np.identity(len(ents1))); # (-1) * 2013 Reiher Eq (3)
/blue/m2qm-efrc/cpbunker/GitHub/transport/transport/tddmrg/__init__.py:513: RuntimeWarning: invalid value encountered in multiply
  minfo = 0.5 * (ents1[:, None] + ents1[None, :] - ents2) * (1 - np.identity(len(ents1))); # (-1) * 2013 Reiher Eq (3)
/blue/m2qm-efrc/cpbunker/GitHub/transport/transport/tddmrg/__init__.py:181: RuntimeWarning: divide by zero encountered in log
  ents[sitei] = np.trace( -oneorb_rdm*np.log(oneorb_rdm));
/blue/m2qm-efrc/cpbunker/GitHub/transport/transport/tddmrg/__init__.py:181: RuntimeWarning: invalid value encountered in multiply
  ents[sitei] = np.trace( -oneorb_rdm*np.log(oneorb_rdm));
/blue/m2qm-efrc/cpbunker/GitHub/transport/transport/tddmrg/__init__.py:513: RuntimeWarning: invalid value encountered in subtract
  minfo = 0.5 * (ents1[:, None] + ents1[None, :] - ents2) * (1 - np.identity(len(ents1))); # (-1) * 2013 Reiher Eq (3)
/blue/m2qm-efrc/cpbunker/GitHub/transport/transport/tddmrg/__init__.py:513: RuntimeWarning: invalid value encountered in multiply
  minfo = 0.5 * (ents1[:, None] + ents1[None, :] - ents2) * (1 - np.identity(len(ents1))); # (-1) * 2013 Reiher Eq (3)
/blue/m2qm-efrc/cpbunker/GitHub/transport/transport/tddmrg/__init__.py:181: RuntimeWarning: divide by zero encountered in log
  ents[sitei] = np.trace( -oneorb_rdm*np.log(oneorb_rdm));
/blue/m2qm-efrc/cpbunker/GitHub/transport/transport/tddmrg/__init__.py:181: RuntimeWarning: invalid value encountered in multiply
  ents[sitei] = np.trace( -oneorb_rdm*np.log(oneorb_rdm));
/blue/m2qm-efrc/cpbunker/GitHub/transport/transport/tddmrg/__init__.py:513: RuntimeWarning: invalid value encountered in subtract
  minfo = 0.5 * (ents1[:, None] + ents1[None, :] - ents2) * (1 - np.identity(len(ents1))); # (-1) * 2013 Reiher Eq (3)
/blue/m2qm-efrc/cpbunker/GitHub/transport/transport/tddmrg/__init__.py:513: RuntimeWarning: invalid value encountered in multiply
  minfo = 0.5 * (ents1[:, None] + ents1[None, :] - ents2) * (1 - np.identity(len(ents1))); # (-1) * 2013 Reiher Eq (3)
/blue/m2qm-efrc/cpbunker/GitHub/transport/transport/tddmrg/__init__.py:181: RuntimeWarning: divide by zero encountered in log
  ents[sitei] = np.trace( -oneorb_rdm*np.log(oneorb_rdm));
/blue/m2qm-efrc/cpbunker/GitHub/transport/transport/tddmrg/__init__.py:181: RuntimeWarning: invalid value encountered in multiply
  ents[sitei] = np.trace( -oneorb_rdm*np.log(oneorb_rdm));
/blue/m2qm-efrc/cpbunker/GitHub/transport/transport/tddmrg/__init__.py:513: RuntimeWarning: invalid value encountered in subtract
  minfo = 0.5 * (ents1[:, None] + ents1[None, :] - ents2) * (1 - np.identity(len(ents1))); # (-1) * 2013 Reiher Eq (3)
/blue/m2qm-efrc/cpbunker/GitHub/transport/transport/tddmrg/__init__.py:513: RuntimeWarning: invalid value encountered in multiply
  minfo = 0.5 * (ents1[:, None] + ents1[None, :] - ents2) * (1 - np.identity(len(ents1))); # (-1) * 2013 Reiher Eq (3)
/blue/m2qm-efrc/cpbunker/GitHub/transport/transport/tddmrg/__init__.py:181: RuntimeWarning: divide by zero encountered in log
  ents[sitei] = np.trace( -oneorb_rdm*np.log(oneorb_rdm));
/blue/m2qm-efrc/cpbunker/GitHub/transport/transport/tddmrg/__init__.py:181: RuntimeWarning: invalid value encountered in multiply
  ents[sitei] = np.trace( -oneorb_rdm*np.log(oneorb_rdm));
/blue/m2qm-efrc/cpbunker/GitHub/transport/transport/tddmrg/__init__.py:513: RuntimeWarning: invalid value encountered in subtract
  minfo = 0.5 * (ents1[:, None] + ents1[None, :] - ents2) * (1 - np.identity(len(ents1))); # (-1) * 2013 Reiher Eq (3)
/blue/m2qm-efrc/cpbunker/GitHub/transport/transport/tddmrg/__init__.py:513: RuntimeWarning: invalid value encountered in multiply
  minfo = 0.5 * (ents1[:, None] + ents1[None, :] - ents2) * (1 - np.identity(len(ents1))); # (-1) * 2013 Reiher Eq (3)
/blue/m2qm-efrc/cpbunker/GitHub/transport/transport/tddmrg/__init__.py:181: RuntimeWarning: divide by zero encountered in log
  ents[sitei] = np.trace( -oneorb_rdm*np.log(oneorb_rdm));
/blue/m2qm-efrc/cpbunker/GitHub/transport/transport/tddmrg/__init__.py:181: RuntimeWarning: invalid value encountered in multiply
  ents[sitei] = np.trace( -oneorb_rdm*np.log(oneorb_rdm));
/blue/m2qm-efrc/cpbunker/GitHub/transport/transport/tddmrg/__init__.py:513: RuntimeWarning: invalid value encountered in subtract
  minfo = 0.5 * (ents1[:, None] + ents1[None, :] - ents2) * (1 - np.identity(len(ents1))); # (-1) * 2013 Reiher Eq (3)
/blue/m2qm-efrc/cpbunker/GitHub/transport/transport/tddmrg/__init__.py:513: RuntimeWarning: invalid value encountered in multiply
  minfo = 0.5 * (ents1[:, None] + ents1[None, :] - ents2) * (1 - np.identity(len(ents1))); # (-1) * 2013 Reiher Eq (3)
/blue/m2qm-efrc/cpbunker/GitHub/transport/transport/tddmrg/__init__.py:181: RuntimeWarning: divide by zero encountered in log
  ents[sitei] = np.trace( -oneorb_rdm*np.log(oneorb_rdm));
/blue/m2qm-efrc/cpbunker/GitHub/transport/transport/tddmrg/__init__.py:181: RuntimeWarning: invalid value encountered in multiply
  ents[sitei] = np.trace( -oneorb_rdm*np.log(oneorb_rdm));
/blue/m2qm-efrc/cpbunker/GitHub/transport/transport/tddmrg/__init__.py:513: RuntimeWarning: invalid value encountered in subtract
  minfo = 0.5 * (ents1[:, None] + ents1[None, :] - ents2) * (1 - np.identity(len(ents1))); # (-1) * 2013 Reiher Eq (3)
/blue/m2qm-efrc/cpbunker/GitHub/transport/transport/tddmrg/__init__.py:513: RuntimeWarning: invalid value encountered in multiply
  minfo = 0.5 * (ents1[:, None] + ents1[None, :] - ents2) * (1 - np.identity(len(ents1))); # (-1) * 2013 Reiher Eq (3)
/blue/m2qm-efrc/cpbunker/GitHub/transport/transport/tddmrg/__init__.py:181: RuntimeWarning: divide by zero encountered in log
  ents[sitei] = np.trace( -oneorb_rdm*np.log(oneorb_rdm));
/blue/m2qm-efrc/cpbunker/GitHub/transport/transport/tddmrg/__init__.py:181: RuntimeWarning: invalid value encountered in multiply
  ents[sitei] = np.trace( -oneorb_rdm*np.log(oneorb_rdm));
/blue/m2qm-efrc/cpbunker/GitHub/transport/transport/tddmrg/__init__.py:513: RuntimeWarning: invalid value encountered in subtract
  minfo = 0.5 * (ents1[:, None] + ents1[None, :] - ents2) * (1 - np.identity(len(ents1))); # (-1) * 2013 Reiher Eq (3)
/blue/m2qm-efrc/cpbunker/GitHub/transport/transport/tddmrg/__init__.py:513: RuntimeWarning: invalid value encountered in multiply
  minfo = 0.5 * (ents1[:, None] + ents1[None, :] - ents2) * (1 - np.identity(len(ents1))); # (-1) * 2013 Reiher Eq (3)
/blue/m2qm-efrc/cpbunker/GitHub/transport/transport/tddmrg/__init__.py:181: RuntimeWarning: divide by zero encountered in log
  ents[sitei] = np.trace( -oneorb_rdm*np.log(oneorb_rdm));
/blue/m2qm-efrc/cpbunker/GitHub/transport/transport/tddmrg/__init__.py:181: RuntimeWarning: invalid value encountered in multiply
  ents[sitei] = np.trace( -oneorb_rdm*np.log(oneorb_rdm));
/blue/m2qm-efrc/cpbunker/GitHub/transport/transport/tddmrg/__init__.py:513: RuntimeWarning: invalid value encountered in subtract
  minfo = 0.5 * (ents1[:, None] + ents1[None, :] - ents2) * (1 - np.identity(len(ents1))); # (-1) * 2013 Reiher Eq (3)
/blue/m2qm-efrc/cpbunker/GitHub/transport/transport/tddmrg/__init__.py:513: RuntimeWarning: invalid value encountered in multiply
  minfo = 0.5 * (ents1[:, None] + ents1[None, :] - ents2) * (1 - np.identity(len(ents1))); # (-1) * 2013 Reiher Eq (3)
/blue/m2qm-efrc/cpbunker/GitHub/transport/transport/tddmrg/__init__.py:181: RuntimeWarning: divide by zero encountered in log
  ents[sitei] = np.trace( -oneorb_rdm*np.log(oneorb_rdm));
/blue/m2qm-efrc/cpbunker/GitHub/transport/transport/tddmrg/__init__.py:181: RuntimeWarning: invalid value encountered in multiply
  ents[sitei] = np.trace( -oneorb_rdm*np.log(oneorb_rdm));
/blue/m2qm-efrc/cpbunker/GitHub/transport/transport/tddmrg/__init__.py:513: RuntimeWarning: invalid value encountered in subtract
  minfo = 0.5 * (ents1[:, None] + ents1[None, :] - ents2) * (1 - np.identity(len(ents1))); # (-1) * 2013 Reiher Eq (3)
/blue/m2qm-efrc/cpbunker/GitHub/transport/transport/tddmrg/__init__.py:513: RuntimeWarning: invalid value encountered in multiply
  minfo = 0.5 * (ents1[:, None] + ents1[None, :] - ents2) * (1 - np.identity(len(ents1))); # (-1) * 2013 Reiher Eq (3)
/blue/m2qm-efrc/cpbunker/GitHub/transport/transport/tddmrg/__init__.py:181: RuntimeWarning: divide by zero encountered in log
  ents[sitei] = np.trace( -oneorb_rdm*np.log(oneorb_rdm));
/blue/m2qm-efrc/cpbunker/GitHub/transport/transport/tddmrg/__init__.py:181: RuntimeWarning: invalid value encountered in multiply
  ents[sitei] = np.trace( -oneorb_rdm*np.log(oneorb_rdm));
/blue/m2qm-efrc/cpbunker/GitHub/transport/transport/tddmrg/__init__.py:513: RuntimeWarning: invalid value encountered in subtract
  minfo = 0.5 * (ents1[:, None] + ents1[None, :] - ents2) * (1 - np.identity(len(ents1))); # (-1) * 2013 Reiher Eq (3)
/blue/m2qm-efrc/cpbunker/GitHub/transport/transport/tddmrg/__init__.py:513: RuntimeWarning: invalid value encountered in multiply
  minfo = 0.5 * (ents1[:, None] + ents1[None, :] - ents2) * (1 - np.identity(len(ents1))); # (-1) * 2013 Reiher Eq (3)
/blue/m2qm-efrc/cpbunker/GitHub/transport/transport/tddmrg/__init__.py:181: RuntimeWarning: divide by zero encountered in log
  ents[sitei] = np.trace( -oneorb_rdm*np.log(oneorb_rdm));
/blue/m2qm-efrc/cpbunker/GitHub/transport/transport/tddmrg/__init__.py:181: RuntimeWarning: invalid value encountered in multiply
  ents[sitei] = np.trace( -oneorb_rdm*np.log(oneorb_rdm));
/blue/m2qm-efrc/cpbunker/GitHub/transport/transport/tddmrg/__init__.py:513: RuntimeWarning: invalid value encountered in subtract
  minfo = 0.5 * (ents1[:, None] + ents1[None, :] - ents2) * (1 - np.identity(len(ents1))); # (-1) * 2013 Reiher Eq (3)
/blue/m2qm-efrc/cpbunker/GitHub/transport/transport/tddmrg/__init__.py:513: RuntimeWarning: invalid value encountered in multiply
  minfo = 0.5 * (ents1[:, None] + ents1[None, :] - ents2) * (1 - np.identity(len(ents1))); # (-1) * 2013 Reiher Eq (3)
/blue/m2qm-efrc/cpbunker/GitHub/transport/transport/tddmrg/__init__.py:181: RuntimeWarning: divide by zero encountered in log
  ents[sitei] = np.trace( -oneorb_rdm*np.log(oneorb_rdm));
/blue/m2qm-efrc/cpbunker/GitHub/transport/transport/tddmrg/__init__.py:181: RuntimeWarning: invalid value encountered in multiply
  ents[sitei] = np.trace( -oneorb_rdm*np.log(oneorb_rdm));
/blue/m2qm-efrc/cpbunker/GitHub/transport/transport/tddmrg/__init__.py:513: RuntimeWarning: invalid value encountered in subtract
  minfo = 0.5 * (ents1[:, None] + ents1[None, :] - ents2) * (1 - np.identity(len(ents1))); # (-1) * 2013 Reiher Eq (3)
/blue/m2qm-efrc/cpbunker/GitHub/transport/transport/tddmrg/__init__.py:513: RuntimeWarning: invalid value encountered in multiply
  minfo = 0.5 * (ents1[:, None] + ents1[None, :] - ents2) * (1 - np.identity(len(ents1))); # (-1) * 2013 Reiher Eq (3)
/blue/m2qm-efrc/cpbunker/GitHub/transport/transport/tddmrg/__init__.py:181: RuntimeWarning: divide by zero encountered in log
  ents[sitei] = np.trace( -oneorb_rdm*np.log(oneorb_rdm));
/blue/m2qm-efrc/cpbunker/GitHub/transport/transport/tddmrg/__init__.py:181: RuntimeWarning: invalid value encountered in multiply
  ents[sitei] = np.trace( -oneorb_rdm*np.log(oneorb_rdm));
/blue/m2qm-efrc/cpbunker/GitHub/transport/transport/tddmrg/__init__.py:513: RuntimeWarning: invalid value encountered in subtract
  minfo = 0.5 * (ents1[:, None] + ents1[None, :] - ents2) * (1 - np.identity(len(ents1))); # (-1) * 2013 Reiher Eq (3)
/blue/m2qm-efrc/cpbunker/GitHub/transport/transport/tddmrg/__init__.py:513: RuntimeWarning: invalid value encountered in multiply
  minfo = 0.5 * (ents1[:, None] + ents1[None, :] - ents2) * (1 - np.identity(len(ents1))); # (-1) * 2013 Reiher Eq (3)
/blue/m2qm-efrc/cpbunker/GitHub/transport/transport/tddmrg/__init__.py:181: RuntimeWarning: divide by zero encountered in log
  ents[sitei] = np.trace( -oneorb_rdm*np.log(oneorb_rdm));
/blue/m2qm-efrc/cpbunker/GitHub/transport/transport/tddmrg/__init__.py:181: RuntimeWarning: invalid value encountered in multiply
  ents[sitei] = np.trace( -oneorb_rdm*np.log(oneorb_rdm));
/blue/m2qm-efrc/cpbunker/GitHub/transport/transport/tddmrg/__init__.py:513: RuntimeWarning: invalid value encountered in subtract
  minfo = 0.5 * (ents1[:, None] + ents1[None, :] - ents2) * (1 - np.identity(len(ents1))); # (-1) * 2013 Reiher Eq (3)
/blue/m2qm-efrc/cpbunker/GitHub/transport/transport/tddmrg/__init__.py:513: RuntimeWarning: invalid value encountered in multiply
  minfo = 0.5 * (ents1[:, None] + ents1[None, :] - ents2) * (1 - np.identity(len(ents1))); # (-1) * 2013 Reiher Eq (3)
/blue/m2qm-efrc/cpbunker/GitHub/transport/transport/tddmrg/__init__.py:181: RuntimeWarning: divide by zero encountered in log
  ents[sitei] = np.trace( -oneorb_rdm*np.log(oneorb_rdm));
/blue/m2qm-efrc/cpbunker/GitHub/transport/transport/tddmrg/__init__.py:181: RuntimeWarning: invalid value encountered in multiply
  ents[sitei] = np.trace( -oneorb_rdm*np.log(oneorb_rdm));
/blue/m2qm-efrc/cpbunker/GitHub/transport/transport/tddmrg/__init__.py:513: RuntimeWarning: invalid value encountered in subtract
  minfo = 0.5 * (ents1[:, None] + ents1[None, :] - ents2) * (1 - np.identity(len(ents1))); # (-1) * 2013 Reiher Eq (3)
/blue/m2qm-efrc/cpbunker/GitHub/transport/transport/tddmrg/__init__.py:513: RuntimeWarning: invalid value encountered in multiply
  minfo = 0.5 * (ents1[:, None] + ents1[None, :] - ents2) * (1 - np.identity(len(ents1))); # (-1) * 2013 Reiher Eq (3)
/blue/m2qm-efrc/cpbunker/GitHub/transport/transport/tddmrg/__init__.py:181: RuntimeWarning: divide by zero encountered in log
  ents[sitei] = np.trace( -oneorb_rdm*np.log(oneorb_rdm));
/blue/m2qm-efrc/cpbunker/GitHub/transport/transport/tddmrg/__init__.py:181: RuntimeWarning: invalid value encountered in multiply
  ents[sitei] = np.trace( -oneorb_rdm*np.log(oneorb_rdm));
/blue/m2qm-efrc/cpbunker/GitHub/transport/transport/tddmrg/__init__.py:513: RuntimeWarning: invalid value encountered in subtract
  minfo = 0.5 * (ents1[:, None] + ents1[None, :] - ents2) * (1 - np.identity(len(ents1))); # (-1) * 2013 Reiher Eq (3)
/blue/m2qm-efrc/cpbunker/GitHub/transport/transport/tddmrg/__init__.py:513: RuntimeWarning: invalid value encountered in multiply
  minfo = 0.5 * (ents1[:, None] + ents1[None, :] - ents2) * (1 - np.identity(len(ents1))); # (-1) * 2013 Reiher Eq (3)
/blue/m2qm-efrc/cpbunker/GitHub/transport/transport/tddmrg/__init__.py:181: RuntimeWarning: divide by zero encountered in log
  ents[sitei] = np.trace( -oneorb_rdm*np.log(oneorb_rdm));
/blue/m2qm-efrc/cpbunker/GitHub/transport/transport/tddmrg/__init__.py:181: RuntimeWarning: invalid value encountered in multiply
  ents[sitei] = np.trace( -oneorb_rdm*np.log(oneorb_rdm));
/blue/m2qm-efrc/cpbunker/GitHub/transport/transport/tddmrg/__init__.py:513: RuntimeWarning: invalid value encountered in subtract
  minfo = 0.5 * (ents1[:, None] + ents1[None, :] - ents2) * (1 - np.identity(len(ents1))); # (-1) * 2013 Reiher Eq (3)
/blue/m2qm-efrc/cpbunker/GitHub/transport/transport/tddmrg/__init__.py:513: RuntimeWarning: invalid value encountered in multiply
  minfo = 0.5 * (ents1[:, None] + ents1[None, :] - ents2) * (1 - np.identity(len(ents1))); # (-1) * 2013 Reiher Eq (3)
/blue/m2qm-efrc/cpbunker/GitHub/transport/transport/tddmrg/__init__.py:181: RuntimeWarning: divide by zero encountered in log
  ents[sitei] = np.trace( -oneorb_rdm*np.log(oneorb_rdm));
/blue/m2qm-efrc/cpbunker/GitHub/transport/transport/tddmrg/__init__.py:181: RuntimeWarning: invalid value encountered in multiply
  ents[sitei] = np.trace( -oneorb_rdm*np.log(oneorb_rdm));
/blue/m2qm-efrc/cpbunker/GitHub/transport/transport/tddmrg/__init__.py:513: RuntimeWarning: invalid value encountered in subtract
  minfo = 0.5 * (ents1[:, None] + ents1[None, :] - ents2) * (1 - np.identity(len(ents1))); # (-1) * 2013 Reiher Eq (3)
/blue/m2qm-efrc/cpbunker/GitHub/transport/transport/tddmrg/__init__.py:513: RuntimeWarning: invalid value encountered in multiply
  minfo = 0.5 * (ents1[:, None] + ents1[None, :] - ents2) * (1 - np.identity(len(ents1))); # (-1) * 2013 Reiher Eq (3)
/blue/m2qm-efrc/cpbunker/GitHub/transport/transport/tddmrg/__init__.py:181: RuntimeWarning: divide by zero encountered in log
  ents[sitei] = np.trace( -oneorb_rdm*np.log(oneorb_rdm));
/blue/m2qm-efrc/cpbunker/GitHub/transport/transport/tddmrg/__init__.py:181: RuntimeWarning: invalid value encountered in multiply
  ents[sitei] = np.trace( -oneorb_rdm*np.log(oneorb_rdm));
/blue/m2qm-efrc/cpbunker/GitHub/transport/transport/tddmrg/__init__.py:513: RuntimeWarning: invalid value encountered in subtract
  minfo = 0.5 * (ents1[:, None] + ents1[None, :] - ents2) * (1 - np.identity(len(ents1))); # (-1) * 2013 Reiher Eq (3)
/blue/m2qm-efrc/cpbunker/GitHub/transport/transport/tddmrg/__init__.py:513: RuntimeWarning: invalid value encountered in multiply
  minfo = 0.5 * (ents1[:, None] + ents1[None, :] - ents2) * (1 - np.identity(len(ents1))); # (-1) * 2013 Reiher Eq (3)
/blue/m2qm-efrc/cpbunker/GitHub/transport/transport/tddmrg/__init__.py:181: RuntimeWarning: divide by zero encountered in log
  ents[sitei] = np.trace( -oneorb_rdm*np.log(oneorb_rdm));
/blue/m2qm-efrc/cpbunker/GitHub/transport/transport/tddmrg/__init__.py:181: RuntimeWarning: invalid value encountered in multiply
  ents[sitei] = np.trace( -oneorb_rdm*np.log(oneorb_rdm));
/blue/m2qm-efrc/cpbunker/GitHub/transport/transport/tddmrg/__init__.py:513: RuntimeWarning: invalid value encountered in subtract
  minfo = 0.5 * (ents1[:, None] + ents1[None, :] - ents2) * (1 - np.identity(len(ents1))); # (-1) * 2013 Reiher Eq (3)
/blue/m2qm-efrc/cpbunker/GitHub/transport/transport/tddmrg/__init__.py:513: RuntimeWarning: invalid value encountered in multiply
  minfo = 0.5 * (ents1[:, None] + ents1[None, :] - ents2) * (1 - np.identity(len(ents1))); # (-1) * 2013 Reiher Eq (3)
/blue/m2qm-efrc/cpbunker/GitHub/transport/transport/tddmrg/__init__.py:181: RuntimeWarning: divide by zero encountered in log
  ents[sitei] = np.trace( -oneorb_rdm*np.log(oneorb_rdm));
/blue/m2qm-efrc/cpbunker/GitHub/transport/transport/tddmrg/__init__.py:181: RuntimeWarning: invalid value encountered in multiply
  ents[sitei] = np.trace( -oneorb_rdm*np.log(oneorb_rdm));
/blue/m2qm-efrc/cpbunker/GitHub/transport/transport/tddmrg/__init__.py:513: RuntimeWarning: invalid value encountered in subtract
  minfo = 0.5 * (ents1[:, None] + ents1[None, :] - ents2) * (1 - np.identity(len(ents1))); # (-1) * 2013 Reiher Eq (3)
/blue/m2qm-efrc/cpbunker/GitHub/transport/transport/tddmrg/__init__.py:513: RuntimeWarning: invalid value encountered in multiply
  minfo = 0.5 * (ents1[:, None] + ents1[None, :] - ents2) * (1 - np.identity(len(ents1))); # (-1) * 2013 Reiher Eq (3)


START TIME EVOLUTION (te_type = tdvp)

 ************************************************** 


	 driver.mpi =  None
	 global threads = 4

>>>> Evol CPU time = 134.5 min


Time = 4.00
Total energy = -18.891738+0.000000j
WF norm = 1.000000-0.000000j
<Sz d=30> = 0.003837+0.000000j
<Sz d=31> = 0.007047-0.000000j
<(S1+S2)^2> = 1.010242
1 + cos(phi)= 0.999996
ents2[31,30] = 0.1532788348
MI[30,31] = 0.616443 (max = 0.693147)
occ_ 
js =  [0, 1, 2, 3, 4, 5, 6, 7, 8, 9, 10, 11, 12, 13, 14, 15, 16, 17, 18, 19, 20, 21, 22, 23, 24, 25, 26, 27, 28, 29, 30, 31, 32, 33, 34, 35, 36, 37, 38, 39, 40, 41, 42, 43, 44, 45, 46, 47, 48, 49, 50, 51, 52, 53, 54, 55, 56, 57, 58, 59, 60, 61]
Total <occ_> = 10.000000
sz_ 
js =  [0, 1, 2, 3, 4, 5, 6, 7, 8, 9, 10, 11, 12, 13, 14, 15, 16, 17, 18, 19, 20, 21, 22, 23, 24, 25, 26, 27, 28, 29, 30, 31, 32, 33, 34, 35, 36, 37, 38, 39, 40, 41, 42, 43, 44, 45, 46, 47, 48, 49, 50, 51, 52, 53, 54, 55, 56, 57, 58, 59, 60, 61]
Total <sz_> = -0.010884
Sdz_ 
js =  [30, 31]
Total <Sdz_> = 0.010884
J_ 
js =  [30, 31, 30, 31, 32, 33]
Total <J_> = 0.348510
MI_ 
js =  [30, 31]
ents2[31,30] = 0.1532788348
Total <MI_> = nan

>>>> Observables CPU time = 5.2 min


>>>> Evol CPU time = 130.2 min


Time = 8.00
Total energy = -18.891739+0.000000j
WF norm = 0.999999+0.000000j
<Sz d=30> = 0.006032-0.000000j
<Sz d=31> = 0.036328-0.000000j
<(S1+S2)^2> = 1.027415
1 + cos(phi)= 0.999996
ents2[31,30] = 0.4464988412
MI[30,31] = 0.468541 (max = 0.693147)
occ_ 
js =  [0, 1, 2, 3, 4, 5, 6, 7, 8, 9, 10, 11, 12, 13, 14, 15, 16, 17, 18, 19, 20, 21, 22, 23, 24, 25, 26, 27, 28, 29, 30, 31, 32, 33, 34, 35, 36, 37, 38, 39, 40, 41, 42, 43, 44, 45, 46, 47, 48, 49, 50, 51, 52, 53, 54, 55, 56, 57, 58, 59, 60, 61]
Total <occ_> = 10.000000
sz_ 
js =  [0, 1, 2, 3, 4, 5, 6, 7, 8, 9, 10, 11, 12, 13, 14, 15, 16, 17, 18, 19, 20, 21, 22, 23, 24, 25, 26, 27, 28, 29, 30, 31, 32, 33, 34, 35, 36, 37, 38, 39, 40, 41, 42, 43, 44, 45, 46, 47, 48, 49, 50, 51, 52, 53, 54, 55, 56, 57, 58, 59, 60, 61]
Total <sz_> = -0.042360
Sdz_ 
js =  [30, 31]
Total <Sdz_> = 0.042360
J_ 
js =  [30, 31, 30, 31, 32, 33]
Total <J_> = 0.497071
MI_ 
js =  [30, 31]
ents2[31,30] = 0.4464988412
Total <MI_> = nan

>>>> Observables CPU time = 4.6 min


>>>> Evol CPU time = 124.9 min


Time = 12.00
Total energy = -18.891743-0.000000j
WF norm = 0.999997+0.000000j
<Sz d=30> = 0.004468+0.000000j
<Sz d=31> = 0.074769-0.000000j
<(S1+S2)^2> = 1.043468
1 + cos(phi)= 0.999996
ents2[31,30] = 0.7153878538
MI[30,31] = 0.329822 (max = 0.693147)
occ_ 
js =  [0, 1, 2, 3, 4, 5, 6, 7, 8, 9, 10, 11, 12, 13, 14, 15, 16, 17, 18, 19, 20, 21, 22, 23, 24, 25, 26, 27, 28, 29, 30, 31, 32, 33, 34, 35, 36, 37, 38, 39, 40, 41, 42, 43, 44, 45, 46, 47, 48, 49, 50, 51, 52, 53, 54, 55, 56, 57, 58, 59, 60, 61]
Total <occ_> = 10.000000
sz_ 
js =  [0, 1, 2, 3, 4, 5, 6, 7, 8, 9, 10, 11, 12, 13, 14, 15, 16, 17, 18, 19, 20, 21, 22, 23, 24, 25, 26, 27, 28, 29, 30, 31, 32, 33, 34, 35, 36, 37, 38, 39, 40, 41, 42, 43, 44, 45, 46, 47, 48, 49, 50, 51, 52, 53, 54, 55, 56, 57, 58, 59, 60, 61]
Total <sz_> = -0.079237
Sdz_ 
js =  [30, 31]
Total <Sdz_> = 0.079237
J_ 
js =  [30, 31, 30, 31, 32, 33]
Total <J_> = 0.521143
MI_ 
js =  [30, 31]
ents2[31,30] = 0.7153878538
Total <MI_> = nan

>>>> Observables CPU time = 4.5 min


>>>> Evol CPU time = 129.3 min


Time = 16.00
Total energy = -18.891750+0.000000j
WF norm = 0.999990+0.000000j
<Sz d=30> = 0.003275-0.000000j
<Sz d=31> = 0.105502-0.000000j
<(S1+S2)^2> = 1.053843
1 + cos(phi)= 0.999996
ents2[31,30] = 0.9092139551
MI[30,31] = 0.227315 (max = 0.693147)
occ_ 
js =  [0, 1, 2, 3, 4, 5, 6, 7, 8, 9, 10, 11, 12, 13, 14, 15, 16, 17, 18, 19, 20, 21, 22, 23, 24, 25, 26, 27, 28, 29, 30, 31, 32, 33, 34, 35, 36, 37, 38, 39, 40, 41, 42, 43, 44, 45, 46, 47, 48, 49, 50, 51, 52, 53, 54, 55, 56, 57, 58, 59, 60, 61]
Total <occ_> = 10.000000
sz_ 
js =  [0, 1, 2, 3, 4, 5, 6, 7, 8, 9, 10, 11, 12, 13, 14, 15, 16, 17, 18, 19, 20, 21, 22, 23, 24, 25, 26, 27, 28, 29, 30, 31, 32, 33, 34, 35, 36, 37, 38, 39, 40, 41, 42, 43, 44, 45, 46, 47, 48, 49, 50, 51, 52, 53, 54, 55, 56, 57, 58, 59, 60, 61]
Total <sz_> = -0.108776
Sdz_ 
js =  [30, 31]
Total <Sdz_> = 0.108776
J_ 
js =  [30, 31, 30, 31, 32, 33]
Total <J_> = 0.466710
MI_ 
js =  [30, 31]
ents2[31,30] = 0.9092139551
Total <MI_> = nan

>>>> Observables CPU time = 4.3 min


>>>> Evol CPU time = 131.2 min


Time = 20.00
Total energy = -18.891762+0.000000j
WF norm = 0.999974+0.000000j
<Sz d=30> = 0.000757+0.000000j
<Sz d=31> = 0.122012-0.000000j
<(S1+S2)^2> = 1.059167
1 + cos(phi)= 0.999996
ents2[31,30] = 1.0413654201
MI[30,31] = 0.157425 (max = 0.693147)
occ_ 
js =  [0, 1, 2, 3, 4, 5, 6, 7, 8, 9, 10, 11, 12, 13, 14, 15, 16, 17, 18, 19, 20, 21, 22, 23, 24, 25, 26, 27, 28, 29, 30, 31, 32, 33, 34, 35, 36, 37, 38, 39, 40, 41, 42, 43, 44, 45, 46, 47, 48, 49, 50, 51, 52, 53, 54, 55, 56, 57, 58, 59, 60, 61]
Total <occ_> = 10.000000
sz_ 
js =  [0, 1, 2, 3, 4, 5, 6, 7, 8, 9, 10, 11, 12, 13, 14, 15, 16, 17, 18, 19, 20, 21, 22, 23, 24, 25, 26, 27, 28, 29, 30, 31, 32, 33, 34, 35, 36, 37, 38, 39, 40, 41, 42, 43, 44, 45, 46, 47, 48, 49, 50, 51, 52, 53, 54, 55, 56, 57, 58, 59, 60, 61]
Total <sz_> = -0.122769
Sdz_ 
js =  [30, 31]
Total <Sdz_> = 0.122769
J_ 
js =  [30, 31, 30, 31, 32, 33]
Total <J_> = 0.436498
MI_ 
js =  [30, 31]
ents2[31,30] = 1.0413654201
Total <MI_> = nan

>>>> Observables CPU time = 4.2 min


>>>> Evol CPU time = 133.0 min


Time = 24.00
Total energy = -18.891783-0.000000j
WF norm = 0.999932-0.000000j
<Sz d=30> = -0.005798-0.000000j
<Sz d=31> = 0.130707+0.000000j
<(S1+S2)^2> = 1.063493
1 + cos(phi)= 0.999996
ents2[31,30] = 1.1281999571
MI[30,31] = 0.111729 (max = 0.693147)
occ_ 
js =  [0, 1, 2, 3, 4, 5, 6, 7, 8, 9, 10, 11, 12, 13, 14, 15, 16, 17, 18, 19, 20, 21, 22, 23, 24, 25, 26, 27, 28, 29, 30, 31, 32, 33, 34, 35, 36, 37, 38, 39, 40, 41, 42, 43, 44, 45, 46, 47, 48, 49, 50, 51, 52, 53, 54, 55, 56, 57, 58, 59, 60, 61]
Total <occ_> = 10.000000
sz_ 
js =  [0, 1, 2, 3, 4, 5, 6, 7, 8, 9, 10, 11, 12, 13, 14, 15, 16, 17, 18, 19, 20, 21, 22, 23, 24, 25, 26, 27, 28, 29, 30, 31, 32, 33, 34, 35, 36, 37, 38, 39, 40, 41, 42, 43, 44, 45, 46, 47, 48, 49, 50, 51, 52, 53, 54, 55, 56, 57, 58, 59, 60, 61]
Total <sz_> = -0.124909
Sdz_ 
js =  [30, 31]
Total <Sdz_> = 0.124909
J_ 
js =  [30, 31, 30, 31, 32, 33]
Total <J_> = 0.441341
MI_ 
js =  [30, 31]
ents2[31,30] = 1.1281999571
Total <MI_> = nan

>>>> Observables CPU time = 4.1 min


>>>> Evol CPU time = 131.9 min


Time = 28.00
Total energy = -18.891824-0.000000j
WF norm = 0.999828+0.000000j
<Sz d=30> = -0.016106+0.000000j
<Sz d=31> = 0.136119+0.000000j
<(S1+S2)^2> = 1.068758
1 + cos(phi)= 0.999996
ents2[31,30] = 1.1817570551
MI[30,31] = 0.083245 (max = 0.693147)
occ_ 
js =  [0, 1, 2, 3, 4, 5, 6, 7, 8, 9, 10, 11, 12, 13, 14, 15, 16, 17, 18, 19, 20, 21, 22, 23, 24, 25, 26, 27, 28, 29, 30, 31, 32, 33, 34, 35, 36, 37, 38, 39, 40, 41, 42, 43, 44, 45, 46, 47, 48, 49, 50, 51, 52, 53, 54, 55, 56, 57, 58, 59, 60, 61]
Total <occ_> = 10.000000
sz_ 
js =  [0, 1, 2, 3, 4, 5, 6, 7, 8, 9, 10, 11, 12, 13, 14, 15, 16, 17, 18, 19, 20, 21, 22, 23, 24, 25, 26, 27, 28, 29, 30, 31, 32, 33, 34, 35, 36, 37, 38, 39, 40, 41, 42, 43, 44, 45, 46, 47, 48, 49, 50, 51, 52, 53, 54, 55, 56, 57, 58, 59, 60, 61]
Total <sz_> = -0.120013
Sdz_ 
js =  [30, 31]
Total <Sdz_> = 0.120013
J_ 
js =  [30, 31, 30, 31, 32, 33]
Total <J_> = 0.445759
MI_ 
js =  [30, 31]
ents2[31,30] = 1.1817570551
Total <MI_> = nan

>>>> Observables CPU time = 4.3 min


>>>> Evol CPU time = 137.5 min


Time = 32.00
Total energy = -18.891917+0.000000j
WF norm = 0.999602-0.000000j
<Sz d=30> = -0.025145-0.000000j
<Sz d=31> = 0.138260+0.000000j
<(S1+S2)^2> = 1.074517
1 + cos(phi)= 0.999996
ents2[31,30] = 1.2127493909
MI[30,31] = 0.066773 (max = 0.693147)
occ_ 
js =  [0, 1, 2, 3, 4, 5, 6, 7, 8, 9, 10, 11, 12, 13, 14, 15, 16, 17, 18, 19, 20, 21, 22, 23, 24, 25, 26, 27, 28, 29, 30, 31, 32, 33, 34, 35, 36, 37, 38, 39, 40, 41, 42, 43, 44, 45, 46, 47, 48, 49, 50, 51, 52, 53, 54, 55, 56, 57, 58, 59, 60, 61]
Total <occ_> = 10.000000
sz_ 
js =  [0, 1, 2, 3, 4, 5, 6, 7, 8, 9, 10, 11, 12, 13, 14, 15, 16, 17, 18, 19, 20, 21, 22, 23, 24, 25, 26, 27, 28, 29, 30, 31, 32, 33, 34, 35, 36, 37, 38, 39, 40, 41, 42, 43, 44, 45, 46, 47, 48, 49, 50, 51, 52, 53, 54, 55, 56, 57, 58, 59, 60, 61]
Total <sz_> = -0.113115
Sdz_ 
js =  [30, 31]
Total <Sdz_> = 0.113115
J_ 
js =  [30, 31, 30, 31, 32, 33]
Total <J_> = 0.432025
MI_ 
js =  [30, 31]
ents2[31,30] = 1.2127493909
Total <MI_> = nan

>>>> Observables CPU time = 4.6 min


>>>> Evol CPU time = 134.9 min


Time = 36.00
Total energy = -18.892144-0.000000j
WF norm = 0.999112-0.000000j
<Sz d=30> = -0.028951-0.000000j
<Sz d=31> = 0.136838+0.000000j
<(S1+S2)^2> = 1.080171
1 + cos(phi)= 0.999996
ents2[31,30] = 1.2309324384
MI[30,31] = 0.057877 (max = 0.693147)
occ_ 
js =  [0, 1, 2, 3, 4, 5, 6, 7, 8, 9, 10, 11, 12, 13, 14, 15, 16, 17, 18, 19, 20, 21, 22, 23, 24, 25, 26, 27, 28, 29, 30, 31, 32, 33, 34, 35, 36, 37, 38, 39, 40, 41, 42, 43, 44, 45, 46, 47, 48, 49, 50, 51, 52, 53, 54, 55, 56, 57, 58, 59, 60, 61]
Total <occ_> = 10.000000
sz_ 
js =  [0, 1, 2, 3, 4, 5, 6, 7, 8, 9, 10, 11, 12, 13, 14, 15, 16, 17, 18, 19, 20, 21, 22, 23, 24, 25, 26, 27, 28, 29, 30, 31, 32, 33, 34, 35, 36, 37, 38, 39, 40, 41, 42, 43, 44, 45, 46, 47, 48, 49, 50, 51, 52, 53, 54, 55, 56, 57, 58, 59, 60, 61]
Total <sz_> = -0.107887
Sdz_ 
js =  [30, 31]
Total <Sdz_> = 0.107887
J_ 
js =  [30, 31, 30, 31, 32, 33]
Total <J_> = 0.423318
MI_ 
js =  [30, 31]
ents2[31,30] = 1.2309324384
Total <MI_> = nan

>>>> Observables CPU time = 4.2 min


>>>> Evol CPU time = 126.5 min


Time = 40.00
Total energy = -18.892574-0.000000j
WF norm = 0.998203-0.000000j
<Sz d=30> = -0.029842+0.000000j
<Sz d=31> = 0.131681+0.000000j
<(S1+S2)^2> = 1.083144
1 + cos(phi)= 0.999996
ents2[31,30] = 1.2410313293
MI[30,31] = 0.054194 (max = 0.693147)
occ_ 
js =  [0, 1, 2, 3, 4, 5, 6, 7, 8, 9, 10, 11, 12, 13, 14, 15, 16, 17, 18, 19, 20, 21, 22, 23, 24, 25, 26, 27, 28, 29, 30, 31, 32, 33, 34, 35, 36, 37, 38, 39, 40, 41, 42, 43, 44, 45, 46, 47, 48, 49, 50, 51, 52, 53, 54, 55, 56, 57, 58, 59, 60, 61]
Total <occ_> = 10.000000
sz_ 
js =  [0, 1, 2, 3, 4, 5, 6, 7, 8, 9, 10, 11, 12, 13, 14, 15, 16, 17, 18, 19, 20, 21, 22, 23, 24, 25, 26, 27, 28, 29, 30, 31, 32, 33, 34, 35, 36, 37, 38, 39, 40, 41, 42, 43, 44, 45, 46, 47, 48, 49, 50, 51, 52, 53, 54, 55, 56, 57, 58, 59, 60, 61]
Total <sz_> = -0.101839
Sdz_ 
js =  [30, 31]
Total <Sdz_> = 0.101839
J_ 
js =  [30, 31, 30, 31, 32, 33]
Total <J_> = 0.412297
MI_ 
js =  [30, 31]
ents2[31,30] = 1.2410313293
Total <MI_> = nan

>>>> Observables CPU time = 4.1 min


>>>> Evol CPU time = 126.3 min


Time = 44.00
Total energy = -18.893193+0.000000j
WF norm = 0.996725+0.000000j
<Sz d=30> = -0.027437-0.000000j
<Sz d=31> = 0.121312-0.000000j
<(S1+S2)^2> = 1.086730
1 + cos(phi)= 0.999996
ents2[31,30] = 1.2494357130
MI[30,31] = 0.052812 (max = 0.693147)
occ_ 
js =  [0, 1, 2, 3, 4, 5, 6, 7, 8, 9, 10, 11, 12, 13, 14, 15, 16, 17, 18, 19, 20, 21, 22, 23, 24, 25, 26, 27, 28, 29, 30, 31, 32, 33, 34, 35, 36, 37, 38, 39, 40, 41, 42, 43, 44, 45, 46, 47, 48, 49, 50, 51, 52, 53, 54, 55, 56, 57, 58, 59, 60, 61]
Total <occ_> = 10.000000
sz_ 
js =  [0, 1, 2, 3, 4, 5, 6, 7, 8, 9, 10, 11, 12, 13, 14, 15, 16, 17, 18, 19, 20, 21, 22, 23, 24, 25, 26, 27, 28, 29, 30, 31, 32, 33, 34, 35, 36, 37, 38, 39, 40, 41, 42, 43, 44, 45, 46, 47, 48, 49, 50, 51, 52, 53, 54, 55, 56, 57, 58, 59, 60, 61]
Total <sz_> = -0.093874
Sdz_ 
js =  [30, 31]
Total <Sdz_> = 0.093874
J_ 
js =  [30, 31, 30, 31, 32, 33]
Total <J_> = 0.457032
MI_ 
js =  [30, 31]
ents2[31,30] = 1.2494357130
Total <MI_> = nan

>>>> Observables CPU time = 4.3 min


>>>> Evol CPU time = 125.5 min


Time = 48.00
Total energy = -18.894160-0.000000j
WF norm = 0.994308-0.000000j
<Sz d=30> = -0.025659+0.000000j
<Sz d=31> = 0.113791-0.000000j
<(S1+S2)^2> = 1.093655
1 + cos(phi)= 0.999996
ents2[31,30] = 1.2541696800
MI[30,31] = 0.052341 (max = 0.693147)
occ_ 
js =  [0, 1, 2, 3, 4, 5, 6, 7, 8, 9, 10, 11, 12, 13, 14, 15, 16, 17, 18, 19, 20, 21, 22, 23, 24, 25, 26, 27, 28, 29, 30, 31, 32, 33, 34, 35, 36, 37, 38, 39, 40, 41, 42, 43, 44, 45, 46, 47, 48, 49, 50, 51, 52, 53, 54, 55, 56, 57, 58, 59, 60, 61]
Total <occ_> = 10.000000
sz_ 
js =  [0, 1, 2, 3, 4, 5, 6, 7, 8, 9, 10, 11, 12, 13, 14, 15, 16, 17, 18, 19, 20, 21, 22, 23, 24, 25, 26, 27, 28, 29, 30, 31, 32, 33, 34, 35, 36, 37, 38, 39, 40, 41, 42, 43, 44, 45, 46, 47, 48, 49, 50, 51, 52, 53, 54, 55, 56, 57, 58, 59, 60, 61]
Total <sz_> = -0.088133
Sdz_ 
js =  [30, 31]
Total <Sdz_> = 0.088133
J_ 
js =  [30, 31, 30, 31, 32, 33]
Total <J_> = 0.442206
MI_ 
js =  [30, 31]
ents2[31,30] = 1.2541696800
Total <MI_> = nan

>>>> Observables CPU time = 4.2 min


>>>> Evol CPU time = 127.6 min


Time = 52.00
Total energy = -18.895578-0.000000j
WF norm = 0.990568+0.000000j
<Sz d=30> = -0.026912+0.000000j
<Sz d=31> = 0.106080+0.000000j
<(S1+S2)^2> = 1.103132
1 + cos(phi)= 0.999996
ents2[31,30] = 1.2592103577
MI[30,31] = 0.051478 (max = 0.693147)
occ_ 
js =  [0, 1, 2, 3, 4, 5, 6, 7, 8, 9, 10, 11, 12, 13, 14, 15, 16, 17, 18, 19, 20, 21, 22, 23, 24, 25, 26, 27, 28, 29, 30, 31, 32, 33, 34, 35, 36, 37, 38, 39, 40, 41, 42, 43, 44, 45, 46, 47, 48, 49, 50, 51, 52, 53, 54, 55, 56, 57, 58, 59, 60, 61]
Total <occ_> = 10.000000
sz_ 
js =  [0, 1, 2, 3, 4, 5, 6, 7, 8, 9, 10, 11, 12, 13, 14, 15, 16, 17, 18, 19, 20, 21, 22, 23, 24, 25, 26, 27, 28, 29, 30, 31, 32, 33, 34, 35, 36, 37, 38, 39, 40, 41, 42, 43, 44, 45, 46, 47, 48, 49, 50, 51, 52, 53, 54, 55, 56, 57, 58, 59, 60, 61]
Total <sz_> = -0.079168
Sdz_ 
js =  [30, 31]
Total <Sdz_> = 0.079168
J_ 
js =  [30, 31, 30, 31, 32, 33]
Total <J_> = 0.402046
MI_ 
js =  [30, 31]
ents2[31,30] = 1.2592103577
Total <MI_> = nan

>>>> Observables CPU time = 4.4 min


>>>> Evol CPU time = 130.8 min


Time = 56.00
Total energy = -18.897535-0.000000j
WF norm = 0.985547+0.000000j
<Sz d=30> = -0.022914-0.000000j
<Sz d=31> = 0.095731+0.000000j
<(S1+S2)^2> = 1.105808
1 + cos(phi)= 0.999996
ents2[31,30] = 1.2640225125
MI[30,31] = 0.051389 (max = 0.693147)
occ_ 
js =  [0, 1, 2, 3, 4, 5, 6, 7, 8, 9, 10, 11, 12, 13, 14, 15, 16, 17, 18, 19, 20, 21, 22, 23, 24, 25, 26, 27, 28, 29, 30, 31, 32, 33, 34, 35, 36, 37, 38, 39, 40, 41, 42, 43, 44, 45, 46, 47, 48, 49, 50, 51, 52, 53, 54, 55, 56, 57, 58, 59, 60, 61]
Total <occ_> = 10.000000
sz_ 
js =  [0, 1, 2, 3, 4, 5, 6, 7, 8, 9, 10, 11, 12, 13, 14, 15, 16, 17, 18, 19, 20, 21, 22, 23, 24, 25, 26, 27, 28, 29, 30, 31, 32, 33, 34, 35, 36, 37, 38, 39, 40, 41, 42, 43, 44, 45, 46, 47, 48, 49, 50, 51, 52, 53, 54, 55, 56, 57, 58, 59, 60, 61]
Total <sz_> = -0.072817
Sdz_ 
js =  [30, 31]
Total <Sdz_> = 0.072817
J_ 
js =  [30, 31, 30, 31, 32, 33]
Total <J_> = 0.346872
MI_ 
js =  [30, 31]
ents2[31,30] = 1.2640225125
Total <MI_> = nan

>>>> Observables CPU time = 4.3 min


>>>> Evol CPU time = 133.4 min


Time = 60.00
Total energy = -18.899889-0.000000j
WF norm = 0.979181+0.000000j
<Sz d=30> = -0.018491-0.000000j
<Sz d=31> = 0.082066-0.000000j
<(S1+S2)^2> = 1.103975
1 + cos(phi)= 0.999996
ents2[31,30] = 1.2676984485
MI[30,31] = 0.052191 (max = 0.693147)
occ_ 
js =  [0, 1, 2, 3, 4, 5, 6, 7, 8, 9, 10, 11, 12, 13, 14, 15, 16, 17, 18, 19, 20, 21, 22, 23, 24, 25, 26, 27, 28, 29, 30, 31, 32, 33, 34, 35, 36, 37, 38, 39, 40, 41, 42, 43, 44, 45, 46, 47, 48, 49, 50, 51, 52, 53, 54, 55, 56, 57, 58, 59, 60, 61]
Total <occ_> = 10.000000
sz_ 
js =  [0, 1, 2, 3, 4, 5, 6, 7, 8, 9, 10, 11, 12, 13, 14, 15, 16, 17, 18, 19, 20, 21, 22, 23, 24, 25, 26, 27, 28, 29, 30, 31, 32, 33, 34, 35, 36, 37, 38, 39, 40, 41, 42, 43, 44, 45, 46, 47, 48, 49, 50, 51, 52, 53, 54, 55, 56, 57, 58, 59, 60, 61]
Total <sz_> = -0.063575
Sdz_ 
js =  [30, 31]
Total <Sdz_> = 0.063575
J_ 
js =  [30, 31, 30, 31, 32, 33]
Total <J_> = 0.281722
MI_ 
js =  [30, 31]
ents2[31,30] = 1.2676984485
Total <MI_> = nan

>>>> Observables CPU time = 5.0 min

stop time: 
Thu Jun  5 02:20:16 EDT 2025
