#### SLURM ####
pwd: 
/blue/m2qm-efrc/cpbunker/GitHub/transport
host: 
c0709a-s10.ufhpc
# conda environments:
#
base                     /apps/conda/23.3.1
block                 *  /blue/m2qm-efrc/cpbunker/condaenvs/block


#### PYTHON ####
start time: 
Tue Nov  7 08:20:45 EST 2023
cat inputfile:
{
"tl":1.0,"Vconf":10.0, "Be":100.0, "BFM":-100.0, "Jz":0.0, "Jx":0.0, "Jsd":2.0,
"NL":24, "NFM":2, "NR":24, "Nconf":4, "Ne":4, "TwoSz":2,
"symmetry":"Sz","spin_strs":["cd","CD"],"ex_sites":[25,27],"plot":0,
"bdim_0":[300,400,500,500,500],"bdim_t":[600], "noises":[1e-2,1e-3,1e-4,1e-5,0.0], "dmrg_sweeps":20,"cutoff":-1,
"time_step":0.01,"tupdate":1.0,"Nupdates":25
}
>>> PWD:  /blue/m2qm-efrc/cpbunker/GitHub/transport
>>> Do FCI  =  False
>>> Do DMRG =  True
Environment initialization | Nsites =    52 | Center =     0
 INIT-R <-- Site =   49 ..  Bmem =   256 B Rmem =   256 B T = 0.23
 INIT-R <-- Site =   48 ..  Bmem = 3.19 KB Rmem = 3.19 KB T = 0.14
 INIT-R <-- Site =   47 ..  Bmem = 37.5 KB Rmem = 37.5 KB T = 0.00
 INIT-R <-- Site =   46 ..  Bmem =  475 KB Rmem =  475 KB T = 0.74
 INIT-R <-- Site =   45 ..  Bmem = 6.14 MB Rmem =  572 KB T = 0.30
 INIT-R <-- Site =   44 ..  Bmem = 7.65 MB Rmem =  485 KB T = 0.91
 INIT-R <-- Site =   43 ..  Bmem = 6.67 MB Rmem =  440 KB T = 0.77
 INIT-R <-- Site =   42 ..  Bmem = 6.14 MB Rmem =  392 KB T = 2.72
 INIT-R <-- Site =   41 ..  Bmem = 5.58 MB Rmem =  377 KB T = 0.09
 INIT-R <-- Site =   40 ..  Bmem = 5.40 MB Rmem =  337 KB T = 0.09
 INIT-R <-- Site =   39 ..  Bmem = 4.87 MB Rmem =  296 KB T = 0.09
 INIT-R <-- Site =   38 ..  Bmem = 4.29 MB Rmem =  305 KB T = 0.07
 INIT-R <-- Site =   37 ..  Bmem = 4.45 MB Rmem =  275 KB T = 0.55
 INIT-R <-- Site =   36 ..  Bmem = 4.04 MB Rmem =  264 KB T = 0.96
 INIT-R <-- Site =   35 ..  Bmem = 3.89 MB Rmem =  241 KB T = 0.73
 INIT-R <-- Site =   34 ..  Bmem = 3.57 MB Rmem =  250 KB T = 0.41
 INIT-R <-- Site =   33 ..  Bmem = 3.72 MB Rmem =  246 KB T = 0.30
 INIT-R <-- Site =   32 ..  Bmem = 3.67 MB Rmem =  232 KB T = 0.46
 INIT-R <-- Site =   31 ..  Bmem = 3.47 MB Rmem =  195 KB T = 0.35
 INIT-R <-- Site =   30 ..  Bmem = 2.94 MB Rmem =  174 KB T = 0.65
 INIT-R <-- Site =   29 ..  Bmem = 2.64 MB Rmem =  161 KB T = 0.71
 INIT-R <-- Site =   28 ..  Bmem = 2.45 MB Rmem =  114 KB T = 0.92
 INIT-R <-- Site =   27 ..  Bmem = 1.73 MB Rmem =  131 KB T = 0.77
 INIT-R <-- Site =   26 ..  Bmem = 2.01 MB Rmem = 66.8 KB T = 0.81
 INIT-R <-- Site =   25 ..  Bmem = 1.59 MB Rmem =  113 KB T = 0.02
 INIT-R <-- Site =   24 ..  Bmem = 1.10 MB Rmem = 78.0 KB T = 0.03
 INIT-R <-- Site =   23 ..  Bmem = 1.86 MB Rmem =  131 KB T = 0.03
 INIT-R <-- Site =   22 ..  Bmem = 1.28 MB Rmem = 90.2 KB T = 0.03
 INIT-R <-- Site =   21 ..  Bmem = 1.37 MB Rmem = 96.6 KB T = 0.03
 INIT-R <-- Site =   20 ..  Bmem = 1.47 MB Rmem =  103 KB T = 0.03
 INIT-R <-- Site =   19 ..  Bmem = 1.57 MB Rmem =  110 KB T = 0.04
 INIT-R <-- Site =   18 ..  Bmem = 1.68 MB Rmem =  117 KB T = 0.04
 INIT-R <-- Site =   17 ..  Bmem = 1.79 MB Rmem =  124 KB T = 0.04
 INIT-R <-- Site =   16 ..  Bmem = 1.90 MB Rmem =  132 KB T = 0.04
 INIT-R <-- Site =   15 ..  Bmem = 2.02 MB Rmem =  140 KB T = 0.04
 INIT-R <-- Site =   14 ..  Bmem = 2.14 MB Rmem =  147 KB T = 0.04
 INIT-R <-- Site =   13 ..  Bmem = 2.26 MB Rmem =  156 KB T = 0.05
 INIT-R <-- Site =   12 ..  Bmem = 2.38 MB Rmem =  164 KB T = 0.05
 INIT-R <-- Site =   11 ..  Bmem = 2.51 MB Rmem =  172 KB T = 0.05
 INIT-R <-- Site =   10 ..  Bmem = 2.65 MB Rmem =  181 KB T = 0.05
 INIT-R <-- Site =    9 ..  Bmem = 2.78 MB Rmem =  190 KB T = 0.05
 INIT-R <-- Site =    8 ..  Bmem = 2.92 MB Rmem =  200 KB T = 0.06
 INIT-R <-- Site =    7 ..  Bmem = 3.07 MB Rmem =  209 KB T = 0.06
 INIT-R <-- Site =    6 ..  Bmem = 3.21 MB Rmem =  219 KB T = 0.07
 INIT-R <-- Site =    5 ..  Bmem = 3.36 MB Rmem =  229 KB T = 0.07
 INIT-R <-- Site =    4 ..  Bmem = 3.52 MB Rmem =  239 KB T = 0.08
 INIT-R <-- Site =    3 ..  Bmem = 3.67 MB Rmem =  249 KB T = 0.08
 INIT-R <-- Site =    2 ..  Bmem = 3.83 MB Rmem =  260 KB T = 0.08
 INIT-R <-- Site =    1 ..  Bmem = 4.00 MB Rmem =  270 KB T = 0.08
 INIT-R <-- Site =    0 ..  Bmem = 4.16 MB Rmem =  281 KB T = 0.08
Time init sweep =       15.090 | MaxBmem = 7.65 MB | MaxRmem =  485 KB
 | Tread = 0.000 | Twrite = 13.208 | Tfpread = 0.000 | Tfpwrite = 12.940 | data = 10.2 MB | cpsd = 6.92 MB | Tasync = 0.000


Sweep =    0 | Direction =  forward | Bond dimension =  300 | Noise =  1.00e-02 | Dav threshold =  1.00e-06
 --> Site =    0-   1 .. Mmps =    4 Ndav =  11 E =   -136.5081245859 Error = 0.00e+00 FLOPS = 6.42e+03 Tdav = 0.55 T = 1.01
 --> Site =    1-   2 .. Mmps =   16 Ndav =   7 E =   -162.3463237999 Error = 0.00e+00 FLOPS = 9.68e+06 Tdav = 0.00 T = 0.14
 --> Site =    2-   3 .. Mmps =   56 Ndav =   9 E =   -202.2399626609 Error = 0.00e+00 FLOPS = 2.83e+06 Tdav = 0.03 T = 0.10
 --> Site =    3-   4 .. Mmps =  176 Ndav =   8 E =   -202.8107493844 Error = 0.00e+00 FLOPS = 1.53e+08 Tdav = 0.00 T = 0.33
 --> Site =    4-   5 .. Mmps =  300 Ndav =   6 E =   -203.2498041475 Error = 2.02e-49 FLOPS = 4.73e+08 Tdav = 0.00 T = 1.45
 --> Site =    5-   6 .. Mmps =  300 Ndav =   5 E =   -203.3782233528 Error = 7.33e-42 FLOPS = 4.89e+08 Tdav = 0.01 T = 0.19
 --> Site =    6-   7 .. Mmps =  300 Ndav =  32 E =   -242.8970242752 Error = 8.91e-34 FLOPS = 2.37e+08 Tdav = 0.10 T = 0.73
 --> Site =    7-   8 .. Mmps =  300 Ndav =   9 E =   -243.2646065309 Error = 1.21e-37 FLOPS = 5.30e+08 Tdav = 0.01 T = 1.09
 --> Site =    8-   9 .. Mmps =  300 Ndav =  11 E =   -243.4607269080 Error = 2.78e-40 FLOPS = 4.94e+08 Tdav = 0.01 T = 0.77
 --> Site =    9-  10 .. Mmps =  300 Ndav =   9 E =   -243.4858142378 Error = 1.05e-41 FLOPS = 5.01e+08 Tdav = 0.01 T = 0.65
 --> Site =   10-  11 .. Mmps =  300 Ndav =  14 E =   -243.5241080059 Error = 3.00e-42 FLOPS = 4.37e+08 Tdav = 0.01 T = 0.20
 --> Site =   11-  12 .. Mmps =  300 Ndav =  17 E =   -243.6060651438 Error = 2.37e-41 FLOPS = 3.98e+08 Tdav = 0.02 T = 0.19
 --> Site =   12-  13 .. Mmps =  300 Ndav =  19 E =   -243.7013941272 Error = 5.08e-40 FLOPS = 3.70e+08 Tdav = 0.02 T = 0.56
 --> Site =   13-  14 .. Mmps =  300 Ndav =  15 E =   -243.7168843158 Error = 1.18e-42 FLOPS = 1.53e+08 Tdav = 0.04 T = 2.04
 --> Site =   14-  15 .. Mmps =  300 Ndav =  17 E =   -243.7554366135 Error = 8.61e-43 FLOPS = 1.73e+08 Tdav = 0.04 T = 0.34
 --> Site =   15-  16 .. Mmps =  300 Ndav =  16 E =   -243.7689758373 Error = 3.01e-42 FLOPS = 4.18e+08 Tdav = 0.02 T = 1.40
 --> Site =   16-  17 .. Mmps =  300 Ndav =  21 E =   -243.8289680376 Error = 4.63e-40 FLOPS = 7.38e+07 Tdav = 0.13 T = 1.53
 --> Site =   17-  18 .. Mmps =  300 Ndav =  17 E =   -243.8323223482 Error = 2.86e-40 FLOPS = 1.69e+08 Tdav = 0.04 T = 0.87
 --> Site =   18-  19 .. Mmps =  300 Ndav =  27 E =   -244.3507880722 Error = 2.44e-38 FLOPS = 2.61e+08 Tdav = 0.05 T = 1.47
 --> Site =   19-  20 .. Mmps =  300 Ndav =   8 E =   -245.3331583577 Error = 5.45e-43 FLOPS = 5.13e+08 Tdav = 0.01 T = 0.50
 --> Site =   20-  21 .. Mmps =  300 Ndav =   7 E =   -248.0696268881 Error = 1.37e-45 FLOPS = 5.10e+08 Tdav = 0.01 T = 1.05
 --> Site =   21-  22 .. Mmps =  300 Ndav =   5 E =   -269.6351976700 Error = 3.85e-49 FLOPS = 5.25e+08 Tdav = 0.00 T = 0.76
 --> Site =   22-  23 .. Mmps =  300 Ndav =   4 E =   -300.1508191998 Error = 1.11e-52 FLOPS = 5.44e+08 Tdav = 0.00 T = 0.64
 --> Site =   23-  24 .. Mmps =  300 Ndav =   4 E =   -307.1937418464 Error = 1.72e-56 FLOPS = 5.04e+08 Tdav = 0.00 T = 0.38
 --> Site =   24-  25 .. Mmps =  300 Ndav =   6 E =   -332.9035996848 Error = 2.20e-55 FLOPS = 6.29e+08 Tdav = 0.01 T = 0.25
 --> Site =   25-  26 .. Mmps =  300 Ndav =   4 E =   -337.3901123150 Error = 0.00e+00 FLOPS = 3.85e+08 Tdav = 0.00 T = 2.40
 --> Site =   26-  27 .. Mmps =  300 Ndav =   4 E =   -380.0166713013 Error = 0.00e+00 FLOPS = 6.40e+08 Tdav = 0.00 T = 0.38
 --> Site =   27-  28 .. Mmps =  300 Ndav =   1 E =   -380.0166713013 Error = 0.00e+00 FLOPS = 2.03e+08 Tdav = 0.00 T = 1.19
 --> Site =   28-  29 .. Mmps =  300 Ndav =   1 E =   -380.0166713013 Error = 0.00e+00 FLOPS = 2.96e+08 Tdav = 0.00 T = 0.17
 --> Site =   29-  30 .. Mmps =  300 Ndav =   1 E =   -380.0166713013 Error = 0.00e+00 FLOPS = 3.29e+08 Tdav = 0.00 T = 0.69
 --> Site =   30-  31 .. Mmps =  300 Ndav =   1 E =   -380.0166713013 Error = 0.00e+00 FLOPS = 1.55e+07 Tdav = 0.02 T = 1.17
 --> Site =   31-  32 .. Mmps =  300 Ndav =   1 E =   -380.0166713013 Error = 0.00e+00 FLOPS = 3.91e+08 Tdav = 0.00 T = 2.46
 --> Site =   32-  33 .. Mmps =  300 Ndav =   1 E =   -380.0166713013 Error = 0.00e+00 FLOPS = 3.42e+08 Tdav = 0.00 T = 0.97
 --> Site =   33-  34 .. Mmps =  300 Ndav =   1 E =   -380.0166713013 Error = 0.00e+00 FLOPS = 3.19e+08 Tdav = 0.00 T = 0.31
 --> Site =   34-  35 .. Mmps =  300 Ndav =   1 E =   -380.0166713013 Error = 0.00e+00 FLOPS = 3.27e+08 Tdav = 0.00 T = 0.37
 --> Site =   35-  36 .. Mmps =  300 Ndav =   1 E =   -380.0166713013 Error = 0.00e+00 FLOPS = 3.18e+08 Tdav = 0.00 T = 0.20
 --> Site =   36-  37 .. Mmps =  300 Ndav =   1 E =   -380.0166713013 Error = 0.00e+00 FLOPS = 3.41e+08 Tdav = 0.00 T = 0.24
 --> Site =   37-  38 .. Mmps =  300 Ndav =   1 E =   -380.0166713013 Error = 0.00e+00 FLOPS = 3.16e+08 Tdav = 0.00 T = 0.25
 --> Site =   38-  39 .. Mmps =  300 Ndav =   1 E =   -380.0166713013 Error = 0.00e+00 FLOPS = 3.13e+08 Tdav = 0.00 T = 0.33
 --> Site =   39-  40 .. Mmps =  300 Ndav =   1 E =   -380.0166713013 Error = 0.00e+00 FLOPS = 3.25e+08 Tdav = 0.00 T = 0.61
 --> Site =   40-  41 .. Mmps =  300 Ndav =   1 E =   -380.0166713013 Error = 0.00e+00 FLOPS = 3.26e+08 Tdav = 0.00 T = 0.27
 --> Site =   41-  42 .. Mmps =  300 Ndav =   1 E =   -380.0166713013 Error = 0.00e+00 FLOPS = 3.14e+08 Tdav = 0.00 T = 0.18
 --> Site =   42-  43 .. Mmps =  300 Ndav =   1 E =   -380.0166713013 Error = 0.00e+00 FLOPS = 1.95e+08 Tdav = 0.00 T = 0.26
 --> Site =   43-  44 .. Mmps =  300 Ndav =   1 E =   -380.0166713013 Error = 0.00e+00 FLOPS = 9.73e+06 Tdav = 0.03 T = 0.36
 --> Site =   44-  45 .. Mmps =  300 Ndav =   1 E =   -380.0166713013 Error = 0.00e+00 FLOPS = 2.64e+08 Tdav = 0.00 T = 0.33
 --> Site =   45-  46 .. Mmps =  300 Ndav =   1 E =   -380.0166713013 Error = 0.00e+00 FLOPS = 2.80e+08 Tdav = 0.00 T = 2.30
 --> Site =   46-  47 .. Mmps =  300 Ndav =   1 E =   -380.0166713013 Error = 0.00e+00 FLOPS = 2.76e+08 Tdav = 0.00 T = 0.61
 --> Site =   47-  48 .. Mmps =  300 Ndav =   1 E =   -380.0166713013 Error = 0.00e+00 FLOPS = 3.13e+08 Tdav = 0.00 T = 0.44
 --> Site =   48-  49 .. Mmps =  300 Ndav =   1 E =   -380.0166713013 Error = 0.00e+00 FLOPS = 3.26e+08 Tdav = 0.00 T = 0.42
 --> Site =   49-  50 .. Mmps =  300 Ndav =   1 E =   -380.0166713013 Error = 0.00e+00 FLOPS = 3.24e+08 Tdav = 0.00 T = 0.59
 --> Site =   50-  51 .. Mmps =  300 Ndav =   1 E =   -380.0166713013 Error = 0.00e+00 FLOPS = 1.78e+08 Tdav = 0.00 T = 0.78
Time elapsed =     37.072 | E =    -380.0166713013 | DW = 8.91e-34
Time sweep =       37.072 | 142 MFLOP/SWP
 | Dmem = 3.25 MB (1%) | Imem = 1.88 MB (86%) | Hmem = 25.2 MB | Pmem = 152 KB
 | Tread = 2.132 | Twrite = 22.492 | Tfpread = 1.085 | Tfpwrite = 22.280 | Tmporead = 0.000 | Tasync = 0.000
 | data = 104 MB | cpsd = 29.2 MB
 | Trot = 1.144 | Tctr = 1.368 | Tint = 0.240 | Tmid = 0.000 | Tdctr = 1.761 | Tdiag = 0.271 | Tinfo = 0.479
 | Teff = 3.905 | Tprt = 0.220 | Teig = 1.221 | Tblk = 10.021 | Tmve = 26.913 | Tdm = 0.096 | Tsplt = 2.547 | Tsvd = 0.000 | Torth = 0.009

Sweep =    1 | Direction = backward | Bond dimension =  400 | Noise =  1.00e-03 | Dav threshold =  1.00e-06
 <-- Site =   50-  51 .. Mmps =    4 Ndav =   1 E =   -380.0166713013 Error = 0.00e+00 FLOPS = 1.09e+08 Tdav = 0.00 T = 0.09
 <-- Site =   49-  50 .. Mmps =   12 Ndav =   1 E =   -380.0166713013 Error = 0.00e+00 FLOPS = 3.67e+08 Tdav = 0.00 T = 0.03
 <-- Site =   48-  49 .. Mmps =   28 Ndav =   1 E =   -380.0166713013 Error = 0.00e+00 FLOPS = 3.57e+08 Tdav = 0.00 T = 0.05
 <-- Site =   47-  48 .. Mmps =   55 Ndav =   1 E =   -380.0166713013 Error = 0.00e+00 FLOPS = 3.90e+08 Tdav = 0.00 T = 0.05
 <-- Site =   46-  47 .. Mmps =   96 Ndav =   1 E =   -380.0166713013 Error = 0.00e+00 FLOPS = 3.88e+08 Tdav = 0.00 T = 0.05
 <-- Site =   45-  46 .. Mmps =  154 Ndav =   1 E =   -380.0166713013 Error = 0.00e+00 FLOPS = 1.86e+08 Tdav = 0.00 T = 1.14
 <-- Site =   44-  45 .. Mmps =  232 Ndav =   1 E =   -380.0166713013 Error = 0.00e+00 FLOPS = 1.66e+08 Tdav = 0.00 T = 0.50
 <-- Site =   43-  44 .. Mmps =  333 Ndav =   1 E =   -380.0166713013 Error = 0.00e+00 FLOPS = 1.97e+08 Tdav = 0.01 T = 0.69
 <-- Site =   42-  43 .. Mmps =  400 Ndav =   1 E =   -380.0166713013 Error = 0.00e+00 FLOPS = 2.32e+08 Tdav = 0.01 T = 1.11
 <-- Site =   41-  42 .. Mmps =  400 Ndav =   1 E =   -380.0166713013 Error = 0.00e+00 FLOPS = 2.36e+08 Tdav = 0.01 T = 2.40
 <-- Site =   40-  41 .. Mmps =  400 Ndav =   1 E =   -380.0166713013 Error = 0.00e+00 FLOPS = 2.49e+08 Tdav = 0.01 T = 0.75
 <-- Site =   39-  40 .. Mmps =  400 Ndav =   1 E =   -380.0166713013 Error = 0.00e+00 FLOPS = 2.51e+08 Tdav = 0.01 T = 0.64
 <-- Site =   38-  39 .. Mmps =  400 Ndav =   1 E =   -380.0166713013 Error = 0.00e+00 FLOPS = 2.61e+08 Tdav = 0.01 T = 0.58
 <-- Site =   37-  38 .. Mmps =  400 Ndav =   1 E =   -380.0166713013 Error = 0.00e+00 FLOPS = 2.54e+08 Tdav = 0.01 T = 0.65
 <-- Site =   36-  37 .. Mmps =  400 Ndav =   1 E =   -380.0166713013 Error = 0.00e+00 FLOPS = 2.23e+08 Tdav = 0.01 T = 2.15
 <-- Site =   35-  36 .. Mmps =  400 Ndav =   1 E =   -380.0166713013 Error = 0.00e+00 FLOPS = 2.59e+08 Tdav = 0.01 T = 0.34
 <-- Site =   34-  35 .. Mmps =  400 Ndav =   1 E =   -380.0166713013 Error = 0.00e+00 FLOPS = 2.58e+08 Tdav = 0.01 T = 0.44
 <-- Site =   33-  34 .. Mmps =  400 Ndav =   1 E =   -380.0166713013 Error = 0.00e+00 FLOPS = 2.58e+08 Tdav = 0.01 T = 0.98
 <-- Site =   32-  33 .. Mmps =  400 Ndav =   1 E =   -380.0166713013 Error = 0.00e+00 FLOPS = 2.64e+08 Tdav = 0.01 T = 0.84
 <-- Site =   31-  32 .. Mmps =  400 Ndav =   1 E =   -380.0166713013 Error = 0.00e+00 FLOPS = 2.63e+08 Tdav = 0.01 T = 0.90
 <-- Site =   30-  31 .. Mmps =  400 Ndav =   1 E =   -380.0166713013 Error = 0.00e+00 FLOPS = 2.83e+08 Tdav = 0.01 T = 0.95
 <-- Site =   29-  30 .. Mmps =  400 Ndav =   1 E =   -380.0166713013 Error = 0.00e+00 FLOPS = 2.88e+08 Tdav = 0.02 T = 1.05
 <-- Site =   28-  29 .. Mmps =  400 Ndav =   1 E =   -380.0166713013 Error = 0.00e+00 FLOPS = 2.90e+08 Tdav = 0.02 T = 0.32
 <-- Site =   27-  28 .. Mmps =  400 Ndav =   1 E =   -380.0166713013 Error = 1.01e-95 FLOPS = 3.09e+08 Tdav = 0.02 T = 0.30
 <-- Site =   26-  27 .. Mmps =  400 Ndav =   1 E =   -380.0166713013 Error = 1.62e-69 FLOPS = 4.31e+08 Tdav = 0.03 T = 0.49
 <-- Site =   25-  26 .. Mmps =  400 Ndav =   1 E =   -380.0166713013 Error = 1.49e-67 FLOPS = 3.23e+08 Tdav = 0.03 T = 0.42
 <-- Site =   24-  25 .. Mmps =  400 Ndav =   1 E =   -380.0166713013 Error = 9.04e-53 FLOPS = 4.72e+08 Tdav = 0.04 T = 1.32
 <-- Site =   23-  24 .. Mmps =  400 Ndav =   1 E =   -380.0166713013 Error = 1.64e-53 FLOPS = 3.30e+08 Tdav = 0.04 T = 1.50
 <-- Site =   22-  23 .. Mmps =  400 Ndav =   1 E =   -380.0166713013 Error = 6.93e-48 FLOPS = 3.56e+08 Tdav = 0.04 T = 1.60
 <-- Site =   21-  22 .. Mmps =  400 Ndav =   1 E =   -380.0166713013 Error = 2.19e-45 FLOPS = 3.59e+08 Tdav = 0.04 T = 0.59
 <-- Site =   20-  21 .. Mmps =  400 Ndav =   1 E =   -380.0166713013 Error = 1.42e-43 FLOPS = 3.54e+08 Tdav = 0.04 T = 0.94
 <-- Site =   19-  20 .. Mmps =  400 Ndav =   1 E =   -380.0166713013 Error = 1.19e-40 FLOPS = 3.60e+08 Tdav = 0.05 T = 1.33
 <-- Site =   18-  19 .. Mmps =  400 Ndav =   1 E =   -380.0166713013 Error = 3.85e-38 FLOPS = 3.54e+08 Tdav = 0.05 T = 0.99
 <-- Site =   17-  18 .. Mmps =  400 Ndav =   1 E =   -380.0166713013 Error = 6.04e-36 FLOPS = 3.69e+08 Tdav = 0.04 T = 0.27
 <-- Site =   16-  17 .. Mmps =  400 Ndav =   1 E =   -380.0166713013 Error = 1.87e-36 FLOPS = 3.80e+08 Tdav = 0.04 T = 0.28
 <-- Site =   15-  16 .. Mmps =  400 Ndav =   1 E =   -380.0166713013 Error = 7.12e-37 FLOPS = 3.63e+08 Tdav = 0.05 T = 0.35
 <-- Site =   14-  15 .. Mmps =  400 Ndav =   1 E =   -380.0166713013 Error = 6.87e-36 FLOPS = 3.37e+08 Tdav = 0.05 T = 0.81
 <-- Site =   13-  14 .. Mmps =  400 Ndav =   1 E =   -380.0166713013 Error = 6.60e-36 FLOPS = 3.84e+08 Tdav = 0.04 T = 0.41
 <-- Site =   12-  13 .. Mmps =  400 Ndav =   1 E =   -380.0166713013 Error = 3.74e-36 FLOPS = 3.87e+08 Tdav = 0.04 T = 0.63
 <-- Site =   11-  12 .. Mmps =  400 Ndav =   1 E =   -380.0166713013 Error = 2.24e-35 FLOPS = 3.90e+08 Tdav = 0.04 T = 0.56
 <-- Site =   10-  11 .. Mmps =  400 Ndav =   1 E =   -380.0166713013 Error = 2.02e-35 FLOPS = 3.68e+08 Tdav = 0.05 T = 0.66
 <-- Site =    9-  10 .. Mmps =  400 Ndav =   1 E =   -380.0166713013 Error = 3.24e-35 FLOPS = 3.85e+08 Tdav = 0.05 T = 1.46
 <-- Site =    8-   9 .. Mmps =  400 Ndav =   1 E =   -380.0166713013 Error = 5.85e-30 FLOPS = 4.37e+08 Tdav = 0.06 T = 0.45
 <-- Site =    7-   8 .. Mmps =  400 Ndav =   1 E =   -380.0166713013 Error = 1.21e-28 FLOPS = 4.38e+08 Tdav = 0.06 T = 0.34
 <-- Site =    6-   7 .. Mmps =  400 Ndav =   1 E =   -380.0166713013 Error = 1.15e-27 FLOPS = 5.20e+08 Tdav = 0.09 T = 0.36
 <-- Site =    5-   6 .. Mmps =  400 Ndav =   1 E =   -380.0166713013 Error = 2.27e-26 FLOPS = 5.46e+08 Tdav = 0.12 T = 0.38
 <-- Site =    4-   5 .. Mmps =  400 Ndav =   1 E =   -380.0166713013 Error = 1.17e-25 FLOPS = 4.99e+08 Tdav = 0.07 T = 0.28
 <-- Site =    3-   4 .. Mmps =  400 Ndav =   1 E =   -380.0166713013 Error = 2.71e-26 FLOPS = 3.50e+08 Tdav = 0.04 T = 0.21
 <-- Site =    2-   3 .. Mmps =  400 Ndav =   1 E =   -380.0166713013 Error = 1.60e-28 FLOPS = 6.74e+08 Tdav = 0.01 T = 0.17
 <-- Site =    1-   2 .. Mmps =  400 Ndav =   1 E =   -380.0166713013 Error = 1.27e-32 FLOPS = 5.50e+08 Tdav = 0.00 T = 0.15
 <-- Site =    0-   1 .. Mmps =  400 Ndav =   1 E =   -380.0166713013 Error = 1.19e-42 FLOPS = 4.25e+08 Tdav = 0.00 T = 0.14
Time elapsed =     71.203 | E =    -380.0166713013 | DE = -1.08e-12 | DW = 1.17e-25
Time sweep =       34.131 | 535 MFLOP/SWP
 | Dmem = 6.98 MB (23%) | Imem = 19.4 KB (94%) | Hmem = 73.3 MB | Pmem = 4.27 MB
 | Tread = 0.354 | Twrite = 19.650 | Tfpread = 0.240 | Tfpwrite = 19.018 | Tmporead = 0.000 | Tasync = 0.000
 | data = 159 MB | cpsd = 44.6 MB
 | Trot = 1.835 | Tctr = 1.080 | Tint = 0.415 | Tmid = 0.000 | Tdctr = 0.041 | Tdiag = 0.044 | Tinfo = 0.085
 | Teff = 2.527 | Tprt = 1.148 | Teig = 1.424 | Tblk = 10.658 | Tmve = 23.453 | Tdm = 0.216 | Tsplt = 2.989 | Tsvd = 0.000 | Torth = 0.000

Sweep =    2 | Direction =  forward | Bond dimension =  500 | Noise =  1.00e-04 | Dav threshold =  1.00e-06
 --> Site =    0-   1 .. Mmps =    4 Ndav =   1 E =   -380.0166713013 Error = 0.00e+00 FLOPS = 3.31e+08 Tdav = 0.00 T = 0.03
 --> Site =    1-   2 .. Mmps =   16 Ndav =   1 E =   -380.0166713013 Error = 0.00e+00 FLOPS = 5.54e+08 Tdav = 0.00 T = 0.04
 --> Site =    2-   3 .. Mmps =   56 Ndav =   1 E =   -380.0166713013 Error = 0.00e+00 FLOPS = 6.51e+08 Tdav = 0.01 T = 0.05
 --> Site =    3-   4 .. Mmps =  176 Ndav =   1 E =   -380.0166713013 Error = 0.00e+00 FLOPS = 7.81e+08 Tdav = 0.02 T = 0.07
 --> Site =    4-   5 .. Mmps =  496 Ndav =   1 E =   -380.0166713013 Error = 0.00e+00 FLOPS = 5.33e+08 Tdav = 0.07 T = 0.16
 --> Site =    5-   6 .. Mmps =  500 Ndav =   1 E =   -380.0166713013 Error = 3.04e-30 FLOPS = 7.10e+08 Tdav = 0.14 T = 0.44
 --> Site =    6-   7 .. Mmps =  500 Ndav =   1 E =   -380.0166713013 Error = 6.56e-28 FLOPS = 8.18e+08 Tdav = 0.14 T = 0.50
 --> Site =    7-   8 .. Mmps =  500 Ndav =   1 E =   -380.0166713013 Error = 8.23e-28 FLOPS = 8.35e+08 Tdav = 0.15 T = 0.54
 --> Site =    8-   9 .. Mmps =  500 Ndav =   1 E =   -380.0166713013 Error = 5.01e-28 FLOPS = 8.96e+08 Tdav = 0.16 T = 0.58
 --> Site =    9-  10 .. Mmps =  500 Ndav =   1 E =   -380.0166713013 Error = 1.14e-27 FLOPS = 7.99e+08 Tdav = 0.14 T = 0.57
 --> Site =   10-  11 .. Mmps =  500 Ndav =   1 E =   -380.0166713013 Error = 1.87e-27 FLOPS = 7.53e+08 Tdav = 0.14 T = 0.53
 --> Site =   11-  12 .. Mmps =  500 Ndav =   1 E =   -380.0166713013 Error = 2.48e-27 FLOPS = 7.78e+08 Tdav = 0.14 T = 0.56
 --> Site =   12-  13 .. Mmps =  500 Ndav =   1 E =   -380.0166713013 Error = 4.06e-27 FLOPS = 7.73e+08 Tdav = 0.14 T = 0.53
 --> Site =   13-  14 .. Mmps =  500 Ndav =   1 E =   -380.0166713013 Error = 5.79e-27 FLOPS = 7.96e+08 Tdav = 0.14 T = 0.58
 --> Site =   14-  15 .. Mmps =  500 Ndav =   1 E =   -380.0166713013 Error = 6.70e-27 FLOPS = 7.88e+08 Tdav = 0.14 T = 0.52
 --> Site =   15-  16 .. Mmps =  500 Ndav =   1 E =   -380.0166713013 Error = 9.54e-27 FLOPS = 7.88e+08 Tdav = 0.14 T = 0.51
 --> Site =   16-  17 .. Mmps =  500 Ndav =   1 E =   -380.0166713013 Error = 1.35e-26 FLOPS = 7.86e+08 Tdav = 0.14 T = 0.53
 --> Site =   17-  18 .. Mmps =  500 Ndav =   1 E =   -380.0166713013 Error = 9.89e-27 FLOPS = 7.90e+08 Tdav = 0.14 T = 0.54
 --> Site =   18-  19 .. Mmps =  500 Ndav =   1 E =   -380.0166713013 Error = 1.73e-26 FLOPS = 7.87e+08 Tdav = 0.15 T = 0.52
 --> Site =   19-  20 .. Mmps =  500 Ndav =   1 E =   -380.0166713013 Error = 1.52e-26 FLOPS = 7.66e+08 Tdav = 0.14 T = 0.53
 --> Site =   20-  21 .. Mmps =  500 Ndav =   1 E =   -380.0166713013 Error = 6.57e-27 FLOPS = 7.59e+08 Tdav = 0.14 T = 0.51
 --> Site =   21-  22 .. Mmps =  500 Ndav =   1 E =   -380.0166713013 Error = 3.02e-27 FLOPS = 7.22e+08 Tdav = 0.14 T = 0.49
 --> Site =   22-  23 .. Mmps =  500 Ndav =   1 E =   -380.0166713013 Error = 1.70e-28 FLOPS = 6.73e+08 Tdav = 0.13 T = 0.50
 --> Site =   23-  24 .. Mmps =  500 Ndav =   1 E =   -380.0166713013 Error = 3.25e-30 FLOPS = 5.94e+08 Tdav = 0.12 T = 0.50
 --> Site =   24-  25 .. Mmps =  500 Ndav =   1 E =   -380.0166713013 Error = 5.56e-29 FLOPS = 9.07e+08 Tdav = 0.11 T = 0.49
 --> Site =   25-  26 .. Mmps =  500 Ndav =   1 E =   -380.0166713013 Error = 1.65e-29 FLOPS = 5.95e+08 Tdav = 0.10 T = 0.53
 --> Site =   26-  27 .. Mmps =  500 Ndav =   1 E =   -380.0166713013 Error = 7.45e-31 FLOPS = 7.94e+08 Tdav = 0.09 T = 1.62
 --> Site =   27-  28 .. Mmps =  500 Ndav =   1 E =   -380.0166713013 Error = 1.77e-34 FLOPS = 5.37e+08 Tdav = 0.08 T = 0.65
 --> Site =   28-  29 .. Mmps =  500 Ndav =   1 E =   -380.0166713013 Error = 1.99e-40 FLOPS = 5.13e+08 Tdav = 0.07 T = 0.42
 --> Site =   29-  30 .. Mmps =  500 Ndav =   1 E =   -380.0166713013 Error = 2.39e-41 FLOPS = 9.45e+08 Tdav = 0.03 T = 0.39
 --> Site =   30-  31 .. Mmps =  500 Ndav =   1 E =   -380.0166713013 Error = 9.95e-43 FLOPS = 5.05e+08 Tdav = 0.06 T = 0.39
 --> Site =   31-  32 .. Mmps =  500 Ndav =   1 E =   -380.0166713013 Error = 2.84e-44 FLOPS = 1.04e+09 Tdav = 0.03 T = 0.34
 --> Site =   32-  33 .. Mmps =  500 Ndav =   1 E =   -380.0166713013 Error = 2.98e-45 FLOPS = 8.03e+08 Tdav = 0.03 T = 0.36
 --> Site =   33-  34 .. Mmps =  500 Ndav =   1 E =   -380.0166713013 Error = 3.24e-46 FLOPS = 1.01e+09 Tdav = 0.02 T = 0.34
 --> Site =   34-  35 .. Mmps =  500 Ndav =   1 E =   -380.0166713013 Error = 1.21e-47 FLOPS = 1.02e+09 Tdav = 0.02 T = 0.32
 --> Site =   35-  36 .. Mmps =  500 Ndav =   1 E =   -380.0166713013 Error = 3.30e-49 FLOPS = 1.02e+09 Tdav = 0.02 T = 0.35
 --> Site =   36-  37 .. Mmps =  500 Ndav =   1 E =   -380.0166713013 Error = 1.08e-50 FLOPS = 1.03e+09 Tdav = 0.02 T = 0.33
 --> Site =   37-  38 .. Mmps =  500 Ndav =   1 E =   -380.0166713013 Error = 1.61e-51 FLOPS = 1.07e+09 Tdav = 0.02 T = 2.13
 --> Site =   38-  39 .. Mmps =  500 Ndav =   1 E =   -380.0166713013 Error = 5.16e-52 FLOPS = 9.77e+08 Tdav = 0.02 T = 0.46
 --> Site =   39-  40 .. Mmps =  500 Ndav =   1 E =   -380.0166713013 Error = 4.48e-53 FLOPS = 9.81e+08 Tdav = 0.02 T = 0.35
 --> Site =   40-  41 .. Mmps =  500 Ndav =   1 E =   -380.0166713013 Error = 2.89e-54 FLOPS = 9.14e+08 Tdav = 0.02 T = 0.35
 --> Site =   41-  42 .. Mmps =  500 Ndav =   1 E =   -380.0166713013 Error = 2.54e-55 FLOPS = 9.50e+08 Tdav = 0.02 T = 0.86
 --> Site =   42-  43 .. Mmps =  500 Ndav =   1 E =   -380.0166713013 Error = 1.44e-56 FLOPS = 8.05e+08 Tdav = 0.02 T = 1.24
 --> Site =   43-  44 .. Mmps =  500 Ndav =   1 E =   -380.0166713013 Error = 5.41e-58 FLOPS = 7.54e+08 Tdav = 0.02 T = 0.79
 --> Site =   44-  45 .. Mmps =  500 Ndav =   1 E =   -380.0166713013 Error = 1.58e-59 FLOPS = 6.89e+08 Tdav = 0.01 T = 0.63
 --> Site =   45-  46 .. Mmps =  500 Ndav =   1 E =   -380.0166713013 Error = 6.07e-60 FLOPS = 6.38e+08 Tdav = 0.01 T = 0.83
 --> Site =   46-  47 .. Mmps =  500 Ndav =   1 E =   -380.0166713013 Error = 2.96e-63 FLOPS = 5.71e+08 Tdav = 0.01 T = 0.47
 --> Site =   47-  48 .. Mmps =  500 Ndav =   1 E =   -380.0166713013 Error = 1.04e-65 FLOPS = 5.69e+08 Tdav = 0.01 T = 0.91
 --> Site =   48-  49 .. Mmps =  500 Ndav =   1 E =   -380.0166713013 Error = 3.59e-75 FLOPS = 4.92e+08 Tdav = 0.00 T = 1.07
 --> Site =   49-  50 .. Mmps =  500 Ndav =   1 E =   -380.0166713013 Error = 0.00e+00 FLOPS = 4.29e+08 Tdav = 0.00 T = 1.25
 --> Site =   50-  51 .. Mmps =  500 Ndav =   1 E =   -380.0166713013 Error = 0.00e+00 FLOPS = 3.44e+08 Tdav = 0.00 T = 1.29
Time elapsed =    100.708 | E =    -380.0166713013 | DE = 0.00e+00 | DW = 1.73e-26
Time sweep =       29.505 | 2.62 GFLOP/SWP
 | Dmem = 8.51 MB (30%) | Imem = 19.4 KB (94%) | Hmem = 107 MB | Pmem = 7.21 MB
 | Tread = 0.968 | Twrite = 8.150 | Tfpread = 0.570 | Tfpwrite = 8.059 | Tmporead = 0.000 | Tasync = 0.000
 | data = 191 MB | cpsd = 60.5 MB
 | Trot = 2.514 | Tctr = 1.097 | Tint = 0.417 | Tmid = 0.000 | Tdctr = 0.648 | Tdiag = 0.262 | Tinfo = 0.095
 | Teff = 3.528 | Tprt = 1.269 | Teig = 3.667 | Tblk = 16.434 | Tmve = 13.052 | Tdm = 0.932 | Tsplt = 5.163 | Tsvd = 0.000 | Torth = 0.000

Sweep =    3 | Direction = backward | Bond dimension =  500 | Noise =  1.00e-05 | Dav threshold =  1.00e-06
 <-- Site =   50-  51 .. Mmps =    4 Ndav =   1 E =   -380.0166713013 Error = 0.00e+00 FLOPS = 2.34e+08 Tdav = 0.00 T = 0.05
 <-- Site =   49-  50 .. Mmps =   12 Ndav =   1 E =   -380.0166713013 Error = 0.00e+00 FLOPS = 4.17e+08 Tdav = 0.00 T = 0.04
 <-- Site =   48-  49 .. Mmps =   28 Ndav =   1 E =   -380.0166713013 Error = 0.00e+00 FLOPS = 4.76e+08 Tdav = 0.00 T = 0.06
 <-- Site =   47-  48 .. Mmps =   55 Ndav =   1 E =   -380.0166713013 Error = 0.00e+00 FLOPS = 5.22e+08 Tdav = 0.01 T = 0.06
 <-- Site =   46-  47 .. Mmps =   96 Ndav =   1 E =   -380.0166713013 Error = 0.00e+00 FLOPS = 5.46e+08 Tdav = 0.01 T = 0.07
 <-- Site =   45-  46 .. Mmps =  154 Ndav =   1 E =   -380.0166713013 Error = 0.00e+00 FLOPS = 6.02e+08 Tdav = 0.01 T = 0.08
 <-- Site =   44-  45 .. Mmps =  232 Ndav =   1 E =   -380.0166713013 Error = 0.00e+00 FLOPS = 6.62e+08 Tdav = 0.01 T = 0.46
 <-- Site =   43-  44 .. Mmps =  333 Ndav =   1 E =   -380.0166713013 Error = 0.00e+00 FLOPS = 7.19e+08 Tdav = 0.02 T = 1.15
 <-- Site =   42-  43 .. Mmps =  460 Ndav =   1 E =   -380.0166713013 Error = 0.00e+00 FLOPS = 8.14e+08 Tdav = 0.02 T = 2.57
 <-- Site =   41-  42 .. Mmps =  500 Ndav =   1 E =   -380.0166713013 Error = 0.00e+00 FLOPS = 9.43e+08 Tdav = 0.03 T = 0.49
 <-- Site =   40-  41 .. Mmps =  500 Ndav =   1 E =   -380.0166713013 Error = 4.88e-96 FLOPS = 9.67e+08 Tdav = 0.03 T = 0.44
 <-- Site =   39-  40 .. Mmps =  500 Ndav =   1 E =   -380.0166713013 Error = 2.18e-71 FLOPS = 1.07e+09 Tdav = 0.03 T = 0.84
 <-- Site =   38-  39 .. Mmps =  500 Ndav =   1 E =   -380.0166713013 Error = 2.70e-63 FLOPS = 1.01e+09 Tdav = 0.03 T = 0.96
 <-- Site =   37-  38 .. Mmps =  500 Ndav =   1 E =   -380.0166713013 Error = 3.97e-60 FLOPS = 9.41e+08 Tdav = 0.04 T = 1.09
 <-- Site =   36-  37 .. Mmps =  500 Ndav =   1 E =   -380.0166713013 Error = 6.79e-56 FLOPS = 5.32e+08 Tdav = 0.08 T = 0.80
 <-- Site =   35-  36 .. Mmps =  500 Ndav =   1 E =   -380.0166713013 Error = 8.18e-51 FLOPS = 7.69e+08 Tdav = 0.06 T = 0.87
 <-- Site =   34-  35 .. Mmps =  500 Ndav =   1 E =   -380.0166713013 Error = 8.36e-49 FLOPS = 5.49e+08 Tdav = 0.09 T = 1.20
 <-- Site =   33-  34 .. Mmps =  500 Ndav =   1 E =   -380.0166713013 Error = 2.40e-47 FLOPS = 6.06e+08 Tdav = 0.08 T = 1.08
 <-- Site =   32-  33 .. Mmps =  500 Ndav =   1 E =   -380.0166713013 Error = 4.12e-46 FLOPS = 5.65e+08 Tdav = 0.09 T = 1.87
 <-- Site =   31-  32 .. Mmps =  500 Ndav =   1 E =   -380.0166713013 Error = 2.18e-44 FLOPS = 5.85e+08 Tdav = 0.09 T = 1.04
 <-- Site =   30-  31 .. Mmps =  500 Ndav =   1 E =   -380.0166713013 Error = 9.27e-43 FLOPS = 6.26e+08 Tdav = 0.10 T = 0.87
 <-- Site =   29-  30 .. Mmps =  500 Ndav =   1 E =   -380.0166713013 Error = 1.18e-41 FLOPS = 6.52e+08 Tdav = 0.10 T = 1.29
 <-- Site =   28-  29 .. Mmps =  500 Ndav =   1 E =   -380.0166713013 Error = 1.29e-40 FLOPS = 6.79e+08 Tdav = 0.10 T = 1.25
 <-- Site =   27-  28 .. Mmps =  500 Ndav =   1 E =   -380.0166713013 Error = 2.82e-39 FLOPS = 6.67e+08 Tdav = 0.13 T = 1.61
 <-- Site =   26-  27 .. Mmps =  500 Ndav =   1 E =   -380.0166713013 Error = 1.36e-38 FLOPS = 1.03e+09 Tdav = 0.14 T = 1.22
 <-- Site =   25-  26 .. Mmps =  500 Ndav =   1 E =   -380.0166713013 Error = 2.13e-37 FLOPS = 7.46e+08 Tdav = 0.14 T = 1.24
 <-- Site =   24-  25 .. Mmps =  500 Ndav =   1 E =   -380.0166713013 Error = 1.02e-34 FLOPS = 1.11e+09 Tdav = 0.15 T = 3.16
 <-- Site =   23-  24 .. Mmps =  500 Ndav =   1 E =   -380.0166713013 Error = 3.30e-34 FLOPS = 7.81e+08 Tdav = 0.14 T = 0.63
 <-- Site =   22-  23 .. Mmps =  500 Ndav =   1 E =   -380.0166713013 Error = 2.58e-32 FLOPS = 8.27e+08 Tdav = 0.15 T = 0.58
 <-- Site =   21-  22 .. Mmps =  500 Ndav =   1 E =   -380.0166713013 Error = 3.09e-31 FLOPS = 8.74e+08 Tdav = 0.15 T = 1.91
 <-- Site =   20-  21 .. Mmps =  500 Ndav =   1 E =   -380.0166713013 Error = 2.97e-30 FLOPS = 8.87e+08 Tdav = 0.16 T = 0.62
 <-- Site =   19-  20 .. Mmps =  500 Ndav =   1 E =   -380.0166713013 Error = 2.08e-29 FLOPS = 9.27e+08 Tdav = 0.16 T = 0.61
 <-- Site =   18-  19 .. Mmps =  500 Ndav =   1 E =   -380.0166713013 Error = 9.17e-29 FLOPS = 9.57e+08 Tdav = 0.17 T = 0.63
 <-- Site =   17-  18 .. Mmps =  500 Ndav =   1 E =   -380.0166713013 Error = 2.62e-28 FLOPS = 9.64e+08 Tdav = 0.17 T = 1.15
 <-- Site =   16-  17 .. Mmps =  500 Ndav =   1 E =   -380.0166713013 Error = 3.83e-28 FLOPS = 1.00e+09 Tdav = 0.17 T = 0.94
 <-- Site =   15-  16 .. Mmps =  500 Ndav =   1 E =   -380.0166713013 Error = 6.88e-28 FLOPS = 9.82e+08 Tdav = 0.17 T = 0.89
 <-- Site =   14-  15 .. Mmps =  500 Ndav =   1 E =   -380.0166713013 Error = 8.61e-28 FLOPS = 9.89e+08 Tdav = 0.17 T = 0.97
 <-- Site =   13-  14 .. Mmps =  500 Ndav =   1 E =   -380.0166713013 Error = 1.46e-27 FLOPS = 1.03e+09 Tdav = 0.17 T = 0.67
 <-- Site =   12-  13 .. Mmps =  500 Ndav =   1 E =   -380.0166713013 Error = 1.36e-27 FLOPS = 9.91e+08 Tdav = 0.17 T = 0.91
 <-- Site =   11-  12 .. Mmps =  500 Ndav =   1 E =   -380.0166713013 Error = 1.69e-27 FLOPS = 9.79e+08 Tdav = 0.18 T = 0.67
 <-- Site =   10-  11 .. Mmps =  500 Ndav =   1 E =   -380.0166713013 Error = 9.28e-28 FLOPS = 1.00e+09 Tdav = 0.17 T = 0.98
 <-- Site =    9-  10 .. Mmps =  500 Ndav =   1 E =   -380.0166713013 Error = 8.43e-27 FLOPS = 1.10e+09 Tdav = 0.18 T = 1.22
 <-- Site =    8-   9 .. Mmps =  500 Ndav =   1 E =   -380.0166713013 Error = 1.02e-26 FLOPS = 1.22e+09 Tdav = 0.19 T = 0.73
 <-- Site =    7-   8 .. Mmps =  500 Ndav =   1 E =   -380.0166713013 Error = 9.15e-27 FLOPS = 1.20e+09 Tdav = 0.20 T = 0.73
 <-- Site =    6-   7 .. Mmps =  500 Ndav =   1 E =   -380.0166713013 Error = 1.97e-26 FLOPS = 1.22e+09 Tdav = 0.19 T = 0.69
 <-- Site =    5-   6 .. Mmps =  500 Ndav =   1 E =   -380.0166713013 Error = 2.80e-26 FLOPS = 1.07e+09 Tdav = 0.18 T = 0.92
 <-- Site =    4-   5 .. Mmps =  500 Ndav =   1 E =   -380.0166713013 Error = 1.66e-26 FLOPS = 5.80e+08 Tdav = 0.12 T = 0.85
 <-- Site =    3-   4 .. Mmps =  500 Ndav =   1 E =   -380.0166713013 Error = 4.57e-28 FLOPS = 9.25e+08 Tdav = 0.03 T = 0.98
 <-- Site =    2-   3 .. Mmps =  500 Ndav =   1 E =   -380.0166713013 Error = 3.03e-30 FLOPS = 7.24e+08 Tdav = 0.01 T = 0.28
 <-- Site =    1-   2 .. Mmps =  500 Ndav =   1 E =   -380.0166713013 Error = 3.70e-36 FLOPS = 6.33e+08 Tdav = 0.01 T = 0.44
 <-- Site =    0-   1 .. Mmps =  500 Ndav =   1 E =   -380.0166713013 Error = 2.48e-48 FLOPS = 5.04e+08 Tdav = 0.00 T = 1.74
Time elapsed =    147.323 | E =    -380.0166713013 | DE = -3.41e-13 | DW = 2.80e-26
Time sweep =       46.615 | 4.27 GFLOP/SWP
 | Dmem = 11.6 MB (32%) | Imem = 18.1 KB (93%) | Hmem = 132 MB | Pmem = 9.78 MB
 | Tread = 0.530 | Twrite = 22.906 | Tfpread = 0.394 | Tfpwrite = 22.799 | Tmporead = 0.000 | Tasync = 0.000
 | data = 226 MB | cpsd = 70.8 MB
 | Trot = 2.833 | Tctr = 1.040 | Tint = 0.458 | Tmid = 0.000 | Tdctr = 0.101 | Tdiag = 0.266 | Tinfo = 0.091
 | Teff = 3.183 | Tprt = 2.003 | Teig = 5.016 | Tblk = 19.220 | Tmve = 27.377 | Tdm = 1.436 | Tsplt = 5.619 | Tsvd = 0.000 | Torth = 0.000

Sweep =    4 | Direction =  forward | Bond dimension =  500 | Noise =  0.00e+00 | Dav threshold =  1.00e-07
 --> Site =    0-   1 .. Mmps =    4 Ndav =   1 E =   -380.0166713013 Error = 0.00e+00 FLOPS = 3.86e+08 Tdav = 0.00 T = 0.03
 --> Site =    1-   2 .. Mmps =   16 Ndav =   1 E =   -380.0166713013 Error = 0.00e+00 FLOPS = 6.44e+08 Tdav = 0.01 T = 0.05
 --> Site =    2-   3 .. Mmps =   56 Ndav =   1 E =   -380.0166713013 Error = 0.00e+00 FLOPS = 8.39e+08 Tdav = 0.01 T = 0.06
 --> Site =    3-   4 .. Mmps =  176 Ndav =   1 E =   -380.0166713013 Error = 0.00e+00 FLOPS = 1.07e+09 Tdav = 0.03 T = 0.11
 --> Site =    4-   5 .. Mmps =  480 Ndav =   1 E =   -380.0166713013 Error = 0.00e+00 FLOPS = 7.26e+08 Tdav = 0.10 T = 0.54
 --> Site =    5-   6 .. Mmps =  500 Ndav =   1 E =   -380.0166713013 Error = 1.97e-37 FLOPS = 1.14e+09 Tdav = 0.17 T = 0.35
 --> Site =    6-   7 .. Mmps =  500 Ndav =   1 E =   -380.0166713013 Error = 5.45e-34 FLOPS = 1.45e+09 Tdav = 0.20 T = 0.51
 --> Site =    7-   8 .. Mmps =  500 Ndav =   1 E =   -380.0166713013 Error = 5.68e-33 FLOPS = 1.60e+09 Tdav = 0.21 T = 0.98
 --> Site =    8-   9 .. Mmps =  500 Ndav =   1 E =   -380.0166713013 Error = 4.05e-32 FLOPS = 1.55e+09 Tdav = 0.21 T = 1.44
 --> Site =    9-  10 .. Mmps =  500 Ndav =   1 E =   -380.0166713013 Error = 2.36e-31 FLOPS = 1.46e+09 Tdav = 0.21 T = 0.89
 --> Site =   10-  11 .. Mmps =  500 Ndav =   1 E =   -380.0166713013 Error = 9.00e-31 FLOPS = 1.47e+09 Tdav = 0.20 T = 1.08
 --> Site =   11-  12 .. Mmps =  500 Ndav =   1 E =   -380.0166713013 Error = 3.51e-30 FLOPS = 1.39e+09 Tdav = 0.20 T = 0.96
 --> Site =   12-  13 .. Mmps =  500 Ndav =   1 E =   -380.0166713013 Error = 7.61e-30 FLOPS = 1.40e+09 Tdav = 0.20 T = 1.07
 --> Site =   13-  14 .. Mmps =  500 Ndav =   1 E =   -380.0166713013 Error = 1.48e-29 FLOPS = 1.38e+09 Tdav = 0.20 T = 1.40
 --> Site =   14-  15 .. Mmps =  500 Ndav =   1 E =   -380.0166713013 Error = 2.24e-29 FLOPS = 1.40e+09 Tdav = 0.19 T = 0.66
 --> Site =   15-  16 .. Mmps =  500 Ndav =   1 E =   -380.0166713013 Error = 2.36e-29 FLOPS = 1.39e+09 Tdav = 0.19 T = 1.57
 --> Site =   16-  17 .. Mmps =  500 Ndav =   1 E =   -380.0166713013 Error = 2.15e-29 FLOPS = 1.33e+09 Tdav = 0.20 T = 1.13
 --> Site =   17-  18 .. Mmps =  500 Ndav =   1 E =   -380.0166713013 Error = 2.22e-29 FLOPS = 1.39e+09 Tdav = 0.19 T = 2.11
 --> Site =   18-  19 .. Mmps =  500 Ndav =   1 E =   -380.0166713013 Error = 2.08e-29 FLOPS = 1.36e+09 Tdav = 0.19 T = 0.80
 --> Site =   19-  20 .. Mmps =  500 Ndav =   1 E =   -380.0166713013 Error = 9.01e-30 FLOPS = 1.31e+09 Tdav = 0.19 T = 0.79
 --> Site =   20-  21 .. Mmps =  500 Ndav =   1 E =   -380.0166713013 Error = 2.47e-30 FLOPS = 1.28e+09 Tdav = 0.19 T = 0.69
 --> Site =   21-  22 .. Mmps =  500 Ndav =   1 E =   -380.0166713013 Error = 3.08e-31 FLOPS = 1.23e+09 Tdav = 0.19 T = 0.72
 --> Site =   22-  23 .. Mmps =  500 Ndav =   1 E =   -380.0166713013 Error = 4.16e-32 FLOPS = 1.26e+09 Tdav = 0.19 T = 0.77
 --> Site =   23-  24 .. Mmps =  500 Ndav =   1 E =   -380.0166713013 Error = 4.97e-33 FLOPS = 1.25e+09 Tdav = 0.18 T = 2.19
 --> Site =   24-  25 .. Mmps =  500 Ndav =   1 E =   -380.0166713013 Error = 4.92e-34 FLOPS = 1.90e+09 Tdav = 0.19 T = 0.64
 --> Site =   25-  26 .. Mmps =  500 Ndav =   1 E =   -380.0166713013 Error = 6.73e-35 FLOPS = 1.20e+09 Tdav = 0.19 T = 1.01
 --> Site =   26-  27 .. Mmps =  500 Ndav =   1 E =   -380.0166713013 Error = 1.70e-37 FLOPS = 1.72e+09 Tdav = 0.21 T = 0.90
 --> Site =   27-  28 .. Mmps =  500 Ndav =   1 E =   -380.0166713013 Error = 4.83e-39 FLOPS = 1.18e+09 Tdav = 0.19 T = 0.72
 --> Site =   28-  29 .. Mmps =  500 Ndav =   1 E =   -380.0166713013 Error = 8.94e-39 FLOPS = 1.15e+09 Tdav = 0.19 T = 2.45
 --> Site =   29-  30 .. Mmps =  500 Ndav =   1 E =   -380.0166713013 Error = 3.45e-40 FLOPS = 1.06e+09 Tdav = 0.16 T = 0.81
 --> Site =   30-  31 .. Mmps =  500 Ndav =   1 E =   -380.0166713013 Error = 2.84e-41 FLOPS = 1.00e+09 Tdav = 0.16 T = 0.59
 --> Site =   31-  32 .. Mmps =  500 Ndav =   1 E =   -380.0166713013 Error = 8.39e-42 FLOPS = 9.70e+08 Tdav = 0.16 T = 1.36
 --> Site =   32-  33 .. Mmps =  500 Ndav =   1 E =   -380.0166713013 Error = 8.28e-43 FLOPS = 9.41e+08 Tdav = 0.15 T = 0.62
 --> Site =   33-  34 .. Mmps =  500 Ndav =   1 E =   -380.0166713013 Error = 7.04e-43 FLOPS = 9.29e+08 Tdav = 0.15 T = 0.56
 --> Site =   34-  35 .. Mmps =  500 Ndav =   1 E =   -380.0166713013 Error = 3.78e-44 FLOPS = 8.96e+08 Tdav = 0.14 T = 0.53
 --> Site =   35-  36 .. Mmps =  500 Ndav =   1 E =   -380.0166713013 Error = 4.57e-45 FLOPS = 8.84e+08 Tdav = 0.13 T = 1.89
 --> Site =   36-  37 .. Mmps =  500 Ndav =   1 E =   -380.0166713013 Error = 3.86e-46 FLOPS = 7.63e+08 Tdav = 0.14 T = 1.59
 --> Site =   37-  38 .. Mmps =  500 Ndav =   1 E =   -380.0166713013 Error = 1.32e-47 FLOPS = 7.44e+08 Tdav = 0.13 T = 1.19
 --> Site =   38-  39 .. Mmps =  500 Ndav =   1 E =   -380.0166713013 Error = 1.41e-48 FLOPS = 7.97e+08 Tdav = 0.11 T = 1.13
 --> Site =   39-  40 .. Mmps =  500 Ndav =   1 E =   -380.0166713013 Error = 4.00e-50 FLOPS = 7.47e+08 Tdav = 0.11 T = 2.32
 --> Site =   40-  41 .. Mmps =  500 Ndav =   1 E =   -380.0166713013 Error = 7.52e-52 FLOPS = 6.80e+08 Tdav = 0.10 T = 1.03
 --> Site =   41-  42 .. Mmps =  500 Ndav =   1 E =   -380.0166713013 Error = 8.33e-54 FLOPS = 7.64e+08 Tdav = 0.08 T = 0.48
 --> Site =   42-  43 .. Mmps =  500 Ndav =   1 E =   -380.0166713013 Error = 3.22e-55 FLOPS = 5.54e+08 Tdav = 0.07 T = 0.93
 --> Site =   43-  44 .. Mmps =  500 Ndav =   1 E =   -380.0166713013 Error = 3.89e-58 FLOPS = 4.66e+08 Tdav = 0.06 T = 1.37
 --> Site =   44-  45 .. Mmps =  500 Ndav =   1 E =   -380.0166713013 Error = 5.20e-61 FLOPS = 8.25e+08 Tdav = 0.02 T = 2.53
 --> Site =   45-  46 .. Mmps =  500 Ndav =   1 E =   -380.0166713013 Error = 1.24e-69 FLOPS = 7.88e+08 Tdav = 0.01 T = 1.09
 --> Site =   46-  47 .. Mmps =  500 Ndav =   1 E =   -380.0166713013 Error = 6.17e-77 FLOPS = 6.62e+08 Tdav = 0.01 T = 0.76
 --> Site =   47-  48 .. Mmps =  500 Ndav =   1 E =   -380.0166713013 Error = 4.38e-82 FLOPS = 6.06e+08 Tdav = 0.01 T = 0.67
 --> Site =   48-  49 .. Mmps =  500 Ndav =   1 E =   -380.0166713013 Error = 0.00e+00 FLOPS = 6.72e+08 Tdav = 0.00 T = 2.96
 --> Site =   49-  50 .. Mmps =  500 Ndav =   1 E =   -380.0166713013 Error = 0.00e+00 FLOPS = 4.32e+08 Tdav = 0.00 T = 1.53
 --> Site =   50-  51 .. Mmps =  500 Ndav =   1 E =   -380.0166713013 Error = 0.00e+00 FLOPS = 3.36e+08 Tdav = 0.00 T = 1.24
Time elapsed =    201.166 | E =    -380.0166713013 | DE = 1.14e-13 | DW = 2.36e-29
Time sweep =       53.843 | 7.64 GFLOP/SWP
 | Dmem = 12.6 MB (37%) | Imem = 18.1 KB (93%) | Hmem = 140 MB | Pmem = 0 B
 | Tread = 1.991 | Twrite = 25.082 | Tfpread = 1.195 | Tfpwrite = 25.011 | Tmporead = 0.000 | Tasync = 0.000
 | data = 207 MB | cpsd = 63.6 MB
 | Trot = 2.659 | Tctr = 1.132 | Tint = 0.508 | Tmid = 0.000 | Tdctr = 0.924 | Tdiag = 0.344 | Tinfo = 0.196
 | Teff = 4.632 | Tprt = 0.000 | Teig = 6.717 | Tblk = 24.143 | Tmve = 29.674 | Tdm = 0.396 | Tsplt = 6.776 | Tsvd = 0.000 | Torth = 0.000

/blue/m2qm-efrc/cpbunker/GitHub/transport/transport/tdfci/plot.py:55: RuntimeWarning: More than 20 figures have been opened. Figures created through the pyplot interface (`matplotlib.pyplot.figure`) are retained until explicitly closed and may consume too much memory. (To control this warning, see the rcParam `figure.max_open_warning`). Consider using `matplotlib.pyplot.close()`.
  fig, axes = plt.subplots(len(obs_strs),sharex=True);
Ground state energy (DMRG) = -380.016671
Manually computed energy (DMRG) = -380.016671+0.000000j
>>> Init compute time (FCI = False, DMRG=True) = 271.6308391094208
Site 25 <Sz> (DMRG) = -0.500000-0.000000j
Site 27 <Sz> (DMRG) = -0.500000-0.000000j
sterms =  [0j, (-1.6562098975384343e-28-2.1386854818289806e-27j), 0j]
C[25, 27] =  2.145088786608401e-27
sterms =  [0j, (-1.6562098975384343e-28-2.1386854818289806e-27j), 0j]
j - d site pairs =  [(24, 25), (26, 27)]
Site 25 <Sz> (DMRG) = -0.500000-0.000000j
Site 27 <Sz> (DMRG) = -0.500000+0.000000j
sterms =  [0j, 0j, 0j]
C[25, 27] =  0.0
sterms =  [0j, 0j, 0j]
Site 25 <Sz> (DMRG) = -0.500000-0.000000j
Site 27 <Sz> (DMRG) = -0.500000+0.000000j
sterms =  [0j, 0j, 0j]
C[25, 27] =  0.0
sterms =  [0j, 0j, 0j]
Site 25 <Sz> (DMRG) = -0.500000+0.000000j
Site 27 <Sz> (DMRG) = -0.500000-0.000000j
sterms =  [0j, 0j, 0j]
C[25, 27] =  0.0
sterms =  [0j, 0j, 0j]
Site 25 <Sz> (DMRG) = -0.500000-0.000000j
Site 27 <Sz> (DMRG) = -0.500000+0.000000j
sterms =  [0j, 0j, 0j]
C[25, 27] =  0.0
sterms =  [0j, 0j, 0j]
Site 25 <Sz> (DMRG) = -0.500000-0.000000j
Site 27 <Sz> (DMRG) = -0.500000-0.000000j
sterms =  [0j, 0j, 0j]
C[25, 27] =  0.0
sterms =  [0j, 0j, 0j]
Site 25 <Sz> (DMRG) = -0.500000+0.000000j
Site 27 <Sz> (DMRG) = -0.500000-0.000000j
sterms =  [0j, 0j, 0j]
C[25, 27] =  0.0
sterms =  [0j, 0j, 0j]
Site 25 <Sz> (DMRG) = -0.500000-0.000000j
Site 27 <Sz> (DMRG) = -0.500000+0.000000j
sterms =  [0j, 0j, 0j]
C[25, 27] =  0.0
sterms =  [0j, 0j, 0j]
Site 25 <Sz> (DMRG) = -0.499985-0.000000j
Site 27 <Sz> (DMRG) = -0.500000-0.000000j
sterms =  [0j, 0j, 0j]
C[25, 27] =  0.0
sterms =  [0j, 0j, 0j]
Site 25 <Sz> (DMRG) = -0.499465-0.000000j
Site 27 <Sz> (DMRG) = -0.500000-0.000000j
sterms =  [0j, 0j, 0j]
C[25, 27] =  0.0
sterms =  [0j, 0j, 0j]
Site 25 <Sz> (DMRG) = -0.491421-0.000000j
Site 27 <Sz> (DMRG) = -0.500000+0.000000j
sterms =  [0j, 0j, 0j]
C[25, 27] =  0.0
sterms =  [0j, 0j, 0j]
Site 25 <Sz> (DMRG) = -0.432985+0.000000j
Site 27 <Sz> (DMRG) = -0.500000-0.000000j
sterms =  [0j, 0j, 0j]
C[25, 27] =  0.0
sterms =  [0j, 0j, 0j]
Site 25 <Sz> (DMRG) = -0.229492+0.000000j
Site 27 <Sz> (DMRG) = -0.500000-0.000000j
sterms =  [0j, 0j, 0j]
C[25, 27] =  0.0
sterms =  [0j, 0j, 0j]
Site 25 <Sz> (DMRG) = 0.105798-0.000000j
Site 27 <Sz> (DMRG) = -0.500000-0.000000j
sterms =  [0j, 0j, 0j]
C[25, 27] =  0.0
sterms =  [0j, 0j, 0j]
Site 25 <Sz> (DMRG) = 0.362059-0.000000j
Site 27 <Sz> (DMRG) = -0.500000-0.000000j
sterms =  [0j, 0j, 0j]
C[25, 27] =  0.0
sterms =  [0j, 0j, 0j]
Site 25 <Sz> (DMRG) = 0.459693-0.000000j
Site 27 <Sz> (DMRG) = -0.500000-0.000000j
sterms =  [0j, 0j, 0j]
C[25, 27] =  0.0
sterms =  [0j, 0j, 0j]
Site 25 <Sz> (DMRG) = 0.485071+0.000000j
Site 27 <Sz> (DMRG) = -0.500000-0.000000j
sterms =  [0j, 0j, 0j]
C[25, 27] =  0.0
sterms =  [0j, 0j, 0j]
Site 25 <Sz> (DMRG) = 0.491397-0.000000j
Site 27 <Sz> (DMRG) = -0.500000+0.000000j
sterms =  [0j, 0j, 0j]
C[25, 27] =  0.0
sterms =  [0j, 0j, 0j]
Site 25 <Sz> (DMRG) = 0.494863+0.000000j
Site 27 <Sz> (DMRG) = -0.500000-0.000000j
sterms =  [0j, 0j, 0j]
C[25, 27] =  0.0
sterms =  [0j, 0j, 0j]
Site 25 <Sz> (DMRG) = 0.496360+0.000000j
Site 27 <Sz> (DMRG) = -0.495758-0.000000j
sterms =  [0j, (-1.3926322176962487e-06-1.139413041450415e-06j), 0j]
C[25, 27] =  1.799357266579613e-06
sterms =  [0j, (-1.3926322176962487e-06-1.139413041450415e-06j), 0j]
Site 25 <Sz> (DMRG) = 0.494286+0.000000j
Site 27 <Sz> (DMRG) = -0.442700-0.000000j
sterms =  [0j, (-6.912156267551517e-06-1.1483433838039203e-06j), 0j]
C[25, 27] =  7.006896373871813e-06
sterms =  [0j, (-6.912156267551517e-06-1.1483433838039203e-06j), 0j]
Site 25 <Sz> (DMRG) = 0.486651-0.000000j
Site 27 <Sz> (DMRG) = -0.382961-0.000000j
sterms =  [0j, (-3.770120496611992e-06-2.3300556200622276e-06j), 0j]
C[25, 27] =  4.432038780466324e-06
sterms =  [0j, (-3.770120496611992e-06-2.3300556200622276e-06j), 0j]
Site 25 <Sz> (DMRG) = 0.467759-0.000000j
Site 27 <Sz> (DMRG) = -0.318030+0.000000j
sterms =  [0j, (9.683840133338937e-06+3.352515663880299e-06j), 0j]
C[25, 27] =  1.0247737360248293e-05
sterms =  [0j, (9.683840133338937e-06+3.352515663880299e-06j), 0j]
Site 25 <Sz> (DMRG) = 0.450260+0.000000j
Site 27 <Sz> (DMRG) = -0.255353-0.000000j
sterms =  [0j, (-7.312084492665918e-06-2.4306678139401788e-05j), 0j]
C[25, 27] =  2.5382694533881902e-05
sterms =  [0j, (-7.312084492665918e-06-2.4306678139401788e-05j), 0j]
Site 25 <Sz> (DMRG) = 0.428371-0.000000j
Site 27 <Sz> (DMRG) = -0.211068-0.000000j
sterms =  [0j, (0.00020676277250236778+0.00013401823471499155j), 0j]
C[25, 27] =  0.0002463975067426382
sterms =  [0j, (0.00020676277250236778+0.00013401823471499155j), 0j]
Site 25 <Sz> (DMRG) = 0.411063-0.000000j
Site 27 <Sz> (DMRG) = -0.175195+0.000000j
sterms =  [0j, (0.0005046190046312618-0.0003265976260418726j), 0j]
C[25, 27] =  0.0006010876385114173
sterms =  [0j, (0.0005046190046312618-0.0003265976260418726j), 0j]
>>> Time evol compute time (DMRG only) = 52144.51
stop time: 
Tue Nov  7 23:56:51 EST 2023
