#### SLURM ####
pwd: 
/blue/m2qm-efrc/cpbunker/GitHub/transport
host: 
c0704a-s9.ufhpc

# conda environments:
#
base                   /apps/conda/25.3.1
block2               * /blue/m2qm-efrc/cpbunker/condaenvs/block2
vasp                   /blue/m2qm-efrc/cpbunker/condaenvs/vasp

#### PYTHON ####
start time: 
Thu Jul  3 02:24:26 PM EDT 2025

/blue/m2qm-efrc/cpbunker/GitHub/transport/transport/tddmrg/__init__.py:181: RuntimeWarning: divide by zero encountered in log
  ents[sitei] = np.trace( -oneorb_rdm*np.log(oneorb_rdm));
/blue/m2qm-efrc/cpbunker/GitHub/transport/transport/tddmrg/__init__.py:181: RuntimeWarning: invalid value encountered in multiply
  ents[sitei] = np.trace( -oneorb_rdm*np.log(oneorb_rdm));
/blue/m2qm-efrc/cpbunker/GitHub/transport/transport/tddmrg/__init__.py:513: RuntimeWarning: invalid value encountered in subtract
  minfo = 0.5 * (ents1[:, None] + ents1[None, :] - ents2) * (1 - np.identity(len(ents1))); # (-1) * 2013 Reiher Eq (3)
/blue/m2qm-efrc/cpbunker/GitHub/transport/transport/tddmrg/__init__.py:513: RuntimeWarning: invalid value encountered in multiply
  minfo = 0.5 * (ents1[:, None] + ents1[None, :] - ents2) * (1 - np.identity(len(ents1))); # (-1) * 2013 Reiher Eq (3)
/blue/m2qm-efrc/cpbunker/GitHub/transport/transport/tddmrg/__init__.py:181: RuntimeWarning: divide by zero encountered in log
  ents[sitei] = np.trace( -oneorb_rdm*np.log(oneorb_rdm));
/blue/m2qm-efrc/cpbunker/GitHub/transport/transport/tddmrg/__init__.py:181: RuntimeWarning: invalid value encountered in multiply
  ents[sitei] = np.trace( -oneorb_rdm*np.log(oneorb_rdm));
/blue/m2qm-efrc/cpbunker/GitHub/transport/transport/tddmrg/__init__.py:513: RuntimeWarning: invalid value encountered in subtract
  minfo = 0.5 * (ents1[:, None] + ents1[None, :] - ents2) * (1 - np.identity(len(ents1))); # (-1) * 2013 Reiher Eq (3)
/blue/m2qm-efrc/cpbunker/GitHub/transport/transport/tddmrg/__init__.py:513: RuntimeWarning: invalid value encountered in multiply
  minfo = 0.5 * (ents1[:, None] + ents1[None, :] - ents2) * (1 - np.identity(len(ents1))); # (-1) * 2013 Reiher Eq (3)
>>> PWD:  /blue/m2qm-efrc/cpbunker/GitHub/transport
>>> Params =  {'sys_type': 'STT_RM', 'u': 0.0, 'v': -1.0, 'w': -0.8, 'Vconf': 30.0, 'Be': 0.0, 'BFM': -100.0, 'Jmax': 0.0, 'phient': 0, 'Jsd': 1.0, 'NL': 15, 'NFM': 1, 'NR': 15, 'Nconf': 15, 'Ne': 10, 'TwoSz': -2, 'TwoSd': 1, 'symmetry': 'Sz', 'ex_sites': [15, 15], 'plot': 0, 'bdim_0': [150, 150, 150, 200, 200], 'bdim_t': [250], 'noises': [0.01, 0.001, 0.0001, 1e-05, 0.0], 'dmrg_sweeps': 20, 'cutoff': -1.0, 'te_type': 'tdvp', 'time_step': 0.1, 'tupdate': 4.0, 'Nupdates': 30}
>>> driver(n_sites=62, n_elec=10, spin=-2)
TwoSdz_ladder =
 [ 1 -1]
four_Sdz = 
 [[ 0.5  0.   0.   0.   0.   0.   0.   0. ]
 [ 0.  -0.5  0.  -0.   0.  -0.   0.  -0. ]
 [ 0.   0.   0.5  0.   0.   0.   0.   0. ]
 [ 0.  -0.   0.  -0.5  0.  -0.   0.  -0. ]
 [ 0.   0.   0.   0.   0.5  0.   0.   0. ]
 [ 0.  -0.   0.  -0.   0.  -0.5  0.  -0. ]
 [ 0.   0.   0.   0.   0.   0.   0.5  0. ]
 [ 0.  -0.   0.  -0.   0.  -0.   0.  -0.5]]
four_Sdminus = 
 [[0. 0. 0. 0. 0. 0. 0. 0.]
 [1. 0. 0. 0. 0. 0. 0. 0.]
 [0. 0. 0. 0. 0. 0. 0. 0.]
 [0. 0. 1. 0. 0. 0. 0. 0.]
 [0. 0. 0. 0. 0. 0. 0. 0.]
 [0. 0. 0. 0. 1. 0. 0. 0.]
 [0. 0. 0. 0. 0. 0. 0. 0.]
 [0. 0. 0. 0. 0. 0. 1. 0.]]
four_Sdplus = 
 [[0. 1. 0. 0. 0. 0. 0. 0.]
 [0. 0. 0. 0. 0. 0. 0. 0.]
 [0. 0. 0. 1. 0. 0. 0. 0.]
 [0. 0. 0. 0. 0. 0. 0. 0.]
 [0. 0. 0. 0. 0. 1. 0. 0.]
 [0. 0. 0. 0. 0. 0. 0. 0.]
 [0. 0. 0. 0. 0. 0. 0. 1.]
 [0. 0. 0. 0. 0. 0. 0. 0.]]
>>> (0, 1, 0)
>>> (0, -1, 0)
>>> (1, 2, 0)
>>> (1, 0, 0)
>>> (1, -2, 0)
>>> (2, 1, 0)
>>> (2, -1, 0)
>>> (0, 1, 0)
>>> (0, -1, 0)
>>> (1, 2, 0)
>>> (1, 0, 0)
>>> (1, -2, 0)
>>> (2, 1, 0)
>>> (2, -1, 0)
>>> Custom operators at  [30 31]

 ######################################## 
Constructed builder
 ######################################## 

>>> Jent  = 0.00
>>> Jent' = 0.00
Finalizing builder
Finalized builder
Ground state energy (DMRG) = -417.020718
>>> Init compute time = 124.74720883369446

Time = 0.00
Total energy = -417.020718-0.000000j
WF norm = 1.000000+0.000000j
<Sz d=30> = -0.500000-0.000000j
<Sz d=31> = -0.500000-0.000000j
<(S1+S2)^2> = 2.000000
1 + cos(phi)= 2.000000
ents2[31,30] = 0.0000000090
MI[30,31] = 0.000000 (max = 0.693147)
occ_ 
js =  [0, 1, 2, 3, 4, 5, 6, 7, 8, 9, 10, 11, 12, 13, 14, 15, 16, 17, 18, 19, 20, 21, 22, 23, 24, 25, 26, 27, 28, 29, 30, 31, 32, 33, 34, 35, 36, 37, 38, 39, 40, 41, 42, 43, 44, 45, 46, 47, 48, 49, 50, 51, 52, 53, 54, 55, 56, 57, 58, 59, 60, 61]
Total <occ_> = 10.000000
sz_ 
js =  [0, 1, 2, 3, 4, 5, 6, 7, 8, 9, 10, 11, 12, 13, 14, 15, 16, 17, 18, 19, 20, 21, 22, 23, 24, 25, 26, 27, 28, 29, 30, 31, 32, 33, 34, 35, 36, 37, 38, 39, 40, 41, 42, 43, 44, 45, 46, 47, 48, 49, 50, 51, 52, 53, 54, 55, 56, 57, 58, 59, 60, 61]
Total <sz_> = -0.000000
Sdz_ 
js =  [30, 31]
Total <Sdz_> = -1.000000
J_ 
js =  [30, 31, 30, 31, 32, 33]
Total <J_> = 0.000000
MI_ 
js =  [30, 31]
ents2[31,30] = 0.0000000090
Total <MI_> = nan
>>> driver(n_sites=62, n_elec=10, spin=-2)
TwoSdz_ladder =
 [ 1 -1]
four_Sdz = 
 [[ 0.5  0.   0.   0.   0.   0.   0.   0. ]
 [ 0.  -0.5  0.  -0.   0.  -0.   0.  -0. ]
 [ 0.   0.   0.5  0.   0.   0.   0.   0. ]
 [ 0.  -0.   0.  -0.5  0.  -0.   0.  -0. ]
 [ 0.   0.   0.   0.   0.5  0.   0.   0. ]
 [ 0.  -0.   0.  -0.   0.  -0.5  0.  -0. ]
 [ 0.   0.   0.   0.   0.   0.   0.5  0. ]
 [ 0.  -0.   0.  -0.   0.  -0.   0.  -0.5]]
four_Sdminus = 
 [[0. 0. 0. 0. 0. 0. 0. 0.]
 [1. 0. 0. 0. 0. 0. 0. 0.]
 [0. 0. 0. 0. 0. 0. 0. 0.]
 [0. 0. 1. 0. 0. 0. 0. 0.]
 [0. 0. 0. 0. 0. 0. 0. 0.]
 [0. 0. 0. 0. 1. 0. 0. 0.]
 [0. 0. 0. 0. 0. 0. 0. 0.]
 [0. 0. 0. 0. 0. 0. 1. 0.]]
four_Sdplus = 
 [[0. 1. 0. 0. 0. 0. 0. 0.]
 [0. 0. 0. 0. 0. 0. 0. 0.]
 [0. 0. 0. 1. 0. 0. 0. 0.]
 [0. 0. 0. 0. 0. 0. 0. 0.]
 [0. 0. 0. 0. 0. 1. 0. 0.]
 [0. 0. 0. 0. 0. 0. 0. 0.]
 [0. 0. 0. 0. 0. 0. 0. 1.]
 [0. 0. 0. 0. 0. 0. 0. 0.]]
>>> (0, 1, 0)
>>> (0, -1, 0)
>>> (1, 2, 0)
>>> (1, 0, 0)
>>> (1, -2, 0)
>>> (2, 1, 0)
>>> (2, -1, 0)
>>> (0, 1, 0)
>>> (0, -1, 0)
>>> (1, 2, 0)
>>> (1, 0, 0)
>>> (1, -2, 0)
>>> (2, 1, 0)
>>> (2, -1, 0)
>>> Custom operators at  [30 31]

 ######################################## 
Constructed builder
 ######################################## 


Build MPO | Nsites =    62 | Nterms =        252 | Algorithm = FastBIP | Cutoff = 1.00e-14
 Site =     0 /    62 .. Mmpo =     5 DW = 0.00e+00 NNZ =        5 SPT = 0.0000 Tmvc = 0.000 T = 0.000
 Site =     1 /    62 .. Mmpo =     6 DW = 0.00e+00 NNZ =        9 SPT = 0.7000 Tmvc = 0.000 T = 0.000
 Site =     2 /    62 .. Mmpo =     6 DW = 0.00e+00 NNZ =       10 SPT = 0.7222 Tmvc = 0.000 T = 0.000
 Site =     3 /    62 .. Mmpo =     6 DW = 0.00e+00 NNZ =       10 SPT = 0.7222 Tmvc = 0.000 T = 0.000
 Site =     4 /    62 .. Mmpo =     6 DW = 0.00e+00 NNZ =       10 SPT = 0.7222 Tmvc = 0.000 T = 0.000
 Site =     5 /    62 .. Mmpo =     6 DW = 0.00e+00 NNZ =       10 SPT = 0.7222 Tmvc = 0.000 T = 0.000
 Site =     6 /    62 .. Mmpo =     6 DW = 0.00e+00 NNZ =       10 SPT = 0.7222 Tmvc = 0.000 T = 0.000
 Site =     7 /    62 .. Mmpo =     6 DW = 0.00e+00 NNZ =       10 SPT = 0.7222 Tmvc = 0.000 T = 0.000
 Site =     8 /    62 .. Mmpo =     6 DW = 0.00e+00 NNZ =       10 SPT = 0.7222 Tmvc = 0.000 T = 0.000
 Site =     9 /    62 .. Mmpo =     6 DW = 0.00e+00 NNZ =       10 SPT = 0.7222 Tmvc = 0.000 T = 0.000
 Site =    10 /    62 .. Mmpo =     6 DW = 0.00e+00 NNZ =       10 SPT = 0.7222 Tmvc = 0.000 T = 0.000
 Site =    11 /    62 .. Mmpo =     6 DW = 0.00e+00 NNZ =       10 SPT = 0.7222 Tmvc = 0.000 T = 0.000
 Site =    12 /    62 .. Mmpo =     6 DW = 0.00e+00 NNZ =       10 SPT = 0.7222 Tmvc = 0.000 T = 0.000
 Site =    13 /    62 .. Mmpo =     6 DW = 0.00e+00 NNZ =       10 SPT = 0.7222 Tmvc = 0.000 T = 0.000
 Site =    14 /    62 .. Mmpo =     6 DW = 0.00e+00 NNZ =       10 SPT = 0.7222 Tmvc = 0.000 T = 0.000
 Site =    15 /    62 .. Mmpo =     6 DW = 0.00e+00 NNZ =       10 SPT = 0.7222 Tmvc = 0.000 T = 0.000
 Site =    16 /    62 .. Mmpo =     6 DW = 0.00e+00 NNZ =       10 SPT = 0.7222 Tmvc = 0.000 T = 0.000
 Site =    17 /    62 .. Mmpo =     6 DW = 0.00e+00 NNZ =       10 SPT = 0.7222 Tmvc = 0.000 T = 0.000
 Site =    18 /    62 .. Mmpo =     6 DW = 0.00e+00 NNZ =       10 SPT = 0.7222 Tmvc = 0.000 T = 0.000
 Site =    19 /    62 .. Mmpo =     6 DW = 0.00e+00 NNZ =       10 SPT = 0.7222 Tmvc = 0.000 T = 0.000
 Site =    20 /    62 .. Mmpo =     6 DW = 0.00e+00 NNZ =       10 SPT = 0.7222 Tmvc = 0.000 T = 0.000
 Site =    21 /    62 .. Mmpo =     6 DW = 0.00e+00 NNZ =       10 SPT = 0.7222 Tmvc = 0.000 T = 0.000
 Site =    22 /    62 .. Mmpo =     6 DW = 0.00e+00 NNZ =       10 SPT = 0.7222 Tmvc = 0.000 T = 0.000
 Site =    23 /    62 .. Mmpo =     6 DW = 0.00e+00 NNZ =       10 SPT = 0.7222 Tmvc = 0.000 T = 0.000
 Site =    24 /    62 .. Mmpo =     6 DW = 0.00e+00 NNZ =       10 SPT = 0.7222 Tmvc = 0.000 T = 0.000
 Site =    25 /    62 .. Mmpo =     6 DW = 0.00e+00 NNZ =       10 SPT = 0.7222 Tmvc = 0.000 T = 0.000
 Site =    26 /    62 .. Mmpo =     6 DW = 0.00e+00 NNZ =       10 SPT = 0.7222 Tmvc = 0.000 T = 0.000
 Site =    27 /    62 .. Mmpo =     6 DW = 0.00e+00 NNZ =       10 SPT = 0.7222 Tmvc = 0.000 T = 0.000
 Site =    28 /    62 .. Mmpo =     6 DW = 0.00e+00 NNZ =       10 SPT = 0.7222 Tmvc = 0.000 T = 0.000
 Site =    29 /    62 .. Mmpo =     6 DW = 0.00e+00 NNZ =       10 SPT = 0.7222 Tmvc = 0.000 T = 0.000
 Site =    30 /    62 .. Mmpo =     6 DW = 0.00e+00 NNZ =       11 SPT = 0.6944 Tmvc = 0.000 T = 0.001
 Site =    31 /    62 .. Mmpo =     6 DW = 0.00e+00 NNZ =       11 SPT = 0.6944 Tmvc = 0.000 T = 0.001
 Site =    32 /    62 .. Mmpo =     6 DW = 0.00e+00 NNZ =       10 SPT = 0.7222 Tmvc = 0.000 T = 0.000
 Site =    33 /    62 .. Mmpo =     6 DW = 0.00e+00 NNZ =       10 SPT = 0.7222 Tmvc = 0.000 T = 0.000
 Site =    34 /    62 .. Mmpo =     6 DW = 0.00e+00 NNZ =       10 SPT = 0.7222 Tmvc = 0.000 T = 0.000
 Site =    35 /    62 .. Mmpo =     6 DW = 0.00e+00 NNZ =       10 SPT = 0.7222 Tmvc = 0.000 T = 0.000
 Site =    36 /    62 .. Mmpo =     6 DW = 0.00e+00 NNZ =       10 SPT = 0.7222 Tmvc = 0.000 T = 0.000
 Site =    37 /    62 .. Mmpo =     6 DW = 0.00e+00 NNZ =       10 SPT = 0.7222 Tmvc = 0.000 T = 0.000
 Site =    38 /    62 .. Mmpo =     6 DW = 0.00e+00 NNZ =       10 SPT = 0.7222 Tmvc = 0.000 T = 0.000
 Site =    39 /    62 .. Mmpo =     6 DW = 0.00e+00 NNZ =       10 SPT = 0.7222 Tmvc = 0.000 T = 0.000
 Site =    40 /    62 .. Mmpo =     6 DW = 0.00e+00 NNZ =       10 SPT = 0.7222 Tmvc = 0.000 T = 0.000
 Site =    41 /    62 .. Mmpo =     6 DW = 0.00e+00 NNZ =       10 SPT = 0.7222 Tmvc = 0.000 T = 0.000
 Site =    42 /    62 .. Mmpo =     6 DW = 0.00e+00 NNZ =       10 SPT = 0.7222 Tmvc = 0.000 T = 0.000
 Site =    43 /    62 .. Mmpo =     6 DW = 0.00e+00 NNZ =       10 SPT = 0.7222 Tmvc = 0.000 T = 0.000
 Site =    44 /    62 .. Mmpo =     6 DW = 0.00e+00 NNZ =       10 SPT = 0.7222 Tmvc = 0.000 T = 0.000
 Site =    45 /    62 .. Mmpo =     6 DW = 0.00e+00 NNZ =       10 SPT = 0.7222 Tmvc = 0.000 T = 0.000
 Site =    46 /    62 .. Mmpo =     6 DW = 0.00e+00 NNZ =       10 SPT = 0.7222 Tmvc = 0.000 T = 0.000
 Site =    47 /    62 .. Mmpo =     6 DW = 0.00e+00 NNZ =       10 SPT = 0.7222 Tmvc = 0.000 T = 0.000
 Site =    48 /    62 .. Mmpo =     6 DW = 0.00e+00 NNZ =       10 SPT = 0.7222 Tmvc = 0.000 T = 0.000
 Site =    49 /    62 .. Mmpo =     6 DW = 0.00e+00 NNZ =       10 SPT = 0.7222 Tmvc = 0.000 T = 0.000
 Site =    50 /    62 .. Mmpo =     6 DW = 0.00e+00 NNZ =       10 SPT = 0.7222 Tmvc = 0.000 T = 0.000
 Site =    51 /    62 .. Mmpo =     6 DW = 0.00e+00 NNZ =       10 SPT = 0.7222 Tmvc = 0.000 T = 0.000
 Site =    52 /    62 .. Mmpo =     6 DW = 0.00e+00 NNZ =       10 SPT = 0.7222 Tmvc = 0.000 T = 0.000
 Site =    53 /    62 .. Mmpo =     6 DW = 0.00e+00 NNZ =       10 SPT = 0.7222 Tmvc = 0.000 T = 0.000
 Site =    54 /    62 .. Mmpo =     6 DW = 0.00e+00 NNZ =       10 SPT = 0.7222 Tmvc = 0.000 T = 0.000
 Site =    55 /    62 .. Mmpo =     6 DW = 0.00e+00 NNZ =       10 SPT = 0.7222 Tmvc = 0.000 T = 0.000
 Site =    56 /    62 .. Mmpo =     6 DW = 0.00e+00 NNZ =       10 SPT = 0.7222 Tmvc = 0.000 T = 0.000
 Site =    57 /    62 .. Mmpo =     6 DW = 0.00e+00 NNZ =       10 SPT = 0.7222 Tmvc = 0.000 T = 0.000
 Site =    58 /    62 .. Mmpo =     6 DW = 0.00e+00 NNZ =       10 SPT = 0.7222 Tmvc = 0.000 T = 0.000
 Site =    59 /    62 .. Mmpo =     6 DW = 0.00e+00 NNZ =       10 SPT = 0.7222 Tmvc = 0.000 T = 0.000
 Site =    60 /    62 .. Mmpo =     5 DW = 0.00e+00 NNZ =        9 SPT = 0.7000 Tmvc = 0.000 T = 0.000
 Site =    61 /    62 .. Mmpo =     1 DW = 0.00e+00 NNZ =        5 SPT = 0.0000 Tmvc = 0.000 T = 0.000
Ttotal =      0.019 Tmvc-total = 0.000 MPO bond dimension =     6 MaxDW = 0.00e+00
NNZ =          610 SIZE =         2158 SPT = 0.7173

Rank =     0 Ttotal =      0.022 MPO method = FastBipartite bond dimension =       6 NNZ =          610 SIZE =         2158 SPT = 0.7173
/blue/m2qm-efrc/cpbunker/GitHub/transport/transport/tddmrg/__init__.py:181: RuntimeWarning: divide by zero encountered in log
  ents[sitei] = np.trace( -oneorb_rdm*np.log(oneorb_rdm));
/blue/m2qm-efrc/cpbunker/GitHub/transport/transport/tddmrg/__init__.py:181: RuntimeWarning: invalid value encountered in multiply
  ents[sitei] = np.trace( -oneorb_rdm*np.log(oneorb_rdm));
/blue/m2qm-efrc/cpbunker/GitHub/transport/transport/tddmrg/__init__.py:513: RuntimeWarning: invalid value encountered in subtract
  minfo = 0.5 * (ents1[:, None] + ents1[None, :] - ents2) * (1 - np.identity(len(ents1))); # (-1) * 2013 Reiher Eq (3)
/blue/m2qm-efrc/cpbunker/GitHub/transport/transport/tddmrg/__init__.py:513: RuntimeWarning: invalid value encountered in multiply
  minfo = 0.5 * (ents1[:, None] + ents1[None, :] - ents2) * (1 - np.identity(len(ents1))); # (-1) * 2013 Reiher Eq (3)
/blue/m2qm-efrc/cpbunker/GitHub/transport/transport/tddmrg/__init__.py:181: RuntimeWarning: divide by zero encountered in log
  ents[sitei] = np.trace( -oneorb_rdm*np.log(oneorb_rdm));
/blue/m2qm-efrc/cpbunker/GitHub/transport/transport/tddmrg/__init__.py:181: RuntimeWarning: invalid value encountered in multiply
  ents[sitei] = np.trace( -oneorb_rdm*np.log(oneorb_rdm));
/blue/m2qm-efrc/cpbunker/GitHub/transport/transport/tddmrg/__init__.py:513: RuntimeWarning: invalid value encountered in subtract
  minfo = 0.5 * (ents1[:, None] + ents1[None, :] - ents2) * (1 - np.identity(len(ents1))); # (-1) * 2013 Reiher Eq (3)
/blue/m2qm-efrc/cpbunker/GitHub/transport/transport/tddmrg/__init__.py:513: RuntimeWarning: invalid value encountered in multiply
  minfo = 0.5 * (ents1[:, None] + ents1[None, :] - ents2) * (1 - np.identity(len(ents1))); # (-1) * 2013 Reiher Eq (3)
/blue/m2qm-efrc/cpbunker/GitHub/transport/transport/tddmrg/__init__.py:181: RuntimeWarning: divide by zero encountered in log
  ents[sitei] = np.trace( -oneorb_rdm*np.log(oneorb_rdm));
/blue/m2qm-efrc/cpbunker/GitHub/transport/transport/tddmrg/__init__.py:181: RuntimeWarning: invalid value encountered in multiply
  ents[sitei] = np.trace( -oneorb_rdm*np.log(oneorb_rdm));
/blue/m2qm-efrc/cpbunker/GitHub/transport/transport/tddmrg/__init__.py:513: RuntimeWarning: invalid value encountered in subtract
  minfo = 0.5 * (ents1[:, None] + ents1[None, :] - ents2) * (1 - np.identity(len(ents1))); # (-1) * 2013 Reiher Eq (3)
/blue/m2qm-efrc/cpbunker/GitHub/transport/transport/tddmrg/__init__.py:513: RuntimeWarning: invalid value encountered in multiply
  minfo = 0.5 * (ents1[:, None] + ents1[None, :] - ents2) * (1 - np.identity(len(ents1))); # (-1) * 2013 Reiher Eq (3)
/blue/m2qm-efrc/cpbunker/GitHub/transport/transport/tddmrg/__init__.py:181: RuntimeWarning: divide by zero encountered in log
  ents[sitei] = np.trace( -oneorb_rdm*np.log(oneorb_rdm));
/blue/m2qm-efrc/cpbunker/GitHub/transport/transport/tddmrg/__init__.py:181: RuntimeWarning: invalid value encountered in multiply
  ents[sitei] = np.trace( -oneorb_rdm*np.log(oneorb_rdm));
/blue/m2qm-efrc/cpbunker/GitHub/transport/transport/tddmrg/__init__.py:513: RuntimeWarning: invalid value encountered in subtract
  minfo = 0.5 * (ents1[:, None] + ents1[None, :] - ents2) * (1 - np.identity(len(ents1))); # (-1) * 2013 Reiher Eq (3)
/blue/m2qm-efrc/cpbunker/GitHub/transport/transport/tddmrg/__init__.py:513: RuntimeWarning: invalid value encountered in multiply
  minfo = 0.5 * (ents1[:, None] + ents1[None, :] - ents2) * (1 - np.identity(len(ents1))); # (-1) * 2013 Reiher Eq (3)
/blue/m2qm-efrc/cpbunker/GitHub/transport/transport/tddmrg/__init__.py:181: RuntimeWarning: divide by zero encountered in log
  ents[sitei] = np.trace( -oneorb_rdm*np.log(oneorb_rdm));
/blue/m2qm-efrc/cpbunker/GitHub/transport/transport/tddmrg/__init__.py:181: RuntimeWarning: invalid value encountered in multiply
  ents[sitei] = np.trace( -oneorb_rdm*np.log(oneorb_rdm));
/blue/m2qm-efrc/cpbunker/GitHub/transport/transport/tddmrg/__init__.py:513: RuntimeWarning: invalid value encountered in subtract
  minfo = 0.5 * (ents1[:, None] + ents1[None, :] - ents2) * (1 - np.identity(len(ents1))); # (-1) * 2013 Reiher Eq (3)
/blue/m2qm-efrc/cpbunker/GitHub/transport/transport/tddmrg/__init__.py:513: RuntimeWarning: invalid value encountered in multiply
  minfo = 0.5 * (ents1[:, None] + ents1[None, :] - ents2) * (1 - np.identity(len(ents1))); # (-1) * 2013 Reiher Eq (3)
/blue/m2qm-efrc/cpbunker/GitHub/transport/transport/tddmrg/__init__.py:181: RuntimeWarning: divide by zero encountered in log
  ents[sitei] = np.trace( -oneorb_rdm*np.log(oneorb_rdm));
/blue/m2qm-efrc/cpbunker/GitHub/transport/transport/tddmrg/__init__.py:181: RuntimeWarning: invalid value encountered in multiply
  ents[sitei] = np.trace( -oneorb_rdm*np.log(oneorb_rdm));
/blue/m2qm-efrc/cpbunker/GitHub/transport/transport/tddmrg/__init__.py:513: RuntimeWarning: invalid value encountered in subtract
  minfo = 0.5 * (ents1[:, None] + ents1[None, :] - ents2) * (1 - np.identity(len(ents1))); # (-1) * 2013 Reiher Eq (3)
/blue/m2qm-efrc/cpbunker/GitHub/transport/transport/tddmrg/__init__.py:513: RuntimeWarning: invalid value encountered in multiply
  minfo = 0.5 * (ents1[:, None] + ents1[None, :] - ents2) * (1 - np.identity(len(ents1))); # (-1) * 2013 Reiher Eq (3)
/blue/m2qm-efrc/cpbunker/GitHub/transport/transport/tddmrg/__init__.py:181: RuntimeWarning: divide by zero encountered in log
  ents[sitei] = np.trace( -oneorb_rdm*np.log(oneorb_rdm));
/blue/m2qm-efrc/cpbunker/GitHub/transport/transport/tddmrg/__init__.py:181: RuntimeWarning: invalid value encountered in multiply
  ents[sitei] = np.trace( -oneorb_rdm*np.log(oneorb_rdm));
/blue/m2qm-efrc/cpbunker/GitHub/transport/transport/tddmrg/__init__.py:513: RuntimeWarning: invalid value encountered in subtract
  minfo = 0.5 * (ents1[:, None] + ents1[None, :] - ents2) * (1 - np.identity(len(ents1))); # (-1) * 2013 Reiher Eq (3)
/blue/m2qm-efrc/cpbunker/GitHub/transport/transport/tddmrg/__init__.py:513: RuntimeWarning: invalid value encountered in multiply
  minfo = 0.5 * (ents1[:, None] + ents1[None, :] - ents2) * (1 - np.identity(len(ents1))); # (-1) * 2013 Reiher Eq (3)
/blue/m2qm-efrc/cpbunker/GitHub/transport/transport/tddmrg/__init__.py:181: RuntimeWarning: divide by zero encountered in log
  ents[sitei] = np.trace( -oneorb_rdm*np.log(oneorb_rdm));
/blue/m2qm-efrc/cpbunker/GitHub/transport/transport/tddmrg/__init__.py:181: RuntimeWarning: invalid value encountered in multiply
  ents[sitei] = np.trace( -oneorb_rdm*np.log(oneorb_rdm));
/blue/m2qm-efrc/cpbunker/GitHub/transport/transport/tddmrg/__init__.py:513: RuntimeWarning: invalid value encountered in subtract
  minfo = 0.5 * (ents1[:, None] + ents1[None, :] - ents2) * (1 - np.identity(len(ents1))); # (-1) * 2013 Reiher Eq (3)
/blue/m2qm-efrc/cpbunker/GitHub/transport/transport/tddmrg/__init__.py:513: RuntimeWarning: invalid value encountered in multiply
  minfo = 0.5 * (ents1[:, None] + ents1[None, :] - ents2) * (1 - np.identity(len(ents1))); # (-1) * 2013 Reiher Eq (3)
/blue/m2qm-efrc/cpbunker/GitHub/transport/transport/tddmrg/__init__.py:181: RuntimeWarning: divide by zero encountered in log
  ents[sitei] = np.trace( -oneorb_rdm*np.log(oneorb_rdm));
/blue/m2qm-efrc/cpbunker/GitHub/transport/transport/tddmrg/__init__.py:181: RuntimeWarning: invalid value encountered in multiply
  ents[sitei] = np.trace( -oneorb_rdm*np.log(oneorb_rdm));
/blue/m2qm-efrc/cpbunker/GitHub/transport/transport/tddmrg/__init__.py:513: RuntimeWarning: invalid value encountered in subtract
  minfo = 0.5 * (ents1[:, None] + ents1[None, :] - ents2) * (1 - np.identity(len(ents1))); # (-1) * 2013 Reiher Eq (3)
/blue/m2qm-efrc/cpbunker/GitHub/transport/transport/tddmrg/__init__.py:513: RuntimeWarning: invalid value encountered in multiply
  minfo = 0.5 * (ents1[:, None] + ents1[None, :] - ents2) * (1 - np.identity(len(ents1))); # (-1) * 2013 Reiher Eq (3)
/blue/m2qm-efrc/cpbunker/GitHub/transport/transport/tddmrg/__init__.py:181: RuntimeWarning: divide by zero encountered in log
  ents[sitei] = np.trace( -oneorb_rdm*np.log(oneorb_rdm));
/blue/m2qm-efrc/cpbunker/GitHub/transport/transport/tddmrg/__init__.py:181: RuntimeWarning: invalid value encountered in multiply
  ents[sitei] = np.trace( -oneorb_rdm*np.log(oneorb_rdm));
/blue/m2qm-efrc/cpbunker/GitHub/transport/transport/tddmrg/__init__.py:513: RuntimeWarning: invalid value encountered in subtract
  minfo = 0.5 * (ents1[:, None] + ents1[None, :] - ents2) * (1 - np.identity(len(ents1))); # (-1) * 2013 Reiher Eq (3)
/blue/m2qm-efrc/cpbunker/GitHub/transport/transport/tddmrg/__init__.py:513: RuntimeWarning: invalid value encountered in multiply
  minfo = 0.5 * (ents1[:, None] + ents1[None, :] - ents2) * (1 - np.identity(len(ents1))); # (-1) * 2013 Reiher Eq (3)
/blue/m2qm-efrc/cpbunker/GitHub/transport/transport/tddmrg/__init__.py:181: RuntimeWarning: divide by zero encountered in log
  ents[sitei] = np.trace( -oneorb_rdm*np.log(oneorb_rdm));
/blue/m2qm-efrc/cpbunker/GitHub/transport/transport/tddmrg/__init__.py:181: RuntimeWarning: invalid value encountered in multiply
  ents[sitei] = np.trace( -oneorb_rdm*np.log(oneorb_rdm));
/blue/m2qm-efrc/cpbunker/GitHub/transport/transport/tddmrg/__init__.py:513: RuntimeWarning: invalid value encountered in subtract
  minfo = 0.5 * (ents1[:, None] + ents1[None, :] - ents2) * (1 - np.identity(len(ents1))); # (-1) * 2013 Reiher Eq (3)
/blue/m2qm-efrc/cpbunker/GitHub/transport/transport/tddmrg/__init__.py:513: RuntimeWarning: invalid value encountered in multiply
  minfo = 0.5 * (ents1[:, None] + ents1[None, :] - ents2) * (1 - np.identity(len(ents1))); # (-1) * 2013 Reiher Eq (3)
/blue/m2qm-efrc/cpbunker/GitHub/transport/transport/tddmrg/__init__.py:181: RuntimeWarning: divide by zero encountered in log
  ents[sitei] = np.trace( -oneorb_rdm*np.log(oneorb_rdm));
/blue/m2qm-efrc/cpbunker/GitHub/transport/transport/tddmrg/__init__.py:181: RuntimeWarning: invalid value encountered in multiply
  ents[sitei] = np.trace( -oneorb_rdm*np.log(oneorb_rdm));
/blue/m2qm-efrc/cpbunker/GitHub/transport/transport/tddmrg/__init__.py:513: RuntimeWarning: invalid value encountered in subtract
  minfo = 0.5 * (ents1[:, None] + ents1[None, :] - ents2) * (1 - np.identity(len(ents1))); # (-1) * 2013 Reiher Eq (3)
/blue/m2qm-efrc/cpbunker/GitHub/transport/transport/tddmrg/__init__.py:513: RuntimeWarning: invalid value encountered in multiply
  minfo = 0.5 * (ents1[:, None] + ents1[None, :] - ents2) * (1 - np.identity(len(ents1))); # (-1) * 2013 Reiher Eq (3)
/blue/m2qm-efrc/cpbunker/GitHub/transport/transport/tddmrg/__init__.py:181: RuntimeWarning: divide by zero encountered in log
  ents[sitei] = np.trace( -oneorb_rdm*np.log(oneorb_rdm));
/blue/m2qm-efrc/cpbunker/GitHub/transport/transport/tddmrg/__init__.py:181: RuntimeWarning: invalid value encountered in multiply
  ents[sitei] = np.trace( -oneorb_rdm*np.log(oneorb_rdm));
/blue/m2qm-efrc/cpbunker/GitHub/transport/transport/tddmrg/__init__.py:513: RuntimeWarning: invalid value encountered in subtract
  minfo = 0.5 * (ents1[:, None] + ents1[None, :] - ents2) * (1 - np.identity(len(ents1))); # (-1) * 2013 Reiher Eq (3)
/blue/m2qm-efrc/cpbunker/GitHub/transport/transport/tddmrg/__init__.py:513: RuntimeWarning: invalid value encountered in multiply
  minfo = 0.5 * (ents1[:, None] + ents1[None, :] - ents2) * (1 - np.identity(len(ents1))); # (-1) * 2013 Reiher Eq (3)
/blue/m2qm-efrc/cpbunker/GitHub/transport/transport/tddmrg/__init__.py:181: RuntimeWarning: divide by zero encountered in log
  ents[sitei] = np.trace( -oneorb_rdm*np.log(oneorb_rdm));
/blue/m2qm-efrc/cpbunker/GitHub/transport/transport/tddmrg/__init__.py:181: RuntimeWarning: invalid value encountered in multiply
  ents[sitei] = np.trace( -oneorb_rdm*np.log(oneorb_rdm));
/blue/m2qm-efrc/cpbunker/GitHub/transport/transport/tddmrg/__init__.py:513: RuntimeWarning: invalid value encountered in subtract
  minfo = 0.5 * (ents1[:, None] + ents1[None, :] - ents2) * (1 - np.identity(len(ents1))); # (-1) * 2013 Reiher Eq (3)
/blue/m2qm-efrc/cpbunker/GitHub/transport/transport/tddmrg/__init__.py:513: RuntimeWarning: invalid value encountered in multiply
  minfo = 0.5 * (ents1[:, None] + ents1[None, :] - ents2) * (1 - np.identity(len(ents1))); # (-1) * 2013 Reiher Eq (3)
/blue/m2qm-efrc/cpbunker/GitHub/transport/transport/tddmrg/__init__.py:181: RuntimeWarning: divide by zero encountered in log
  ents[sitei] = np.trace( -oneorb_rdm*np.log(oneorb_rdm));
/blue/m2qm-efrc/cpbunker/GitHub/transport/transport/tddmrg/__init__.py:181: RuntimeWarning: invalid value encountered in multiply
  ents[sitei] = np.trace( -oneorb_rdm*np.log(oneorb_rdm));
/blue/m2qm-efrc/cpbunker/GitHub/transport/transport/tddmrg/__init__.py:513: RuntimeWarning: invalid value encountered in subtract
  minfo = 0.5 * (ents1[:, None] + ents1[None, :] - ents2) * (1 - np.identity(len(ents1))); # (-1) * 2013 Reiher Eq (3)
/blue/m2qm-efrc/cpbunker/GitHub/transport/transport/tddmrg/__init__.py:513: RuntimeWarning: invalid value encountered in multiply
  minfo = 0.5 * (ents1[:, None] + ents1[None, :] - ents2) * (1 - np.identity(len(ents1))); # (-1) * 2013 Reiher Eq (3)
/blue/m2qm-efrc/cpbunker/GitHub/transport/transport/tddmrg/__init__.py:181: RuntimeWarning: divide by zero encountered in log
  ents[sitei] = np.trace( -oneorb_rdm*np.log(oneorb_rdm));
/blue/m2qm-efrc/cpbunker/GitHub/transport/transport/tddmrg/__init__.py:181: RuntimeWarning: invalid value encountered in multiply
  ents[sitei] = np.trace( -oneorb_rdm*np.log(oneorb_rdm));
/blue/m2qm-efrc/cpbunker/GitHub/transport/transport/tddmrg/__init__.py:513: RuntimeWarning: invalid value encountered in subtract
  minfo = 0.5 * (ents1[:, None] + ents1[None, :] - ents2) * (1 - np.identity(len(ents1))); # (-1) * 2013 Reiher Eq (3)
/blue/m2qm-efrc/cpbunker/GitHub/transport/transport/tddmrg/__init__.py:513: RuntimeWarning: invalid value encountered in multiply
  minfo = 0.5 * (ents1[:, None] + ents1[None, :] - ents2) * (1 - np.identity(len(ents1))); # (-1) * 2013 Reiher Eq (3)
/blue/m2qm-efrc/cpbunker/GitHub/transport/transport/tddmrg/__init__.py:181: RuntimeWarning: divide by zero encountered in log
  ents[sitei] = np.trace( -oneorb_rdm*np.log(oneorb_rdm));
/blue/m2qm-efrc/cpbunker/GitHub/transport/transport/tddmrg/__init__.py:181: RuntimeWarning: invalid value encountered in multiply
  ents[sitei] = np.trace( -oneorb_rdm*np.log(oneorb_rdm));
/blue/m2qm-efrc/cpbunker/GitHub/transport/transport/tddmrg/__init__.py:513: RuntimeWarning: invalid value encountered in subtract
  minfo = 0.5 * (ents1[:, None] + ents1[None, :] - ents2) * (1 - np.identity(len(ents1))); # (-1) * 2013 Reiher Eq (3)
/blue/m2qm-efrc/cpbunker/GitHub/transport/transport/tddmrg/__init__.py:513: RuntimeWarning: invalid value encountered in multiply
  minfo = 0.5 * (ents1[:, None] + ents1[None, :] - ents2) * (1 - np.identity(len(ents1))); # (-1) * 2013 Reiher Eq (3)
/blue/m2qm-efrc/cpbunker/GitHub/transport/transport/tddmrg/__init__.py:181: RuntimeWarning: divide by zero encountered in log
  ents[sitei] = np.trace( -oneorb_rdm*np.log(oneorb_rdm));
/blue/m2qm-efrc/cpbunker/GitHub/transport/transport/tddmrg/__init__.py:181: RuntimeWarning: invalid value encountered in multiply
  ents[sitei] = np.trace( -oneorb_rdm*np.log(oneorb_rdm));
/blue/m2qm-efrc/cpbunker/GitHub/transport/transport/tddmrg/__init__.py:513: RuntimeWarning: invalid value encountered in subtract
  minfo = 0.5 * (ents1[:, None] + ents1[None, :] - ents2) * (1 - np.identity(len(ents1))); # (-1) * 2013 Reiher Eq (3)
/blue/m2qm-efrc/cpbunker/GitHub/transport/transport/tddmrg/__init__.py:513: RuntimeWarning: invalid value encountered in multiply
  minfo = 0.5 * (ents1[:, None] + ents1[None, :] - ents2) * (1 - np.identity(len(ents1))); # (-1) * 2013 Reiher Eq (3)
/blue/m2qm-efrc/cpbunker/GitHub/transport/transport/tddmrg/__init__.py:181: RuntimeWarning: divide by zero encountered in log
  ents[sitei] = np.trace( -oneorb_rdm*np.log(oneorb_rdm));
/blue/m2qm-efrc/cpbunker/GitHub/transport/transport/tddmrg/__init__.py:181: RuntimeWarning: invalid value encountered in multiply
  ents[sitei] = np.trace( -oneorb_rdm*np.log(oneorb_rdm));
/blue/m2qm-efrc/cpbunker/GitHub/transport/transport/tddmrg/__init__.py:513: RuntimeWarning: invalid value encountered in subtract
  minfo = 0.5 * (ents1[:, None] + ents1[None, :] - ents2) * (1 - np.identity(len(ents1))); # (-1) * 2013 Reiher Eq (3)
/blue/m2qm-efrc/cpbunker/GitHub/transport/transport/tddmrg/__init__.py:513: RuntimeWarning: invalid value encountered in multiply
  minfo = 0.5 * (ents1[:, None] + ents1[None, :] - ents2) * (1 - np.identity(len(ents1))); # (-1) * 2013 Reiher Eq (3)
/blue/m2qm-efrc/cpbunker/GitHub/transport/transport/tddmrg/__init__.py:181: RuntimeWarning: divide by zero encountered in log
  ents[sitei] = np.trace( -oneorb_rdm*np.log(oneorb_rdm));
/blue/m2qm-efrc/cpbunker/GitHub/transport/transport/tddmrg/__init__.py:181: RuntimeWarning: invalid value encountered in multiply
  ents[sitei] = np.trace( -oneorb_rdm*np.log(oneorb_rdm));
/blue/m2qm-efrc/cpbunker/GitHub/transport/transport/tddmrg/__init__.py:513: RuntimeWarning: invalid value encountered in subtract
  minfo = 0.5 * (ents1[:, None] + ents1[None, :] - ents2) * (1 - np.identity(len(ents1))); # (-1) * 2013 Reiher Eq (3)
/blue/m2qm-efrc/cpbunker/GitHub/transport/transport/tddmrg/__init__.py:513: RuntimeWarning: invalid value encountered in multiply
  minfo = 0.5 * (ents1[:, None] + ents1[None, :] - ents2) * (1 - np.identity(len(ents1))); # (-1) * 2013 Reiher Eq (3)
/blue/m2qm-efrc/cpbunker/GitHub/transport/transport/tddmrg/__init__.py:181: RuntimeWarning: divide by zero encountered in log
  ents[sitei] = np.trace( -oneorb_rdm*np.log(oneorb_rdm));
/blue/m2qm-efrc/cpbunker/GitHub/transport/transport/tddmrg/__init__.py:181: RuntimeWarning: invalid value encountered in multiply
  ents[sitei] = np.trace( -oneorb_rdm*np.log(oneorb_rdm));
/blue/m2qm-efrc/cpbunker/GitHub/transport/transport/tddmrg/__init__.py:513: RuntimeWarning: invalid value encountered in subtract
  minfo = 0.5 * (ents1[:, None] + ents1[None, :] - ents2) * (1 - np.identity(len(ents1))); # (-1) * 2013 Reiher Eq (3)
/blue/m2qm-efrc/cpbunker/GitHub/transport/transport/tddmrg/__init__.py:513: RuntimeWarning: invalid value encountered in multiply
  minfo = 0.5 * (ents1[:, None] + ents1[None, :] - ents2) * (1 - np.identity(len(ents1))); # (-1) * 2013 Reiher Eq (3)
/blue/m2qm-efrc/cpbunker/GitHub/transport/transport/tddmrg/__init__.py:181: RuntimeWarning: divide by zero encountered in log
  ents[sitei] = np.trace( -oneorb_rdm*np.log(oneorb_rdm));
/blue/m2qm-efrc/cpbunker/GitHub/transport/transport/tddmrg/__init__.py:181: RuntimeWarning: invalid value encountered in multiply
  ents[sitei] = np.trace( -oneorb_rdm*np.log(oneorb_rdm));
/blue/m2qm-efrc/cpbunker/GitHub/transport/transport/tddmrg/__init__.py:513: RuntimeWarning: invalid value encountered in subtract
  minfo = 0.5 * (ents1[:, None] + ents1[None, :] - ents2) * (1 - np.identity(len(ents1))); # (-1) * 2013 Reiher Eq (3)
/blue/m2qm-efrc/cpbunker/GitHub/transport/transport/tddmrg/__init__.py:513: RuntimeWarning: invalid value encountered in multiply
  minfo = 0.5 * (ents1[:, None] + ents1[None, :] - ents2) * (1 - np.identity(len(ents1))); # (-1) * 2013 Reiher Eq (3)
/blue/m2qm-efrc/cpbunker/GitHub/transport/transport/tddmrg/__init__.py:181: RuntimeWarning: divide by zero encountered in log
  ents[sitei] = np.trace( -oneorb_rdm*np.log(oneorb_rdm));
/blue/m2qm-efrc/cpbunker/GitHub/transport/transport/tddmrg/__init__.py:181: RuntimeWarning: invalid value encountered in multiply
  ents[sitei] = np.trace( -oneorb_rdm*np.log(oneorb_rdm));
/blue/m2qm-efrc/cpbunker/GitHub/transport/transport/tddmrg/__init__.py:513: RuntimeWarning: invalid value encountered in subtract
  minfo = 0.5 * (ents1[:, None] + ents1[None, :] - ents2) * (1 - np.identity(len(ents1))); # (-1) * 2013 Reiher Eq (3)
/blue/m2qm-efrc/cpbunker/GitHub/transport/transport/tddmrg/__init__.py:513: RuntimeWarning: invalid value encountered in multiply
  minfo = 0.5 * (ents1[:, None] + ents1[None, :] - ents2) * (1 - np.identity(len(ents1))); # (-1) * 2013 Reiher Eq (3)
/blue/m2qm-efrc/cpbunker/GitHub/transport/transport/tddmrg/__init__.py:181: RuntimeWarning: divide by zero encountered in log
  ents[sitei] = np.trace( -oneorb_rdm*np.log(oneorb_rdm));
/blue/m2qm-efrc/cpbunker/GitHub/transport/transport/tddmrg/__init__.py:181: RuntimeWarning: invalid value encountered in multiply
  ents[sitei] = np.trace( -oneorb_rdm*np.log(oneorb_rdm));
/blue/m2qm-efrc/cpbunker/GitHub/transport/transport/tddmrg/__init__.py:513: RuntimeWarning: invalid value encountered in subtract
  minfo = 0.5 * (ents1[:, None] + ents1[None, :] - ents2) * (1 - np.identity(len(ents1))); # (-1) * 2013 Reiher Eq (3)
/blue/m2qm-efrc/cpbunker/GitHub/transport/transport/tddmrg/__init__.py:513: RuntimeWarning: invalid value encountered in multiply
  minfo = 0.5 * (ents1[:, None] + ents1[None, :] - ents2) * (1 - np.identity(len(ents1))); # (-1) * 2013 Reiher Eq (3)
/blue/m2qm-efrc/cpbunker/GitHub/transport/transport/tddmrg/__init__.py:181: RuntimeWarning: divide by zero encountered in log
  ents[sitei] = np.trace( -oneorb_rdm*np.log(oneorb_rdm));
/blue/m2qm-efrc/cpbunker/GitHub/transport/transport/tddmrg/__init__.py:181: RuntimeWarning: invalid value encountered in multiply
  ents[sitei] = np.trace( -oneorb_rdm*np.log(oneorb_rdm));
/blue/m2qm-efrc/cpbunker/GitHub/transport/transport/tddmrg/__init__.py:513: RuntimeWarning: invalid value encountered in subtract
  minfo = 0.5 * (ents1[:, None] + ents1[None, :] - ents2) * (1 - np.identity(len(ents1))); # (-1) * 2013 Reiher Eq (3)
/blue/m2qm-efrc/cpbunker/GitHub/transport/transport/tddmrg/__init__.py:513: RuntimeWarning: invalid value encountered in multiply
  minfo = 0.5 * (ents1[:, None] + ents1[None, :] - ents2) * (1 - np.identity(len(ents1))); # (-1) * 2013 Reiher Eq (3)
/blue/m2qm-efrc/cpbunker/GitHub/transport/transport/tddmrg/__init__.py:181: RuntimeWarning: divide by zero encountered in log
  ents[sitei] = np.trace( -oneorb_rdm*np.log(oneorb_rdm));
/blue/m2qm-efrc/cpbunker/GitHub/transport/transport/tddmrg/__init__.py:181: RuntimeWarning: invalid value encountered in multiply
  ents[sitei] = np.trace( -oneorb_rdm*np.log(oneorb_rdm));
/blue/m2qm-efrc/cpbunker/GitHub/transport/transport/tddmrg/__init__.py:513: RuntimeWarning: invalid value encountered in subtract
  minfo = 0.5 * (ents1[:, None] + ents1[None, :] - ents2) * (1 - np.identity(len(ents1))); # (-1) * 2013 Reiher Eq (3)
/blue/m2qm-efrc/cpbunker/GitHub/transport/transport/tddmrg/__init__.py:513: RuntimeWarning: invalid value encountered in multiply
  minfo = 0.5 * (ents1[:, None] + ents1[None, :] - ents2) * (1 - np.identity(len(ents1))); # (-1) * 2013 Reiher Eq (3)
/blue/m2qm-efrc/cpbunker/GitHub/transport/transport/tddmrg/__init__.py:181: RuntimeWarning: divide by zero encountered in log
  ents[sitei] = np.trace( -oneorb_rdm*np.log(oneorb_rdm));
/blue/m2qm-efrc/cpbunker/GitHub/transport/transport/tddmrg/__init__.py:181: RuntimeWarning: invalid value encountered in multiply
  ents[sitei] = np.trace( -oneorb_rdm*np.log(oneorb_rdm));
/blue/m2qm-efrc/cpbunker/GitHub/transport/transport/tddmrg/__init__.py:513: RuntimeWarning: invalid value encountered in subtract
  minfo = 0.5 * (ents1[:, None] + ents1[None, :] - ents2) * (1 - np.identity(len(ents1))); # (-1) * 2013 Reiher Eq (3)
/blue/m2qm-efrc/cpbunker/GitHub/transport/transport/tddmrg/__init__.py:513: RuntimeWarning: invalid value encountered in multiply
  minfo = 0.5 * (ents1[:, None] + ents1[None, :] - ents2) * (1 - np.identity(len(ents1))); # (-1) * 2013 Reiher Eq (3)
/blue/m2qm-efrc/cpbunker/GitHub/transport/transport/tddmrg/__init__.py:181: RuntimeWarning: divide by zero encountered in log
  ents[sitei] = np.trace( -oneorb_rdm*np.log(oneorb_rdm));
/blue/m2qm-efrc/cpbunker/GitHub/transport/transport/tddmrg/__init__.py:181: RuntimeWarning: invalid value encountered in multiply
  ents[sitei] = np.trace( -oneorb_rdm*np.log(oneorb_rdm));
/blue/m2qm-efrc/cpbunker/GitHub/transport/transport/tddmrg/__init__.py:513: RuntimeWarning: invalid value encountered in subtract
  minfo = 0.5 * (ents1[:, None] + ents1[None, :] - ents2) * (1 - np.identity(len(ents1))); # (-1) * 2013 Reiher Eq (3)
/blue/m2qm-efrc/cpbunker/GitHub/transport/transport/tddmrg/__init__.py:513: RuntimeWarning: invalid value encountered in multiply
  minfo = 0.5 * (ents1[:, None] + ents1[None, :] - ents2) * (1 - np.identity(len(ents1))); # (-1) * 2013 Reiher Eq (3)
/blue/m2qm-efrc/cpbunker/GitHub/transport/transport/tddmrg/__init__.py:181: RuntimeWarning: divide by zero encountered in log
  ents[sitei] = np.trace( -oneorb_rdm*np.log(oneorb_rdm));
/blue/m2qm-efrc/cpbunker/GitHub/transport/transport/tddmrg/__init__.py:181: RuntimeWarning: invalid value encountered in multiply
  ents[sitei] = np.trace( -oneorb_rdm*np.log(oneorb_rdm));
/blue/m2qm-efrc/cpbunker/GitHub/transport/transport/tddmrg/__init__.py:513: RuntimeWarning: invalid value encountered in subtract
  minfo = 0.5 * (ents1[:, None] + ents1[None, :] - ents2) * (1 - np.identity(len(ents1))); # (-1) * 2013 Reiher Eq (3)
/blue/m2qm-efrc/cpbunker/GitHub/transport/transport/tddmrg/__init__.py:513: RuntimeWarning: invalid value encountered in multiply
  minfo = 0.5 * (ents1[:, None] + ents1[None, :] - ents2) * (1 - np.identity(len(ents1))); # (-1) * 2013 Reiher Eq (3)
/blue/m2qm-efrc/cpbunker/GitHub/transport/transport/tddmrg/__init__.py:181: RuntimeWarning: divide by zero encountered in log
  ents[sitei] = np.trace( -oneorb_rdm*np.log(oneorb_rdm));
/blue/m2qm-efrc/cpbunker/GitHub/transport/transport/tddmrg/__init__.py:181: RuntimeWarning: invalid value encountered in multiply
  ents[sitei] = np.trace( -oneorb_rdm*np.log(oneorb_rdm));
/blue/m2qm-efrc/cpbunker/GitHub/transport/transport/tddmrg/__init__.py:513: RuntimeWarning: invalid value encountered in subtract
  minfo = 0.5 * (ents1[:, None] + ents1[None, :] - ents2) * (1 - np.identity(len(ents1))); # (-1) * 2013 Reiher Eq (3)
/blue/m2qm-efrc/cpbunker/GitHub/transport/transport/tddmrg/__init__.py:513: RuntimeWarning: invalid value encountered in multiply
  minfo = 0.5 * (ents1[:, None] + ents1[None, :] - ents2) * (1 - np.identity(len(ents1))); # (-1) * 2013 Reiher Eq (3)
/blue/m2qm-efrc/cpbunker/GitHub/transport/transport/tddmrg/__init__.py:181: RuntimeWarning: divide by zero encountered in log
  ents[sitei] = np.trace( -oneorb_rdm*np.log(oneorb_rdm));
/blue/m2qm-efrc/cpbunker/GitHub/transport/transport/tddmrg/__init__.py:181: RuntimeWarning: invalid value encountered in multiply
  ents[sitei] = np.trace( -oneorb_rdm*np.log(oneorb_rdm));
/blue/m2qm-efrc/cpbunker/GitHub/transport/transport/tddmrg/__init__.py:513: RuntimeWarning: invalid value encountered in subtract
  minfo = 0.5 * (ents1[:, None] + ents1[None, :] - ents2) * (1 - np.identity(len(ents1))); # (-1) * 2013 Reiher Eq (3)
/blue/m2qm-efrc/cpbunker/GitHub/transport/transport/tddmrg/__init__.py:513: RuntimeWarning: invalid value encountered in multiply
  minfo = 0.5 * (ents1[:, None] + ents1[None, :] - ents2) * (1 - np.identity(len(ents1))); # (-1) * 2013 Reiher Eq (3)
/blue/m2qm-efrc/cpbunker/GitHub/transport/transport/tddmrg/__init__.py:181: RuntimeWarning: divide by zero encountered in log
  ents[sitei] = np.trace( -oneorb_rdm*np.log(oneorb_rdm));
/blue/m2qm-efrc/cpbunker/GitHub/transport/transport/tddmrg/__init__.py:181: RuntimeWarning: invalid value encountered in multiply
  ents[sitei] = np.trace( -oneorb_rdm*np.log(oneorb_rdm));
/blue/m2qm-efrc/cpbunker/GitHub/transport/transport/tddmrg/__init__.py:513: RuntimeWarning: invalid value encountered in subtract
  minfo = 0.5 * (ents1[:, None] + ents1[None, :] - ents2) * (1 - np.identity(len(ents1))); # (-1) * 2013 Reiher Eq (3)
/blue/m2qm-efrc/cpbunker/GitHub/transport/transport/tddmrg/__init__.py:513: RuntimeWarning: invalid value encountered in multiply
  minfo = 0.5 * (ents1[:, None] + ents1[None, :] - ents2) * (1 - np.identity(len(ents1))); # (-1) * 2013 Reiher Eq (3)
/blue/m2qm-efrc/cpbunker/GitHub/transport/transport/tddmrg/__init__.py:181: RuntimeWarning: divide by zero encountered in log
  ents[sitei] = np.trace( -oneorb_rdm*np.log(oneorb_rdm));
/blue/m2qm-efrc/cpbunker/GitHub/transport/transport/tddmrg/__init__.py:181: RuntimeWarning: invalid value encountered in multiply
  ents[sitei] = np.trace( -oneorb_rdm*np.log(oneorb_rdm));
/blue/m2qm-efrc/cpbunker/GitHub/transport/transport/tddmrg/__init__.py:513: RuntimeWarning: invalid value encountered in subtract
  minfo = 0.5 * (ents1[:, None] + ents1[None, :] - ents2) * (1 - np.identity(len(ents1))); # (-1) * 2013 Reiher Eq (3)
/blue/m2qm-efrc/cpbunker/GitHub/transport/transport/tddmrg/__init__.py:513: RuntimeWarning: invalid value encountered in multiply
  minfo = 0.5 * (ents1[:, None] + ents1[None, :] - ents2) * (1 - np.identity(len(ents1))); # (-1) * 2013 Reiher Eq (3)
/blue/m2qm-efrc/cpbunker/GitHub/transport/transport/tddmrg/__init__.py:181: RuntimeWarning: divide by zero encountered in log
  ents[sitei] = np.trace( -oneorb_rdm*np.log(oneorb_rdm));
/blue/m2qm-efrc/cpbunker/GitHub/transport/transport/tddmrg/__init__.py:181: RuntimeWarning: invalid value encountered in multiply
  ents[sitei] = np.trace( -oneorb_rdm*np.log(oneorb_rdm));
/blue/m2qm-efrc/cpbunker/GitHub/transport/transport/tddmrg/__init__.py:513: RuntimeWarning: invalid value encountered in subtract
  minfo = 0.5 * (ents1[:, None] + ents1[None, :] - ents2) * (1 - np.identity(len(ents1))); # (-1) * 2013 Reiher Eq (3)
/blue/m2qm-efrc/cpbunker/GitHub/transport/transport/tddmrg/__init__.py:513: RuntimeWarning: invalid value encountered in multiply
  minfo = 0.5 * (ents1[:, None] + ents1[None, :] - ents2) * (1 - np.identity(len(ents1))); # (-1) * 2013 Reiher Eq (3)
/blue/m2qm-efrc/cpbunker/GitHub/transport/transport/tddmrg/__init__.py:181: RuntimeWarning: divide by zero encountered in log
  ents[sitei] = np.trace( -oneorb_rdm*np.log(oneorb_rdm));
/blue/m2qm-efrc/cpbunker/GitHub/transport/transport/tddmrg/__init__.py:181: RuntimeWarning: invalid value encountered in multiply
  ents[sitei] = np.trace( -oneorb_rdm*np.log(oneorb_rdm));
/blue/m2qm-efrc/cpbunker/GitHub/transport/transport/tddmrg/__init__.py:513: RuntimeWarning: invalid value encountered in subtract
  minfo = 0.5 * (ents1[:, None] + ents1[None, :] - ents2) * (1 - np.identity(len(ents1))); # (-1) * 2013 Reiher Eq (3)
/blue/m2qm-efrc/cpbunker/GitHub/transport/transport/tddmrg/__init__.py:513: RuntimeWarning: invalid value encountered in multiply
  minfo = 0.5 * (ents1[:, None] + ents1[None, :] - ents2) * (1 - np.identity(len(ents1))); # (-1) * 2013 Reiher Eq (3)
/blue/m2qm-efrc/cpbunker/GitHub/transport/transport/tddmrg/__init__.py:181: RuntimeWarning: divide by zero encountered in log
  ents[sitei] = np.trace( -oneorb_rdm*np.log(oneorb_rdm));
/blue/m2qm-efrc/cpbunker/GitHub/transport/transport/tddmrg/__init__.py:181: RuntimeWarning: invalid value encountered in multiply
  ents[sitei] = np.trace( -oneorb_rdm*np.log(oneorb_rdm));
/blue/m2qm-efrc/cpbunker/GitHub/transport/transport/tddmrg/__init__.py:513: RuntimeWarning: invalid value encountered in subtract
  minfo = 0.5 * (ents1[:, None] + ents1[None, :] - ents2) * (1 - np.identity(len(ents1))); # (-1) * 2013 Reiher Eq (3)
/blue/m2qm-efrc/cpbunker/GitHub/transport/transport/tddmrg/__init__.py:513: RuntimeWarning: invalid value encountered in multiply
  minfo = 0.5 * (ents1[:, None] + ents1[None, :] - ents2) * (1 - np.identity(len(ents1))); # (-1) * 2013 Reiher Eq (3)
/blue/m2qm-efrc/cpbunker/GitHub/transport/transport/tddmrg/__init__.py:181: RuntimeWarning: divide by zero encountered in log
  ents[sitei] = np.trace( -oneorb_rdm*np.log(oneorb_rdm));
/blue/m2qm-efrc/cpbunker/GitHub/transport/transport/tddmrg/__init__.py:181: RuntimeWarning: invalid value encountered in multiply
  ents[sitei] = np.trace( -oneorb_rdm*np.log(oneorb_rdm));
/blue/m2qm-efrc/cpbunker/GitHub/transport/transport/tddmrg/__init__.py:513: RuntimeWarning: invalid value encountered in subtract
  minfo = 0.5 * (ents1[:, None] + ents1[None, :] - ents2) * (1 - np.identity(len(ents1))); # (-1) * 2013 Reiher Eq (3)
/blue/m2qm-efrc/cpbunker/GitHub/transport/transport/tddmrg/__init__.py:513: RuntimeWarning: invalid value encountered in multiply
  minfo = 0.5 * (ents1[:, None] + ents1[None, :] - ents2) * (1 - np.identity(len(ents1))); # (-1) * 2013 Reiher Eq (3)
/blue/m2qm-efrc/cpbunker/GitHub/transport/transport/tddmrg/__init__.py:181: RuntimeWarning: divide by zero encountered in log
  ents[sitei] = np.trace( -oneorb_rdm*np.log(oneorb_rdm));
/blue/m2qm-efrc/cpbunker/GitHub/transport/transport/tddmrg/__init__.py:181: RuntimeWarning: invalid value encountered in multiply
  ents[sitei] = np.trace( -oneorb_rdm*np.log(oneorb_rdm));
/blue/m2qm-efrc/cpbunker/GitHub/transport/transport/tddmrg/__init__.py:513: RuntimeWarning: invalid value encountered in subtract
  minfo = 0.5 * (ents1[:, None] + ents1[None, :] - ents2) * (1 - np.identity(len(ents1))); # (-1) * 2013 Reiher Eq (3)
/blue/m2qm-efrc/cpbunker/GitHub/transport/transport/tddmrg/__init__.py:513: RuntimeWarning: invalid value encountered in multiply
  minfo = 0.5 * (ents1[:, None] + ents1[None, :] - ents2) * (1 - np.identity(len(ents1))); # (-1) * 2013 Reiher Eq (3)
/blue/m2qm-efrc/cpbunker/GitHub/transport/transport/tddmrg/__init__.py:181: RuntimeWarning: divide by zero encountered in log
  ents[sitei] = np.trace( -oneorb_rdm*np.log(oneorb_rdm));
/blue/m2qm-efrc/cpbunker/GitHub/transport/transport/tddmrg/__init__.py:181: RuntimeWarning: invalid value encountered in multiply
  ents[sitei] = np.trace( -oneorb_rdm*np.log(oneorb_rdm));
/blue/m2qm-efrc/cpbunker/GitHub/transport/transport/tddmrg/__init__.py:513: RuntimeWarning: invalid value encountered in subtract
  minfo = 0.5 * (ents1[:, None] + ents1[None, :] - ents2) * (1 - np.identity(len(ents1))); # (-1) * 2013 Reiher Eq (3)
/blue/m2qm-efrc/cpbunker/GitHub/transport/transport/tddmrg/__init__.py:513: RuntimeWarning: invalid value encountered in multiply
  minfo = 0.5 * (ents1[:, None] + ents1[None, :] - ents2) * (1 - np.identity(len(ents1))); # (-1) * 2013 Reiher Eq (3)
/blue/m2qm-efrc/cpbunker/GitHub/transport/transport/tddmrg/__init__.py:181: RuntimeWarning: divide by zero encountered in log
  ents[sitei] = np.trace( -oneorb_rdm*np.log(oneorb_rdm));
/blue/m2qm-efrc/cpbunker/GitHub/transport/transport/tddmrg/__init__.py:181: RuntimeWarning: invalid value encountered in multiply
  ents[sitei] = np.trace( -oneorb_rdm*np.log(oneorb_rdm));
/blue/m2qm-efrc/cpbunker/GitHub/transport/transport/tddmrg/__init__.py:513: RuntimeWarning: invalid value encountered in subtract
  minfo = 0.5 * (ents1[:, None] + ents1[None, :] - ents2) * (1 - np.identity(len(ents1))); # (-1) * 2013 Reiher Eq (3)
/blue/m2qm-efrc/cpbunker/GitHub/transport/transport/tddmrg/__init__.py:513: RuntimeWarning: invalid value encountered in multiply
  minfo = 0.5 * (ents1[:, None] + ents1[None, :] - ents2) * (1 - np.identity(len(ents1))); # (-1) * 2013 Reiher Eq (3)
/blue/m2qm-efrc/cpbunker/GitHub/transport/transport/tddmrg/__init__.py:181: RuntimeWarning: divide by zero encountered in log
  ents[sitei] = np.trace( -oneorb_rdm*np.log(oneorb_rdm));
/blue/m2qm-efrc/cpbunker/GitHub/transport/transport/tddmrg/__init__.py:181: RuntimeWarning: invalid value encountered in multiply
  ents[sitei] = np.trace( -oneorb_rdm*np.log(oneorb_rdm));
/blue/m2qm-efrc/cpbunker/GitHub/transport/transport/tddmrg/__init__.py:513: RuntimeWarning: invalid value encountered in subtract
  minfo = 0.5 * (ents1[:, None] + ents1[None, :] - ents2) * (1 - np.identity(len(ents1))); # (-1) * 2013 Reiher Eq (3)
/blue/m2qm-efrc/cpbunker/GitHub/transport/transport/tddmrg/__init__.py:513: RuntimeWarning: invalid value encountered in multiply
  minfo = 0.5 * (ents1[:, None] + ents1[None, :] - ents2) * (1 - np.identity(len(ents1))); # (-1) * 2013 Reiher Eq (3)
/blue/m2qm-efrc/cpbunker/GitHub/transport/transport/tddmrg/__init__.py:181: RuntimeWarning: divide by zero encountered in log
  ents[sitei] = np.trace( -oneorb_rdm*np.log(oneorb_rdm));
/blue/m2qm-efrc/cpbunker/GitHub/transport/transport/tddmrg/__init__.py:181: RuntimeWarning: invalid value encountered in multiply
  ents[sitei] = np.trace( -oneorb_rdm*np.log(oneorb_rdm));
/blue/m2qm-efrc/cpbunker/GitHub/transport/transport/tddmrg/__init__.py:513: RuntimeWarning: invalid value encountered in subtract
  minfo = 0.5 * (ents1[:, None] + ents1[None, :] - ents2) * (1 - np.identity(len(ents1))); # (-1) * 2013 Reiher Eq (3)
/blue/m2qm-efrc/cpbunker/GitHub/transport/transport/tddmrg/__init__.py:513: RuntimeWarning: invalid value encountered in multiply
  minfo = 0.5 * (ents1[:, None] + ents1[None, :] - ents2) * (1 - np.identity(len(ents1))); # (-1) * 2013 Reiher Eq (3)
/blue/m2qm-efrc/cpbunker/GitHub/transport/transport/tddmrg/__init__.py:181: RuntimeWarning: divide by zero encountered in log
  ents[sitei] = np.trace( -oneorb_rdm*np.log(oneorb_rdm));
/blue/m2qm-efrc/cpbunker/GitHub/transport/transport/tddmrg/__init__.py:181: RuntimeWarning: invalid value encountered in multiply
  ents[sitei] = np.trace( -oneorb_rdm*np.log(oneorb_rdm));
/blue/m2qm-efrc/cpbunker/GitHub/transport/transport/tddmrg/__init__.py:513: RuntimeWarning: invalid value encountered in subtract
  minfo = 0.5 * (ents1[:, None] + ents1[None, :] - ents2) * (1 - np.identity(len(ents1))); # (-1) * 2013 Reiher Eq (3)
/blue/m2qm-efrc/cpbunker/GitHub/transport/transport/tddmrg/__init__.py:513: RuntimeWarning: invalid value encountered in multiply
  minfo = 0.5 * (ents1[:, None] + ents1[None, :] - ents2) * (1 - np.identity(len(ents1))); # (-1) * 2013 Reiher Eq (3)
/blue/m2qm-efrc/cpbunker/GitHub/transport/transport/tddmrg/__init__.py:181: RuntimeWarning: divide by zero encountered in log
  ents[sitei] = np.trace( -oneorb_rdm*np.log(oneorb_rdm));
/blue/m2qm-efrc/cpbunker/GitHub/transport/transport/tddmrg/__init__.py:181: RuntimeWarning: invalid value encountered in multiply
  ents[sitei] = np.trace( -oneorb_rdm*np.log(oneorb_rdm));
/blue/m2qm-efrc/cpbunker/GitHub/transport/transport/tddmrg/__init__.py:513: RuntimeWarning: invalid value encountered in subtract
  minfo = 0.5 * (ents1[:, None] + ents1[None, :] - ents2) * (1 - np.identity(len(ents1))); # (-1) * 2013 Reiher Eq (3)
/blue/m2qm-efrc/cpbunker/GitHub/transport/transport/tddmrg/__init__.py:513: RuntimeWarning: invalid value encountered in multiply
  minfo = 0.5 * (ents1[:, None] + ents1[None, :] - ents2) * (1 - np.identity(len(ents1))); # (-1) * 2013 Reiher Eq (3)
/blue/m2qm-efrc/cpbunker/GitHub/transport/transport/tddmrg/__init__.py:181: RuntimeWarning: divide by zero encountered in log
  ents[sitei] = np.trace( -oneorb_rdm*np.log(oneorb_rdm));
/blue/m2qm-efrc/cpbunker/GitHub/transport/transport/tddmrg/__init__.py:181: RuntimeWarning: invalid value encountered in multiply
  ents[sitei] = np.trace( -oneorb_rdm*np.log(oneorb_rdm));
/blue/m2qm-efrc/cpbunker/GitHub/transport/transport/tddmrg/__init__.py:513: RuntimeWarning: invalid value encountered in subtract
  minfo = 0.5 * (ents1[:, None] + ents1[None, :] - ents2) * (1 - np.identity(len(ents1))); # (-1) * 2013 Reiher Eq (3)
/blue/m2qm-efrc/cpbunker/GitHub/transport/transport/tddmrg/__init__.py:513: RuntimeWarning: invalid value encountered in multiply
  minfo = 0.5 * (ents1[:, None] + ents1[None, :] - ents2) * (1 - np.identity(len(ents1))); # (-1) * 2013 Reiher Eq (3)
/blue/m2qm-efrc/cpbunker/GitHub/transport/transport/tddmrg/__init__.py:181: RuntimeWarning: divide by zero encountered in log
  ents[sitei] = np.trace( -oneorb_rdm*np.log(oneorb_rdm));
/blue/m2qm-efrc/cpbunker/GitHub/transport/transport/tddmrg/__init__.py:181: RuntimeWarning: invalid value encountered in multiply
  ents[sitei] = np.trace( -oneorb_rdm*np.log(oneorb_rdm));
/blue/m2qm-efrc/cpbunker/GitHub/transport/transport/tddmrg/__init__.py:513: RuntimeWarning: invalid value encountered in subtract
  minfo = 0.5 * (ents1[:, None] + ents1[None, :] - ents2) * (1 - np.identity(len(ents1))); # (-1) * 2013 Reiher Eq (3)
/blue/m2qm-efrc/cpbunker/GitHub/transport/transport/tddmrg/__init__.py:513: RuntimeWarning: invalid value encountered in multiply
  minfo = 0.5 * (ents1[:, None] + ents1[None, :] - ents2) * (1 - np.identity(len(ents1))); # (-1) * 2013 Reiher Eq (3)
/blue/m2qm-efrc/cpbunker/GitHub/transport/transport/tddmrg/__init__.py:181: RuntimeWarning: divide by zero encountered in log
  ents[sitei] = np.trace( -oneorb_rdm*np.log(oneorb_rdm));
/blue/m2qm-efrc/cpbunker/GitHub/transport/transport/tddmrg/__init__.py:181: RuntimeWarning: invalid value encountered in multiply
  ents[sitei] = np.trace( -oneorb_rdm*np.log(oneorb_rdm));
/blue/m2qm-efrc/cpbunker/GitHub/transport/transport/tddmrg/__init__.py:513: RuntimeWarning: invalid value encountered in subtract
  minfo = 0.5 * (ents1[:, None] + ents1[None, :] - ents2) * (1 - np.identity(len(ents1))); # (-1) * 2013 Reiher Eq (3)
/blue/m2qm-efrc/cpbunker/GitHub/transport/transport/tddmrg/__init__.py:513: RuntimeWarning: invalid value encountered in multiply
  minfo = 0.5 * (ents1[:, None] + ents1[None, :] - ents2) * (1 - np.identity(len(ents1))); # (-1) * 2013 Reiher Eq (3)
/blue/m2qm-efrc/cpbunker/GitHub/transport/transport/tddmrg/__init__.py:181: RuntimeWarning: divide by zero encountered in log
  ents[sitei] = np.trace( -oneorb_rdm*np.log(oneorb_rdm));
/blue/m2qm-efrc/cpbunker/GitHub/transport/transport/tddmrg/__init__.py:181: RuntimeWarning: invalid value encountered in multiply
  ents[sitei] = np.trace( -oneorb_rdm*np.log(oneorb_rdm));
/blue/m2qm-efrc/cpbunker/GitHub/transport/transport/tddmrg/__init__.py:513: RuntimeWarning: invalid value encountered in subtract
  minfo = 0.5 * (ents1[:, None] + ents1[None, :] - ents2) * (1 - np.identity(len(ents1))); # (-1) * 2013 Reiher Eq (3)
/blue/m2qm-efrc/cpbunker/GitHub/transport/transport/tddmrg/__init__.py:513: RuntimeWarning: invalid value encountered in multiply
  minfo = 0.5 * (ents1[:, None] + ents1[None, :] - ents2) * (1 - np.identity(len(ents1))); # (-1) * 2013 Reiher Eq (3)
/blue/m2qm-efrc/cpbunker/GitHub/transport/transport/tddmrg/__init__.py:181: RuntimeWarning: divide by zero encountered in log
  ents[sitei] = np.trace( -oneorb_rdm*np.log(oneorb_rdm));
/blue/m2qm-efrc/cpbunker/GitHub/transport/transport/tddmrg/__init__.py:181: RuntimeWarning: invalid value encountered in multiply
  ents[sitei] = np.trace( -oneorb_rdm*np.log(oneorb_rdm));
/blue/m2qm-efrc/cpbunker/GitHub/transport/transport/tddmrg/__init__.py:513: RuntimeWarning: invalid value encountered in subtract
  minfo = 0.5 * (ents1[:, None] + ents1[None, :] - ents2) * (1 - np.identity(len(ents1))); # (-1) * 2013 Reiher Eq (3)
/blue/m2qm-efrc/cpbunker/GitHub/transport/transport/tddmrg/__init__.py:513: RuntimeWarning: invalid value encountered in multiply
  minfo = 0.5 * (ents1[:, None] + ents1[None, :] - ents2) * (1 - np.identity(len(ents1))); # (-1) * 2013 Reiher Eq (3)
/blue/m2qm-efrc/cpbunker/GitHub/transport/transport/tddmrg/__init__.py:181: RuntimeWarning: divide by zero encountered in log
  ents[sitei] = np.trace( -oneorb_rdm*np.log(oneorb_rdm));
/blue/m2qm-efrc/cpbunker/GitHub/transport/transport/tddmrg/__init__.py:181: RuntimeWarning: invalid value encountered in multiply
  ents[sitei] = np.trace( -oneorb_rdm*np.log(oneorb_rdm));
/blue/m2qm-efrc/cpbunker/GitHub/transport/transport/tddmrg/__init__.py:513: RuntimeWarning: invalid value encountered in subtract
  minfo = 0.5 * (ents1[:, None] + ents1[None, :] - ents2) * (1 - np.identity(len(ents1))); # (-1) * 2013 Reiher Eq (3)
/blue/m2qm-efrc/cpbunker/GitHub/transport/transport/tddmrg/__init__.py:513: RuntimeWarning: invalid value encountered in multiply
  minfo = 0.5 * (ents1[:, None] + ents1[None, :] - ents2) * (1 - np.identity(len(ents1))); # (-1) * 2013 Reiher Eq (3)
/blue/m2qm-efrc/cpbunker/GitHub/transport/transport/tddmrg/__init__.py:181: RuntimeWarning: divide by zero encountered in log
  ents[sitei] = np.trace( -oneorb_rdm*np.log(oneorb_rdm));
/blue/m2qm-efrc/cpbunker/GitHub/transport/transport/tddmrg/__init__.py:181: RuntimeWarning: invalid value encountered in multiply
  ents[sitei] = np.trace( -oneorb_rdm*np.log(oneorb_rdm));
/blue/m2qm-efrc/cpbunker/GitHub/transport/transport/tddmrg/__init__.py:513: RuntimeWarning: invalid value encountered in subtract
  minfo = 0.5 * (ents1[:, None] + ents1[None, :] - ents2) * (1 - np.identity(len(ents1))); # (-1) * 2013 Reiher Eq (3)
/blue/m2qm-efrc/cpbunker/GitHub/transport/transport/tddmrg/__init__.py:513: RuntimeWarning: invalid value encountered in multiply
  minfo = 0.5 * (ents1[:, None] + ents1[None, :] - ents2) * (1 - np.identity(len(ents1))); # (-1) * 2013 Reiher Eq (3)
/blue/m2qm-efrc/cpbunker/GitHub/transport/transport/tddmrg/__init__.py:181: RuntimeWarning: divide by zero encountered in log
  ents[sitei] = np.trace( -oneorb_rdm*np.log(oneorb_rdm));
/blue/m2qm-efrc/cpbunker/GitHub/transport/transport/tddmrg/__init__.py:181: RuntimeWarning: invalid value encountered in multiply
  ents[sitei] = np.trace( -oneorb_rdm*np.log(oneorb_rdm));
/blue/m2qm-efrc/cpbunker/GitHub/transport/transport/tddmrg/__init__.py:513: RuntimeWarning: invalid value encountered in subtract
  minfo = 0.5 * (ents1[:, None] + ents1[None, :] - ents2) * (1 - np.identity(len(ents1))); # (-1) * 2013 Reiher Eq (3)
/blue/m2qm-efrc/cpbunker/GitHub/transport/transport/tddmrg/__init__.py:513: RuntimeWarning: invalid value encountered in multiply
  minfo = 0.5 * (ents1[:, None] + ents1[None, :] - ents2) * (1 - np.identity(len(ents1))); # (-1) * 2013 Reiher Eq (3)
/blue/m2qm-efrc/cpbunker/GitHub/transport/transport/tddmrg/__init__.py:181: RuntimeWarning: divide by zero encountered in log
  ents[sitei] = np.trace( -oneorb_rdm*np.log(oneorb_rdm));
/blue/m2qm-efrc/cpbunker/GitHub/transport/transport/tddmrg/__init__.py:181: RuntimeWarning: invalid value encountered in multiply
  ents[sitei] = np.trace( -oneorb_rdm*np.log(oneorb_rdm));
/blue/m2qm-efrc/cpbunker/GitHub/transport/transport/tddmrg/__init__.py:513: RuntimeWarning: invalid value encountered in subtract
  minfo = 0.5 * (ents1[:, None] + ents1[None, :] - ents2) * (1 - np.identity(len(ents1))); # (-1) * 2013 Reiher Eq (3)
/blue/m2qm-efrc/cpbunker/GitHub/transport/transport/tddmrg/__init__.py:513: RuntimeWarning: invalid value encountered in multiply
  minfo = 0.5 * (ents1[:, None] + ents1[None, :] - ents2) * (1 - np.identity(len(ents1))); # (-1) * 2013 Reiher Eq (3)
/blue/m2qm-efrc/cpbunker/GitHub/transport/transport/tddmrg/__init__.py:181: RuntimeWarning: divide by zero encountered in log
  ents[sitei] = np.trace( -oneorb_rdm*np.log(oneorb_rdm));
/blue/m2qm-efrc/cpbunker/GitHub/transport/transport/tddmrg/__init__.py:181: RuntimeWarning: invalid value encountered in multiply
  ents[sitei] = np.trace( -oneorb_rdm*np.log(oneorb_rdm));
/blue/m2qm-efrc/cpbunker/GitHub/transport/transport/tddmrg/__init__.py:513: RuntimeWarning: invalid value encountered in subtract
  minfo = 0.5 * (ents1[:, None] + ents1[None, :] - ents2) * (1 - np.identity(len(ents1))); # (-1) * 2013 Reiher Eq (3)
/blue/m2qm-efrc/cpbunker/GitHub/transport/transport/tddmrg/__init__.py:513: RuntimeWarning: invalid value encountered in multiply
  minfo = 0.5 * (ents1[:, None] + ents1[None, :] - ents2) * (1 - np.identity(len(ents1))); # (-1) * 2013 Reiher Eq (3)
/blue/m2qm-efrc/cpbunker/GitHub/transport/transport/tddmrg/__init__.py:181: RuntimeWarning: divide by zero encountered in log
  ents[sitei] = np.trace( -oneorb_rdm*np.log(oneorb_rdm));
/blue/m2qm-efrc/cpbunker/GitHub/transport/transport/tddmrg/__init__.py:181: RuntimeWarning: invalid value encountered in multiply
  ents[sitei] = np.trace( -oneorb_rdm*np.log(oneorb_rdm));
/blue/m2qm-efrc/cpbunker/GitHub/transport/transport/tddmrg/__init__.py:513: RuntimeWarning: invalid value encountered in subtract
  minfo = 0.5 * (ents1[:, None] + ents1[None, :] - ents2) * (1 - np.identity(len(ents1))); # (-1) * 2013 Reiher Eq (3)
/blue/m2qm-efrc/cpbunker/GitHub/transport/transport/tddmrg/__init__.py:513: RuntimeWarning: invalid value encountered in multiply
  minfo = 0.5 * (ents1[:, None] + ents1[None, :] - ents2) * (1 - np.identity(len(ents1))); # (-1) * 2013 Reiher Eq (3)
/blue/m2qm-efrc/cpbunker/GitHub/transport/transport/tddmrg/__init__.py:181: RuntimeWarning: divide by zero encountered in log
  ents[sitei] = np.trace( -oneorb_rdm*np.log(oneorb_rdm));
/blue/m2qm-efrc/cpbunker/GitHub/transport/transport/tddmrg/__init__.py:181: RuntimeWarning: invalid value encountered in multiply
  ents[sitei] = np.trace( -oneorb_rdm*np.log(oneorb_rdm));
/blue/m2qm-efrc/cpbunker/GitHub/transport/transport/tddmrg/__init__.py:513: RuntimeWarning: invalid value encountered in subtract
  minfo = 0.5 * (ents1[:, None] + ents1[None, :] - ents2) * (1 - np.identity(len(ents1))); # (-1) * 2013 Reiher Eq (3)
/blue/m2qm-efrc/cpbunker/GitHub/transport/transport/tddmrg/__init__.py:513: RuntimeWarning: invalid value encountered in multiply
  minfo = 0.5 * (ents1[:, None] + ents1[None, :] - ents2) * (1 - np.identity(len(ents1))); # (-1) * 2013 Reiher Eq (3)
/blue/m2qm-efrc/cpbunker/GitHub/transport/transport/tddmrg/__init__.py:181: RuntimeWarning: divide by zero encountered in log
  ents[sitei] = np.trace( -oneorb_rdm*np.log(oneorb_rdm));
/blue/m2qm-efrc/cpbunker/GitHub/transport/transport/tddmrg/__init__.py:181: RuntimeWarning: invalid value encountered in multiply
  ents[sitei] = np.trace( -oneorb_rdm*np.log(oneorb_rdm));
/blue/m2qm-efrc/cpbunker/GitHub/transport/transport/tddmrg/__init__.py:513: RuntimeWarning: invalid value encountered in subtract
  minfo = 0.5 * (ents1[:, None] + ents1[None, :] - ents2) * (1 - np.identity(len(ents1))); # (-1) * 2013 Reiher Eq (3)
/blue/m2qm-efrc/cpbunker/GitHub/transport/transport/tddmrg/__init__.py:513: RuntimeWarning: invalid value encountered in multiply
  minfo = 0.5 * (ents1[:, None] + ents1[None, :] - ents2) * (1 - np.identity(len(ents1))); # (-1) * 2013 Reiher Eq (3)
/blue/m2qm-efrc/cpbunker/GitHub/transport/transport/tddmrg/__init__.py:181: RuntimeWarning: divide by zero encountered in log
  ents[sitei] = np.trace( -oneorb_rdm*np.log(oneorb_rdm));
/blue/m2qm-efrc/cpbunker/GitHub/transport/transport/tddmrg/__init__.py:181: RuntimeWarning: invalid value encountered in multiply
  ents[sitei] = np.trace( -oneorb_rdm*np.log(oneorb_rdm));
/blue/m2qm-efrc/cpbunker/GitHub/transport/transport/tddmrg/__init__.py:513: RuntimeWarning: invalid value encountered in subtract
  minfo = 0.5 * (ents1[:, None] + ents1[None, :] - ents2) * (1 - np.identity(len(ents1))); # (-1) * 2013 Reiher Eq (3)
/blue/m2qm-efrc/cpbunker/GitHub/transport/transport/tddmrg/__init__.py:513: RuntimeWarning: invalid value encountered in multiply
  minfo = 0.5 * (ents1[:, None] + ents1[None, :] - ents2) * (1 - np.identity(len(ents1))); # (-1) * 2013 Reiher Eq (3)
/blue/m2qm-efrc/cpbunker/GitHub/transport/transport/tddmrg/__init__.py:181: RuntimeWarning: divide by zero encountered in log
  ents[sitei] = np.trace( -oneorb_rdm*np.log(oneorb_rdm));
/blue/m2qm-efrc/cpbunker/GitHub/transport/transport/tddmrg/__init__.py:181: RuntimeWarning: invalid value encountered in multiply
  ents[sitei] = np.trace( -oneorb_rdm*np.log(oneorb_rdm));
/blue/m2qm-efrc/cpbunker/GitHub/transport/transport/tddmrg/__init__.py:513: RuntimeWarning: invalid value encountered in subtract
  minfo = 0.5 * (ents1[:, None] + ents1[None, :] - ents2) * (1 - np.identity(len(ents1))); # (-1) * 2013 Reiher Eq (3)
/blue/m2qm-efrc/cpbunker/GitHub/transport/transport/tddmrg/__init__.py:513: RuntimeWarning: invalid value encountered in multiply
  minfo = 0.5 * (ents1[:, None] + ents1[None, :] - ents2) * (1 - np.identity(len(ents1))); # (-1) * 2013 Reiher Eq (3)
/blue/m2qm-efrc/cpbunker/GitHub/transport/transport/tddmrg/__init__.py:181: RuntimeWarning: divide by zero encountered in log
  ents[sitei] = np.trace( -oneorb_rdm*np.log(oneorb_rdm));
/blue/m2qm-efrc/cpbunker/GitHub/transport/transport/tddmrg/__init__.py:181: RuntimeWarning: invalid value encountered in multiply
  ents[sitei] = np.trace( -oneorb_rdm*np.log(oneorb_rdm));
/blue/m2qm-efrc/cpbunker/GitHub/transport/transport/tddmrg/__init__.py:513: RuntimeWarning: invalid value encountered in subtract
  minfo = 0.5 * (ents1[:, None] + ents1[None, :] - ents2) * (1 - np.identity(len(ents1))); # (-1) * 2013 Reiher Eq (3)
/blue/m2qm-efrc/cpbunker/GitHub/transport/transport/tddmrg/__init__.py:513: RuntimeWarning: invalid value encountered in multiply
  minfo = 0.5 * (ents1[:, None] + ents1[None, :] - ents2) * (1 - np.identity(len(ents1))); # (-1) * 2013 Reiher Eq (3)


START TIME EVOLUTION (te_type = tdvp)

 ************************************************** 


	 driver.mpi =  None
	 global threads = 4

>>>> Evol CPU time = 238.0 min


Time = 4.00
Total energy = -17.022394-0.000000j
WF norm = 1.000000+0.000000j
<Sz d=30> = -0.485450+0.000000j
<Sz d=31> = -0.493419+0.000000j
<(S1+S2)^2> = 1.991651
1 + cos(phi)= 2.000000
ents2[31,30] = 0.1093974099
MI[30,31] = 0.003107 (max = 0.693147)
occ_ 
js =  [0, 1, 2, 3, 4, 5, 6, 7, 8, 9, 10, 11, 12, 13, 14, 15, 16, 17, 18, 19, 20, 21, 22, 23, 24, 25, 26, 27, 28, 29, 30, 31, 32, 33, 34, 35, 36, 37, 38, 39, 40, 41, 42, 43, 44, 45, 46, 47, 48, 49, 50, 51, 52, 53, 54, 55, 56, 57, 58, 59, 60, 61]
Total <occ_> = 10.000000
sz_ 
js =  [0, 1, 2, 3, 4, 5, 6, 7, 8, 9, 10, 11, 12, 13, 14, 15, 16, 17, 18, 19, 20, 21, 22, 23, 24, 25, 26, 27, 28, 29, 30, 31, 32, 33, 34, 35, 36, 37, 38, 39, 40, 41, 42, 43, 44, 45, 46, 47, 48, 49, 50, 51, 52, 53, 54, 55, 56, 57, 58, 59, 60, 61]
Total <sz_> = -0.021131
Sdz_ 
js =  [30, 31]
Total <Sdz_> = -0.978869
J_ 
js =  [30, 31, 30, 31, 32, 33]
Total <J_> = 0.260844
MI_ 
js =  [30, 31]
ents2[31,30] = 0.1093974099
Total <MI_> = nan

>>>> Observables CPU time = 7.7 min


>>>> Evol CPU time = 211.0 min


Time = 8.00
Total energy = -17.022394+0.000000j
WF norm = 1.000000+0.000000j
<Sz d=30> = -0.443935+0.000000j
<Sz d=31> = -0.471688-0.000000j
<(S1+S2)^2> = 1.975090
1 + cos(phi)= 2.000000
ents2[31,30] = 0.3077131621
MI[30,31] = 0.018555 (max = 0.693147)
occ_ 
js =  [0, 1, 2, 3, 4, 5, 6, 7, 8, 9, 10, 11, 12, 13, 14, 15, 16, 17, 18, 19, 20, 21, 22, 23, 24, 25, 26, 27, 28, 29, 30, 31, 32, 33, 34, 35, 36, 37, 38, 39, 40, 41, 42, 43, 44, 45, 46, 47, 48, 49, 50, 51, 52, 53, 54, 55, 56, 57, 58, 59, 60, 61]
Total <occ_> = 10.000000
sz_ 
js =  [0, 1, 2, 3, 4, 5, 6, 7, 8, 9, 10, 11, 12, 13, 14, 15, 16, 17, 18, 19, 20, 21, 22, 23, 24, 25, 26, 27, 28, 29, 30, 31, 32, 33, 34, 35, 36, 37, 38, 39, 40, 41, 42, 43, 44, 45, 46, 47, 48, 49, 50, 51, 52, 53, 54, 55, 56, 57, 58, 59, 60, 61]
Total <sz_> = -0.084377
Sdz_ 
js =  [30, 31]
Total <Sdz_> = -0.915623
J_ 
js =  [30, 31, 30, 31, 32, 33]
Total <J_> = 0.368103
MI_ 
js =  [30, 31]
ents2[31,30] = 0.3077131621
Total <MI_> = nan

>>>> Observables CPU time = 8.8 min


>>>> Evol CPU time = 220.4 min


Time = 12.00
Total energy = -17.022394-0.000000j
WF norm = 1.000000+0.000000j
<Sz d=30> = -0.394760+0.000000j
<Sz d=31> = -0.442441-0.000000j
<(S1+S2)^2> = 1.953529
1 + cos(phi)= 2.000000
ents2[31,30] = 0.4770745054
MI[30,31] = 0.039784 (max = 0.693147)
occ_ 
js =  [0, 1, 2, 3, 4, 5, 6, 7, 8, 9, 10, 11, 12, 13, 14, 15, 16, 17, 18, 19, 20, 21, 22, 23, 24, 25, 26, 27, 28, 29, 30, 31, 32, 33, 34, 35, 36, 37, 38, 39, 40, 41, 42, 43, 44, 45, 46, 47, 48, 49, 50, 51, 52, 53, 54, 55, 56, 57, 58, 59, 60, 61]
Total <occ_> = 10.000000
sz_ 
js =  [0, 1, 2, 3, 4, 5, 6, 7, 8, 9, 10, 11, 12, 13, 14, 15, 16, 17, 18, 19, 20, 21, 22, 23, 24, 25, 26, 27, 28, 29, 30, 31, 32, 33, 34, 35, 36, 37, 38, 39, 40, 41, 42, 43, 44, 45, 46, 47, 48, 49, 50, 51, 52, 53, 54, 55, 56, 57, 58, 59, 60, 61]
Total <sz_> = -0.162798
Sdz_ 
js =  [30, 31]
Total <Sdz_> = -0.837202
J_ 
js =  [30, 31, 30, 31, 32, 33]
Total <J_> = 0.343701
MI_ 
js =  [30, 31]
ents2[31,30] = 0.4770745054
Total <MI_> = nan

>>>> Observables CPU time = 7.3 min


>>>> Evol CPU time = 217.4 min


Time = 16.00
Total energy = -17.022396+0.000000j
WF norm = 0.999998-0.000000j
<Sz d=30> = -0.349072-0.000000j
<Sz d=31> = -0.418917-0.000000j
<(S1+S2)^2> = 1.928480
1 + cos(phi)= 2.000000
ents2[31,30] = 0.5906056465
MI[30,31] = 0.057558 (max = 0.693147)
occ_ 
js =  [0, 1, 2, 3, 4, 5, 6, 7, 8, 9, 10, 11, 12, 13, 14, 15, 16, 17, 18, 19, 20, 21, 22, 23, 24, 25, 26, 27, 28, 29, 30, 31, 32, 33, 34, 35, 36, 37, 38, 39, 40, 41, 42, 43, 44, 45, 46, 47, 48, 49, 50, 51, 52, 53, 54, 55, 56, 57, 58, 59, 60, 61]
Total <occ_> = 10.000000
sz_ 
js =  [0, 1, 2, 3, 4, 5, 6, 7, 8, 9, 10, 11, 12, 13, 14, 15, 16, 17, 18, 19, 20, 21, 22, 23, 24, 25, 26, 27, 28, 29, 30, 31, 32, 33, 34, 35, 36, 37, 38, 39, 40, 41, 42, 43, 44, 45, 46, 47, 48, 49, 50, 51, 52, 53, 54, 55, 56, 57, 58, 59, 60, 61]
Total <sz_> = -0.232011
Sdz_ 
js =  [30, 31]
Total <Sdz_> = -0.767989
J_ 
js =  [30, 31, 30, 31, 32, 33]
Total <J_> = 0.264926
MI_ 
js =  [30, 31]
ents2[31,30] = 0.5906056465
Total <MI_> = nan

>>>> Observables CPU time = 7.4 min


>>>> Evol CPU time = 217.0 min


Time = 20.00
Total energy = -17.022401+0.000000j
WF norm = 0.999993-0.000000j
<Sz d=30> = -0.310723-0.000000j
<Sz d=31> = -0.401480-0.000000j
<(S1+S2)^2> = 1.903230
1 + cos(phi)= 2.000000
ents2[31,30] = 0.6711584130
MI[30,31] = 0.067916 (max = 0.693147)
occ_ 
js =  [0, 1, 2, 3, 4, 5, 6, 7, 8, 9, 10, 11, 12, 13, 14, 15, 16, 17, 18, 19, 20, 21, 22, 23, 24, 25, 26, 27, 28, 29, 30, 31, 32, 33, 34, 35, 36, 37, 38, 39, 40, 41, 42, 43, 44, 45, 46, 47, 48, 49, 50, 51, 52, 53, 54, 55, 56, 57, 58, 59, 60, 61]
Total <occ_> = 10.000000
sz_ 
js =  [0, 1, 2, 3, 4, 5, 6, 7, 8, 9, 10, 11, 12, 13, 14, 15, 16, 17, 18, 19, 20, 21, 22, 23, 24, 25, 26, 27, 28, 29, 30, 31, 32, 33, 34, 35, 36, 37, 38, 39, 40, 41, 42, 43, 44, 45, 46, 47, 48, 49, 50, 51, 52, 53, 54, 55, 56, 57, 58, 59, 60, 61]
Total <sz_> = -0.287797
Sdz_ 
js =  [30, 31]
Total <Sdz_> = -0.712203
J_ 
js =  [30, 31, 30, 31, 32, 33]
Total <J_> = 0.231981
MI_ 
js =  [30, 31]
ents2[31,30] = 0.6711584130
Total <MI_> = nan

>>>> Observables CPU time = 7.2 min


>>>> Evol CPU time = 204.8 min


Time = 24.00
Total energy = -17.022411+0.000000j
WF norm = 0.999980-0.000000j
<Sz d=30> = -0.280706-0.000000j
<Sz d=31> = -0.386482-0.000000j
<(S1+S2)^2> = 1.880781
1 + cos(phi)= 2.000000
ents2[31,30] = 0.7381852919
MI[30,31] = 0.070818 (max = 0.693147)
occ_ 
js =  [0, 1, 2, 3, 4, 5, 6, 7, 8, 9, 10, 11, 12, 13, 14, 15, 16, 17, 18, 19, 20, 21, 22, 23, 24, 25, 26, 27, 28, 29, 30, 31, 32, 33, 34, 35, 36, 37, 38, 39, 40, 41, 42, 43, 44, 45, 46, 47, 48, 49, 50, 51, 52, 53, 54, 55, 56, 57, 58, 59, 60, 61]
Total <occ_> = 10.000000
sz_ 
js =  [0, 1, 2, 3, 4, 5, 6, 7, 8, 9, 10, 11, 12, 13, 14, 15, 16, 17, 18, 19, 20, 21, 22, 23, 24, 25, 26, 27, 28, 29, 30, 31, 32, 33, 34, 35, 36, 37, 38, 39, 40, 41, 42, 43, 44, 45, 46, 47, 48, 49, 50, 51, 52, 53, 54, 55, 56, 57, 58, 59, 60, 61]
Total <sz_> = -0.332812
Sdz_ 
js =  [30, 31]
Total <Sdz_> = -0.667188
J_ 
js =  [30, 31, 30, 31, 32, 33]
Total <J_> = 0.249663
MI_ 
js =  [30, 31]
ents2[31,30] = 0.7381852919
Total <MI_> = nan

>>>> Observables CPU time = 7.0 min


>>>> Evol CPU time = 206.6 min


Time = 28.00
Total energy = -17.022431+0.000000j
WF norm = 0.999947-0.000000j
<Sz d=30> = -0.260516-0.000000j
<Sz d=31> = -0.370943+0.000000j
<(S1+S2)^2> = 1.860211
1 + cos(phi)= 2.000000
ents2[31,30] = 0.7981755732
MI[30,31] = 0.068449 (max = 0.693147)
occ_ 
js =  [0, 1, 2, 3, 4, 5, 6, 7, 8, 9, 10, 11, 12, 13, 14, 15, 16, 17, 18, 19, 20, 21, 22, 23, 24, 25, 26, 27, 28, 29, 30, 31, 32, 33, 34, 35, 36, 37, 38, 39, 40, 41, 42, 43, 44, 45, 46, 47, 48, 49, 50, 51, 52, 53, 54, 55, 56, 57, 58, 59, 60, 61]
Total <occ_> = 10.000000
sz_ 
js =  [0, 1, 2, 3, 4, 5, 6, 7, 8, 9, 10, 11, 12, 13, 14, 15, 16, 17, 18, 19, 20, 21, 22, 23, 24, 25, 26, 27, 28, 29, 30, 31, 32, 33, 34, 35, 36, 37, 38, 39, 40, 41, 42, 43, 44, 45, 46, 47, 48, 49, 50, 51, 52, 53, 54, 55, 56, 57, 58, 59, 60, 61]
Total <sz_> = -0.368541
Sdz_ 
js =  [30, 31]
Total <Sdz_> = -0.631459
J_ 
js =  [30, 31, 30, 31, 32, 33]
Total <J_> = 0.264894
MI_ 
js =  [30, 31]
ents2[31,30] = 0.7981755732
Total <MI_> = nan

>>>> Observables CPU time = 7.0 min


>>>> Evol CPU time = 207.5 min


Time = 32.00
Total energy = -17.022469-0.000000j
WF norm = 0.999873-0.000000j
<Sz d=30> = -0.247786-0.000000j
<Sz d=31> = -0.355920-0.000000j
<(S1+S2)^2> = 1.841842
1 + cos(phi)= 2.000000
ents2[31,30] = 0.8521224187
MI[30,31] = 0.062466 (max = 0.693147)
occ_ 
js =  [0, 1, 2, 3, 4, 5, 6, 7, 8, 9, 10, 11, 12, 13, 14, 15, 16, 17, 18, 19, 20, 21, 22, 23, 24, 25, 26, 27, 28, 29, 30, 31, 32, 33, 34, 35, 36, 37, 38, 39, 40, 41, 42, 43, 44, 45, 46, 47, 48, 49, 50, 51, 52, 53, 54, 55, 56, 57, 58, 59, 60, 61]
Total <occ_> = 10.000000
sz_ 
js =  [0, 1, 2, 3, 4, 5, 6, 7, 8, 9, 10, 11, 12, 13, 14, 15, 16, 17, 18, 19, 20, 21, 22, 23, 24, 25, 26, 27, 28, 29, 30, 31, 32, 33, 34, 35, 36, 37, 38, 39, 40, 41, 42, 43, 44, 45, 46, 47, 48, 49, 50, 51, 52, 53, 54, 55, 56, 57, 58, 59, 60, 61]
Total <sz_> = -0.396294
Sdz_ 
js =  [30, 31]
Total <Sdz_> = -0.603706
J_ 
js =  [30, 31, 30, 31, 32, 33]
Total <J_> = 0.259245
MI_ 
js =  [30, 31]
ents2[31,30] = 0.8521224187
Total <MI_> = nan

>>>> Observables CPU time = 7.3 min


>>>> Evol CPU time = 206.7 min


Time = 36.00
Total energy = -17.022536-0.000000j
WF norm = 0.999719-0.000000j
<Sz d=30> = -0.237078+0.000000j
<Sz d=31> = -0.341006-0.000000j
<(S1+S2)^2> = 1.823184
1 + cos(phi)= 2.000000
ents2[31,30] = 0.9028701296
MI[30,31] = 0.055609 (max = 0.693147)
occ_ 
js =  [0, 1, 2, 3, 4, 5, 6, 7, 8, 9, 10, 11, 12, 13, 14, 15, 16, 17, 18, 19, 20, 21, 22, 23, 24, 25, 26, 27, 28, 29, 30, 31, 32, 33, 34, 35, 36, 37, 38, 39, 40, 41, 42, 43, 44, 45, 46, 47, 48, 49, 50, 51, 52, 53, 54, 55, 56, 57, 58, 59, 60, 61]
Total <occ_> = 10.000000
sz_ 
js =  [0, 1, 2, 3, 4, 5, 6, 7, 8, 9, 10, 11, 12, 13, 14, 15, 16, 17, 18, 19, 20, 21, 22, 23, 24, 25, 26, 27, 28, 29, 30, 31, 32, 33, 34, 35, 36, 37, 38, 39, 40, 41, 42, 43, 44, 45, 46, 47, 48, 49, 50, 51, 52, 53, 54, 55, 56, 57, 58, 59, 60, 61]
Total <sz_> = -0.421915
Sdz_ 
js =  [30, 31]
Total <Sdz_> = -0.578085
J_ 
js =  [30, 31, 30, 31, 32, 33]
Total <J_> = 0.236703
MI_ 
js =  [30, 31]
ents2[31,30] = 0.9028701296
Total <MI_> = nan

>>>> Observables CPU time = 7.5 min


>>>> Evol CPU time = 215.8 min


Time = 40.00
Total energy = -17.022660+0.000000j
WF norm = 0.999429-0.000000j
<Sz d=30> = -0.225217-0.000000j
<Sz d=31> = -0.324922-0.000000j
<(S1+S2)^2> = 1.804941
1 + cos(phi)= 2.000000
ents2[31,30] = 0.9538011386
MI[30,31] = 0.049002 (max = 0.693147)
occ_ 
js =  [0, 1, 2, 3, 4, 5, 6, 7, 8, 9, 10, 11, 12, 13, 14, 15, 16, 17, 18, 19, 20, 21, 22, 23, 24, 25, 26, 27, 28, 29, 30, 31, 32, 33, 34, 35, 36, 37, 38, 39, 40, 41, 42, 43, 44, 45, 46, 47, 48, 49, 50, 51, 52, 53, 54, 55, 56, 57, 58, 59, 60, 61]
Total <occ_> = 10.000000
sz_ 
js =  [0, 1, 2, 3, 4, 5, 6, 7, 8, 9, 10, 11, 12, 13, 14, 15, 16, 17, 18, 19, 20, 21, 22, 23, 24, 25, 26, 27, 28, 29, 30, 31, 32, 33, 34, 35, 36, 37, 38, 39, 40, 41, 42, 43, 44, 45, 46, 47, 48, 49, 50, 51, 52, 53, 54, 55, 56, 57, 58, 59, 60, 61]
Total <sz_> = -0.449860
Sdz_ 
js =  [30, 31]
Total <Sdz_> = -0.550140
J_ 
js =  [30, 31, 30, 31, 32, 33]
Total <J_> = 0.247771
MI_ 
js =  [30, 31]
ents2[31,30] = 0.9538011386
Total <MI_> = nan

>>>> Observables CPU time = 7.2 min


>>>> Evol CPU time = 216.4 min


Time = 44.00
Total energy = -17.022888-0.000000j
WF norm = 0.998931-0.000000j
<Sz d=30> = -0.213765+0.000000j
<Sz d=31> = -0.307782-0.000000j
<(S1+S2)^2> = 1.787652
1 + cos(phi)= 2.000000
ents2[31,30] = 1.0013683506
MI[30,31] = 0.043400 (max = 0.693147)
occ_ 
js =  [0, 1, 2, 3, 4, 5, 6, 7, 8, 9, 10, 11, 12, 13, 14, 15, 16, 17, 18, 19, 20, 21, 22, 23, 24, 25, 26, 27, 28, 29, 30, 31, 32, 33, 34, 35, 36, 37, 38, 39, 40, 41, 42, 43, 44, 45, 46, 47, 48, 49, 50, 51, 52, 53, 54, 55, 56, 57, 58, 59, 60, 61]
Total <occ_> = 10.000000
sz_ 
js =  [0, 1, 2, 3, 4, 5, 6, 7, 8, 9, 10, 11, 12, 13, 14, 15, 16, 17, 18, 19, 20, 21, 22, 23, 24, 25, 26, 27, 28, 29, 30, 31, 32, 33, 34, 35, 36, 37, 38, 39, 40, 41, 42, 43, 44, 45, 46, 47, 48, 49, 50, 51, 52, 53, 54, 55, 56, 57, 58, 59, 60, 61]
Total <sz_> = -0.478453
Sdz_ 
js =  [30, 31]
Total <Sdz_> = -0.521547
J_ 
js =  [30, 31, 30, 31, 32, 33]
Total <J_> = 0.219270
MI_ 
js =  [30, 31]
ents2[31,30] = 1.0013683506
Total <MI_> = nan

>>>> Observables CPU time = 7.3 min


>>>> Evol CPU time = 214.7 min


Time = 48.00
Total energy = -17.023257+0.000000j
WF norm = 0.998090-0.000000j
<Sz d=30> = -0.206466-0.000000j
<Sz d=31> = -0.290560-0.000000j
<(S1+S2)^2> = 1.770685
1 + cos(phi)= 2.000000
ents2[31,30] = 1.0425017535
MI[30,31] = 0.037998 (max = 0.693147)
occ_ 
js =  [0, 1, 2, 3, 4, 5, 6, 7, 8, 9, 10, 11, 12, 13, 14, 15, 16, 17, 18, 19, 20, 21, 22, 23, 24, 25, 26, 27, 28, 29, 30, 31, 32, 33, 34, 35, 36, 37, 38, 39, 40, 41, 42, 43, 44, 45, 46, 47, 48, 49, 50, 51, 52, 53, 54, 55, 56, 57, 58, 59, 60, 61]
Total <occ_> = 10.000000
sz_ 
js =  [0, 1, 2, 3, 4, 5, 6, 7, 8, 9, 10, 11, 12, 13, 14, 15, 16, 17, 18, 19, 20, 21, 22, 23, 24, 25, 26, 27, 28, 29, 30, 31, 32, 33, 34, 35, 36, 37, 38, 39, 40, 41, 42, 43, 44, 45, 46, 47, 48, 49, 50, 51, 52, 53, 54, 55, 56, 57, 58, 59, 60, 61]
Total <sz_> = -0.502973
Sdz_ 
js =  [30, 31]
Total <Sdz_> = -0.497027
J_ 
js =  [30, 31, 30, 31, 32, 33]
Total <J_> = 0.296718
MI_ 
js =  [30, 31]
ents2[31,30] = 1.0425017535
Total <MI_> = nan

>>>> Observables CPU time = 7.4 min


>>>> Evol CPU time = 215.4 min


Time = 52.00
Total energy = -17.023793+0.000000j
WF norm = 0.996714-0.000000j
<Sz d=30> = -0.198509-0.000000j
<Sz d=31> = -0.272424-0.000000j
<(S1+S2)^2> = 1.753675
1 + cos(phi)= 2.000000
ents2[31,30] = 1.0834074776
MI[30,31] = 0.032523 (max = 0.693147)
occ_ 
js =  [0, 1, 2, 3, 4, 5, 6, 7, 8, 9, 10, 11, 12, 13, 14, 15, 16, 17, 18, 19, 20, 21, 22, 23, 24, 25, 26, 27, 28, 29, 30, 31, 32, 33, 34, 35, 36, 37, 38, 39, 40, 41, 42, 43, 44, 45, 46, 47, 48, 49, 50, 51, 52, 53, 54, 55, 56, 57, 58, 59, 60, 61]
Total <occ_> = 10.000000
sz_ 
js =  [0, 1, 2, 3, 4, 5, 6, 7, 8, 9, 10, 11, 12, 13, 14, 15, 16, 17, 18, 19, 20, 21, 22, 23, 24, 25, 26, 27, 28, 29, 30, 31, 32, 33, 34, 35, 36, 37, 38, 39, 40, 41, 42, 43, 44, 45, 46, 47, 48, 49, 50, 51, 52, 53, 54, 55, 56, 57, 58, 59, 60, 61]
Total <sz_> = -0.529067
Sdz_ 
js =  [30, 31]
Total <Sdz_> = -0.470933
J_ 
js =  [30, 31, 30, 31, 32, 33]
Total <J_> = 0.270216
MI_ 
js =  [30, 31]
ents2[31,30] = 1.0834074776
Total <MI_> = nan

>>>> Observables CPU time = 7.3 min


>>>> Evol CPU time = 216.6 min


Time = 56.00
Total energy = -17.024582+0.000000j
WF norm = 0.994543-0.000000j
<Sz d=30> = -0.193714+0.000000j
<Sz d=31> = -0.257992-0.000000j
<(S1+S2)^2> = 1.737900
1 + cos(phi)= 2.000000
ents2[31,30] = 1.1163702057
MI[30,31] = 0.026555 (max = 0.693147)
occ_ 
js =  [0, 1, 2, 3, 4, 5, 6, 7, 8, 9, 10, 11, 12, 13, 14, 15, 16, 17, 18, 19, 20, 21, 22, 23, 24, 25, 26, 27, 28, 29, 30, 31, 32, 33, 34, 35, 36, 37, 38, 39, 40, 41, 42, 43, 44, 45, 46, 47, 48, 49, 50, 51, 52, 53, 54, 55, 56, 57, 58, 59, 60, 61]
Total <occ_> = 10.000000
sz_ 
js =  [0, 1, 2, 3, 4, 5, 6, 7, 8, 9, 10, 11, 12, 13, 14, 15, 16, 17, 18, 19, 20, 21, 22, 23, 24, 25, 26, 27, 28, 29, 30, 31, 32, 33, 34, 35, 36, 37, 38, 39, 40, 41, 42, 43, 44, 45, 46, 47, 48, 49, 50, 51, 52, 53, 54, 55, 56, 57, 58, 59, 60, 61]
Total <sz_> = -0.548294
Sdz_ 
js =  [30, 31]
Total <Sdz_> = -0.451706
J_ 
js =  [30, 31, 30, 31, 32, 33]
Total <J_> = 0.241660
MI_ 
js =  [30, 31]
ents2[31,30] = 1.1163702057
Total <MI_> = nan

>>>> Observables CPU time = 7.2 min


>>>> Evol CPU time = 213.6 min


Time = 60.00
Total energy = -17.025659+0.000000j
WF norm = 0.991547+0.000000j
<Sz d=30> = -0.181197-0.000000j
<Sz d=31> = -0.241723+0.000000j
<(S1+S2)^2> = 1.720827
1 + cos(phi)= 2.000000
ents2[31,30] = 1.1523160196
MI[30,31] = 0.022447 (max = 0.693147)
occ_ 
js =  [0, 1, 2, 3, 4, 5, 6, 7, 8, 9, 10, 11, 12, 13, 14, 15, 16, 17, 18, 19, 20, 21, 22, 23, 24, 25, 26, 27, 28, 29, 30, 31, 32, 33, 34, 35, 36, 37, 38, 39, 40, 41, 42, 43, 44, 45, 46, 47, 48, 49, 50, 51, 52, 53, 54, 55, 56, 57, 58, 59, 60, 61]
Total <occ_> = 10.000000
sz_ 
js =  [0, 1, 2, 3, 4, 5, 6, 7, 8, 9, 10, 11, 12, 13, 14, 15, 16, 17, 18, 19, 20, 21, 22, 23, 24, 25, 26, 27, 28, 29, 30, 31, 32, 33, 34, 35, 36, 37, 38, 39, 40, 41, 42, 43, 44, 45, 46, 47, 48, 49, 50, 51, 52, 53, 54, 55, 56, 57, 58, 59, 60, 61]
Total <sz_> = -0.577080
Sdz_ 
js =  [30, 31]
Total <Sdz_> = -0.422920
J_ 
js =  [30, 31, 30, 31, 32, 33]
Total <J_> = 0.240856
MI_ 
js =  [30, 31]
ents2[31,30] = 1.1523160196
Total <MI_> = nan

>>>> Observables CPU time = 7.3 min


>>>> Evol CPU time = 211.5 min


Time = 64.00
Total energy = -17.026935-0.000000j
WF norm = 0.987695-0.000000j
<Sz d=30> = -0.169775-0.000000j
<Sz d=31> = -0.225976-0.000000j
<(S1+S2)^2> = 1.704801
1 + cos(phi)= 2.000000
ents2[31,30] = 1.1817548447
MI[30,31] = 0.019901 (max = 0.693147)
occ_ 
js =  [0, 1, 2, 3, 4, 5, 6, 7, 8, 9, 10, 11, 12, 13, 14, 15, 16, 17, 18, 19, 20, 21, 22, 23, 24, 25, 26, 27, 28, 29, 30, 31, 32, 33, 34, 35, 36, 37, 38, 39, 40, 41, 42, 43, 44, 45, 46, 47, 48, 49, 50, 51, 52, 53, 54, 55, 56, 57, 58, 59, 60, 61]
Total <occ_> = 10.000000
sz_ 
js =  [0, 1, 2, 3, 4, 5, 6, 7, 8, 9, 10, 11, 12, 13, 14, 15, 16, 17, 18, 19, 20, 21, 22, 23, 24, 25, 26, 27, 28, 29, 30, 31, 32, 33, 34, 35, 36, 37, 38, 39, 40, 41, 42, 43, 44, 45, 46, 47, 48, 49, 50, 51, 52, 53, 54, 55, 56, 57, 58, 59, 60, 61]
Total <sz_> = -0.604248
Sdz_ 
js =  [30, 31]
Total <Sdz_> = -0.395752
J_ 
js =  [30, 31, 30, 31, 32, 33]
Total <J_> = 0.229599
MI_ 
js =  [30, 31]
ents2[31,30] = 1.1817548447
Total <MI_> = nan

>>>> Observables CPU time = 7.1 min


>>>> Evol CPU time = 208.5 min


Time = 68.00
Total energy = -17.028380+0.000000j
WF norm = 0.983111+0.000000j
<Sz d=30> = -0.174293+0.000000j
<Sz d=31> = -0.219013-0.000000j
<(S1+S2)^2> = 1.694747
1 + cos(phi)= 2.000000
ents2[31,30] = 1.1894515657
MI[30,31] = 0.017764 (max = 0.693147)
occ_ 
js =  [0, 1, 2, 3, 4, 5, 6, 7, 8, 9, 10, 11, 12, 13, 14, 15, 16, 17, 18, 19, 20, 21, 22, 23, 24, 25, 26, 27, 28, 29, 30, 31, 32, 33, 34, 35, 36, 37, 38, 39, 40, 41, 42, 43, 44, 45, 46, 47, 48, 49, 50, 51, 52, 53, 54, 55, 56, 57, 58, 59, 60, 61]
Total <occ_> = 10.000000
sz_ 
js =  [0, 1, 2, 3, 4, 5, 6, 7, 8, 9, 10, 11, 12, 13, 14, 15, 16, 17, 18, 19, 20, 21, 22, 23, 24, 25, 26, 27, 28, 29, 30, 31, 32, 33, 34, 35, 36, 37, 38, 39, 40, 41, 42, 43, 44, 45, 46, 47, 48, 49, 50, 51, 52, 53, 54, 55, 56, 57, 58, 59, 60, 61]
Total <sz_> = -0.606694
Sdz_ 
js =  [30, 31]
Total <Sdz_> = -0.393306
J_ 
js =  [30, 31, 30, 31, 32, 33]
Total <J_> = 0.215577
MI_ 
js =  [30, 31]
ents2[31,30] = 1.1894515657
Total <MI_> = nan

>>>> Observables CPU time = 7.2 min


>>>> Evol CPU time = 214.8 min


Time = 72.00
Total energy = -17.029952+0.000000j
WF norm = 0.978002+0.000000j
<Sz d=30> = -0.186859+0.000000j
<Sz d=31> = -0.216861+0.000000j
<(S1+S2)^2> = 1.686915
1 + cos(phi)= 2.000000
ents2[31,30] = 1.1873187407
MI[30,31] = 0.015083 (max = 0.693147)
occ_ 
js =  [0, 1, 2, 3, 4, 5, 6, 7, 8, 9, 10, 11, 12, 13, 14, 15, 16, 17, 18, 19, 20, 21, 22, 23, 24, 25, 26, 27, 28, 29, 30, 31, 32, 33, 34, 35, 36, 37, 38, 39, 40, 41, 42, 43, 44, 45, 46, 47, 48, 49, 50, 51, 52, 53, 54, 55, 56, 57, 58, 59, 60, 61]
Total <occ_> = 10.000000
sz_ 
js =  [0, 1, 2, 3, 4, 5, 6, 7, 8, 9, 10, 11, 12, 13, 14, 15, 16, 17, 18, 19, 20, 21, 22, 23, 24, 25, 26, 27, 28, 29, 30, 31, 32, 33, 34, 35, 36, 37, 38, 39, 40, 41, 42, 43, 44, 45, 46, 47, 48, 49, 50, 51, 52, 53, 54, 55, 56, 57, 58, 59, 60, 61]
Total <sz_> = -0.596279
Sdz_ 
js =  [30, 31]
Total <Sdz_> = -0.403721
J_ 
js =  [30, 31, 30, 31, 32, 33]
Total <J_> = 0.182542
MI_ 
js =  [30, 31]
ents2[31,30] = 1.1873187407
Total <MI_> = nan

>>>> Observables CPU time = 7.9 min


>>>> Evol CPU time = 229.7 min


Time = 76.00
Total energy = -17.031681+0.000000j
WF norm = 0.972437-0.000000j
<Sz d=30> = -0.191271-0.000000j
<Sz d=31> = -0.212158-0.000000j
<(S1+S2)^2> = 1.680438
1 + cos(phi)= 2.000000
ents2[31,30] = 1.1930280905
MI[30,31] = 0.012630 (max = 0.693147)
occ_ 
js =  [0, 1, 2, 3, 4, 5, 6, 7, 8, 9, 10, 11, 12, 13, 14, 15, 16, 17, 18, 19, 20, 21, 22, 23, 24, 25, 26, 27, 28, 29, 30, 31, 32, 33, 34, 35, 36, 37, 38, 39, 40, 41, 42, 43, 44, 45, 46, 47, 48, 49, 50, 51, 52, 53, 54, 55, 56, 57, 58, 59, 60, 61]
Total <occ_> = 10.000000
sz_ 
js =  [0, 1, 2, 3, 4, 5, 6, 7, 8, 9, 10, 11, 12, 13, 14, 15, 16, 17, 18, 19, 20, 21, 22, 23, 24, 25, 26, 27, 28, 29, 30, 31, 32, 33, 34, 35, 36, 37, 38, 39, 40, 41, 42, 43, 44, 45, 46, 47, 48, 49, 50, 51, 52, 53, 54, 55, 56, 57, 58, 59, 60, 61]
Total <sz_> = -0.596571
Sdz_ 
js =  [30, 31]
Total <Sdz_> = -0.403429
J_ 
js =  [30, 31, 30, 31, 32, 33]
Total <J_> = 0.115208
MI_ 
js =  [30, 31]
ents2[31,30] = 1.1930280905
Total <MI_> = nan

>>>> Observables CPU time = 7.7 min


>>>> Evol CPU time = 229.1 min


Time = 80.00
Total energy = -17.033582+0.000000j
WF norm = 0.966578-0.000000j
<Sz d=30> = -0.185148-0.000000j
<Sz d=31> = -0.202499+0.000000j
<(S1+S2)^2> = 1.673251
1 + cos(phi)= 2.000000
ents2[31,30] = 1.2091868232
MI[30,31] = 0.011237 (max = 0.693147)
occ_ 
js =  [0, 1, 2, 3, 4, 5, 6, 7, 8, 9, 10, 11, 12, 13, 14, 15, 16, 17, 18, 19, 20, 21, 22, 23, 24, 25, 26, 27, 28, 29, 30, 31, 32, 33, 34, 35, 36, 37, 38, 39, 40, 41, 42, 43, 44, 45, 46, 47, 48, 49, 50, 51, 52, 53, 54, 55, 56, 57, 58, 59, 60, 61]
Total <occ_> = 10.000000
sz_ 
js =  [0, 1, 2, 3, 4, 5, 6, 7, 8, 9, 10, 11, 12, 13, 14, 15, 16, 17, 18, 19, 20, 21, 22, 23, 24, 25, 26, 27, 28, 29, 30, 31, 32, 33, 34, 35, 36, 37, 38, 39, 40, 41, 42, 43, 44, 45, 46, 47, 48, 49, 50, 51, 52, 53, 54, 55, 56, 57, 58, 59, 60, 61]
Total <sz_> = -0.612353
Sdz_ 
js =  [30, 31]
Total <Sdz_> = -0.387647
J_ 
js =  [30, 31, 30, 31, 32, 33]
Total <J_> = 0.042971
MI_ 
js =  [30, 31]
ents2[31,30] = 1.2091868232
Total <MI_> = nan

>>>> Observables CPU time = 7.9 min


>>>> Evol CPU time = 230.5 min


Time = 84.00
Total energy = -17.035700-0.000000j
WF norm = 0.960145+0.000000j
<Sz d=30> = -0.179645+0.000000j
<Sz d=31> = -0.192493+0.000000j
<(S1+S2)^2> = 1.664477
1 + cos(phi)= 2.000000
ents2[31,30] = 1.2236747354
MI[30,31] = 0.010276 (max = 0.693147)
occ_ 
js =  [0, 1, 2, 3, 4, 5, 6, 7, 8, 9, 10, 11, 12, 13, 14, 15, 16, 17, 18, 19, 20, 21, 22, 23, 24, 25, 26, 27, 28, 29, 30, 31, 32, 33, 34, 35, 36, 37, 38, 39, 40, 41, 42, 43, 44, 45, 46, 47, 48, 49, 50, 51, 52, 53, 54, 55, 56, 57, 58, 59, 60, 61]
Total <occ_> = 10.000000
sz_ 
js =  [0, 1, 2, 3, 4, 5, 6, 7, 8, 9, 10, 11, 12, 13, 14, 15, 16, 17, 18, 19, 20, 21, 22, 23, 24, 25, 26, 27, 28, 29, 30, 31, 32, 33, 34, 35, 36, 37, 38, 39, 40, 41, 42, 43, 44, 45, 46, 47, 48, 49, 50, 51, 52, 53, 54, 55, 56, 57, 58, 59, 60, 61]
Total <sz_> = -0.627861
Sdz_ 
js =  [30, 31]
Total <Sdz_> = -0.372139
J_ 
js =  [30, 31, 30, 31, 32, 33]
Total <J_> = 0.003547
MI_ 
js =  [30, 31]
ents2[31,30] = 1.2236747354
Total <MI_> = nan

>>>> Observables CPU time = 7.7 min


>>>> Evol CPU time = 228.7 min


Time = 88.00
Total energy = -17.038022-0.000000j
WF norm = 0.953252-0.000000j
<Sz d=30> = -0.180810-0.000000j
<Sz d=31> = -0.187431-0.000000j
<(S1+S2)^2> = 1.658963
1 + cos(phi)= 2.000000
ents2[31,30] = 1.2281072491
MI[30,31] = 0.009646 (max = 0.693147)
occ_ 
js =  [0, 1, 2, 3, 4, 5, 6, 7, 8, 9, 10, 11, 12, 13, 14, 15, 16, 17, 18, 19, 20, 21, 22, 23, 24, 25, 26, 27, 28, 29, 30, 31, 32, 33, 34, 35, 36, 37, 38, 39, 40, 41, 42, 43, 44, 45, 46, 47, 48, 49, 50, 51, 52, 53, 54, 55, 56, 57, 58, 59, 60, 61]
Total <occ_> = 10.000000
sz_ 
js =  [0, 1, 2, 3, 4, 5, 6, 7, 8, 9, 10, 11, 12, 13, 14, 15, 16, 17, 18, 19, 20, 21, 22, 23, 24, 25, 26, 27, 28, 29, 30, 31, 32, 33, 34, 35, 36, 37, 38, 39, 40, 41, 42, 43, 44, 45, 46, 47, 48, 49, 50, 51, 52, 53, 54, 55, 56, 57, 58, 59, 60, 61]
Total <sz_> = -0.631759
Sdz_ 
js =  [30, 31]
Total <Sdz_> = -0.368241
J_ 
js =  [30, 31, 30, 31, 32, 33]
Total <J_> = -0.001468
MI_ 
js =  [30, 31]
ents2[31,30] = 1.2281072491
Total <MI_> = nan

>>>> Observables CPU time = 7.8 min


>>>> Evol CPU time = 228.8 min


Time = 92.00
Total energy = -17.040518-0.000000j
WF norm = 0.945874-0.000000j
<Sz d=30> = -0.192997-0.000000j
<Sz d=31> = -0.187399-0.000000j
<(S1+S2)^2> = 1.650650
1 + cos(phi)= 2.000000
ents2[31,30] = 1.2206995332
MI[30,31] = 0.008574 (max = 0.693147)
occ_ 
js =  [0, 1, 2, 3, 4, 5, 6, 7, 8, 9, 10, 11, 12, 13, 14, 15, 16, 17, 18, 19, 20, 21, 22, 23, 24, 25, 26, 27, 28, 29, 30, 31, 32, 33, 34, 35, 36, 37, 38, 39, 40, 41, 42, 43, 44, 45, 46, 47, 48, 49, 50, 51, 52, 53, 54, 55, 56, 57, 58, 59, 60, 61]
Total <occ_> = 10.000000
sz_ 
js =  [0, 1, 2, 3, 4, 5, 6, 7, 8, 9, 10, 11, 12, 13, 14, 15, 16, 17, 18, 19, 20, 21, 22, 23, 24, 25, 26, 27, 28, 29, 30, 31, 32, 33, 34, 35, 36, 37, 38, 39, 40, 41, 42, 43, 44, 45, 46, 47, 48, 49, 50, 51, 52, 53, 54, 55, 56, 57, 58, 59, 60, 61]
Total <sz_> = -0.619603
Sdz_ 
js =  [30, 31]
Total <Sdz_> = -0.380397
J_ 
js =  [30, 31, 30, 31, 32, 33]
Total <J_> = 0.000181
MI_ 
js =  [30, 31]
ents2[31,30] = 1.2206995332
Total <MI_> = nan

>>>> Observables CPU time = 7.8 min


>>>> Evol CPU time = 218.4 min


Time = 96.00
Total energy = -17.043146+0.000000j
WF norm = 0.938167-0.000000j
<Sz d=30> = -0.205239-0.000000j
<Sz d=31> = -0.187829-0.000000j
<(S1+S2)^2> = 1.643126
1 + cos(phi)= 2.000000
ents2[31,30] = 1.2121771373
MI[30,31] = 0.007505 (max = 0.693147)
occ_ 
js =  [0, 1, 2, 3, 4, 5, 6, 7, 8, 9, 10, 11, 12, 13, 14, 15, 16, 17, 18, 19, 20, 21, 22, 23, 24, 25, 26, 27, 28, 29, 30, 31, 32, 33, 34, 35, 36, 37, 38, 39, 40, 41, 42, 43, 44, 45, 46, 47, 48, 49, 50, 51, 52, 53, 54, 55, 56, 57, 58, 59, 60, 61]
Total <occ_> = 10.000000
sz_ 
js =  [0, 1, 2, 3, 4, 5, 6, 7, 8, 9, 10, 11, 12, 13, 14, 15, 16, 17, 18, 19, 20, 21, 22, 23, 24, 25, 26, 27, 28, 29, 30, 31, 32, 33, 34, 35, 36, 37, 38, 39, 40, 41, 42, 43, 44, 45, 46, 47, 48, 49, 50, 51, 52, 53, 54, 55, 56, 57, 58, 59, 60, 61]
Total <sz_> = -0.606932
Sdz_ 
js =  [30, 31]
Total <Sdz_> = -0.393068
J_ 
js =  [30, 31, 30, 31, 32, 33]
Total <J_> = 0.025111
MI_ 
js =  [30, 31]
ents2[31,30] = 1.2121771373
Total <MI_> = nan

>>>> Observables CPU time = 6.8 min


>>>> Evol CPU time = 221.1 min


Time = 100.00
Total energy = -17.045702-0.000000j
WF norm = 0.930273-0.000000j
<Sz d=30> = -0.213231-0.000000j
<Sz d=31> = -0.188346+0.000000j
<(S1+S2)^2> = 1.636812
1 + cos(phi)= 2.000000
ents2[31,30] = 1.2063111741
MI[30,31] = 0.006670 (max = 0.693147)
occ_ 
js =  [0, 1, 2, 3, 4, 5, 6, 7, 8, 9, 10, 11, 12, 13, 14, 15, 16, 17, 18, 19, 20, 21, 22, 23, 24, 25, 26, 27, 28, 29, 30, 31, 32, 33, 34, 35, 36, 37, 38, 39, 40, 41, 42, 43, 44, 45, 46, 47, 48, 49, 50, 51, 52, 53, 54, 55, 56, 57, 58, 59, 60, 61]
Total <occ_> = 10.000000
sz_ 
js =  [0, 1, 2, 3, 4, 5, 6, 7, 8, 9, 10, 11, 12, 13, 14, 15, 16, 17, 18, 19, 20, 21, 22, 23, 24, 25, 26, 27, 28, 29, 30, 31, 32, 33, 34, 35, 36, 37, 38, 39, 40, 41, 42, 43, 44, 45, 46, 47, 48, 49, 50, 51, 52, 53, 54, 55, 56, 57, 58, 59, 60, 61]
Total <sz_> = -0.598424
Sdz_ 
js =  [30, 31]
Total <Sdz_> = -0.401576
J_ 
js =  [30, 31, 30, 31, 32, 33]
Total <J_> = 0.011691
MI_ 
js =  [30, 31]
ents2[31,30] = 1.2063111741
Total <MI_> = nan

>>>> Observables CPU time = 8.2 min


>>>> Evol CPU time = 266.2 min


Time = 104.00
Total energy = -17.048266+0.000000j
WF norm = 0.922260-0.000000j
<Sz d=30> = -0.218923+0.000000j
<Sz d=31> = -0.186982-0.000000j
<(S1+S2)^2> = 1.630451
1 + cos(phi)= 2.000000
ents2[31,30] = 1.2034046392
MI[30,31] = 0.006028 (max = 0.693147)
occ_ 
js =  [0, 1, 2, 3, 4, 5, 6, 7, 8, 9, 10, 11, 12, 13, 14, 15, 16, 17, 18, 19, 20, 21, 22, 23, 24, 25, 26, 27, 28, 29, 30, 31, 32, 33, 34, 35, 36, 37, 38, 39, 40, 41, 42, 43, 44, 45, 46, 47, 48, 49, 50, 51, 52, 53, 54, 55, 56, 57, 58, 59, 60, 61]
Total <occ_> = 10.000000
sz_ 
js =  [0, 1, 2, 3, 4, 5, 6, 7, 8, 9, 10, 11, 12, 13, 14, 15, 16, 17, 18, 19, 20, 21, 22, 23, 24, 25, 26, 27, 28, 29, 30, 31, 32, 33, 34, 35, 36, 37, 38, 39, 40, 41, 42, 43, 44, 45, 46, 47, 48, 49, 50, 51, 52, 53, 54, 55, 56, 57, 58, 59, 60, 61]
Total <sz_> = -0.594094
Sdz_ 
js =  [30, 31]
Total <Sdz_> = -0.405906
J_ 
js =  [30, 31, 30, 31, 32, 33]
Total <J_> = -0.041757
MI_ 
js =  [30, 31]
ents2[31,30] = 1.2034046392
Total <MI_> = nan

>>>> Observables CPU time = 7.8 min


>>>> Evol CPU time = 222.0 min


Time = 108.00
Total energy = -17.050892+0.000000j
WF norm = 0.914094-0.000000j
<Sz d=30> = -0.223307-0.000000j
<Sz d=31> = -0.184650+0.000000j
<(S1+S2)^2> = 1.622608
1 + cos(phi)= 2.000000
ents2[31,30] = 1.2022633235
MI[30,31] = 0.005427 (max = 0.693147)
occ_ 
js =  [0, 1, 2, 3, 4, 5, 6, 7, 8, 9, 10, 11, 12, 13, 14, 15, 16, 17, 18, 19, 20, 21, 22, 23, 24, 25, 26, 27, 28, 29, 30, 31, 32, 33, 34, 35, 36, 37, 38, 39, 40, 41, 42, 43, 44, 45, 46, 47, 48, 49, 50, 51, 52, 53, 54, 55, 56, 57, 58, 59, 60, 61]
Total <occ_> = 10.000000
sz_ 
js =  [0, 1, 2, 3, 4, 5, 6, 7, 8, 9, 10, 11, 12, 13, 14, 15, 16, 17, 18, 19, 20, 21, 22, 23, 24, 25, 26, 27, 28, 29, 30, 31, 32, 33, 34, 35, 36, 37, 38, 39, 40, 41, 42, 43, 44, 45, 46, 47, 48, 49, 50, 51, 52, 53, 54, 55, 56, 57, 58, 59, 60, 61]
Total <sz_> = -0.592042
Sdz_ 
js =  [30, 31]
Total <Sdz_> = -0.407958
J_ 
js =  [30, 31, 30, 31, 32, 33]
Total <J_> = -0.076819
MI_ 
js =  [30, 31]
ents2[31,30] = 1.2022633235
Total <MI_> = nan

>>>> Observables CPU time = 7.6 min


>>>> Evol CPU time = 217.9 min


Time = 112.00
Total energy = -17.053604-0.000000j
WF norm = 0.905660-0.000000j
<Sz d=30> = -0.226128-0.000000j
<Sz d=31> = -0.182851-0.000000j
<(S1+S2)^2> = 1.616705
1 + cos(phi)= 2.000000
ents2[31,30] = 1.2022017409
MI[30,31] = 0.004786 (max = 0.693147)
occ_ 
js =  [0, 1, 2, 3, 4, 5, 6, 7, 8, 9, 10, 11, 12, 13, 14, 15, 16, 17, 18, 19, 20, 21, 22, 23, 24, 25, 26, 27, 28, 29, 30, 31, 32, 33, 34, 35, 36, 37, 38, 39, 40, 41, 42, 43, 44, 45, 46, 47, 48, 49, 50, 51, 52, 53, 54, 55, 56, 57, 58, 59, 60, 61]
Total <occ_> = 10.000000
sz_ 
js =  [0, 1, 2, 3, 4, 5, 6, 7, 8, 9, 10, 11, 12, 13, 14, 15, 16, 17, 18, 19, 20, 21, 22, 23, 24, 25, 26, 27, 28, 29, 30, 31, 32, 33, 34, 35, 36, 37, 38, 39, 40, 41, 42, 43, 44, 45, 46, 47, 48, 49, 50, 51, 52, 53, 54, 55, 56, 57, 58, 59, 60, 61]
Total <sz_> = -0.591022
Sdz_ 
js =  [30, 31]
Total <Sdz_> = -0.408978
J_ 
js =  [30, 31, 30, 31, 32, 33]
Total <J_> = -0.077149
MI_ 
js =  [30, 31]
ents2[31,30] = 1.2022017409
Total <MI_> = nan

>>>> Observables CPU time = 7.6 min


>>>> Evol CPU time = 218.9 min


Time = 116.00
Total energy = -17.056391+0.000000j
WF norm = 0.897175-0.000000j
<Sz d=30> = -0.226780-0.000000j
<Sz d=31> = -0.180017-0.000000j
<(S1+S2)^2> = 1.611894
1 + cos(phi)= 2.000000
ents2[31,30] = 1.2051525149
MI[30,31] = 0.004070 (max = 0.693147)
occ_ 
js =  [0, 1, 2, 3, 4, 5, 6, 7, 8, 9, 10, 11, 12, 13, 14, 15, 16, 17, 18, 19, 20, 21, 22, 23, 24, 25, 26, 27, 28, 29, 30, 31, 32, 33, 34, 35, 36, 37, 38, 39, 40, 41, 42, 43, 44, 45, 46, 47, 48, 49, 50, 51, 52, 53, 54, 55, 56, 57, 58, 59, 60, 61]
Total <occ_> = 10.000000
sz_ 
js =  [0, 1, 2, 3, 4, 5, 6, 7, 8, 9, 10, 11, 12, 13, 14, 15, 16, 17, 18, 19, 20, 21, 22, 23, 24, 25, 26, 27, 28, 29, 30, 31, 32, 33, 34, 35, 36, 37, 38, 39, 40, 41, 42, 43, 44, 45, 46, 47, 48, 49, 50, 51, 52, 53, 54, 55, 56, 57, 58, 59, 60, 61]
Total <sz_> = -0.593204
Sdz_ 
js =  [30, 31]
Total <Sdz_> = -0.406796
J_ 
js =  [30, 31, 30, 31, 32, 33]
Total <J_> = -0.065619
MI_ 
js =  [30, 31]
ents2[31,30] = 1.2051525149
Total <MI_> = nan

>>>> Observables CPU time = 7.8 min


>>>> Evol CPU time = 286.7 min


Time = 120.00
Total energy = -17.059219+0.000000j
WF norm = 0.888732+0.000000j
<Sz d=30> = -0.227084+0.000000j
<Sz d=31> = -0.176677+0.000000j
<(S1+S2)^2> = 1.607266
1 + cos(phi)= 2.000000
ents2[31,30] = 1.2082663124
MI[30,31] = 0.003610 (max = 0.693147)
occ_ 
js =  [0, 1, 2, 3, 4, 5, 6, 7, 8, 9, 10, 11, 12, 13, 14, 15, 16, 17, 18, 19, 20, 21, 22, 23, 24, 25, 26, 27, 28, 29, 30, 31, 32, 33, 34, 35, 36, 37, 38, 39, 40, 41, 42, 43, 44, 45, 46, 47, 48, 49, 50, 51, 52, 53, 54, 55, 56, 57, 58, 59, 60, 61]
Total <occ_> = 10.000000
sz_ 
js =  [0, 1, 2, 3, 4, 5, 6, 7, 8, 9, 10, 11, 12, 13, 14, 15, 16, 17, 18, 19, 20, 21, 22, 23, 24, 25, 26, 27, 28, 29, 30, 31, 32, 33, 34, 35, 36, 37, 38, 39, 40, 41, 42, 43, 44, 45, 46, 47, 48, 49, 50, 51, 52, 53, 54, 55, 56, 57, 58, 59, 60, 61]
Total <sz_> = -0.596239
Sdz_ 
js =  [30, 31]
Total <Sdz_> = -0.403761
J_ 
js =  [30, 31, 30, 31, 32, 33]
Total <J_> = -0.065615
MI_ 
js =  [30, 31]
ents2[31,30] = 1.2082663124
Total <MI_> = nan

>>>> Observables CPU time = 7.7 min

stop time: 
Tue Jul  8 09:13:15 AM EDT 2025
