#### SLURM ####
pwd: 
/blue/m2qm-efrc/cpbunker/GitHub/transport
host: 
c0706a-s3.ufhpc
# conda environments:
#
base                     /apps/conda/23.3.1
block                 *  /blue/m2qm-efrc/cpbunker/condaenvs/block


#### PYTHON ####
start time: 
Tue Nov 14 15:45:26 EST 2023

>>> PWD:  /blue/m2qm-efrc/cpbunker/GitHub/transport
>>> Do FCI  =  False
>>> Do DMRG =  True
Environment initialization | Nsites =    80 | Center =     0
 INIT-R <-- Site =   77 ..  Bmem =   256 B Rmem =   256 B T = 0.31
 INIT-R <-- Site =   76 ..  Bmem = 3.19 KB Rmem = 3.19 KB T = 0.11
 INIT-R <-- Site =   75 ..  Bmem = 37.5 KB Rmem = 37.5 KB T = 0.00
 INIT-R <-- Site =   74 ..  Bmem =  475 KB Rmem =  475 KB T = 0.06
 INIT-R <-- Site =   73 ..  Bmem = 6.14 MB Rmem =  572 KB T = 0.03
 INIT-R <-- Site =   72 ..  Bmem = 7.65 MB Rmem =  485 KB T = 0.04
 INIT-R <-- Site =   71 ..  Bmem = 6.67 MB Rmem =  440 KB T = 0.04
 INIT-R <-- Site =   70 ..  Bmem = 6.14 MB Rmem =  392 KB T = 0.04
 INIT-R <-- Site =   69 ..  Bmem = 5.58 MB Rmem =  377 KB T = 0.03
 INIT-R <-- Site =   68 ..  Bmem = 5.40 MB Rmem =  337 KB T = 0.04
 INIT-R <-- Site =   67 ..  Bmem = 4.87 MB Rmem =  296 KB T = 0.04
 INIT-R <-- Site =   66 ..  Bmem = 4.29 MB Rmem =  305 KB T = 0.03
 INIT-R <-- Site =   65 ..  Bmem = 4.45 MB Rmem =  275 KB T = 0.04
 INIT-R <-- Site =   64 ..  Bmem = 4.04 MB Rmem =  264 KB T = 0.04
 INIT-R <-- Site =   63 ..  Bmem = 3.89 MB Rmem =  241 KB T = 0.03
 INIT-R <-- Site =   62 ..  Bmem = 3.57 MB Rmem =  250 KB T = 0.05
 INIT-R <-- Site =   61 ..  Bmem = 3.72 MB Rmem =  246 KB T = 0.51
 INIT-R <-- Site =   60 ..  Bmem = 3.67 MB Rmem =  232 KB T = 0.04
 INIT-R <-- Site =   59 ..  Bmem = 3.47 MB Rmem =  195 KB T = 0.05
 INIT-R <-- Site =   58 ..  Bmem = 2.94 MB Rmem =  174 KB T = 0.06
 INIT-R <-- Site =   57 ..  Bmem = 2.64 MB Rmem =  161 KB T = 0.08
 INIT-R <-- Site =   56 ..  Bmem = 2.45 MB Rmem =  114 KB T = 0.10
 INIT-R <-- Site =   55 ..  Bmem = 1.73 MB Rmem =  131 KB T = 0.03
 INIT-R <-- Site =   54 ..  Bmem = 2.01 MB Rmem = 66.8 KB T = 0.12
 INIT-R <-- Site =   53 ..  Bmem = 1.01 MB Rmem = 72.3 KB T = 0.09
 INIT-R <-- Site =   52 ..  Bmem = 1.10 MB Rmem = 78.0 KB T = 0.03
 INIT-R <-- Site =   51 ..  Bmem = 1.19 MB Rmem = 84.0 KB T = 0.05
 INIT-R <-- Site =   50 ..  Bmem = 1.28 MB Rmem = 90.2 KB T = 0.05
 INIT-R <-- Site =   49 ..  Bmem = 1.37 MB Rmem = 96.6 KB T = 0.05
 INIT-R <-- Site =   48 ..  Bmem = 1.47 MB Rmem =  103 KB T = 0.05
 INIT-R <-- Site =   47 ..  Bmem = 1.57 MB Rmem =  110 KB T = 0.06
 INIT-R <-- Site =   46 ..  Bmem = 1.68 MB Rmem =  117 KB T = 0.06
 INIT-R <-- Site =   45 ..  Bmem = 1.79 MB Rmem =  124 KB T = 0.06
 INIT-R <-- Site =   44 ..  Bmem = 1.90 MB Rmem =  132 KB T = 0.06
 INIT-R <-- Site =   43 ..  Bmem = 2.02 MB Rmem =  140 KB T = 0.08
 INIT-R <-- Site =   42 ..  Bmem = 3.35 MB Rmem =  231 KB T = 0.09
 INIT-R <-- Site =   41 ..  Bmem = 3.54 MB Rmem =  243 KB T = 0.09
 INIT-R <-- Site =   40 ..  Bmem = 3.74 MB Rmem =  257 KB T = 0.09
 INIT-R <-- Site =   39 ..  Bmem = 3.94 MB Rmem =  270 KB T = 0.10
 INIT-R <-- Site =   38 ..  Bmem = 4.15 MB Rmem =  284 KB T = 0.08
 INIT-R <-- Site =   37 ..  Bmem = 4.37 MB Rmem =  298 KB T = 0.10
 INIT-R <-- Site =   36 ..  Bmem = 4.58 MB Rmem =  312 KB T = 0.09
 INIT-R <-- Site =   35 ..  Bmem = 4.81 MB Rmem =  327 KB T = 0.11
 INIT-R <-- Site =   34 ..  Bmem = 5.04 MB Rmem =  342 KB T = 0.10
 INIT-R <-- Site =   33 ..  Bmem = 3.36 MB Rmem =  229 KB T = 0.10
 INIT-R <-- Site =   32 ..  Bmem = 3.52 MB Rmem =  239 KB T = 0.09
 INIT-R <-- Site =   31 ..  Bmem = 3.67 MB Rmem =  249 KB T = 0.10
 INIT-R <-- Site =   30 ..  Bmem = 3.83 MB Rmem =  260 KB T = 0.10
 INIT-R <-- Site =   29 ..  Bmem = 4.00 MB Rmem =  270 KB T = 0.10
 INIT-R <-- Site =   28 ..  Bmem = 4.16 MB Rmem =  281 KB T = 0.08
 INIT-R <-- Site =   27 ..  Bmem = 4.33 MB Rmem =  292 KB T = 0.10
 INIT-R <-- Site =   26 ..  Bmem = 4.51 MB Rmem =  304 KB T = 0.08
 INIT-R <-- Site =   25 ..  Bmem = 4.68 MB Rmem =  316 KB T = 0.09
 INIT-R <-- Site =   24 ..  Bmem = 4.87 MB Rmem =  327 KB T = 0.09
 INIT-R <-- Site =   23 ..  Bmem = 5.05 MB Rmem =  340 KB T = 0.10
 INIT-R <-- Site =   22 ..  Bmem = 5.24 MB Rmem =  352 KB T = 0.10
 INIT-R <-- Site =   21 ..  Bmem = 5.43 MB Rmem =  364 KB T = 0.10
 INIT-R <-- Site =   20 ..  Bmem = 5.62 MB Rmem =  377 KB T = 0.10
 INIT-R <-- Site =   19 ..  Bmem = 5.82 MB Rmem =  390 KB T = 0.10
 INIT-R <-- Site =   18 ..  Bmem = 6.02 MB Rmem =  403 KB T = 0.11
 INIT-R <-- Site =   17 ..  Bmem = 6.23 MB Rmem =  417 KB T = 0.11
 INIT-R <-- Site =   16 ..  Bmem = 6.43 MB Rmem =  430 KB T = 0.11
 INIT-R <-- Site =   15 ..  Bmem = 6.65 MB Rmem =  444 KB T = 0.11
 INIT-R <-- Site =   14 ..  Bmem = 6.86 MB Rmem =  458 KB T = 0.13
 INIT-R <-- Site =   13 ..  Bmem = 7.08 MB Rmem =  472 KB T = 0.13
 INIT-R <-- Site =   12 ..  Bmem = 7.30 MB Rmem =  487 KB T = 0.12
 INIT-R <-- Site =   11 ..  Bmem = 7.53 MB Rmem =  502 KB T = 0.13
 INIT-R <-- Site =   10 ..  Bmem = 7.75 MB Rmem =  516 KB T = 0.13
 INIT-R <-- Site =    9 ..  Bmem = 7.99 MB Rmem =  532 KB T = 0.14
 INIT-R <-- Site =    8 ..  Bmem = 8.22 MB Rmem =  547 KB T = 0.14
 INIT-R <-- Site =    7 ..  Bmem = 8.46 MB Rmem =  562 KB T = 0.13
 INIT-R <-- Site =    6 ..  Bmem = 8.70 MB Rmem =  578 KB T = 0.39
 INIT-R <-- Site =    5 ..  Bmem = 8.95 MB Rmem =  594 KB T = 0.14
 INIT-R <-- Site =    4 ..  Bmem = 9.20 MB Rmem =  611 KB T = 0.14
 INIT-R <-- Site =    3 ..  Bmem = 9.45 MB Rmem =  627 KB T = 0.16
 INIT-R <-- Site =    2 ..  Bmem = 9.70 MB Rmem =  644 KB T = 0.14
 INIT-R <-- Site =    1 ..  Bmem = 9.96 MB Rmem =  661 KB T = 0.14
 INIT-R <-- Site =    0 ..  Bmem = 10.2 MB Rmem =  678 KB T = 0.15
Time init sweep =        7.621 | MaxBmem = 10.2 MB | MaxRmem =  678 KB
 | Tread = 0.000 | Twrite = 1.697 | Tfpread = 0.000 | Tfpwrite = 1.229 | data = 24.0 MB | cpsd = 16.8 MB | Tasync = 0.000


Sweep =    0 | Direction =  forward | Bond dimension =  300 | Noise =  1.00e-02 | Dav threshold =  1.00e-06
 --> Site =    0-   1 .. Mmps =    4 Ndav =   9 E =     99.8765847875 Error = 0.00e+00 FLOPS = 3.02e+03 Tdav = 0.60 T = 1.36
 --> Site =    1-   2 .. Mmps =   12 Ndav =   8 E =     85.9442804151 Error = 0.00e+00 FLOPS = 2.20e+05 Tdav = 0.03 T = 0.21
 --> Site =    2-   3 .. Mmps =   26 Ndav =   8 E =     70.7670795554 Error = 6.58e-21 FLOPS = 9.74e+06 Tdav = 0.00 T = 0.17
 --> Site =    3-   4 .. Mmps =   35 Ndav =   7 E =     42.3128852210 Error = 1.13e-20 FLOPS = 2.84e+07 Tdav = 0.00 T = 0.34
 --> Site =    4-   5 .. Mmps =   34 Ndav =   8 E =     24.7012715132 Error = 1.36e-20 FLOPS = 3.71e+07 Tdav = 0.00 T = 0.14
 --> Site =    5-   6 .. Mmps =   37 Ndav =   9 E =     19.1205697659 Error = 2.07e-20 FLOPS = 3.91e+07 Tdav = 0.00 T = 0.14
 --> Site =    6-   7 .. Mmps =   50 Ndav =  12 E =    -10.8353918047 Error = 2.00e-20 FLOPS = 3.99e+07 Tdav = 0.01 T = 0.15
 --> Site =    7-   8 .. Mmps =   34 Ndav =  14 E =    -54.3482554701 Error = 1.34e-20 FLOPS = 5.23e+07 Tdav = 0.01 T = 0.15
 --> Site =    8-   9 .. Mmps =   37 Ndav =  10 E =    -64.5408299420 Error = 1.15e-20 FLOPS = 3.76e+07 Tdav = 0.00 T = 0.14
 --> Site =    9-  10 .. Mmps =   42 Ndav =  11 E =    -64.8452613671 Error = 1.88e-20 FLOPS = 3.99e+07 Tdav = 0.00 T = 0.14
 --> Site =   10-  11 .. Mmps =   43 Ndav =   6 E =    -65.5231349844 Error = 9.97e-21 FLOPS = 5.43e+07 Tdav = 0.00 T = 0.14
 --> Site =   11-  12 .. Mmps =   51 Ndav =   8 E =    -65.7776328467 Error = 4.54e-21 FLOPS = 4.98e+07 Tdav = 0.00 T = 0.13
 --> Site =   12-  13 .. Mmps =   58 Ndav =  11 E =    -66.6688994032 Error = 2.59e-20 FLOPS = 5.04e+07 Tdav = 0.01 T = 0.13
 --> Site =   13-  14 .. Mmps =   59 Ndav =  12 E =    -66.7544336119 Error = 1.26e-20 FLOPS = 5.31e+07 Tdav = 0.01 T = 0.14
 --> Site =   14-  15 .. Mmps =   69 Ndav =  15 E =    -66.8955445317 Error = 8.65e-21 FLOPS = 4.15e+07 Tdav = 0.01 T = 0.14
 --> Site =   15-  16 .. Mmps =   80 Ndav =  21 E =    -67.0142058819 Error = 8.33e-21 FLOPS = 3.29e+07 Tdav = 0.02 T = 0.14
 --> Site =   16-  17 .. Mmps =   81 Ndav =  21 E =    -67.3600359578 Error = 3.47e-21 FLOPS = 3.76e+07 Tdav = 0.02 T = 0.14
 --> Site =   17-  18 .. Mmps =   81 Ndav =  22 E =    -68.7011882179 Error = 1.68e-20 FLOPS = 3.43e+07 Tdav = 0.02 T = 0.14
 --> Site =   18-  19 .. Mmps =   78 Ndav =  23 E =    -68.8416735698 Error = 2.08e-20 FLOPS = 3.49e+07 Tdav = 0.02 T = 0.14
 --> Site =   19-  20 .. Mmps =   77 Ndav =  16 E =    -69.5108819172 Error = 1.98e-20 FLOPS = 4.27e+07 Tdav = 0.01 T = 0.13
 --> Site =   20-  21 .. Mmps =   77 Ndav =  21 E =    -69.7313329892 Error = 2.18e-20 FLOPS = 3.33e+07 Tdav = 0.02 T = 0.13
 --> Site =   21-  22 .. Mmps =   75 Ndav =  43 E =    -71.1149146710 Error = 2.93e-21 FLOPS = 1.39e+07 Tdav = 0.10 T = 0.21
 --> Site =   22-  23 .. Mmps =   75 Ndav =   6 E =    -80.5520592351 Error = 4.32e-22 FLOPS = 6.87e+07 Tdav = 0.00 T = 0.12
 --> Site =   23-  24 .. Mmps =   62 Ndav =   7 E =    -83.5267363733 Error = 3.50e-20 FLOPS = 6.78e+07 Tdav = 0.00 T = 0.11
 --> Site =   24-  25 .. Mmps =   50 Ndav =   7 E =    -88.6836906276 Error = 2.11e-20 FLOPS = 5.29e+07 Tdav = 0.00 T = 0.11
 --> Site =   25-  26 .. Mmps =   54 Ndav =   5 E =    -95.5875001506 Error = 1.21e-20 FLOPS = 4.66e+07 Tdav = 0.00 T = 0.10
 --> Site =   26-  27 .. Mmps =   47 Ndav =   6 E =    -97.6623171477 Error = 2.28e-20 FLOPS = 5.12e+07 Tdav = 0.00 T = 0.10
 --> Site =   27-  28 .. Mmps =   41 Ndav =   6 E =   -114.7539342991 Error = 1.59e-20 FLOPS = 4.10e+07 Tdav = 0.00 T = 0.10
 --> Site =   28-  29 .. Mmps =   36 Ndav =   5 E =   -147.8377652575 Error = 2.00e-20 FLOPS = 3.86e+07 Tdav = 0.00 T = 0.10
 --> Site =   29-  30 .. Mmps =   28 Ndav =   5 E =   -147.8821156715 Error = 2.09e-20 FLOPS = 3.22e+07 Tdav = 0.00 T = 0.09
 --> Site =   30-  31 .. Mmps =   27 Ndav =   4 E =   -167.5088531024 Error = 1.98e-20 FLOPS = 1.49e+06 Tdav = 0.02 T = 0.10
 --> Site =   31-  32 .. Mmps =   26 Ndav =   4 E =   -183.3944007541 Error = 1.18e-20 FLOPS = 2.61e+07 Tdav = 0.00 T = 0.10
 --> Site =   32-  33 .. Mmps =   23 Ndav =   5 E =   -225.0439352746 Error = 1.49e-20 FLOPS = 2.52e+07 Tdav = 0.00 T = 0.09
 --> Site =   33-  34 .. Mmps =   23 Ndav =   4 E =   -225.9807322237 Error = 3.08e-21 FLOPS = 7.40e+05 Tdav = 0.03 T = 0.12
 --> Site =   34-  35 .. Mmps =   24 Ndav =   5 E =   -237.3031102039 Error = 6.05e-21 FLOPS = 2.12e+07 Tdav = 0.00 T = 0.10
 --> Site =   35-  36 .. Mmps =   20 Ndav =   4 E =   -252.7603782024 Error = 2.44e-20 FLOPS = 3.19e+07 Tdav = 0.00 T = 0.09
 --> Site =   36-  37 .. Mmps =   26 Ndav =   5 E =   -256.8623108003 Error = 2.68e-21 FLOPS = 1.13e+06 Tdav = 0.03 T = 0.13
 --> Site =   37-  38 .. Mmps =   26 Ndav =   4 E =   -277.4133255422 Error = 2.71e-20 FLOPS = 3.32e+07 Tdav = 0.00 T = 0.09
 --> Site =   38-  39 .. Mmps =   33 Ndav =   5 E =   -292.4484751771 Error = 1.72e-20 FLOPS = 3.01e+07 Tdav = 0.00 T = 0.11
 --> Site =   39-  40 .. Mmps =   26 Ndav =   5 E =   -293.3117188690 Error = 1.82e-20 FLOPS = 5.16e+07 Tdav = 0.00 T = 0.08
 --> Site =   40-  41 .. Mmps =   34 Ndav =   8 E =   -342.2742767738 Error = 7.44e-21 FLOPS = 3.18e+07 Tdav = 0.00 T = 0.09
 --> Site =   41-  42 .. Mmps =   23 Ndav =   7 E =   -360.8395175171 Error = 6.80e-21 FLOPS = 4.11e+07 Tdav = 0.00 T = 0.09
 --> Site =   42-  43 .. Mmps =   22 Ndav =   4 E =   -403.9780528574 Error = 1.86e-21 FLOPS = 1.75e+07 Tdav = 0.00 T = 0.08
 --> Site =   43-  44 .. Mmps =   17 Ndav =   4 E =   -411.7819190237 Error = 3.76e-21 FLOPS = 1.95e+07 Tdav = 0.00 T = 0.08
 --> Site =   44-  45 .. Mmps =   12 Ndav =   1 E =   -411.7819190237 Error = 2.79e-22 FLOPS = 4.57e+06 Tdav = 0.00 T = 0.07
 --> Site =   45-  46 .. Mmps =   11 Ndav =   1 E =   -411.7819190237 Error = 6.05e-21 FLOPS = 2.15e+06 Tdav = 0.00 T = 0.05
 --> Site =   46-  47 .. Mmps =    9 Ndav =   1 E =   -411.7819190237 Error = 2.51e-21 FLOPS = 1.98e+06 Tdav = 0.00 T = 0.05
 --> Site =   47-  48 .. Mmps =    9 Ndav =   1 E =   -411.7819190237 Error = 1.19e-21 FLOPS = 1.26e+06 Tdav = 0.00 T = 0.05
 --> Site =   48-  49 .. Mmps =    9 Ndav =   1 E =   -411.7819190237 Error = 4.21e-22 FLOPS = 1.29e+06 Tdav = 0.00 T = 0.05
 --> Site =   49-  50 .. Mmps =    8 Ndav =   1 E =   -411.7819190237 Error = 5.74e-21 FLOPS = 1.27e+06 Tdav = 0.00 T = 0.05
 --> Site =   50-  51 .. Mmps =    8 Ndav =   1 E =   -411.7819190237 Error = 2.40e-21 FLOPS = 1.16e+06 Tdav = 0.00 T = 0.05
 --> Site =   51-  52 .. Mmps =    8 Ndav =   1 E =   -411.7819190237 Error = 1.08e-21 FLOPS = 1.17e+06 Tdav = 0.00 T = 0.05
 --> Site =   52-  53 .. Mmps =    8 Ndav =   1 E =   -411.7819190237 Error = 3.79e-22 FLOPS = 1.18e+06 Tdav = 0.00 T = 0.04
 --> Site =   53-  54 .. Mmps =    8 Ndav =   1 E =   -411.7819190237 Error = 8.73e-23 FLOPS = 1.15e+06 Tdav = 0.00 T = 0.04
 --> Site =   54-  55 .. Mmps =    8 Ndav =   1 E =   -411.7819190237 Error = 3.11e-23 FLOPS = 1.21e+06 Tdav = 0.00 T = 0.04
 --> Site =   55-  56 .. Mmps =    8 Ndav =   1 E =   -411.7819190237 Error = 1.19e-23 FLOPS = 1.14e+06 Tdav = 0.00 T = 0.04
 --> Site =   56-  57 .. Mmps =    8 Ndav =   1 E =   -411.7819190237 Error = 8.30e-24 FLOPS = 1.17e+06 Tdav = 0.00 T = 0.04
 --> Site =   57-  58 .. Mmps =    8 Ndav =   1 E =   -411.7819190237 Error = 4.56e-24 FLOPS = 1.15e+06 Tdav = 0.00 T = 0.04
 --> Site =   58-  59 .. Mmps =    8 Ndav =   1 E =   -411.7819190237 Error = 3.17e-24 FLOPS = 1.13e+06 Tdav = 0.00 T = 0.04
 --> Site =   59-  60 .. Mmps =    8 Ndav =   1 E =   -411.7819190237 Error = 3.44e-21 FLOPS = 1.13e+06 Tdav = 0.00 T = 0.04
 --> Site =   60-  61 .. Mmps =    8 Ndav =   1 E =   -411.7819190237 Error = 7.76e-25 FLOPS = 1.11e+06 Tdav = 0.00 T = 0.04
 --> Site =   61-  62 .. Mmps =    8 Ndav =   1 E =   -411.7819190237 Error = 4.18e-26 FLOPS = 1.09e+06 Tdav = 0.00 T = 0.03
 --> Site =   62-  63 .. Mmps =    8 Ndav =   1 E =   -411.7819190237 Error = 7.88e-26 FLOPS = 1.12e+06 Tdav = 0.00 T = 0.03
 --> Site =   63-  64 .. Mmps =    8 Ndav =   1 E =   -411.7819190237 Error = 9.99e-27 FLOPS = 1.13e+06 Tdav = 0.00 T = 0.03
 --> Site =   64-  65 .. Mmps =    8 Ndav =   1 E =   -411.7819190237 Error = 2.70e-25 FLOPS = 1.08e+06 Tdav = 0.00 T = 0.03
 --> Site =   65-  66 .. Mmps =    8 Ndav =   1 E =   -411.7819190237 Error = 4.66e-25 FLOPS = 1.10e+06 Tdav = 0.00 T = 0.03
 --> Site =   66-  67 .. Mmps =    8 Ndav =   1 E =   -411.7819190237 Error = 2.14e-21 FLOPS = 1.03e+06 Tdav = 0.00 T = 0.04
 --> Site =   67-  68 .. Mmps =    8 Ndav =   1 E =   -411.7819190237 Error = 3.29e-25 FLOPS = 1.11e+06 Tdav = 0.00 T = 0.02
 --> Site =   68-  69 .. Mmps =    8 Ndav =   1 E =   -411.7819190237 Error = 3.91e-27 FLOPS = 1.08e+06 Tdav = 0.00 T = 0.03
 --> Site =   69-  70 .. Mmps =    8 Ndav =   1 E =   -411.7819190237 Error = 6.60e-32 FLOPS = 1.04e+06 Tdav = 0.00 T = 0.03
 --> Site =   70-  71 .. Mmps =    8 Ndav =   1 E =   -411.7819190237 Error = 3.08e-32 FLOPS = 1.03e+06 Tdav = 0.00 T = 0.03
 --> Site =   71-  72 .. Mmps =    8 Ndav =   1 E =   -411.7819190237 Error = 2.88e-27 FLOPS = 1.09e+06 Tdav = 0.00 T = 0.03
 --> Site =   72-  73 .. Mmps =    8 Ndav =   1 E =   -411.7819190237 Error = 2.91e-25 FLOPS = 1.14e+06 Tdav = 0.00 T = 0.03
 --> Site =   73-  74 .. Mmps =    8 Ndav =   1 E =   -411.7819190237 Error = 2.59e-25 FLOPS = 1.88e+06 Tdav = 0.00 T = 0.03
 --> Site =   74-  75 .. Mmps =    8 Ndav =   1 E =   -411.7819190237 Error = 2.46e-25 FLOPS = 4.17e+06 Tdav = 0.00 T = 0.03
 --> Site =   75-  76 .. Mmps =    8 Ndav =   1 E =   -411.7819190237 Error = 2.02e-33 FLOPS = 3.17e+06 Tdav = 0.00 T = 0.02
 --> Site =   76-  77 .. Mmps =    8 Ndav =   1 E =   -411.7819190237 Error = 1.48e-25 FLOPS = 1.88e+06 Tdav = 0.00 T = 0.02
 --> Site =   77-  78 .. Mmps =    8 Ndav =   1 E =   -411.7819190237 Error = 1.16e-23 FLOPS = 1.26e+06 Tdav = 0.00 T = 0.02
 --> Site =   78-  79 .. Mmps =    6 Ndav =   1 E =   -411.7819190237 Error = 5.02e-32 FLOPS = 4.35e+05 Tdav = 0.00 T = 0.01
Time elapsed =      8.125 | E =    -411.7819190237 | DW = 3.50e-20
Time sweep =        8.125 | 9.08 MFLOP/SWP
 | Dmem = 687 KB (1%) | Imem = 4.51 MB (86%) | Hmem = 10.5 MB | Pmem = 26.4 KB
 | Tread = 0.293 | Twrite = 0.069 | Tfpread = 0.150 | Tfpwrite = 0.029 | Tmporead = 0.000 | Tasync = 0.000
 | data = 1.71 MB | cpsd = 587 KB
 | Trot = 0.038 | Tctr = 0.025 | Tint = 0.004 | Tmid = 0.000 | Tdctr = 0.202 | Tdiag = 0.277 | Tinfo = 0.124
 | Teff = 4.440 | Tprt = 0.440 | Teig = 1.072 | Tblk = 7.750 | Tmve = 0.334 | Tdm = 0.042 | Tsplt = 0.463 | Tsvd = 0.000 | Torth = 0.001

Sweep =    1 | Direction = backward | Bond dimension =  400 | Noise =  1.00e-03 | Dav threshold =  1.00e-06
 <-- Site =   78-  79 .. Mmps =    2 Ndav =   1 E =   -411.7819190237 Error = 0.00e+00 FLOPS = 5.02e+05 Tdav = 0.00 T = 0.03
 <-- Site =   77-  78 .. Mmps =    2 Ndav =   1 E =   -411.7819190237 Error = 1.95e-29 FLOPS = 1.16e+06 Tdav = 0.00 T = 0.01
 <-- Site =   76-  77 .. Mmps =    2 Ndav =   1 E =   -411.7819190237 Error = 1.22e-30 FLOPS = 1.30e+06 Tdav = 0.00 T = 0.01
 <-- Site =   75-  76 .. Mmps =    2 Ndav =   1 E =   -411.7819190237 Error = 3.21e-29 FLOPS = 1.23e+06 Tdav = 0.00 T = 0.01
 <-- Site =   74-  75 .. Mmps =    2 Ndav =   1 E =   -411.7819190237 Error = 3.81e-29 FLOPS = 1.29e+06 Tdav = 0.00 T = 0.01
 <-- Site =   73-  74 .. Mmps =    2 Ndav =   1 E =   -411.7819190237 Error = 5.86e-30 FLOPS = 1.33e+06 Tdav = 0.00 T = 0.01
 <-- Site =   72-  73 .. Mmps =    2 Ndav =   1 E =   -411.7819190237 Error = 4.11e-29 FLOPS = 1.30e+06 Tdav = 0.00 T = 0.01
 <-- Site =   71-  72 .. Mmps =    2 Ndav =   1 E =   -411.7819190237 Error = 1.99e-27 FLOPS = 1.32e+06 Tdav = 0.00 T = 0.01
 <-- Site =   70-  71 .. Mmps =    2 Ndav =   1 E =   -411.7819190237 Error = 2.18e-27 FLOPS = 1.27e+06 Tdav = 0.00 T = 0.01
 <-- Site =   69-  70 .. Mmps =    2 Ndav =   1 E =   -411.7819190237 Error = 7.98e-26 FLOPS = 1.33e+06 Tdav = 0.00 T = 0.01
 <-- Site =   68-  69 .. Mmps =    2 Ndav =   1 E =   -411.7819190237 Error = 1.14e-25 FLOPS = 1.39e+06 Tdav = 0.00 T = 0.01
 <-- Site =   67-  68 .. Mmps =    2 Ndav =   1 E =   -411.7819190237 Error = 1.32e-25 FLOPS = 1.30e+06 Tdav = 0.00 T = 0.01
 <-- Site =   66-  67 .. Mmps =    2 Ndav =   1 E =   -411.7819190237 Error = 2.47e-26 FLOPS = 1.40e+06 Tdav = 0.00 T = 0.01
 <-- Site =   65-  66 .. Mmps =    2 Ndav =   1 E =   -411.7819190237 Error = 1.36e-24 FLOPS = 1.31e+06 Tdav = 0.00 T = 0.01
 <-- Site =   64-  65 .. Mmps =    2 Ndav =   1 E =   -411.7819190237 Error = 1.86e-24 FLOPS = 1.36e+06 Tdav = 0.00 T = 0.01
 <-- Site =   63-  64 .. Mmps =    2 Ndav =   1 E =   -411.7819190237 Error = 3.75e-24 FLOPS = 1.18e+06 Tdav = 0.00 T = 0.04
 <-- Site =   62-  63 .. Mmps =    2 Ndav =   1 E =   -411.7819190237 Error = 8.00e-24 FLOPS = 1.38e+06 Tdav = 0.00 T = 0.02
 <-- Site =   61-  62 .. Mmps =    2 Ndav =   1 E =   -411.7819190237 Error = 8.05e-24 FLOPS = 1.07e+06 Tdav = 0.00 T = 0.03
 <-- Site =   60-  61 .. Mmps =    2 Ndav =   1 E =   -411.7819190237 Error = 1.06e-22 FLOPS = 1.40e+06 Tdav = 0.00 T = 0.01
 <-- Site =   59-  60 .. Mmps =    2 Ndav =   1 E =   -411.7819190237 Error = 1.28e-22 FLOPS = 1.31e+06 Tdav = 0.00 T = 0.01
 <-- Site =   58-  59 .. Mmps =    2 Ndav =   1 E =   -411.7819190237 Error = 2.49e-22 FLOPS = 1.34e+06 Tdav = 0.00 T = 0.01
 <-- Site =   57-  58 .. Mmps =    2 Ndav =   1 E =   -411.7819190237 Error = 7.18e-22 FLOPS = 1.28e+06 Tdav = 0.00 T = 0.04
 <-- Site =   56-  57 .. Mmps =    2 Ndav =   1 E =   -411.7819190237 Error = 5.10e-22 FLOPS = 2.16e+06 Tdav = 0.00 T = 0.01
 <-- Site =   55-  56 .. Mmps =    2 Ndav =   1 E =   -411.7819190237 Error = 1.58e-21 FLOPS = 1.24e+06 Tdav = 0.00 T = 0.01
 <-- Site =   54-  55 .. Mmps =    2 Ndav =   1 E =   -411.7819190237 Error = 1.59e-21 FLOPS = 1.43e+06 Tdav = 0.00 T = 0.01
 <-- Site =   53-  54 .. Mmps =    2 Ndav =   1 E =   -411.7819190237 Error = 7.59e-21 FLOPS = 1.39e+06 Tdav = 0.00 T = 0.01
 <-- Site =   52-  53 .. Mmps =    3 Ndav =   1 E =   -411.7819190237 Error = 5.59e-24 FLOPS = 1.41e+06 Tdav = 0.00 T = 0.01
 <-- Site =   51-  52 .. Mmps =    3 Ndav =   1 E =   -411.7819190237 Error = 7.53e-22 FLOPS = 1.94e+06 Tdav = 0.00 T = 0.01
 <-- Site =   50-  51 .. Mmps =    4 Ndav =   1 E =   -411.7819190237 Error = 1.04e-22 FLOPS = 1.72e+06 Tdav = 0.00 T = 0.01
 <-- Site =   49-  50 .. Mmps =    4 Ndav =   1 E =   -411.7819190237 Error = 3.27e-22 FLOPS = 2.87e+06 Tdav = 0.00 T = 0.01
 <-- Site =   48-  49 .. Mmps =    4 Ndav =   1 E =   -411.7819190237 Error = 5.28e-22 FLOPS = 2.97e+06 Tdav = 0.00 T = 0.41
 <-- Site =   47-  48 .. Mmps =    4 Ndav =   1 E =   -411.7819190237 Error = 5.05e-21 FLOPS = 2.03e+06 Tdav = 0.00 T = 0.03
 <-- Site =   46-  47 .. Mmps =    5 Ndav =   1 E =   -411.7819190237 Error = 5.08e-21 FLOPS = 4.57e+06 Tdav = 0.00 T = 0.01
 <-- Site =   45-  46 .. Mmps =    6 Ndav =   1 E =   -411.7819190237 Error = 4.51e-21 FLOPS = 6.08e+06 Tdav = 0.00 T = 0.01
 <-- Site =   44-  45 .. Mmps =    7 Ndav =   1 E =   -411.7819190237 Error = 9.70e-24 FLOPS = 1.23e+07 Tdav = 0.00 T = 0.02
 <-- Site =   43-  44 .. Mmps =   10 Ndav =   1 E =   -411.7819190237 Error = 1.20e-23 FLOPS = 3.36e+07 Tdav = 0.00 T = 0.02
 <-- Site =   42-  43 .. Mmps =   10 Ndav =   1 E =   -411.7819190237 Error = 6.71e-23 FLOPS = 4.45e+07 Tdav = 0.00 T = 0.02
 <-- Site =   41-  42 .. Mmps =   14 Ndav =   1 E =   -411.7819190237 Error = 8.81e-21 FLOPS = 7.60e+07 Tdav = 0.00 T = 0.02
 <-- Site =   40-  41 .. Mmps =   17 Ndav =   1 E =   -411.7819190237 Error = 4.01e-21 FLOPS = 8.63e+07 Tdav = 0.00 T = 0.02
 <-- Site =   39-  40 .. Mmps =   19 Ndav =   1 E =   -411.7819190237 Error = 6.28e-21 FLOPS = 1.48e+08 Tdav = 0.00 T = 0.02
 <-- Site =   38-  39 .. Mmps =   22 Ndav =   1 E =   -411.7819190237 Error = 1.20e-21 FLOPS = 1.06e+08 Tdav = 0.00 T = 0.02
 <-- Site =   37-  38 .. Mmps =   28 Ndav =   1 E =   -411.7819190237 Error = 5.81e-21 FLOPS = 1.38e+08 Tdav = 0.00 T = 0.02
 <-- Site =   36-  37 .. Mmps =   32 Ndav =   1 E =   -411.7819190237 Error = 8.99e-21 FLOPS = 1.44e+08 Tdav = 0.00 T = 0.02
 <-- Site =   35-  36 .. Mmps =   35 Ndav =   1 E =   -411.7819190237 Error = 5.09e-21 FLOPS = 1.75e+08 Tdav = 0.00 T = 0.02
 <-- Site =   34-  35 .. Mmps =   33 Ndav =   1 E =   -411.7819190237 Error = 2.11e-20 FLOPS = 1.12e+08 Tdav = 0.00 T = 0.02
 <-- Site =   33-  34 .. Mmps =   28 Ndav =   1 E =   -411.7819190237 Error = 1.14e-20 FLOPS = 1.04e+08 Tdav = 0.00 T = 0.02
 <-- Site =   32-  33 .. Mmps =   26 Ndav =   1 E =   -411.7819190237 Error = 5.70e-21 FLOPS = 8.29e+07 Tdav = 0.00 T = 0.02
 <-- Site =   31-  32 .. Mmps =   23 Ndav =   1 E =   -411.7819190237 Error = 2.16e-21 FLOPS = 8.65e+07 Tdav = 0.00 T = 0.02
 <-- Site =   30-  31 .. Mmps =   21 Ndav =   1 E =   -411.7819190237 Error = 6.90e-21 FLOPS = 7.29e+07 Tdav = 0.00 T = 0.02
 <-- Site =   29-  30 .. Mmps =   21 Ndav =   1 E =   -411.7819190237 Error = 2.48e-22 FLOPS = 6.20e+07 Tdav = 0.00 T = 0.02
 <-- Site =   28-  29 .. Mmps =   21 Ndav =   1 E =   -411.7819190237 Error = 3.12e-23 FLOPS = 7.11e+07 Tdav = 0.00 T = 0.02
 <-- Site =   27-  28 .. Mmps =   20 Ndav =   1 E =   -411.7819190237 Error = 1.17e-23 FLOPS = 6.41e+07 Tdav = 0.00 T = 0.02
 <-- Site =   26-  27 .. Mmps =   20 Ndav =   1 E =   -411.7819190237 Error = 2.11e-23 FLOPS = 6.72e+07 Tdav = 0.00 T = 0.02
 <-- Site =   25-  26 .. Mmps =   20 Ndav =   1 E =   -411.7819190237 Error = 9.86e-25 FLOPS = 6.59e+07 Tdav = 0.00 T = 0.02
 <-- Site =   24-  25 .. Mmps =   19 Ndav =   1 E =   -411.7819190237 Error = 3.38e-22 FLOPS = 6.51e+07 Tdav = 0.00 T = 0.02
 <-- Site =   23-  24 .. Mmps =   20 Ndav =   1 E =   -411.7819190237 Error = 1.50e-25 FLOPS = 5.00e+07 Tdav = 0.00 T = 0.02
 <-- Site =   22-  23 .. Mmps =   20 Ndav =   1 E =   -411.7819190237 Error = 1.54e-25 FLOPS = 5.22e+07 Tdav = 0.00 T = 0.02
 <-- Site =   21-  22 .. Mmps =   19 Ndav =   1 E =   -411.7819190237 Error = 2.15e-25 FLOPS = 5.02e+07 Tdav = 0.00 T = 0.02
 <-- Site =   20-  21 .. Mmps =   22 Ndav =  12 E =   -412.0192222323 Error = 1.98e-21 FLOPS = 6.24e+07 Tdav = 0.00 T = 0.02
 <-- Site =   19-  20 .. Mmps =   24 Ndav =   1 E =   -412.0192222323 Error = 3.03e-21 FLOPS = 6.51e+07 Tdav = 0.00 T = 0.02
 <-- Site =   18-  19 .. Mmps =   23 Ndav =   1 E =   -412.0192222323 Error = 4.41e-21 FLOPS = 7.01e+07 Tdav = 0.00 T = 0.02
 <-- Site =   17-  18 .. Mmps =   23 Ndav =   1 E =   -412.0192222323 Error = 5.48e-22 FLOPS = 6.79e+07 Tdav = 0.00 T = 0.02
 <-- Site =   16-  17 .. Mmps =   24 Ndav =   1 E =   -412.0192222323 Error = 1.93e-21 FLOPS = 6.12e+07 Tdav = 0.00 T = 0.02
 <-- Site =   15-  16 .. Mmps =   25 Ndav =   1 E =   -412.0192222323 Error = 8.68e-22 FLOPS = 6.51e+07 Tdav = 0.00 T = 0.02
 <-- Site =   14-  15 .. Mmps =   26 Ndav =   1 E =   -412.0192222323 Error = 1.20e-21 FLOPS = 6.63e+07 Tdav = 0.00 T = 0.03
 <-- Site =   13-  14 .. Mmps =   42 Ndav =   1 E =   -412.0192222323 Error = 8.14e-22 FLOPS = 1.16e+08 Tdav = 0.00 T = 0.02
 <-- Site =   12-  13 .. Mmps =   42 Ndav =   1 E =   -412.0192222323 Error = 1.15e-20 FLOPS = 1.27e+08 Tdav = 0.00 T = 0.02
 <-- Site =   11-  12 .. Mmps =   45 Ndav =   1 E =   -412.0192222323 Error = 3.50e-21 FLOPS = 1.29e+08 Tdav = 0.00 T = 0.02
 <-- Site =   10-  11 .. Mmps =   49 Ndav =   1 E =   -412.0192222323 Error = 2.85e-21 FLOPS = 1.39e+08 Tdav = 0.00 T = 0.02
 <-- Site =    9-  10 .. Mmps =   51 Ndav =   1 E =   -412.0192222323 Error = 1.03e-20 FLOPS = 1.38e+08 Tdav = 0.00 T = 0.10
 <-- Site =    8-   9 .. Mmps =   51 Ndav =   1 E =   -412.0192222323 Error = 4.27e-20 FLOPS = 1.15e+08 Tdav = 0.00 T = 0.09
 <-- Site =    7-   8 .. Mmps =   50 Ndav =   1 E =   -412.0192222323 Error = 1.57e-20 FLOPS = 2.45e+08 Tdav = 0.00 T = 0.01
 <-- Site =    6-   7 .. Mmps =   41 Ndav =   1 E =   -412.0192222323 Error = 1.83e-20 FLOPS = 9.66e+07 Tdav = 0.00 T = 0.02
 <-- Site =    5-   6 .. Mmps =   37 Ndav =   1 E =   -412.0192222323 Error = 1.39e-20 FLOPS = 6.54e+07 Tdav = 0.00 T = 0.02
 <-- Site =    4-   5 .. Mmps =   33 Ndav =   1 E =   -412.0192222323 Error = 7.96e-21 FLOPS = 6.65e+07 Tdav = 0.00 T = 0.02
 <-- Site =    3-   4 .. Mmps =   28 Ndav =   1 E =   -412.0192222323 Error = 3.88e-21 FLOPS = 4.66e+07 Tdav = 0.00 T = 0.02
 <-- Site =    2-   3 .. Mmps =   24 Ndav =   1 E =   -412.0192222323 Error = 5.83e-21 FLOPS = 2.61e+07 Tdav = 0.00 T = 0.02
 <-- Site =    1-   2 .. Mmps =   19 Ndav =   1 E =   -412.0192222323 Error = 7.17e-21 FLOPS = 1.47e+07 Tdav = 0.00 T = 0.02
 <-- Site =    0-   1 .. Mmps =   15 Ndav =   1 E =   -412.0192222323 Error = 3.41e-21 FLOPS = 6.61e+06 Tdav = 0.00 T = 0.01
Time elapsed =     10.059 | E =    -412.0192222323 | DE = -2.37e-01 | DW = 4.27e-20
Time sweep =        1.933 | 2.29 MFLOP/SWP
 | Dmem = 117 KB (21%) | Imem = 7.80 KB (93%) | Hmem = 943 KB | Pmem = 71.8 KB
 | Tread = 0.039 | Twrite = 0.060 | Tfpread = 0.016 | Tfpwrite = 0.022 | Tmporead = 0.000 | Tasync = 0.000
 | data = 979 KB | cpsd = 306 KB
 | Trot = 0.025 | Tctr = 0.027 | Tint = 0.004 | Tmid = 0.000 | Tdctr = 0.005 | Tdiag = 0.109 | Tinfo = 0.115
 | Teff = 0.300 | Tprt = 0.298 | Teig = 0.036 | Tblk = 1.643 | Tmve = 0.271 | Tdm = 0.003 | Tsplt = 0.184 | Tsvd = 0.000 | Torth = 0.000

Sweep =    2 | Direction =  forward | Bond dimension =  500 | Noise =  1.00e-04 | Dav threshold =  1.00e-06
 --> Site =    0-   1 .. Mmps =    4 Ndav =   1 E =   -412.0192222323 Error = 0.00e+00 FLOPS = 6.96e+06 Tdav = 0.00 T = 0.01
 --> Site =    1-   2 .. Mmps =    6 Ndav =   1 E =   -412.0192222323 Error = 4.24e-22 FLOPS = 1.45e+07 Tdav = 0.00 T = 0.01
 --> Site =    2-   3 .. Mmps =    8 Ndav =   1 E =   -412.0192222323 Error = 3.87e-23 FLOPS = 2.26e+07 Tdav = 0.00 T = 0.01
 --> Site =    3-   4 .. Mmps =    9 Ndav =   1 E =   -412.0192222323 Error = 3.93e-21 FLOPS = 3.41e+07 Tdav = 0.00 T = 0.02
 --> Site =    4-   5 .. Mmps =   12 Ndav =   1 E =   -412.0192222323 Error = 4.39e-21 FLOPS = 4.29e+07 Tdav = 0.00 T = 0.02
 --> Site =    5-   6 .. Mmps =   15 Ndav =   1 E =   -412.0192222323 Error = 4.33e-21 FLOPS = 5.73e+07 Tdav = 0.00 T = 0.02
 --> Site =    6-   7 .. Mmps =   17 Ndav =   1 E =   -412.0192222323 Error = 3.62e-21 FLOPS = 7.73e+07 Tdav = 0.00 T = 0.02
 --> Site =    7-   8 .. Mmps =   20 Ndav =   1 E =   -412.0192222323 Error = 5.20e-21 FLOPS = 9.54e+07 Tdav = 0.00 T = 0.02
 --> Site =    8-   9 .. Mmps =   22 Ndav =   1 E =   -412.0192222323 Error = 7.55e-21 FLOPS = 1.19e+08 Tdav = 0.00 T = 0.02
 --> Site =    9-  10 .. Mmps =   23 Ndav =   1 E =   -412.0192222323 Error = 1.05e-20 FLOPS = 1.24e+08 Tdav = 0.00 T = 0.02
 --> Site =   10-  11 .. Mmps =   25 Ndav =   1 E =   -412.0192222323 Error = 1.18e-20 FLOPS = 1.16e+08 Tdav = 0.00 T = 0.02
 --> Site =   11-  12 .. Mmps =   28 Ndav =   1 E =   -412.0192222323 Error = 7.72e-22 FLOPS = 1.23e+08 Tdav = 0.00 T = 0.02
 --> Site =   12-  13 .. Mmps =   27 Ndav =   1 E =   -412.0192222323 Error = 1.19e-20 FLOPS = 1.28e+08 Tdav = 0.00 T = 0.02
 --> Site =   13-  14 .. Mmps =   26 Ndav =   1 E =   -412.0192222323 Error = 1.16e-20 FLOPS = 1.11e+08 Tdav = 0.00 T = 0.02
 --> Site =   14-  15 .. Mmps =   26 Ndav =   1 E =   -412.0192222323 Error = 8.80e-21 FLOPS = 9.19e+07 Tdav = 0.00 T = 0.03
 --> Site =   15-  16 .. Mmps =   26 Ndav =   1 E =   -412.0192222323 Error = 7.92e-22 FLOPS = 9.73e+07 Tdav = 0.00 T = 0.02
 --> Site =   16-  17 .. Mmps =   26 Ndav =   1 E =   -412.0192222323 Error = 1.12e-21 FLOPS = 9.56e+07 Tdav = 0.00 T = 0.02
 --> Site =   17-  18 .. Mmps =   26 Ndav =   1 E =   -412.0192222323 Error = 6.51e-21 FLOPS = 9.80e+07 Tdav = 0.00 T = 0.01
 --> Site =   18-  19 .. Mmps =   26 Ndav =   1 E =   -412.0192222323 Error = 2.95e-21 FLOPS = 9.97e+07 Tdav = 0.00 T = 0.02
 --> Site =   19-  20 .. Mmps =   26 Ndav =   1 E =   -412.0192222323 Error = 9.40e-21 FLOPS = 9.11e+07 Tdav = 0.00 T = 0.04
 --> Site =   20-  21 .. Mmps =   26 Ndav =   1 E =   -412.0192222323 Error = 5.91e-21 FLOPS = 8.36e+07 Tdav = 0.00 T = 0.02
 --> Site =   21-  22 .. Mmps =   26 Ndav =   1 E =   -412.0192222323 Error = 1.62e-21 FLOPS = 8.91e+07 Tdav = 0.00 T = 0.02
 --> Site =   22-  23 .. Mmps =   26 Ndav =   1 E =   -412.0192222323 Error = 6.06e-21 FLOPS = 9.01e+07 Tdav = 0.00 T = 0.02
 --> Site =   23-  24 .. Mmps =   26 Ndav =   1 E =   -412.0192222323 Error = 2.36e-21 FLOPS = 8.30e+07 Tdav = 0.00 T = 0.02
 --> Site =   24-  25 .. Mmps =   27 Ndav =   1 E =   -412.0192222323 Error = 5.96e-21 FLOPS = 9.04e+07 Tdav = 0.00 T = 0.02
 --> Site =   25-  26 .. Mmps =   27 Ndav =   1 E =   -412.0192222323 Error = 8.18e-21 FLOPS = 9.13e+07 Tdav = 0.00 T = 0.02
 --> Site =   26-  27 .. Mmps =   28 Ndav =   1 E =   -412.0192222323 Error = 8.71e-21 FLOPS = 8.92e+07 Tdav = 0.00 T = 0.02
 --> Site =   27-  28 .. Mmps =   28 Ndav =   1 E =   -412.0192222323 Error = 5.50e-21 FLOPS = 9.53e+07 Tdav = 0.00 T = 0.02
 --> Site =   28-  29 .. Mmps =   30 Ndav =   1 E =   -412.0192222323 Error = 1.60e-20 FLOPS = 9.65e+07 Tdav = 0.00 T = 0.02
 --> Site =   29-  30 .. Mmps =   30 Ndav =   1 E =   -412.0192222323 Error = 1.21e-20 FLOPS = 1.02e+08 Tdav = 0.00 T = 0.02
 --> Site =   30-  31 .. Mmps =   31 Ndav =   1 E =   -412.0192222323 Error = 9.22e-21 FLOPS = 1.15e+08 Tdav = 0.00 T = 0.02
 --> Site =   31-  32 .. Mmps =   31 Ndav =   1 E =   -412.0192222323 Error = 1.36e-20 FLOPS = 1.36e+08 Tdav = 0.00 T = 0.02
 --> Site =   32-  33 .. Mmps =   33 Ndav =   1 E =   -412.0192222323 Error = 1.32e-20 FLOPS = 1.34e+08 Tdav = 0.00 T = 0.02
 --> Site =   33-  34 .. Mmps =   39 Ndav =   1 E =   -412.0192222323 Error = 7.99e-21 FLOPS = 1.67e+08 Tdav = 0.00 T = 0.02
 --> Site =   34-  35 .. Mmps =   41 Ndav =   1 E =   -412.0192222323 Error = 1.71e-20 FLOPS = 1.95e+08 Tdav = 0.00 T = 0.02
 --> Site =   35-  36 .. Mmps =   48 Ndav =   1 E =   -412.0192222323 Error = 2.56e-20 FLOPS = 3.09e+08 Tdav = 0.00 T = 0.02
 --> Site =   36-  37 .. Mmps =   63 Ndav =   1 E =   -412.0192222323 Error = 2.93e-20 FLOPS = 3.03e+08 Tdav = 0.00 T = 0.02
 --> Site =   37-  38 .. Mmps =   56 Ndav =   1 E =   -412.0192222323 Error = 4.59e-20 FLOPS = 3.10e+08 Tdav = 0.00 T = 0.03
 --> Site =   38-  39 .. Mmps =   64 Ndav =   1 E =   -412.0192222323 Error = 3.17e-20 FLOPS = 2.33e+08 Tdav = 0.00 T = 0.02
 --> Site =   39-  40 .. Mmps =   51 Ndav =   1 E =   -412.0192222323 Error = 3.76e-20 FLOPS = 3.04e+08 Tdav = 0.00 T = 0.03
 --> Site =   40-  41 .. Mmps =   57 Ndav =   1 E =   -412.0192222323 Error = 8.45e-21 FLOPS = 2.03e+08 Tdav = 0.00 T = 0.02
 --> Site =   41-  42 .. Mmps =   38 Ndav =   1 E =   -412.0192222323 Error = 1.53e-20 FLOPS = 1.82e+08 Tdav = 0.00 T = 0.02
 --> Site =   42-  43 .. Mmps =   38 Ndav =   1 E =   -412.0192222323 Error = 1.76e-20 FLOPS = 9.89e+07 Tdav = 0.00 T = 0.02
 --> Site =   43-  44 .. Mmps =   25 Ndav =   1 E =   -412.0192222323 Error = 2.45e-20 FLOPS = 8.26e+07 Tdav = 0.00 T = 0.02
 --> Site =   44-  45 .. Mmps =   19 Ndav =   1 E =   -412.0192222323 Error = 5.97e-21 FLOPS = 2.76e+07 Tdav = 0.00 T = 0.02
 --> Site =   45-  46 .. Mmps =   12 Ndav =   1 E =   -412.0192222323 Error = 1.61e-20 FLOPS = 1.44e+07 Tdav = 0.00 T = 0.01
 --> Site =   46-  47 .. Mmps =   11 Ndav =   1 E =   -412.0192222323 Error = 3.02e-21 FLOPS = 4.28e+06 Tdav = 0.00 T = 0.01
 --> Site =   47-  48 .. Mmps =    9 Ndav =   1 E =   -412.0192222323 Error = 1.44e-20 FLOPS = 3.24e+06 Tdav = 0.00 T = 0.01
 --> Site =   48-  49 .. Mmps =    9 Ndav =   1 E =   -412.0192222323 Error = 1.33e-20 FLOPS = 2.65e+06 Tdav = 0.00 T = 0.01
 --> Site =   49-  50 .. Mmps =    9 Ndav =   1 E =   -412.0192222323 Error = 7.99e-21 FLOPS = 2.77e+06 Tdav = 0.00 T = 0.01
 --> Site =   50-  51 .. Mmps =    9 Ndav =   1 E =   -412.0192222323 Error = 1.67e-21 FLOPS = 2.11e+06 Tdav = 0.00 T = 0.01
 --> Site =   51-  52 .. Mmps =    8 Ndav =   1 E =   -412.0192222323 Error = 6.53e-21 FLOPS = 2.13e+06 Tdav = 0.00 T = 0.01
 --> Site =   52-  53 .. Mmps =    8 Ndav =   1 E =   -412.0192222323 Error = 2.78e-21 FLOPS = 1.46e+06 Tdav = 0.00 T = 0.01
 --> Site =   53-  54 .. Mmps =    6 Ndav =   1 E =   -412.0192222323 Error = 1.08e-21 FLOPS = 1.58e+06 Tdav = 0.00 T = 0.02
 --> Site =   54-  55 .. Mmps =    6 Ndav =   1 E =   -412.0192222323 Error = 1.89e-27 FLOPS = 6.70e+05 Tdav = 0.00 T = 0.01
 --> Site =   55-  56 .. Mmps =    4 Ndav =   1 E =   -412.0192222323 Error = 4.21e-36 FLOPS = 7.36e+05 Tdav = 0.00 T = 0.01
 --> Site =   56-  57 .. Mmps =    4 Ndav =   1 E =   -412.0192222323 Error = 0.00e+00 FLOPS = 1.97e+05 Tdav = 0.00 T = 0.01
 --> Site =   57-  58 .. Mmps =    4 Ndav =   1 E =   -412.0192222323 Error = 0.00e+00 FLOPS = 1.85e+05 Tdav = 0.00 T = 0.01
 --> Site =   58-  59 .. Mmps =    4 Ndav =   1 E =   -412.0192222323 Error = 0.00e+00 FLOPS = 2.02e+05 Tdav = 0.00 T = 0.01
 --> Site =   59-  60 .. Mmps =    4 Ndav =   1 E =   -412.0192222323 Error = 0.00e+00 FLOPS = 1.99e+05 Tdav = 0.00 T = 0.01
 --> Site =   60-  61 .. Mmps =    4 Ndav =   1 E =   -412.0192222323 Error = 0.00e+00 FLOPS = 1.79e+05 Tdav = 0.00 T = 0.01
 --> Site =   61-  62 .. Mmps =    4 Ndav =   1 E =   -412.0192222323 Error = 0.00e+00 FLOPS = 1.97e+05 Tdav = 0.00 T = 0.01
 --> Site =   62-  63 .. Mmps =    4 Ndav =   1 E =   -412.0192222323 Error = 0.00e+00 FLOPS = 1.90e+05 Tdav = 0.00 T = 0.01
 --> Site =   63-  64 .. Mmps =    4 Ndav =   1 E =   -412.0192222323 Error = 0.00e+00 FLOPS = 1.62e+05 Tdav = 0.00 T = 0.01
 --> Site =   64-  65 .. Mmps =    4 Ndav =   1 E =   -412.0192222323 Error = 0.00e+00 FLOPS = 1.86e+05 Tdav = 0.00 T = 0.01
 --> Site =   65-  66 .. Mmps =    4 Ndav =   1 E =   -412.0192222323 Error = 0.00e+00 FLOPS = 2.07e+05 Tdav = 0.00 T = 0.01
 --> Site =   66-  67 .. Mmps =    4 Ndav =   1 E =   -412.0192222323 Error = 0.00e+00 FLOPS = 2.00e+05 Tdav = 0.00 T = 0.01
 --> Site =   67-  68 .. Mmps =    4 Ndav =   1 E =   -412.0192222323 Error = 0.00e+00 FLOPS = 2.04e+05 Tdav = 0.00 T = 0.01
 --> Site =   68-  69 .. Mmps =    4 Ndav =   1 E =   -412.0192222323 Error = 0.00e+00 FLOPS = 1.83e+05 Tdav = 0.00 T = 0.01
 --> Site =   69-  70 .. Mmps =    4 Ndav =   1 E =   -412.0192222323 Error = 0.00e+00 FLOPS = 2.02e+05 Tdav = 0.00 T = 0.01
 --> Site =   70-  71 .. Mmps =    4 Ndav =   1 E =   -412.0192222323 Error = 0.00e+00 FLOPS = 6.80e+04 Tdav = 0.00 T = 0.01
 --> Site =   71-  72 .. Mmps =    4 Ndav =   1 E =   -412.0192222323 Error = 0.00e+00 FLOPS = 2.02e+05 Tdav = 0.00 T = 0.01
 --> Site =   72-  73 .. Mmps =    4 Ndav =   1 E =   -412.0192222323 Error = 0.00e+00 FLOPS = 1.95e+05 Tdav = 0.00 T = 0.01
 --> Site =   73-  74 .. Mmps =    4 Ndav =   1 E =   -412.0192222323 Error = 0.00e+00 FLOPS = 2.04e+05 Tdav = 0.00 T = 0.01
 --> Site =   74-  75 .. Mmps =    4 Ndav =   1 E =   -412.0192222323 Error = 0.00e+00 FLOPS = 2.06e+05 Tdav = 0.00 T = 0.01
 --> Site =   75-  76 .. Mmps =    4 Ndav =   1 E =   -412.0192222323 Error = 0.00e+00 FLOPS = 2.00e+05 Tdav = 0.00 T = 0.01
 --> Site =   76-  77 .. Mmps =    4 Ndav =   1 E =   -412.0192222323 Error = 0.00e+00 FLOPS = 1.90e+05 Tdav = 0.00 T = 0.01
 --> Site =   77-  78 .. Mmps =    4 Ndav =   1 E =   -412.0192222323 Error = 0.00e+00 FLOPS = 1.59e+05 Tdav = 0.00 T = 0.04
 --> Site =   78-  79 .. Mmps =    4 Ndav =   1 E =   -412.0192222323 Error = 0.00e+00 FLOPS = 8.90e+04 Tdav = 0.00 T = 0.01
Time elapsed =     11.410 | E =    -412.0192222323 | DE = 1.14e-13 | DW = 4.59e-20
Time sweep =        1.352 | 4.18 MFLOP/SWP
 | Dmem = 176 KB (26%) | Imem = 6.62 KB (96%) | Hmem = 1.13 MB | Pmem = 142 KB
 | Tread = 0.067 | Twrite = 0.062 | Tfpread = 0.024 | Tfpwrite = 0.024 | Tmporead = 0.000 | Tasync = 0.000
 | data = 1.44 MB | cpsd = 474 KB
 | Trot = 0.030 | Tctr = 0.018 | Tint = 0.004 | Tmid = 0.000 | Tdctr = 0.038 | Tdiag = 0.063 | Tinfo = 0.114
 | Teff = 0.273 | Tprt = 0.118 | Teig = 0.037 | Tblk = 1.088 | Tmve = 0.259 | Tdm = 0.004 | Tsplt = 0.059 | Tsvd = 0.000 | Torth = 0.000

Sweep =    3 | Direction = backward | Bond dimension =  500 | Noise =  1.00e-05 | Dav threshold =  1.00e-06
 <-- Site =   78-  79 .. Mmps =    1 Ndav =   1 E =   -412.0192222323 Error = 0.00e+00 FLOPS = 1.01e+05 Tdav = 0.00 T = 0.01
 <-- Site =   77-  78 .. Mmps =    1 Ndav =   1 E =   -412.0192222323 Error = 0.00e+00 FLOPS = 1.96e+05 Tdav = 0.00 T = 0.01
 <-- Site =   76-  77 .. Mmps =    1 Ndav =   1 E =   -412.0192222323 Error = 0.00e+00 FLOPS = 1.83e+05 Tdav = 0.00 T = 0.01
 <-- Site =   75-  76 .. Mmps =    1 Ndav =   1 E =   -412.0192222323 Error = 0.00e+00 FLOPS = 1.99e+05 Tdav = 0.00 T = 0.01
 <-- Site =   74-  75 .. Mmps =    1 Ndav =   1 E =   -412.0192222323 Error = 0.00e+00 FLOPS = 2.03e+05 Tdav = 0.00 T = 0.01
 <-- Site =   73-  74 .. Mmps =    1 Ndav =   1 E =   -412.0192222323 Error = 0.00e+00 FLOPS = 1.89e+05 Tdav = 0.00 T = 0.01
 <-- Site =   72-  73 .. Mmps =    1 Ndav =   1 E =   -412.0192222323 Error = 0.00e+00 FLOPS = 1.99e+05 Tdav = 0.00 T = 0.01
 <-- Site =   71-  72 .. Mmps =    1 Ndav =   1 E =   -412.0192222323 Error = 0.00e+00 FLOPS = 1.95e+05 Tdav = 0.00 T = 0.01
 <-- Site =   70-  71 .. Mmps =    1 Ndav =   1 E =   -412.0192222323 Error = 0.00e+00 FLOPS = 1.93e+05 Tdav = 0.00 T = 0.01
 <-- Site =   69-  70 .. Mmps =    1 Ndav =   1 E =   -412.0192222323 Error = 0.00e+00 FLOPS = 1.99e+05 Tdav = 0.00 T = 0.01
 <-- Site =   68-  69 .. Mmps =    1 Ndav =   1 E =   -412.0192222323 Error = 0.00e+00 FLOPS = 2.07e+05 Tdav = 0.00 T = 0.01
 <-- Site =   67-  68 .. Mmps =    1 Ndav =   1 E =   -412.0192222323 Error = 0.00e+00 FLOPS = 2.02e+05 Tdav = 0.00 T = 0.01
 <-- Site =   66-  67 .. Mmps =    1 Ndav =   1 E =   -412.0192222323 Error = 0.00e+00 FLOPS = 1.97e+05 Tdav = 0.00 T = 0.01
 <-- Site =   65-  66 .. Mmps =    1 Ndav =   1 E =   -412.0192222323 Error = 0.00e+00 FLOPS = 2.07e+05 Tdav = 0.00 T = 0.01
 <-- Site =   64-  65 .. Mmps =    1 Ndav =   1 E =   -412.0192222323 Error = 0.00e+00 FLOPS = 1.83e+05 Tdav = 0.00 T = 0.01
 <-- Site =   63-  64 .. Mmps =    1 Ndav =   1 E =   -412.0192222323 Error = 0.00e+00 FLOPS = 1.93e+05 Tdav = 0.00 T = 0.01
 <-- Site =   62-  63 .. Mmps =    1 Ndav =   1 E =   -412.0192222323 Error = 0.00e+00 FLOPS = 1.95e+05 Tdav = 0.00 T = 0.01
 <-- Site =   61-  62 .. Mmps =    1 Ndav =   1 E =   -412.0192222323 Error = 0.00e+00 FLOPS = 1.96e+05 Tdav = 0.00 T = 0.01
 <-- Site =   60-  61 .. Mmps =    1 Ndav =   1 E =   -412.0192222323 Error = 0.00e+00 FLOPS = 2.05e+05 Tdav = 0.00 T = 0.01
 <-- Site =   59-  60 .. Mmps =    1 Ndav =   1 E =   -412.0192222323 Error = 0.00e+00 FLOPS = 2.00e+05 Tdav = 0.00 T = 0.01
 <-- Site =   58-  59 .. Mmps =    1 Ndav =   1 E =   -412.0192222323 Error = 0.00e+00 FLOPS = 1.99e+05 Tdav = 0.00 T = 0.01
 <-- Site =   57-  58 .. Mmps =    1 Ndav =   1 E =   -412.0192222323 Error = 0.00e+00 FLOPS = 2.00e+05 Tdav = 0.00 T = 0.01
 <-- Site =   56-  57 .. Mmps =    1 Ndav =   1 E =   -412.0192222323 Error = 0.00e+00 FLOPS = 1.94e+05 Tdav = 0.00 T = 0.01
 <-- Site =   55-  56 .. Mmps =    2 Ndav =   1 E =   -412.0192222323 Error = 0.00e+00 FLOPS = 5.64e+05 Tdav = 0.00 T = 0.01
 <-- Site =   54-  55 .. Mmps =    2 Ndav =   1 E =   -412.0192222323 Error = 1.33e-55 FLOPS = 4.02e+05 Tdav = 0.00 T = 0.01
 <-- Site =   53-  54 .. Mmps =    2 Ndav =   1 E =   -412.0192222323 Error = 4.41e-23 FLOPS = 1.63e+06 Tdav = 0.00 T = 0.01
 <-- Site =   52-  53 .. Mmps =    3 Ndav =   1 E =   -412.0192222323 Error = 0.00e+00 FLOPS = 1.57e+06 Tdav = 0.00 T = 0.01
 <-- Site =   51-  52 .. Mmps =    3 Ndav =   1 E =   -412.0192222323 Error = 1.88e-23 FLOPS = 2.18e+06 Tdav = 0.00 T = 0.01
 <-- Site =   50-  51 .. Mmps =    4 Ndav =   1 E =   -412.0192222323 Error = 0.00e+00 FLOPS = 2.17e+06 Tdav = 0.00 T = 0.02
 <-- Site =   49-  50 .. Mmps =    4 Ndav =   1 E =   -412.0192222323 Error = 8.37e-22 FLOPS = 2.81e+06 Tdav = 0.00 T = 0.01
 <-- Site =   48-  49 .. Mmps =    4 Ndav =   1 E =   -412.0192222323 Error = 2.31e-22 FLOPS = 7.97e+05 Tdav = 0.00 T = 0.02
 <-- Site =   47-  48 .. Mmps =    5 Ndav =   1 E =   -412.0192222323 Error = 0.00e+00 FLOPS = 3.05e+06 Tdav = 0.00 T = 0.01
 <-- Site =   46-  47 .. Mmps =    6 Ndav =   1 E =   -412.0192222323 Error = 1.11e-20 FLOPS = 5.11e+06 Tdav = 0.00 T = 0.01
 <-- Site =   45-  46 .. Mmps =    8 Ndav =   1 E =   -412.0192222323 Error = 1.63e-31 FLOPS = 1.42e+07 Tdav = 0.00 T = 0.01
 <-- Site =   44-  45 .. Mmps =    8 Ndav =   1 E =   -412.0192222323 Error = 5.55e-31 FLOPS = 3.20e+07 Tdav = 0.00 T = 0.01
 <-- Site =   43-  44 .. Mmps =   11 Ndav =   1 E =   -412.0192222323 Error = 3.03e-23 FLOPS = 9.23e+07 Tdav = 0.00 T = 0.02
 <-- Site =   42-  43 .. Mmps =   11 Ndav =   1 E =   -412.0192222323 Error = 6.15e-22 FLOPS = 1.06e+08 Tdav = 0.00 T = 0.02
 <-- Site =   41-  42 .. Mmps =   15 Ndav =   1 E =   -412.0192222323 Error = 1.07e-20 FLOPS = 1.95e+08 Tdav = 0.00 T = 0.02
 <-- Site =   40-  41 .. Mmps =   15 Ndav =   1 E =   -412.0192222323 Error = 6.25e-21 FLOPS = 2.07e+08 Tdav = 0.00 T = 0.02
 <-- Site =   39-  40 .. Mmps =   20 Ndav =   1 E =   -412.0192222323 Error = 6.40e-21 FLOPS = 2.33e+08 Tdav = 0.00 T = 0.02
 <-- Site =   38-  39 .. Mmps =   22 Ndav =   1 E =   -412.0192222323 Error = 1.43e-20 FLOPS = 2.71e+08 Tdav = 0.00 T = 0.02
 <-- Site =   37-  38 .. Mmps =   32 Ndav =   1 E =   -412.0192222323 Error = 1.84e-20 FLOPS = 3.16e+08 Tdav = 0.00 T = 0.02
 <-- Site =   36-  37 .. Mmps =   34 Ndav =   1 E =   -412.0192222323 Error = 1.14e-20 FLOPS = 3.24e+08 Tdav = 0.00 T = 0.02
 <-- Site =   35-  36 .. Mmps =   41 Ndav =   1 E =   -412.0192222323 Error = 1.22e-20 FLOPS = 3.19e+08 Tdav = 0.00 T = 0.02
 <-- Site =   34-  35 .. Mmps =   45 Ndav =   1 E =   -412.0192222323 Error = 8.19e-21 FLOPS = 2.21e+08 Tdav = 0.00 T = 0.02
 <-- Site =   33-  34 .. Mmps =   38 Ndav =   1 E =   -412.0192222323 Error = 9.35e-21 FLOPS = 2.23e+08 Tdav = 0.00 T = 0.02
 <-- Site =   32-  33 .. Mmps =   32 Ndav =   1 E =   -412.0192222323 Error = 1.48e-20 FLOPS = 1.84e+08 Tdav = 0.00 T = 0.02
 <-- Site =   31-  32 .. Mmps =   29 Ndav =   1 E =   -412.0192222323 Error = 4.67e-21 FLOPS = 1.44e+08 Tdav = 0.00 T = 0.02
 <-- Site =   30-  31 .. Mmps =   31 Ndav =   1 E =   -412.0192222323 Error = 1.44e-21 FLOPS = 1.30e+08 Tdav = 0.00 T = 0.02
 <-- Site =   29-  30 .. Mmps =   29 Ndav =   1 E =   -412.0192222323 Error = 8.97e-22 FLOPS = 1.44e+08 Tdav = 0.00 T = 0.02
 <-- Site =   28-  29 .. Mmps =   29 Ndav =   1 E =   -412.0192222323 Error = 1.07e-20 FLOPS = 1.39e+08 Tdav = 0.00 T = 0.02
 <-- Site =   27-  28 .. Mmps =   28 Ndav =   1 E =   -412.0192222323 Error = 4.35e-22 FLOPS = 1.40e+08 Tdav = 0.00 T = 0.02
 <-- Site =   26-  27 .. Mmps =   29 Ndav =   1 E =   -412.0192222323 Error = 2.41e-22 FLOPS = 1.33e+08 Tdav = 0.00 T = 0.02
 <-- Site =   25-  26 .. Mmps =   28 Ndav =   1 E =   -412.0192222323 Error = 7.58e-22 FLOPS = 1.34e+08 Tdav = 0.00 T = 0.02
 <-- Site =   24-  25 .. Mmps =   29 Ndav =   1 E =   -412.0192222323 Error = 2.64e-21 FLOPS = 1.35e+08 Tdav = 0.00 T = 0.02
 <-- Site =   23-  24 .. Mmps =   27 Ndav =   1 E =   -412.0192222323 Error = 5.33e-21 FLOPS = 1.33e+08 Tdav = 0.00 T = 0.02
 <-- Site =   22-  23 .. Mmps =   27 Ndav =   1 E =   -412.0192222323 Error = 3.82e-21 FLOPS = 1.33e+08 Tdav = 0.00 T = 0.02
 <-- Site =   21-  22 .. Mmps =   27 Ndav =   1 E =   -412.0192222323 Error = 1.68e-22 FLOPS = 1.30e+08 Tdav = 0.00 T = 0.02
 <-- Site =   20-  21 .. Mmps =   28 Ndav =   1 E =   -412.0192222323 Error = 8.73e-23 FLOPS = 1.28e+08 Tdav = 0.00 T = 0.02
 <-- Site =   19-  20 .. Mmps =   25 Ndav =   1 E =   -412.0192222323 Error = 2.26e-21 FLOPS = 1.34e+08 Tdav = 0.00 T = 0.02
 <-- Site =   18-  19 .. Mmps =   24 Ndav =   1 E =   -412.0192222323 Error = 7.30e-21 FLOPS = 1.16e+08 Tdav = 0.00 T = 0.02
 <-- Site =   17-  18 .. Mmps =   26 Ndav =   1 E =   -412.0192222323 Error = 1.60e-22 FLOPS = 1.05e+08 Tdav = 0.00 T = 0.02
 <-- Site =   16-  17 .. Mmps =   25 Ndav =   1 E =   -412.0192222323 Error = 1.89e-22 FLOPS = 1.14e+08 Tdav = 0.00 T = 0.02
 <-- Site =   15-  16 .. Mmps =   26 Ndav =   1 E =   -412.0192222323 Error = 2.24e-22 FLOPS = 1.09e+08 Tdav = 0.00 T = 0.02
 <-- Site =   14-  15 .. Mmps =   27 Ndav =   1 E =   -412.0192222323 Error = 5.84e-22 FLOPS = 1.14e+08 Tdav = 0.00 T = 0.02
 <-- Site =   13-  14 .. Mmps =   38 Ndav =   1 E =   -412.0192222323 Error = 1.34e-20 FLOPS = 1.40e+08 Tdav = 0.00 T = 0.02
 <-- Site =   12-  13 .. Mmps =   39 Ndav =   1 E =   -412.0192222323 Error = 6.30e-21 FLOPS = 1.47e+08 Tdav = 0.00 T = 0.02
 <-- Site =   11-  12 .. Mmps =   42 Ndav =   1 E =   -412.0192222323 Error = 5.59e-21 FLOPS = 1.37e+08 Tdav = 0.00 T = 0.02
 <-- Site =   10-  11 .. Mmps =   46 Ndav =   1 E =   -412.0192222323 Error = 8.63e-21 FLOPS = 1.34e+08 Tdav = 0.00 T = 0.02
 <-- Site =    9-  10 .. Mmps =   48 Ndav =   1 E =   -412.0192222323 Error = 9.19e-21 FLOPS = 1.38e+08 Tdav = 0.00 T = 0.02
 <-- Site =    8-   9 .. Mmps =   42 Ndav =   1 E =   -412.0192222323 Error = 2.73e-20 FLOPS = 1.32e+08 Tdav = 0.00 T = 0.02
 <-- Site =    7-   8 .. Mmps =   40 Ndav =   1 E =   -412.0192222323 Error = 1.19e-20 FLOPS = 7.94e+07 Tdav = 0.00 T = 0.02
 <-- Site =    6-   7 .. Mmps =   36 Ndav =   1 E =   -412.0192222323 Error = 1.05e-20 FLOPS = 6.49e+07 Tdav = 0.00 T = 0.02
 <-- Site =    5-   6 .. Mmps =   31 Ndav =   1 E =   -412.0192222323 Error = 1.01e-20 FLOPS = 5.09e+07 Tdav = 0.00 T = 0.02
 <-- Site =    4-   5 .. Mmps =   26 Ndav =   1 E =   -412.0192222323 Error = 2.10e-21 FLOPS = 3.64e+07 Tdav = 0.00 T = 0.02
 <-- Site =    3-   4 .. Mmps =   23 Ndav =   1 E =   -412.0192222323 Error = 1.51e-21 FLOPS = 1.92e+07 Tdav = 0.00 T = 0.02
 <-- Site =    2-   3 .. Mmps =   21 Ndav =   1 E =   -412.0192222323 Error = 8.66e-21 FLOPS = 1.35e+07 Tdav = 0.00 T = 0.02
 <-- Site =    1-   2 .. Mmps =   18 Ndav =   1 E =   -412.0192222323 Error = 2.58e-22 FLOPS = 9.62e+06 Tdav = 0.00 T = 0.02
 <-- Site =    0-   1 .. Mmps =    8 Ndav =   1 E =   -412.0192222323 Error = 1.83e-24 FLOPS = 4.96e+06 Tdav = 0.00 T = 0.01
Time elapsed =     12.653 | E =    -412.0192222323 | DE = 1.71e-13 | DW = 2.73e-20
Time sweep =        1.242 | 5.22 MFLOP/SWP
 | Dmem = 183 KB (29%) | Imem = 6.62 KB (96%) | Hmem = 1.14 MB | Pmem = 156 KB
 | Tread = 0.038 | Twrite = 0.061 | Tfpread = 0.015 | Tfpwrite = 0.024 | Tmporead = 0.000 | Tasync = 0.000
 | data = 1.09 MB | cpsd = 346 KB
 | Trot = 0.027 | Tctr = 0.012 | Tint = 0.004 | Tmid = 0.000 | Tdctr = 0.006 | Tdiag = 0.012 | Tinfo = 0.113
 | Teff = 0.197 | Tprt = 0.097 | Teig = 0.041 | Tblk = 0.990 | Tmve = 0.248 | Tdm = 0.004 | Tsplt = 0.056 | Tsvd = 0.000 | Torth = 0.000

Sweep =    4 | Direction =  forward | Bond dimension =  500 | Noise =  0.00e+00 | Dav threshold =  1.00e-07
 --> Site =    0-   1 .. Mmps =    2 Ndav =   2 E =   -412.0192222393 Error = 3.30e-33 FLOPS = 5.79e+06 Tdav = 0.00 T = 0.01
 --> Site =    1-   2 .. Mmps =    3 Ndav =   1 E =   -412.0192222393 Error = 2.34e-31 FLOPS = 8.53e+06 Tdav = 0.00 T = 0.01
 --> Site =    2-   3 .. Mmps =    5 Ndav =   1 E =   -412.0192222393 Error = 4.91e-24 FLOPS = 1.26e+07 Tdav = 0.00 T = 0.01
 --> Site =    3-   4 .. Mmps =    6 Ndav =   1 E =   -412.0192222393 Error = 4.55e-22 FLOPS = 1.90e+07 Tdav = 0.00 T = 0.01
 --> Site =    4-   5 .. Mmps =    7 Ndav =   1 E =   -412.0192222393 Error = 9.02e-22 FLOPS = 3.11e+07 Tdav = 0.00 T = 0.01
 --> Site =    5-   6 .. Mmps =    9 Ndav =   1 E =   -412.0192222393 Error = 6.15e-21 FLOPS = 4.33e+07 Tdav = 0.00 T = 0.01
 --> Site =    6-   7 .. Mmps =   11 Ndav =   1 E =   -412.0192222393 Error = 8.98e-21 FLOPS = 5.96e+07 Tdav = 0.00 T = 0.01
 --> Site =    7-   8 .. Mmps =   14 Ndav =   1 E =   -412.0192222393 Error = 4.21e-21 FLOPS = 6.76e+07 Tdav = 0.00 T = 0.02
 --> Site =    8-   9 .. Mmps =   17 Ndav =   1 E =   -412.0192222393 Error = 1.97e-21 FLOPS = 1.04e+08 Tdav = 0.00 T = 0.02
 --> Site =    9-  10 .. Mmps =   19 Ndav =   1 E =   -412.0192222393 Error = 4.99e-21 FLOPS = 1.05e+08 Tdav = 0.00 T = 0.02
 --> Site =   10-  11 .. Mmps =   21 Ndav =   1 E =   -412.0192222393 Error = 5.90e-21 FLOPS = 1.26e+08 Tdav = 0.00 T = 0.02
 --> Site =   11-  12 .. Mmps =   21 Ndav =   1 E =   -412.0192222393 Error = 5.05e-21 FLOPS = 1.31e+08 Tdav = 0.00 T = 0.02
 --> Site =   12-  13 .. Mmps =   20 Ndav =   1 E =   -412.0192222393 Error = 6.47e-22 FLOPS = 1.26e+08 Tdav = 0.00 T = 0.02
 --> Site =   13-  14 .. Mmps =   19 Ndav =   1 E =   -412.0192222393 Error = 6.94e-21 FLOPS = 1.25e+08 Tdav = 0.00 T = 0.02
 --> Site =   14-  15 .. Mmps =   19 Ndav =   1 E =   -412.0192222393 Error = 1.13e-21 FLOPS = 8.70e+07 Tdav = 0.00 T = 0.01
 --> Site =   15-  16 .. Mmps =   19 Ndav =   1 E =   -412.0192222393 Error = 1.49e-21 FLOPS = 9.85e+07 Tdav = 0.00 T = 0.01
 --> Site =   16-  17 .. Mmps =   19 Ndav =   1 E =   -412.0192222393 Error = 2.32e-21 FLOPS = 1.02e+08 Tdav = 0.00 T = 0.01
 --> Site =   17-  18 .. Mmps =   19 Ndav =   1 E =   -412.0192222393 Error = 1.48e-21 FLOPS = 9.38e+07 Tdav = 0.00 T = 0.02
 --> Site =   18-  19 .. Mmps =   19 Ndav =   1 E =   -412.0192222393 Error = 2.59e-21 FLOPS = 1.03e+08 Tdav = 0.00 T = 0.01
 --> Site =   19-  20 .. Mmps =   19 Ndav =   1 E =   -412.0192222393 Error = 2.18e-21 FLOPS = 1.13e+08 Tdav = 0.00 T = 0.01
 --> Site =   20-  21 .. Mmps =   19 Ndav =   1 E =   -412.0192222393 Error = 2.93e-22 FLOPS = 1.13e+08 Tdav = 0.00 T = 0.01
 --> Site =   21-  22 .. Mmps =   19 Ndav =   1 E =   -412.0192222393 Error = 3.54e-22 FLOPS = 1.12e+08 Tdav = 0.00 T = 0.01
 --> Site =   22-  23 .. Mmps =   19 Ndav =   1 E =   -412.0192222393 Error = 2.60e-21 FLOPS = 1.12e+08 Tdav = 0.00 T = 0.01
 --> Site =   23-  24 .. Mmps =   19 Ndav =   1 E =   -412.0192222393 Error = 1.67e-21 FLOPS = 1.19e+08 Tdav = 0.00 T = 0.01
 --> Site =   24-  25 .. Mmps =   19 Ndav =   1 E =   -412.0192222393 Error = 1.08e-21 FLOPS = 1.15e+08 Tdav = 0.00 T = 0.01
 --> Site =   25-  26 .. Mmps =   20 Ndav =   1 E =   -412.0192222393 Error = 4.38e-22 FLOPS = 1.21e+08 Tdav = 0.00 T = 0.01
 --> Site =   26-  27 .. Mmps =   20 Ndav =   1 E =   -412.0192222393 Error = 5.40e-23 FLOPS = 1.09e+08 Tdav = 0.00 T = 0.01
 --> Site =   27-  28 .. Mmps =   20 Ndav =   1 E =   -412.0192222393 Error = 3.13e-21 FLOPS = 1.19e+08 Tdav = 0.00 T = 0.01
 --> Site =   28-  29 .. Mmps =   20 Ndav =   1 E =   -412.0192222393 Error = 2.89e-21 FLOPS = 1.25e+08 Tdav = 0.00 T = 0.01
 --> Site =   29-  30 .. Mmps =   20 Ndav =   1 E =   -412.0192222393 Error = 4.21e-21 FLOPS = 1.29e+08 Tdav = 0.00 T = 0.02
 --> Site =   30-  31 .. Mmps =   21 Ndav =   1 E =   -412.0192222393 Error = 3.04e-21 FLOPS = 1.16e+08 Tdav = 0.00 T = 0.01
 --> Site =   31-  32 .. Mmps =   22 Ndav =   1 E =   -412.0192222393 Error = 6.41e-21 FLOPS = 1.37e+08 Tdav = 0.00 T = 0.02
 --> Site =   32-  33 .. Mmps =   24 Ndav =   1 E =   -412.0192222393 Error = 8.25e-21 FLOPS = 1.55e+08 Tdav = 0.00 T = 0.02
 --> Site =   33-  34 .. Mmps =   26 Ndav =   1 E =   -412.0192222393 Error = 7.83e-21 FLOPS = 1.91e+08 Tdav = 0.00 T = 0.02
 --> Site =   34-  35 .. Mmps =   28 Ndav =   1 E =   -412.0192222393 Error = 1.12e-20 FLOPS = 1.92e+08 Tdav = 0.00 T = 0.02
 --> Site =   35-  36 .. Mmps =   32 Ndav =   1 E =   -412.0192222393 Error = 4.69e-21 FLOPS = 2.69e+08 Tdav = 0.00 T = 0.02
 --> Site =   36-  37 .. Mmps =   31 Ndav =   1 E =   -412.0192222393 Error = 2.47e-20 FLOPS = 2.55e+08 Tdav = 0.00 T = 0.02
 --> Site =   37-  38 .. Mmps =   30 Ndav =   1 E =   -412.0192222393 Error = 8.11e-21 FLOPS = 2.02e+08 Tdav = 0.00 T = 0.02
 --> Site =   38-  39 .. Mmps =   26 Ndav =   1 E =   -412.0192222393 Error = 1.20e-20 FLOPS = 1.74e+08 Tdav = 0.00 T = 0.02
 --> Site =   39-  40 .. Mmps =   23 Ndav =   1 E =   -412.0192222393 Error = 4.51e-21 FLOPS = 1.32e+08 Tdav = 0.00 T = 0.02
 --> Site =   40-  41 .. Mmps =   24 Ndav =   1 E =   -412.0192222393 Error = 8.46e-21 FLOPS = 1.12e+08 Tdav = 0.00 T = 0.02
 --> Site =   41-  42 .. Mmps =   17 Ndav =   1 E =   -412.0192222393 Error = 2.92e-21 FLOPS = 8.03e+07 Tdav = 0.00 T = 0.02
 --> Site =   42-  43 .. Mmps =   14 Ndav =   1 E =   -412.0192222393 Error = 7.08e-21 FLOPS = 4.89e+07 Tdav = 0.00 T = 0.01
 --> Site =   43-  44 .. Mmps =   11 Ndav =   1 E =   -412.0192222393 Error = 4.91e-29 FLOPS = 2.60e+07 Tdav = 0.00 T = 0.01
 --> Site =   44-  45 .. Mmps =    8 Ndav =   1 E =   -412.0192222393 Error = 3.44e-26 FLOPS = 1.21e+07 Tdav = 0.00 T = 0.01
 --> Site =   45-  46 .. Mmps =    6 Ndav =   1 E =   -412.0192222393 Error = 1.99e-28 FLOPS = 2.96e+06 Tdav = 0.00 T = 0.01
 --> Site =   46-  47 .. Mmps =    6 Ndav =   1 E =   -412.0192222393 Error = 7.44e-31 FLOPS = 2.55e+06 Tdav = 0.00 T = 0.01
 --> Site =   47-  48 .. Mmps =    6 Ndav =   1 E =   -412.0192222393 Error = 8.35e-32 FLOPS = 1.95e+06 Tdav = 0.00 T = 0.01
 --> Site =   48-  49 .. Mmps =    6 Ndav =   1 E =   -412.0192222393 Error = 6.64e-29 FLOPS = 2.05e+06 Tdav = 0.00 T = 0.01
 --> Site =   49-  50 .. Mmps =    6 Ndav =   1 E =   -412.0192222393 Error = 2.06e-28 FLOPS = 2.05e+06 Tdav = 0.00 T = 0.01
 --> Site =   50-  51 .. Mmps =    6 Ndav =   1 E =   -412.0192222393 Error = 2.49e-29 FLOPS = 1.45e+06 Tdav = 0.00 T = 0.01
 --> Site =   51-  52 .. Mmps =    6 Ndav =   1 E =   -412.0192222393 Error = 6.24e-29 FLOPS = 1.59e+06 Tdav = 0.00 T = 0.01
 --> Site =   52-  53 .. Mmps =    4 Ndav =   1 E =   -412.0192222393 Error = 2.36e-29 FLOPS = 1.15e+06 Tdav = 0.00 T = 0.01
 --> Site =   53-  54 .. Mmps =    4 Ndav =   1 E =   -412.0192222393 Error = 3.11e-31 FLOPS = 4.24e+05 Tdav = 0.00 T = 0.01
 --> Site =   54-  55 .. Mmps =    2 Ndav =   1 E =   -412.0192222393 Error = 1.68e-28 FLOPS = 4.78e+05 Tdav = 0.00 T = 0.01
 --> Site =   55-  56 .. Mmps =    2 Ndav =   1 E =   -412.0192222393 Error = 0.00e+00 FLOPS = 5.71e+04 Tdav = 0.00 T = 0.01
 --> Site =   56-  57 .. Mmps =    2 Ndav =   1 E =   -412.0192222393 Error = 0.00e+00 FLOPS = 6.03e+04 Tdav = 0.00 T = 0.01
 --> Site =   57-  58 .. Mmps =    2 Ndav =   1 E =   -412.0192222393 Error = 0.00e+00 FLOPS = 5.77e+04 Tdav = 0.00 T = 0.01
 --> Site =   58-  59 .. Mmps =    2 Ndav =   1 E =   -412.0192222393 Error = 0.00e+00 FLOPS = 6.21e+04 Tdav = 0.00 T = 0.01
 --> Site =   59-  60 .. Mmps =    2 Ndav =   1 E =   -412.0192222393 Error = 0.00e+00 FLOPS = 5.91e+04 Tdav = 0.00 T = 0.01
 --> Site =   60-  61 .. Mmps =    2 Ndav =   1 E =   -412.0192222393 Error = 0.00e+00 FLOPS = 5.56e+04 Tdav = 0.00 T = 0.01
 --> Site =   61-  62 .. Mmps =    2 Ndav =   1 E =   -412.0192222393 Error = 0.00e+00 FLOPS = 6.09e+04 Tdav = 0.00 T = 0.01
 --> Site =   62-  63 .. Mmps =    2 Ndav =   1 E =   -412.0192222393 Error = 0.00e+00 FLOPS = 6.12e+04 Tdav = 0.00 T = 0.01
 --> Site =   63-  64 .. Mmps =    2 Ndav =   1 E =   -412.0192222393 Error = 0.00e+00 FLOPS = 6.06e+04 Tdav = 0.00 T = 0.01
 --> Site =   64-  65 .. Mmps =    2 Ndav =   1 E =   -412.0192222393 Error = 0.00e+00 FLOPS = 5.80e+04 Tdav = 0.00 T = 0.01
 --> Site =   65-  66 .. Mmps =    2 Ndav =   1 E =   -412.0192222393 Error = 0.00e+00 FLOPS = 6.00e+04 Tdav = 0.00 T = 0.01
 --> Site =   66-  67 .. Mmps =    2 Ndav =   1 E =   -412.0192222393 Error = 0.00e+00 FLOPS = 5.89e+04 Tdav = 0.00 T = 0.01
 --> Site =   67-  68 .. Mmps =    2 Ndav =   1 E =   -412.0192222393 Error = 0.00e+00 FLOPS = 6.06e+04 Tdav = 0.00 T = 0.01
 --> Site =   68-  69 .. Mmps =    2 Ndav =   1 E =   -412.0192222393 Error = 0.00e+00 FLOPS = 6.12e+04 Tdav = 0.00 T = 0.01
 --> Site =   69-  70 .. Mmps =    2 Ndav =   1 E =   -412.0192222393 Error = 0.00e+00 FLOPS = 5.97e+04 Tdav = 0.00 T = 0.01
 --> Site =   70-  71 .. Mmps =    2 Ndav =   1 E =   -412.0192222393 Error = 0.00e+00 FLOPS = 6.18e+04 Tdav = 0.00 T = 0.01
 --> Site =   71-  72 .. Mmps =    2 Ndav =   1 E =   -412.0192222393 Error = 0.00e+00 FLOPS = 5.75e+04 Tdav = 0.00 T = 0.01
 --> Site =   72-  73 .. Mmps =    2 Ndav =   1 E =   -412.0192222393 Error = 0.00e+00 FLOPS = 6.06e+04 Tdav = 0.00 T = 0.01
 --> Site =   73-  74 .. Mmps =    2 Ndav =   1 E =   -412.0192222393 Error = 0.00e+00 FLOPS = 5.83e+04 Tdav = 0.00 T = 0.01
 --> Site =   74-  75 .. Mmps =    2 Ndav =   1 E =   -412.0192222393 Error = 0.00e+00 FLOPS = 5.91e+04 Tdav = 0.00 T = 0.01
 --> Site =   75-  76 .. Mmps =    2 Ndav =   1 E =   -412.0192222393 Error = 0.00e+00 FLOPS = 5.94e+04 Tdav = 0.00 T = 0.01
 --> Site =   76-  77 .. Mmps =    2 Ndav =   1 E =   -412.0192222393 Error = 0.00e+00 FLOPS = 6.03e+04 Tdav = 0.00 T = 0.01
 --> Site =   77-  78 .. Mmps =    2 Ndav =   1 E =   -412.0192222393 Error = 0.00e+00 FLOPS = 6.09e+04 Tdav = 0.00 T = 0.01
 --> Site =   78-  79 .. Mmps =    2 Ndav =   1 E =   -412.0192222393 Error = 0.00e+00 FLOPS = 3.09e+04 Tdav = 0.00 T = 0.01
Time elapsed =     13.768 | E =    -412.0192222393 | DE = -7.07e-09 | DW = 2.47e-20
Time sweep =        1.115 | 3.34 MFLOP/SWP
 | Dmem = 99.2 KB (41%) | Imem = 5.70 KB (95%) | Hmem = 603 KB | Pmem = 0 B
 | Tread = 0.065 | Twrite = 0.058 | Tfpread = 0.023 | Tfpwrite = 0.020 | Tmporead = 0.000 | Tasync = 0.000
 | data = 622 KB | cpsd = 199 KB
 | Trot = 0.019 | Tctr = 0.017 | Tint = 0.004 | Tmid = 0.000 | Tdctr = 0.037 | Tdiag = 0.013 | Tinfo = 0.114
 | Teff = 0.213 | Tprt = 0.000 | Teig = 0.035 | Tblk = 0.867 | Tmve = 0.243 | Tdm = 0.001 | Tsplt = 0.031 | Tsvd = 0.000 | Torth = 0.000

/blue/m2qm-efrc/cpbunker/GitHub/transport/transport/tdfci/plot.py:55: RuntimeWarning: More than 20 figures have been opened. Figures created through the pyplot interface (`matplotlib.pyplot.figure`) are retained until explicitly closed and may consume too much memory. (To control this warning, see the rcParam `figure.max_open_warning`). Consider using `matplotlib.pyplot.close()`.
  fig, axes = plt.subplots(len(obs_strs),sharex=True);
slurmstepd: error: *** JOB 15875057 ON c0706a-s3 CANCELLED AT 2023-11-17T23:44:43 DUE TO TIME LIMIT ***
