#### SLURM ####
pwd: 
/blue/m2qm-efrc/cpbunker/GitHub/transport
host: 
c0709a-s2.ufhpc

# conda environments:
#
base                   /apps/conda/25.3.1
block2               * /blue/m2qm-efrc/cpbunker/condaenvs/block2
vasp                   /blue/m2qm-efrc/cpbunker/condaenvs/vasp

#### PYTHON ####
start time: 
Thu May  8 16:15:59 EDT 2025

/blue/m2qm-efrc/cpbunker/GitHub/transport/transport/tddmrg/__init__.py:182: RuntimeWarning: divide by zero encountered in log
  ents[sitei] = np.trace( -oneorb_rdm*np.log(oneorb_rdm));
/blue/m2qm-efrc/cpbunker/GitHub/transport/transport/tddmrg/__init__.py:182: RuntimeWarning: invalid value encountered in multiply
  ents[sitei] = np.trace( -oneorb_rdm*np.log(oneorb_rdm));
/blue/m2qm-efrc/cpbunker/GitHub/transport/transport/tddmrg/__init__.py:514: RuntimeWarning: invalid value encountered in subtract
  minfo = 0.5 * (ents1[:, None] + ents1[None, :] - ents2) * (1 - np.identity(len(ents1))); # (-1) * 2013 Reiher Eq (3)
/blue/m2qm-efrc/cpbunker/GitHub/transport/transport/tddmrg/__init__.py:514: RuntimeWarning: invalid value encountered in multiply
  minfo = 0.5 * (ents1[:, None] + ents1[None, :] - ents2) * (1 - np.identity(len(ents1))); # (-1) * 2013 Reiher Eq (3)
/blue/m2qm-efrc/cpbunker/GitHub/transport/transport/tddmrg/__init__.py:182: RuntimeWarning: divide by zero encountered in log
  ents[sitei] = np.trace( -oneorb_rdm*np.log(oneorb_rdm));
/blue/m2qm-efrc/cpbunker/GitHub/transport/transport/tddmrg/__init__.py:182: RuntimeWarning: invalid value encountered in multiply
  ents[sitei] = np.trace( -oneorb_rdm*np.log(oneorb_rdm));
/blue/m2qm-efrc/cpbunker/GitHub/transport/transport/tddmrg/__init__.py:514: RuntimeWarning: invalid value encountered in subtract
  minfo = 0.5 * (ents1[:, None] + ents1[None, :] - ents2) * (1 - np.identity(len(ents1))); # (-1) * 2013 Reiher Eq (3)
/blue/m2qm-efrc/cpbunker/GitHub/transport/transport/tddmrg/__init__.py:514: RuntimeWarning: invalid value encountered in multiply
  minfo = 0.5 * (ents1[:, None] + ents1[None, :] - ents2) * (1 - np.identity(len(ents1))); # (-1) * 2013 Reiher Eq (3)
>>> PWD:  /blue/m2qm-efrc/cpbunker/GitHub/transport
>>> Params =  {'sys_type': 'STT_RM', 'u': 0.0, 'v': -1.0, 'w': -0.8, 'Vconf': 30.0, 'Be': 100.0, 'BFM': 0.0, 'Bent': -100.0, 'Jsd': 1.0, 'Jz': 0.0, 'Jx': 0.0, 'NL': 12, 'NFM': 1, 'NR': 15, 'Nconf': 10, 'Ne': 1, 'TwoSz': 1, 'TwoSd': 1, 'symmetry': 'Sz', 'ex_sites': [12, 12], 'plot': 0, 'bdim_0': [150, 150, 150, 200, 200], 'bdim_t': [250], 'noises': [0.01, 0.001, 0.0001, 1e-05, 0.0], 'dmrg_sweeps': 20, 'cutoff': -1.0, 'te_type': 'tdvp', 'time_step': 0.1, 'tupdate': 8.0, 'Nupdates': 20}
>>> driver(n_sites=56, n_elec=1, spin=1)
TwoSdz_ladder =
 [ 1 -1]
four_Sdz = 
 [[ 0.5  0.   0.   0.   0.   0.   0.   0. ]
 [ 0.  -0.5  0.  -0.   0.  -0.   0.  -0. ]
 [ 0.   0.   0.5  0.   0.   0.   0.   0. ]
 [ 0.  -0.   0.  -0.5  0.  -0.   0.  -0. ]
 [ 0.   0.   0.   0.   0.5  0.   0.   0. ]
 [ 0.  -0.   0.  -0.   0.  -0.5  0.  -0. ]
 [ 0.   0.   0.   0.   0.   0.   0.5  0. ]
 [ 0.  -0.   0.  -0.   0.  -0.   0.  -0.5]]
four_Sdminus = 
 [[0. 0. 0. 0. 0. 0. 0. 0.]
 [1. 0. 0. 0. 0. 0. 0. 0.]
 [0. 0. 0. 0. 0. 0. 0. 0.]
 [0. 0. 1. 0. 0. 0. 0. 0.]
 [0. 0. 0. 0. 0. 0. 0. 0.]
 [0. 0. 0. 0. 1. 0. 0. 0.]
 [0. 0. 0. 0. 0. 0. 0. 0.]
 [0. 0. 0. 0. 0. 0. 1. 0.]]
four_Sdplus = 
 [[0. 1. 0. 0. 0. 0. 0. 0.]
 [0. 0. 0. 0. 0. 0. 0. 0.]
 [0. 0. 0. 1. 0. 0. 0. 0.]
 [0. 0. 0. 0. 0. 0. 0. 0.]
 [0. 0. 0. 0. 0. 1. 0. 0.]
 [0. 0. 0. 0. 0. 0. 0. 0.]
 [0. 0. 0. 0. 0. 0. 0. 1.]
 [0. 0. 0. 0. 0. 0. 0. 0.]]
>>> (0, 1, 0)
>>> (0, -1, 0)
>>> (1, 2, 0)
>>> (1, 0, 0)
>>> (1, -2, 0)
>>> (2, 1, 0)
>>> (2, -1, 0)
>>> (0, 1, 0)
>>> (0, -1, 0)
>>> (1, 2, 0)
>>> (1, 0, 0)
>>> (1, -2, 0)
>>> (2, 1, 0)
>>> (2, -1, 0)
>>> Custom operators at  [24 25]

 ######################################## 
Constructed builder
 ######################################## 

no triplet flag
Finalizing builder
Finalized builder
Ground state energy (DMRG) = -156.780375
>>> Init compute time = 604.271383523941

Time = 0.00
Total energy = -156.780375-0.000000j
WF norm = 1.000000+0.000000j
<Sz d=24> = -0.000000+0.000000j
<Sz d=25> = 0.000000-0.000000j
<(S1+S2)^2> = 0.000000
ents2[25,24] = 0.0000000000
MI[24,25] = 0.693147 (max = 0.693147)
occ_ [0, 1, 2, 3, 4, 5, 6, 7, 8, 9, 10, 11, 12, 13, 14, 15, 16, 17, 18, 19, 20, 21, 22, 23, 24, 25, 26, 27, 28, 29, 30, 31, 32, 33, 34, 35, 36, 37, 38, 39, 40, 41, 42, 43, 44, 45, 46, 47, 48, 49, 50, 51, 52, 53, 54, 55]
Total <occ_> = 1.000000
sz_ [0, 1, 2, 3, 4, 5, 6, 7, 8, 9, 10, 11, 12, 13, 14, 15, 16, 17, 18, 19, 20, 21, 22, 23, 24, 25, 26, 27, 28, 29, 30, 31, 32, 33, 34, 35, 36, 37, 38, 39, 40, 41, 42, 43, 44, 45, 46, 47, 48, 49, 50, 51, 52, 53, 54, 55]
Total <sz_> = 0.500000
Sdz_ [24, 25]
Total <Sdz_> = 0.000000
J_ [20, 21, 24, 25, 26, 27]
Total <J_> = 0.000000
S2_ [24, 25]
Total <S2_> = nan
MI_ [24, 25]
ents2[25,24] = 0.0000000000
Total <MI_> = nan
>>> driver(n_sites=56, n_elec=1, spin=1)
TwoSdz_ladder =
 [ 1 -1]
four_Sdz = 
 [[ 0.5  0.   0.   0.   0.   0.   0.   0. ]
 [ 0.  -0.5  0.  -0.   0.  -0.   0.  -0. ]
 [ 0.   0.   0.5  0.   0.   0.   0.   0. ]
 [ 0.  -0.   0.  -0.5  0.  -0.   0.  -0. ]
 [ 0.   0.   0.   0.   0.5  0.   0.   0. ]
 [ 0.  -0.   0.  -0.   0.  -0.5  0.  -0. ]
 [ 0.   0.   0.   0.   0.   0.   0.5  0. ]
 [ 0.  -0.   0.  -0.   0.  -0.   0.  -0.5]]
four_Sdminus = 
 [[0. 0. 0. 0. 0. 0. 0. 0.]
 [1. 0. 0. 0. 0. 0. 0. 0.]
 [0. 0. 0. 0. 0. 0. 0. 0.]
 [0. 0. 1. 0. 0. 0. 0. 0.]
 [0. 0. 0. 0. 0. 0. 0. 0.]
 [0. 0. 0. 0. 1. 0. 0. 0.]
 [0. 0. 0. 0. 0. 0. 0. 0.]
 [0. 0. 0. 0. 0. 0. 1. 0.]]
four_Sdplus = 
 [[0. 1. 0. 0. 0. 0. 0. 0.]
 [0. 0. 0. 0. 0. 0. 0. 0.]
 [0. 0. 0. 1. 0. 0. 0. 0.]
 [0. 0. 0. 0. 0. 0. 0. 0.]
 [0. 0. 0. 0. 0. 1. 0. 0.]
 [0. 0. 0. 0. 0. 0. 0. 0.]
 [0. 0. 0. 0. 0. 0. 0. 1.]
 [0. 0. 0. 0. 0. 0. 0. 0.]]
>>> (0, 1, 0)
>>> (0, -1, 0)
>>> (1, 2, 0)
>>> (1, 0, 0)
>>> (1, -2, 0)
>>> (2, 1, 0)
>>> (2, -1, 0)
>>> (0, 1, 0)
>>> (0, -1, 0)
>>> (1, 2, 0)
>>> (1, 0, 0)
>>> (1, -2, 0)
>>> (2, 1, 0)
>>> (2, -1, 0)
>>> Custom operators at  [24 25]

 ######################################## 
Constructed builder
 ######################################## 


Build MPO | Nsites =    56 | Nterms =        228 | Algorithm = FastBIP | Cutoff = 1.00e-14
 Site =     0 /    56 .. Mmpo =     5 DW = 0.00e+00 NNZ =        5 SPT = 0.0000 Tmvc = 0.000 T = 0.000
 Site =     1 /    56 .. Mmpo =     6 DW = 0.00e+00 NNZ =        9 SPT = 0.7000 Tmvc = 0.000 T = 0.000
 Site =     2 /    56 .. Mmpo =     6 DW = 0.00e+00 NNZ =       10 SPT = 0.7222 Tmvc = 0.000 T = 0.000
 Site =     3 /    56 .. Mmpo =     6 DW = 0.00e+00 NNZ =       10 SPT = 0.7222 Tmvc = 0.000 T = 0.000
 Site =     4 /    56 .. Mmpo =     6 DW = 0.00e+00 NNZ =       10 SPT = 0.7222 Tmvc = 0.000 T = 0.000
 Site =     5 /    56 .. Mmpo =     6 DW = 0.00e+00 NNZ =       10 SPT = 0.7222 Tmvc = 0.000 T = 0.000
 Site =     6 /    56 .. Mmpo =     6 DW = 0.00e+00 NNZ =       10 SPT = 0.7222 Tmvc = 0.000 T = 0.000
 Site =     7 /    56 .. Mmpo =     6 DW = 0.00e+00 NNZ =       10 SPT = 0.7222 Tmvc = 0.000 T = 0.000
 Site =     8 /    56 .. Mmpo =     6 DW = 0.00e+00 NNZ =       10 SPT = 0.7222 Tmvc = 0.000 T = 0.000
 Site =     9 /    56 .. Mmpo =     6 DW = 0.00e+00 NNZ =       10 SPT = 0.7222 Tmvc = 0.000 T = 0.000
 Site =    10 /    56 .. Mmpo =     6 DW = 0.00e+00 NNZ =       10 SPT = 0.7222 Tmvc = 0.000 T = 0.000
 Site =    11 /    56 .. Mmpo =     6 DW = 0.00e+00 NNZ =       10 SPT = 0.7222 Tmvc = 0.000 T = 0.000
 Site =    12 /    56 .. Mmpo =     6 DW = 0.00e+00 NNZ =       10 SPT = 0.7222 Tmvc = 0.000 T = 0.000
 Site =    13 /    56 .. Mmpo =     6 DW = 0.00e+00 NNZ =       10 SPT = 0.7222 Tmvc = 0.000 T = 0.000
 Site =    14 /    56 .. Mmpo =     6 DW = 0.00e+00 NNZ =       10 SPT = 0.7222 Tmvc = 0.000 T = 0.000
 Site =    15 /    56 .. Mmpo =     6 DW = 0.00e+00 NNZ =       10 SPT = 0.7222 Tmvc = 0.000 T = 0.000
 Site =    16 /    56 .. Mmpo =     6 DW = 0.00e+00 NNZ =       10 SPT = 0.7222 Tmvc = 0.000 T = 0.000
 Site =    17 /    56 .. Mmpo =     6 DW = 0.00e+00 NNZ =       10 SPT = 0.7222 Tmvc = 0.000 T = 0.000
 Site =    18 /    56 .. Mmpo =     6 DW = 0.00e+00 NNZ =       10 SPT = 0.7222 Tmvc = 0.000 T = 0.000
 Site =    19 /    56 .. Mmpo =     6 DW = 0.00e+00 NNZ =       10 SPT = 0.7222 Tmvc = 0.000 T = 0.000
 Site =    20 /    56 .. Mmpo =     6 DW = 0.00e+00 NNZ =       10 SPT = 0.7222 Tmvc = 0.000 T = 0.000
 Site =    21 /    56 .. Mmpo =     6 DW = 0.00e+00 NNZ =       10 SPT = 0.7222 Tmvc = 0.000 T = 0.000
 Site =    22 /    56 .. Mmpo =     6 DW = 0.00e+00 NNZ =       10 SPT = 0.7222 Tmvc = 0.000 T = 0.000
 Site =    23 /    56 .. Mmpo =     6 DW = 0.00e+00 NNZ =       10 SPT = 0.7222 Tmvc = 0.000 T = 0.000
 Site =    24 /    56 .. Mmpo =     6 DW = 0.00e+00 NNZ =       11 SPT = 0.6944 Tmvc = 0.000 T = 0.000
 Site =    25 /    56 .. Mmpo =     6 DW = 0.00e+00 NNZ =       11 SPT = 0.6944 Tmvc = 0.000 T = 0.000
 Site =    26 /    56 .. Mmpo =     6 DW = 0.00e+00 NNZ =       10 SPT = 0.7222 Tmvc = 0.000 T = 0.000
 Site =    27 /    56 .. Mmpo =     6 DW = 0.00e+00 NNZ =       10 SPT = 0.7222 Tmvc = 0.000 T = 0.000
 Site =    28 /    56 .. Mmpo =     6 DW = 0.00e+00 NNZ =       10 SPT = 0.7222 Tmvc = 0.000 T = 0.000
 Site =    29 /    56 .. Mmpo =     6 DW = 0.00e+00 NNZ =       10 SPT = 0.7222 Tmvc = 0.000 T = 0.000
 Site =    30 /    56 .. Mmpo =     6 DW = 0.00e+00 NNZ =       10 SPT = 0.7222 Tmvc = 0.000 T = 0.000
 Site =    31 /    56 .. Mmpo =     6 DW = 0.00e+00 NNZ =       10 SPT = 0.7222 Tmvc = 0.000 T = 0.000
 Site =    32 /    56 .. Mmpo =     6 DW = 0.00e+00 NNZ =       10 SPT = 0.7222 Tmvc = 0.000 T = 0.000
 Site =    33 /    56 .. Mmpo =     6 DW = 0.00e+00 NNZ =       10 SPT = 0.7222 Tmvc = 0.000 T = 0.000
 Site =    34 /    56 .. Mmpo =     6 DW = 0.00e+00 NNZ =       10 SPT = 0.7222 Tmvc = 0.000 T = 0.000
 Site =    35 /    56 .. Mmpo =     6 DW = 0.00e+00 NNZ =       10 SPT = 0.7222 Tmvc = 0.000 T = 0.000
 Site =    36 /    56 .. Mmpo =     6 DW = 0.00e+00 NNZ =       10 SPT = 0.7222 Tmvc = 0.000 T = 0.000
 Site =    37 /    56 .. Mmpo =     6 DW = 0.00e+00 NNZ =       10 SPT = 0.7222 Tmvc = 0.000 T = 0.000
 Site =    38 /    56 .. Mmpo =     6 DW = 0.00e+00 NNZ =       10 SPT = 0.7222 Tmvc = 0.000 T = 0.000
 Site =    39 /    56 .. Mmpo =     6 DW = 0.00e+00 NNZ =       10 SPT = 0.7222 Tmvc = 0.000 T = 0.000
 Site =    40 /    56 .. Mmpo =     6 DW = 0.00e+00 NNZ =       10 SPT = 0.7222 Tmvc = 0.000 T = 0.000
 Site =    41 /    56 .. Mmpo =     6 DW = 0.00e+00 NNZ =       10 SPT = 0.7222 Tmvc = 0.000 T = 0.000
 Site =    42 /    56 .. Mmpo =     6 DW = 0.00e+00 NNZ =       10 SPT = 0.7222 Tmvc = 0.000 T = 0.000
 Site =    43 /    56 .. Mmpo =     6 DW = 0.00e+00 NNZ =       10 SPT = 0.7222 Tmvc = 0.000 T = 0.000
 Site =    44 /    56 .. Mmpo =     6 DW = 0.00e+00 NNZ =       10 SPT = 0.7222 Tmvc = 0.000 T = 0.000
 Site =    45 /    56 .. Mmpo =     6 DW = 0.00e+00 NNZ =       10 SPT = 0.7222 Tmvc = 0.000 T = 0.000
 Site =    46 /    56 .. Mmpo =     6 DW = 0.00e+00 NNZ =       10 SPT = 0.7222 Tmvc = 0.000 T = 0.000
 Site =    47 /    56 .. Mmpo =     6 DW = 0.00e+00 NNZ =       10 SPT = 0.7222 Tmvc = 0.000 T = 0.000
 Site =    48 /    56 .. Mmpo =     6 DW = 0.00e+00 NNZ =       10 SPT = 0.7222 Tmvc = 0.000 T = 0.000
 Site =    49 /    56 .. Mmpo =     6 DW = 0.00e+00 NNZ =       10 SPT = 0.7222 Tmvc = 0.000 T = 0.000
 Site =    50 /    56 .. Mmpo =     6 DW = 0.00e+00 NNZ =       10 SPT = 0.7222 Tmvc = 0.000 T = 0.000
 Site =    51 /    56 .. Mmpo =     6 DW = 0.00e+00 NNZ =       10 SPT = 0.7222 Tmvc = 0.000 T = 0.000
 Site =    52 /    56 .. Mmpo =     6 DW = 0.00e+00 NNZ =       10 SPT = 0.7222 Tmvc = 0.000 T = 0.000
 Site =    53 /    56 .. Mmpo =     6 DW = 0.00e+00 NNZ =       10 SPT = 0.7222 Tmvc = 0.000 T = 0.000
 Site =    54 /    56 .. Mmpo =     5 DW = 0.00e+00 NNZ =        9 SPT = 0.7000 Tmvc = 0.000 T = 0.000
 Site =    55 /    56 .. Mmpo =     1 DW = 0.00e+00 NNZ =        5 SPT = 0.0000 Tmvc = 0.000 T = 0.000
Ttotal =      0.011 Tmvc-total = 0.000 MPO bond dimension =     6 MaxDW = 0.00e+00
NNZ =          550 SIZE =         1942 SPT = 0.7168

Rank =     0 Ttotal =      0.014 MPO method = FastBipartite bond dimension =       6 NNZ =          550 SIZE =         1942 SPT = 0.7168
/blue/m2qm-efrc/cpbunker/GitHub/transport/transport/tddmrg/__init__.py:182: RuntimeWarning: divide by zero encountered in log
  ents[sitei] = np.trace( -oneorb_rdm*np.log(oneorb_rdm));
/blue/m2qm-efrc/cpbunker/GitHub/transport/transport/tddmrg/__init__.py:182: RuntimeWarning: invalid value encountered in multiply
  ents[sitei] = np.trace( -oneorb_rdm*np.log(oneorb_rdm));
/blue/m2qm-efrc/cpbunker/GitHub/transport/transport/tddmrg/__init__.py:514: RuntimeWarning: invalid value encountered in subtract
  minfo = 0.5 * (ents1[:, None] + ents1[None, :] - ents2) * (1 - np.identity(len(ents1))); # (-1) * 2013 Reiher Eq (3)
/blue/m2qm-efrc/cpbunker/GitHub/transport/transport/tddmrg/__init__.py:514: RuntimeWarning: invalid value encountered in multiply
  minfo = 0.5 * (ents1[:, None] + ents1[None, :] - ents2) * (1 - np.identity(len(ents1))); # (-1) * 2013 Reiher Eq (3)
/blue/m2qm-efrc/cpbunker/GitHub/transport/transport/tddmrg/__init__.py:182: RuntimeWarning: divide by zero encountered in log
  ents[sitei] = np.trace( -oneorb_rdm*np.log(oneorb_rdm));
/blue/m2qm-efrc/cpbunker/GitHub/transport/transport/tddmrg/__init__.py:182: RuntimeWarning: invalid value encountered in multiply
  ents[sitei] = np.trace( -oneorb_rdm*np.log(oneorb_rdm));
/blue/m2qm-efrc/cpbunker/GitHub/transport/transport/tddmrg/__init__.py:514: RuntimeWarning: invalid value encountered in subtract
  minfo = 0.5 * (ents1[:, None] + ents1[None, :] - ents2) * (1 - np.identity(len(ents1))); # (-1) * 2013 Reiher Eq (3)
/blue/m2qm-efrc/cpbunker/GitHub/transport/transport/tddmrg/__init__.py:514: RuntimeWarning: invalid value encountered in multiply
  minfo = 0.5 * (ents1[:, None] + ents1[None, :] - ents2) * (1 - np.identity(len(ents1))); # (-1) * 2013 Reiher Eq (3)
/blue/m2qm-efrc/cpbunker/GitHub/transport/transport/tddmrg/__init__.py:182: RuntimeWarning: divide by zero encountered in log
  ents[sitei] = np.trace( -oneorb_rdm*np.log(oneorb_rdm));
/blue/m2qm-efrc/cpbunker/GitHub/transport/transport/tddmrg/__init__.py:182: RuntimeWarning: invalid value encountered in multiply
  ents[sitei] = np.trace( -oneorb_rdm*np.log(oneorb_rdm));
/blue/m2qm-efrc/cpbunker/GitHub/transport/transport/tddmrg/__init__.py:514: RuntimeWarning: invalid value encountered in subtract
  minfo = 0.5 * (ents1[:, None] + ents1[None, :] - ents2) * (1 - np.identity(len(ents1))); # (-1) * 2013 Reiher Eq (3)
/blue/m2qm-efrc/cpbunker/GitHub/transport/transport/tddmrg/__init__.py:514: RuntimeWarning: invalid value encountered in multiply
  minfo = 0.5 * (ents1[:, None] + ents1[None, :] - ents2) * (1 - np.identity(len(ents1))); # (-1) * 2013 Reiher Eq (3)
/blue/m2qm-efrc/cpbunker/GitHub/transport/transport/tddmrg/__init__.py:182: RuntimeWarning: divide by zero encountered in log
  ents[sitei] = np.trace( -oneorb_rdm*np.log(oneorb_rdm));
/blue/m2qm-efrc/cpbunker/GitHub/transport/transport/tddmrg/__init__.py:182: RuntimeWarning: invalid value encountered in multiply
  ents[sitei] = np.trace( -oneorb_rdm*np.log(oneorb_rdm));
/blue/m2qm-efrc/cpbunker/GitHub/transport/transport/tddmrg/__init__.py:514: RuntimeWarning: invalid value encountered in subtract
  minfo = 0.5 * (ents1[:, None] + ents1[None, :] - ents2) * (1 - np.identity(len(ents1))); # (-1) * 2013 Reiher Eq (3)
/blue/m2qm-efrc/cpbunker/GitHub/transport/transport/tddmrg/__init__.py:514: RuntimeWarning: invalid value encountered in multiply
  minfo = 0.5 * (ents1[:, None] + ents1[None, :] - ents2) * (1 - np.identity(len(ents1))); # (-1) * 2013 Reiher Eq (3)
/blue/m2qm-efrc/cpbunker/GitHub/transport/transport/tddmrg/__init__.py:182: RuntimeWarning: divide by zero encountered in log
  ents[sitei] = np.trace( -oneorb_rdm*np.log(oneorb_rdm));
/blue/m2qm-efrc/cpbunker/GitHub/transport/transport/tddmrg/__init__.py:182: RuntimeWarning: invalid value encountered in multiply
  ents[sitei] = np.trace( -oneorb_rdm*np.log(oneorb_rdm));
/blue/m2qm-efrc/cpbunker/GitHub/transport/transport/tddmrg/__init__.py:514: RuntimeWarning: invalid value encountered in subtract
  minfo = 0.5 * (ents1[:, None] + ents1[None, :] - ents2) * (1 - np.identity(len(ents1))); # (-1) * 2013 Reiher Eq (3)
/blue/m2qm-efrc/cpbunker/GitHub/transport/transport/tddmrg/__init__.py:514: RuntimeWarning: invalid value encountered in multiply
  minfo = 0.5 * (ents1[:, None] + ents1[None, :] - ents2) * (1 - np.identity(len(ents1))); # (-1) * 2013 Reiher Eq (3)
/blue/m2qm-efrc/cpbunker/GitHub/transport/transport/tddmrg/__init__.py:182: RuntimeWarning: divide by zero encountered in log
  ents[sitei] = np.trace( -oneorb_rdm*np.log(oneorb_rdm));
/blue/m2qm-efrc/cpbunker/GitHub/transport/transport/tddmrg/__init__.py:182: RuntimeWarning: invalid value encountered in multiply
  ents[sitei] = np.trace( -oneorb_rdm*np.log(oneorb_rdm));
/blue/m2qm-efrc/cpbunker/GitHub/transport/transport/tddmrg/__init__.py:514: RuntimeWarning: invalid value encountered in subtract
  minfo = 0.5 * (ents1[:, None] + ents1[None, :] - ents2) * (1 - np.identity(len(ents1))); # (-1) * 2013 Reiher Eq (3)
/blue/m2qm-efrc/cpbunker/GitHub/transport/transport/tddmrg/__init__.py:514: RuntimeWarning: invalid value encountered in multiply
  minfo = 0.5 * (ents1[:, None] + ents1[None, :] - ents2) * (1 - np.identity(len(ents1))); # (-1) * 2013 Reiher Eq (3)
/blue/m2qm-efrc/cpbunker/GitHub/transport/transport/tddmrg/__init__.py:182: RuntimeWarning: divide by zero encountered in log
  ents[sitei] = np.trace( -oneorb_rdm*np.log(oneorb_rdm));
/blue/m2qm-efrc/cpbunker/GitHub/transport/transport/tddmrg/__init__.py:182: RuntimeWarning: invalid value encountered in multiply
  ents[sitei] = np.trace( -oneorb_rdm*np.log(oneorb_rdm));
/blue/m2qm-efrc/cpbunker/GitHub/transport/transport/tddmrg/__init__.py:514: RuntimeWarning: invalid value encountered in subtract
  minfo = 0.5 * (ents1[:, None] + ents1[None, :] - ents2) * (1 - np.identity(len(ents1))); # (-1) * 2013 Reiher Eq (3)
/blue/m2qm-efrc/cpbunker/GitHub/transport/transport/tddmrg/__init__.py:514: RuntimeWarning: invalid value encountered in multiply
  minfo = 0.5 * (ents1[:, None] + ents1[None, :] - ents2) * (1 - np.identity(len(ents1))); # (-1) * 2013 Reiher Eq (3)
/blue/m2qm-efrc/cpbunker/GitHub/transport/transport/tddmrg/__init__.py:182: RuntimeWarning: divide by zero encountered in log
  ents[sitei] = np.trace( -oneorb_rdm*np.log(oneorb_rdm));
/blue/m2qm-efrc/cpbunker/GitHub/transport/transport/tddmrg/__init__.py:182: RuntimeWarning: invalid value encountered in multiply
  ents[sitei] = np.trace( -oneorb_rdm*np.log(oneorb_rdm));
/blue/m2qm-efrc/cpbunker/GitHub/transport/transport/tddmrg/__init__.py:514: RuntimeWarning: invalid value encountered in subtract
  minfo = 0.5 * (ents1[:, None] + ents1[None, :] - ents2) * (1 - np.identity(len(ents1))); # (-1) * 2013 Reiher Eq (3)
/blue/m2qm-efrc/cpbunker/GitHub/transport/transport/tddmrg/__init__.py:514: RuntimeWarning: invalid value encountered in multiply
  minfo = 0.5 * (ents1[:, None] + ents1[None, :] - ents2) * (1 - np.identity(len(ents1))); # (-1) * 2013 Reiher Eq (3)
/blue/m2qm-efrc/cpbunker/GitHub/transport/transport/tddmrg/__init__.py:182: RuntimeWarning: divide by zero encountered in log
  ents[sitei] = np.trace( -oneorb_rdm*np.log(oneorb_rdm));
/blue/m2qm-efrc/cpbunker/GitHub/transport/transport/tddmrg/__init__.py:182: RuntimeWarning: invalid value encountered in multiply
  ents[sitei] = np.trace( -oneorb_rdm*np.log(oneorb_rdm));
/blue/m2qm-efrc/cpbunker/GitHub/transport/transport/tddmrg/__init__.py:514: RuntimeWarning: invalid value encountered in subtract
  minfo = 0.5 * (ents1[:, None] + ents1[None, :] - ents2) * (1 - np.identity(len(ents1))); # (-1) * 2013 Reiher Eq (3)
/blue/m2qm-efrc/cpbunker/GitHub/transport/transport/tddmrg/__init__.py:514: RuntimeWarning: invalid value encountered in multiply
  minfo = 0.5 * (ents1[:, None] + ents1[None, :] - ents2) * (1 - np.identity(len(ents1))); # (-1) * 2013 Reiher Eq (3)
/blue/m2qm-efrc/cpbunker/GitHub/transport/transport/tddmrg/__init__.py:182: RuntimeWarning: divide by zero encountered in log
  ents[sitei] = np.trace( -oneorb_rdm*np.log(oneorb_rdm));
/blue/m2qm-efrc/cpbunker/GitHub/transport/transport/tddmrg/__init__.py:182: RuntimeWarning: invalid value encountered in multiply
  ents[sitei] = np.trace( -oneorb_rdm*np.log(oneorb_rdm));
/blue/m2qm-efrc/cpbunker/GitHub/transport/transport/tddmrg/__init__.py:514: RuntimeWarning: invalid value encountered in subtract
  minfo = 0.5 * (ents1[:, None] + ents1[None, :] - ents2) * (1 - np.identity(len(ents1))); # (-1) * 2013 Reiher Eq (3)
/blue/m2qm-efrc/cpbunker/GitHub/transport/transport/tddmrg/__init__.py:514: RuntimeWarning: invalid value encountered in multiply
  minfo = 0.5 * (ents1[:, None] + ents1[None, :] - ents2) * (1 - np.identity(len(ents1))); # (-1) * 2013 Reiher Eq (3)
/blue/m2qm-efrc/cpbunker/GitHub/transport/transport/tddmrg/__init__.py:182: RuntimeWarning: divide by zero encountered in log
  ents[sitei] = np.trace( -oneorb_rdm*np.log(oneorb_rdm));
/blue/m2qm-efrc/cpbunker/GitHub/transport/transport/tddmrg/__init__.py:182: RuntimeWarning: invalid value encountered in multiply
  ents[sitei] = np.trace( -oneorb_rdm*np.log(oneorb_rdm));
/blue/m2qm-efrc/cpbunker/GitHub/transport/transport/tddmrg/__init__.py:514: RuntimeWarning: invalid value encountered in subtract
  minfo = 0.5 * (ents1[:, None] + ents1[None, :] - ents2) * (1 - np.identity(len(ents1))); # (-1) * 2013 Reiher Eq (3)
/blue/m2qm-efrc/cpbunker/GitHub/transport/transport/tddmrg/__init__.py:514: RuntimeWarning: invalid value encountered in multiply
  minfo = 0.5 * (ents1[:, None] + ents1[None, :] - ents2) * (1 - np.identity(len(ents1))); # (-1) * 2013 Reiher Eq (3)
/blue/m2qm-efrc/cpbunker/GitHub/transport/transport/tddmrg/__init__.py:182: RuntimeWarning: divide by zero encountered in log
  ents[sitei] = np.trace( -oneorb_rdm*np.log(oneorb_rdm));
/blue/m2qm-efrc/cpbunker/GitHub/transport/transport/tddmrg/__init__.py:182: RuntimeWarning: invalid value encountered in multiply
  ents[sitei] = np.trace( -oneorb_rdm*np.log(oneorb_rdm));
/blue/m2qm-efrc/cpbunker/GitHub/transport/transport/tddmrg/__init__.py:514: RuntimeWarning: invalid value encountered in subtract
  minfo = 0.5 * (ents1[:, None] + ents1[None, :] - ents2) * (1 - np.identity(len(ents1))); # (-1) * 2013 Reiher Eq (3)
/blue/m2qm-efrc/cpbunker/GitHub/transport/transport/tddmrg/__init__.py:514: RuntimeWarning: invalid value encountered in multiply
  minfo = 0.5 * (ents1[:, None] + ents1[None, :] - ents2) * (1 - np.identity(len(ents1))); # (-1) * 2013 Reiher Eq (3)
/blue/m2qm-efrc/cpbunker/GitHub/transport/transport/tddmrg/__init__.py:182: RuntimeWarning: divide by zero encountered in log
  ents[sitei] = np.trace( -oneorb_rdm*np.log(oneorb_rdm));
/blue/m2qm-efrc/cpbunker/GitHub/transport/transport/tddmrg/__init__.py:182: RuntimeWarning: invalid value encountered in multiply
  ents[sitei] = np.trace( -oneorb_rdm*np.log(oneorb_rdm));
/blue/m2qm-efrc/cpbunker/GitHub/transport/transport/tddmrg/__init__.py:514: RuntimeWarning: invalid value encountered in subtract
  minfo = 0.5 * (ents1[:, None] + ents1[None, :] - ents2) * (1 - np.identity(len(ents1))); # (-1) * 2013 Reiher Eq (3)
/blue/m2qm-efrc/cpbunker/GitHub/transport/transport/tddmrg/__init__.py:514: RuntimeWarning: invalid value encountered in multiply
  minfo = 0.5 * (ents1[:, None] + ents1[None, :] - ents2) * (1 - np.identity(len(ents1))); # (-1) * 2013 Reiher Eq (3)
/blue/m2qm-efrc/cpbunker/GitHub/transport/transport/tddmrg/__init__.py:182: RuntimeWarning: divide by zero encountered in log
  ents[sitei] = np.trace( -oneorb_rdm*np.log(oneorb_rdm));
/blue/m2qm-efrc/cpbunker/GitHub/transport/transport/tddmrg/__init__.py:182: RuntimeWarning: invalid value encountered in multiply
  ents[sitei] = np.trace( -oneorb_rdm*np.log(oneorb_rdm));
/blue/m2qm-efrc/cpbunker/GitHub/transport/transport/tddmrg/__init__.py:514: RuntimeWarning: invalid value encountered in subtract
  minfo = 0.5 * (ents1[:, None] + ents1[None, :] - ents2) * (1 - np.identity(len(ents1))); # (-1) * 2013 Reiher Eq (3)
/blue/m2qm-efrc/cpbunker/GitHub/transport/transport/tddmrg/__init__.py:514: RuntimeWarning: invalid value encountered in multiply
  minfo = 0.5 * (ents1[:, None] + ents1[None, :] - ents2) * (1 - np.identity(len(ents1))); # (-1) * 2013 Reiher Eq (3)
/blue/m2qm-efrc/cpbunker/GitHub/transport/transport/tddmrg/__init__.py:182: RuntimeWarning: divide by zero encountered in log
  ents[sitei] = np.trace( -oneorb_rdm*np.log(oneorb_rdm));
/blue/m2qm-efrc/cpbunker/GitHub/transport/transport/tddmrg/__init__.py:182: RuntimeWarning: invalid value encountered in multiply
  ents[sitei] = np.trace( -oneorb_rdm*np.log(oneorb_rdm));
/blue/m2qm-efrc/cpbunker/GitHub/transport/transport/tddmrg/__init__.py:514: RuntimeWarning: invalid value encountered in subtract
  minfo = 0.5 * (ents1[:, None] + ents1[None, :] - ents2) * (1 - np.identity(len(ents1))); # (-1) * 2013 Reiher Eq (3)
/blue/m2qm-efrc/cpbunker/GitHub/transport/transport/tddmrg/__init__.py:514: RuntimeWarning: invalid value encountered in multiply
  minfo = 0.5 * (ents1[:, None] + ents1[None, :] - ents2) * (1 - np.identity(len(ents1))); # (-1) * 2013 Reiher Eq (3)
/blue/m2qm-efrc/cpbunker/GitHub/transport/transport/tddmrg/__init__.py:182: RuntimeWarning: divide by zero encountered in log
  ents[sitei] = np.trace( -oneorb_rdm*np.log(oneorb_rdm));
/blue/m2qm-efrc/cpbunker/GitHub/transport/transport/tddmrg/__init__.py:182: RuntimeWarning: invalid value encountered in multiply
  ents[sitei] = np.trace( -oneorb_rdm*np.log(oneorb_rdm));
/blue/m2qm-efrc/cpbunker/GitHub/transport/transport/tddmrg/__init__.py:514: RuntimeWarning: invalid value encountered in subtract
  minfo = 0.5 * (ents1[:, None] + ents1[None, :] - ents2) * (1 - np.identity(len(ents1))); # (-1) * 2013 Reiher Eq (3)
/blue/m2qm-efrc/cpbunker/GitHub/transport/transport/tddmrg/__init__.py:514: RuntimeWarning: invalid value encountered in multiply
  minfo = 0.5 * (ents1[:, None] + ents1[None, :] - ents2) * (1 - np.identity(len(ents1))); # (-1) * 2013 Reiher Eq (3)
/blue/m2qm-efrc/cpbunker/GitHub/transport/transport/tddmrg/__init__.py:182: RuntimeWarning: divide by zero encountered in log
  ents[sitei] = np.trace( -oneorb_rdm*np.log(oneorb_rdm));
/blue/m2qm-efrc/cpbunker/GitHub/transport/transport/tddmrg/__init__.py:182: RuntimeWarning: invalid value encountered in multiply
  ents[sitei] = np.trace( -oneorb_rdm*np.log(oneorb_rdm));
/blue/m2qm-efrc/cpbunker/GitHub/transport/transport/tddmrg/__init__.py:514: RuntimeWarning: invalid value encountered in subtract
  minfo = 0.5 * (ents1[:, None] + ents1[None, :] - ents2) * (1 - np.identity(len(ents1))); # (-1) * 2013 Reiher Eq (3)
/blue/m2qm-efrc/cpbunker/GitHub/transport/transport/tddmrg/__init__.py:514: RuntimeWarning: invalid value encountered in multiply
  minfo = 0.5 * (ents1[:, None] + ents1[None, :] - ents2) * (1 - np.identity(len(ents1))); # (-1) * 2013 Reiher Eq (3)
/blue/m2qm-efrc/cpbunker/GitHub/transport/transport/tddmrg/__init__.py:182: RuntimeWarning: divide by zero encountered in log
  ents[sitei] = np.trace( -oneorb_rdm*np.log(oneorb_rdm));
/blue/m2qm-efrc/cpbunker/GitHub/transport/transport/tddmrg/__init__.py:182: RuntimeWarning: invalid value encountered in multiply
  ents[sitei] = np.trace( -oneorb_rdm*np.log(oneorb_rdm));
/blue/m2qm-efrc/cpbunker/GitHub/transport/transport/tddmrg/__init__.py:514: RuntimeWarning: invalid value encountered in subtract
  minfo = 0.5 * (ents1[:, None] + ents1[None, :] - ents2) * (1 - np.identity(len(ents1))); # (-1) * 2013 Reiher Eq (3)
/blue/m2qm-efrc/cpbunker/GitHub/transport/transport/tddmrg/__init__.py:514: RuntimeWarning: invalid value encountered in multiply
  minfo = 0.5 * (ents1[:, None] + ents1[None, :] - ents2) * (1 - np.identity(len(ents1))); # (-1) * 2013 Reiher Eq (3)
/blue/m2qm-efrc/cpbunker/GitHub/transport/transport/tddmrg/__init__.py:182: RuntimeWarning: divide by zero encountered in log
  ents[sitei] = np.trace( -oneorb_rdm*np.log(oneorb_rdm));
/blue/m2qm-efrc/cpbunker/GitHub/transport/transport/tddmrg/__init__.py:182: RuntimeWarning: invalid value encountered in multiply
  ents[sitei] = np.trace( -oneorb_rdm*np.log(oneorb_rdm));
/blue/m2qm-efrc/cpbunker/GitHub/transport/transport/tddmrg/__init__.py:514: RuntimeWarning: invalid value encountered in subtract
  minfo = 0.5 * (ents1[:, None] + ents1[None, :] - ents2) * (1 - np.identity(len(ents1))); # (-1) * 2013 Reiher Eq (3)
/blue/m2qm-efrc/cpbunker/GitHub/transport/transport/tddmrg/__init__.py:514: RuntimeWarning: invalid value encountered in multiply
  minfo = 0.5 * (ents1[:, None] + ents1[None, :] - ents2) * (1 - np.identity(len(ents1))); # (-1) * 2013 Reiher Eq (3)
/blue/m2qm-efrc/cpbunker/GitHub/transport/transport/tddmrg/__init__.py:182: RuntimeWarning: divide by zero encountered in log
  ents[sitei] = np.trace( -oneorb_rdm*np.log(oneorb_rdm));
/blue/m2qm-efrc/cpbunker/GitHub/transport/transport/tddmrg/__init__.py:182: RuntimeWarning: invalid value encountered in multiply
  ents[sitei] = np.trace( -oneorb_rdm*np.log(oneorb_rdm));
/blue/m2qm-efrc/cpbunker/GitHub/transport/transport/tddmrg/__init__.py:514: RuntimeWarning: invalid value encountered in subtract
  minfo = 0.5 * (ents1[:, None] + ents1[None, :] - ents2) * (1 - np.identity(len(ents1))); # (-1) * 2013 Reiher Eq (3)
/blue/m2qm-efrc/cpbunker/GitHub/transport/transport/tddmrg/__init__.py:514: RuntimeWarning: invalid value encountered in multiply
  minfo = 0.5 * (ents1[:, None] + ents1[None, :] - ents2) * (1 - np.identity(len(ents1))); # (-1) * 2013 Reiher Eq (3)
/blue/m2qm-efrc/cpbunker/GitHub/transport/transport/tddmrg/__init__.py:182: RuntimeWarning: divide by zero encountered in log
  ents[sitei] = np.trace( -oneorb_rdm*np.log(oneorb_rdm));
/blue/m2qm-efrc/cpbunker/GitHub/transport/transport/tddmrg/__init__.py:182: RuntimeWarning: invalid value encountered in multiply
  ents[sitei] = np.trace( -oneorb_rdm*np.log(oneorb_rdm));
/blue/m2qm-efrc/cpbunker/GitHub/transport/transport/tddmrg/__init__.py:514: RuntimeWarning: invalid value encountered in subtract
  minfo = 0.5 * (ents1[:, None] + ents1[None, :] - ents2) * (1 - np.identity(len(ents1))); # (-1) * 2013 Reiher Eq (3)
/blue/m2qm-efrc/cpbunker/GitHub/transport/transport/tddmrg/__init__.py:514: RuntimeWarning: invalid value encountered in multiply
  minfo = 0.5 * (ents1[:, None] + ents1[None, :] - ents2) * (1 - np.identity(len(ents1))); # (-1) * 2013 Reiher Eq (3)
/blue/m2qm-efrc/cpbunker/GitHub/transport/transport/tddmrg/__init__.py:182: RuntimeWarning: divide by zero encountered in log
  ents[sitei] = np.trace( -oneorb_rdm*np.log(oneorb_rdm));
/blue/m2qm-efrc/cpbunker/GitHub/transport/transport/tddmrg/__init__.py:182: RuntimeWarning: invalid value encountered in multiply
  ents[sitei] = np.trace( -oneorb_rdm*np.log(oneorb_rdm));
/blue/m2qm-efrc/cpbunker/GitHub/transport/transport/tddmrg/__init__.py:514: RuntimeWarning: invalid value encountered in subtract
  minfo = 0.5 * (ents1[:, None] + ents1[None, :] - ents2) * (1 - np.identity(len(ents1))); # (-1) * 2013 Reiher Eq (3)
/blue/m2qm-efrc/cpbunker/GitHub/transport/transport/tddmrg/__init__.py:514: RuntimeWarning: invalid value encountered in multiply
  minfo = 0.5 * (ents1[:, None] + ents1[None, :] - ents2) * (1 - np.identity(len(ents1))); # (-1) * 2013 Reiher Eq (3)
/blue/m2qm-efrc/cpbunker/GitHub/transport/transport/tddmrg/__init__.py:182: RuntimeWarning: divide by zero encountered in log
  ents[sitei] = np.trace( -oneorb_rdm*np.log(oneorb_rdm));
/blue/m2qm-efrc/cpbunker/GitHub/transport/transport/tddmrg/__init__.py:182: RuntimeWarning: invalid value encountered in multiply
  ents[sitei] = np.trace( -oneorb_rdm*np.log(oneorb_rdm));
/blue/m2qm-efrc/cpbunker/GitHub/transport/transport/tddmrg/__init__.py:514: RuntimeWarning: invalid value encountered in subtract
  minfo = 0.5 * (ents1[:, None] + ents1[None, :] - ents2) * (1 - np.identity(len(ents1))); # (-1) * 2013 Reiher Eq (3)
/blue/m2qm-efrc/cpbunker/GitHub/transport/transport/tddmrg/__init__.py:514: RuntimeWarning: invalid value encountered in multiply
  minfo = 0.5 * (ents1[:, None] + ents1[None, :] - ents2) * (1 - np.identity(len(ents1))); # (-1) * 2013 Reiher Eq (3)
/blue/m2qm-efrc/cpbunker/GitHub/transport/transport/tddmrg/__init__.py:182: RuntimeWarning: divide by zero encountered in log
  ents[sitei] = np.trace( -oneorb_rdm*np.log(oneorb_rdm));
/blue/m2qm-efrc/cpbunker/GitHub/transport/transport/tddmrg/__init__.py:182: RuntimeWarning: invalid value encountered in multiply
  ents[sitei] = np.trace( -oneorb_rdm*np.log(oneorb_rdm));
/blue/m2qm-efrc/cpbunker/GitHub/transport/transport/tddmrg/__init__.py:514: RuntimeWarning: invalid value encountered in subtract
  minfo = 0.5 * (ents1[:, None] + ents1[None, :] - ents2) * (1 - np.identity(len(ents1))); # (-1) * 2013 Reiher Eq (3)
/blue/m2qm-efrc/cpbunker/GitHub/transport/transport/tddmrg/__init__.py:514: RuntimeWarning: invalid value encountered in multiply
  minfo = 0.5 * (ents1[:, None] + ents1[None, :] - ents2) * (1 - np.identity(len(ents1))); # (-1) * 2013 Reiher Eq (3)
/blue/m2qm-efrc/cpbunker/GitHub/transport/transport/tddmrg/__init__.py:182: RuntimeWarning: divide by zero encountered in log
  ents[sitei] = np.trace( -oneorb_rdm*np.log(oneorb_rdm));
/blue/m2qm-efrc/cpbunker/GitHub/transport/transport/tddmrg/__init__.py:182: RuntimeWarning: invalid value encountered in multiply
  ents[sitei] = np.trace( -oneorb_rdm*np.log(oneorb_rdm));
/blue/m2qm-efrc/cpbunker/GitHub/transport/transport/tddmrg/__init__.py:514: RuntimeWarning: invalid value encountered in subtract
  minfo = 0.5 * (ents1[:, None] + ents1[None, :] - ents2) * (1 - np.identity(len(ents1))); # (-1) * 2013 Reiher Eq (3)
/blue/m2qm-efrc/cpbunker/GitHub/transport/transport/tddmrg/__init__.py:514: RuntimeWarning: invalid value encountered in multiply
  minfo = 0.5 * (ents1[:, None] + ents1[None, :] - ents2) * (1 - np.identity(len(ents1))); # (-1) * 2013 Reiher Eq (3)
/blue/m2qm-efrc/cpbunker/GitHub/transport/transport/tddmrg/__init__.py:182: RuntimeWarning: divide by zero encountered in log
  ents[sitei] = np.trace( -oneorb_rdm*np.log(oneorb_rdm));
/blue/m2qm-efrc/cpbunker/GitHub/transport/transport/tddmrg/__init__.py:182: RuntimeWarning: invalid value encountered in multiply
  ents[sitei] = np.trace( -oneorb_rdm*np.log(oneorb_rdm));
/blue/m2qm-efrc/cpbunker/GitHub/transport/transport/tddmrg/__init__.py:514: RuntimeWarning: invalid value encountered in subtract
  minfo = 0.5 * (ents1[:, None] + ents1[None, :] - ents2) * (1 - np.identity(len(ents1))); # (-1) * 2013 Reiher Eq (3)
/blue/m2qm-efrc/cpbunker/GitHub/transport/transport/tddmrg/__init__.py:514: RuntimeWarning: invalid value encountered in multiply
  minfo = 0.5 * (ents1[:, None] + ents1[None, :] - ents2) * (1 - np.identity(len(ents1))); # (-1) * 2013 Reiher Eq (3)
/blue/m2qm-efrc/cpbunker/GitHub/transport/transport/tddmrg/__init__.py:182: RuntimeWarning: divide by zero encountered in log
  ents[sitei] = np.trace( -oneorb_rdm*np.log(oneorb_rdm));
/blue/m2qm-efrc/cpbunker/GitHub/transport/transport/tddmrg/__init__.py:182: RuntimeWarning: invalid value encountered in multiply
  ents[sitei] = np.trace( -oneorb_rdm*np.log(oneorb_rdm));
/blue/m2qm-efrc/cpbunker/GitHub/transport/transport/tddmrg/__init__.py:514: RuntimeWarning: invalid value encountered in subtract
  minfo = 0.5 * (ents1[:, None] + ents1[None, :] - ents2) * (1 - np.identity(len(ents1))); # (-1) * 2013 Reiher Eq (3)
/blue/m2qm-efrc/cpbunker/GitHub/transport/transport/tddmrg/__init__.py:514: RuntimeWarning: invalid value encountered in multiply
  minfo = 0.5 * (ents1[:, None] + ents1[None, :] - ents2) * (1 - np.identity(len(ents1))); # (-1) * 2013 Reiher Eq (3)
/blue/m2qm-efrc/cpbunker/GitHub/transport/transport/tddmrg/__init__.py:182: RuntimeWarning: divide by zero encountered in log
  ents[sitei] = np.trace( -oneorb_rdm*np.log(oneorb_rdm));
/blue/m2qm-efrc/cpbunker/GitHub/transport/transport/tddmrg/__init__.py:182: RuntimeWarning: invalid value encountered in multiply
  ents[sitei] = np.trace( -oneorb_rdm*np.log(oneorb_rdm));
/blue/m2qm-efrc/cpbunker/GitHub/transport/transport/tddmrg/__init__.py:514: RuntimeWarning: invalid value encountered in subtract
  minfo = 0.5 * (ents1[:, None] + ents1[None, :] - ents2) * (1 - np.identity(len(ents1))); # (-1) * 2013 Reiher Eq (3)
/blue/m2qm-efrc/cpbunker/GitHub/transport/transport/tddmrg/__init__.py:514: RuntimeWarning: invalid value encountered in multiply
  minfo = 0.5 * (ents1[:, None] + ents1[None, :] - ents2) * (1 - np.identity(len(ents1))); # (-1) * 2013 Reiher Eq (3)
/blue/m2qm-efrc/cpbunker/GitHub/transport/transport/tddmrg/__init__.py:182: RuntimeWarning: divide by zero encountered in log
  ents[sitei] = np.trace( -oneorb_rdm*np.log(oneorb_rdm));
/blue/m2qm-efrc/cpbunker/GitHub/transport/transport/tddmrg/__init__.py:182: RuntimeWarning: invalid value encountered in multiply
  ents[sitei] = np.trace( -oneorb_rdm*np.log(oneorb_rdm));
/blue/m2qm-efrc/cpbunker/GitHub/transport/transport/tddmrg/__init__.py:514: RuntimeWarning: invalid value encountered in subtract
  minfo = 0.5 * (ents1[:, None] + ents1[None, :] - ents2) * (1 - np.identity(len(ents1))); # (-1) * 2013 Reiher Eq (3)
/blue/m2qm-efrc/cpbunker/GitHub/transport/transport/tddmrg/__init__.py:514: RuntimeWarning: invalid value encountered in multiply
  minfo = 0.5 * (ents1[:, None] + ents1[None, :] - ents2) * (1 - np.identity(len(ents1))); # (-1) * 2013 Reiher Eq (3)
/blue/m2qm-efrc/cpbunker/GitHub/transport/transport/tddmrg/__init__.py:182: RuntimeWarning: divide by zero encountered in log
  ents[sitei] = np.trace( -oneorb_rdm*np.log(oneorb_rdm));
/blue/m2qm-efrc/cpbunker/GitHub/transport/transport/tddmrg/__init__.py:182: RuntimeWarning: invalid value encountered in multiply
  ents[sitei] = np.trace( -oneorb_rdm*np.log(oneorb_rdm));
/blue/m2qm-efrc/cpbunker/GitHub/transport/transport/tddmrg/__init__.py:514: RuntimeWarning: invalid value encountered in subtract
  minfo = 0.5 * (ents1[:, None] + ents1[None, :] - ents2) * (1 - np.identity(len(ents1))); # (-1) * 2013 Reiher Eq (3)
/blue/m2qm-efrc/cpbunker/GitHub/transport/transport/tddmrg/__init__.py:514: RuntimeWarning: invalid value encountered in multiply
  minfo = 0.5 * (ents1[:, None] + ents1[None, :] - ents2) * (1 - np.identity(len(ents1))); # (-1) * 2013 Reiher Eq (3)
/blue/m2qm-efrc/cpbunker/GitHub/transport/transport/tddmrg/__init__.py:182: RuntimeWarning: divide by zero encountered in log
  ents[sitei] = np.trace( -oneorb_rdm*np.log(oneorb_rdm));
/blue/m2qm-efrc/cpbunker/GitHub/transport/transport/tddmrg/__init__.py:182: RuntimeWarning: invalid value encountered in multiply
  ents[sitei] = np.trace( -oneorb_rdm*np.log(oneorb_rdm));
/blue/m2qm-efrc/cpbunker/GitHub/transport/transport/tddmrg/__init__.py:514: RuntimeWarning: invalid value encountered in subtract
  minfo = 0.5 * (ents1[:, None] + ents1[None, :] - ents2) * (1 - np.identity(len(ents1))); # (-1) * 2013 Reiher Eq (3)
/blue/m2qm-efrc/cpbunker/GitHub/transport/transport/tddmrg/__init__.py:514: RuntimeWarning: invalid value encountered in multiply
  minfo = 0.5 * (ents1[:, None] + ents1[None, :] - ents2) * (1 - np.identity(len(ents1))); # (-1) * 2013 Reiher Eq (3)
/blue/m2qm-efrc/cpbunker/GitHub/transport/transport/tddmrg/__init__.py:182: RuntimeWarning: divide by zero encountered in log
  ents[sitei] = np.trace( -oneorb_rdm*np.log(oneorb_rdm));
/blue/m2qm-efrc/cpbunker/GitHub/transport/transport/tddmrg/__init__.py:182: RuntimeWarning: invalid value encountered in multiply
  ents[sitei] = np.trace( -oneorb_rdm*np.log(oneorb_rdm));
/blue/m2qm-efrc/cpbunker/GitHub/transport/transport/tddmrg/__init__.py:514: RuntimeWarning: invalid value encountered in subtract
  minfo = 0.5 * (ents1[:, None] + ents1[None, :] - ents2) * (1 - np.identity(len(ents1))); # (-1) * 2013 Reiher Eq (3)
/blue/m2qm-efrc/cpbunker/GitHub/transport/transport/tddmrg/__init__.py:514: RuntimeWarning: invalid value encountered in multiply
  minfo = 0.5 * (ents1[:, None] + ents1[None, :] - ents2) * (1 - np.identity(len(ents1))); # (-1) * 2013 Reiher Eq (3)
/blue/m2qm-efrc/cpbunker/GitHub/transport/transport/tddmrg/__init__.py:182: RuntimeWarning: divide by zero encountered in log
  ents[sitei] = np.trace( -oneorb_rdm*np.log(oneorb_rdm));
/blue/m2qm-efrc/cpbunker/GitHub/transport/transport/tddmrg/__init__.py:182: RuntimeWarning: invalid value encountered in multiply
  ents[sitei] = np.trace( -oneorb_rdm*np.log(oneorb_rdm));
/blue/m2qm-efrc/cpbunker/GitHub/transport/transport/tddmrg/__init__.py:514: RuntimeWarning: invalid value encountered in subtract
  minfo = 0.5 * (ents1[:, None] + ents1[None, :] - ents2) * (1 - np.identity(len(ents1))); # (-1) * 2013 Reiher Eq (3)
/blue/m2qm-efrc/cpbunker/GitHub/transport/transport/tddmrg/__init__.py:514: RuntimeWarning: invalid value encountered in multiply
  minfo = 0.5 * (ents1[:, None] + ents1[None, :] - ents2) * (1 - np.identity(len(ents1))); # (-1) * 2013 Reiher Eq (3)
/blue/m2qm-efrc/cpbunker/GitHub/transport/transport/tddmrg/__init__.py:182: RuntimeWarning: divide by zero encountered in log
  ents[sitei] = np.trace( -oneorb_rdm*np.log(oneorb_rdm));
/blue/m2qm-efrc/cpbunker/GitHub/transport/transport/tddmrg/__init__.py:182: RuntimeWarning: invalid value encountered in multiply
  ents[sitei] = np.trace( -oneorb_rdm*np.log(oneorb_rdm));
/blue/m2qm-efrc/cpbunker/GitHub/transport/transport/tddmrg/__init__.py:514: RuntimeWarning: invalid value encountered in subtract
  minfo = 0.5 * (ents1[:, None] + ents1[None, :] - ents2) * (1 - np.identity(len(ents1))); # (-1) * 2013 Reiher Eq (3)
/blue/m2qm-efrc/cpbunker/GitHub/transport/transport/tddmrg/__init__.py:514: RuntimeWarning: invalid value encountered in multiply
  minfo = 0.5 * (ents1[:, None] + ents1[None, :] - ents2) * (1 - np.identity(len(ents1))); # (-1) * 2013 Reiher Eq (3)
/blue/m2qm-efrc/cpbunker/GitHub/transport/transport/tddmrg/__init__.py:182: RuntimeWarning: divide by zero encountered in log
  ents[sitei] = np.trace( -oneorb_rdm*np.log(oneorb_rdm));
/blue/m2qm-efrc/cpbunker/GitHub/transport/transport/tddmrg/__init__.py:182: RuntimeWarning: invalid value encountered in multiply
  ents[sitei] = np.trace( -oneorb_rdm*np.log(oneorb_rdm));
/blue/m2qm-efrc/cpbunker/GitHub/transport/transport/tddmrg/__init__.py:514: RuntimeWarning: invalid value encountered in subtract
  minfo = 0.5 * (ents1[:, None] + ents1[None, :] - ents2) * (1 - np.identity(len(ents1))); # (-1) * 2013 Reiher Eq (3)
/blue/m2qm-efrc/cpbunker/GitHub/transport/transport/tddmrg/__init__.py:514: RuntimeWarning: invalid value encountered in multiply
  minfo = 0.5 * (ents1[:, None] + ents1[None, :] - ents2) * (1 - np.identity(len(ents1))); # (-1) * 2013 Reiher Eq (3)
/blue/m2qm-efrc/cpbunker/GitHub/transport/transport/tddmrg/__init__.py:182: RuntimeWarning: divide by zero encountered in log
  ents[sitei] = np.trace( -oneorb_rdm*np.log(oneorb_rdm));
/blue/m2qm-efrc/cpbunker/GitHub/transport/transport/tddmrg/__init__.py:182: RuntimeWarning: invalid value encountered in multiply
  ents[sitei] = np.trace( -oneorb_rdm*np.log(oneorb_rdm));
/blue/m2qm-efrc/cpbunker/GitHub/transport/transport/tddmrg/__init__.py:514: RuntimeWarning: invalid value encountered in subtract
  minfo = 0.5 * (ents1[:, None] + ents1[None, :] - ents2) * (1 - np.identity(len(ents1))); # (-1) * 2013 Reiher Eq (3)
/blue/m2qm-efrc/cpbunker/GitHub/transport/transport/tddmrg/__init__.py:514: RuntimeWarning: invalid value encountered in multiply
  minfo = 0.5 * (ents1[:, None] + ents1[None, :] - ents2) * (1 - np.identity(len(ents1))); # (-1) * 2013 Reiher Eq (3)
/blue/m2qm-efrc/cpbunker/GitHub/transport/transport/tddmrg/__init__.py:182: RuntimeWarning: divide by zero encountered in log
  ents[sitei] = np.trace( -oneorb_rdm*np.log(oneorb_rdm));
/blue/m2qm-efrc/cpbunker/GitHub/transport/transport/tddmrg/__init__.py:182: RuntimeWarning: invalid value encountered in multiply
  ents[sitei] = np.trace( -oneorb_rdm*np.log(oneorb_rdm));
/blue/m2qm-efrc/cpbunker/GitHub/transport/transport/tddmrg/__init__.py:514: RuntimeWarning: invalid value encountered in subtract
  minfo = 0.5 * (ents1[:, None] + ents1[None, :] - ents2) * (1 - np.identity(len(ents1))); # (-1) * 2013 Reiher Eq (3)
/blue/m2qm-efrc/cpbunker/GitHub/transport/transport/tddmrg/__init__.py:514: RuntimeWarning: invalid value encountered in multiply
  minfo = 0.5 * (ents1[:, None] + ents1[None, :] - ents2) * (1 - np.identity(len(ents1))); # (-1) * 2013 Reiher Eq (3)
/blue/m2qm-efrc/cpbunker/GitHub/transport/transport/tddmrg/__init__.py:182: RuntimeWarning: divide by zero encountered in log
  ents[sitei] = np.trace( -oneorb_rdm*np.log(oneorb_rdm));
/blue/m2qm-efrc/cpbunker/GitHub/transport/transport/tddmrg/__init__.py:182: RuntimeWarning: invalid value encountered in multiply
  ents[sitei] = np.trace( -oneorb_rdm*np.log(oneorb_rdm));
/blue/m2qm-efrc/cpbunker/GitHub/transport/transport/tddmrg/__init__.py:514: RuntimeWarning: invalid value encountered in subtract
  minfo = 0.5 * (ents1[:, None] + ents1[None, :] - ents2) * (1 - np.identity(len(ents1))); # (-1) * 2013 Reiher Eq (3)
/blue/m2qm-efrc/cpbunker/GitHub/transport/transport/tddmrg/__init__.py:514: RuntimeWarning: invalid value encountered in multiply
  minfo = 0.5 * (ents1[:, None] + ents1[None, :] - ents2) * (1 - np.identity(len(ents1))); # (-1) * 2013 Reiher Eq (3)
/blue/m2qm-efrc/cpbunker/GitHub/transport/transport/tddmrg/__init__.py:182: RuntimeWarning: divide by zero encountered in log
  ents[sitei] = np.trace( -oneorb_rdm*np.log(oneorb_rdm));
/blue/m2qm-efrc/cpbunker/GitHub/transport/transport/tddmrg/__init__.py:182: RuntimeWarning: invalid value encountered in multiply
  ents[sitei] = np.trace( -oneorb_rdm*np.log(oneorb_rdm));
/blue/m2qm-efrc/cpbunker/GitHub/transport/transport/tddmrg/__init__.py:514: RuntimeWarning: invalid value encountered in subtract
  minfo = 0.5 * (ents1[:, None] + ents1[None, :] - ents2) * (1 - np.identity(len(ents1))); # (-1) * 2013 Reiher Eq (3)
/blue/m2qm-efrc/cpbunker/GitHub/transport/transport/tddmrg/__init__.py:514: RuntimeWarning: invalid value encountered in multiply
  minfo = 0.5 * (ents1[:, None] + ents1[None, :] - ents2) * (1 - np.identity(len(ents1))); # (-1) * 2013 Reiher Eq (3)
/blue/m2qm-efrc/cpbunker/GitHub/transport/transport/tddmrg/__init__.py:182: RuntimeWarning: divide by zero encountered in log
  ents[sitei] = np.trace( -oneorb_rdm*np.log(oneorb_rdm));
/blue/m2qm-efrc/cpbunker/GitHub/transport/transport/tddmrg/__init__.py:182: RuntimeWarning: invalid value encountered in multiply
  ents[sitei] = np.trace( -oneorb_rdm*np.log(oneorb_rdm));
/blue/m2qm-efrc/cpbunker/GitHub/transport/transport/tddmrg/__init__.py:514: RuntimeWarning: invalid value encountered in subtract
  minfo = 0.5 * (ents1[:, None] + ents1[None, :] - ents2) * (1 - np.identity(len(ents1))); # (-1) * 2013 Reiher Eq (3)
/blue/m2qm-efrc/cpbunker/GitHub/transport/transport/tddmrg/__init__.py:514: RuntimeWarning: invalid value encountered in multiply
  minfo = 0.5 * (ents1[:, None] + ents1[None, :] - ents2) * (1 - np.identity(len(ents1))); # (-1) * 2013 Reiher Eq (3)


START TIME EVOLUTION (te_type = tdvp)

 ************************************************** 


	 driver.mpi =  None
	 global threads = 4

>>>> Evol CPU time = 27.2 min


Time = 8.00
Total energy = -1.780395+0.000000j
WF norm = 1.000000+0.000000j
<Sz d=24> = 0.000083+0.000000j
<Sz d=25> = 0.000065+0.000000j
<(S1+S2)^2> = 0.000444
ents2[25,24] = 0.0022306628
MI[24,25] = 0.692032 (max = 0.693147)
occ_ [0, 1, 2, 3, 4, 5, 6, 7, 8, 9, 10, 11, 12, 13, 14, 15, 16, 17, 18, 19, 20, 21, 22, 23, 24, 25, 26, 27, 28, 29, 30, 31, 32, 33, 34, 35, 36, 37, 38, 39, 40, 41, 42, 43, 44, 45, 46, 47, 48, 49, 50, 51, 52, 53, 54, 55]
Total <occ_> = 1.000000
sz_ [0, 1, 2, 3, 4, 5, 6, 7, 8, 9, 10, 11, 12, 13, 14, 15, 16, 17, 18, 19, 20, 21, 22, 23, 24, 25, 26, 27, 28, 29, 30, 31, 32, 33, 34, 35, 36, 37, 38, 39, 40, 41, 42, 43, 44, 45, 46, 47, 48, 49, 50, 51, 52, 53, 54, 55]
Total <sz_> = 0.499852
Sdz_ [24, 25]
Total <Sdz_> = 0.000148
J_ [20, 21, 24, 25, 26, 27]
Total <J_> = 0.005461
S2_ [24, 25]
Total <S2_> = nan
MI_ [24, 25]
ents2[25,24] = 0.0022306628
Total <MI_> = nan

>>>> Observables CPU time = 8.6 min


>>>> Evol CPU time = 26.2 min


Time = 16.00
Total energy = -1.780395+0.000000j
WF norm = 1.000000-0.000000j
<Sz d=24> = -0.000009-0.000000j
<Sz d=25> = 0.000598-0.000000j
<(S1+S2)^2> = 0.001769
ents2[25,24] = 0.0076635898
MI[24,25] = 0.689315 (max = 0.693147)
occ_ [0, 1, 2, 3, 4, 5, 6, 7, 8, 9, 10, 11, 12, 13, 14, 15, 16, 17, 18, 19, 20, 21, 22, 23, 24, 25, 26, 27, 28, 29, 30, 31, 32, 33, 34, 35, 36, 37, 38, 39, 40, 41, 42, 43, 44, 45, 46, 47, 48, 49, 50, 51, 52, 53, 54, 55]
Total <occ_> = 1.000000
sz_ [0, 1, 2, 3, 4, 5, 6, 7, 8, 9, 10, 11, 12, 13, 14, 15, 16, 17, 18, 19, 20, 21, 22, 23, 24, 25, 26, 27, 28, 29, 30, 31, 32, 33, 34, 35, 36, 37, 38, 39, 40, 41, 42, 43, 44, 45, 46, 47, 48, 49, 50, 51, 52, 53, 54, 55]
Total <sz_> = 0.499410
Sdz_ [24, 25]
Total <Sdz_> = 0.000590
J_ [20, 21, 24, 25, 26, 27]
Total <J_> = 0.009990
S2_ [24, 25]
Total <S2_> = nan
MI_ [24, 25]
ents2[25,24] = 0.0076635898
Total <MI_> = nan

>>>> Observables CPU time = 6.5 min


>>>> Evol CPU time = 21.4 min


Time = 24.00
Total energy = -1.780395-0.000000j
WF norm = 1.000000-0.000000j
<Sz d=24> = -0.000536-0.000000j
<Sz d=25> = 0.001862-0.000000j
<(S1+S2)^2> = 0.003980
ents2[25,24] = 0.0156214756
MI[24,25] = 0.685333 (max = 0.693147)
occ_ [0, 1, 2, 3, 4, 5, 6, 7, 8, 9, 10, 11, 12, 13, 14, 15, 16, 17, 18, 19, 20, 21, 22, 23, 24, 25, 26, 27, 28, 29, 30, 31, 32, 33, 34, 35, 36, 37, 38, 39, 40, 41, 42, 43, 44, 45, 46, 47, 48, 49, 50, 51, 52, 53, 54, 55]
Total <occ_> = 1.000000
sz_ [0, 1, 2, 3, 4, 5, 6, 7, 8, 9, 10, 11, 12, 13, 14, 15, 16, 17, 18, 19, 20, 21, 22, 23, 24, 25, 26, 27, 28, 29, 30, 31, 32, 33, 34, 35, 36, 37, 38, 39, 40, 41, 42, 43, 44, 45, 46, 47, 48, 49, 50, 51, 52, 53, 54, 55]
Total <sz_> = 0.498673
Sdz_ [24, 25]
Total <Sdz_> = 0.001327
J_ [20, 21, 24, 25, 26, 27]
Total <J_> = 0.014352
S2_ [24, 25]
Total <S2_> = nan
MI_ [24, 25]
ents2[25,24] = 0.0156214756
Total <MI_> = nan

>>>> Observables CPU time = 6.0 min


>>>> Evol CPU time = 26.2 min


Time = 32.00
Total energy = -1.780395+0.000000j
WF norm = 1.000000+0.000000j
<Sz d=24> = -0.001655+0.000000j
<Sz d=25> = 0.004001-0.000000j
<(S1+S2)^2> = 0.007040
ents2[25,24] = 0.0255846132
MI[24,25] = 0.680336 (max = 0.693147)
occ_ [0, 1, 2, 3, 4, 5, 6, 7, 8, 9, 10, 11, 12, 13, 14, 15, 16, 17, 18, 19, 20, 21, 22, 23, 24, 25, 26, 27, 28, 29, 30, 31, 32, 33, 34, 35, 36, 37, 38, 39, 40, 41, 42, 43, 44, 45, 46, 47, 48, 49, 50, 51, 52, 53, 54, 55]
Total <occ_> = 1.000000
sz_ [0, 1, 2, 3, 4, 5, 6, 7, 8, 9, 10, 11, 12, 13, 14, 15, 16, 17, 18, 19, 20, 21, 22, 23, 24, 25, 26, 27, 28, 29, 30, 31, 32, 33, 34, 35, 36, 37, 38, 39, 40, 41, 42, 43, 44, 45, 46, 47, 48, 49, 50, 51, 52, 53, 54, 55]
Total <sz_> = 0.497653
Sdz_ [24, 25]
Total <Sdz_> = 0.002347
J_ [20, 21, 24, 25, 26, 27]
Total <J_> = 0.020436
S2_ [24, 25]
Total <S2_> = nan
MI_ [24, 25]
ents2[25,24] = 0.0255846132
Total <MI_> = nan

>>>> Observables CPU time = 10.5 min


>>>> Evol CPU time = 23.1 min


Time = 40.00
Total energy = -1.780395+0.000000j
WF norm = 1.000000+0.000000j
<Sz d=24> = -0.003321+0.000000j
<Sz d=25> = 0.006945-0.000000j
<(S1+S2)^2> = 0.010872
ents2[25,24] = 0.0370575470
MI[24,25] = 0.674559 (max = 0.693147)
occ_ [0, 1, 2, 3, 4, 5, 6, 7, 8, 9, 10, 11, 12, 13, 14, 15, 16, 17, 18, 19, 20, 21, 22, 23, 24, 25, 26, 27, 28, 29, 30, 31, 32, 33, 34, 35, 36, 37, 38, 39, 40, 41, 42, 43, 44, 45, 46, 47, 48, 49, 50, 51, 52, 53, 54, 55]
Total <occ_> = 1.000000
sz_ [0, 1, 2, 3, 4, 5, 6, 7, 8, 9, 10, 11, 12, 13, 14, 15, 16, 17, 18, 19, 20, 21, 22, 23, 24, 25, 26, 27, 28, 29, 30, 31, 32, 33, 34, 35, 36, 37, 38, 39, 40, 41, 42, 43, 44, 45, 46, 47, 48, 49, 50, 51, 52, 53, 54, 55]
Total <sz_> = 0.496376
Sdz_ [24, 25]
Total <Sdz_> = 0.003624
J_ [20, 21, 24, 25, 26, 27]
Total <J_> = 0.025846
S2_ [24, 25]
Total <S2_> = nan
MI_ [24, 25]
ents2[25,24] = 0.0370575470
Total <MI_> = nan

>>>> Observables CPU time = 6.9 min


>>>> Evol CPU time = 28.2 min


Time = 48.00
Total energy = -1.780395+0.000000j
WF norm = 1.000000+0.000000j
<Sz d=24> = -0.006313+0.000000j
<Sz d=25> = 0.011664-0.000000j
<(S1+S2)^2> = 0.016052
ents2[25,24] = 0.0513160660
MI[24,25] = 0.667313 (max = 0.693147)
occ_ [0, 1, 2, 3, 4, 5, 6, 7, 8, 9, 10, 11, 12, 13, 14, 15, 16, 17, 18, 19, 20, 21, 22, 23, 24, 25, 26, 27, 28, 29, 30, 31, 32, 33, 34, 35, 36, 37, 38, 39, 40, 41, 42, 43, 44, 45, 46, 47, 48, 49, 50, 51, 52, 53, 54, 55]
Total <occ_> = 1.000000
sz_ [0, 1, 2, 3, 4, 5, 6, 7, 8, 9, 10, 11, 12, 13, 14, 15, 16, 17, 18, 19, 20, 21, 22, 23, 24, 25, 26, 27, 28, 29, 30, 31, 32, 33, 34, 35, 36, 37, 38, 39, 40, 41, 42, 43, 44, 45, 46, 47, 48, 49, 50, 51, 52, 53, 54, 55]
Total <sz_> = 0.494649
Sdz_ [24, 25]
Total <Sdz_> = 0.005351
J_ [20, 21, 24, 25, 26, 27]
Total <J_> = 0.026905
S2_ [24, 25]
Total <S2_> = nan
MI_ [24, 25]
ents2[25,24] = 0.0513160660
Total <MI_> = nan

>>>> Observables CPU time = 8.9 min


>>>> Evol CPU time = 17.6 min


Time = 56.00
Total energy = -1.780395-0.000000j
WF norm = 1.000000-0.000000j
<Sz d=24> = -0.008899+0.000000j
<Sz d=25> = 0.015976-0.000000j
<(S1+S2)^2> = 0.021231
ents2[25,24] = 0.0646122414
MI[24,25] = 0.660507 (max = 0.693147)
occ_ [0, 1, 2, 3, 4, 5, 6, 7, 8, 9, 10, 11, 12, 13, 14, 15, 16, 17, 18, 19, 20, 21, 22, 23, 24, 25, 26, 27, 28, 29, 30, 31, 32, 33, 34, 35, 36, 37, 38, 39, 40, 41, 42, 43, 44, 45, 46, 47, 48, 49, 50, 51, 52, 53, 54, 55]
Total <occ_> = 1.000000
sz_ [0, 1, 2, 3, 4, 5, 6, 7, 8, 9, 10, 11, 12, 13, 14, 15, 16, 17, 18, 19, 20, 21, 22, 23, 24, 25, 26, 27, 28, 29, 30, 31, 32, 33, 34, 35, 36, 37, 38, 39, 40, 41, 42, 43, 44, 45, 46, 47, 48, 49, 50, 51, 52, 53, 54, 55]
Total <sz_> = 0.492923
Sdz_ [24, 25]
Total <Sdz_> = 0.007077
J_ [20, 21, 24, 25, 26, 27]
Total <J_> = 0.029043
S2_ [24, 25]
Total <S2_> = nan
MI_ [24, 25]
ents2[25,24] = 0.0646122414
Total <MI_> = nan

>>>> Observables CPU time = 10.1 min


>>>> Evol CPU time = 43.0 min


Time = 64.00
Total energy = -1.780395+0.000000j
WF norm = 1.000000-0.000000j
<Sz d=24> = -0.013426-0.000000j
<Sz d=25> = 0.021921-0.000000j
<(S1+S2)^2> = 0.025484
ents2[25,24] = 0.0744745505
MI[24,25] = 0.655249 (max = 0.693147)
occ_ [0, 1, 2, 3, 4, 5, 6, 7, 8, 9, 10, 11, 12, 13, 14, 15, 16, 17, 18, 19, 20, 21, 22, 23, 24, 25, 26, 27, 28, 29, 30, 31, 32, 33, 34, 35, 36, 37, 38, 39, 40, 41, 42, 43, 44, 45, 46, 47, 48, 49, 50, 51, 52, 53, 54, 55]
Total <occ_> = 1.000000
sz_ [0, 1, 2, 3, 4, 5, 6, 7, 8, 9, 10, 11, 12, 13, 14, 15, 16, 17, 18, 19, 20, 21, 22, 23, 24, 25, 26, 27, 28, 29, 30, 31, 32, 33, 34, 35, 36, 37, 38, 39, 40, 41, 42, 43, 44, 45, 46, 47, 48, 49, 50, 51, 52, 53, 54, 55]
Total <sz_> = 0.491505
Sdz_ [24, 25]
Total <Sdz_> = 0.008495
J_ [20, 21, 24, 25, 26, 27]
Total <J_> = 0.038044
S2_ [24, 25]
Total <S2_> = nan
MI_ [24, 25]
ents2[25,24] = 0.0744745505
Total <MI_> = nan

>>>> Observables CPU time = 12.8 min


>>>> Evol CPU time = 31.4 min


Time = 72.00
Total energy = -1.780395+0.000000j
WF norm = 1.000000+0.000000j
<Sz d=24> = -0.017825-0.000000j
<Sz d=25> = 0.028697+0.000000j
<(S1+S2)^2> = 0.032616
ents2[25,24] = 0.0906895293
MI[24,25] = 0.646661 (max = 0.693147)
occ_ [0, 1, 2, 3, 4, 5, 6, 7, 8, 9, 10, 11, 12, 13, 14, 15, 16, 17, 18, 19, 20, 21, 22, 23, 24, 25, 26, 27, 28, 29, 30, 31, 32, 33, 34, 35, 36, 37, 38, 39, 40, 41, 42, 43, 44, 45, 46, 47, 48, 49, 50, 51, 52, 53, 54, 55]
Total <occ_> = 1.000000
sz_ [0, 1, 2, 3, 4, 5, 6, 7, 8, 9, 10, 11, 12, 13, 14, 15, 16, 17, 18, 19, 20, 21, 22, 23, 24, 25, 26, 27, 28, 29, 30, 31, 32, 33, 34, 35, 36, 37, 38, 39, 40, 41, 42, 43, 44, 45, 46, 47, 48, 49, 50, 51, 52, 53, 54, 55]
Total <sz_> = 0.489128
Sdz_ [24, 25]
Total <Sdz_> = 0.010872
J_ [20, 21, 24, 25, 26, 27]
Total <J_> = 0.050940
S2_ [24, 25]
Total <S2_> = nan
MI_ [24, 25]
ents2[25,24] = 0.0906895293
Total <MI_> = nan

>>>> Observables CPU time = 9.9 min


>>>> Evol CPU time = 35.0 min


Time = 80.00
Total energy = -1.780395+0.000000j
WF norm = 1.000000-0.000000j
<Sz d=24> = -0.022495-0.000000j
<Sz d=25> = 0.037088+0.000000j
<(S1+S2)^2> = 0.043777
ents2[25,24] = 0.1143239095
MI[24,25] = 0.634102 (max = 0.693147)
occ_ [0, 1, 2, 3, 4, 5, 6, 7, 8, 9, 10, 11, 12, 13, 14, 15, 16, 17, 18, 19, 20, 21, 22, 23, 24, 25, 26, 27, 28, 29, 30, 31, 32, 33, 34, 35, 36, 37, 38, 39, 40, 41, 42, 43, 44, 45, 46, 47, 48, 49, 50, 51, 52, 53, 54, 55]
Total <occ_> = 1.000000
sz_ [0, 1, 2, 3, 4, 5, 6, 7, 8, 9, 10, 11, 12, 13, 14, 15, 16, 17, 18, 19, 20, 21, 22, 23, 24, 25, 26, 27, 28, 29, 30, 31, 32, 33, 34, 35, 36, 37, 38, 39, 40, 41, 42, 43, 44, 45, 46, 47, 48, 49, 50, 51, 52, 53, 54, 55]
Total <sz_> = 0.485408
Sdz_ [24, 25]
Total <Sdz_> = 0.014592
J_ [20, 21, 24, 25, 26, 27]
Total <J_> = 0.055426
S2_ [24, 25]
Total <S2_> = nan
MI_ [24, 25]
ents2[25,24] = 0.1143239095
Total <MI_> = nan

>>>> Observables CPU time = 12.8 min


>>>> Evol CPU time = 32.2 min


Time = 88.00
Total energy = -1.780395-0.000000j
WF norm = 1.000000+0.000000j
<Sz d=24> = -0.028723-0.000000j
<Sz d=25> = 0.047754+0.000000j
<(S1+S2)^2> = 0.057093
ents2[25,24] = 0.1393528484
MI[24,25] = 0.620361 (max = 0.693147)
occ_ [0, 1, 2, 3, 4, 5, 6, 7, 8, 9, 10, 11, 12, 13, 14, 15, 16, 17, 18, 19, 20, 21, 22, 23, 24, 25, 26, 27, 28, 29, 30, 31, 32, 33, 34, 35, 36, 37, 38, 39, 40, 41, 42, 43, 44, 45, 46, 47, 48, 49, 50, 51, 52, 53, 54, 55]
Total <occ_> = 1.000000
sz_ [0, 1, 2, 3, 4, 5, 6, 7, 8, 9, 10, 11, 12, 13, 14, 15, 16, 17, 18, 19, 20, 21, 22, 23, 24, 25, 26, 27, 28, 29, 30, 31, 32, 33, 34, 35, 36, 37, 38, 39, 40, 41, 42, 43, 44, 45, 46, 47, 48, 49, 50, 51, 52, 53, 54, 55]
Total <sz_> = 0.480969
Sdz_ [24, 25]
Total <Sdz_> = 0.019031
J_ [20, 21, 24, 25, 26, 27]
Total <J_> = 0.046377
S2_ [24, 25]
Total <S2_> = nan
MI_ [24, 25]
ents2[25,24] = 0.1393528484
Total <MI_> = nan

>>>> Observables CPU time = 7.7 min


>>>> Evol CPU time = 28.4 min


Time = 96.00
Total energy = -1.780395+0.000000j
WF norm = 1.000000-0.000000j
<Sz d=24> = -0.036278-0.000000j
<Sz d=25> = 0.057977+0.000000j
<(S1+S2)^2> = 0.065097
ents2[25,24] = 0.1505896349
MI[24,25] = 0.613166 (max = 0.693147)
occ_ [0, 1, 2, 3, 4, 5, 6, 7, 8, 9, 10, 11, 12, 13, 14, 15, 16, 17, 18, 19, 20, 21, 22, 23, 24, 25, 26, 27, 28, 29, 30, 31, 32, 33, 34, 35, 36, 37, 38, 39, 40, 41, 42, 43, 44, 45, 46, 47, 48, 49, 50, 51, 52, 53, 54, 55]
Total <occ_> = 1.000000
sz_ [0, 1, 2, 3, 4, 5, 6, 7, 8, 9, 10, 11, 12, 13, 14, 15, 16, 17, 18, 19, 20, 21, 22, 23, 24, 25, 26, 27, 28, 29, 30, 31, 32, 33, 34, 35, 36, 37, 38, 39, 40, 41, 42, 43, 44, 45, 46, 47, 48, 49, 50, 51, 52, 53, 54, 55]
Total <sz_> = 0.478301
Sdz_ [24, 25]
Total <Sdz_> = 0.021699
J_ [20, 21, 24, 25, 26, 27]
Total <J_> = 0.036834
S2_ [24, 25]
Total <S2_> = nan
MI_ [24, 25]
ents2[25,24] = 0.1505896349
Total <MI_> = nan

>>>> Observables CPU time = 4.9 min


>>>> Evol CPU time = 13.2 min


Time = 104.00
Total energy = -1.780395-0.000000j
WF norm = 1.000000-0.000000j
<Sz d=24> = -0.043540+0.000000j
<Sz d=25> = 0.067433-0.000000j
<(S1+S2)^2> = 0.071679
ents2[25,24] = 0.1585862478
MI[24,25] = 0.607395 (max = 0.693147)
occ_ [0, 1, 2, 3, 4, 5, 6, 7, 8, 9, 10, 11, 12, 13, 14, 15, 16, 17, 18, 19, 20, 21, 22, 23, 24, 25, 26, 27, 28, 29, 30, 31, 32, 33, 34, 35, 36, 37, 38, 39, 40, 41, 42, 43, 44, 45, 46, 47, 48, 49, 50, 51, 52, 53, 54, 55]
Total <occ_> = 1.000000
sz_ [0, 1, 2, 3, 4, 5, 6, 7, 8, 9, 10, 11, 12, 13, 14, 15, 16, 17, 18, 19, 20, 21, 22, 23, 24, 25, 26, 27, 28, 29, 30, 31, 32, 33, 34, 35, 36, 37, 38, 39, 40, 41, 42, 43, 44, 45, 46, 47, 48, 49, 50, 51, 52, 53, 54, 55]
Total <sz_> = 0.476107
Sdz_ [24, 25]
Total <Sdz_> = 0.023893
J_ [20, 21, 24, 25, 26, 27]
Total <J_> = 0.034911
S2_ [24, 25]
Total <S2_> = nan
MI_ [24, 25]
ents2[25,24] = 0.1585862478
Total <MI_> = nan

>>>> Observables CPU time = 2.7 min


>>>> Evol CPU time = 11.8 min


Time = 112.00
Total energy = -1.780395+0.000000j
WF norm = 1.000000-0.000000j
<Sz d=24> = -0.048769+0.000000j
<Sz d=25> = 0.074009-0.000000j
<(S1+S2)^2> = 0.075719
ents2[25,24] = 0.1614159227
MI[24,25] = 0.604559 (max = 0.693147)
occ_ [0, 1, 2, 3, 4, 5, 6, 7, 8, 9, 10, 11, 12, 13, 14, 15, 16, 17, 18, 19, 20, 21, 22, 23, 24, 25, 26, 27, 28, 29, 30, 31, 32, 33, 34, 35, 36, 37, 38, 39, 40, 41, 42, 43, 44, 45, 46, 47, 48, 49, 50, 51, 52, 53, 54, 55]
Total <occ_> = 1.000000
sz_ [0, 1, 2, 3, 4, 5, 6, 7, 8, 9, 10, 11, 12, 13, 14, 15, 16, 17, 18, 19, 20, 21, 22, 23, 24, 25, 26, 27, 28, 29, 30, 31, 32, 33, 34, 35, 36, 37, 38, 39, 40, 41, 42, 43, 44, 45, 46, 47, 48, 49, 50, 51, 52, 53, 54, 55]
Total <sz_> = 0.474760
Sdz_ [24, 25]
Total <Sdz_> = 0.025240
J_ [20, 21, 24, 25, 26, 27]
Total <J_> = 0.031707
S2_ [24, 25]
Total <S2_> = nan
MI_ [24, 25]
ents2[25,24] = 0.1614159227
Total <MI_> = nan

>>>> Observables CPU time = 2.6 min


>>>> Evol CPU time = 11.6 min


Time = 120.00
Total energy = -1.780395+0.000000j
WF norm = 1.000000+0.000000j
<Sz d=24> = -0.057071+0.000000j
<Sz d=25> = 0.083001-0.000000j
<(S1+S2)^2> = 0.077789
ents2[25,24] = 0.1574641386
MI[24,25] = 0.604230 (max = 0.693147)
occ_ [0, 1, 2, 3, 4, 5, 6, 7, 8, 9, 10, 11, 12, 13, 14, 15, 16, 17, 18, 19, 20, 21, 22, 23, 24, 25, 26, 27, 28, 29, 30, 31, 32, 33, 34, 35, 36, 37, 38, 39, 40, 41, 42, 43, 44, 45, 46, 47, 48, 49, 50, 51, 52, 53, 54, 55]
Total <occ_> = 1.000000
sz_ [0, 1, 2, 3, 4, 5, 6, 7, 8, 9, 10, 11, 12, 13, 14, 15, 16, 17, 18, 19, 20, 21, 22, 23, 24, 25, 26, 27, 28, 29, 30, 31, 32, 33, 34, 35, 36, 37, 38, 39, 40, 41, 42, 43, 44, 45, 46, 47, 48, 49, 50, 51, 52, 53, 54, 55]
Total <sz_> = 0.474070
Sdz_ [24, 25]
Total <Sdz_> = 0.025930
J_ [20, 21, 24, 25, 26, 27]
Total <J_> = 0.025346
S2_ [24, 25]
Total <S2_> = nan
MI_ [24, 25]
ents2[25,24] = 0.1574641386
Total <MI_> = nan

>>>> Observables CPU time = 2.7 min


>>>> Evol CPU time = 11.4 min


Time = 128.00
Total energy = -1.780395+0.000000j
WF norm = 1.000000+0.000000j
<Sz d=24> = -0.064951+0.000000j
<Sz d=25> = 0.091071+0.000000j
<(S1+S2)^2> = 0.078360
ents2[25,24] = 0.1504686753
MI[24,25] = 0.605342 (max = 0.693147)
occ_ [0, 1, 2, 3, 4, 5, 6, 7, 8, 9, 10, 11, 12, 13, 14, 15, 16, 17, 18, 19, 20, 21, 22, 23, 24, 25, 26, 27, 28, 29, 30, 31, 32, 33, 34, 35, 36, 37, 38, 39, 40, 41, 42, 43, 44, 45, 46, 47, 48, 49, 50, 51, 52, 53, 54, 55]
Total <occ_> = 1.000000
sz_ [0, 1, 2, 3, 4, 5, 6, 7, 8, 9, 10, 11, 12, 13, 14, 15, 16, 17, 18, 19, 20, 21, 22, 23, 24, 25, 26, 27, 28, 29, 30, 31, 32, 33, 34, 35, 36, 37, 38, 39, 40, 41, 42, 43, 44, 45, 46, 47, 48, 49, 50, 51, 52, 53, 54, 55]
Total <sz_> = 0.473880
Sdz_ [24, 25]
Total <Sdz_> = 0.026120
J_ [20, 21, 24, 25, 26, 27]
Total <J_> = 0.022189
S2_ [24, 25]
Total <S2_> = nan
MI_ [24, 25]
ents2[25,24] = 0.1504686753
Total <MI_> = nan

>>>> Observables CPU time = 2.8 min


>>>> Evol CPU time = 11.7 min


Time = 136.00
Total energy = -1.780395+0.000000j
WF norm = 1.000000+0.000000j
<Sz d=24> = -0.071586+0.000000j
<Sz d=25> = 0.099091+0.000000j
<(S1+S2)^2> = 0.082516
ents2[25,24] = 0.1510769897
MI[24,25] = 0.602582 (max = 0.693147)
occ_ [0, 1, 2, 3, 4, 5, 6, 7, 8, 9, 10, 11, 12, 13, 14, 15, 16, 17, 18, 19, 20, 21, 22, 23, 24, 25, 26, 27, 28, 29, 30, 31, 32, 33, 34, 35, 36, 37, 38, 39, 40, 41, 42, 43, 44, 45, 46, 47, 48, 49, 50, 51, 52, 53, 54, 55]
Total <occ_> = 1.000000
sz_ [0, 1, 2, 3, 4, 5, 6, 7, 8, 9, 10, 11, 12, 13, 14, 15, 16, 17, 18, 19, 20, 21, 22, 23, 24, 25, 26, 27, 28, 29, 30, 31, 32, 33, 34, 35, 36, 37, 38, 39, 40, 41, 42, 43, 44, 45, 46, 47, 48, 49, 50, 51, 52, 53, 54, 55]
Total <sz_> = 0.472495
Sdz_ [24, 25]
Total <Sdz_> = 0.027505
J_ [20, 21, 24, 25, 26, 27]
Total <J_> = 0.020392
S2_ [24, 25]
Total <S2_> = nan
MI_ [24, 25]
ents2[25,24] = 0.1510769897
Total <MI_> = nan

>>>> Observables CPU time = 2.6 min


>>>> Evol CPU time = 11.1 min


Time = 144.00
Total energy = -1.780395-0.000000j
WF norm = 1.000000+0.000000j
<Sz d=24> = -0.075159-0.000000j
<Sz d=25> = 0.104510+0.000000j
<(S1+S2)^2> = 0.088054
ents2[25,24] = 0.1558284787
MI[24,25] = 0.598559 (max = 0.693147)
occ_ [0, 1, 2, 3, 4, 5, 6, 7, 8, 9, 10, 11, 12, 13, 14, 15, 16, 17, 18, 19, 20, 21, 22, 23, 24, 25, 26, 27, 28, 29, 30, 31, 32, 33, 34, 35, 36, 37, 38, 39, 40, 41, 42, 43, 44, 45, 46, 47, 48, 49, 50, 51, 52, 53, 54, 55]
Total <occ_> = 1.000000
sz_ [0, 1, 2, 3, 4, 5, 6, 7, 8, 9, 10, 11, 12, 13, 14, 15, 16, 17, 18, 19, 20, 21, 22, 23, 24, 25, 26, 27, 28, 29, 30, 31, 32, 33, 34, 35, 36, 37, 38, 39, 40, 41, 42, 43, 44, 45, 46, 47, 48, 49, 50, 51, 52, 53, 54, 55]
Total <sz_> = 0.470649
Sdz_ [24, 25]
Total <Sdz_> = 0.029351
J_ [20, 21, 24, 25, 26, 27]
Total <J_> = 0.009200
S2_ [24, 25]
Total <S2_> = nan
MI_ [24, 25]
ents2[25,24] = 0.1558284787
Total <MI_> = nan

>>>> Observables CPU time = 2.6 min


>>>> Evol CPU time = 11.4 min


Time = 152.00
Total energy = -1.780395+0.000000j
WF norm = 1.000000+0.000000j
<Sz d=24> = -0.079260+0.000000j
<Sz d=25> = 0.110398-0.000000j
<(S1+S2)^2> = 0.093413
ents2[25,24] = 0.1598915370
MI[24,25] = 0.594604 (max = 0.693147)
occ_ [0, 1, 2, 3, 4, 5, 6, 7, 8, 9, 10, 11, 12, 13, 14, 15, 16, 17, 18, 19, 20, 21, 22, 23, 24, 25, 26, 27, 28, 29, 30, 31, 32, 33, 34, 35, 36, 37, 38, 39, 40, 41, 42, 43, 44, 45, 46, 47, 48, 49, 50, 51, 52, 53, 54, 55]
Total <occ_> = 1.000000
sz_ [0, 1, 2, 3, 4, 5, 6, 7, 8, 9, 10, 11, 12, 13, 14, 15, 16, 17, 18, 19, 20, 21, 22, 23, 24, 25, 26, 27, 28, 29, 30, 31, 32, 33, 34, 35, 36, 37, 38, 39, 40, 41, 42, 43, 44, 45, 46, 47, 48, 49, 50, 51, 52, 53, 54, 55]
Total <sz_> = 0.468862
Sdz_ [24, 25]
Total <Sdz_> = 0.031138
J_ [20, 21, 24, 25, 26, 27]
Total <J_> = 0.000510
S2_ [24, 25]
Total <S2_> = nan
MI_ [24, 25]
ents2[25,24] = 0.1598915370
Total <MI_> = nan

>>>> Observables CPU time = 2.6 min


>>>> Evol CPU time = 11.4 min


Time = 160.00
Total energy = -1.780395+0.000000j
WF norm = 1.000000+0.000000j
<Sz d=24> = -0.080754-0.000000j
<Sz d=25> = 0.112120+0.000000j
<(S1+S2)^2> = 0.094098
ents2[25,24] = 0.1594449659
MI[24,25] = 0.594196 (max = 0.693147)
occ_ [0, 1, 2, 3, 4, 5, 6, 7, 8, 9, 10, 11, 12, 13, 14, 15, 16, 17, 18, 19, 20, 21, 22, 23, 24, 25, 26, 27, 28, 29, 30, 31, 32, 33, 34, 35, 36, 37, 38, 39, 40, 41, 42, 43, 44, 45, 46, 47, 48, 49, 50, 51, 52, 53, 54, 55]
Total <occ_> = 1.000000
sz_ [0, 1, 2, 3, 4, 5, 6, 7, 8, 9, 10, 11, 12, 13, 14, 15, 16, 17, 18, 19, 20, 21, 22, 23, 24, 25, 26, 27, 28, 29, 30, 31, 32, 33, 34, 35, 36, 37, 38, 39, 40, 41, 42, 43, 44, 45, 46, 47, 48, 49, 50, 51, 52, 53, 54, 55]
Total <sz_> = 0.468634
Sdz_ [24, 25]
Total <Sdz_> = 0.031366
J_ [20, 21, 24, 25, 26, 27]
Total <J_> = -0.001046
S2_ [24, 25]
Total <S2_> = nan
MI_ [24, 25]
ents2[25,24] = 0.1594449659
Total <MI_> = nan

>>>> Observables CPU time = 2.6 min

stop time: 
Fri May  9 02:29:55 EDT 2025
