#### SLURM ####
pwd: 
/blue/m2qm-efrc/cpbunker/GitHub/transport
host: 
c30b-s18.ufhpc
# conda environments:
#
base                     /apps/conda/23.3.1
block                 *  /blue/m2qm-efrc/cpbunker/condaenvs/block
plot                     /blue/m2qm-efrc/cpbunker/condaenvs/plot


#### PYTHON ####
start time: 
Fri Jan  5 00:01:14 EST 2024

Overwritten attributes  get_ovlp get_hcore  of <class 'pyscf.scf.uhf.UHF'>
>>> PWD:  /blue/m2qm-efrc/cpbunker/GitHub/transport
>>> Params =  {'tl': 0.1, 'Vconf': 0.0, 'Be': 0.0, 'BFM': -100.0, 'BFM_first': 100.0, 'Jz': 1.5708, 'Jx': 1.5708, 'Jsd': 0.0, 'jdnoise': 0.1, 'NL': 2, 'NFM': 2, 'NR': 2, 'Nconf': 2, 'Ne': 0, 'TwoSz': 0, 'symmetry': 'Sz', 'spin_strs': ['cd', 'CD'], 'ex_sites': [5, 7], 'plot': 0, 'bdim_0': [200, 250, 300, 350, 350], 'bdim_t': [400], 'noises': [0.01, 0.001, 0.0001, 1e-05, 0.0], 'dmrg_sweeps': 20, 'cutoff': -1.0, 'time_step': 0.04, 't1': 0.4, 't2': 0.6, 't3': 1.0, 't4': 2.0, 't5': 0.04, 't6': 0.04}
>>> Do FCI  =  True
>>> Do DMRG =  True
>>> special case:  BFM_first
j - d site pairs =  [(4, 5), (6, 7)]
H_1e = 
[[ 0.   0.  -0.1  0.  -0.1  0.   0.   0. ]
 [ 0.   0.   0.  -0.1  0.  -0.1  0.   0. ]
 [-0.1  0.   0.   0.  -0.1  0.  -0.1  0. ]
 [ 0.  -0.1  0.   0.   0.  -0.1  0.  -0.1]
 [-0.1  0.  -0.1  0.   0.   0.  -0.1  0. ]
 [ 0.  -0.1  0.  -0.1  0.   0.   0.  -0.1]
 [ 0.   0.  -0.1  0.  -0.1  0.   0.   0. ]
 [ 0.   0.   0.  -0.1  0.  -0.1  0.   0. ]]
[[  0.    0.   -0.1   0.   -0.1   0.    0.    0. ]
 [  0.    0.    0.   -0.1   0.   -0.1   0.    0. ]
 [ -0.1   0.  -50.    0.   -0.1   0.   -0.1   0. ]
 [  0.   -0.1   0.   50.    0.   -0.1   0.   -0.1]
 [ -0.1   0.   -0.1   0.    0.    0.   -0.1   0. ]
 [  0.   -0.1   0.   -0.1   0.    0.    0.   -0.1]
 [  0.    0.   -0.1   0.   -0.1   0.   50.    0. ]
 [  0.    0.    0.   -0.1   0.   -0.1   0.  -50. ]]
[[ 0.   0.  -0.1  0.  -0.1  0.   0.   0. ]
 [ 0.   0.   0.  -0.1  0.  -0.1  0.   0. ]
 [-0.1  0.   0.   0.  -0.1  0.  -0.1  0. ]
 [ 0.  -0.1  0.   0.   0.  -0.1  0.  -0.1]
 [-0.1  0.  -0.1  0.   0.   0.  -0.1  0. ]
 [ 0.  -0.1  0.  -0.1  0.   0.   0.  -0.1]
 [ 0.   0.  -0.1  0.  -0.1  0.   0.   0. ]
 [ 0.   0.   0.  -0.1  0.  -0.1  0.   0. ]]

UHF energy calculation
converged SCF energy = -99.6087127773713  <S^2> = 2  2S+1 = 3
Ground state energy (FCI) = -99.611797
Manually computed energy (FCI) = -99.611797
j - d site pairs =  [(4, 5), (6, 7)]

Build MPO | Nsites =    12 | Nterms =         94 | Algorithm = FastBIP | Cutoff = 1.00e-14
 Site =     0 /    12 .. Mmpo =     5 DW = 0.00e+00 NNZ =        5 SPT = 0.0000 Tmvc = 0.000 T = 0.007
 Site =     1 /    12 .. Mmpo =    10 DW = 0.00e+00 NNZ =       13 SPT = 0.7400 Tmvc = 0.000 T = 0.001
 Site =     2 /    12 .. Mmpo =    10 DW = 0.00e+00 NNZ =       18 SPT = 0.8200 Tmvc = 0.000 T = 0.000
 Site =     3 /    12 .. Mmpo =    10 DW = 0.00e+00 NNZ =       18 SPT = 0.8200 Tmvc = 0.000 T = 0.000
 Site =     4 /    12 .. Mmpo =    10 DW = 0.00e+00 NNZ =       18 SPT = 0.8200 Tmvc = 0.000 T = 0.000
 Site =     5 /    12 .. Mmpo =    14 DW = 0.00e+00 NNZ =       22 SPT = 0.8429 Tmvc = 0.000 T = 0.083
 Site =     6 /    12 .. Mmpo =    14 DW = 0.00e+00 NNZ =       22 SPT = 0.8878 Tmvc = 0.000 T = 0.000
 Site =     7 /    12 .. Mmpo =    10 DW = 0.00e+00 NNZ =       23 SPT = 0.8357 Tmvc = 0.000 T = 0.011
 Site =     8 /    12 .. Mmpo =    10 DW = 0.00e+00 NNZ =       18 SPT = 0.8200 Tmvc = 0.000 T = 0.000
 Site =     9 /    12 .. Mmpo =    10 DW = 0.00e+00 NNZ =       18 SPT = 0.8200 Tmvc = 0.000 T = 0.000
 Site =    10 /    12 .. Mmpo =     5 DW = 0.00e+00 NNZ =       17 SPT = 0.6600 Tmvc = 0.000 T = 0.000
 Site =    11 /    12 .. Mmpo =     1 DW = 0.00e+00 NNZ =        5 SPT = 0.0000 Tmvc = 0.000 T = 0.000
Ttotal =      0.102 Tmvc-total = 0.000 MPO bond dimension =    14 MaxDW = 0.00e+00
NNZ =          197 SIZE =         1086 SPT = 0.8186

Rank =     0 Ttotal =      0.108 MPO method = FastBipartite bond dimension =      14 NNZ =          197 SIZE =         1086 SPT = 0.8186
Environment initialization | Nsites =    12 | Center =     0
 INIT-R <-- Site =    9 ..  Bmem =   256 B Rmem =   256 B T = 0.09
 INIT-R <-- Site =    8 ..  Bmem = 4.69 KB Rmem = 4.69 KB T = 0.20
 INIT-R <-- Site =    7 ..  Bmem = 56.2 KB Rmem = 56.2 KB T = 0.05
 INIT-R <-- Site =    6 ..  Bmem =  720 KB Rmem =  473 KB T = 0.03
 INIT-R <-- Site =    5 ..  Bmem = 8.39 MB Rmem =  519 KB T = 0.11
 INIT-R <-- Site =    4 ..  Bmem = 6.97 MB Rmem =  454 KB T = 0.06
 INIT-R <-- Site =    3 ..  Bmem = 4.63 MB Rmem =  287 KB T = 0.03
 INIT-R <-- Site =    2 ..  Bmem = 4.03 MB Rmem =  266 KB T = 0.03
 INIT-R <-- Site =    1 ..  Bmem = 3.80 MB Rmem =  278 KB T = 0.04
 INIT-R <-- Site =    0 ..  Bmem = 3.99 MB Rmem =  247 KB T = 0.06
Time init sweep =        0.700 | MaxBmem = 8.39 MB | MaxRmem =  519 KB
 | Tread = 0.000 | Twrite = 0.168 | Tfpread = 0.000 | Tfpwrite = 0.155 | data = 2.53 MB | cpsd = 1.75 MB | Tasync = 0.000


Sweep =    0 | Direction =  forward | Bond dimension =  200 | Noise =  1.00e-02 | Dav threshold =  1.00e-06
 --> Site =    0-   1 .. Mmps =    4 Ndav =   8 E =     -0.4395547995 Error = 0.00e+00 FLOPS = 4.49e+03 Tdav = 0.16 T = 0.32
 --> Site =    1-   2 .. Mmps =    9 Ndav =   6 E =     -1.4693376492 Error = 0.00e+00 FLOPS = 9.61e+04 Tdav = 0.03 T = 0.09
 --> Site =    2-   3 .. Mmps =   16 Ndav =   7 E =     -1.9318093951 Error = 0.00e+00 FLOPS = 3.30e+06 Tdav = 0.00 T = 0.05
 --> Site =    3-   4 .. Mmps =   25 Ndav =   7 E =    -22.4246029231 Error = 0.00e+00 FLOPS = 7.33e+06 Tdav = 0.00 T = 0.04
 --> Site =    4-   5 .. Mmps =   36 Ndav =   4 E =    -50.2942305734 Error = 0.00e+00 FLOPS = 1.22e+07 Tdav = 0.00 T = 0.16
 --> Site =    5-   6 .. Mmps =   49 Ndav =   5 E =    -50.2989158111 Error = 0.00e+00 FLOPS = 1.72e+06 Tdav = 0.03 T = 0.13
 --> Site =    6-   7 .. Mmps =   64 Ndav =  14 E =    -50.3004288640 Error = 0.00e+00 FLOPS = 6.30e+07 Tdav = 0.01 T = 0.25
 --> Site =    7-   8 .. Mmps =   81 Ndav =   1 E =    -50.3004288640 Error = 0.00e+00 FLOPS = 3.43e+07 Tdav = 0.00 T = 0.06
 --> Site =    8-   9 .. Mmps =  100 Ndav =   1 E =    -50.3004288640 Error = 0.00e+00 FLOPS = 4.95e+07 Tdav = 0.00 T = 0.10
 --> Site =    9-  10 .. Mmps =  121 Ndav =   1 E =    -50.3004288640 Error = 0.00e+00 FLOPS = 3.92e+07 Tdav = 0.00 T = 0.11
 --> Site =   10-  11 .. Mmps =  144 Ndav =   1 E =    -50.3004288640 Error = 0.00e+00 FLOPS = 3.06e+07 Tdav = 0.00 T = 0.05
Time elapsed =      1.376 | E =     -50.3004288640 | DW = 0.00e+00
Time sweep =        1.376 | 600 KFLOP/SWP
 | Dmem = 609 KB (0%) | Imem = 137 KB (91%) | Hmem = 9.43 MB | Pmem = 22.1 KB
 | Tread = 0.031 | Twrite = 0.134 | Tfpread = 0.015 | Tfpwrite = 0.126 | Tmporead = 0.000 | Tasync = 0.000
 | data = 1.69 MB | cpsd = 534 KB
 | Trot = 0.017 | Tctr = 0.008 | Tint = 0.001 | Tmid = 0.000 | Tdctr = 0.016 | Tdiag = 0.088 | Tinfo = 0.016
 | Teff = 0.238 | Tprt = 0.092 | Teig = 0.236 | Tblk = 1.182 | Tmve = 0.184 | Tdm = 0.028 | Tsplt = 0.450 | Tsvd = 0.000 | Torth = 0.000

Sweep =    1 | Direction = backward | Bond dimension =  250 | Noise =  1.00e-03 | Dav threshold =  1.00e-06
 <-- Site =   10-  11 .. Mmps =    4 Ndav =   1 E =    -50.3004288640 Error = 0.00e+00 FLOPS = 3.17e+07 Tdav = 0.00 T = 0.02
 <-- Site =    9-  10 .. Mmps =    9 Ndav =   1 E =    -50.3004288640 Error = 0.00e+00 FLOPS = 4.05e+07 Tdav = 0.00 T = 0.03
 <-- Site =    8-   9 .. Mmps =   16 Ndav =   1 E =    -50.3004288640 Error = 0.00e+00 FLOPS = 3.67e+07 Tdav = 0.00 T = 0.03
 <-- Site =    7-   8 .. Mmps =   25 Ndav =   1 E =    -50.3004288640 Error = 0.00e+00 FLOPS = 3.76e+07 Tdav = 0.00 T = 0.03
 <-- Site =    6-   7 .. Mmps =   36 Ndav =   1 E =    -50.3004288640 Error = 0.00e+00 FLOPS = 3.54e+07 Tdav = 0.00 T = 0.03
 <-- Site =    5-   6 .. Mmps =   49 Ndav =   1 E =    -50.3004288640 Error = 0.00e+00 FLOPS = 3.67e+07 Tdav = 0.00 T = 0.03
 <-- Site =    4-   5 .. Mmps =   64 Ndav =   1 E =    -50.3004288640 Error = 0.00e+00 FLOPS = 3.28e+07 Tdav = 0.00 T = 0.05
 <-- Site =    3-   4 .. Mmps =   81 Ndav =   1 E =    -50.3004288640 Error = 0.00e+00 FLOPS = 3.38e+07 Tdav = 0.00 T = 0.04
 <-- Site =    2-   3 .. Mmps =  100 Ndav =   1 E =    -50.3004288640 Error = 0.00e+00 FLOPS = 4.58e+07 Tdav = 0.00 T = 0.04
 <-- Site =    1-   2 .. Mmps =  121 Ndav =   1 E =    -50.3004288640 Error = 0.00e+00 FLOPS = 3.51e+07 Tdav = 0.00 T = 0.08
 <-- Site =    0-   1 .. Mmps =  144 Ndav =   1 E =    -50.3004288640 Error = 0.00e+00 FLOPS = 3.77e+07 Tdav = 0.00 T = 0.05
Time elapsed =      1.823 | E =     -50.3004288640 | DE = 1.71e-13 | DW = 0.00e+00
Time sweep =        0.447 | 293 KFLOP/SWP
 | Dmem = 609 KB (0%) | Imem = 8.46 KB (96%) | Hmem = 3.74 MB | Pmem = 21.3 KB
 | Tread = 0.011 | Twrite = 0.062 | Tfpread = 0.005 | Tfpwrite = 0.051 | Tmporead = 0.000 | Tasync = 0.000
 | data = 1.64 MB | cpsd = 483 KB
 | Trot = 0.024 | Tctr = 0.004 | Tint = 0.001 | Tmid = 0.000 | Tdctr = 0.002 | Tdiag = 0.026 | Tinfo = 0.026
 | Teff = 0.093 | Tprt = 0.043 | Teig = 0.008 | Tblk = 0.322 | Tmve = 0.123 | Tdm = 0.001 | Tsplt = 0.036 | Tsvd = 0.000 | Torth = 0.000

Sweep =    2 | Direction =  forward | Bond dimension =  300 | Noise =  1.00e-04 | Dav threshold =  1.00e-06
 --> Site =    0-   1 .. Mmps =    4 Ndav =   1 E =    -50.3004288640 Error = 0.00e+00 FLOPS = 2.99e+07 Tdav = 0.00 T = 0.02
 --> Site =    1-   2 .. Mmps =    9 Ndav =   1 E =    -50.3004288640 Error = 0.00e+00 FLOPS = 4.65e+07 Tdav = 0.00 T = 0.04
 --> Site =    2-   3 .. Mmps =   16 Ndav =   1 E =    -50.3004288640 Error = 0.00e+00 FLOPS = 4.05e+07 Tdav = 0.00 T = 0.03
 --> Site =    3-   4 .. Mmps =   25 Ndav =   1 E =    -50.3004288640 Error = 0.00e+00 FLOPS = 3.05e+07 Tdav = 0.00 T = 0.03
 --> Site =    4-   5 .. Mmps =   36 Ndav =   1 E =    -50.3004288640 Error = 0.00e+00 FLOPS = 3.25e+07 Tdav = 0.00 T = 0.03
 --> Site =    5-   6 .. Mmps =   49 Ndav =   1 E =    -50.3004288640 Error = 0.00e+00 FLOPS = 3.27e+07 Tdav = 0.00 T = 0.03
 --> Site =    6-   7 .. Mmps =   64 Ndav =   1 E =    -50.3004288640 Error = 0.00e+00 FLOPS = 4.12e+07 Tdav = 0.00 T = 0.04
 --> Site =    7-   8 .. Mmps =   81 Ndav =   1 E =    -50.3004288640 Error = 0.00e+00 FLOPS = 2.24e+07 Tdav = 0.00 T = 0.10
 --> Site =    8-   9 .. Mmps =  100 Ndav =   1 E =    -50.3004288640 Error = 0.00e+00 FLOPS = 3.70e+07 Tdav = 0.00 T = 0.05
 --> Site =    9-  10 .. Mmps =  121 Ndav =   1 E =    -50.3004288640 Error = 0.00e+00 FLOPS = 2.81e+07 Tdav = 0.00 T = 0.08
 --> Site =   10-  11 .. Mmps =  144 Ndav =   1 E =    -50.3004288640 Error = 0.00e+00 FLOPS = 3.01e+07 Tdav = 0.00 T = 0.06
Time elapsed =      2.336 | E =     -50.3004288640 | DE = 7.11e-15 | DW = 0.00e+00
Time sweep =        0.513 | 293 KFLOP/SWP
 | Dmem = 609 KB (0%) | Imem = 8.46 KB (96%) | Hmem = 3.74 MB | Pmem = 21.3 KB
 | Tread = 0.027 | Twrite = 0.082 | Tfpread = 0.011 | Tfpwrite = 0.071 | Tmporead = 0.000 | Tasync = 0.000
 | data = 1.69 MB | cpsd = 536 KB
 | Trot = 0.025 | Tctr = 0.007 | Tint = 0.001 | Tmid = 0.000 | Tdctr = 0.016 | Tdiag = 0.053 | Tinfo = 0.027
 | Teff = 0.141 | Tprt = 0.028 | Teig = 0.009 | Tblk = 0.363 | Tmve = 0.149 | Tdm = 0.001 | Tsplt = 0.036 | Tsvd = 0.000 | Torth = 0.000

Sweep =    3 | Direction = backward | Bond dimension =  350 | Noise =  1.00e-05 | Dav threshold =  1.00e-06
 <-- Site =   10-  11 .. Mmps =    4 Ndav =   1 E =    -50.3004288640 Error = 0.00e+00 FLOPS = 2.86e+07 Tdav = 0.00 T = 0.02
 <-- Site =    9-  10 .. Mmps =    9 Ndav =   1 E =    -50.3004288640 Error = 0.00e+00 FLOPS = 5.21e+07 Tdav = 0.00 T = 0.03
 <-- Site =    8-   9 .. Mmps =   16 Ndav =   1 E =    -50.3004288640 Error = 0.00e+00 FLOPS = 4.05e+07 Tdav = 0.00 T = 0.03
 <-- Site =    7-   8 .. Mmps =   25 Ndav =   1 E =    -50.3004288640 Error = 0.00e+00 FLOPS = 3.70e+07 Tdav = 0.00 T = 0.03
 <-- Site =    6-   7 .. Mmps =   36 Ndav =   1 E =    -50.3004288640 Error = 0.00e+00 FLOPS = 3.98e+07 Tdav = 0.00 T = 0.03
 <-- Site =    5-   6 .. Mmps =   49 Ndav =   1 E =    -50.3004288640 Error = 0.00e+00 FLOPS = 3.71e+07 Tdav = 0.00 T = 0.03
 <-- Site =    4-   5 .. Mmps =   64 Ndav =   1 E =    -50.3004288640 Error = 0.00e+00 FLOPS = 3.14e+07 Tdav = 0.00 T = 0.04
 <-- Site =    3-   4 .. Mmps =   81 Ndav =   1 E =    -50.3004288640 Error = 0.00e+00 FLOPS = 3.61e+07 Tdav = 0.00 T = 0.04
 <-- Site =    2-   3 .. Mmps =  100 Ndav =   1 E =    -50.3004288640 Error = 0.00e+00 FLOPS = 3.29e+07 Tdav = 0.00 T = 0.07
 <-- Site =    1-   2 .. Mmps =  121 Ndav =   1 E =    -50.3004288640 Error = 0.00e+00 FLOPS = 4.16e+07 Tdav = 0.00 T = 0.05
 <-- Site =    0-   1 .. Mmps =  144 Ndav =   1 E =    -50.3004288640 Error = 0.00e+00 FLOPS = 2.65e+07 Tdav = 0.00 T = 0.05
Time elapsed =      2.770 | E =     -50.3004288640 | DE = 7.11e-15 | DW = 0.00e+00
Time sweep =        0.434 | 293 KFLOP/SWP
 | Dmem = 609 KB (0%) | Imem = 8.46 KB (96%) | Hmem = 3.74 MB | Pmem = 21.3 KB
 | Tread = 0.014 | Twrite = 0.048 | Tfpread = 0.006 | Tfpwrite = 0.037 | Tmporead = 0.000 | Tasync = 0.000
 | data = 1.64 MB | cpsd = 473 KB
 | Trot = 0.022 | Tctr = 0.004 | Tint = 0.002 | Tmid = 0.000 | Tdctr = 0.003 | Tdiag = 0.028 | Tinfo = 0.027
 | Teff = 0.104 | Tprt = 0.030 | Teig = 0.008 | Tblk = 0.322 | Tmve = 0.110 | Tdm = 0.001 | Tsplt = 0.037 | Tsvd = 0.000 | Torth = 0.000

Sweep =    4 | Direction =  forward | Bond dimension =  350 | Noise =  0.00e+00 | Dav threshold =  1.00e-07
 --> Site =    0-   1 .. Mmps =    4 Ndav =  16 E =    -99.6117968950 Error = 0.00e+00 FLOPS = 4.61e+07 Tdav = 0.01 T = 0.02
 --> Site =    1-   2 .. Mmps =    9 Ndav =   1 E =    -99.6117968950 Error = 0.00e+00 FLOPS = 4.85e+07 Tdav = 0.00 T = 0.03
 --> Site =    2-   3 .. Mmps =   16 Ndav =   1 E =    -99.6117968950 Error = 0.00e+00 FLOPS = 4.00e+07 Tdav = 0.00 T = 0.03
 --> Site =    3-   4 .. Mmps =   25 Ndav =   1 E =    -99.6117968950 Error = 0.00e+00 FLOPS = 3.54e+07 Tdav = 0.00 T = 0.03
 --> Site =    4-   5 .. Mmps =   36 Ndav =   1 E =    -99.6117968950 Error = 0.00e+00 FLOPS = 2.90e+07 Tdav = 0.00 T = 0.03
 --> Site =    5-   6 .. Mmps =   49 Ndav =   1 E =    -99.6117968950 Error = 0.00e+00 FLOPS = 3.55e+07 Tdav = 0.00 T = 0.03
 --> Site =    6-   7 .. Mmps =   64 Ndav =   1 E =    -99.6117968950 Error = 0.00e+00 FLOPS = 3.63e+07 Tdav = 0.00 T = 0.03
 --> Site =    7-   8 .. Mmps =   81 Ndav =   1 E =    -99.6117968950 Error = 0.00e+00 FLOPS = 3.54e+07 Tdav = 0.00 T = 0.04
 --> Site =    8-   9 .. Mmps =  100 Ndav =   1 E =    -99.6117968950 Error = 0.00e+00 FLOPS = 6.76e+07 Tdav = 0.00 T = 0.05
 --> Site =    9-  10 .. Mmps =  121 Ndav =   1 E =    -99.6117968950 Error = 0.00e+00 FLOPS = 4.17e+07 Tdav = 0.00 T = 0.05
 --> Site =   10-  11 .. Mmps =  144 Ndav =   1 E =    -99.6117968950 Error = 0.00e+00 FLOPS = 2.38e+07 Tdav = 0.00 T = 0.08
Time elapsed =      3.208 | E =     -99.6117968950 | DE = -4.93e+01 | DW = 0.00e+00
Time sweep =        0.438 | 596 KFLOP/SWP
 | Dmem = 609 KB (0%) | Imem = 8.46 KB (96%) | Hmem = 3.74 MB | Pmem = 0 B
 | Tread = 0.028 | Twrite = 0.061 | Tfpread = 0.012 | Tfpwrite = 0.050 | Tmporead = 0.000 | Tasync = 0.000
 | data = 1.69 MB | cpsd = 495 KB
 | Trot = 0.025 | Tctr = 0.007 | Tint = 0.002 | Tmid = 0.000 | Tdctr = 0.017 | Tdiag = 0.028 | Tinfo = 0.030
 | Teff = 0.117 | Tprt = 0.000 | Teig = 0.015 | Tblk = 0.305 | Tmve = 0.131 | Tdm = 0.000 | Tsplt = 0.031 | Tsvd = 0.000 | Torth = 0.000

Sweep =    5 | Direction = backward | Bond dimension =  350 | Noise =  0.00e+00 | Dav threshold =  1.00e-09
 <-- Site =   10-  11 .. Mmps =    4 Ndav =   3 E =    -99.6117968951 Error = 0.00e+00 FLOPS = 4.33e+07 Tdav = 0.00 T = 0.02
 <-- Site =    9-  10 .. Mmps =    9 Ndav =   1 E =    -99.6117968951 Error = 0.00e+00 FLOPS = 4.49e+07 Tdav = 0.00 T = 0.03
 <-- Site =    8-   9 .. Mmps =   16 Ndav =   1 E =    -99.6117968951 Error = 0.00e+00 FLOPS = 3.94e+07 Tdav = 0.00 T = 0.03
 <-- Site =    7-   8 .. Mmps =   25 Ndav =   1 E =    -99.6117968951 Error = 0.00e+00 FLOPS = 3.30e+07 Tdav = 0.00 T = 0.03
 <-- Site =    6-   7 .. Mmps =   36 Ndav =   1 E =    -99.6117968951 Error = 0.00e+00 FLOPS = 3.35e+07 Tdav = 0.00 T = 0.03
 <-- Site =    5-   6 .. Mmps =   49 Ndav =   1 E =    -99.6117968951 Error = 0.00e+00 FLOPS = 3.14e+07 Tdav = 0.00 T = 0.03
 <-- Site =    4-   5 .. Mmps =   64 Ndav =   1 E =    -99.6117968951 Error = 0.00e+00 FLOPS = 3.23e+07 Tdav = 0.00 T = 0.03
 <-- Site =    3-   4 .. Mmps =   81 Ndav =   1 E =    -99.6117968951 Error = 0.00e+00 FLOPS = 3.23e+07 Tdav = 0.00 T = 0.03
 <-- Site =    2-   3 .. Mmps =  100 Ndav =   1 E =    -99.6117968951 Error = 0.00e+00 FLOPS = 4.46e+07 Tdav = 0.00 T = 0.04
 <-- Site =    1-   2 .. Mmps =  121 Ndav =   1 E =    -99.6117968951 Error = 0.00e+00 FLOPS = 5.08e+07 Tdav = 0.00 T = 0.05
 <-- Site =    0-   1 .. Mmps =  144 Ndav =   1 E =    -99.6117968951 Error = 0.00e+00 FLOPS = 2.77e+07 Tdav = 0.00 T = 0.05
Time elapsed =      3.587 | E =     -99.6117968951 | DE = -1.35e-10 | DW = 0.00e+00
Time sweep =        0.379 | 334 KFLOP/SWP
 | Dmem = 609 KB (0%) | Imem = 8.46 KB (96%) | Hmem = 3.74 MB | Pmem = 0 B
 | Tread = 0.012 | Twrite = 0.041 | Tfpread = 0.005 | Tfpwrite = 0.029 | Tmporead = 0.000 | Tasync = 0.000
 | data = 1.64 MB | cpsd = 433 KB
 | Trot = 0.024 | Tctr = 0.004 | Tint = 0.001 | Tmid = 0.000 | Tdctr = 0.002 | Tdiag = 0.004 | Tinfo = 0.027
 | Teff = 0.082 | Tprt = 0.000 | Teig = 0.009 | Tblk = 0.273 | Tmve = 0.105 | Tdm = 0.000 | Tsplt = 0.035 | Tsvd = 0.000 | Torth = 0.000

Ground state energy (DMRG) = -99.611797
Manually computed energy (DMRG) = -99.611797+0.000000j
>>> Init compute time (FCI = True, DMRG=True) = 20.400654315948486
Site 5 <Sz> (FCI) = 0.499977
Site 7 <Sz> (FCI) = -0.499977
C[5, 7] =  nan
Site 5 <Sz> (DMRG) = 0.499977-0.000000j
Site 7 <Sz> (DMRG) = -0.499977+0.000000j
C[5, 7] =  0.007851441551310071
FCI sum occ_ = 1.9999999999999978
FCI combined occ_ = 1.9999999999999978
FCI sum sz_ = 1.0587092294523202e-16
FCI combined sz_ = 6.711535396008514e-17
FCI sum conc_ = nan
FCI combined conc_ = nan
FCI sum pur_ = nan
FCI combined pur_ = nan
j - d site pairs =  [(4, 5), (6, 7)]
H_1e_dyn = 
[[ 0.   0.   0.   0.  -0.1  0.   0.   0. ]
 [ 0.   0.   0.   0.   0.  -0.1  0.   0. ]
 [ 0.   0.   0.   0.   0.   0.   0.   0. ]
 [ 0.   0.   0.   0.   0.   0.   0.   0. ]
 [-0.1  0.   0.   0.   0.   0.   0.   0. ]
 [ 0.  -0.1  0.   0.   0.   0.   0.   0. ]
 [ 0.   0.   0.   0.   0.   0.   0.   0. ]
 [ 0.   0.   0.   0.   0.   0.   0.   0. ]]
[[ 0.   0.   0.   0.  -0.1  0.   0.   0. ]
 [ 0.   0.   0.   0.   0.  -0.1  0.   0. ]
 [ 0.   0.   0.   0.   0.   0.   0.   0. ]
 [ 0.   0.   0.   0.   0.   0.   0.   0. ]
 [-0.1  0.   0.   0.   0.   0.   0.   0. ]
 [ 0.  -0.1  0.   0.   0.   0.   0.   0. ]
 [ 0.   0.   0.   0.   0.   0.   0.   0. ]
 [ 0.   0.   0.   0.   0.   0.   0.   0. ]]
[[ 0.   0.   0.   0.  -0.1  0.   0.   0. ]
 [ 0.   0.   0.   0.   0.  -0.1  0.   0. ]
 [ 0.   0.   0.   0.   0.   0.   0.   0. ]
 [ 0.   0.   0.   0.   0.   0.   0.   0. ]
 [-0.1  0.   0.   0.   0.   0.   0.   0. ]
 [ 0.  -0.1  0.   0.   0.   0.   0.   0. ]
 [ 0.   0.   0.   0.   0.   0.   0.   0. ]
 [ 0.   0.   0.   0.   0.   0.   0.   0. ]]
j - d site pairs =  [(4, 5), (6, 7)]

Build MPO | Nsites =    12 | Nterms =         26 | Algorithm = FastBIP | Cutoff = 1.00e-14
 Site =     0 /    12 .. Mmpo =     5 DW = 0.00e+00 NNZ =        5 SPT = 0.0000 Tmvc = 0.000 T = 0.000
 Site =     1 /    12 .. Mmpo =     5 DW = 0.00e+00 NNZ =        5 SPT = 0.8000 Tmvc = 0.000 T = 0.000
 Site =     2 /    12 .. Mmpo =     6 DW = 0.00e+00 NNZ =        9 SPT = 0.7000 Tmvc = 0.000 T = 0.011
 Site =     3 /    12 .. Mmpo =     6 DW = 0.00e+00 NNZ =        6 SPT = 0.8333 Tmvc = 0.000 T = 0.000
 Site =     4 /    12 .. Mmpo =     6 DW = 0.00e+00 NNZ =       10 SPT = 0.7222 Tmvc = 0.000 T = 0.000
 Site =     5 /    12 .. Mmpo =    10 DW = 0.00e+00 NNZ =       10 SPT = 0.8333 Tmvc = 0.000 T = 0.000
 Site =     6 /    12 .. Mmpo =    10 DW = 0.00e+00 NNZ =       14 SPT = 0.8600 Tmvc = 0.000 T = 0.000
 Site =     7 /    12 .. Mmpo =     6 DW = 0.00e+00 NNZ =       10 SPT = 0.8333 Tmvc = 0.000 T = 0.000
 Site =     8 /    12 .. Mmpo =     5 DW = 0.00e+00 NNZ =        9 SPT = 0.7000 Tmvc = 0.000 T = 0.000
 Site =     9 /    12 .. Mmpo =     5 DW = 0.00e+00 NNZ =        5 SPT = 0.8000 Tmvc = 0.000 T = 0.000
 Site =    10 /    12 .. Mmpo =     1 DW = 0.00e+00 NNZ =        5 SPT = 0.0000 Tmvc = 0.000 T = 0.000
 Site =    11 /    12 .. Mmpo =     1 DW = 0.00e+00 NNZ =        1 SPT = 0.0000 Tmvc = 0.000 T = 0.000
Ttotal =      0.012 Tmvc-total = 0.000 MPO bond dimension =    10 MaxDW = 0.00e+00
NNZ =           89 SIZE =          413 SPT = 0.7845

Rank =     0 Ttotal =      0.013 MPO method = FastBipartite bond dimension =      10 NNZ =           89 SIZE =          413 SPT = 0.7845
Time Evolution  DELTA T = RE      0.00000000 + IM      0.04000000
Time Evolution TARGET T = RE      0.00000000 + IM      0.40000000
Time Evolution   NSTEPS =         10
Environment initialization | Nsites =    12 | Center =     0
 INIT-R <-- Site =    9 ..  Bmem =   128 B Rmem =   128 B T = 0.04
 INIT-R <-- Site =    8 ..  Bmem = 2.62 KB Rmem = 1.41 KB T = 0.01
 INIT-R <-- Site =    7 ..  Bmem = 14.0 KB Rmem = 5.00 KB T = 0.01
 INIT-R <-- Site =    6 ..  Bmem = 57.7 KB Rmem = 17.8 KB T = 0.01
 INIT-R <-- Site =    5 ..  Bmem =  223 KB Rmem = 61.7 KB T = 0.01
 INIT-R <-- Site =    4 ..  Bmem =  480 KB Rmem =  122 KB T = 0.01
 INIT-R <-- Site =    3 ..  Bmem =  610 KB Rmem =  139 KB T = 0.01
 INIT-R <-- Site =    2 ..  Bmem = 1.04 MB Rmem =  231 KB T = 0.01
 INIT-R <-- Site =    1 ..  Bmem = 1.70 MB Rmem =  361 KB T = 0.05
 INIT-R <-- Site =    0 ..  Bmem = 2.12 MB Rmem =  382 KB T = 0.03
Time init sweep =        0.190 | MaxBmem = 2.12 MB | MaxRmem =  382 KB
 | Tread = 0.000 | Twrite = 0.090 | Tfpread = 0.000 | Tfpwrite = 0.078 | data = 1.29 MB | cpsd = 332 KB | Tasync = 0.000

Sweep =    0 ( 0/ 2) | Direction =  forward | Beta = (0.00000,0.04000) | Bond dimension =  400 | Noise =  0.00e+00
 --> Site =    0-   1 .. Mmps =    4 Nexpo =    4/   0 E = (0.0000000000,0.0000000000) Error = 0.00e+00 FLOPS = 4.37e+06 Texpo = 0.02 T = 0.09
 --> Site =    1-   2 .. Mmps =    9 Nexpo =    4/   0 E = (0.0000000000,0.0000000000) Error = 0.00e+00 FLOPS = 1.10e+08 Texpo = 0.00 T = 0.02
 --> Site =    2-   3 .. Mmps =   16 Nexpo =    4/   0 E = (0.0000000000,0.0000000000) Error = 0.00e+00 FLOPS = 1.16e+08 Texpo = 0.00 T = 0.03
 --> Site =    3-   4 .. Mmps =   25 Nexpo =    4/   0 E = (0.0000000000,0.0000000000) Error = 0.00e+00 FLOPS = 1.03e+08 Texpo = 0.00 T = 0.03
 --> Site =    4-   5 .. Mmps =   36 Nexpo =    4/   0 E = (0.0000000000,0.0000000000) Error = 0.00e+00 FLOPS = 9.55e+07 Texpo = 0.00 T = 0.03
 --> Site =    5-   6 .. Mmps =   49 Nexpo =    4/   0 E = (0.0000000000,0.0000000000) Error = 0.00e+00 FLOPS = 1.01e+08 Texpo = 0.00 T = 0.03
 --> Site =    6-   7 .. Mmps =   64 Nexpo =    4/   0 E = (0.0000000000,0.0000000000) Error = 0.00e+00 FLOPS = 9.46e+07 Texpo = 0.00 T = 0.04
 --> Site =    7-   8 .. Mmps =   81 Nexpo =    4/   0 E = (0.0000000000,0.0000000000) Error = 0.00e+00 FLOPS = 1.16e+08 Texpo = 0.00 T = 0.04
 --> Site =    8-   9 .. Mmps =  100 Nexpo =    4/   0 E = (0.0000000000,0.0000000000) Error = 0.00e+00 FLOPS = 7.44e+07 Texpo = 0.00 T = 0.04
 --> Site =    9-  10 .. Mmps =  121 Nexpo =    4/   0 E = (0.0000000000,0.0000000000) Error = 0.00e+00 FLOPS = 8.76e+07 Texpo = 0.00 T = 0.05
 --> Site =   10-  11 .. Mmps =  144 Nexpo =   22/   0 E = (0.3865214100,-0.0000000000) Error = 0.00e+00 FLOPS = 1.38e+06 Texpo = 0.24 T = 0.30
Time elapsed =      0.705 | E = (0.3865214100,-0.0000000000) | Norm^2 =       1.0000000000 | DW = 0.00e+00
Time sweep =        0.705 | 1.03 MFLOP/SWP
 | Tread = 0.029 | Twrite = 0.039 | Tfpread = 0.012 | Tfpwrite = 0.012 | data = 1.25 MB | cpsd = 595 KB | Tasync = 0.000
Sweep =    0 ( 1/ 2) | Direction = backward | Beta = (0.00000,0.04000) | Bond dimension =  400 | Noise =  0.00e+00
 <-- Site =   10-  11 .. Mmps =    4 Nexpo =    4/   0 E = (0.0000000000,0.0000000000) Error = 0.00e+00 FLOPS = 6.56e+07 Texpo = 0.00 T = 0.02
 <-- Site =    9-  10 .. Mmps =    9 Nexpo =    4/   0 E = (0.0000000000,0.0000000000) Error = 0.00e+00 FLOPS = 9.09e+07 Texpo = 0.00 T = 0.03
 <-- Site =    8-   9 .. Mmps =   16 Nexpo =    4/   0 E = (0.0000000000,0.0000000000) Error = 0.00e+00 FLOPS = 7.28e+07 Texpo = 0.00 T = 0.03
 <-- Site =    7-   8 .. Mmps =   25 Nexpo =    4/   0 E = (0.0000000000,0.0000000000) Error = 0.00e+00 FLOPS = 2.70e+06 Texpo = 0.03 T = 0.05
 <-- Site =    6-   7 .. Mmps =   36 Nexpo =    4/   0 E = (0.0000000000,0.0000000000) Error = 0.00e+00 FLOPS = 1.13e+08 Texpo = 0.00 T = 0.03
 <-- Site =    5-   6 .. Mmps =   49 Nexpo =    4/   0 E = (0.0000000000,0.0000000000) Error = 0.00e+00 FLOPS = 1.11e+08 Texpo = 0.00 T = 0.03
 <-- Site =    4-   5 .. Mmps =   64 Nexpo =    4/   0 E = (0.0000000000,0.0000000000) Error = 0.00e+00 FLOPS = 1.02e+08 Texpo = 0.00 T = 0.03
 <-- Site =    3-   4 .. Mmps =   81 Nexpo =    4/   0 E = (0.0000000000,0.0000000000) Error = 0.00e+00 FLOPS = 1.13e+08 Texpo = 0.00 T = 0.03
 <-- Site =    2-   3 .. Mmps =  100 Nexpo =    4/   0 E = (0.0000000000,0.0000000000) Error = 0.00e+00 FLOPS = 2.31e+08 Texpo = 0.00 T = 0.04
 <-- Site =    1-   2 .. Mmps =  121 Nexpo =    4/   0 E = (0.0000000000,0.0000000000) Error = 0.00e+00 FLOPS = 2.67e+06 Texpo = 0.03 T = 0.07
 <-- Site =    0-   1 .. Mmps =  144 Nexpo =   22/   0 E = (0.3865214100,0.0000000000) Error = 0.00e+00 FLOPS = 2.08e+07 Texpo = 0.02 T = 0.07
Time elapsed =      1.148 | E = (0.3865214100,0.0000000000) | Norm^2 =       1.0000000000 | DW = 0.00e+00
Time sweep =        0.443 | 1.13 MFLOP/SWP
 | Tread = 0.011 | Twrite = 0.053 | Tfpread = 0.005 | Tfpwrite = 0.041 | data = 1.29 MB | cpsd = 507 KB | Tasync = 0.000
T =    0.00000 +    0.04000i <E> =    0.386521409980432 +    0.00000i <Norm^2> =    0.999999999999999 +    0.00000i
Sweep =    0 ( 0/ 2) | Direction =  forward | Beta = (0.00000,0.04000) | Bond dimension =  400 | Noise =  0.00e+00
 --> Site =    0-   1 .. Mmps =    4 Nexpo =    4/   0 E = (0.0000000000,0.0000000000) Error = 0.00e+00 FLOPS = 1.20e+08 Texpo = 0.00 T = 0.02
 --> Site =    1-   2 .. Mmps =    9 Nexpo =    4/   0 E = (0.0000000000,0.0000000000) Error = 0.00e+00 FLOPS = 9.13e+07 Texpo = 0.00 T = 0.03
 --> Site =    2-   3 .. Mmps =   16 Nexpo =    4/   0 E = (0.0000000000,0.0000000000) Error = 0.00e+00 FLOPS = 3.12e+06 Texpo = 0.03 T = 0.06
 --> Site =    3-   4 .. Mmps =   25 Nexpo =    4/   0 E = (0.0000000000,0.0000000000) Error = 0.00e+00 FLOPS = 1.11e+08 Texpo = 0.00 T = 0.03
 --> Site =    4-   5 .. Mmps =   36 Nexpo =    4/   0 E = (0.0000000000,0.0000000000) Error = 0.00e+00 FLOPS = 8.76e+07 Texpo = 0.00 T = 0.03
 --> Site =    5-   6 .. Mmps =   49 Nexpo =    4/   0 E = (0.0000000000,0.0000000000) Error = 0.00e+00 FLOPS = 1.25e+08 Texpo = 0.00 T = 0.03
 --> Site =    6-   7 .. Mmps =   64 Nexpo =    4/   0 E = (0.0000000000,0.0000000000) Error = 0.00e+00 FLOPS = 1.17e+08 Texpo = 0.00 T = 0.03
 --> Site =    7-   8 .. Mmps =   81 Nexpo =    4/   0 E = (0.0000000000,0.0000000000) Error = 0.00e+00 FLOPS = 3.50e+06 Texpo = 0.02 T = 0.08
 --> Site =    8-   9 .. Mmps =  100 Nexpo =    4/   0 E = (0.0000000000,0.0000000000) Error = 0.00e+00 FLOPS = 1.50e+08 Texpo = 0.00 T = 0.04
 --> Site =    9-  10 .. Mmps =  121 Nexpo =    4/   0 E = (0.0000000000,0.0000000000) Error = 0.00e+00 FLOPS = 3.17e+06 Texpo = 0.02 T = 0.13
 --> Site =   10-  11 .. Mmps =  144 Nexpo =   22/   0 E = (0.3865214100,0.0000000000) Error = 0.00e+00 FLOPS = 1.48e+07 Texpo = 0.02 T = 0.08
Time elapsed =      0.573 | E = (0.3865214100,0.0000000000) | Norm^2 =       1.0000000000 | DW = 0.00e+00
Time sweep =        0.573 | 1.03 MFLOP/SWP
 | Tread = 0.023 | Twrite = 0.164 | Tfpread = 0.010 | Tfpwrite = 0.153 | data = 1.25 MB | cpsd = 595 KB | Tasync = 0.000
Sweep =    0 ( 1/ 2) | Direction = backward | Beta = (0.00000,0.04000) | Bond dimension =  400 | Noise =  0.00e+00
 <-- Site =   10-  11 .. Mmps =    4 Nexpo =    4/   0 E = (0.0000000000,0.0000000000) Error = 0.00e+00 FLOPS = 9.66e+07 Texpo = 0.00 T = 0.02
 <-- Site =    9-  10 .. Mmps =    9 Nexpo =    4/   0 E = (0.0000000000,0.0000000000) Error = 0.00e+00 FLOPS = 9.67e+07 Texpo = 0.00 T = 0.03
 <-- Site =    8-   9 .. Mmps =   16 Nexpo =    4/   0 E = (0.0000000000,0.0000000000) Error = 0.00e+00 FLOPS = 8.67e+07 Texpo = 0.00 T = 0.03
 <-- Site =    7-   8 .. Mmps =   25 Nexpo =    4/   0 E = (0.0000000000,0.0000000000) Error = 0.00e+00 FLOPS = 1.14e+08 Texpo = 0.00 T = 0.03
 <-- Site =    6-   7 .. Mmps =   36 Nexpo =    4/   0 E = (0.0000000000,0.0000000000) Error = 0.00e+00 FLOPS = 1.21e+08 Texpo = 0.00 T = 0.03
 <-- Site =    5-   6 .. Mmps =   49 Nexpo =    4/   0 E = (0.0000000000,0.0000000000) Error = 0.00e+00 FLOPS = 1.19e+08 Texpo = 0.00 T = 0.03
 <-- Site =    4-   5 .. Mmps =   64 Nexpo =    4/   0 E = (0.0000000000,0.0000000000) Error = 0.00e+00 FLOPS = 1.02e+08 Texpo = 0.00 T = 0.03
 <-- Site =    3-   4 .. Mmps =   81 Nexpo =    4/   0 E = (0.0000000000,0.0000000000) Error = 0.00e+00 FLOPS = 1.10e+08 Texpo = 0.00 T = 0.03
 <-- Site =    2-   3 .. Mmps =  100 Nexpo =    4/   0 E = (0.0000000000,0.0000000000) Error = 0.00e+00 FLOPS = 1.18e+08 Texpo = 0.00 T = 0.04
 <-- Site =    1-   2 .. Mmps =  121 Nexpo =    4/   0 E = (0.0000000000,0.0000000000) Error = 0.00e+00 FLOPS = 2.79e+06 Texpo = 0.02 T = 0.07
 <-- Site =    0-   1 .. Mmps =  144 Nexpo =   22/   0 E = (0.3865214100,0.0000000000) Error = 0.00e+00 FLOPS = 1.75e+08 Texpo = 0.00 T = 0.05
Time elapsed =      0.958 | E = (0.3865214100,0.0000000000) | Norm^2 =       1.0000000000 | DW = 0.00e+00
Time sweep =        0.384 | 1.13 MFLOP/SWP
 | Tread = 0.011 | Twrite = 0.047 | Tfpread = 0.005 | Tfpwrite = 0.036 | data = 1.29 MB | cpsd = 509 KB | Tasync = 0.000
T =    0.00000 +    0.08000i <E> =    0.386521409980432 +    0.00000i <Norm^2> =    0.999999999999999 +    0.00000i
Sweep =    0 ( 0/ 2) | Direction =  forward | Beta = (0.00000,0.04000) | Bond dimension =  400 | Noise =  0.00e+00
 --> Site =    0-   1 .. Mmps =    4 Nexpo =    4/   0 E = (0.0000000000,0.0000000000) Error = 0.00e+00 FLOPS = 2.93e+06 Texpo = 0.03 T = 0.05
 --> Site =    1-   2 .. Mmps =    9 Nexpo =    4/   0 E = (0.0000000000,0.0000000000) Error = 0.00e+00 FLOPS = 1.07e+08 Texpo = 0.00 T = 0.03
 --> Site =    2-   3 .. Mmps =   16 Nexpo =    4/   0 E = (0.0000000000,0.0000000000) Error = 0.00e+00 FLOPS = 3.52e+06 Texpo = 0.02 T = 0.06
 --> Site =    3-   4 .. Mmps =   25 Nexpo =    4/   0 E = (0.0000000000,0.0000000000) Error = 0.00e+00 FLOPS = 1.14e+08 Texpo = 0.00 T = 0.03
 --> Site =    4-   5 .. Mmps =   36 Nexpo =    4/   0 E = (0.0000000000,0.0000000000) Error = 0.00e+00 FLOPS = 8.75e+07 Texpo = 0.00 T = 0.03
 --> Site =    5-   6 .. Mmps =   49 Nexpo =    4/   0 E = (0.0000000000,0.0000000000) Error = 0.00e+00 FLOPS = 1.09e+08 Texpo = 0.00 T = 0.03
 --> Site =    6-   7 .. Mmps =   64 Nexpo =    4/   0 E = (0.0000000000,0.0000000000) Error = 0.00e+00 FLOPS = 1.14e+08 Texpo = 0.00 T = 0.04
 --> Site =    7-   8 .. Mmps =   81 Nexpo =    4/   0 E = (0.0000000000,0.0000000000) Error = 0.00e+00 FLOPS = 8.17e+07 Texpo = 0.00 T = 0.06
 --> Site =    8-   9 .. Mmps =  100 Nexpo =    4/   0 E = (0.0000000000,0.0000000000) Error = 0.00e+00 FLOPS = 7.60e+07 Texpo = 0.00 T = 0.06
 --> Site =    9-  10 .. Mmps =  121 Nexpo =    4/   0 E = (0.0000000000,0.0000000000) Error = 0.00e+00 FLOPS = 8.03e+07 Texpo = 0.00 T = 0.07
 --> Site =   10-  11 .. Mmps =  144 Nexpo =   22/   0 E = (0.3865214100,-0.0000000000) Error = 0.00e+00 FLOPS = 9.78e+07 Texpo = 0.00 T = 0.08
Time elapsed =      0.536 | E = (0.3865214100,-0.0000000000) | Norm^2 =       1.0000000000 | DW = 0.00e+00
Time sweep =        0.536 | 1.03 MFLOP/SWP
 | Tread = 0.023 | Twrite = 0.070 | Tfpread = 0.010 | Tfpwrite = 0.059 | data = 1.25 MB | cpsd = 594 KB | Tasync = 0.000
Sweep =    0 ( 1/ 2) | Direction = backward | Beta = (0.00000,0.04000) | Bond dimension =  400 | Noise =  0.00e+00
 <-- Site =   10-  11 .. Mmps =    4 Nexpo =    4/   0 E = (0.0000000000,0.0000000000) Error = 0.00e+00 FLOPS = 9.68e+07 Texpo = 0.00 T = 0.02
 <-- Site =    9-  10 .. Mmps =    9 Nexpo =    4/   0 E = (0.0000000000,0.0000000000) Error = 0.00e+00 FLOPS = 9.98e+07 Texpo = 0.00 T = 0.02
 <-- Site =    8-   9 .. Mmps =   16 Nexpo =    4/   0 E = (0.0000000000,0.0000000000) Error = 0.00e+00 FLOPS = 9.92e+07 Texpo = 0.00 T = 0.02
 <-- Site =    7-   8 .. Mmps =   25 Nexpo =    4/   0 E = (0.0000000000,0.0000000000) Error = 0.00e+00 FLOPS = 1.34e+08 Texpo = 0.00 T = 0.02
 <-- Site =    6-   7 .. Mmps =   36 Nexpo =    4/   0 E = (0.0000000000,0.0000000000) Error = 0.00e+00 FLOPS = 1.45e+08 Texpo = 0.00 T = 0.02
 <-- Site =    5-   6 .. Mmps =   49 Nexpo =    4/   0 E = (0.0000000000,0.0000000000) Error = 0.00e+00 FLOPS = 1.38e+08 Texpo = 0.00 T = 0.02
 <-- Site =    4-   5 .. Mmps =   64 Nexpo =    4/   0 E = (0.0000000000,0.0000000000) Error = 0.00e+00 FLOPS = 7.59e+07 Texpo = 0.00 T = 0.03
 <-- Site =    3-   4 .. Mmps =   81 Nexpo =    4/   0 E = (0.0000000000,0.0000000000) Error = 0.00e+00 FLOPS = 2.70e+06 Texpo = 0.03 T = 0.05
 <-- Site =    2-   3 .. Mmps =  100 Nexpo =    4/   0 E = (0.0000000000,0.0000000000) Error = 0.00e+00 FLOPS = 3.89e+06 Texpo = 0.02 T = 0.06
 <-- Site =    1-   2 .. Mmps =  121 Nexpo =    4/   0 E = (0.0000000000,0.0000000000) Error = 0.00e+00 FLOPS = 3.02e+06 Texpo = 0.02 T = 0.06
 <-- Site =    0-   1 .. Mmps =  144 Nexpo =   22/   0 E = (0.3865214100,-0.0000000000) Error = 0.00e+00 FLOPS = 9.31e+06 Texpo = 0.05 T = 0.10
Time elapsed =      0.963 | E = (0.3865214100,-0.0000000000) | Norm^2 =       1.0000000000 | DW = 0.00e+00
Time sweep =        0.427 | 1.13 MFLOP/SWP
 | Tread = 0.008 | Twrite = 0.052 | Tfpread = 0.004 | Tfpwrite = 0.044 | data = 1.29 MB | cpsd = 503 KB | Tasync = 0.000
T =    0.00000 +    0.12000i <E> =    0.386521409980432 +   -0.00000i <Norm^2> =    0.999999999999998 +    0.00000i
Sweep =    0 ( 0/ 2) | Direction =  forward | Beta = (0.00000,0.04000) | Bond dimension =  400 | Noise =  0.00e+00
 --> Site =    0-   1 .. Mmps =    4 Nexpo =    4/   0 E = (0.0000000000,0.0000000000) Error = 0.00e+00 FLOPS = 1.43e+08 Texpo = 0.00 T = 0.02
 --> Site =    1-   2 .. Mmps =    9 Nexpo =    4/   0 E = (0.0000000000,0.0000000000) Error = 0.00e+00 FLOPS = 1.17e+08 Texpo = 0.00 T = 0.02
 --> Site =    2-   3 .. Mmps =   16 Nexpo =    4/   0 E = (0.0000000000,0.0000000000) Error = 0.00e+00 FLOPS = 1.52e+08 Texpo = 0.00 T = 0.02
 --> Site =    3-   4 .. Mmps =   25 Nexpo =    4/   0 E = (0.0000000000,0.0000000000) Error = 0.00e+00 FLOPS = 1.28e+08 Texpo = 0.00 T = 0.02
 --> Site =    4-   5 .. Mmps =   36 Nexpo =    4/   0 E = (0.0000000000,0.0000000000) Error = 0.00e+00 FLOPS = 1.03e+08 Texpo = 0.00 T = 0.02
 --> Site =    5-   6 .. Mmps =   49 Nexpo =    4/   0 E = (0.0000000000,0.0000000000) Error = 0.00e+00 FLOPS = 3.34e+06 Texpo = 0.03 T = 0.05
 --> Site =    6-   7 .. Mmps =   64 Nexpo =    4/   0 E = (0.0000000000,0.0000000000) Error = 0.00e+00 FLOPS = 1.45e+08 Texpo = 0.00 T = 0.02
 --> Site =    7-   8 .. Mmps =   81 Nexpo =    4/   0 E = (0.0000000000,0.0000000000) Error = 0.00e+00 FLOPS = 1.04e+08 Texpo = 0.00 T = 0.06
 --> Site =    8-   9 .. Mmps =  100 Nexpo =    4/   0 E = (0.0000000000,0.0000000000) Error = 0.00e+00 FLOPS = 8.24e+07 Texpo = 0.00 T = 0.06
 --> Site =    9-  10 .. Mmps =  121 Nexpo =    4/   0 E = (0.0000000000,0.0000000000) Error = 0.00e+00 FLOPS = 3.01e+06 Texpo = 0.02 T = 0.06
 --> Site =   10-  11 .. Mmps =  144 Nexpo =   22/   0 E = (0.3865214100,0.0000000000) Error = 0.00e+00 FLOPS = 9.79e+07 Texpo = 0.00 T = 0.07
Time elapsed =      0.429 | E = (0.3865214100,0.0000000000) | Norm^2 =       1.0000000000 | DW = 0.00e+00
Time sweep =        0.429 | 1.03 MFLOP/SWP
 | Tread = 0.018 | Twrite = 0.060 | Tfpread = 0.008 | Tfpwrite = 0.053 | data = 1.25 MB | cpsd = 595 KB | Tasync = 0.000
Sweep =    0 ( 1/ 2) | Direction = backward | Beta = (0.00000,0.04000) | Bond dimension =  400 | Noise =  0.00e+00
 <-- Site =   10-  11 .. Mmps =    4 Nexpo =    4/   0 E = (0.0000000000,0.0000000000) Error = 0.00e+00 FLOPS = 1.07e+08 Texpo = 0.00 T = 0.01
 <-- Site =    9-  10 .. Mmps =    9 Nexpo =    4/   0 E = (0.0000000000,0.0000000000) Error = 0.00e+00 FLOPS = 1.15e+08 Texpo = 0.00 T = 0.02
 <-- Site =    8-   9 .. Mmps =   16 Nexpo =    4/   0 E = (0.0000000000,0.0000000000) Error = 0.00e+00 FLOPS = 1.11e+08 Texpo = 0.00 T = 0.02
 <-- Site =    7-   8 .. Mmps =   25 Nexpo =    4/   0 E = (0.0000000000,0.0000000000) Error = 0.00e+00 FLOPS = 1.44e+08 Texpo = 0.00 T = 0.02
 <-- Site =    6-   7 .. Mmps =   36 Nexpo =    4/   0 E = (0.0000000000,0.0000000000) Error = 0.00e+00 FLOPS = 1.52e+08 Texpo = 0.00 T = 0.02
 <-- Site =    5-   6 .. Mmps =   49 Nexpo =    4/   0 E = (0.0000000000,0.0000000000) Error = 0.00e+00 FLOPS = 1.27e+08 Texpo = 0.00 T = 0.02
 <-- Site =    4-   5 .. Mmps =   64 Nexpo =    4/   0 E = (0.0000000000,0.0000000000) Error = 0.00e+00 FLOPS = 1.21e+08 Texpo = 0.00 T = 0.02
 <-- Site =    3-   4 .. Mmps =   81 Nexpo =    4/   0 E = (0.0000000000,0.0000000000) Error = 0.00e+00 FLOPS = 1.41e+08 Texpo = 0.00 T = 0.02
 <-- Site =    2-   3 .. Mmps =  100 Nexpo =    4/   0 E = (0.0000000000,0.0000000000) Error = 0.00e+00 FLOPS = 2.58e+08 Texpo = 0.00 T = 0.03
 <-- Site =    1-   2 .. Mmps =  121 Nexpo =    4/   0 E = (0.0000000000,0.0000000000) Error = 0.00e+00 FLOPS = 9.78e+07 Texpo = 0.00 T = 0.06
 <-- Site =    0-   1 .. Mmps =  144 Nexpo =   22/   0 E = (0.3865214100,0.0000000000) Error = 0.00e+00 FLOPS = 8.94e+06 Texpo = 0.05 T = 0.09
Time elapsed =      0.776 | E = (0.3865214100,0.0000000000) | Norm^2 =       1.0000000000 | DW = 0.00e+00
Time sweep =        0.348 | 1.13 MFLOP/SWP
 | Tread = 0.007 | Twrite = 0.045 | Tfpread = 0.004 | Tfpwrite = 0.039 | data = 1.29 MB | cpsd = 511 KB | Tasync = 0.000
T =    0.00000 +    0.16000i <E> =    0.386521409980431 +    0.00000i <Norm^2> =    0.999999999999999 +    0.00000i
Sweep =    0 ( 0/ 2) | Direction =  forward | Beta = (0.00000,0.04000) | Bond dimension =  400 | Noise =  0.00e+00
 --> Site =    0-   1 .. Mmps =    4 Nexpo =    4/   0 E = (0.0000000000,0.0000000000) Error = 0.00e+00 FLOPS = 1.41e+08 Texpo = 0.00 T = 0.01
 --> Site =    1-   2 .. Mmps =    9 Nexpo =    4/   0 E = (0.0000000000,0.0000000000) Error = 0.00e+00 FLOPS = 1.01e+08 Texpo = 0.00 T = 0.03
 --> Site =    2-   3 .. Mmps =   16 Nexpo =    4/   0 E = (0.0000000000,0.0000000000) Error = 0.00e+00 FLOPS = 1.71e+08 Texpo = 0.00 T = 0.02
 --> Site =    3-   4 .. Mmps =   25 Nexpo =    4/   0 E = (0.0000000000,0.0000000000) Error = 0.00e+00 FLOPS = 1.49e+08 Texpo = 0.00 T = 0.02
 --> Site =    4-   5 .. Mmps =   36 Nexpo =    4/   0 E = (0.0000000000,0.0000000000) Error = 0.00e+00 FLOPS = 9.99e+07 Texpo = 0.00 T = 0.03
 --> Site =    5-   6 .. Mmps =   49 Nexpo =    4/   0 E = (0.0000000000,0.0000000000) Error = 0.00e+00 FLOPS = 1.39e+08 Texpo = 0.00 T = 0.02
 --> Site =    6-   7 .. Mmps =   64 Nexpo =    4/   0 E = (0.0000000000,0.0000000000) Error = 0.00e+00 FLOPS = 1.31e+08 Texpo = 0.00 T = 0.03
 --> Site =    7-   8 .. Mmps =   81 Nexpo =    4/   0 E = (0.0000000000,0.0000000000) Error = 0.00e+00 FLOPS = 2.83e+06 Texpo = 0.02 T = 0.06
 --> Site =    8-   9 .. Mmps =  100 Nexpo =    4/   0 E = (0.0000000000,0.0000000000) Error = 0.00e+00 FLOPS = 7.23e+07 Texpo = 0.00 T = 0.06
 --> Site =    9-  10 .. Mmps =  121 Nexpo =    4/   0 E = (0.0000000000,0.0000000000) Error = 0.00e+00 FLOPS = 2.77e+06 Texpo = 0.03 T = 0.07
 --> Site =   10-  11 .. Mmps =  144 Nexpo =   22/   0 E = (0.3865214100,-0.0000000000) Error = 0.00e+00 FLOPS = 1.55e+07 Texpo = 0.02 T = 0.10
Time elapsed =      0.447 | E = (0.3865214100,-0.0000000000) | Norm^2 =       1.0000000000 | DW = 0.00e+00
Time sweep =        0.447 | 1.03 MFLOP/SWP
 | Tread = 0.016 | Twrite = 0.061 | Tfpread = 0.008 | Tfpwrite = 0.053 | data = 1.25 MB | cpsd = 592 KB | Tasync = 0.000
Sweep =    0 ( 1/ 2) | Direction = backward | Beta = (0.00000,0.04000) | Bond dimension =  400 | Noise =  0.00e+00
 <-- Site =   10-  11 .. Mmps =    4 Nexpo =    4/   0 E = (0.0000000000,0.0000000000) Error = 0.00e+00 FLOPS = 1.04e+08 Texpo = 0.00 T = 0.01
 <-- Site =    9-  10 .. Mmps =    9 Nexpo =    4/   0 E = (0.0000000000,0.0000000000) Error = 0.00e+00 FLOPS = 1.24e+08 Texpo = 0.00 T = 0.02
 <-- Site =    8-   9 .. Mmps =   16 Nexpo =    4/   0 E = (0.0000000000,0.0000000000) Error = 0.00e+00 FLOPS = 1.23e+08 Texpo = 0.00 T = 0.02
 <-- Site =    7-   8 .. Mmps =   25 Nexpo =    4/   0 E = (0.0000000000,0.0000000000) Error = 0.00e+00 FLOPS = 1.59e+08 Texpo = 0.00 T = 0.02
 <-- Site =    6-   7 .. Mmps =   36 Nexpo =    4/   0 E = (0.0000000000,0.0000000000) Error = 0.00e+00 FLOPS = 1.68e+08 Texpo = 0.00 T = 0.02
 <-- Site =    5-   6 .. Mmps =   49 Nexpo =    4/   0 E = (0.0000000000,0.0000000000) Error = 0.00e+00 FLOPS = 1.49e+08 Texpo = 0.00 T = 0.02
 <-- Site =    4-   5 .. Mmps =   64 Nexpo =    4/   0 E = (0.0000000000,0.0000000000) Error = 0.00e+00 FLOPS = 1.12e+08 Texpo = 0.00 T = 0.02
 <-- Site =    3-   4 .. Mmps =   81 Nexpo =    4/   0 E = (0.0000000000,0.0000000000) Error = 0.00e+00 FLOPS = 1.31e+08 Texpo = 0.00 T = 0.03
 <-- Site =    2-   3 .. Mmps =  100 Nexpo =    4/   0 E = (0.0000000000,0.0000000000) Error = 0.00e+00 FLOPS = 3.56e+06 Texpo = 0.02 T = 0.06
 <-- Site =    1-   2 .. Mmps =  121 Nexpo =    4/   0 E = (0.0000000000,0.0000000000) Error = 0.00e+00 FLOPS = 8.76e+07 Texpo = 0.00 T = 0.07
 <-- Site =    0-   1 .. Mmps =  144 Nexpo =   22/   0 E = (0.3865214100,0.0000000000) Error = 0.00e+00 FLOPS = 8.42e+06 Texpo = 0.05 T = 0.10
Time elapsed =      0.831 | E = (0.3865214100,0.0000000000) | Norm^2 =       1.0000000000 | DW = 0.00e+00
Time sweep =        0.385 | 1.13 MFLOP/SWP
 | Tread = 0.007 | Twrite = 0.049 | Tfpread = 0.004 | Tfpwrite = 0.042 | data = 1.29 MB | cpsd = 506 KB | Tasync = 0.000
T =    0.00000 +    0.20000i <E> =    0.386521409980431 +    0.00000i <Norm^2> =    0.999999999999996 +    0.00000i
Sweep =    0 ( 0/ 2) | Direction =  forward | Beta = (0.00000,0.04000) | Bond dimension =  400 | Noise =  0.00e+00
 --> Site =    0-   1 .. Mmps =    4 Nexpo =    4/   0 E = (0.0000000000,0.0000000000) Error = 0.00e+00 FLOPS = 1.37e+08 Texpo = 0.00 T = 0.02
 --> Site =    1-   2 .. Mmps =    9 Nexpo =    4/   0 E = (0.0000000000,0.0000000000) Error = 0.00e+00 FLOPS = 1.11e+08 Texpo = 0.00 T = 0.03
 --> Site =    2-   3 .. Mmps =   16 Nexpo =    4/   0 E = (0.0000000000,0.0000000000) Error = 0.00e+00 FLOPS = 1.48e+08 Texpo = 0.00 T = 0.03
 --> Site =    3-   4 .. Mmps =   25 Nexpo =    4/   0 E = (0.0000000000,0.0000000000) Error = 0.00e+00 FLOPS = 1.15e+08 Texpo = 0.00 T = 0.02
 --> Site =    4-   5 .. Mmps =   36 Nexpo =    4/   0 E = (0.0000000000,0.0000000000) Error = 0.00e+00 FLOPS = 9.92e+07 Texpo = 0.00 T = 0.02
 --> Site =    5-   6 .. Mmps =   49 Nexpo =    4/   0 E = (0.0000000000,0.0000000000) Error = 0.00e+00 FLOPS = 1.25e+08 Texpo = 0.00 T = 0.02
 --> Site =    6-   7 .. Mmps =   64 Nexpo =    4/   0 E = (0.0000000000,0.0000000000) Error = 0.00e+00 FLOPS = 1.62e+08 Texpo = 0.00 T = 0.02
 --> Site =    7-   8 .. Mmps =   81 Nexpo =    4/   0 E = (0.0000000000,0.0000000000) Error = 0.00e+00 FLOPS = 1.49e+08 Texpo = 0.00 T = 0.05
 --> Site =    8-   9 .. Mmps =  100 Nexpo =    4/   0 E = (0.0000000000,0.0000000000) Error = 0.00e+00 FLOPS = 2.70e+06 Texpo = 0.02 T = 0.06
 --> Site =    9-  10 .. Mmps =  121 Nexpo =    4/   0 E = (0.0000000000,0.0000000000) Error = 0.00e+00 FLOPS = 1.03e+08 Texpo = 0.00 T = 0.04
 --> Site =   10-  11 .. Mmps =  144 Nexpo =   22/   0 E = (0.3865214100,0.0000000000) Error = 0.00e+00 FLOPS = 1.15e+07 Texpo = 0.03 T = 0.07
Time elapsed =      0.387 | E = (0.3865214100,0.0000000000) | Norm^2 =       1.0000000000 | DW = 0.00e+00
Time sweep =        0.387 | 1.03 MFLOP/SWP
 | Tread = 0.019 | Twrite = 0.046 | Tfpread = 0.009 | Tfpwrite = 0.039 | data = 1.25 MB | cpsd = 591 KB | Tasync = 0.000
Sweep =    0 ( 1/ 2) | Direction = backward | Beta = (0.00000,0.04000) | Bond dimension =  400 | Noise =  0.00e+00
 <-- Site =   10-  11 .. Mmps =    4 Nexpo =    4/   0 E = (0.0000000000,0.0000000000) Error = 0.00e+00 FLOPS = 9.76e+07 Texpo = 0.00 T = 0.02
 <-- Site =    9-  10 .. Mmps =    9 Nexpo =    4/   0 E = (0.0000000000,0.0000000000) Error = 0.00e+00 FLOPS = 1.01e+08 Texpo = 0.00 T = 0.02
 <-- Site =    8-   9 .. Mmps =   16 Nexpo =    4/   0 E = (0.0000000000,0.0000000000) Error = 0.00e+00 FLOPS = 9.34e+07 Texpo = 0.00 T = 0.02
 <-- Site =    7-   8 .. Mmps =   25 Nexpo =    4/   0 E = (0.0000000000,0.0000000000) Error = 0.00e+00 FLOPS = 1.24e+08 Texpo = 0.00 T = 0.02
 <-- Site =    6-   7 .. Mmps =   36 Nexpo =    4/   0 E = (0.0000000000,0.0000000000) Error = 0.00e+00 FLOPS = 1.33e+08 Texpo = 0.00 T = 0.02
 <-- Site =    5-   6 .. Mmps =   49 Nexpo =    4/   0 E = (0.0000000000,0.0000000000) Error = 0.00e+00 FLOPS = 1.26e+08 Texpo = 0.00 T = 0.02
 <-- Site =    4-   5 .. Mmps =   64 Nexpo =    4/   0 E = (0.0000000000,0.0000000000) Error = 0.00e+00 FLOPS = 1.05e+08 Texpo = 0.00 T = 0.03
 <-- Site =    3-   4 .. Mmps =   81 Nexpo =    4/   0 E = (0.0000000000,0.0000000000) Error = 0.00e+00 FLOPS = 1.29e+08 Texpo = 0.00 T = 0.03
 <-- Site =    2-   3 .. Mmps =  100 Nexpo =    4/   0 E = (0.0000000000,0.0000000000) Error = 0.00e+00 FLOPS = 1.56e+08 Texpo = 0.00 T = 0.04
 <-- Site =    1-   2 .. Mmps =  121 Nexpo =    4/   0 E = (0.0000000000,0.0000000000) Error = 0.00e+00 FLOPS = 1.16e+08 Texpo = 0.00 T = 0.04
 <-- Site =    0-   1 .. Mmps =  144 Nexpo =   22/   0 E = (0.3865214100,0.0000000000) Error = 0.00e+00 FLOPS = 1.62e+07 Texpo = 0.03 T = 0.06
Time elapsed =      0.720 | E = (0.3865214100,0.0000000000) | Norm^2 =       1.0000000000 | DW = 0.00e+00
Time sweep =        0.333 | 1.13 MFLOP/SWP
 | Tread = 0.010 | Twrite = 0.024 | Tfpread = 0.005 | Tfpwrite = 0.016 | data = 1.29 MB | cpsd = 510 KB | Tasync = 0.000
T =    0.00000 +    0.24000i <E> =    0.386521409980432 +    0.00000i <Norm^2> =    0.999999999999995 +    0.00000i
Sweep =    0 ( 0/ 2) | Direction =  forward | Beta = (0.00000,0.04000) | Bond dimension =  400 | Noise =  0.00e+00
 --> Site =    0-   1 .. Mmps =    4 Nexpo =    4/   0 E = (0.0000000000,0.0000000000) Error = 0.00e+00 FLOPS = 1.67e+08 Texpo = 0.00 T = 0.01
 --> Site =    1-   2 .. Mmps =    9 Nexpo =    4/   0 E = (0.0000000000,0.0000000000) Error = 0.00e+00 FLOPS = 1.19e+08 Texpo = 0.00 T = 0.02
 --> Site =    2-   3 .. Mmps =   16 Nexpo =    4/   0 E = (0.0000000000,0.0000000000) Error = 0.00e+00 FLOPS = 1.54e+08 Texpo = 0.00 T = 0.02
 --> Site =    3-   4 .. Mmps =   25 Nexpo =    4/   0 E = (0.0000000000,0.0000000000) Error = 0.00e+00 FLOPS = 1.25e+08 Texpo = 0.00 T = 0.02
 --> Site =    4-   5 .. Mmps =   36 Nexpo =    4/   0 E = (0.0000000000,0.0000000000) Error = 0.00e+00 FLOPS = 1.08e+08 Texpo = 0.00 T = 0.02
 --> Site =    5-   6 .. Mmps =   49 Nexpo =    4/   0 E = (0.0000000000,0.0000000000) Error = 0.00e+00 FLOPS = 1.29e+08 Texpo = 0.00 T = 0.03
 --> Site =    6-   7 .. Mmps =   64 Nexpo =    4/   0 E = (0.0000000000,0.0000000000) Error = 0.00e+00 FLOPS = 1.32e+08 Texpo = 0.00 T = 0.03
 --> Site =    7-   8 .. Mmps =   81 Nexpo =    4/   0 E = (0.0000000000,0.0000000000) Error = 0.00e+00 FLOPS = 2.58e+06 Texpo = 0.03 T = 0.09
 --> Site =    8-   9 .. Mmps =  100 Nexpo =    4/   0 E = (0.0000000000,0.0000000000) Error = 0.00e+00 FLOPS = 8.22e+07 Texpo = 0.00 T = 0.04
 --> Site =    9-  10 .. Mmps =  121 Nexpo =    4/   0 E = (0.0000000000,0.0000000000) Error = 0.00e+00 FLOPS = 9.27e+07 Texpo = 0.00 T = 0.04
 --> Site =   10-  11 .. Mmps =  144 Nexpo =   22/   0 E = (0.3865214100,-0.0000000000) Error = 0.00e+00 FLOPS = 1.00e+08 Texpo = 0.00 T = 0.05
Time elapsed =      0.373 | E = (0.3865214100,-0.0000000000) | Norm^2 =       1.0000000000 | DW = 0.00e+00
Time sweep =        0.373 | 1.03 MFLOP/SWP
 | Tread = 0.022 | Twrite = 0.037 | Tfpread = 0.010 | Tfpwrite = 0.029 | data = 1.25 MB | cpsd = 589 KB | Tasync = 0.000
Sweep =    0 ( 1/ 2) | Direction = backward | Beta = (0.00000,0.04000) | Bond dimension =  400 | Noise =  0.00e+00
 <-- Site =   10-  11 .. Mmps =    4 Nexpo =    4/   0 E = (0.0000000000,0.0000000000) Error = 0.00e+00 FLOPS = 9.32e+07 Texpo = 0.00 T = 0.02
 <-- Site =    9-  10 .. Mmps =    9 Nexpo =    4/   0 E = (0.0000000000,0.0000000000) Error = 0.00e+00 FLOPS = 9.75e+07 Texpo = 0.00 T = 0.02
 <-- Site =    8-   9 .. Mmps =   16 Nexpo =    4/   0 E = (0.0000000000,0.0000000000) Error = 0.00e+00 FLOPS = 8.90e+07 Texpo = 0.00 T = 0.02
 <-- Site =    7-   8 .. Mmps =   25 Nexpo =    4/   0 E = (0.0000000000,0.0000000000) Error = 0.00e+00 FLOPS = 1.46e+08 Texpo = 0.00 T = 0.02
 <-- Site =    6-   7 .. Mmps =   36 Nexpo =    4/   0 E = (0.0000000000,0.0000000000) Error = 0.00e+00 FLOPS = 1.64e+08 Texpo = 0.00 T = 0.02
 <-- Site =    5-   6 .. Mmps =   49 Nexpo =    4/   0 E = (0.0000000000,0.0000000000) Error = 0.00e+00 FLOPS = 1.60e+08 Texpo = 0.00 T = 0.02
 <-- Site =    4-   5 .. Mmps =   64 Nexpo =    4/   0 E = (0.0000000000,0.0000000000) Error = 0.00e+00 FLOPS = 1.38e+08 Texpo = 0.00 T = 0.02
 <-- Site =    3-   4 .. Mmps =   81 Nexpo =    4/   0 E = (0.0000000000,0.0000000000) Error = 0.00e+00 FLOPS = 1.45e+08 Texpo = 0.00 T = 0.02
 <-- Site =    2-   3 .. Mmps =  100 Nexpo =    4/   0 E = (0.0000000000,0.0000000000) Error = 0.00e+00 FLOPS = 3.19e+06 Texpo = 0.03 T = 0.08
 <-- Site =    1-   2 .. Mmps =  121 Nexpo =    4/   0 E = (0.0000000000,0.0000000000) Error = 0.00e+00 FLOPS = 1.14e+08 Texpo = 0.00 T = 0.04
 <-- Site =    0-   1 .. Mmps =  144 Nexpo =   22/   0 E = (0.3865214100,0.0000000000) Error = 0.00e+00 FLOPS = 2.54e+07 Texpo = 0.02 T = 0.07
Time elapsed =      0.736 | E = (0.3865214100,0.0000000000) | Norm^2 =       1.0000000000 | DW = 0.00e+00
Time sweep =        0.363 | 1.13 MFLOP/SWP
 | Tread = 0.008 | Twrite = 0.034 | Tfpread = 0.004 | Tfpwrite = 0.026 | data = 1.29 MB | cpsd = 506 KB | Tasync = 0.000
T =    0.00000 +    0.28000i <E> =    0.386521409980432 +    0.00000i <Norm^2> =    0.999999999999997 +    0.00000i
Sweep =    0 ( 0/ 2) | Direction =  forward | Beta = (0.00000,0.04000) | Bond dimension =  400 | Noise =  0.00e+00
 --> Site =    0-   1 .. Mmps =    4 Nexpo =    4/   0 E = (0.0000000000,0.0000000000) Error = 0.00e+00 FLOPS = 1.40e+08 Texpo = 0.00 T = 0.02
 --> Site =    1-   2 .. Mmps =    9 Nexpo =    4/   0 E = (0.0000000000,0.0000000000) Error = 0.00e+00 FLOPS = 1.08e+08 Texpo = 0.00 T = 0.03
 --> Site =    2-   3 .. Mmps =   16 Nexpo =    4/   0 E = (0.0000000000,0.0000000000) Error = 0.00e+00 FLOPS = 1.46e+08 Texpo = 0.00 T = 0.03
 --> Site =    3-   4 .. Mmps =   25 Nexpo =    4/   0 E = (0.0000000000,0.0000000000) Error = 0.00e+00 FLOPS = 2.80e+06 Texpo = 0.03 T = 0.05
 --> Site =    4-   5 .. Mmps =   36 Nexpo =    4/   0 E = (0.0000000000,0.0000000000) Error = 0.00e+00 FLOPS = 1.05e+08 Texpo = 0.00 T = 0.02
 --> Site =    5-   6 .. Mmps =   49 Nexpo =    4/   0 E = (0.0000000000,0.0000000000) Error = 0.00e+00 FLOPS = 1.26e+08 Texpo = 0.00 T = 0.03
 --> Site =    6-   7 .. Mmps =   64 Nexpo =    4/   0 E = (0.0000000000,0.0000000000) Error = 0.00e+00 FLOPS = 1.24e+08 Texpo = 0.00 T = 0.03
 --> Site =    7-   8 .. Mmps =   81 Nexpo =    4/   0 E = (0.0000000000,0.0000000000) Error = 0.00e+00 FLOPS = 3.46e+06 Texpo = 0.02 T = 0.07
 --> Site =    8-   9 .. Mmps =  100 Nexpo =    4/   0 E = (0.0000000000,0.0000000000) Error = 0.00e+00 FLOPS = 1.70e+08 Texpo = 0.00 T = 0.04
 --> Site =    9-  10 .. Mmps =  121 Nexpo =    4/   0 E = (0.0000000000,0.0000000000) Error = 0.00e+00 FLOPS = 2.50e+06 Texpo = 0.03 T = 0.07
 --> Site =   10-  11 .. Mmps =  144 Nexpo =   22/   0 E = (0.3865214100,0.0000000000) Error = 0.00e+00 FLOPS = 1.02e+08 Texpo = 0.00 T = 0.04
Time elapsed =      0.417 | E = (0.3865214100,0.0000000000) | Norm^2 =       1.0000000000 | DW = 0.00e+00
Time sweep =        0.417 | 1.03 MFLOP/SWP
 | Tread = 0.019 | Twrite = 0.073 | Tfpread = 0.009 | Tfpwrite = 0.065 | data = 1.25 MB | cpsd = 595 KB | Tasync = 0.000
Sweep =    0 ( 1/ 2) | Direction = backward | Beta = (0.00000,0.04000) | Bond dimension =  400 | Noise =  0.00e+00
 <-- Site =   10-  11 .. Mmps =    4 Nexpo =    4/   0 E = (0.0000000000,0.0000000000) Error = 0.00e+00 FLOPS = 9.66e+07 Texpo = 0.00 T = 0.02
 <-- Site =    9-  10 .. Mmps =    9 Nexpo =    4/   0 E = (0.0000000000,0.0000000000) Error = 0.00e+00 FLOPS = 8.95e+07 Texpo = 0.00 T = 0.03
 <-- Site =    8-   9 .. Mmps =   16 Nexpo =    4/   0 E = (0.0000000000,0.0000000000) Error = 0.00e+00 FLOPS = 8.55e+07 Texpo = 0.00 T = 0.03
 <-- Site =    7-   8 .. Mmps =   25 Nexpo =    4/   0 E = (0.0000000000,0.0000000000) Error = 0.00e+00 FLOPS = 1.13e+08 Texpo = 0.00 T = 0.03
 <-- Site =    6-   7 .. Mmps =   36 Nexpo =    4/   0 E = (0.0000000000,0.0000000000) Error = 0.00e+00 FLOPS = 1.28e+08 Texpo = 0.00 T = 0.03
 <-- Site =    5-   6 .. Mmps =   49 Nexpo =    4/   0 E = (0.0000000000,0.0000000000) Error = 0.00e+00 FLOPS = 1.20e+08 Texpo = 0.00 T = 0.03
 <-- Site =    4-   5 .. Mmps =   64 Nexpo =    4/   0 E = (0.0000000000,0.0000000000) Error = 0.00e+00 FLOPS = 1.04e+08 Texpo = 0.00 T = 0.03
 <-- Site =    3-   4 .. Mmps =   81 Nexpo =    4/   0 E = (0.0000000000,0.0000000000) Error = 0.00e+00 FLOPS = 8.00e+07 Texpo = 0.00 T = 0.03
 <-- Site =    2-   3 .. Mmps =  100 Nexpo =    4/   0 E = (0.0000000000,0.0000000000) Error = 0.00e+00 FLOPS = 1.40e+08 Texpo = 0.00 T = 0.08
 <-- Site =    1-   2 .. Mmps =  121 Nexpo =    4/   0 E = (0.0000000000,0.0000000000) Error = 0.00e+00 FLOPS = 1.12e+08 Texpo = 0.00 T = 0.06
 <-- Site =    0-   1 .. Mmps =  144 Nexpo =   22/   0 E = (0.3865214100,0.0000000000) Error = 0.00e+00 FLOPS = 1.87e+07 Texpo = 0.02 T = 0.09
Time elapsed =      0.891 | E = (0.3865214100,0.0000000000) | Norm^2 =       1.0000000000 | DW = 0.00e+00
Time sweep =        0.474 | 1.13 MFLOP/SWP
 | Tread = 0.016 | Twrite = 0.061 | Tfpread = 0.007 | Tfpwrite = 0.048 | data = 1.29 MB | cpsd = 511 KB | Tasync = 0.000
T =    0.00000 +    0.32000i <E> =    0.386521409980432 +    0.00000i <Norm^2> =    0.999999999999998 +    0.00000i
Sweep =    0 ( 0/ 2) | Direction =  forward | Beta = (0.00000,0.04000) | Bond dimension =  400 | Noise =  0.00e+00
 --> Site =    0-   1 .. Mmps =    4 Nexpo =    4/   0 E = (0.0000000000,0.0000000000) Error = 0.00e+00 FLOPS = 1.12e+08 Texpo = 0.00 T = 0.02
 --> Site =    1-   2 .. Mmps =    9 Nexpo =    4/   0 E = (0.0000000000,0.0000000000) Error = 0.00e+00 FLOPS = 9.31e+07 Texpo = 0.00 T = 0.04
 --> Site =    2-   3 .. Mmps =   16 Nexpo =    4/   0 E = (0.0000000000,0.0000000000) Error = 0.00e+00 FLOPS = 1.35e+08 Texpo = 0.00 T = 0.03
 --> Site =    3-   4 .. Mmps =   25 Nexpo =    4/   0 E = (0.0000000000,0.0000000000) Error = 0.00e+00 FLOPS = 7.41e+07 Texpo = 0.00 T = 0.03
 --> Site =    4-   5 .. Mmps =   36 Nexpo =    4/   0 E = (0.0000000000,0.0000000000) Error = 0.00e+00 FLOPS = 7.64e+07 Texpo = 0.00 T = 0.03
 --> Site =    5-   6 .. Mmps =   49 Nexpo =    4/   0 E = (0.0000000000,0.0000000000) Error = 0.00e+00 FLOPS = 9.56e+07 Texpo = 0.00 T = 0.03
 --> Site =    6-   7 .. Mmps =   64 Nexpo =    4/   0 E = (0.0000000000,0.0000000000) Error = 0.00e+00 FLOPS = 1.19e+08 Texpo = 0.00 T = 0.04
 --> Site =    7-   8 .. Mmps =   81 Nexpo =    4/   0 E = (0.0000000000,0.0000000000) Error = 0.00e+00 FLOPS = 1.08e+08 Texpo = 0.00 T = 0.04
 --> Site =    8-   9 .. Mmps =  100 Nexpo =    4/   0 E = (0.0000000000,0.0000000000) Error = 0.00e+00 FLOPS = 6.73e+07 Texpo = 0.00 T = 0.07
 --> Site =    9-  10 .. Mmps =  121 Nexpo =    4/   0 E = (0.0000000000,0.0000000000) Error = 0.00e+00 FLOPS = 3.29e+06 Texpo = 0.02 T = 0.08
 --> Site =   10-  11 .. Mmps =  144 Nexpo =   22/   0 E = (0.3865214100,0.0000000000) Error = 0.00e+00 FLOPS = 4.04e+06 Texpo = 0.08 T = 0.17
Time elapsed =      0.569 | E = (0.3865214100,0.0000000000) | Norm^2 =       1.0000000000 | DW = 0.00e+00
Time sweep =        0.569 | 1.03 MFLOP/SWP
 | Tread = 0.027 | Twrite = 0.086 | Tfpread = 0.011 | Tfpwrite = 0.075 | data = 1.25 MB | cpsd = 589 KB | Tasync = 0.000
Sweep =    0 ( 1/ 2) | Direction = backward | Beta = (0.00000,0.04000) | Bond dimension =  400 | Noise =  0.00e+00
 <-- Site =   10-  11 .. Mmps =    4 Nexpo =    4/   0 E = (0.0000000000,0.0000000000) Error = 0.00e+00 FLOPS = 2.25e+06 Texpo = 0.03 T = 0.05
 <-- Site =    9-  10 .. Mmps =    9 Nexpo =    4/   0 E = (0.0000000000,0.0000000000) Error = 0.00e+00 FLOPS = 9.31e+07 Texpo = 0.00 T = 0.03
 <-- Site =    8-   9 .. Mmps =   16 Nexpo =    4/   0 E = (0.0000000000,0.0000000000) Error = 0.00e+00 FLOPS = 9.17e+07 Texpo = 0.00 T = 0.03
 <-- Site =    7-   8 .. Mmps =   25 Nexpo =    4/   0 E = (0.0000000000,0.0000000000) Error = 0.00e+00 FLOPS = 1.13e+08 Texpo = 0.00 T = 0.03
 <-- Site =    6-   7 .. Mmps =   36 Nexpo =    4/   0 E = (0.0000000000,0.0000000000) Error = 0.00e+00 FLOPS = 1.16e+08 Texpo = 0.00 T = 0.03
 <-- Site =    5-   6 .. Mmps =   49 Nexpo =    4/   0 E = (0.0000000000,0.0000000000) Error = 0.00e+00 FLOPS = 1.06e+08 Texpo = 0.00 T = 0.03
 <-- Site =    4-   5 .. Mmps =   64 Nexpo =    4/   0 E = (0.0000000000,0.0000000000) Error = 0.00e+00 FLOPS = 8.61e+07 Texpo = 0.00 T = 0.03
 <-- Site =    3-   4 .. Mmps =   81 Nexpo =    4/   0 E = (0.0000000000,0.0000000000) Error = 0.00e+00 FLOPS = 1.16e+08 Texpo = 0.00 T = 0.03
 <-- Site =    2-   3 .. Mmps =  100 Nexpo =    4/   0 E = (0.0000000000,0.0000000000) Error = 0.00e+00 FLOPS = 1.02e+08 Texpo = 0.00 T = 0.11
 <-- Site =    1-   2 .. Mmps =  121 Nexpo =    4/   0 E = (0.0000000000,0.0000000000) Error = 0.00e+00 FLOPS = 9.82e+07 Texpo = 0.00 T = 0.05
 <-- Site =    0-   1 .. Mmps =  144 Nexpo =   22/   0 E = (0.3865214100,0.0000000000) Error = 0.00e+00 FLOPS = 1.52e+07 Texpo = 0.03 T = 0.08
Time elapsed =      1.068 | E = (0.3865214100,0.0000000000) | Norm^2 =       1.0000000000 | DW = 0.00e+00
Time sweep =        0.499 | 1.13 MFLOP/SWP
 | Tread = 0.013 | Twrite = 0.084 | Tfpread = 0.006 | Tfpwrite = 0.072 | data = 1.29 MB | cpsd = 510 KB | Tasync = 0.000
T =    0.00000 +    0.36000i <E> =    0.386521409980432 +    0.00000i <Norm^2> =    1.000000000000000 +    0.00000i
Sweep =    0 ( 0/ 2) | Direction =  forward | Beta = (0.00000,0.04000) | Bond dimension =  400 | Noise =  0.00e+00
 --> Site =    0-   1 .. Mmps =    4 Nexpo =    4/   0 E = (0.0000000000,0.0000000000) Error = 0.00e+00 FLOPS = 1.25e+08 Texpo = 0.00 T = 0.02
 --> Site =    1-   2 .. Mmps =    9 Nexpo =    4/   0 E = (0.0000000000,0.0000000000) Error = 0.00e+00 FLOPS = 1.04e+08 Texpo = 0.00 T = 0.03
 --> Site =    2-   3 .. Mmps =   16 Nexpo =    4/   0 E = (0.0000000000,0.0000000000) Error = 0.00e+00 FLOPS = 1.38e+08 Texpo = 0.00 T = 0.03
 --> Site =    3-   4 .. Mmps =   25 Nexpo =    4/   0 E = (0.0000000000,0.0000000000) Error = 0.00e+00 FLOPS = 1.08e+08 Texpo = 0.00 T = 0.03
 --> Site =    4-   5 .. Mmps =   36 Nexpo =    4/   0 E = (0.0000000000,0.0000000000) Error = 0.00e+00 FLOPS = 9.44e+07 Texpo = 0.00 T = 0.03
 --> Site =    5-   6 .. Mmps =   49 Nexpo =    4/   0 E = (0.0000000000,0.0000000000) Error = 0.00e+00 FLOPS = 1.08e+08 Texpo = 0.00 T = 0.03
 --> Site =    6-   7 .. Mmps =   64 Nexpo =    4/   0 E = (0.0000000000,0.0000000000) Error = 0.00e+00 FLOPS = 1.21e+08 Texpo = 0.00 T = 0.04
 --> Site =    7-   8 .. Mmps =   81 Nexpo =    4/   0 E = (0.0000000000,0.0000000000) Error = 0.00e+00 FLOPS = 8.69e+07 Texpo = 0.00 T = 0.04
 --> Site =    8-   9 .. Mmps =  100 Nexpo =    4/   0 E = (0.0000000000,0.0000000000) Error = 0.00e+00 FLOPS = 5.89e+07 Texpo = 0.00 T = 0.07
 --> Site =    9-  10 .. Mmps =  121 Nexpo =    4/   0 E = (0.0000000000,0.0000000000) Error = 0.00e+00 FLOPS = 1.92e+08 Texpo = 0.00 T = 0.05
 --> Site =   10-  11 .. Mmps =  144 Nexpo =   22/   0 E = (0.3865214100,-0.0000000000) Error = 0.00e+00 FLOPS = 1.12e+07 Texpo = 0.03 T = 0.08
Time elapsed =      0.455 | E = (0.3865214100,-0.0000000000) | Norm^2 =       1.0000000000 | DW = 0.00e+00
Time sweep =        0.455 | 1.03 MFLOP/SWP
 | Tread = 0.028 | Twrite = 0.051 | Tfpread = 0.012 | Tfpwrite = 0.039 | data = 1.25 MB | cpsd = 590 KB | Tasync = 0.000
Sweep =    0 ( 1/ 2) | Direction = backward | Beta = (0.00000,0.04000) | Bond dimension =  400 | Noise =  0.00e+00
 <-- Site =   10-  11 .. Mmps =    4 Nexpo =    4/   0 E = (0.0000000000,0.0000000000) Error = 0.00e+00 FLOPS = 6.51e+07 Texpo = 0.00 T = 0.02
 <-- Site =    9-  10 .. Mmps =    9 Nexpo =    4/   0 E = (0.0000000000,0.0000000000) Error = 0.00e+00 FLOPS = 7.59e+07 Texpo = 0.00 T = 0.03
 <-- Site =    8-   9 .. Mmps =   16 Nexpo =    4/   0 E = (0.0000000000,0.0000000000) Error = 0.00e+00 FLOPS = 6.80e+07 Texpo = 0.00 T = 0.03
 <-- Site =    7-   8 .. Mmps =   25 Nexpo =    4/   0 E = (0.0000000000,0.0000000000) Error = 0.00e+00 FLOPS = 1.14e+08 Texpo = 0.00 T = 0.03
 <-- Site =    6-   7 .. Mmps =   36 Nexpo =    4/   0 E = (0.0000000000,0.0000000000) Error = 0.00e+00 FLOPS = 1.22e+08 Texpo = 0.00 T = 0.03
 <-- Site =    5-   6 .. Mmps =   49 Nexpo =    4/   0 E = (0.0000000000,0.0000000000) Error = 0.00e+00 FLOPS = 1.21e+08 Texpo = 0.00 T = 0.03
 <-- Site =    4-   5 .. Mmps =   64 Nexpo =    4/   0 E = (0.0000000000,0.0000000000) Error = 0.00e+00 FLOPS = 9.44e+07 Texpo = 0.00 T = 0.03
 <-- Site =    3-   4 .. Mmps =   81 Nexpo =    4/   0 E = (0.0000000000,0.0000000000) Error = 0.00e+00 FLOPS = 1.23e+08 Texpo = 0.00 T = 0.04
 <-- Site =    2-   3 .. Mmps =  100 Nexpo =    4/   0 E = (0.0000000000,0.0000000000) Error = 0.00e+00 FLOPS = 3.26e+06 Texpo = 0.03 T = 0.07
 <-- Site =    1-   2 .. Mmps =  121 Nexpo =    4/   0 E = (0.0000000000,0.0000000000) Error = 0.00e+00 FLOPS = 1.04e+08 Texpo = 0.00 T = 0.05
 <-- Site =    0-   1 .. Mmps =  144 Nexpo =   22/   0 E = (0.3865214100,-0.0000000000) Error = 0.00e+00 FLOPS = 1.71e+07 Texpo = 0.03 T = 0.08
Time elapsed =      0.884 | E = (0.3865214100,-0.0000000000) | Norm^2 =       1.0000000000 | DW = 0.00e+00
Time sweep =        0.429 | 1.13 MFLOP/SWP
 | Tread = 0.014 | Twrite = 0.041 | Tfpread = 0.006 | Tfpwrite = 0.029 | data = 1.29 MB | cpsd = 508 KB | Tasync = 0.000
T =    0.00000 +    0.40000i <E> =    0.386521409980432 +   -0.00000i <Norm^2> =    1.000000000000003 +    0.00000i



**********************
Time dep mmps should be just above this
**********************


**********************


***************************



>>> Evol1 compute time (FCI = True, DMRG=True) = 13.490631818771362
Site 5 <Sz> (FCI) = 0.385240
Site 7 <Sz> (FCI) = -0.385240
C[5, 7] =  nan
Site 5 <Sz> (DMRG) = 0.404491+0.000000j
Site 7 <Sz> (DMRG) = -0.404491+0.000000j
C[5, 7] =  0.5878051652410324
FCI sum occ_ = 1.9999999999999982
FCI combined occ_ = 1.9999999999999982
FCI sum sz_ = 1.864662530466762e-16
FCI combined sz_ = 1.6467167181188971e-16
FCI sum conc_ = nan
FCI combined conc_ = nan
FCI sum pur_ = nan
FCI combined pur_ = nan
>>> Evol2 compute time (FCI = True, DMRG=True) = 21.03769588470459
Site 5 <Sz> (FCI) = -0.062658
Site 7 <Sz> (FCI) = 0.062658
C[5, 7] =  nan
Site 5 <Sz> (DMRG) = 0.000004+0.000000j
Site 7 <Sz> (DMRG) = -0.000004+0.000000j
C[5, 7] =  0.9999734665243455
FCI sum occ_ = 1.9999999999999996
FCI combined occ_ = 1.9999999999999996
FCI sum sz_ = -2.4240458952537564e-16
FCI combined sz_ = -2.4873997239620304e-16
FCI sum conc_ = nan
FCI combined conc_ = nan
FCI sum pur_ = nan
FCI combined pur_ = nan
>>> Evol3 compute time (FCI = True, DMRG=True) = 33.93377637863159
Site 5 <Sz> (FCI) = -0.491109
Site 7 <Sz> (FCI) = 0.491109
C[5, 7] =  nan
Site 5 <Sz> (DMRG) = -0.499965-0.000000j
Site 7 <Sz> (DMRG) = 0.499965-0.000000j
C[5, 7] =  0.007851444986796014
FCI sum occ_ = 2.0000000000000004
FCI combined occ_ = 2.0000000000000004
FCI sum sz_ = -4.451867311506777e-16
FCI combined sz_ = -4.049073500275141e-16
FCI sum conc_ = nan
FCI combined conc_ = nan
FCI sum pur_ = nan
FCI combined pur_ = nan
Site 5 <Sz> (FCI) = 0.484269
Site 7 <Sz> (FCI) = -0.484269
C[5, 7] =  nan
Site 5 <Sz> (DMRG) = 0.499977-0.000000j
Site 7 <Sz> (DMRG) = -0.499977-0.000000j
C[5, 7] =  0.007851455295342851
FCI sum occ_ = 1.999999999999999
FCI combined occ_ = 1.999999999999999
FCI sum sz_ = 2.462024162672217e-16
FCI combined sz_ = 2.726273032244961e-16
FCI sum conc_ = nan
FCI combined conc_ = nan
FCI sum pur_ = nan
FCI combined pur_ = nan
Site 5 <Sz> (FCI) = 0.464866
Site 7 <Sz> (FCI) = -0.464866
C[5, 7] =  nan
Site 5 <Sz> (DMRG) = 0.498990-0.000000j
Site 7 <Sz> (DMRG) = -0.498990-0.000000j
C[5, 7] =  0.0632906153245553
FCI sum occ_ = 1.9999999999999976
FCI combined occ_ = 1.9999999999999976
FCI sum sz_ = 1.2382465306032717e-16
FCI combined sz_ = 1.066131553804398e-16
FCI sum conc_ = nan
FCI combined conc_ = nan
FCI sum pur_ = nan
FCI combined pur_ = nan
Site 5 <Sz> (FCI) = 0.438132
Site 7 <Sz> (FCI) = -0.438132
C[5, 7] =  nan
Site 5 <Sz> (DMRG) = 0.496034-0.000000j
Site 7 <Sz> (DMRG) = -0.496034+0.000000j
C[5, 7] =  0.12558658041690557
FCI sum occ_ = 1.9999999999999993
FCI combined occ_ = 1.999999999999999
FCI sum sz_ = -1.750344187518832e-16
FCI combined sz_ = -1.172547016120365e-16
FCI sum conc_ = nan
FCI combined conc_ = nan
FCI sum pur_ = nan
FCI combined pur_ = nan
stop time: 
Fri Jan  5 00:07:26 EST 2024
