#### SLURM ####
pwd: 
/blue/m2qm-efrc/cpbunker/GitHub/transport
host: 
c0700a-s2.ufhpc
# conda environments:
#
base                     /apps/conda/23.3.1
block                 *  /blue/m2qm-efrc/cpbunker/condaenvs/block
plot                     /blue/m2qm-efrc/cpbunker/condaenvs/plot

#### PYTHON ####
start time: 
Wed Jan 10 16:30:03 EST 2024

>>> PWD:  /blue/m2qm-efrc/cpbunker/GitHub/transport
>>> Params =  {'tl': 1.0, 'Vconf': 10.0, 'Be': 100.0, 'BFM': -100.0, 'Jz': 0.5, 'Jx': 0.5, 'Jsd': 0.5, 'jdnoise': -0.1, 'NL': 4, 'NFM': 1, 'NR': 5, 'Nconf': 2, 'Ne': 0, 'TwoSz': 1, 'noFM': 1, 'symmetry': 'Sz', 'spin_strs': ['cd', 'CD'], 'ex_sites': [0, 2], 'plot': 0, 'bdim_0': [60, 70, 80, 90, 90], 'bdim_t': [100], 'noises': [0.01, 0.001, 0.0001, 1e-05, 0.0], 'dmrg_sweeps': 20, 'cutoff': -1.0, 'te_type': 'rk4', 'time_step': 0.1, 't1': 1.0, 't2': 1.0, 't3': 1.0, 't4': 1.0, 't5': 1.0, 't6': 1.0, 'tupdate': 1.0, 'Nupdates': 6}
>>> Do FCI  =  True
>>> Do DMRG =  True
>>> special case:  noFM
j - d site pairs =  [(8, 9)]
H_1e = 
[[-60.    0.    0.1   0.   -1.    0.    0.    0.    0.    0.    0.    0.
    0.    0.    0.    0. ]
 [  0.   40.    0.    0.1   0.   -1.    0.    0.    0.    0.    0.    0.
    0.    0.    0.    0. ]
 [  0.1   0.    0.    0.    0.1   0.    0.1   0.    0.    0.    0.    0.
    0.    0.    0.    0. ]
 [  0.    0.1   0.    0.    0.    0.1   0.    0.1   0.    0.    0.    0.
    0.    0.    0.    0. ]
 [ -1.    0.    0.1   0.  -60.    0.    0.1   0.   -1.    0.    0.    0.
    0.    0.    0.    0. ]
 [  0.   -1.    0.    0.1   0.   40.    0.    0.1   0.   -1.    0.    0.
    0.    0.    0.    0. ]
 [  0.    0.    0.1   0.    0.1   0.    0.    0.    0.1   0.    0.1   0.
    0.    0.    0.    0. ]
 [  0.    0.    0.    0.1   0.    0.1   0.    0.    0.    0.1   0.    0.1
    0.    0.    0.    0. ]
 [  0.    0.    0.    0.   -1.    0.    0.1   0.    0.    0.    0.1   0.
   -1.    0.    0.    0. ]
 [  0.    0.    0.    0.    0.   -1.    0.    0.1   0.    0.    0.    0.1
    0.   -1.    0.    0. ]
 [  0.    0.    0.    0.    0.    0.    0.1   0.    0.1   0.    0.    0.
    0.1   0.    0.1   0. ]
 [  0.    0.    0.    0.    0.    0.    0.    0.1   0.    0.1   0.    0.
    0.    0.1   0.    0.1]
 [  0.    0.    0.    0.    0.    0.    0.    0.   -1.    0.    0.1   0.
    0.    0.    0.1   0. ]
 [  0.    0.    0.    0.    0.    0.    0.    0.    0.   -1.    0.    0.1
    0.    0.    0.    0.1]
 [  0.    0.    0.    0.    0.    0.    0.    0.    0.    0.    0.1   0.
    0.1   0.    0.    0. ]
 [  0.    0.    0.    0.    0.    0.    0.    0.    0.    0.    0.    0.1
    0.    0.1   0.    0. ]]
[[  0.    0.    0.1   0. ]
 [  0.    0.    0.    0.1]
 [  0.1   0.   45.    0. ]
 [  0.    0.1   0.  -55. ]]
[[ 0.   0.   0.1  0.  -1.   0.   0.   0.   0.   0.   0.   0.   0.   0.
   0.   0.   0.   0.   0.   0. ]
 [ 0.   0.   0.   0.1  0.  -1.   0.   0.   0.   0.   0.   0.   0.   0.
   0.   0.   0.   0.   0.   0. ]
 [ 0.1  0.   0.   0.   0.1  0.   0.1  0.   0.   0.   0.   0.   0.   0.
   0.   0.   0.   0.   0.   0. ]
 [ 0.   0.1  0.   0.   0.   0.1  0.   0.1  0.   0.   0.   0.   0.   0.
   0.   0.   0.   0.   0.   0. ]
 [-1.   0.   0.1  0.   0.   0.   0.1  0.  -1.   0.   0.   0.   0.   0.
   0.   0.   0.   0.   0.   0. ]
 [ 0.  -1.   0.   0.1  0.   0.   0.   0.1  0.  -1.   0.   0.   0.   0.
   0.   0.   0.   0.   0.   0. ]
 [ 0.   0.   0.1  0.   0.1  0.   0.   0.   0.1  0.   0.1  0.   0.   0.
   0.   0.   0.   0.   0.   0. ]
 [ 0.   0.   0.   0.1  0.   0.1  0.   0.   0.   0.1  0.   0.1  0.   0.
   0.   0.   0.   0.   0.   0. ]
 [ 0.   0.   0.   0.  -1.   0.   0.1  0.   0.   0.   0.1  0.  -1.   0.
   0.   0.   0.   0.   0.   0. ]
 [ 0.   0.   0.   0.   0.  -1.   0.   0.1  0.   0.   0.   0.1  0.  -1.
   0.   0.   0.   0.   0.   0. ]
 [ 0.   0.   0.   0.   0.   0.   0.1  0.   0.1  0.   0.   0.   0.1  0.
   0.1  0.   0.   0.   0.   0. ]
 [ 0.   0.   0.   0.   0.   0.   0.   0.1  0.   0.1  0.   0.   0.   0.1
   0.   0.1  0.   0.   0.   0. ]
 [ 0.   0.   0.   0.   0.   0.   0.   0.  -1.   0.   0.1  0.   0.   0.
   0.1  0.  -1.   0.   0.   0. ]
 [ 0.   0.   0.   0.   0.   0.   0.   0.   0.  -1.   0.   0.1  0.   0.
   0.   0.1  0.  -1.   0.   0. ]
 [ 0.   0.   0.   0.   0.   0.   0.   0.   0.   0.   0.1  0.   0.1  0.
   0.   0.   0.1  0.   0.1  0. ]
 [ 0.   0.   0.   0.   0.   0.   0.   0.   0.   0.   0.   0.1  0.   0.1
   0.   0.   0.   0.1  0.   0.1]
 [ 0.   0.   0.   0.   0.   0.   0.   0.   0.   0.   0.   0.  -1.   0.
   0.1  0.   0.   0.   0.1  0. ]
 [ 0.   0.   0.   0.   0.   0.   0.   0.   0.   0.   0.   0.   0.  -1.
   0.   0.1  0.   0.   0.   0.1]
 [ 0.   0.   0.   0.   0.   0.   0.   0.   0.   0.   0.   0.   0.   0.
   0.1  0.   0.1  0.   0.   0. ]
 [ 0.   0.   0.   0.   0.   0.   0.   0.   0.   0.   0.   0.   0.   0.
   0.   0.1  0.   0.1  0.   0. ]]

UHF energy calculation
converged SCF energy = -61.0086440151221  <S^2> = 0.75  2S+1 = 2
Ground state energy (FCI) = -61.008644
j - d site pairs =  [(8, 9)]

Build MPO | Nsites =    20 | Nterms =        160 | Algorithm = FastBIP | Cutoff = 1.00e-14
 Site =     0 /    20 .. Mmpo =     6 DW = 0.00e+00 NNZ =        6 SPT = 0.0000 Tmvc = 0.000 T = 0.251
 Site =     1 /    20 .. Mmpo =    10 DW = 0.00e+00 NNZ =       14 SPT = 0.7667 Tmvc = 0.000 T = 0.001
 Site =     2 /    20 .. Mmpo =    10 DW = 0.00e+00 NNZ =       19 SPT = 0.8100 Tmvc = 0.000 T = 0.000
 Site =     3 /    20 .. Mmpo =    10 DW = 0.00e+00 NNZ =       18 SPT = 0.8200 Tmvc = 0.000 T = 0.000
 Site =     4 /    20 .. Mmpo =    10 DW = 0.00e+00 NNZ =       18 SPT = 0.8200 Tmvc = 0.000 T = 0.000
 Site =     5 /    20 .. Mmpo =    10 DW = 0.00e+00 NNZ =       18 SPT = 0.8200 Tmvc = 0.000 T = 0.000
 Site =     6 /    20 .. Mmpo =    10 DW = 0.00e+00 NNZ =       18 SPT = 0.8200 Tmvc = 0.000 T = 0.000
 Site =     7 /    20 .. Mmpo =    10 DW = 0.00e+00 NNZ =       18 SPT = 0.8200 Tmvc = 0.000 T = 0.000
 Site =     8 /    20 .. Mmpo =    14 DW = 0.00e+00 NNZ =       22 SPT = 0.8429 Tmvc = 0.000 T = 0.000
 Site =     9 /    20 .. Mmpo =    10 DW = 0.00e+00 NNZ =       23 SPT = 0.8357 Tmvc = 0.000 T = 0.000
 Site =    10 /    20 .. Mmpo =    10 DW = 0.00e+00 NNZ =       18 SPT = 0.8200 Tmvc = 0.000 T = 0.000
 Site =    11 /    20 .. Mmpo =    10 DW = 0.00e+00 NNZ =       18 SPT = 0.8200 Tmvc = 0.000 T = 0.000
 Site =    12 /    20 .. Mmpo =    10 DW = 0.00e+00 NNZ =       18 SPT = 0.8200 Tmvc = 0.000 T = 0.000
 Site =    13 /    20 .. Mmpo =    10 DW = 0.00e+00 NNZ =       18 SPT = 0.8200 Tmvc = 0.000 T = 0.000
 Site =    14 /    20 .. Mmpo =    10 DW = 0.00e+00 NNZ =       18 SPT = 0.8200 Tmvc = 0.000 T = 0.000
 Site =    15 /    20 .. Mmpo =    10 DW = 0.00e+00 NNZ =       18 SPT = 0.8200 Tmvc = 0.000 T = 0.000
 Site =    16 /    20 .. Mmpo =    10 DW = 0.00e+00 NNZ =       18 SPT = 0.8200 Tmvc = 0.000 T = 0.000
 Site =    17 /    20 .. Mmpo =    10 DW = 0.00e+00 NNZ =       18 SPT = 0.8200 Tmvc = 0.000 T = 0.000
 Site =    18 /    20 .. Mmpo =     5 DW = 0.00e+00 NNZ =       17 SPT = 0.6600 Tmvc = 0.000 T = 0.000
 Site =    19 /    20 .. Mmpo =     1 DW = 0.00e+00 NNZ =        5 SPT = 0.0000 Tmvc = 0.000 T = 0.000
Ttotal =      0.254 Tmvc-total = 0.001 MPO bond dimension =    14 MaxDW = 0.00e+00
NNZ =          340 SIZE =         1801 SPT = 0.8112

Rank =     0 Ttotal =      0.313 MPO method = FastBipartite bond dimension =      14 NNZ =          340 SIZE =         1801 SPT = 0.8112
Environment initialization | Nsites =    20 | Center =     0
 INIT-R <-- Site =   17 ..  Bmem =   256 B Rmem =   256 B T = 0.10
 INIT-R <-- Site =   16 ..  Bmem = 4.69 KB Rmem = 4.69 KB T = 0.13
 INIT-R <-- Site =   15 ..  Bmem = 56.2 KB Rmem = 56.2 KB T = 0.01
 INIT-R <-- Site =   14 ..  Bmem =  720 KB Rmem = 46.9 KB T = 0.03
 INIT-R <-- Site =   13 ..  Bmem =  634 KB Rmem = 38.8 KB T = 0.02
 INIT-R <-- Site =   12 ..  Bmem =  549 KB Rmem = 43.4 KB T = 0.02
 INIT-R <-- Site =   11 ..  Bmem =  631 KB Rmem = 37.1 KB T = 0.02
 INIT-R <-- Site =   10 ..  Bmem =  541 KB Rmem = 37.2 KB T = 0.02
 INIT-R <-- Site =    9 ..  Bmem =  554 KB Rmem = 41.9 KB T = 0.02
 INIT-R <-- Site =    8 ..  Bmem =  631 KB Rmem = 42.4 KB T = 0.02
 INIT-R <-- Site =    7 ..  Bmem =  866 KB Rmem = 66.9 KB T = 0.07
 INIT-R <-- Site =    6 ..  Bmem =  745 KB Rmem = 46.1 KB T = 0.01
 INIT-R <-- Site =    5 ..  Bmem =  700 KB Rmem = 46.8 KB T = 0.03
 INIT-R <-- Site =    4 ..  Bmem =  716 KB Rmem = 54.4 KB T = 0.03
 INIT-R <-- Site =    3 ..  Bmem =  830 KB Rmem = 56.8 KB T = 0.07
 INIT-R <-- Site =    2 ..  Bmem =  874 KB Rmem = 61.7 KB T = 0.03
 INIT-R <-- Site =    1 ..  Bmem =  949 KB Rmem = 68.2 KB T = 0.04
 INIT-R <-- Site =    0 ..  Bmem = 1.03 MB Rmem = 70.6 KB T = 0.06
Time init sweep =        0.731 | MaxBmem = 1.03 MB | MaxRmem = 70.6 KB
 | Tread = 0.000 | Twrite = 0.173 | Tfpread = 0.000 | Tfpwrite = 0.134 | data = 820 KB | cpsd = 605 KB | Tasync = 0.000


Sweep =    0 | Direction =  forward | Bond dimension =   60 | Noise =  1.00e-02 | Dav threshold =  1.00e-06
 --> Site =    0-   1 .. Mmps =    2 Ndav =   3 E =    -60.0088276070 Error = 0.00e+00 FLOPS = 2.65e+02 Tdav = 0.26 T = 0.67
 --> Site =    1-   2 .. Mmps =    3 Ndav =   3 E =    -61.0036573113 Error = 0.00e+00 FLOPS = 5.47e+03 Tdav = 0.03 T = 0.09
 --> Site =    2-   3 .. Mmps =    4 Ndav =   3 E =    -61.0045412592 Error = 0.00e+00 FLOPS = 7.10e+03 Tdav = 0.03 T = 0.09
 --> Site =    3-   4 .. Mmps =    5 Ndav =   5 E =    -61.0086424518 Error = 0.00e+00 FLOPS = 5.81e+03 Tdav = 0.08 T = 0.13
 --> Site =    4-   5 .. Mmps =    6 Ndav =   2 E =    -61.0086429858 Error = 0.00e+00 FLOPS = 1.81e+05 Tdav = 0.00 T = 0.08
 --> Site =    5-   6 .. Mmps =    7 Ndav =   2 E =    -61.0086440145 Error = 0.00e+00 FLOPS = 2.70e+05 Tdav = 0.00 T = 0.05
 --> Site =    6-   7 .. Mmps =    8 Ndav =   1 E =    -61.0086440145 Error = 0.00e+00 FLOPS = 3.00e+05 Tdav = 0.00 T = 0.04
 --> Site =    7-   8 .. Mmps =    9 Ndav =   1 E =    -61.0086440145 Error = 0.00e+00 FLOPS = 3.36e+05 Tdav = 0.00 T = 0.05
 --> Site =    8-   9 .. Mmps =   10 Ndav =   1 E =    -61.0086440145 Error = 0.00e+00 FLOPS = 6.56e+05 Tdav = 0.00 T = 0.04
 --> Site =    9-  10 .. Mmps =   11 Ndav =   1 E =    -61.0086440145 Error = 0.00e+00 FLOPS = 4.67e+05 Tdav = 0.00 T = 0.04
 --> Site =   10-  11 .. Mmps =   12 Ndav =   1 E =    -61.0086440145 Error = 0.00e+00 FLOPS = 5.52e+05 Tdav = 0.00 T = 0.04
 --> Site =   11-  12 .. Mmps =   13 Ndav =   1 E =    -61.0086440145 Error = 0.00e+00 FLOPS = 5.97e+05 Tdav = 0.00 T = 0.07
 --> Site =   12-  13 .. Mmps =   14 Ndav =   1 E =    -61.0086440145 Error = 0.00e+00 FLOPS = 7.46e+05 Tdav = 0.00 T = 0.02
 --> Site =   13-  14 .. Mmps =   15 Ndav =   1 E =    -61.0086440145 Error = 0.00e+00 FLOPS = 8.50e+05 Tdav = 0.00 T = 0.03
 --> Site =   14-  15 .. Mmps =   16 Ndav =   1 E =    -61.0086440145 Error = 0.00e+00 FLOPS = 8.54e+05 Tdav = 0.00 T = 0.03
 --> Site =   15-  16 .. Mmps =   17 Ndav =   1 E =    -61.0086440145 Error = 0.00e+00 FLOPS = 1.14e+06 Tdav = 0.00 T = 0.04
 --> Site =   16-  17 .. Mmps =   18 Ndav =   1 E =    -61.0086440145 Error = 0.00e+00 FLOPS = 1.20e+06 Tdav = 0.00 T = 0.07
 --> Site =   17-  18 .. Mmps =   19 Ndav =   1 E =    -61.0086440145 Error = 0.00e+00 FLOPS = 8.62e+05 Tdav = 0.00 T = 0.04
 --> Site =   18-  19 .. Mmps =   20 Ndav =   1 E =    -61.0086440145 Error = 0.00e+00 FLOPS = 4.61e+05 Tdav = 0.00 T = 0.06
Time elapsed =      1.685 | E =     -61.0086440145 | DW = 0.00e+00
Time sweep =        1.685 | 8.18 KFLOP/SWP
 | Dmem = 71.2 KB (0%) | Imem = 415 KB (91%) | Hmem = 1.03 MB | Pmem = 3.22 KB
 | Tread = 0.051 | Twrite = 0.026 | Tfpread = 0.017 | Tfpwrite = 0.010 | Tmporead = 0.000 | Tasync = 0.000
 | data = 113 KB | cpsd = 30.5 KB
 | Trot = 0.008 | Tctr = 0.014 | Tint = 0.002 | Tmid = 0.000 | Tdctr = 0.037 | Tdiag = 0.170 | Tinfo = 0.047
 | Teff = 0.416 | Tprt = 0.160 | Teig = 0.412 | Tblk = 1.551 | Tmve = 0.128 | Tdm = 0.105 | Tsplt = 0.169 | Tsvd = 0.000 | Torth = 0.001

Sweep =    1 | Direction = backward | Bond dimension =   70 | Noise =  1.00e-03 | Dav threshold =  1.00e-06
 <-- Site =   18-  19 .. Mmps =    2 Ndav =   1 E =    -61.0086440145 Error = 0.00e+00 FLOPS = 6.26e+05 Tdav = 0.00 T = 0.02
 <-- Site =   17-  18 .. Mmps =    3 Ndav =   1 E =    -61.0086440145 Error = 0.00e+00 FLOPS = 1.21e+06 Tdav = 0.00 T = 0.03
 <-- Site =   16-  17 .. Mmps =    4 Ndav =   1 E =    -61.0086440145 Error = 0.00e+00 FLOPS = 1.11e+06 Tdav = 0.00 T = 0.03
 <-- Site =   15-  16 .. Mmps =    5 Ndav =   1 E =    -61.0086440145 Error = 0.00e+00 FLOPS = 1.11e+06 Tdav = 0.00 T = 0.03
 <-- Site =   14-  15 .. Mmps =    6 Ndav =   1 E =    -61.0086440145 Error = 0.00e+00 FLOPS = 1.12e+06 Tdav = 0.00 T = 0.03
 <-- Site =   13-  14 .. Mmps =    7 Ndav =   1 E =    -61.0086440145 Error = 0.00e+00 FLOPS = 1.22e+06 Tdav = 0.00 T = 0.03
 <-- Site =   12-  13 .. Mmps =    8 Ndav =   1 E =    -61.0086440145 Error = 0.00e+00 FLOPS = 1.29e+06 Tdav = 0.00 T = 0.03
 <-- Site =   11-  12 .. Mmps =    9 Ndav =   1 E =    -61.0086440145 Error = 0.00e+00 FLOPS = 1.21e+06 Tdav = 0.00 T = 0.03
 <-- Site =   10-  11 .. Mmps =   10 Ndav =   1 E =    -61.0086440145 Error = 0.00e+00 FLOPS = 1.16e+06 Tdav = 0.00 T = 0.03
 <-- Site =    9-  10 .. Mmps =   11 Ndav =   1 E =    -61.0086440145 Error = 0.00e+00 FLOPS = 1.25e+06 Tdav = 0.00 T = 0.03
 <-- Site =    8-   9 .. Mmps =   12 Ndav =   1 E =    -61.0086440145 Error = 0.00e+00 FLOPS = 1.74e+06 Tdav = 0.00 T = 0.03
 <-- Site =    7-   8 .. Mmps =   13 Ndav =   1 E =    -61.0086440145 Error = 0.00e+00 FLOPS = 1.36e+06 Tdav = 0.00 T = 0.03
 <-- Site =    6-   7 .. Mmps =   14 Ndav =   1 E =    -61.0086440145 Error = 0.00e+00 FLOPS = 1.33e+06 Tdav = 0.00 T = 0.03
 <-- Site =    5-   6 .. Mmps =   15 Ndav =   1 E =    -61.0086440145 Error = 0.00e+00 FLOPS = 1.38e+06 Tdav = 0.00 T = 0.03
 <-- Site =    4-   5 .. Mmps =   16 Ndav =   1 E =    -61.0086440145 Error = 0.00e+00 FLOPS = 1.36e+06 Tdav = 0.00 T = 0.03
 <-- Site =    3-   4 .. Mmps =   17 Ndav =   1 E =    -61.0086440145 Error = 0.00e+00 FLOPS = 1.28e+06 Tdav = 0.00 T = 0.03
 <-- Site =    2-   3 .. Mmps =   18 Ndav =   1 E =    -61.0086440145 Error = 0.00e+00 FLOPS = 1.35e+06 Tdav = 0.00 T = 0.03
 <-- Site =    1-   2 .. Mmps =   19 Ndav =   1 E =    -61.0086440145 Error = 0.00e+00 FLOPS = 1.20e+06 Tdav = 0.00 T = 0.03
 <-- Site =    0-   1 .. Mmps =   20 Ndav =   1 E =    -61.0086440145 Error = 0.00e+00 FLOPS = 1.23e+06 Tdav = 0.00 T = 0.03
Time elapsed =      2.236 | E =     -61.0086440145 | DE = 7.82e-14 | DW = 0.00e+00
Time sweep =        0.551 | 16.3 KFLOP/SWP
 | Dmem = 17.0 KB (3%) | Imem = 3.79 KB (97%) | Hmem = 138 KB | Pmem = 2.81 KB
 | Tread = 0.016 | Twrite = 0.031 | Tfpread = 0.006 | Tfpwrite = 0.013 | Tmporead = 0.000 | Tasync = 0.000
 | data = 114 KB | cpsd = 32.0 KB
 | Trot = 0.011 | Tctr = 0.010 | Tint = 0.003 | Tmid = 0.000 | Tdctr = 0.004 | Tdiag = 0.008 | Tinfo = 0.053
 | Teff = 0.087 | Tprt = 0.050 | Teig = 0.014 | Tblk = 0.421 | Tmve = 0.122 | Tdm = 0.001 | Tsplt = 0.017 | Tsvd = 0.000 | Torth = 0.000

Sweep =    2 | Direction =  forward | Bond dimension =   80 | Noise =  1.00e-04 | Dav threshold =  1.00e-06
 --> Site =    0-   1 .. Mmps =    2 Ndav =   1 E =    -61.0086440145 Error = 0.00e+00 FLOPS = 1.16e+06 Tdav = 0.00 T = 0.02
 --> Site =    1-   2 .. Mmps =    3 Ndav =   1 E =    -61.0086440145 Error = 0.00e+00 FLOPS = 1.28e+06 Tdav = 0.00 T = 0.03
 --> Site =    2-   3 .. Mmps =    4 Ndav =   1 E =    -61.0086440145 Error = 0.00e+00 FLOPS = 1.29e+06 Tdav = 0.00 T = 0.03
 --> Site =    3-   4 .. Mmps =    5 Ndav =   1 E =    -61.0086440145 Error = 0.00e+00 FLOPS = 1.40e+06 Tdav = 0.00 T = 0.03
 --> Site =    4-   5 .. Mmps =    6 Ndav =   1 E =    -61.0086440145 Error = 0.00e+00 FLOPS = 1.32e+06 Tdav = 0.00 T = 0.03
 --> Site =    5-   6 .. Mmps =    7 Ndav =   1 E =    -61.0086440145 Error = 0.00e+00 FLOPS = 1.33e+06 Tdav = 0.00 T = 0.03
 --> Site =    6-   7 .. Mmps =    8 Ndav =   1 E =    -61.0086440145 Error = 0.00e+00 FLOPS = 1.34e+06 Tdav = 0.00 T = 0.03
 --> Site =    7-   8 .. Mmps =    9 Ndav =   1 E =    -61.0086440145 Error = 0.00e+00 FLOPS = 1.28e+06 Tdav = 0.00 T = 0.03
 --> Site =    8-   9 .. Mmps =   10 Ndav =   1 E =    -61.0086440145 Error = 0.00e+00 FLOPS = 1.85e+06 Tdav = 0.00 T = 0.03
 --> Site =    9-  10 .. Mmps =   11 Ndav =   1 E =    -61.0086440145 Error = 0.00e+00 FLOPS = 1.19e+06 Tdav = 0.00 T = 0.03
 --> Site =   10-  11 .. Mmps =   12 Ndav =   1 E =    -61.0086440145 Error = 0.00e+00 FLOPS = 1.39e+06 Tdav = 0.00 T = 0.19
 --> Site =   11-  12 .. Mmps =   13 Ndav =   1 E =    -61.0086440145 Error = 0.00e+00 FLOPS = 4.40e+06 Tdav = 0.00 T = 0.01
 --> Site =   12-  13 .. Mmps =   14 Ndav =   1 E =    -61.0086440145 Error = 0.00e+00 FLOPS = 1.22e+06 Tdav = 0.00 T = 0.03
 --> Site =   13-  14 .. Mmps =   15 Ndav =   1 E =    -61.0086440145 Error = 0.00e+00 FLOPS = 1.32e+06 Tdav = 0.00 T = 0.03
 --> Site =   14-  15 .. Mmps =   16 Ndav =   1 E =    -61.0086440145 Error = 0.00e+00 FLOPS = 1.13e+06 Tdav = 0.00 T = 0.03
 --> Site =   15-  16 .. Mmps =   17 Ndav =   1 E =    -61.0086440145 Error = 0.00e+00 FLOPS = 1.28e+06 Tdav = 0.00 T = 0.03
 --> Site =   16-  17 .. Mmps =   18 Ndav =   1 E =    -61.0086440145 Error = 0.00e+00 FLOPS = 1.31e+06 Tdav = 0.00 T = 0.03
 --> Site =   17-  18 .. Mmps =   19 Ndav =   1 E =    -61.0086440145 Error = 0.00e+00 FLOPS = 1.35e+06 Tdav = 0.00 T = 0.03
 --> Site =   18-  19 .. Mmps =   20 Ndav =   1 E =    -61.0086440145 Error = 0.00e+00 FLOPS = 6.46e+05 Tdav = 0.00 T = 0.03
Time elapsed =      2.915 | E =     -61.0086440145 | DE = 0.00e+00 | DW = 0.00e+00
Time sweep =        0.680 | 16.3 KFLOP/SWP
 | Dmem = 17.0 KB (3%) | Imem = 3.79 KB (97%) | Hmem = 138 KB | Pmem = 2.81 KB
 | Tread = 0.025 | Twrite = 0.030 | Tfpread = 0.008 | Tfpwrite = 0.012 | Tmporead = 0.000 | Tasync = 0.000
 | data = 113 KB | cpsd = 29.8 KB
 | Trot = 0.010 | Tctr = 0.013 | Tint = 0.003 | Tmid = 0.000 | Tdctr = 0.015 | Tdiag = 0.008 | Tinfo = 0.050
 | Teff = 0.090 | Tprt = 0.037 | Teig = 0.013 | Tblk = 0.550 | Tmve = 0.126 | Tdm = 0.001 | Tsplt = 0.015 | Tsvd = 0.000 | Torth = 0.000

Sweep =    3 | Direction = backward | Bond dimension =   90 | Noise =  1.00e-05 | Dav threshold =  1.00e-06
 <-- Site =   18-  19 .. Mmps =    2 Ndav =   1 E =    -61.0086440145 Error = 0.00e+00 FLOPS = 6.23e+05 Tdav = 0.00 T = 0.02
 <-- Site =   17-  18 .. Mmps =    3 Ndav =   1 E =    -61.0086440145 Error = 0.00e+00 FLOPS = 1.40e+06 Tdav = 0.00 T = 0.02
 <-- Site =   16-  17 .. Mmps =    4 Ndav =   1 E =    -61.0086440145 Error = 0.00e+00 FLOPS = 1.31e+06 Tdav = 0.00 T = 0.02
 <-- Site =   15-  16 .. Mmps =    5 Ndav =   1 E =    -61.0086440145 Error = 0.00e+00 FLOPS = 1.09e+06 Tdav = 0.00 T = 0.03
 <-- Site =   14-  15 .. Mmps =    6 Ndav =   1 E =    -61.0086440145 Error = 0.00e+00 FLOPS = 1.29e+06 Tdav = 0.00 T = 0.02
 <-- Site =   13-  14 .. Mmps =    7 Ndav =   1 E =    -61.0086440145 Error = 0.00e+00 FLOPS = 1.38e+06 Tdav = 0.00 T = 0.03
 <-- Site =   12-  13 .. Mmps =    8 Ndav =   1 E =    -61.0086440145 Error = 0.00e+00 FLOPS = 1.37e+06 Tdav = 0.00 T = 0.02
 <-- Site =   11-  12 .. Mmps =    9 Ndav =   1 E =    -61.0086440145 Error = 0.00e+00 FLOPS = 1.42e+06 Tdav = 0.00 T = 0.05
 <-- Site =   10-  11 .. Mmps =   10 Ndav =   1 E =    -61.0086440145 Error = 0.00e+00 FLOPS = 1.40e+06 Tdav = 0.00 T = 0.03
 <-- Site =    9-  10 .. Mmps =   11 Ndav =   1 E =    -61.0086440145 Error = 0.00e+00 FLOPS = 1.35e+06 Tdav = 0.00 T = 0.03
 <-- Site =    8-   9 .. Mmps =   12 Ndav =   1 E =    -61.0086440145 Error = 0.00e+00 FLOPS = 1.85e+06 Tdav = 0.00 T = 0.03
 <-- Site =    7-   8 .. Mmps =   13 Ndav =   1 E =    -61.0086440145 Error = 0.00e+00 FLOPS = 1.29e+06 Tdav = 0.00 T = 0.03
 <-- Site =    6-   7 .. Mmps =   14 Ndav =   1 E =    -61.0086440145 Error = 0.00e+00 FLOPS = 1.31e+06 Tdav = 0.00 T = 0.03
 <-- Site =    5-   6 .. Mmps =   15 Ndav =   1 E =    -61.0086440145 Error = 0.00e+00 FLOPS = 1.36e+06 Tdav = 0.00 T = 0.03
 <-- Site =    4-   5 .. Mmps =   16 Ndav =   1 E =    -61.0086440145 Error = 0.00e+00 FLOPS = 1.36e+06 Tdav = 0.00 T = 0.03
 <-- Site =    3-   4 .. Mmps =   17 Ndav =   1 E =    -61.0086440145 Error = 0.00e+00 FLOPS = 1.13e+06 Tdav = 0.00 T = 0.03
 <-- Site =    2-   3 .. Mmps =   18 Ndav =   1 E =    -61.0086440145 Error = 0.00e+00 FLOPS = 1.18e+06 Tdav = 0.00 T = 0.03
 <-- Site =    1-   2 .. Mmps =   19 Ndav =   1 E =    -61.0086440145 Error = 0.00e+00 FLOPS = 1.16e+06 Tdav = 0.00 T = 0.03
 <-- Site =    0-   1 .. Mmps =   20 Ndav =   1 E =    -61.0086440145 Error = 0.00e+00 FLOPS = 1.20e+06 Tdav = 0.00 T = 0.03
Time elapsed =      3.456 | E =     -61.0086440145 | DE = 2.13e-14 | DW = 0.00e+00
Time sweep =        0.541 | 16.3 KFLOP/SWP
 | Dmem = 17.0 KB (3%) | Imem = 3.79 KB (97%) | Hmem = 138 KB | Pmem = 2.81 KB
 | Tread = 0.015 | Twrite = 0.029 | Tfpread = 0.005 | Tfpwrite = 0.012 | Tmporead = 0.000 | Tasync = 0.000
 | data = 114 KB | cpsd = 32.0 KB
 | Trot = 0.010 | Tctr = 0.010 | Tint = 0.003 | Tmid = 0.000 | Tdctr = 0.004 | Tdiag = 0.007 | Tinfo = 0.050
 | Teff = 0.084 | Tprt = 0.070 | Teig = 0.013 | Tblk = 0.421 | Tmve = 0.117 | Tdm = 0.001 | Tsplt = 0.017 | Tsvd = 0.000 | Torth = 0.000

Sweep =    4 | Direction =  forward | Bond dimension =   90 | Noise =  0.00e+00 | Dav threshold =  1.00e-07
 --> Site =    0-   1 .. Mmps =    2 Ndav =   1 E =    -61.0086440145 Error = 0.00e+00 FLOPS = 1.15e+06 Tdav = 0.00 T = 0.02
 --> Site =    1-   2 .. Mmps =    3 Ndav =   1 E =    -61.0086440145 Error = 0.00e+00 FLOPS = 1.15e+06 Tdav = 0.00 T = 0.03
 --> Site =    2-   3 .. Mmps =    4 Ndav =   1 E =    -61.0086440145 Error = 0.00e+00 FLOPS = 1.12e+06 Tdav = 0.00 T = 0.03
 --> Site =    3-   4 .. Mmps =    5 Ndav =   1 E =    -61.0086440145 Error = 0.00e+00 FLOPS = 1.15e+06 Tdav = 0.00 T = 0.03
 --> Site =    4-   5 .. Mmps =    6 Ndav =   1 E =    -61.0086440145 Error = 0.00e+00 FLOPS = 1.14e+06 Tdav = 0.00 T = 0.03
 --> Site =    5-   6 .. Mmps =    7 Ndav =   1 E =    -61.0086440145 Error = 0.00e+00 FLOPS = 1.11e+06 Tdav = 0.00 T = 0.03
 --> Site =    6-   7 .. Mmps =    8 Ndav =   1 E =    -61.0086440145 Error = 0.00e+00 FLOPS = 1.20e+06 Tdav = 0.00 T = 0.03
 --> Site =    7-   8 .. Mmps =    9 Ndav =   1 E =    -61.0086440145 Error = 0.00e+00 FLOPS = 1.27e+06 Tdav = 0.00 T = 0.03
 --> Site =    8-   9 .. Mmps =   10 Ndav =   1 E =    -61.0086440145 Error = 0.00e+00 FLOPS = 1.80e+06 Tdav = 0.00 T = 0.03
 --> Site =    9-  10 .. Mmps =   11 Ndav =   1 E =    -61.0086440145 Error = 0.00e+00 FLOPS = 1.17e+06 Tdav = 0.00 T = 0.03
 --> Site =   10-  11 .. Mmps =   12 Ndav =   1 E =    -61.0086440145 Error = 0.00e+00 FLOPS = 1.12e+06 Tdav = 0.00 T = 0.03
 --> Site =   11-  12 .. Mmps =   13 Ndav =   1 E =    -61.0086440145 Error = 0.00e+00 FLOPS = 1.32e+06 Tdav = 0.00 T = 0.03
 --> Site =   12-  13 .. Mmps =   14 Ndav =   1 E =    -61.0086440145 Error = 0.00e+00 FLOPS = 1.24e+06 Tdav = 0.00 T = 0.03
 --> Site =   13-  14 .. Mmps =   15 Ndav =   1 E =    -61.0086440145 Error = 0.00e+00 FLOPS = 1.16e+06 Tdav = 0.00 T = 0.03
 --> Site =   14-  15 .. Mmps =   16 Ndav =   1 E =    -61.0086440145 Error = 0.00e+00 FLOPS = 1.20e+06 Tdav = 0.00 T = 0.03
 --> Site =   15-  16 .. Mmps =   17 Ndav =   1 E =    -61.0086440145 Error = 0.00e+00 FLOPS = 1.40e+06 Tdav = 0.00 T = 0.03
 --> Site =   16-  17 .. Mmps =   18 Ndav =   1 E =    -61.0086440145 Error = 0.00e+00 FLOPS = 1.16e+06 Tdav = 0.00 T = 0.03
 --> Site =   17-  18 .. Mmps =   19 Ndav =   1 E =    -61.0086440145 Error = 0.00e+00 FLOPS = 1.30e+06 Tdav = 0.00 T = 0.03
 --> Site =   18-  19 .. Mmps =   20 Ndav =   1 E =    -61.0086440145 Error = 0.00e+00 FLOPS = 6.83e+05 Tdav = 0.00 T = 0.02
Time elapsed =      3.989 | E =     -61.0086440145 | DE = 0.00e+00 | DW = 0.00e+00
Time sweep =        0.532 | 16.3 KFLOP/SWP
 | Dmem = 17.0 KB (3%) | Imem = 3.79 KB (97%) | Hmem = 138 KB | Pmem = 0 B
 | Tread = 0.028 | Twrite = 0.032 | Tfpread = 0.009 | Tfpwrite = 0.013 | Tmporead = 0.000 | Tasync = 0.000
 | data = 113 KB | cpsd = 29.6 KB
 | Trot = 0.010 | Tctr = 0.014 | Tint = 0.003 | Tmid = 0.000 | Tdctr = 0.017 | Tdiag = 0.008 | Tinfo = 0.055
 | Teff = 0.100 | Tprt = 0.000 | Teig = 0.014 | Tblk = 0.402 | Tmve = 0.127 | Tdm = 0.000 | Tsplt = 0.014 | Tsvd = 0.000 | Torth = 0.000

Ground state energy (DMRG) = -61.008644
>>> Init compute time (FCI = True, DMRG=True) = 26.143147706985474
Time = 0.00
Total energy (FCI) = -61.008644
Site 0 <Sz> (FCI) = 0.247895
Site 2 <Sz> (FCI) = 0.252034
C[0, 2] =  nan
Time = 0.00
Total energy (DMRG) = -61.008644+0.000000j
Site 0 <Sz> (DMRG) = 0.247895+0.000000j
Site 2 <Sz> (DMRG) = 0.252034-0.000000j
C[0, 2] =  0.0
Total Sz (FCI) = 0.500000
j - d site pairs =  [(8, 9)]
H_1e_dyn = 
[[ 0.  0.  0.  0. -1.  0.  0.  0.  0.  0.  0.  0.  0.  0.  0.  0.]
 [ 0.  0.  0.  0.  0. -1.  0.  0.  0.  0.  0.  0.  0.  0.  0.  0.]
 [ 0.  0.  0.  0.  0.  0.  0.  0.  0.  0.  0.  0.  0.  0.  0.  0.]
 [ 0.  0.  0.  0.  0.  0.  0.  0.  0.  0.  0.  0.  0.  0.  0.  0.]
 [-1.  0.  0.  0.  0.  0.  0.  0. -1.  0.  0.  0.  0.  0.  0.  0.]
 [ 0. -1.  0.  0.  0.  0.  0.  0.  0. -1.  0.  0.  0.  0.  0.  0.]
 [ 0.  0.  0.  0.  0.  0.  0.  0.  0.  0.  0.  0.  0.  0.  0.  0.]
 [ 0.  0.  0.  0.  0.  0.  0.  0.  0.  0.  0.  0.  0.  0.  0.  0.]
 [ 0.  0.  0.  0. -1.  0.  0.  0.  0.  0.  0.  0. -1.  0.  0.  0.]
 [ 0.  0.  0.  0.  0. -1.  0.  0.  0.  0.  0.  0.  0. -1.  0.  0.]
 [ 0.  0.  0.  0.  0.  0.  0.  0.  0.  0.  0.  0.  0.  0.  0.  0.]
 [ 0.  0.  0.  0.  0.  0.  0.  0.  0.  0.  0.  0.  0.  0.  0.  0.]
 [ 0.  0.  0.  0.  0.  0.  0.  0. -1.  0.  0.  0.  0.  0.  0.  0.]
 [ 0.  0.  0.  0.  0.  0.  0.  0.  0. -1.  0.  0.  0.  0.  0.  0.]
 [ 0.  0.  0.  0.  0.  0.  0.  0.  0.  0.  0.  0.  0.  0.  0.  0.]
 [ 0.  0.  0.  0.  0.  0.  0.  0.  0.  0.  0.  0.  0.  0.  0.  0.]]
[[0. 0. 0. 0.]
 [0. 0. 0. 0.]
 [0. 0. 0. 0.]
 [0. 0. 0. 0.]]
[[ 0.  0.  0.  0. -1.  0.  0.  0.  0.  0.  0.  0.  0.  0.  0.  0.  0.  0.
   0.  0.]
 [ 0.  0.  0.  0.  0. -1.  0.  0.  0.  0.  0.  0.  0.  0.  0.  0.  0.  0.
   0.  0.]
 [ 0.  0.  0.  0.  0.  0.  0.  0.  0.  0.  0.  0.  0.  0.  0.  0.  0.  0.
   0.  0.]
 [ 0.  0.  0.  0.  0.  0.  0.  0.  0.  0.  0.  0.  0.  0.  0.  0.  0.  0.
   0.  0.]
 [-1.  0.  0.  0.  0.  0.  0.  0. -1.  0.  0.  0.  0.  0.  0.  0.  0.  0.
   0.  0.]
 [ 0. -1.  0.  0.  0.  0.  0.  0.  0. -1.  0.  0.  0.  0.  0.  0.  0.  0.
   0.  0.]
 [ 0.  0.  0.  0.  0.  0.  0.  0.  0.  0.  0.  0.  0.  0.  0.  0.  0.  0.
   0.  0.]
 [ 0.  0.  0.  0.  0.  0.  0.  0.  0.  0.  0.  0.  0.  0.  0.  0.  0.  0.
   0.  0.]
 [ 0.  0.  0.  0. -1.  0.  0.  0.  0.  0.  0.  0. -1.  0.  0.  0.  0.  0.
   0.  0.]
 [ 0.  0.  0.  0.  0. -1.  0.  0.  0.  0.  0.  0.  0. -1.  0.  0.  0.  0.
   0.  0.]
 [ 0.  0.  0.  0.  0.  0.  0.  0.  0.  0.  0.  0.  0.  0.  0.  0.  0.  0.
   0.  0.]
 [ 0.  0.  0.  0.  0.  0.  0.  0.  0.  0.  0.  0.  0.  0.  0.  0.  0.  0.
   0.  0.]
 [ 0.  0.  0.  0.  0.  0.  0.  0. -1.  0.  0.  0.  0.  0.  0.  0. -1.  0.
   0.  0.]
 [ 0.  0.  0.  0.  0.  0.  0.  0.  0. -1.  0.  0.  0.  0.  0.  0.  0. -1.
   0.  0.]
 [ 0.  0.  0.  0.  0.  0.  0.  0.  0.  0.  0.  0.  0.  0.  0.  0.  0.  0.
   0.  0.]
 [ 0.  0.  0.  0.  0.  0.  0.  0.  0.  0.  0.  0.  0.  0.  0.  0.  0.  0.
   0.  0.]
 [ 0.  0.  0.  0.  0.  0.  0.  0.  0.  0.  0.  0. -1.  0.  0.  0.  0.  0.
   0.  0.]
 [ 0.  0.  0.  0.  0.  0.  0.  0.  0.  0.  0.  0.  0. -1.  0.  0.  0.  0.
   0.  0.]
 [ 0.  0.  0.  0.  0.  0.  0.  0.  0.  0.  0.  0.  0.  0.  0.  0.  0.  0.
   0.  0.]
 [ 0.  0.  0.  0.  0.  0.  0.  0.  0.  0.  0.  0.  0.  0.  0.  0.  0.  0.
   0.  0.]]
j - d site pairs =  [(8, 9)]

Build MPO | Nsites =    20 | Nterms =         42 | Algorithm = FastBIP | Cutoff = 1.00e-14
 Site =     0 /    20 .. Mmpo =     5 DW = 0.00e+00 NNZ =        5 SPT = 0.0000 Tmvc = 0.000 T = 0.000
 Site =     1 /    20 .. Mmpo =     5 DW = 0.00e+00 NNZ =        5 SPT = 0.8000 Tmvc = 0.000 T = 0.000
 Site =     2 /    20 .. Mmpo =     6 DW = 0.00e+00 NNZ =        9 SPT = 0.7000 Tmvc = 0.000 T = 0.000
 Site =     3 /    20 .. Mmpo =     6 DW = 0.00e+00 NNZ =        6 SPT = 0.8333 Tmvc = 0.000 T = 0.000
 Site =     4 /    20 .. Mmpo =     6 DW = 0.00e+00 NNZ =       10 SPT = 0.7222 Tmvc = 0.000 T = 0.000
 Site =     5 /    20 .. Mmpo =     6 DW = 0.00e+00 NNZ =        6 SPT = 0.8333 Tmvc = 0.000 T = 0.000
 Site =     6 /    20 .. Mmpo =     6 DW = 0.00e+00 NNZ =       10 SPT = 0.7222 Tmvc = 0.000 T = 0.000
 Site =     7 /    20 .. Mmpo =     6 DW = 0.00e+00 NNZ =        6 SPT = 0.8333 Tmvc = 0.000 T = 0.000
 Site =     8 /    20 .. Mmpo =    10 DW = 0.00e+00 NNZ =       14 SPT = 0.7667 Tmvc = 0.000 T = 0.000
 Site =     9 /    20 .. Mmpo =     6 DW = 0.00e+00 NNZ =       10 SPT = 0.8333 Tmvc = 0.000 T = 0.000
 Site =    10 /    20 .. Mmpo =     6 DW = 0.00e+00 NNZ =       10 SPT = 0.7222 Tmvc = 0.000 T = 0.000
 Site =    11 /    20 .. Mmpo =     6 DW = 0.00e+00 NNZ =        6 SPT = 0.8333 Tmvc = 0.000 T = 0.000
 Site =    12 /    20 .. Mmpo =     6 DW = 0.00e+00 NNZ =       10 SPT = 0.7222 Tmvc = 0.000 T = 0.000
 Site =    13 /    20 .. Mmpo =     6 DW = 0.00e+00 NNZ =        6 SPT = 0.8333 Tmvc = 0.000 T = 0.000
 Site =    14 /    20 .. Mmpo =     6 DW = 0.00e+00 NNZ =       10 SPT = 0.7222 Tmvc = 0.000 T = 0.000
 Site =    15 /    20 .. Mmpo =     6 DW = 0.00e+00 NNZ =        6 SPT = 0.8333 Tmvc = 0.000 T = 0.000
 Site =    16 /    20 .. Mmpo =     5 DW = 0.00e+00 NNZ =        9 SPT = 0.7000 Tmvc = 0.000 T = 0.000
 Site =    17 /    20 .. Mmpo =     5 DW = 0.00e+00 NNZ =        5 SPT = 0.8000 Tmvc = 0.000 T = 0.000
 Site =    18 /    20 .. Mmpo =     1 DW = 0.00e+00 NNZ =        5 SPT = 0.0000 Tmvc = 0.000 T = 0.000
 Site =    19 /    20 .. Mmpo =     1 DW = 0.00e+00 NNZ =        1 SPT = 0.0000 Tmvc = 0.000 T = 0.000
Ttotal =      0.001 Tmvc-total = 0.000 MPO bond dimension =    10 MaxDW = 0.00e+00
NNZ =          149 SIZE =          637 SPT = 0.7661

Rank =     0 Ttotal =      0.018 MPO method = FastBipartite bond dimension =      10 NNZ =          149 SIZE =          637 SPT = 0.7661
Time Evolution  DELTA T = RE      0.00000000 + IM      0.10000000
Time Evolution TARGET T = RE      0.00000000 + IM      1.00000000
Time Evolution   NSTEPS =         10
Environment initialization | Nsites =    20 | Center =    18
 INIT-L --> Site =    1 ..  Bmem =   256 B Rmem =    96 B T = 0.04
 INIT-L --> Site =    2 ..  Bmem =   832 B Rmem =   224 B T = 0.01
 INIT-L --> Site =    3 ..  Bmem = 2.31 KB Rmem =   576 B T = 0.01
 INIT-L --> Site =    4 ..  Bmem = 4.25 KB Rmem =   944 B T = 0.01
 INIT-L --> Site =    5 ..  Bmem = 6.81 KB Rmem = 1.38 KB T = 0.01
 INIT-L --> Site =    6 ..  Bmem = 10.0 KB Rmem = 1.92 KB T = 0.01
 INIT-L --> Site =    7 ..  Bmem = 13.8 KB Rmem = 2.56 KB T = 0.01
 INIT-L --> Site =    8 ..  Bmem = 18.2 KB Rmem = 3.30 KB T = 0.01
 INIT-L --> Site =    9 ..  Bmem = 35.0 KB Rmem = 6.69 KB T = 0.01
 INIT-L --> Site =   10 ..  Bmem = 29.0 KB Rmem = 5.05 KB T = 0.01
 INIT-L --> Site =   11 ..  Bmem = 35.3 KB Rmem = 6.06 KB T = 0.01
 INIT-L --> Site =   12 ..  Bmem = 42.2 KB Rmem = 7.17 KB T = 0.01
 INIT-L --> Site =   13 ..  Bmem = 49.8 KB Rmem = 8.38 KB T = 0.01
 INIT-L --> Site =   14 ..  Bmem = 58.0 KB Rmem = 9.67 KB T = 0.01
 INIT-L --> Site =   15 ..  Bmem = 66.8 KB Rmem = 11.1 KB T = 0.01
 INIT-L --> Site =   16 ..  Bmem = 76.2 KB Rmem = 12.5 KB T = 0.01
 INIT-L --> Site =   17 ..  Bmem = 69.2 KB Rmem = 9.59 KB T = 0.01
 INIT-L --> Site =   18 ..  Bmem = 77.8 KB Rmem = 10.7 KB T = 0.01
Time init sweep =        0.198 | MaxBmem = 76.2 KB | MaxRmem = 12.5 KB
 | Tread = 0.000 | Twrite = 0.054 | Tfpread = 0.000 | Tfpwrite = 0.010 | data = 97.9 KB | cpsd = 26.9 KB | Tasync = 0.000

Sweep =    0 ( 0/ 2) | Direction = backward | Beta = (0.00000,0.10000) | Bond dimension =  100 | Noise =  0.00e+00
 <-- Site =   18-  19 .. Mmps =    2 Nexpo =    4/   0 E = (0.0000000000,0.0000000000) Error = 0.00e+00 FLOPS = 3.28e+04 Texpo = 0.05 T = 0.12
 <-- Site =   17-  18 .. Mmps =    3 Nexpo =    4/   0 E = (0.0000000000,0.0000000000) Error = 0.00e+00 FLOPS = 6.34e+04 Texpo = 0.03 T = 0.07
 <-- Site =   16-  17 .. Mmps =    4 Nexpo =    4/   0 E = (0.0000000000,0.0000000000) Error = 0.00e+00 FLOPS = 3.21e+06 Texpo = 0.00 T = 0.03
 <-- Site =   15-  16 .. Mmps =    5 Nexpo =    4/   0 E = (0.0000000000,0.0000000000) Error = 0.00e+00 FLOPS = 1.13e+05 Texpo = 0.03 T = 0.06
 <-- Site =   14-  15 .. Mmps =    6 Nexpo =    4/   0 E = (0.0000000000,0.0000000000) Error = 0.00e+00 FLOPS = 1.06e+05 Texpo = 0.03 T = 0.06
 <-- Site =   13-  14 .. Mmps =    7 Nexpo =    4/   0 E = (0.0000000000,0.0000000000) Error = 0.00e+00 FLOPS = 1.06e+05 Texpo = 0.03 T = 0.06
 <-- Site =   12-  13 .. Mmps =    8 Nexpo =    4/   0 E = (0.0000000000,0.0000000000) Error = 0.00e+00 FLOPS = 1.03e+05 Texpo = 0.03 T = 0.05
 <-- Site =   11-  12 .. Mmps =    9 Nexpo =    4/   0 E = (0.0000000000,0.0000000000) Error = 0.00e+00 FLOPS = 5.38e+06 Texpo = 0.00 T = 0.03
 <-- Site =   10-  11 .. Mmps =   10 Nexpo =    4/   0 E = (0.0000000000,0.0000000000) Error = 0.00e+00 FLOPS = 5.46e+06 Texpo = 0.00 T = 0.03
 <-- Site =    9-  10 .. Mmps =   11 Nexpo =    4/   0 E = (0.0000000000,0.0000000000) Error = 0.00e+00 FLOPS = 5.11e+06 Texpo = 0.00 T = 0.03
 <-- Site =    8-   9 .. Mmps =   12 Nexpo =    4/   0 E = (0.0000000000,0.0000000000) Error = 0.00e+00 FLOPS = 8.82e+06 Texpo = 0.00 T = 0.03
 <-- Site =    7-   8 .. Mmps =   13 Nexpo =    4/   0 E = (0.0000000000,0.0000000000) Error = 0.00e+00 FLOPS = 9.91e+04 Texpo = 0.03 T = 0.05
 <-- Site =    6-   7 .. Mmps =   14 Nexpo =    4/   0 E = (0.0000000000,0.0000000000) Error = 0.00e+00 FLOPS = 1.04e+05 Texpo = 0.03 T = 0.06
 <-- Site =    5-   6 .. Mmps =   15 Nexpo =    4/   0 E = (0.0000000000,0.0000000000) Error = 0.00e+00 FLOPS = 4.53e+06 Texpo = 0.00 T = 0.03
 <-- Site =    4-   5 .. Mmps =   16 Nexpo =    4/   0 E = (0.0000000000,0.0000000000) Error = 0.00e+00 FLOPS = 1.09e+05 Texpo = 0.03 T = 0.06
 <-- Site =    3-   4 .. Mmps =   17 Nexpo =    4/   0 E = (0.0000000000,0.0000000000) Error = 0.00e+00 FLOPS = 6.34e+06 Texpo = 0.00 T = 0.03
 <-- Site =    2-   3 .. Mmps =   18 Nexpo =    4/   0 E = (0.0000000000,0.0000000000) Error = 0.00e+00 FLOPS = 1.20e+05 Texpo = 0.03 T = 0.05
 <-- Site =    1-   2 .. Mmps =   19 Nexpo =    4/   0 E = (0.0000000000,0.0000000000) Error = 0.00e+00 FLOPS = 3.71e+06 Texpo = 0.00 T = 0.03
 <-- Site =    0-   1 .. Mmps =   20 Nexpo =   12/   0 E = (-1.0163578142,-0.0000000000) Error = 0.00e+00 FLOPS = 1.21e+04 Texpo = 0.44 T = 0.54
Time elapsed =      1.423 | E = (-1.0163578142,-0.0000000000) | Norm^2 =       1.0000000000 | DW = 0.00e+00
Time sweep =        1.423 | 51.4 KFLOP/SWP
 | Tread = 0.017 | Twrite = 0.032 | Tfpread = 0.006 | Tfpwrite = 0.013 | data = 103 KB | cpsd = 31.7 KB | Tasync = 0.000
Sweep =    0 ( 1/ 2) | Direction =  forward | Beta = (0.00000,0.10000) | Bond dimension =  100 | Noise =  0.00e+00
 --> Site =    0-   1 .. Mmps =    2 Nexpo =    4/   0 E = (0.0000000000,0.0000000000) Error = 0.00e+00 FLOPS = 6.14e+04 Texpo = 0.03 T = 0.07
 --> Site =    1-   2 .. Mmps =    3 Nexpo =    4/   0 E = (0.0000000000,0.0000000000) Error = 0.00e+00 FLOPS = 3.49e+06 Texpo = 0.00 T = 0.03
 --> Site =    2-   3 .. Mmps =    4 Nexpo =    4/   0 E = (0.0000000000,0.0000000000) Error = 0.00e+00 FLOPS = 6.06e+06 Texpo = 0.00 T = 0.03
 --> Site =    3-   4 .. Mmps =    5 Nexpo =    4/   0 E = (0.0000000000,0.0000000000) Error = 0.00e+00 FLOPS = 1.09e+05 Texpo = 0.03 T = 0.06
 --> Site =    4-   5 .. Mmps =    6 Nexpo =    4/   0 E = (0.0000000000,0.0000000000) Error = 0.00e+00 FLOPS = 5.86e+06 Texpo = 0.00 T = 0.03
 --> Site =    5-   6 .. Mmps =    7 Nexpo =    4/   0 E = (0.0000000000,0.0000000000) Error = 0.00e+00 FLOPS = 1.11e+05 Texpo = 0.02 T = 0.05
 --> Site =    6-   7 .. Mmps =    8 Nexpo =    4/   0 E = (0.0000000000,0.0000000000) Error = 0.00e+00 FLOPS = 5.45e+06 Texpo = 0.00 T = 0.03
 --> Site =    7-   8 .. Mmps =    9 Nexpo =    4/   0 E = (0.0000000000,0.0000000000) Error = 0.00e+00 FLOPS = 5.40e+06 Texpo = 0.00 T = 0.03
 --> Site =    8-   9 .. Mmps =   10 Nexpo =    4/   0 E = (0.0000000000,0.0000000000) Error = 0.00e+00 FLOPS = 1.55e+05 Texpo = 0.03 T = 0.06
 --> Site =    9-  10 .. Mmps =   11 Nexpo =    4/   0 E = (0.0000000000,0.0000000000) Error = 0.00e+00 FLOPS = 9.38e+04 Texpo = 0.03 T = 0.06
 --> Site =   10-  11 .. Mmps =   12 Nexpo =    4/   0 E = (0.0000000000,0.0000000000) Error = 0.00e+00 FLOPS = 1.05e+05 Texpo = 0.03 T = 0.05
 --> Site =   11-  12 .. Mmps =   13 Nexpo =    4/   0 E = (0.0000000000,0.0000000000) Error = 0.00e+00 FLOPS = 5.16e+04 Texpo = 0.05 T = 0.08
 --> Site =   12-  13 .. Mmps =   14 Nexpo =    4/   0 E = (0.0000000000,0.0000000000) Error = 0.00e+00 FLOPS = 5.54e+06 Texpo = 0.00 T = 0.03
 --> Site =   13-  14 .. Mmps =   15 Nexpo =    4/   0 E = (0.0000000000,0.0000000000) Error = 0.00e+00 FLOPS = 5.31e+06 Texpo = 0.00 T = 0.03
 --> Site =   14-  15 .. Mmps =   16 Nexpo =    4/   0 E = (0.0000000000,0.0000000000) Error = 0.00e+00 FLOPS = 4.31e+06 Texpo = 0.00 T = 0.03
 --> Site =   15-  16 .. Mmps =   17 Nexpo =    4/   0 E = (0.0000000000,0.0000000000) Error = 0.00e+00 FLOPS = 1.03e+05 Texpo = 0.03 T = 0.06
 --> Site =   16-  17 .. Mmps =   18 Nexpo =    4/   0 E = (0.0000000000,0.0000000000) Error = 0.00e+00 FLOPS = 3.98e+06 Texpo = 0.00 T = 0.03
 --> Site =   17-  18 .. Mmps =   19 Nexpo =    4/   0 E = (0.0000000000,0.0000000000) Error = 0.00e+00 FLOPS = 3.30e+04 Texpo = 0.05 T = 0.08
 --> Site =   18-  19 .. Mmps =   20 Nexpo =   12/   0 E = (-1.0163578142,0.0000000000) Error = 0.00e+00 FLOPS = 8.74e+04 Texpo = 0.05 T = 0.08
Time elapsed =      2.319 | E = (-1.0163578142,0.0000000000) | Norm^2 =       1.0000000000 | DW = 0.00e+00
Time sweep =        0.895 | 51.0 KFLOP/SWP
 | Tread = 0.027 | Twrite = 0.032 | Tfpread = 0.009 | Tfpwrite = 0.012 | data = 97.9 KB | cpsd = 35.0 KB | Tasync = 0.000
T =    0.00000 +    0.10000i <E> =   -1.016357814180378 +    0.00000i <Norm^2> =    1.000000000000001 +    0.00000i
Sweep =    0 ( 0/ 2) | Direction = backward | Beta = (0.00000,0.10000) | Bond dimension =  100 | Noise =  0.00e+00
 <-- Site =   18-  19 .. Mmps =    2 Nexpo =    4/   0 E = (0.0000000000,0.0000000000) Error = 0.00e+00 FLOPS = 5.86e+04 Texpo = 0.03 T = 0.22
 <-- Site =   17-  18 .. Mmps =    3 Nexpo =    4/   0 E = (0.0000000000,0.0000000000) Error = 0.00e+00 FLOPS = 4.29e+06 Texpo = 0.00 T = 0.02
 <-- Site =   16-  17 .. Mmps =    4 Nexpo =    4/   0 E = (0.0000000000,0.0000000000) Error = 0.00e+00 FLOPS = 3.90e+06 Texpo = 0.00 T = 0.03
 <-- Site =   15-  16 .. Mmps =    5 Nexpo =    4/   0 E = (0.0000000000,0.0000000000) Error = 0.00e+00 FLOPS = 5.50e+04 Texpo = 0.05 T = 0.08
 <-- Site =   14-  15 .. Mmps =    6 Nexpo =    4/   0 E = (0.0000000000,0.0000000000) Error = 0.00e+00 FLOPS = 1.01e+05 Texpo = 0.03 T = 0.06
 <-- Site =   13-  14 .. Mmps =    7 Nexpo =    4/   0 E = (0.0000000000,0.0000000000) Error = 0.00e+00 FLOPS = 5.38e+06 Texpo = 0.00 T = 0.03
 <-- Site =   12-  13 .. Mmps =    8 Nexpo =    4/   0 E = (0.0000000000,0.0000000000) Error = 0.00e+00 FLOPS = 3.31e+04 Texpo = 0.08 T = 0.11
 <-- Site =   11-  12 .. Mmps =    9 Nexpo =    4/   0 E = (0.0000000000,0.0000000000) Error = 0.00e+00 FLOPS = 5.76e+06 Texpo = 0.00 T = 0.03
 <-- Site =   10-  11 .. Mmps =   10 Nexpo =    4/   0 E = (0.0000000000,0.0000000000) Error = 0.00e+00 FLOPS = 1.03e+05 Texpo = 0.03 T = 0.06
 <-- Site =    9-  10 .. Mmps =   11 Nexpo =    4/   0 E = (0.0000000000,0.0000000000) Error = 0.00e+00 FLOPS = 5.69e+06 Texpo = 0.00 T = 0.03
 <-- Site =    8-   9 .. Mmps =   12 Nexpo =    4/   0 E = (0.0000000000,0.0000000000) Error = 0.00e+00 FLOPS = 8.81e+06 Texpo = 0.00 T = 0.03
 <-- Site =    7-   8 .. Mmps =   13 Nexpo =    4/   0 E = (0.0000000000,0.0000000000) Error = 0.00e+00 FLOPS = 6.06e+06 Texpo = 0.00 T = 0.03
 <-- Site =    6-   7 .. Mmps =   14 Nexpo =    4/   0 E = (0.0000000000,0.0000000000) Error = 0.00e+00 FLOPS = 6.32e+06 Texpo = 0.00 T = 0.03
 <-- Site =    5-   6 .. Mmps =   15 Nexpo =    4/   0 E = (0.0000000000,0.0000000000) Error = 0.00e+00 FLOPS = 5.94e+06 Texpo = 0.00 T = 0.03
 <-- Site =    4-   5 .. Mmps =   16 Nexpo =    4/   0 E = (0.0000000000,0.0000000000) Error = 0.00e+00 FLOPS = 9.92e+04 Texpo = 0.03 T = 0.06
 <-- Site =    3-   4 .. Mmps =   17 Nexpo =    4/   0 E = (0.0000000000,0.0000000000) Error = 0.00e+00 FLOPS = 1.16e+05 Texpo = 0.03 T = 0.05
 <-- Site =    2-   3 .. Mmps =   18 Nexpo =    4/   0 E = (0.0000000000,0.0000000000) Error = 0.00e+00 FLOPS = 1.09e+05 Texpo = 0.03 T = 0.06
 <-- Site =    1-   2 .. Mmps =   19 Nexpo =    4/   0 E = (0.0000000000,0.0000000000) Error = 0.00e+00 FLOPS = 3.91e+06 Texpo = 0.00 T = 0.02
 <-- Site =    0-   1 .. Mmps =   20 Nexpo =   12/   0 E = (-1.0163578142,-0.0000000000) Error = 0.00e+00 FLOPS = 4.09e+06 Texpo = 0.00 T = 0.05
Time elapsed =      1.039 | E = (-1.0163578142,-0.0000000000) | Norm^2 =       1.0000000000 | DW = 0.00e+00
Time sweep =        1.039 | 51.4 KFLOP/SWP
 | Tread = 0.017 | Twrite = 0.035 | Tfpread = 0.006 | Tfpwrite = 0.013 | data = 103 KB | cpsd = 31.9 KB | Tasync = 0.000
Sweep =    0 ( 1/ 2) | Direction =  forward | Beta = (0.00000,0.10000) | Bond dimension =  100 | Noise =  0.00e+00
 --> Site =    0-   1 .. Mmps =    2 Nexpo =    4/   0 E = (0.0000000000,0.0000000000) Error = 0.00e+00 FLOPS = 6.67e+04 Texpo = 0.03 T = 0.04
 --> Site =    1-   2 .. Mmps =    3 Nexpo =    4/   0 E = (0.0000000000,0.0000000000) Error = 0.00e+00 FLOPS = 6.12e+04 Texpo = 0.03 T = 0.06
 --> Site =    2-   3 .. Mmps =    4 Nexpo =    4/   0 E = (0.0000000000,0.0000000000) Error = 0.00e+00 FLOPS = 1.12e+05 Texpo = 0.03 T = 0.06
 --> Site =    3-   4 .. Mmps =    5 Nexpo =    4/   0 E = (0.0000000000,0.0000000000) Error = 0.00e+00 FLOPS = 5.93e+06 Texpo = 0.00 T = 0.03
 --> Site =    4-   5 .. Mmps =    6 Nexpo =    4/   0 E = (0.0000000000,0.0000000000) Error = 0.00e+00 FLOPS = 5.55e+06 Texpo = 0.00 T = 0.03
 --> Site =    5-   6 .. Mmps =    7 Nexpo =    4/   0 E = (0.0000000000,0.0000000000) Error = 0.00e+00 FLOPS = 5.15e+06 Texpo = 0.00 T = 0.03
 --> Site =    6-   7 .. Mmps =    8 Nexpo =    4/   0 E = (0.0000000000,0.0000000000) Error = 0.00e+00 FLOPS = 5.92e+06 Texpo = 0.00 T = 0.03
 --> Site =    7-   8 .. Mmps =    9 Nexpo =    4/   0 E = (0.0000000000,0.0000000000) Error = 0.00e+00 FLOPS = 5.72e+06 Texpo = 0.00 T = 0.03
 --> Site =    8-   9 .. Mmps =   10 Nexpo =    4/   0 E = (0.0000000000,0.0000000000) Error = 0.00e+00 FLOPS = 1.54e+05 Texpo = 0.03 T = 0.06
 --> Site =    9-  10 .. Mmps =   11 Nexpo =    4/   0 E = (0.0000000000,0.0000000000) Error = 0.00e+00 FLOPS = 5.44e+06 Texpo = 0.00 T = 0.03
 --> Site =   10-  11 .. Mmps =   12 Nexpo =    4/   0 E = (0.0000000000,0.0000000000) Error = 0.00e+00 FLOPS = 5.39e+06 Texpo = 0.00 T = 0.03
 --> Site =   11-  12 .. Mmps =   13 Nexpo =    4/   0 E = (0.0000000000,0.0000000000) Error = 0.00e+00 FLOPS = 9.49e+04 Texpo = 0.03 T = 0.06
 --> Site =   12-  13 .. Mmps =   14 Nexpo =    4/   0 E = (0.0000000000,0.0000000000) Error = 0.00e+00 FLOPS = 5.32e+06 Texpo = 0.00 T = 0.03
 --> Site =   13-  14 .. Mmps =   15 Nexpo =    4/   0 E = (0.0000000000,0.0000000000) Error = 0.00e+00 FLOPS = 1.04e+05 Texpo = 0.03 T = 0.06
 --> Site =   14-  15 .. Mmps =   16 Nexpo =    4/   0 E = (0.0000000000,0.0000000000) Error = 0.00e+00 FLOPS = 1.13e+05 Texpo = 0.03 T = 0.06
 --> Site =   15-  16 .. Mmps =   17 Nexpo =    4/   0 E = (0.0000000000,0.0000000000) Error = 0.00e+00 FLOPS = 1.12e+05 Texpo = 0.03 T = 0.06
 --> Site =   16-  17 .. Mmps =   18 Nexpo =    4/   0 E = (0.0000000000,0.0000000000) Error = 0.00e+00 FLOPS = 3.95e+06 Texpo = 0.00 T = 0.03
 --> Site =   17-  18 .. Mmps =   19 Nexpo =    4/   0 E = (0.0000000000,0.0000000000) Error = 0.00e+00 FLOPS = 6.50e+04 Texpo = 0.03 T = 0.06
 --> Site =   18-  19 .. Mmps =   20 Nexpo =   12/   0 E = (-1.0163578142,0.0000000000) Error = 0.00e+00 FLOPS = 5.81e+04 Texpo = 0.08 T = 0.11
Time elapsed =      1.939 | E = (-1.0163578142,0.0000000000) | Norm^2 =       1.0000000000 | DW = 0.00e+00
Time sweep =        0.899 | 51.0 KFLOP/SWP
 | Tread = 0.031 | Twrite = 0.037 | Tfpread = 0.010 | Tfpwrite = 0.015 | data = 97.9 KB | cpsd = 35.0 KB | Tasync = 0.000
T =    0.00000 +    0.20000i <E> =   -1.016357814180379 +    0.00000i <Norm^2> =    1.000000000000002 +    0.00000i
Sweep =    0 ( 0/ 2) | Direction = backward | Beta = (0.00000,0.10000) | Bond dimension =  100 | Noise =  0.00e+00
 <-- Site =   18-  19 .. Mmps =    2 Nexpo =    4/   0 E = (0.0000000000,0.0000000000) Error = 0.00e+00 FLOPS = 3.74e+06 Texpo = 0.00 T = 0.02
 <-- Site =   17-  18 .. Mmps =    3 Nexpo =    4/   0 E = (0.0000000000,0.0000000000) Error = 0.00e+00 FLOPS = 4.18e+06 Texpo = 0.00 T = 0.03
 <-- Site =   16-  17 .. Mmps =    4 Nexpo =    4/   0 E = (0.0000000000,0.0000000000) Error = 0.00e+00 FLOPS = 4.22e+06 Texpo = 0.00 T = 0.03
 <-- Site =   15-  16 .. Mmps =    5 Nexpo =    4/   0 E = (0.0000000000,0.0000000000) Error = 0.00e+00 FLOPS = 1.14e+05 Texpo = 0.03 T = 0.05
 <-- Site =   14-  15 .. Mmps =    6 Nexpo =    4/   0 E = (0.0000000000,0.0000000000) Error = 0.00e+00 FLOPS = 1.07e+05 Texpo = 0.03 T = 0.06
 <-- Site =   13-  14 .. Mmps =    7 Nexpo =    4/   0 E = (0.0000000000,0.0000000000) Error = 0.00e+00 FLOPS = 1.02e+05 Texpo = 0.03 T = 0.05
 <-- Site =   12-  13 .. Mmps =    8 Nexpo =    4/   0 E = (0.0000000000,0.0000000000) Error = 0.00e+00 FLOPS = 9.52e+04 Texpo = 0.03 T = 0.06
 <-- Site =   11-  12 .. Mmps =    9 Nexpo =    4/   0 E = (0.0000000000,0.0000000000) Error = 0.00e+00 FLOPS = 9.96e+04 Texpo = 0.03 T = 0.05
 <-- Site =   10-  11 .. Mmps =   10 Nexpo =    4/   0 E = (0.0000000000,0.0000000000) Error = 0.00e+00 FLOPS = 5.59e+06 Texpo = 0.00 T = 0.03
 <-- Site =    9-  10 .. Mmps =   11 Nexpo =    4/   0 E = (0.0000000000,0.0000000000) Error = 0.00e+00 FLOPS = 4.96e+06 Texpo = 0.00 T = 0.06
 <-- Site =    8-   9 .. Mmps =   12 Nexpo =    4/   0 E = (0.0000000000,0.0000000000) Error = 0.00e+00 FLOPS = 5.28e+06 Texpo = 0.00 T = 0.04
 <-- Site =    7-   8 .. Mmps =   13 Nexpo =    4/   0 E = (0.0000000000,0.0000000000) Error = 0.00e+00 FLOPS = 1.03e+05 Texpo = 0.03 T = 0.05
 <-- Site =    6-   7 .. Mmps =   14 Nexpo =    4/   0 E = (0.0000000000,0.0000000000) Error = 0.00e+00 FLOPS = 5.50e+06 Texpo = 0.00 T = 0.03
 <-- Site =    5-   6 .. Mmps =   15 Nexpo =    4/   0 E = (0.0000000000,0.0000000000) Error = 0.00e+00 FLOPS = 5.11e+06 Texpo = 0.00 T = 0.03
 <-- Site =    4-   5 .. Mmps =   16 Nexpo =    4/   0 E = (0.0000000000,0.0000000000) Error = 0.00e+00 FLOPS = 5.65e+06 Texpo = 0.00 T = 0.03
 <-- Site =    3-   4 .. Mmps =   17 Nexpo =    4/   0 E = (0.0000000000,0.0000000000) Error = 0.00e+00 FLOPS = 6.23e+06 Texpo = 0.00 T = 0.03
 <-- Site =    2-   3 .. Mmps =   18 Nexpo =    4/   0 E = (0.0000000000,0.0000000000) Error = 0.00e+00 FLOPS = 6.15e+06 Texpo = 0.00 T = 0.03
 <-- Site =    1-   2 .. Mmps =   19 Nexpo =    4/   0 E = (0.0000000000,0.0000000000) Error = 0.00e+00 FLOPS = 3.55e+06 Texpo = 0.00 T = 0.03
 <-- Site =    0-   1 .. Mmps =   20 Nexpo =   12/   0 E = (-1.0163578142,-0.0000000000) Error = 0.00e+00 FLOPS = 1.04e+05 Texpo = 0.05 T = 0.13
Time elapsed =      0.834 | E = (-1.0163578142,-0.0000000000) | Norm^2 =       1.0000000000 | DW = 0.00e+00
Time sweep =        0.834 | 51.4 KFLOP/SWP
 | Tread = 0.016 | Twrite = 0.032 | Tfpread = 0.006 | Tfpwrite = 0.012 | data = 103 KB | cpsd = 30.7 KB | Tasync = 0.000
Sweep =    0 ( 1/ 2) | Direction =  forward | Beta = (0.00000,0.10000) | Bond dimension =  100 | Noise =  0.00e+00
 --> Site =    0-   1 .. Mmps =    2 Nexpo =    4/   0 E = (0.0000000000,0.0000000000) Error = 0.00e+00 FLOPS = 3.90e+06 Texpo = 0.00 T = 0.02
 --> Site =    1-   2 .. Mmps =    3 Nexpo =    4/   0 E = (0.0000000000,0.0000000000) Error = 0.00e+00 FLOPS = 6.44e+04 Texpo = 0.03 T = 0.06
 --> Site =    2-   3 .. Mmps =    4 Nexpo =    4/   0 E = (0.0000000000,0.0000000000) Error = 0.00e+00 FLOPS = 1.11e+05 Texpo = 0.03 T = 0.06
 --> Site =    3-   4 .. Mmps =    5 Nexpo =    4/   0 E = (0.0000000000,0.0000000000) Error = 0.00e+00 FLOPS = 1.08e+05 Texpo = 0.03 T = 0.06
 --> Site =    4-   5 .. Mmps =    6 Nexpo =    4/   0 E = (0.0000000000,0.0000000000) Error = 0.00e+00 FLOPS = 1.05e+05 Texpo = 0.03 T = 0.06
 --> Site =    5-   6 .. Mmps =    7 Nexpo =    4/   0 E = (0.0000000000,0.0000000000) Error = 0.00e+00 FLOPS = 5.60e+06 Texpo = 0.00 T = 0.03
 --> Site =    6-   7 .. Mmps =    8 Nexpo =    4/   0 E = (0.0000000000,0.0000000000) Error = 0.00e+00 FLOPS = 1.08e+05 Texpo = 0.03 T = 0.06
 --> Site =    7-   8 .. Mmps =    9 Nexpo =    4/   0 E = (0.0000000000,0.0000000000) Error = 0.00e+00 FLOPS = 9.31e+04 Texpo = 0.03 T = 0.06
 --> Site =    8-   9 .. Mmps =   10 Nexpo =    4/   0 E = (0.0000000000,0.0000000000) Error = 0.00e+00 FLOPS = 1.61e+05 Texpo = 0.03 T = 0.06
 --> Site =    9-  10 .. Mmps =   11 Nexpo =    4/   0 E = (0.0000000000,0.0000000000) Error = 0.00e+00 FLOPS = 9.72e+04 Texpo = 0.03 T = 0.06
 --> Site =   10-  11 .. Mmps =   12 Nexpo =    4/   0 E = (0.0000000000,0.0000000000) Error = 0.00e+00 FLOPS = 5.16e+04 Texpo = 0.05 T = 0.09
 --> Site =   11-  12 .. Mmps =   13 Nexpo =    4/   0 E = (0.0000000000,0.0000000000) Error = 0.00e+00 FLOPS = 5.22e+04 Texpo = 0.05 T = 0.08
 --> Site =   12-  13 .. Mmps =   14 Nexpo =    4/   0 E = (0.0000000000,0.0000000000) Error = 0.00e+00 FLOPS = 1.01e+05 Texpo = 0.03 T = 0.06
 --> Site =   13-  14 .. Mmps =   15 Nexpo =    4/   0 E = (0.0000000000,0.0000000000) Error = 0.00e+00 FLOPS = 9.87e+04 Texpo = 0.03 T = 0.06
 --> Site =   14-  15 .. Mmps =   16 Nexpo =    4/   0 E = (0.0000000000,0.0000000000) Error = 0.00e+00 FLOPS = 9.88e+04 Texpo = 0.03 T = 0.06
 --> Site =   15-  16 .. Mmps =   17 Nexpo =    4/   0 E = (0.0000000000,0.0000000000) Error = 0.00e+00 FLOPS = 1.10e+05 Texpo = 0.03 T = 0.06
 --> Site =   16-  17 .. Mmps =   18 Nexpo =    4/   0 E = (0.0000000000,0.0000000000) Error = 0.00e+00 FLOPS = 4.03e+06 Texpo = 0.00 T = 0.03
 --> Site =   17-  18 .. Mmps =   19 Nexpo =    4/   0 E = (0.0000000000,0.0000000000) Error = 0.00e+00 FLOPS = 3.14e+04 Texpo = 0.06 T = 0.09
 --> Site =   18-  19 .. Mmps =   20 Nexpo =   12/   0 E = (-1.0163578142,0.0000000000) Error = 0.00e+00 FLOPS = 7.50e+04 Texpo = 0.06 T = 0.09
Time elapsed =      1.962 | E = (-1.0163578142,0.0000000000) | Norm^2 =       1.0000000000 | DW = 0.00e+00
Time sweep =        1.128 | 51.0 KFLOP/SWP
 | Tread = 0.031 | Twrite = 0.037 | Tfpread = 0.011 | Tfpwrite = 0.014 | data = 97.9 KB | cpsd = 34.2 KB | Tasync = 0.000
T =    0.00000 +    0.30000i <E> =   -1.016357814180377 +    0.00000i <Norm^2> =    1.000000000000004 +    0.00000i
Sweep =    0 ( 0/ 2) | Direction = backward | Beta = (0.00000,0.10000) | Bond dimension =  100 | Noise =  0.00e+00
 <-- Site =   18-  19 .. Mmps =    2 Nexpo =    4/   0 E = (0.0000000000,0.0000000000) Error = 0.00e+00 FLOPS = 3.29e+04 Texpo = 0.05 T = 0.07
 <-- Site =   17-  18 .. Mmps =    3 Nexpo =    4/   0 E = (0.0000000000,0.0000000000) Error = 0.00e+00 FLOPS = 6.46e+04 Texpo = 0.03 T = 0.06
 <-- Site =   16-  17 .. Mmps =    4 Nexpo =    4/   0 E = (0.0000000000,0.0000000000) Error = 0.00e+00 FLOPS = 3.81e+06 Texpo = 0.00 T = 0.04
 <-- Site =   15-  16 .. Mmps =    5 Nexpo =    4/   0 E = (0.0000000000,0.0000000000) Error = 0.00e+00 FLOPS = 5.51e+06 Texpo = 0.00 T = 0.03
 <-- Site =   14-  15 .. Mmps =    6 Nexpo =    4/   0 E = (0.0000000000,0.0000000000) Error = 0.00e+00 FLOPS = 9.72e+04 Texpo = 0.03 T = 0.06
 <-- Site =   13-  14 .. Mmps =    7 Nexpo =    4/   0 E = (0.0000000000,0.0000000000) Error = 0.00e+00 FLOPS = 9.70e+04 Texpo = 0.03 T = 0.06
 <-- Site =   12-  13 .. Mmps =    8 Nexpo =    4/   0 E = (0.0000000000,0.0000000000) Error = 0.00e+00 FLOPS = 9.64e+04 Texpo = 0.03 T = 0.06
 <-- Site =   11-  12 .. Mmps =    9 Nexpo =    4/   0 E = (0.0000000000,0.0000000000) Error = 0.00e+00 FLOPS = 5.52e+06 Texpo = 0.00 T = 0.03
 <-- Site =   10-  11 .. Mmps =   10 Nexpo =    4/   0 E = (0.0000000000,0.0000000000) Error = 0.00e+00 FLOPS = 9.98e+04 Texpo = 0.03 T = 0.06
 <-- Site =    9-  10 .. Mmps =   11 Nexpo =    4/   0 E = (0.0000000000,0.0000000000) Error = 0.00e+00 FLOPS = 4.98e+04 Texpo = 0.05 T = 0.09
 <-- Site =    8-   9 .. Mmps =   12 Nexpo =    4/   0 E = (0.0000000000,0.0000000000) Error = 0.00e+00 FLOPS = 1.75e+05 Texpo = 0.03 T = 0.06
 <-- Site =    7-   8 .. Mmps =   13 Nexpo =    4/   0 E = (0.0000000000,0.0000000000) Error = 0.00e+00 FLOPS = 5.68e+06 Texpo = 0.00 T = 0.03
 <-- Site =    6-   7 .. Mmps =   14 Nexpo =    4/   0 E = (0.0000000000,0.0000000000) Error = 0.00e+00 FLOPS = 9.57e+04 Texpo = 0.03 T = 0.06
 <-- Site =    5-   6 .. Mmps =   15 Nexpo =    4/   0 E = (0.0000000000,0.0000000000) Error = 0.00e+00 FLOPS = 2.02e+05 Texpo = 0.01 T = 0.04
 <-- Site =    4-   5 .. Mmps =   16 Nexpo =    4/   0 E = (0.0000000000,0.0000000000) Error = 0.00e+00 FLOPS = 5.92e+06 Texpo = 0.00 T = 0.03
 <-- Site =    3-   4 .. Mmps =   17 Nexpo =    4/   0 E = (0.0000000000,0.0000000000) Error = 0.00e+00 FLOPS = 1.05e+05 Texpo = 0.03 T = 0.06
 <-- Site =    2-   3 .. Mmps =   18 Nexpo =    4/   0 E = (0.0000000000,0.0000000000) Error = 0.00e+00 FLOPS = 1.20e+05 Texpo = 0.03 T = 0.06
 <-- Site =    1-   2 .. Mmps =   19 Nexpo =    4/   0 E = (0.0000000000,0.0000000000) Error = 0.00e+00 FLOPS = 6.33e+04 Texpo = 0.03 T = 0.06
 <-- Site =    0-   1 .. Mmps =   20 Nexpo =   12/   0 E = (-1.0163578142,-0.0000000000) Error = 0.00e+00 FLOPS = 1.83e+05 Texpo = 0.03 T = 0.05
Time elapsed =      1.022 | E = (-1.0163578142,-0.0000000000) | Norm^2 =       1.0000000000 | DW = 0.00e+00
Time sweep =        1.022 | 51.4 KFLOP/SWP
 | Tread = 0.019 | Twrite = 0.039 | Tfpread = 0.007 | Tfpwrite = 0.015 | data = 103 KB | cpsd = 30.9 KB | Tasync = 0.000
Sweep =    0 ( 1/ 2) | Direction =  forward | Beta = (0.00000,0.10000) | Bond dimension =  100 | Noise =  0.00e+00
 --> Site =    0-   1 .. Mmps =    2 Nexpo =    4/   0 E = (0.0000000000,0.0000000000) Error = 0.00e+00 FLOPS = 3.96e+06 Texpo = 0.00 T = 0.02
 --> Site =    1-   2 .. Mmps =    3 Nexpo =    4/   0 E = (0.0000000000,0.0000000000) Error = 0.00e+00 FLOPS = 3.25e+04 Texpo = 0.05 T = 0.08
 --> Site =    2-   3 .. Mmps =    4 Nexpo =    4/   0 E = (0.0000000000,0.0000000000) Error = 0.00e+00 FLOPS = 6.62e+06 Texpo = 0.00 T = 0.03
 --> Site =    3-   4 .. Mmps =    5 Nexpo =    4/   0 E = (0.0000000000,0.0000000000) Error = 0.00e+00 FLOPS = 6.11e+06 Texpo = 0.00 T = 0.03
 --> Site =    4-   5 .. Mmps =    6 Nexpo =    4/   0 E = (0.0000000000,0.0000000000) Error = 0.00e+00 FLOPS = 5.84e+06 Texpo = 0.00 T = 0.03
 --> Site =    5-   6 .. Mmps =    7 Nexpo =    4/   0 E = (0.0000000000,0.0000000000) Error = 0.00e+00 FLOPS = 5.80e+06 Texpo = 0.00 T = 0.03
 --> Site =    6-   7 .. Mmps =    8 Nexpo =    4/   0 E = (0.0000000000,0.0000000000) Error = 0.00e+00 FLOPS = 1.06e+05 Texpo = 0.03 T = 0.05
 --> Site =    7-   8 .. Mmps =    9 Nexpo =    4/   0 E = (0.0000000000,0.0000000000) Error = 0.00e+00 FLOPS = 9.97e+04 Texpo = 0.03 T = 0.07
 --> Site =    8-   9 .. Mmps =   10 Nexpo =    4/   0 E = (0.0000000000,0.0000000000) Error = 0.00e+00 FLOPS = 8.32e+06 Texpo = 0.00 T = 0.03
 --> Site =    9-  10 .. Mmps =   11 Nexpo =    4/   0 E = (0.0000000000,0.0000000000) Error = 0.00e+00 FLOPS = 9.37e+04 Texpo = 0.03 T = 0.05
 --> Site =   10-  11 .. Mmps =   12 Nexpo =    4/   0 E = (0.0000000000,0.0000000000) Error = 0.00e+00 FLOPS = 4.93e+04 Texpo = 0.05 T = 0.08
 --> Site =   11-  12 .. Mmps =   13 Nexpo =    4/   0 E = (0.0000000000,0.0000000000) Error = 0.00e+00 FLOPS = 5.25e+06 Texpo = 0.00 T = 0.03
 --> Site =   12-  13 .. Mmps =   14 Nexpo =    4/   0 E = (0.0000000000,0.0000000000) Error = 0.00e+00 FLOPS = 1.02e+05 Texpo = 0.03 T = 0.06
 --> Site =   13-  14 .. Mmps =   15 Nexpo =    4/   0 E = (0.0000000000,0.0000000000) Error = 0.00e+00 FLOPS = 4.41e+06 Texpo = 0.00 T = 0.03
 --> Site =   14-  15 .. Mmps =   16 Nexpo =    4/   0 E = (0.0000000000,0.0000000000) Error = 0.00e+00 FLOPS = 1.04e+05 Texpo = 0.03 T = 0.06
 --> Site =   15-  16 .. Mmps =   17 Nexpo =    4/   0 E = (0.0000000000,0.0000000000) Error = 0.00e+00 FLOPS = 6.19e+06 Texpo = 0.00 T = 0.03
 --> Site =   16-  17 .. Mmps =   18 Nexpo =    4/   0 E = (0.0000000000,0.0000000000) Error = 0.00e+00 FLOPS = 3.99e+06 Texpo = 0.00 T = 0.03
 --> Site =   17-  18 .. Mmps =   19 Nexpo =    4/   0 E = (0.0000000000,0.0000000000) Error = 0.00e+00 FLOPS = 7.00e+04 Texpo = 0.03 T = 0.05
 --> Site =   18-  19 .. Mmps =   20 Nexpo =   12/   0 E = (-1.0163578142,-0.0000000000) Error = 0.00e+00 FLOPS = 4.02e+06 Texpo = 0.00 T = 0.03
Time elapsed =      1.861 | E = (-1.0163578142,-0.0000000000) | Norm^2 =       1.0000000000 | DW = 0.00e+00
Time sweep =        0.838 | 51.0 KFLOP/SWP
 | Tread = 0.031 | Twrite = 0.036 | Tfpread = 0.010 | Tfpwrite = 0.014 | data = 97.9 KB | cpsd = 35.0 KB | Tasync = 0.000
T =    0.00000 +    0.40000i <E> =   -1.016357814180376 +   -0.00000i <Norm^2> =    1.000000000000005 +    0.00000i
Sweep =    0 ( 0/ 2) | Direction = backward | Beta = (0.00000,0.10000) | Bond dimension =  100 | Noise =  0.00e+00
 <-- Site =   18-  19 .. Mmps =    2 Nexpo =    4/   0 E = (0.0000000000,0.0000000000) Error = 0.00e+00 FLOPS = 4.05e+06 Texpo = 0.00 T = 0.02
 <-- Site =   17-  18 .. Mmps =    3 Nexpo =    4/   0 E = (0.0000000000,0.0000000000) Error = 0.00e+00 FLOPS = 3.98e+06 Texpo = 0.00 T = 0.03
 <-- Site =   16-  17 .. Mmps =    4 Nexpo =    4/   0 E = (0.0000000000,0.0000000000) Error = 0.00e+00 FLOPS = 3.91e+06 Texpo = 0.00 T = 0.03
 <-- Site =   15-  16 .. Mmps =    5 Nexpo =    4/   0 E = (0.0000000000,0.0000000000) Error = 0.00e+00 FLOPS = 1.18e+05 Texpo = 0.02 T = 0.05
 <-- Site =   14-  15 .. Mmps =    6 Nexpo =    4/   0 E = (0.0000000000,0.0000000000) Error = 0.00e+00 FLOPS = 5.72e+06 Texpo = 0.00 T = 0.03
 <-- Site =   13-  14 .. Mmps =    7 Nexpo =    4/   0 E = (0.0000000000,0.0000000000) Error = 0.00e+00 FLOPS = 6.50e+06 Texpo = 0.00 T = 0.03
 <-- Site =   12-  13 .. Mmps =    8 Nexpo =    4/   0 E = (0.0000000000,0.0000000000) Error = 0.00e+00 FLOPS = 9.89e+04 Texpo = 0.03 T = 0.06
 <-- Site =   11-  12 .. Mmps =    9 Nexpo =    4/   0 E = (0.0000000000,0.0000000000) Error = 0.00e+00 FLOPS = 6.50e+06 Texpo = 0.00 T = 0.03
 <-- Site =   10-  11 .. Mmps =   10 Nexpo =    4/   0 E = (0.0000000000,0.0000000000) Error = 0.00e+00 FLOPS = 1.06e+05 Texpo = 0.02 T = 0.06
 <-- Site =    9-  10 .. Mmps =   11 Nexpo =    4/   0 E = (0.0000000000,0.0000000000) Error = 0.00e+00 FLOPS = 5.32e+06 Texpo = 0.00 T = 0.03
 <-- Site =    8-   9 .. Mmps =   12 Nexpo =    4/   0 E = (0.0000000000,0.0000000000) Error = 0.00e+00 FLOPS = 8.61e+06 Texpo = 0.00 T = 0.03
 <-- Site =    7-   8 .. Mmps =   13 Nexpo =    4/   0 E = (0.0000000000,0.0000000000) Error = 0.00e+00 FLOPS = 5.86e+06 Texpo = 0.00 T = 0.03
 <-- Site =    6-   7 .. Mmps =   14 Nexpo =    4/   0 E = (0.0000000000,0.0000000000) Error = 0.00e+00 FLOPS = 1.07e+05 Texpo = 0.03 T = 0.05
 <-- Site =    5-   6 .. Mmps =   15 Nexpo =    4/   0 E = (0.0000000000,0.0000000000) Error = 0.00e+00 FLOPS = 6.34e+06 Texpo = 0.00 T = 0.03
 <-- Site =    4-   5 .. Mmps =   16 Nexpo =    4/   0 E = (0.0000000000,0.0000000000) Error = 0.00e+00 FLOPS = 5.75e+06 Texpo = 0.00 T = 0.03
 <-- Site =    3-   4 .. Mmps =   17 Nexpo =    4/   0 E = (0.0000000000,0.0000000000) Error = 0.00e+00 FLOPS = 6.35e+06 Texpo = 0.00 T = 0.03
 <-- Site =    2-   3 .. Mmps =   18 Nexpo =    4/   0 E = (0.0000000000,0.0000000000) Error = 0.00e+00 FLOPS = 1.12e+05 Texpo = 0.03 T = 0.06
 <-- Site =    1-   2 .. Mmps =   19 Nexpo =    4/   0 E = (0.0000000000,0.0000000000) Error = 0.00e+00 FLOPS = 6.55e+04 Texpo = 0.03 T = 0.06
 <-- Site =    0-   1 .. Mmps =   20 Nexpo =   12/   0 E = (-1.0163578142,-0.0000000000) Error = 0.00e+00 FLOPS = 6.48e+04 Texpo = 0.08 T = 0.14
Time elapsed =      0.815 | E = (-1.0163578142,-0.0000000000) | Norm^2 =       1.0000000000 | DW = 0.00e+00
Time sweep =        0.815 | 51.4 KFLOP/SWP
 | Tread = 0.018 | Twrite = 0.039 | Tfpread = 0.007 | Tfpwrite = 0.014 | data = 103 KB | cpsd = 31.4 KB | Tasync = 0.000
Sweep =    0 ( 1/ 2) | Direction =  forward | Beta = (0.00000,0.10000) | Bond dimension =  100 | Noise =  0.00e+00
 --> Site =    0-   1 .. Mmps =    2 Nexpo =    4/   0 E = (0.0000000000,0.0000000000) Error = 0.00e+00 FLOPS = 6.78e+04 Texpo = 0.03 T = 0.05
 --> Site =    1-   2 .. Mmps =    3 Nexpo =    4/   0 E = (0.0000000000,0.0000000000) Error = 0.00e+00 FLOPS = 4.06e+06 Texpo = 0.00 T = 0.03
 --> Site =    2-   3 .. Mmps =    4 Nexpo =    4/   0 E = (0.0000000000,0.0000000000) Error = 0.00e+00 FLOPS = 5.93e+06 Texpo = 0.00 T = 0.03
 --> Site =    3-   4 .. Mmps =    5 Nexpo =    4/   0 E = (0.0000000000,0.0000000000) Error = 0.00e+00 FLOPS = 1.12e+05 Texpo = 0.03 T = 0.06
 --> Site =    4-   5 .. Mmps =    6 Nexpo =    4/   0 E = (0.0000000000,0.0000000000) Error = 0.00e+00 FLOPS = 5.22e+06 Texpo = 0.00 T = 0.03
 --> Site =    5-   6 .. Mmps =    7 Nexpo =    4/   0 E = (0.0000000000,0.0000000000) Error = 0.00e+00 FLOPS = 5.62e+06 Texpo = 0.00 T = 0.03
 --> Site =    6-   7 .. Mmps =    8 Nexpo =    4/   0 E = (0.0000000000,0.0000000000) Error = 0.00e+00 FLOPS = 5.15e+06 Texpo = 0.00 T = 0.03
 --> Site =    7-   8 .. Mmps =    9 Nexpo =    4/   0 E = (0.0000000000,0.0000000000) Error = 0.00e+00 FLOPS = 5.35e+06 Texpo = 0.00 T = 0.03
 --> Site =    8-   9 .. Mmps =   10 Nexpo =    4/   0 E = (0.0000000000,0.0000000000) Error = 0.00e+00 FLOPS = 1.57e+05 Texpo = 0.03 T = 0.06
 --> Site =    9-  10 .. Mmps =   11 Nexpo =    4/   0 E = (0.0000000000,0.0000000000) Error = 0.00e+00 FLOPS = 5.11e+06 Texpo = 0.00 T = 0.03
 --> Site =   10-  11 .. Mmps =   12 Nexpo =    4/   0 E = (0.0000000000,0.0000000000) Error = 0.00e+00 FLOPS = 1.04e+05 Texpo = 0.03 T = 0.06
 --> Site =   11-  12 .. Mmps =   13 Nexpo =    4/   0 E = (0.0000000000,0.0000000000) Error = 0.00e+00 FLOPS = 5.81e+06 Texpo = 0.00 T = 0.03
 --> Site =   12-  13 .. Mmps =   14 Nexpo =    4/   0 E = (0.0000000000,0.0000000000) Error = 0.00e+00 FLOPS = 5.70e+06 Texpo = 0.00 T = 0.03
 --> Site =   13-  14 .. Mmps =   15 Nexpo =    4/   0 E = (0.0000000000,0.0000000000) Error = 0.00e+00 FLOPS = 6.08e+06 Texpo = 0.00 T = 0.03
 --> Site =   14-  15 .. Mmps =   16 Nexpo =    4/   0 E = (0.0000000000,0.0000000000) Error = 0.00e+00 FLOPS = 1.06e+05 Texpo = 0.03 T = 0.06
 --> Site =   15-  16 .. Mmps =   17 Nexpo =    4/   0 E = (0.0000000000,0.0000000000) Error = 0.00e+00 FLOPS = 1.17e+05 Texpo = 0.02 T = 0.05
 --> Site =   16-  17 .. Mmps =   18 Nexpo =    4/   0 E = (0.0000000000,0.0000000000) Error = 0.00e+00 FLOPS = 6.58e+04 Texpo = 0.03 T = 0.06
 --> Site =   17-  18 .. Mmps =   19 Nexpo =    4/   0 E = (0.0000000000,0.0000000000) Error = 0.00e+00 FLOPS = 3.89e+06 Texpo = 0.00 T = 0.03
 --> Site =   18-  19 .. Mmps =   20 Nexpo =   12/   0 E = (-1.0163578142,-0.0000000000) Error = 0.00e+00 FLOPS = 8.48e+04 Texpo = 0.05 T = 0.08
Time elapsed =      1.627 | E = (-1.0163578142,-0.0000000000) | Norm^2 =       1.0000000000 | DW = 0.00e+00
Time sweep =        0.812 | 51.0 KFLOP/SWP
 | Tread = 0.031 | Twrite = 0.037 | Tfpread = 0.011 | Tfpwrite = 0.014 | data = 97.9 KB | cpsd = 35.4 KB | Tasync = 0.000
T =    0.00000 +    0.50000i <E> =   -1.016357814180377 +   -0.00000i <Norm^2> =    1.000000000000007 +    0.00000i
Sweep =    0 ( 0/ 2) | Direction = backward | Beta = (0.00000,0.10000) | Bond dimension =  100 | Noise =  0.00e+00
 <-- Site =   18-  19 .. Mmps =    2 Nexpo =    4/   0 E = (0.0000000000,0.0000000000) Error = 0.00e+00 FLOPS = 5.99e+04 Texpo = 0.03 T = 0.05
 <-- Site =   17-  18 .. Mmps =    3 Nexpo =    4/   0 E = (0.0000000000,0.0000000000) Error = 0.00e+00 FLOPS = 4.18e+06 Texpo = 0.00 T = 0.10
 <-- Site =   16-  17 .. Mmps =    4 Nexpo =    4/   0 E = (0.0000000000,0.0000000000) Error = 0.00e+00 FLOPS = 2.84e+06 Texpo = 0.00 T = 0.12
 <-- Site =   15-  16 .. Mmps =    5 Nexpo =    4/   0 E = (0.0000000000,0.0000000000) Error = 0.00e+00 FLOPS = 5.98e+06 Texpo = 0.00 T = 0.03
 <-- Site =   14-  15 .. Mmps =    6 Nexpo =    4/   0 E = (0.0000000000,0.0000000000) Error = 0.00e+00 FLOPS = 1.10e+05 Texpo = 0.03 T = 0.06
 <-- Site =   13-  14 .. Mmps =    7 Nexpo =    4/   0 E = (0.0000000000,0.0000000000) Error = 0.00e+00 FLOPS = 6.12e+06 Texpo = 0.00 T = 0.03
 <-- Site =   12-  13 .. Mmps =    8 Nexpo =    4/   0 E = (0.0000000000,0.0000000000) Error = 0.00e+00 FLOPS = 1.02e+05 Texpo = 0.03 T = 0.06
 <-- Site =   11-  12 .. Mmps =    9 Nexpo =    4/   0 E = (0.0000000000,0.0000000000) Error = 0.00e+00 FLOPS = 5.44e+06 Texpo = 0.00 T = 0.03
 <-- Site =   10-  11 .. Mmps =   10 Nexpo =    4/   0 E = (0.0000000000,0.0000000000) Error = 0.00e+00 FLOPS = 5.45e+06 Texpo = 0.00 T = 0.03
 <-- Site =    9-  10 .. Mmps =   11 Nexpo =    4/   0 E = (0.0000000000,0.0000000000) Error = 0.00e+00 FLOPS = 9.38e+04 Texpo = 0.03 T = 0.06
 <-- Site =    8-   9 .. Mmps =   12 Nexpo =    4/   0 E = (0.0000000000,0.0000000000) Error = 0.00e+00 FLOPS = 9.39e+06 Texpo = 0.00 T = 0.03
 <-- Site =    7-   8 .. Mmps =   13 Nexpo =    4/   0 E = (0.0000000000,0.0000000000) Error = 0.00e+00 FLOPS = 5.78e+06 Texpo = 0.00 T = 0.03
 <-- Site =    6-   7 .. Mmps =   14 Nexpo =    4/   0 E = (0.0000000000,0.0000000000) Error = 0.00e+00 FLOPS = 1.00e+05 Texpo = 0.03 T = 0.06
 <-- Site =    5-   6 .. Mmps =   15 Nexpo =    4/   0 E = (0.0000000000,0.0000000000) Error = 0.00e+00 FLOPS = 9.98e+04 Texpo = 0.03 T = 0.07
 <-- Site =    4-   5 .. Mmps =   16 Nexpo =    4/   0 E = (0.0000000000,0.0000000000) Error = 0.00e+00 FLOPS = 5.33e+04 Texpo = 0.05 T = 0.08
 <-- Site =    3-   4 .. Mmps =   17 Nexpo =    4/   0 E = (0.0000000000,0.0000000000) Error = 0.00e+00 FLOPS = 1.09e+05 Texpo = 0.03 T = 0.06
 <-- Site =    2-   3 .. Mmps =   18 Nexpo =    4/   0 E = (0.0000000000,0.0000000000) Error = 0.00e+00 FLOPS = 7.49e+06 Texpo = 0.00 T = 0.03
 <-- Site =    1-   2 .. Mmps =   19 Nexpo =    4/   0 E = (0.0000000000,0.0000000000) Error = 0.00e+00 FLOPS = 6.90e+04 Texpo = 0.03 T = 0.06
 <-- Site =    0-   1 .. Mmps =   20 Nexpo =   12/   0 E = (-1.0163578142,-0.0000000000) Error = 0.00e+00 FLOPS = 4.27e+06 Texpo = 0.00 T = 0.03
Time elapsed =      0.992 | E = (-1.0163578142,-0.0000000000) | Norm^2 =       1.0000000000 | DW = 0.00e+00
Time sweep =        0.992 | 51.4 KFLOP/SWP
 | Tread = 0.037 | Twrite = 0.035 | Tfpread = 0.011 | Tfpwrite = 0.013 | data = 103 KB | cpsd = 32.0 KB | Tasync = 0.000
Sweep =    0 ( 1/ 2) | Direction =  forward | Beta = (0.00000,0.10000) | Bond dimension =  100 | Noise =  0.00e+00
 --> Site =    0-   1 .. Mmps =    2 Nexpo =    4/   0 E = (0.0000000000,0.0000000000) Error = 0.00e+00 FLOPS = 4.04e+06 Texpo = 0.00 T = 0.02
 --> Site =    1-   2 .. Mmps =    3 Nexpo =    4/   0 E = (0.0000000000,0.0000000000) Error = 0.00e+00 FLOPS = 3.80e+06 Texpo = 0.00 T = 0.03
 --> Site =    2-   3 .. Mmps =    4 Nexpo =    4/   0 E = (0.0000000000,0.0000000000) Error = 0.00e+00 FLOPS = 6.60e+06 Texpo = 0.00 T = 0.03
 --> Site =    3-   4 .. Mmps =    5 Nexpo =    4/   0 E = (0.0000000000,0.0000000000) Error = 0.00e+00 FLOPS = 5.69e+06 Texpo = 0.00 T = 0.04
 --> Site =    4-   5 .. Mmps =    6 Nexpo =    4/   0 E = (0.0000000000,0.0000000000) Error = 0.00e+00 FLOPS = 5.92e+06 Texpo = 0.00 T = 0.03
 --> Site =    5-   6 .. Mmps =    7 Nexpo =    4/   0 E = (0.0000000000,0.0000000000) Error = 0.00e+00 FLOPS = 5.99e+06 Texpo = 0.00 T = 0.03
 --> Site =    6-   7 .. Mmps =    8 Nexpo =    4/   0 E = (0.0000000000,0.0000000000) Error = 0.00e+00 FLOPS = 4.93e+04 Texpo = 0.06 T = 0.08
 --> Site =    7-   8 .. Mmps =    9 Nexpo =    4/   0 E = (0.0000000000,0.0000000000) Error = 0.00e+00 FLOPS = 5.35e+06 Texpo = 0.00 T = 0.03
 --> Site =    8-   9 .. Mmps =   10 Nexpo =    4/   0 E = (0.0000000000,0.0000000000) Error = 0.00e+00 FLOPS = 8.74e+06 Texpo = 0.00 T = 0.03
 --> Site =    9-  10 .. Mmps =   11 Nexpo =    4/   0 E = (0.0000000000,0.0000000000) Error = 0.00e+00 FLOPS = 4.91e+06 Texpo = 0.00 T = 0.03
 --> Site =   10-  11 .. Mmps =   12 Nexpo =    4/   0 E = (0.0000000000,0.0000000000) Error = 0.00e+00 FLOPS = 5.55e+06 Texpo = 0.00 T = 0.03
 --> Site =   11-  12 .. Mmps =   13 Nexpo =    4/   0 E = (0.0000000000,0.0000000000) Error = 0.00e+00 FLOPS = 5.54e+06 Texpo = 0.00 T = 0.03
 --> Site =   12-  13 .. Mmps =   14 Nexpo =    4/   0 E = (0.0000000000,0.0000000000) Error = 0.00e+00 FLOPS = 9.72e+04 Texpo = 0.03 T = 0.06
 --> Site =   13-  14 .. Mmps =   15 Nexpo =    4/   0 E = (0.0000000000,0.0000000000) Error = 0.00e+00 FLOPS = 9.89e+04 Texpo = 0.03 T = 0.06
 --> Site =   14-  15 .. Mmps =   16 Nexpo =    4/   0 E = (0.0000000000,0.0000000000) Error = 0.00e+00 FLOPS = 1.05e+05 Texpo = 0.03 T = 0.06
 --> Site =   15-  16 .. Mmps =   17 Nexpo =    4/   0 E = (0.0000000000,0.0000000000) Error = 0.00e+00 FLOPS = 1.07e+05 Texpo = 0.03 T = 0.06
 --> Site =   16-  17 .. Mmps =   18 Nexpo =    4/   0 E = (0.0000000000,0.0000000000) Error = 0.00e+00 FLOPS = 6.78e+04 Texpo = 0.03 T = 0.06
 --> Site =   17-  18 .. Mmps =   19 Nexpo =    4/   0 E = (0.0000000000,0.0000000000) Error = 0.00e+00 FLOPS = 3.80e+06 Texpo = 0.00 T = 0.03
 --> Site =   18-  19 .. Mmps =   20 Nexpo =   12/   0 E = (-1.0163578142,-0.0000000000) Error = 0.00e+00 FLOPS = 8.04e+04 Texpo = 0.06 T = 0.08
Time elapsed =      1.811 | E = (-1.0163578142,-0.0000000000) | Norm^2 =       1.0000000000 | DW = 0.00e+00
Time sweep =        0.819 | 51.0 KFLOP/SWP
 | Tread = 0.031 | Twrite = 0.036 | Tfpread = 0.011 | Tfpwrite = 0.014 | data = 97.9 KB | cpsd = 34.8 KB | Tasync = 0.000
T =    0.00000 +    0.60000i <E> =   -1.016357814180376 +   -0.00000i <Norm^2> =    1.000000000000008 +    0.00000i
Sweep =    0 ( 0/ 2) | Direction = backward | Beta = (0.00000,0.10000) | Bond dimension =  100 | Noise =  0.00e+00
 <-- Site =   18-  19 .. Mmps =    2 Nexpo =    4/   0 E = (0.0000000000,0.0000000000) Error = 0.00e+00 FLOPS = 4.04e+06 Texpo = 0.00 T = 0.02
 <-- Site =   17-  18 .. Mmps =    3 Nexpo =    4/   0 E = (0.0000000000,0.0000000000) Error = 0.00e+00 FLOPS = 4.53e+06 Texpo = 0.00 T = 0.03
 <-- Site =   16-  17 .. Mmps =    4 Nexpo =    4/   0 E = (0.0000000000,0.0000000000) Error = 0.00e+00 FLOPS = 6.44e+04 Texpo = 0.03 T = 0.06
 <-- Site =   15-  16 .. Mmps =    5 Nexpo =    4/   0 E = (0.0000000000,0.0000000000) Error = 0.00e+00 FLOPS = 5.81e+06 Texpo = 0.00 T = 0.03
 <-- Site =   14-  15 .. Mmps =    6 Nexpo =    4/   0 E = (0.0000000000,0.0000000000) Error = 0.00e+00 FLOPS = 6.81e+06 Texpo = 0.00 T = 0.03
 <-- Site =   13-  14 .. Mmps =    7 Nexpo =    4/   0 E = (0.0000000000,0.0000000000) Error = 0.00e+00 FLOPS = 1.04e+05 Texpo = 0.03 T = 0.05
 <-- Site =   12-  13 .. Mmps =    8 Nexpo =    4/   0 E = (0.0000000000,0.0000000000) Error = 0.00e+00 FLOPS = 5.91e+06 Texpo = 0.00 T = 0.03
 <-- Site =   11-  12 .. Mmps =    9 Nexpo =    4/   0 E = (0.0000000000,0.0000000000) Error = 0.00e+00 FLOPS = 6.52e+06 Texpo = 0.00 T = 0.03
 <-- Site =   10-  11 .. Mmps =   10 Nexpo =    4/   0 E = (0.0000000000,0.0000000000) Error = 0.00e+00 FLOPS = 8.99e+04 Texpo = 0.03 T = 0.06
 <-- Site =    9-  10 .. Mmps =   11 Nexpo =    4/   0 E = (0.0000000000,0.0000000000) Error = 0.00e+00 FLOPS = 5.52e+06 Texpo = 0.00 T = 0.03
 <-- Site =    8-   9 .. Mmps =   12 Nexpo =    4/   0 E = (0.0000000000,0.0000000000) Error = 0.00e+00 FLOPS = 1.59e+05 Texpo = 0.03 T = 0.06
 <-- Site =    7-   8 .. Mmps =   13 Nexpo =    4/   0 E = (0.0000000000,0.0000000000) Error = 0.00e+00 FLOPS = 6.19e+06 Texpo = 0.00 T = 0.03
 <-- Site =    6-   7 .. Mmps =   14 Nexpo =    4/   0 E = (0.0000000000,0.0000000000) Error = 0.00e+00 FLOPS = 6.04e+06 Texpo = 0.00 T = 0.03
 <-- Site =    5-   6 .. Mmps =   15 Nexpo =    4/   0 E = (0.0000000000,0.0000000000) Error = 0.00e+00 FLOPS = 6.29e+06 Texpo = 0.00 T = 0.03
 <-- Site =    4-   5 .. Mmps =   16 Nexpo =    4/   0 E = (0.0000000000,0.0000000000) Error = 0.00e+00 FLOPS = 1.02e+05 Texpo = 0.03 T = 0.06
 <-- Site =    3-   4 .. Mmps =   17 Nexpo =    4/   0 E = (0.0000000000,0.0000000000) Error = 0.00e+00 FLOPS = 5.38e+04 Texpo = 0.05 T = 0.08
 <-- Site =    2-   3 .. Mmps =   18 Nexpo =    4/   0 E = (0.0000000000,0.0000000000) Error = 0.00e+00 FLOPS = 6.47e+06 Texpo = 0.00 T = 0.03
 <-- Site =    1-   2 .. Mmps =   19 Nexpo =    4/   0 E = (0.0000000000,0.0000000000) Error = 0.00e+00 FLOPS = 6.74e+04 Texpo = 0.03 T = 0.06
 <-- Site =    0-   1 .. Mmps =   20 Nexpo =   12/   0 E = (-1.0163578142,-0.0000000000) Error = 0.00e+00 FLOPS = 9.78e+04 Texpo = 0.05 T = 0.08
Time elapsed =      0.816 | E = (-1.0163578142,-0.0000000000) | Norm^2 =       1.0000000000 | DW = 0.00e+00
Time sweep =        0.816 | 51.4 KFLOP/SWP
 | Tread = 0.018 | Twrite = 0.035 | Tfpread = 0.006 | Tfpwrite = 0.013 | data = 103 KB | cpsd = 31.9 KB | Tasync = 0.000
Sweep =    0 ( 1/ 2) | Direction =  forward | Beta = (0.00000,0.10000) | Bond dimension =  100 | Noise =  0.00e+00
 --> Site =    0-   1 .. Mmps =    2 Nexpo =    4/   0 E = (0.0000000000,0.0000000000) Error = 0.00e+00 FLOPS = 6.61e+04 Texpo = 0.03 T = 0.05
 --> Site =    1-   2 .. Mmps =    3 Nexpo =    4/   0 E = (0.0000000000,0.0000000000) Error = 0.00e+00 FLOPS = 6.56e+04 Texpo = 0.03 T = 0.06
 --> Site =    2-   3 .. Mmps =    4 Nexpo =    4/   0 E = (0.0000000000,0.0000000000) Error = 0.00e+00 FLOPS = 6.05e+06 Texpo = 0.00 T = 0.03
 --> Site =    3-   4 .. Mmps =    5 Nexpo =    4/   0 E = (0.0000000000,0.0000000000) Error = 0.00e+00 FLOPS = 1.02e+05 Texpo = 0.03 T = 0.06
 --> Site =    4-   5 .. Mmps =    6 Nexpo =    4/   0 E = (0.0000000000,0.0000000000) Error = 0.00e+00 FLOPS = 6.04e+06 Texpo = 0.00 T = 0.03
 --> Site =    5-   6 .. Mmps =    7 Nexpo =    4/   0 E = (0.0000000000,0.0000000000) Error = 0.00e+00 FLOPS = 5.71e+06 Texpo = 0.00 T = 0.03
 --> Site =    6-   7 .. Mmps =    8 Nexpo =    4/   0 E = (0.0000000000,0.0000000000) Error = 0.00e+00 FLOPS = 6.19e+06 Texpo = 0.00 T = 0.03
 --> Site =    7-   8 .. Mmps =    9 Nexpo =    4/   0 E = (0.0000000000,0.0000000000) Error = 0.00e+00 FLOPS = 5.79e+06 Texpo = 0.00 T = 0.03
 --> Site =    8-   9 .. Mmps =   10 Nexpo =    4/   0 E = (0.0000000000,0.0000000000) Error = 0.00e+00 FLOPS = 8.07e+06 Texpo = 0.00 T = 0.03
 --> Site =    9-  10 .. Mmps =   11 Nexpo =    4/   0 E = (0.0000000000,0.0000000000) Error = 0.00e+00 FLOPS = 5.57e+06 Texpo = 0.00 T = 0.03
 --> Site =   10-  11 .. Mmps =   12 Nexpo =    4/   0 E = (0.0000000000,0.0000000000) Error = 0.00e+00 FLOPS = 9.84e+04 Texpo = 0.03 T = 0.06
 --> Site =   11-  12 .. Mmps =   13 Nexpo =    4/   0 E = (0.0000000000,0.0000000000) Error = 0.00e+00 FLOPS = 9.73e+04 Texpo = 0.03 T = 0.06
 --> Site =   12-  13 .. Mmps =   14 Nexpo =    4/   0 E = (0.0000000000,0.0000000000) Error = 0.00e+00 FLOPS = 5.20e+06 Texpo = 0.00 T = 0.03
 --> Site =   13-  14 .. Mmps =   15 Nexpo =    4/   0 E = (0.0000000000,0.0000000000) Error = 0.00e+00 FLOPS = 5.52e+06 Texpo = 0.00 T = 0.03
 --> Site =   14-  15 .. Mmps =   16 Nexpo =    4/   0 E = (0.0000000000,0.0000000000) Error = 0.00e+00 FLOPS = 9.86e+04 Texpo = 0.03 T = 0.06
 --> Site =   15-  16 .. Mmps =   17 Nexpo =    4/   0 E = (0.0000000000,0.0000000000) Error = 0.00e+00 FLOPS = 6.39e+06 Texpo = 0.00 T = 0.03
 --> Site =   16-  17 .. Mmps =   18 Nexpo =    4/   0 E = (0.0000000000,0.0000000000) Error = 0.00e+00 FLOPS = 6.44e+04 Texpo = 0.03 T = 0.06
 --> Site =   17-  18 .. Mmps =   19 Nexpo =    4/   0 E = (0.0000000000,0.0000000000) Error = 0.00e+00 FLOPS = 6.80e+04 Texpo = 0.03 T = 0.06
 --> Site =   18-  19 .. Mmps =   20 Nexpo =   12/   0 E = (-1.0163578142,-0.0000000000) Error = 0.00e+00 FLOPS = 1.69e+05 Texpo = 0.03 T = 0.05
Time elapsed =      1.638 | E = (-1.0163578142,-0.0000000000) | Norm^2 =       1.0000000000 | DW = 0.00e+00
Time sweep =        0.822 | 51.0 KFLOP/SWP
 | Tread = 0.031 | Twrite = 0.039 | Tfpread = 0.010 | Tfpwrite = 0.015 | data = 97.9 KB | cpsd = 32.7 KB | Tasync = 0.000
T =    0.00000 +    0.70000i <E> =   -1.016357814180376 +   -0.00000i <Norm^2> =    1.000000000000009 +    0.00000i
Sweep =    0 ( 0/ 2) | Direction = backward | Beta = (0.00000,0.10000) | Bond dimension =  100 | Noise =  0.00e+00
 <-- Site =   18-  19 .. Mmps =    2 Nexpo =    4/   0 E = (0.0000000000,0.0000000000) Error = 0.00e+00 FLOPS = 2.87e+04 Texpo = 0.05 T = 0.07
 <-- Site =   17-  18 .. Mmps =    3 Nexpo =    4/   0 E = (0.0000000000,0.0000000000) Error = 0.00e+00 FLOPS = 4.36e+06 Texpo = 0.00 T = 0.03
 <-- Site =   16-  17 .. Mmps =    4 Nexpo =    4/   0 E = (0.0000000000,0.0000000000) Error = 0.00e+00 FLOPS = 3.99e+06 Texpo = 0.00 T = 0.03
 <-- Site =   15-  16 .. Mmps =    5 Nexpo =    4/   0 E = (0.0000000000,0.0000000000) Error = 0.00e+00 FLOPS = 5.42e+06 Texpo = 0.00 T = 0.03
 <-- Site =   14-  15 .. Mmps =    6 Nexpo =    4/   0 E = (0.0000000000,0.0000000000) Error = 0.00e+00 FLOPS = 1.07e+05 Texpo = 0.03 T = 0.06
 <-- Site =   13-  14 .. Mmps =    7 Nexpo =    4/   0 E = (0.0000000000,0.0000000000) Error = 0.00e+00 FLOPS = 5.83e+06 Texpo = 0.00 T = 0.03
 <-- Site =   12-  13 .. Mmps =    8 Nexpo =    4/   0 E = (0.0000000000,0.0000000000) Error = 0.00e+00 FLOPS = 6.68e+06 Texpo = 0.00 T = 0.03
 <-- Site =   11-  12 .. Mmps =    9 Nexpo =    4/   0 E = (0.0000000000,0.0000000000) Error = 0.00e+00 FLOPS = 5.07e+06 Texpo = 0.00 T = 0.03
 <-- Site =   10-  11 .. Mmps =   10 Nexpo =    4/   0 E = (0.0000000000,0.0000000000) Error = 0.00e+00 FLOPS = 9.24e+04 Texpo = 0.03 T = 0.06
 <-- Site =    9-  10 .. Mmps =   11 Nexpo =    4/   0 E = (0.0000000000,0.0000000000) Error = 0.00e+00 FLOPS = 1.05e+05 Texpo = 0.03 T = 0.05
 <-- Site =    8-   9 .. Mmps =   12 Nexpo =    4/   0 E = (0.0000000000,0.0000000000) Error = 0.00e+00 FLOPS = 1.77e+05 Texpo = 0.03 T = 0.05
 <-- Site =    7-   8 .. Mmps =   13 Nexpo =    4/   0 E = (0.0000000000,0.0000000000) Error = 0.00e+00 FLOPS = 6.39e+06 Texpo = 0.00 T = 0.03
 <-- Site =    6-   7 .. Mmps =   14 Nexpo =    4/   0 E = (0.0000000000,0.0000000000) Error = 0.00e+00 FLOPS = 1.09e+05 Texpo = 0.02 T = 0.05
 <-- Site =    5-   6 .. Mmps =   15 Nexpo =    4/   0 E = (0.0000000000,0.0000000000) Error = 0.00e+00 FLOPS = 1.09e+05 Texpo = 0.03 T = 0.06
 <-- Site =    4-   5 .. Mmps =   16 Nexpo =    4/   0 E = (0.0000000000,0.0000000000) Error = 0.00e+00 FLOPS = 5.46e+06 Texpo = 0.00 T = 0.04
 <-- Site =    3-   4 .. Mmps =   17 Nexpo =    4/   0 E = (0.0000000000,0.0000000000) Error = 0.00e+00 FLOPS = 1.02e+05 Texpo = 0.03 T = 0.05
 <-- Site =    2-   3 .. Mmps =   18 Nexpo =    4/   0 E = (0.0000000000,0.0000000000) Error = 0.00e+00 FLOPS = 5.44e+04 Texpo = 0.06 T = 0.09
 <-- Site =    1-   2 .. Mmps =   19 Nexpo =    4/   0 E = (0.0000000000,0.0000000000) Error = 0.00e+00 FLOPS = 6.33e+04 Texpo = 0.03 T = 0.06
 <-- Site =    0-   1 .. Mmps =   20 Nexpo =   12/   0 E = (-1.0163578142,-0.0000000000) Error = 0.00e+00 FLOPS = 1.99e+05 Texpo = 0.03 T = 0.05
Time elapsed =      0.892 | E = (-1.0163578142,-0.0000000000) | Norm^2 =       1.0000000000 | DW = 0.00e+00
Time sweep =        0.892 | 51.4 KFLOP/SWP
 | Tread = 0.018 | Twrite = 0.033 | Tfpread = 0.006 | Tfpwrite = 0.012 | data = 103 KB | cpsd = 31.6 KB | Tasync = 0.000
Sweep =    0 ( 1/ 2) | Direction =  forward | Beta = (0.00000,0.10000) | Bond dimension =  100 | Noise =  0.00e+00
 --> Site =    0-   1 .. Mmps =    2 Nexpo =    4/   0 E = (0.0000000000,0.0000000000) Error = 0.00e+00 FLOPS = 3.39e+04 Texpo = 0.05 T = 0.07
 --> Site =    1-   2 .. Mmps =    3 Nexpo =    4/   0 E = (0.0000000000,0.0000000000) Error = 0.00e+00 FLOPS = 3.75e+06 Texpo = 0.00 T = 0.03
 --> Site =    2-   3 .. Mmps =    4 Nexpo =    4/   0 E = (0.0000000000,0.0000000000) Error = 0.00e+00 FLOPS = 5.96e+06 Texpo = 0.00 T = 0.03
 --> Site =    3-   4 .. Mmps =    5 Nexpo =    4/   0 E = (0.0000000000,0.0000000000) Error = 0.00e+00 FLOPS = 5.35e+06 Texpo = 0.00 T = 0.03
 --> Site =    4-   5 .. Mmps =    6 Nexpo =    4/   0 E = (0.0000000000,0.0000000000) Error = 0.00e+00 FLOPS = 9.38e+04 Texpo = 0.03 T = 0.06
 --> Site =    5-   6 .. Mmps =    7 Nexpo =    4/   0 E = (0.0000000000,0.0000000000) Error = 0.00e+00 FLOPS = 5.12e+04 Texpo = 0.05 T = 0.08
 --> Site =    6-   7 .. Mmps =    8 Nexpo =    4/   0 E = (0.0000000000,0.0000000000) Error = 0.00e+00 FLOPS = 5.26e+06 Texpo = 0.00 T = 0.03
 --> Site =    7-   8 .. Mmps =    9 Nexpo =    4/   0 E = (0.0000000000,0.0000000000) Error = 0.00e+00 FLOPS = 5.35e+06 Texpo = 0.00 T = 0.03
 --> Site =    8-   9 .. Mmps =   10 Nexpo =    4/   0 E = (0.0000000000,0.0000000000) Error = 0.00e+00 FLOPS = 8.32e+06 Texpo = 0.00 T = 0.03
 --> Site =    9-  10 .. Mmps =   11 Nexpo =    4/   0 E = (0.0000000000,0.0000000000) Error = 0.00e+00 FLOPS = 5.54e+06 Texpo = 0.00 T = 0.03
 --> Site =   10-  11 .. Mmps =   12 Nexpo =    4/   0 E = (0.0000000000,0.0000000000) Error = 0.00e+00 FLOPS = 4.83e+06 Texpo = 0.00 T = 0.03
 --> Site =   11-  12 .. Mmps =   13 Nexpo =    4/   0 E = (0.0000000000,0.0000000000) Error = 0.00e+00 FLOPS = 5.42e+06 Texpo = 0.00 T = 0.03
 --> Site =   12-  13 .. Mmps =   14 Nexpo =    4/   0 E = (0.0000000000,0.0000000000) Error = 0.00e+00 FLOPS = 5.08e+06 Texpo = 0.00 T = 0.03
 --> Site =   13-  14 .. Mmps =   15 Nexpo =    4/   0 E = (0.0000000000,0.0000000000) Error = 0.00e+00 FLOPS = 4.52e+06 Texpo = 0.00 T = 0.03
 --> Site =   14-  15 .. Mmps =   16 Nexpo =    4/   0 E = (0.0000000000,0.0000000000) Error = 0.00e+00 FLOPS = 5.70e+06 Texpo = 0.00 T = 0.03
 --> Site =   15-  16 .. Mmps =   17 Nexpo =    4/   0 E = (0.0000000000,0.0000000000) Error = 0.00e+00 FLOPS = 5.61e+06 Texpo = 0.00 T = 0.03
 --> Site =   16-  17 .. Mmps =   18 Nexpo =    4/   0 E = (0.0000000000,0.0000000000) Error = 0.00e+00 FLOPS = 4.08e+06 Texpo = 0.00 T = 0.03
 --> Site =   17-  18 .. Mmps =   19 Nexpo =    4/   0 E = (0.0000000000,0.0000000000) Error = 0.00e+00 FLOPS = 3.72e+06 Texpo = 0.00 T = 0.03
 --> Site =   18-  19 .. Mmps =   20 Nexpo =   12/   0 E = (-1.0163578142,-0.0000000000) Error = 0.00e+00 FLOPS = 1.71e+05 Texpo = 0.03 T = 0.05
Time elapsed =      1.649 | E = (-1.0163578142,-0.0000000000) | Norm^2 =       1.0000000000 | DW = 0.00e+00
Time sweep =        0.757 | 51.0 KFLOP/SWP
 | Tread = 0.032 | Twrite = 0.038 | Tfpread = 0.011 | Tfpwrite = 0.014 | data = 97.9 KB | cpsd = 33.5 KB | Tasync = 0.000
T =    0.00000 +    0.80000i <E> =   -1.016357814180375 +   -0.00000i <Norm^2> =    1.000000000000010 +    0.00000i
Sweep =    0 ( 0/ 2) | Direction = backward | Beta = (0.00000,0.10000) | Bond dimension =  100 | Noise =  0.00e+00
 <-- Site =   18-  19 .. Mmps =    2 Nexpo =    4/   0 E = (0.0000000000,0.0000000000) Error = 0.00e+00 FLOPS = 3.79e+06 Texpo = 0.00 T = 0.02
 <-- Site =   17-  18 .. Mmps =    3 Nexpo =    4/   0 E = (0.0000000000,0.0000000000) Error = 0.00e+00 FLOPS = 1.90e+06 Texpo = 0.00 T = 0.03
 <-- Site =   16-  17 .. Mmps =    4 Nexpo =    4/   0 E = (0.0000000000,0.0000000000) Error = 0.00e+00 FLOPS = 6.33e+04 Texpo = 0.03 T = 0.13
 <-- Site =   15-  16 .. Mmps =    5 Nexpo =    4/   0 E = (0.0000000000,0.0000000000) Error = 0.00e+00 FLOPS = 4.58e+06 Texpo = 0.00 T = 0.04
 <-- Site =   14-  15 .. Mmps =    6 Nexpo =    4/   0 E = (0.0000000000,0.0000000000) Error = 0.00e+00 FLOPS = 6.98e+06 Texpo = 0.00 T = 0.03
 <-- Site =   13-  14 .. Mmps =    7 Nexpo =    4/   0 E = (0.0000000000,0.0000000000) Error = 0.00e+00 FLOPS = 6.45e+06 Texpo = 0.00 T = 0.03
 <-- Site =   12-  13 .. Mmps =    8 Nexpo =    4/   0 E = (0.0000000000,0.0000000000) Error = 0.00e+00 FLOPS = 5.71e+06 Texpo = 0.00 T = 0.03
 <-- Site =   11-  12 .. Mmps =    9 Nexpo =    4/   0 E = (0.0000000000,0.0000000000) Error = 0.00e+00 FLOPS = 1.02e+05 Texpo = 0.03 T = 0.05
 <-- Site =   10-  11 .. Mmps =   10 Nexpo =    4/   0 E = (0.0000000000,0.0000000000) Error = 0.00e+00 FLOPS = 5.18e+04 Texpo = 0.05 T = 0.08
 <-- Site =    9-  10 .. Mmps =   11 Nexpo =    4/   0 E = (0.0000000000,0.0000000000) Error = 0.00e+00 FLOPS = 1.03e+05 Texpo = 0.03 T = 0.06
 <-- Site =    8-   9 .. Mmps =   12 Nexpo =    4/   0 E = (0.0000000000,0.0000000000) Error = 0.00e+00 FLOPS = 9.45e+06 Texpo = 0.00 T = 0.03
 <-- Site =    7-   8 .. Mmps =   13 Nexpo =    4/   0 E = (0.0000000000,0.0000000000) Error = 0.00e+00 FLOPS = 9.87e+04 Texpo = 0.03 T = 0.06
 <-- Site =    6-   7 .. Mmps =   14 Nexpo =    4/   0 E = (0.0000000000,0.0000000000) Error = 0.00e+00 FLOPS = 6.60e+06 Texpo = 0.00 T = 0.03
 <-- Site =    5-   6 .. Mmps =   15 Nexpo =    4/   0 E = (0.0000000000,0.0000000000) Error = 0.00e+00 FLOPS = 6.44e+06 Texpo = 0.00 T = 0.03
 <-- Site =    4-   5 .. Mmps =   16 Nexpo =    4/   0 E = (0.0000000000,0.0000000000) Error = 0.00e+00 FLOPS = 6.59e+06 Texpo = 0.00 T = 0.03
 <-- Site =    3-   4 .. Mmps =   17 Nexpo =    4/   0 E = (0.0000000000,0.0000000000) Error = 0.00e+00 FLOPS = 1.03e+05 Texpo = 0.03 T = 0.06
 <-- Site =    2-   3 .. Mmps =   18 Nexpo =    4/   0 E = (0.0000000000,0.0000000000) Error = 0.00e+00 FLOPS = 7.22e+06 Texpo = 0.00 T = 0.03
 <-- Site =    1-   2 .. Mmps =   19 Nexpo =    4/   0 E = (0.0000000000,0.0000000000) Error = 0.00e+00 FLOPS = 6.57e+04 Texpo = 0.03 T = 0.06
 <-- Site =    0-   1 .. Mmps =   20 Nexpo =   12/   0 E = (-1.0163578142,0.0000000000) Error = 0.00e+00 FLOPS = 3.60e+06 Texpo = 0.00 T = 0.03
Time elapsed =      0.867 | E = (-1.0163578142,0.0000000000) | Norm^2 =       1.0000000000 | DW = 0.00e+00
Time sweep =        0.867 | 51.4 KFLOP/SWP
 | Tread = 0.017 | Twrite = 0.040 | Tfpread = 0.006 | Tfpwrite = 0.013 | data = 103 KB | cpsd = 31.7 KB | Tasync = 0.000
Sweep =    0 ( 1/ 2) | Direction =  forward | Beta = (0.00000,0.10000) | Bond dimension =  100 | Noise =  0.00e+00
 --> Site =    0-   1 .. Mmps =    2 Nexpo =    4/   0 E = (0.0000000000,0.0000000000) Error = 0.00e+00 FLOPS = 3.87e+06 Texpo = 0.00 T = 0.02
 --> Site =    1-   2 .. Mmps =    3 Nexpo =    4/   0 E = (0.0000000000,0.0000000000) Error = 0.00e+00 FLOPS = 3.79e+06 Texpo = 0.00 T = 0.03
 --> Site =    2-   3 .. Mmps =    4 Nexpo =    4/   0 E = (0.0000000000,0.0000000000) Error = 0.00e+00 FLOPS = 1.06e+05 Texpo = 0.03 T = 0.06
 --> Site =    3-   4 .. Mmps =    5 Nexpo =    4/   0 E = (0.0000000000,0.0000000000) Error = 0.00e+00 FLOPS = 5.70e+06 Texpo = 0.00 T = 0.03
 --> Site =    4-   5 .. Mmps =    6 Nexpo =    4/   0 E = (0.0000000000,0.0000000000) Error = 0.00e+00 FLOPS = 1.11e+05 Texpo = 0.03 T = 0.06
 --> Site =    5-   6 .. Mmps =    7 Nexpo =    4/   0 E = (0.0000000000,0.0000000000) Error = 0.00e+00 FLOPS = 1.04e+05 Texpo = 0.03 T = 0.06
 --> Site =    6-   7 .. Mmps =    8 Nexpo =    4/   0 E = (0.0000000000,0.0000000000) Error = 0.00e+00 FLOPS = 1.01e+05 Texpo = 0.03 T = 0.06
 --> Site =    7-   8 .. Mmps =    9 Nexpo =    4/   0 E = (0.0000000000,0.0000000000) Error = 0.00e+00 FLOPS = 1.06e+05 Texpo = 0.03 T = 0.06
 --> Site =    8-   9 .. Mmps =   10 Nexpo =    4/   0 E = (0.0000000000,0.0000000000) Error = 0.00e+00 FLOPS = 1.58e+05 Texpo = 0.03 T = 0.06
 --> Site =    9-  10 .. Mmps =   11 Nexpo =    4/   0 E = (0.0000000000,0.0000000000) Error = 0.00e+00 FLOPS = 9.21e+04 Texpo = 0.03 T = 0.06
 --> Site =   10-  11 .. Mmps =   12 Nexpo =    4/   0 E = (0.0000000000,0.0000000000) Error = 0.00e+00 FLOPS = 5.09e+06 Texpo = 0.00 T = 0.03
 --> Site =   11-  12 .. Mmps =   13 Nexpo =    4/   0 E = (0.0000000000,0.0000000000) Error = 0.00e+00 FLOPS = 5.43e+06 Texpo = 0.00 T = 0.03
 --> Site =   12-  13 .. Mmps =   14 Nexpo =    4/   0 E = (0.0000000000,0.0000000000) Error = 0.00e+00 FLOPS = 9.75e+04 Texpo = 0.03 T = 0.06
 --> Site =   13-  14 .. Mmps =   15 Nexpo =    4/   0 E = (0.0000000000,0.0000000000) Error = 0.00e+00 FLOPS = 9.63e+04 Texpo = 0.03 T = 0.06
 --> Site =   14-  15 .. Mmps =   16 Nexpo =    4/   0 E = (0.0000000000,0.0000000000) Error = 0.00e+00 FLOPS = 1.14e+05 Texpo = 0.02 T = 0.07
 --> Site =   15-  16 .. Mmps =   17 Nexpo =    4/   0 E = (0.0000000000,0.0000000000) Error = 0.00e+00 FLOPS = 5.96e+06 Texpo = 0.00 T = 0.04
 --> Site =   16-  17 .. Mmps =   18 Nexpo =    4/   0 E = (0.0000000000,0.0000000000) Error = 0.00e+00 FLOPS = 3.64e+06 Texpo = 0.00 T = 0.04
 --> Site =   17-  18 .. Mmps =   19 Nexpo =    4/   0 E = (0.0000000000,0.0000000000) Error = 0.00e+00 FLOPS = 6.41e+04 Texpo = 0.03 T = 0.06
 --> Site =   18-  19 .. Mmps =   20 Nexpo =   12/   0 E = (-1.0163578142,-0.0000000000) Error = 0.00e+00 FLOPS = 3.14e+06 Texpo = 0.00 T = 0.03
Time elapsed =      1.772 | E = (-1.0163578142,-0.0000000000) | Norm^2 =       1.0000000000 | DW = 0.00e+00
Time sweep =        0.906 | 51.0 KFLOP/SWP
 | Tread = 0.030 | Twrite = 0.039 | Tfpread = 0.010 | Tfpwrite = 0.015 | data = 97.9 KB | cpsd = 36.8 KB | Tasync = 0.000
T =    0.00000 +    0.90000i <E> =   -1.016357814180376 +   -0.00000i <Norm^2> =    1.000000000000011 +    0.00000i
Sweep =    0 ( 0/ 2) | Direction = backward | Beta = (0.00000,0.10000) | Bond dimension =  100 | Noise =  0.00e+00
 <-- Site =   18-  19 .. Mmps =    2 Nexpo =    4/   0 E = (0.0000000000,0.0000000000) Error = 0.00e+00 FLOPS = 3.50e+06 Texpo = 0.00 T = 0.02
 <-- Site =   17-  18 .. Mmps =    3 Nexpo =    4/   0 E = (0.0000000000,0.0000000000) Error = 0.00e+00 FLOPS = 3.28e+04 Texpo = 0.05 T = 0.08
 <-- Site =   16-  17 .. Mmps =    4 Nexpo =    4/   0 E = (0.0000000000,0.0000000000) Error = 0.00e+00 FLOPS = 6.17e+04 Texpo = 0.03 T = 0.06
 <-- Site =   15-  16 .. Mmps =    5 Nexpo =    4/   0 E = (0.0000000000,0.0000000000) Error = 0.00e+00 FLOPS = 6.09e+06 Texpo = 0.00 T = 0.03
 <-- Site =   14-  15 .. Mmps =    6 Nexpo =    4/   0 E = (0.0000000000,0.0000000000) Error = 0.00e+00 FLOPS = 1.07e+05 Texpo = 0.03 T = 0.05
 <-- Site =   13-  14 .. Mmps =    7 Nexpo =    4/   0 E = (0.0000000000,0.0000000000) Error = 0.00e+00 FLOPS = 5.98e+06 Texpo = 0.00 T = 0.03
 <-- Site =   12-  13 .. Mmps =    8 Nexpo =    4/   0 E = (0.0000000000,0.0000000000) Error = 0.00e+00 FLOPS = 9.66e+04 Texpo = 0.03 T = 0.06
 <-- Site =   11-  12 .. Mmps =    9 Nexpo =    4/   0 E = (0.0000000000,0.0000000000) Error = 0.00e+00 FLOPS = 6.13e+06 Texpo = 0.00 T = 0.03
 <-- Site =   10-  11 .. Mmps =   10 Nexpo =    4/   0 E = (0.0000000000,0.0000000000) Error = 0.00e+00 FLOPS = 6.03e+06 Texpo = 0.00 T = 0.03
 <-- Site =    9-  10 .. Mmps =   11 Nexpo =    4/   0 E = (0.0000000000,0.0000000000) Error = 0.00e+00 FLOPS = 9.70e+04 Texpo = 0.03 T = 0.06
 <-- Site =    8-   9 .. Mmps =   12 Nexpo =    4/   0 E = (0.0000000000,0.0000000000) Error = 0.00e+00 FLOPS = 1.65e+05 Texpo = 0.03 T = 0.05
 <-- Site =    7-   8 .. Mmps =   13 Nexpo =    4/   0 E = (0.0000000000,0.0000000000) Error = 0.00e+00 FLOPS = 9.16e+04 Texpo = 0.03 T = 0.06
 <-- Site =    6-   7 .. Mmps =   14 Nexpo =    4/   0 E = (0.0000000000,0.0000000000) Error = 0.00e+00 FLOPS = 1.06e+05 Texpo = 0.03 T = 0.05
 <-- Site =    5-   6 .. Mmps =   15 Nexpo =    4/   0 E = (0.0000000000,0.0000000000) Error = 0.00e+00 FLOPS = 6.39e+06 Texpo = 0.00 T = 0.03
 <-- Site =    4-   5 .. Mmps =   16 Nexpo =    4/   0 E = (0.0000000000,0.0000000000) Error = 0.00e+00 FLOPS = 5.78e+06 Texpo = 0.00 T = 0.03
 <-- Site =    3-   4 .. Mmps =   17 Nexpo =    4/   0 E = (0.0000000000,0.0000000000) Error = 0.00e+00 FLOPS = 6.29e+06 Texpo = 0.00 T = 0.03
 <-- Site =    2-   3 .. Mmps =   18 Nexpo =    4/   0 E = (0.0000000000,0.0000000000) Error = 0.00e+00 FLOPS = 7.43e+06 Texpo = 0.00 T = 0.03
 <-- Site =    1-   2 .. Mmps =   19 Nexpo =    4/   0 E = (0.0000000000,0.0000000000) Error = 0.00e+00 FLOPS = 3.50e+04 Texpo = 0.05 T = 0.08
 <-- Site =    0-   1 .. Mmps =   20 Nexpo =   12/   0 E = (-1.0163578142,0.0000000000) Error = 0.00e+00 FLOPS = 6.35e+04 Texpo = 0.08 T = 0.11
Time elapsed =      0.927 | E = (-1.0163578142,0.0000000000) | Norm^2 =       1.0000000000 | DW = 0.00e+00
Time sweep =        0.927 | 51.4 KFLOP/SWP
 | Tread = 0.018 | Twrite = 0.038 | Tfpread = 0.006 | Tfpwrite = 0.014 | data = 103 KB | cpsd = 31.0 KB | Tasync = 0.000
Sweep =    0 ( 1/ 2) | Direction =  forward | Beta = (0.00000,0.10000) | Bond dimension =  100 | Noise =  0.00e+00
 --> Site =    0-   1 .. Mmps =    2 Nexpo =    4/   0 E = (0.0000000000,0.0000000000) Error = 0.00e+00 FLOPS = 6.33e+04 Texpo = 0.03 T = 0.05
 --> Site =    1-   2 .. Mmps =    3 Nexpo =    4/   0 E = (0.0000000000,0.0000000000) Error = 0.00e+00 FLOPS = 4.06e+06 Texpo = 0.00 T = 0.03
 --> Site =    2-   3 .. Mmps =    4 Nexpo =    4/   0 E = (0.0000000000,0.0000000000) Error = 0.00e+00 FLOPS = 6.63e+06 Texpo = 0.00 T = 0.03
 --> Site =    3-   4 .. Mmps =    5 Nexpo =    4/   0 E = (0.0000000000,0.0000000000) Error = 0.00e+00 FLOPS = 1.09e+05 Texpo = 0.03 T = 0.06
 --> Site =    4-   5 .. Mmps =    6 Nexpo =    4/   0 E = (0.0000000000,0.0000000000) Error = 0.00e+00 FLOPS = 9.98e+04 Texpo = 0.03 T = 0.06
 --> Site =    5-   6 .. Mmps =    7 Nexpo =    4/   0 E = (0.0000000000,0.0000000000) Error = 0.00e+00 FLOPS = 5.09e+04 Texpo = 0.05 T = 0.08
 --> Site =    6-   7 .. Mmps =    8 Nexpo =    4/   0 E = (0.0000000000,0.0000000000) Error = 0.00e+00 FLOPS = 5.63e+06 Texpo = 0.00 T = 0.03
 --> Site =    7-   8 .. Mmps =    9 Nexpo =    4/   0 E = (0.0000000000,0.0000000000) Error = 0.00e+00 FLOPS = 5.66e+06 Texpo = 0.00 T = 0.03
 --> Site =    8-   9 .. Mmps =   10 Nexpo =    4/   0 E = (0.0000000000,0.0000000000) Error = 0.00e+00 FLOPS = 1.54e+05 Texpo = 0.03 T = 0.06
 --> Site =    9-  10 .. Mmps =   11 Nexpo =    4/   0 E = (0.0000000000,0.0000000000) Error = 0.00e+00 FLOPS = 9.36e+04 Texpo = 0.03 T = 0.06
 --> Site =   10-  11 .. Mmps =   12 Nexpo =    4/   0 E = (0.0000000000,0.0000000000) Error = 0.00e+00 FLOPS = 5.13e+06 Texpo = 0.00 T = 0.03
 --> Site =   11-  12 .. Mmps =   13 Nexpo =    4/   0 E = (0.0000000000,0.0000000000) Error = 0.00e+00 FLOPS = 4.72e+06 Texpo = 0.00 T = 0.03
 --> Site =   12-  13 .. Mmps =   14 Nexpo =    4/   0 E = (0.0000000000,0.0000000000) Error = 0.00e+00 FLOPS = 1.02e+05 Texpo = 0.03 T = 0.06
 --> Site =   13-  14 .. Mmps =   15 Nexpo =    4/   0 E = (0.0000000000,0.0000000000) Error = 0.00e+00 FLOPS = 5.20e+06 Texpo = 0.00 T = 0.03
 --> Site =   14-  15 .. Mmps =   16 Nexpo =    4/   0 E = (0.0000000000,0.0000000000) Error = 0.00e+00 FLOPS = 5.91e+06 Texpo = 0.00 T = 0.03
 --> Site =   15-  16 .. Mmps =   17 Nexpo =    4/   0 E = (0.0000000000,0.0000000000) Error = 0.00e+00 FLOPS = 2.44e+06 Texpo = 0.00 T = 0.03
 --> Site =   16-  17 .. Mmps =   18 Nexpo =    4/   0 E = (0.0000000000,0.0000000000) Error = 0.00e+00 FLOPS = 3.66e+06 Texpo = 0.00 T = 0.03
 --> Site =   17-  18 .. Mmps =   19 Nexpo =    4/   0 E = (0.0000000000,0.0000000000) Error = 0.00e+00 FLOPS = 7.07e+04 Texpo = 0.02 T = 0.06
 --> Site =   18-  19 .. Mmps =   20 Nexpo =   12/   0 E = (-1.0163578142,0.0000000000) Error = 0.00e+00 FLOPS = 3.72e+06 Texpo = 0.00 T = 0.03
Time elapsed =      1.741 | E = (-1.0163578142,0.0000000000) | Norm^2 =       1.0000000000 | DW = 0.00e+00
Time sweep =        0.814 | 51.0 KFLOP/SWP
 | Tread = 0.029 | Twrite = 0.037 | Tfpread = 0.010 | Tfpwrite = 0.014 | data = 97.9 KB | cpsd = 33.6 KB | Tasync = 0.000
T =    0.00000 +    1.00000i <E> =   -1.016357814180377 +    0.00000i <Norm^2> =    1.000000000000013 +    0.00000i



**********************
Time dep mmps should be just above this
**********************


**********************


***************************



>>> Evol1 compute time (FCI = True, DMRG=True) = 34.872127532958984
Time = 1.00
Total energy (FCI) = -1.016359
Site 0 <Sz> (FCI) = 0.191522
Site 2 <Sz> (FCI) = 0.132116
C[0, 2] =  nan
Time = 1.00
Total energy (DMRG) = -1.016358-0.000000j
Site 0 <Sz> (DMRG) = 0.206126+0.000000j
Site 2 <Sz> (DMRG) = 0.135840-0.000000j
C[0, 2] =  0.0
Total Sz (FCI) = 0.500000
>>> Evol2 compute time (FCI = True, DMRG=True) = 33.306739807128906
Time = 2.00
Total energy (FCI) = -1.016358
Site 0 <Sz> (FCI) = 0.015581
Site 2 <Sz> (FCI) = 0.128223
C[0, 2] =  nan
Time = 2.00
Total energy (DMRG) = -1.016358+0.000000j
Site 0 <Sz> (DMRG) = 0.033862-0.000000j
Site 2 <Sz> (DMRG) = 0.148260-0.000000j
C[0, 2] =  0.0
Total Sz (FCI) = 0.500000
>>> Evol3 compute time (FCI = True, DMRG=True) = 33.721245765686035
Time = 3.00
Total energy (FCI) = -1.016358
Site 0 <Sz> (FCI) = 0.009353
Site 2 <Sz> (FCI) = 0.009752
C[0, 2] =  nan
Time = 3.00
Total energy (DMRG) = -1.016358-0.000000j
Site 0 <Sz> (DMRG) = 0.008814+0.000000j
Site 2 <Sz> (DMRG) = 0.018160+0.000000j
C[0, 2] =  0.0
Total Sz (FCI) = 0.500000
Time = 4.00
Total energy (FCI) = -1.016357
Site 0 <Sz> (FCI) = 0.001482
Site 2 <Sz> (FCI) = 0.011659
C[0, 2] =  nan
Time = 4.00
Total energy (DMRG) = -1.016358+0.000000j
Site 0 <Sz> (DMRG) = 0.001765-0.000000j
Site 2 <Sz> (DMRG) = 0.020126-0.000000j
C[0, 2] =  0.0
Total Sz (FCI) = 0.500000
Time = 5.00
Total energy (FCI) = -1.016356
Site 0 <Sz> (FCI) = 0.000941
Site 2 <Sz> (FCI) = 0.006769
C[0, 2] =  nan
Time = 5.00
Total energy (DMRG) = -1.016358-0.000000j
Site 0 <Sz> (DMRG) = 0.002636-0.000000j
Site 2 <Sz> (DMRG) = 0.002984+0.000000j
C[0, 2] =  0.0
Total Sz (FCI) = 0.500000
Time = 6.00
Total energy (FCI) = -1.016356
Site 0 <Sz> (FCI) = 0.001024
Site 2 <Sz> (FCI) = 0.001226
C[0, 2] =  nan
Time = 6.00
Total energy (DMRG) = -1.016358-0.000000j
Site 0 <Sz> (DMRG) = 0.000570+0.000000j
Site 2 <Sz> (DMRG) = 0.004665-0.000000j
C[0, 2] =  0.0
Total Sz (FCI) = 0.500000
stop time: 
Wed Jan 10 17:01:52 EST 2024
