SLURM: start oscillations.py
Wed 09 Aug 2023 05:36:03 AM PDT
############################################################
T = 7.0 K

Loading data from Mn-4Tesla/data/7.0KdIdV.txt
>>>> (7.0, 7.0, 15.0)

Fitting data
   Iteration     Total nfev        Cost      Cost reduction    Step norm     Optimality   
       0              1         1.7766e+06                                    7.94e+06    
       1              2         9.2315e+05      8.53e+05       5.42e-01       4.67e+06    
       2              3         5.7844e+05      3.45e+05       1.45e+00       3.17e+06    
       3              4         4.0143e+05      1.77e+05       1.16e+00       1.84e+06    
       4              5         3.2501e+05      7.64e+04       9.25e-01       1.13e+06    
       5              6         3.0327e+05      2.17e+04       5.59e-01       5.48e+05    
       6              7         2.9882e+05      4.45e+03       3.64e-01       3.57e+05    
       7              8         2.9743e+05      1.39e+03       5.80e-02       1.04e+05    
       8             10         2.9668e+05      7.45e+02       9.85e-03       1.33e+05    
       9             11         2.9597e+05      7.16e+02       2.01e-02       4.92e+05    
      10             12         2.9527e+05      6.99e+02       4.68e-03       3.09e+04    
      11             14         2.9476e+05      5.05e+02       9.52e-03       1.77e+05    
      12             15         2.9423e+05      5.31e+02       1.17e-02       2.36e+05    
      13             16         2.9382e+05      4.12e+02       7.09e-03       1.13e+05    
      14             17         2.9340e+05      4.20e+02       1.23e-02       3.73e+05    
      15             18         2.9310e+05      3.00e+02       3.32e-03       2.96e+04    
      16             20         2.9290e+05      2.05e+02       4.83e-03       6.89e+04    
      17             21         2.9259e+05      3.04e+02       9.93e-03       2.90e+05    
      18             22         2.9241e+05      1.83e+02       2.98e-03       2.83e+04    
      19             24         2.9226e+05      1.46e+02       4.13e-03       6.08e+04    
      20             25         2.9205e+05      2.18e+02       8.31e-03       2.51e+05    
      21             26         2.9193e+05      1.11e+02       2.06e-03       1.68e+04    
      22             28         2.9182e+05      1.13e+02       4.00e-03       6.77e+04    
      23             29         2.9168e+05      1.39e+02       5.63e-03       1.32e+05    
      24             30         2.9161e+05      6.84e+01       2.24e-03       2.30e+04    
      25             31         2.9149e+05      1.24e+02       7.17e-03       2.49e+05    
      26             32         2.9144e+05      4.96e+01       5.70e-04       1.53e+03    
      27             33         2.9129e+05      1.45e+02       1.02e-02       2.40e+05    
      28             34         2.9126e+05      3.47e+01       1.03e-04       1.97e+03    
      29             36         2.9121e+05      4.57e+01       3.49e-03       7.56e+04    
      30             37         2.9121e+05      5.32e+00       1.66e-04       8.67e+02    
      31             39         2.9119e+05      1.61e+01       1.20e-03       1.04e+04    
      32             40         2.9119e+05      3.80e+00       4.30e-04       4.25e+03    
      33             41         2.9118e+05      4.65e+00       3.50e-04       8.82e+02    
      34             43         2.9118e+05      1.55e-01       1.13e-04       5.27e+03    
      35             44         2.9118e+05      6.83e-02       2.36e-06       1.27e+03    
      36             45         2.9118e+05      1.21e-01       9.41e-05       4.75e+03    
      37             46         2.9118e+05      5.10e-02       2.01e-06       1.30e+03    
      38             47         2.9118e+05      5.73e-02       9.60e-05       5.60e+03    
      39             48         2.9118e+05      7.77e-02       2.45e-06       1.34e+03    
      40             50         2.9118e+05      6.93e-02       1.98e-05       2.25e+02    
      41             51         2.9118e+05      5.99e-02       5.00e-05       1.56e+03    
      42             53         2.9118e+05      3.49e-02       2.19e-05       5.62e+02    
      43             54         2.9118e+05      2.95e-02       2.65e-05       4.76e+02    
      44             55         2.9118e+05      3.90e-02       5.35e-05       2.02e+03    
      45             56         2.9118e+05      4.56e-02       5.60e-05       2.27e+03    
      46             57         2.9118e+05      3.92e-02       5.82e-05       2.59e+03    
      47             58         2.9118e+05      8.22e-03       6.36e-07       1.20e+03    
      48             59         2.9118e+05      3.60e-02       3.89e-05       1.58e+03    
      49             60         2.9118e+05      4.70e-03       6.18e-05       3.25e+03    
      50             61         2.9118e+05      1.83e-02       6.31e-07       1.18e+03    
      51             62         2.9118e+05      2.49e-02       1.08e-05       9.76e+01    
      52             63         2.9118e+05      1.84e-02       3.14e-05       8.85e+02    
      53             64         2.9118e+05      2.34e-03       4.95e-05       2.49e+03    
      54             65         2.9118e+05      7.43e-03       3.45e-07       1.17e+03    
      55             66         2.9118e+05      1.73e-02       8.66e-06       6.96e+01    
      56             67         2.9118e+05      1.24e-02       2.49e-05       5.96e+02    
      57             69         2.9118e+05      6.58e-03       1.15e-05       1.32e+02    
      58             70         2.9118e+05      8.02e-03       2.37e-05       5.53e+02    
      59             72         2.9118e+05      5.16e-03       1.12e-05       1.28e+02    
      60             73         2.9118e+05      6.68e-03       2.23e-05       5.03e+02    
      61             75         2.9118e+05      4.41e-03       1.08e-05       1.22e+02    
      62             76         2.9118e+05      5.81e-03       2.15e-05       4.74e+02    
      63             78         2.9118e+05      3.90e-03       1.05e-05       1.17e+02    
      64             79         2.9118e+05      5.11e-03       2.09e-05       4.55e+02    
      65             81         2.9118e+05      3.49e-03       1.03e-05       1.13e+02    
      66             82         2.9118e+05      4.50e-03       2.04e-05       4.39e+02    
      67             84         2.9118e+05      3.14e-03       1.00e-05       1.09e+02    
      68             85         2.9118e+05      3.98e-03       1.99e-05       4.24e+02    
      69             87         2.9118e+05      2.84e-03       9.81e-06       1.05e+02    
`ftol` termination condition is satisfied.
Function evaluations 87, initial cost 1.7766e+06, final cost 2.9118e+05, first-order optimality 1.05e+02.
<function dIdV_all_zero at 0x7f3fbfb1bee0> fitting results:
	V0    = -0.001756,bounds = [-0.012208  0.012208]
	eps_0 = 0.006768,bounds = [0.006768 0.010152]
	eps_c = 0.000196,bounds = [0.      0.01116]
	G1    = 0.183934,bounds = [0.    1.172]
	G2    = 0.088884,bounds = [0.    0.362]
	G3    = 0.083717,bounds = [0.    0.296]
	T_surf= 18.200000,bounds = [11.8 18.2]
	tau0  = 0.009532,bounds = [0.006 0.014]
	Gamma = 0.002940,bounds = [0.00126 0.00294]
	EC    = 0.005459,bounds = [0.00354 0.00826]
	RMSE  = 0.048815 


Fitting data
   Iteration     Total nfev        Cost      Cost reduction    Step norm     Optimality   
       0              1         2.9118e+05                                    9.53e+01    
       1              5         2.9118e+05      2.28e-03       9.29e-06       9.97e+01    
`ftol` termination condition is satisfied.
Function evaluations 5, initial cost 2.9118e+05, final cost 2.9118e+05, first-order optimality 9.97e+01.
<function dIdV_all_zero at 0x7f3fbfb1bee0> fitting results:
	V0    = -0.001756,bounds = [-0.012208  0.012208]
	eps_0 = 0.006768,bounds = [0.006768 0.010152]
	eps_c = 0.000194,bounds = [0.      0.01116]
	G1    = 0.183934,bounds = [0.    1.172]
	G2    = 0.088875,bounds = [0.    0.362]
	G3    = 0.083717,bounds = [0.    0.296]
	T_surf= 18.200000,bounds = [11.8 18.2]
	tau0  = 0.009532,bounds = [0.006 0.014]
	Gamma = 0.002940,bounds = [0.00126 0.00294]
	EC    = 0.005459,bounds = [0.00354 0.00826]
	RMSE  = 0.048815 


Fitting data
   Iteration     Total nfev        Cost      Cost reduction    Step norm     Optimality   
       0              1         3.1661e+05                                    4.16e+05    
       1              3         2.9609e+05      2.05e+04       8.88e-03       8.97e+05    
       2              4         2.9349e+05      2.60e+03       5.50e-03       2.09e+04    
       3              6         2.9330e+05      1.85e+02       2.99e-04       1.71e+04    
       4              7         2.9312e+05      1.87e+02       1.32e-03       1.77e+04    
       5              8         2.9300e+05      1.11e+02       3.71e-03       5.98e+04    
       6              9         2.9286e+05      1.41e+02       6.48e-03       1.68e+05    
       7             10         2.9279e+05      7.49e+01       2.50e-03       4.25e+04    
       8             11         2.9277e+05      1.77e+01       1.22e-02       6.15e+05    
       9             12         2.9248e+05      2.88e+02       1.25e-03       5.61e+03    
      10             13         2.9242e+05      6.59e+01       3.12e-03       4.23e+04    
      11             14         2.9230e+05      1.18e+02       6.85e-03       1.67e+05    
      12             15         2.9221e+05      8.53e+01       3.70e-03       3.98e+04    
      13             16         2.9220e+05      1.43e+01       1.26e-02       4.63e+05    
      14             17         2.9201e+05      1.87e+02       9.33e-06       5.64e+04    
      15             18         2.9195e+05      6.28e+01       3.06e-03       2.95e+04    
      16             19         2.9187e+05      8.40e+01       6.34e-03       1.01e+05    
      17             20         2.9178e+05      8.05e+01       5.68e-03       7.20e+04    
      18             21         2.9170e+05      8.17e+01       7.58e-03       1.25e+05    
      19             22         2.9164e+05      6.51e+01       4.25e-03       3.72e+04    
      20             23         2.9164e+05      2.63e+00       1.28e-02       3.02e+05    
      21             24         2.9149e+05      1.45e+02       1.77e-03       5.64e+03    
      22             25         2.9146e+05      2.81e+01       3.08e-03       1.80e+04    
      23             26         2.9142e+05      4.60e+01       6.40e-03       6.40e+04    
      24             27         2.9137e+05      4.49e+01       6.01e-03       5.11e+04    
      25             28         2.9133e+05      4.04e+01       6.68e-03       6.19e+04    
      26             29         2.9130e+05      3.33e+01       5.00e-03       3.30e+04    
      27             30         2.9127e+05      2.91e+01       7.97e-03       7.75e+04    
      28             31         2.9124e+05      2.53e+01       3.14e-03       1.16e+04    
      29             33         2.9123e+05      1.27e+01       3.12e-03       1.16e+04    
      30             34         2.9121e+05      1.78e+01       6.43e-03       4.29e+04    
      31             35         2.9120e+05      1.44e+01       3.79e-03       1.41e+04    
      32             36         2.9119e+05      8.71e+00       8.02e-03       6.10e+04    
      33             37         2.9118e+05      1.28e+01       1.70e-03       2.76e+03    
      34             39         2.9117e+05      4.55e+00       2.97e-03       7.35e+03    
      35             40         2.9117e+05      4.03e+00       6.07e-03       3.05e+04    
      36             41         2.9116e+05      3.77e+00       1.38e-03       1.61e+03    
      37             42         2.9116e+05      3.01e-01       5.77e-03       2.61e+04    
      38             43         2.9116e+05      2.24e+00       3.29e-04       5.20e+02    
      39             44         2.9116e+05      1.12e-01       1.43e-03       5.47e+02    
      40             45         2.9116e+05      3.47e-03       9.03e-05       1.46e+02    
      41             49         2.9116e+05      7.76e-04       1.62e-05       1.66e+02    
`ftol` termination condition is satisfied.
Function evaluations 49, initial cost 3.1661e+05, final cost 2.9116e+05, first-order optimality 1.66e+02.
<function dIdV_all at 0x7f3fbfb1bf70> fitting results:
	V0    = -0.001756,bounds = [-0.00175585 -0.00175585]
	eps_0 = 0.006768,bounds = [0.006768 0.010152]
	eps_c = 0.000084,bounds = [0.      0.01116]
	G1    = 0.334342,bounds = [0.    1.172]
	G2    = 0.175209,bounds = [0.    0.362]
	G3    = 0.152638,bounds = [0.    0.296]
	T_surf= 18.200000,bounds = [18.2 18.2]
	tau0  = 0.010076,bounds = [0.006 0.014]
	Gamma = 0.002178,bounds = [0.00126 0.00294]
	EC    = 0.005460,bounds = [0.00354 0.00826]
	T_film= 7.000000,bounds = [7. 7.]
	RMSE  = 0.048813 

Saving plot to Mn-4Tesla/lorentz/stored_plots/7
Saving data to Mn-4Tesla/lorentz/
SLURM: finish oscillations.py
Wed 09 Aug 2023 05:42:08 AM PDT
