SLURM: start oscillations.py
Wed 09 Aug 2023 08:21:43 AM PDT
/global/u2/c/cpbunker/GitHub/transport/transport/simmons/landauer.py:131: RuntimeWarning: overflow encountered in multiply
  exp_muL = exp_muR*np.exp(-Vbint*Beta);
/global/u2/c/cpbunker/GitHub/transport/transport/simmons/landauer.py:137: RuntimeWarning: overflow encountered in true_divide
  ret_n = Beta/((exp_muL+1)*(1/exp_muL+1)); # <- fixed overflow
/global/u2/c/cpbunker/GitHub/transport/transport/simmons/landauer.py:137: RuntimeWarning: divide by zero encountered in true_divide
  ret_n = Beta/((exp_muL+1)*(1/exp_muL+1)); # <- fixed overflow
############################################################
T = 2.5 K

Loading data from Mn2Tesla/data/2.5KdIdV.txt
>>>> (2.5, 2.5, 10.5)

Fitting data
   Iteration     Total nfev        Cost      Cost reduction    Step norm     Optimality   
       0              1         3.1765e+06                                    2.00e+06    
       1              2         3.0867e+06      8.98e+04       7.82e-01       1.93e+06    
       2              3         3.0698e+06      1.69e+04       1.24e-01       1.91e+06    
       3              4         3.0465e+06      2.34e+04       4.88e-05       1.85e+06    
       4              5         3.0125e+06      3.40e+04       3.01e-01       1.52e+06    
       5              6         2.9818e+06      3.06e+04       3.61e-01       1.13e+06    
       6              7         2.9566e+06      2.53e+04       4.73e-01       6.75e+05    
       7              8         2.9411e+06      1.54e+04       5.87e-01       2.51e+05    
       8              9         2.9363e+06      4.83e+03       4.36e-01       1.18e+05    
       9             10         2.9354e+06      9.51e+02       1.29e-01       5.71e+04    
      10             11         2.9353e+06      6.34e+01       6.77e-03       2.92e+04    
      11             12         2.9353e+06      4.99e+00       1.48e-05       1.50e+04    
      12             13         2.9353e+06      1.27e+00       5.51e-07       7.61e+03    
      13             14         2.9353e+06      3.33e-01       2.57e-07       3.86e+03    
      14             15         2.9353e+06      8.91e-02       1.28e-07       1.95e+03    
      15             16         2.9353e+06      2.43e-02       6.40e-08       9.85e+02    
`ftol` termination condition is satisfied.
Function evaluations 16, initial cost 3.1765e+06, final cost 2.9353e+06, first-order optimality 9.85e+02.
<function dIdV_all_zero at 0x7feb58da0ee0> fitting results:
	V0    = -0.001147,bounds = [-0.012184  0.012184]
	eps_0 = 0.004320,bounds = [0.00432 0.00432]
	eps_c = 0.004870,bounds = [0.00487 0.00487]
	G1    = 0.525000,bounds = [0.525 0.525]
	G2    = 0.143000,bounds = [0.143 0.143]
	G3    = 0.161000,bounds = [0.161 0.161]
	T_surf= 13.700000,bounds = [ 7.3 13.7]
	tau0  = 0.009516,bounds = [0.006 0.014]
	Gamma = 0.002280,bounds = [0.00228 0.00228]
	EC    = 0.005830,bounds = [0.00354 0.00826]
	RMSE  = 0.053127 


Fitting data
   Iteration     Total nfev        Cost      Cost reduction    Step norm     Optimality   
       0              1         3.4620e+05                                    2.90e+05    
       1              2         3.4214e+05      4.05e+03       2.18e-04       1.30e+05    
       2              3         3.4205e+05      9.06e+01       1.31e-05       7.51e+04    
       3              4         3.4202e+05      2.95e+01       1.31e-06       2.77e+04    
       4              5         3.4202e+05      4.11e+00       4.89e-07       1.01e+04    
       5              6         3.4202e+05      1.34e+00       1.43e-06       8.92e+03    
       6              7         3.4202e+05      3.48e-01       4.29e-07       8.52e+03    
       7              8         3.4202e+05      4.27e-01       1.62e-07       2.89e+03    
       8              9         3.4202e+05      1.30e+00       2.49e-06       2.23e+03    
       9             10         3.4202e+05      3.53e-01       1.25e-06       1.68e+03    
      10             11         3.4202e+05      1.34e-01       1.01e-06       1.01e+03    
      11             12         3.4202e+05      1.73e-02       3.66e-07       4.58e+02    
      12             13         3.4202e+05      1.81e-03       4.32e-08       1.77e+02    
`ftol` termination condition is satisfied.
Function evaluations 13, initial cost 3.4620e+05, final cost 3.4202e+05, first-order optimality 1.77e+02.
<function dIdV_all_zero at 0x7feb58da0ee0> fitting results:
	V0    = -0.001122,bounds = [-0.012184  0.012184]
	eps_0 = 0.004320,bounds = [0.00432 0.00432]
	eps_c = 0.004870,bounds = [0.00487 0.00487]
	G1    = 0.525000,bounds = [0.525 0.525]
	G2    = 0.143000,bounds = [0.143 0.143]
	G3    = 0.161000,bounds = [0.161 0.161]
	T_surf= 13.700000,bounds = [ 7.3 13.7]
	tau0  = 0.009280,bounds = [0.006 0.014]
	Gamma = 0.002280,bounds = [0.00228 0.00228]
	EC    = 0.005821,bounds = [0.00354 0.00826]
	RMSE  = 0.051702 


Fitting data
   Iteration     Total nfev        Cost      Cost reduction    Step norm     Optimality   
       0              1         3.4192e+05                                    2.77e+04    
       1              2         3.4188e+05      4.79e+01       8.99e-06       2.22e+04    
       2              3         3.4187e+05      8.47e+00       1.83e-06       2.11e+04    
       3              4         3.4186e+05      5.27e+00       1.39e-06       2.06e+04    
       4              5         3.4186e+05      4.60e+00       1.11e-06       1.97e+04    
       5              6         3.4185e+05      4.89e+00       1.42e-06       1.92e+04    
       6              7         3.4185e+05      7.66e+00       1.93e-06       1.80e+04    
       7              8         3.4183e+05      1.27e+01       3.51e-06       1.58e+04    
       8              9         3.4181e+05      1.95e+01       6.62e-06       1.17e+04    
       9             10         3.4180e+05      1.51e+01       7.47e-06       7.16e+03    
      10             11         3.4179e+05      7.71e+00       7.30e-06       2.68e+03    
      11             12         3.4179e+05      1.24e+00       3.74e-06       7.26e+02    
      12             13         3.4179e+05      2.85e-02       6.09e-07       2.03e+02    
      13             14         3.4179e+05      4.48e-04       1.34e-08       6.55e+01    
`ftol` termination condition is satisfied.
Function evaluations 14, initial cost 3.4192e+05, final cost 3.4179e+05, first-order optimality 6.55e+01.
<function dIdV_all at 0x7feb58da0f70> fitting results:
	V0    = -0.001122,bounds = [-0.0011222 -0.0011222]
	eps_0 = 0.004320,bounds = [0.00432 0.00432]
	eps_c = 0.004870,bounds = [0.00487 0.00487]
	G1    = 0.525000,bounds = [0.525 0.525]
	G2    = 0.143000,bounds = [0.143 0.143]
	G3    = 0.161000,bounds = [0.161 0.161]
	T_surf= 13.700000,bounds = [13.7 13.7]
	tau0  = 0.009325,bounds = [0.006 0.014]
	Gamma = 0.002280,bounds = [0.00228 0.00228]
	EC    = 0.005822,bounds = [0.00354 0.00826]
	T_film= 2.500000,bounds = [ 2.5 10.5]
	RMSE  = 0.051685 

Saving plot to Mn2Tesla/lorentz/stored_plots/2
Saving data to Mn2Tesla/lorentz/
SLURM: finish oscillations.py
Wed 09 Aug 2023 08:23:45 AM PDT
