SLURM: start oscillations.py
Wed 09 Aug 2023 08:20:34 AM PDT
############################################################
T = 7.0 K

Loading data from Mn4Tesla/data/7.0KdIdV.txt
>>>> (7.0, 7.0, 15.0)

Fitting data
   Iteration     Total nfev        Cost      Cost reduction    Step norm     Optimality   
       0              1         1.6225e+06                                    7.29e+06    
       1              2         1.2075e+06      4.15e+05       1.98e+00       7.69e+06    
       2              3         7.7073e+05      4.37e+05       4.26e-01       6.25e+06    
       3              4         5.2688e+05      2.44e+05       1.74e-02       4.43e+06    
       4              5         3.9967e+05      1.27e+05       2.63e-01       3.08e+06    
       5              6         3.4434e+05      5.53e+04       5.88e-02       1.81e+06    
       6              7         3.2695e+05      1.74e+04       9.54e-02       9.41e+05    
       7              8         3.2248e+05      4.47e+03       1.58e-02       4.60e+05    
       8              9         3.2143e+05      1.05e+03       5.27e-03       2.18e+05    
       9             10         3.2120e+05      2.33e+02       4.20e-03       1.02e+05    
      10             11         3.2115e+05      5.09e+01       2.43e-03       4.72e+04    
      11             12         3.2114e+05      1.10e+01       1.24e-03       2.19e+04    
      12             13         3.2113e+05      2.37e+00       5.95e-04       1.01e+04    
      13             14         3.2113e+05      5.16e-01       2.80e-04       4.66e+03    
      14             15         3.2113e+05      1.14e-01       1.30e-04       2.15e+03    
      15             16         3.2113e+05      2.64e-02       6.08e-05       9.94e+02    
      16             17         3.2113e+05      6.56e-03       2.77e-05       4.59e+02    
      17             18         3.2113e+05      1.83e-03       1.31e-05       2.12e+02    
`ftol` termination condition is satisfied.
Function evaluations 18, initial cost 1.6225e+06, final cost 3.2113e+05, first-order optimality 2.12e+02.
<function dIdV_all_zero at 0x7fc6b1ec5ee0> fitting results:
	V0    = -0.001682,bounds = [-0.012208  0.012208]
	eps_0 = 0.004320,bounds = [0.00432 0.00432]
	eps_c = 0.000027,bounds = [2.7000000e-05 2.7000001e-05]
	G1    = 0.333000,bounds = [0.333 0.333]
	G2    = 0.159000,bounds = [0.159 0.159]
	G3    = 0.194000,bounds = [0.194 0.194]
	T_surf= 17.751504,bounds = [11.8 18.2]
	tau0  = 0.009630,bounds = [0.006 0.014]
	Gamma = 0.002250,bounds = [0.00225 0.00225]
	EC    = 0.005447,bounds = [0.00354 0.00826]
	RMSE  = 0.051264 


Fitting data
   Iteration     Total nfev        Cost      Cost reduction    Step norm     Optimality   
       0              1         3.2113e+05                                    2.12e+02    
       1              2         3.2113e+05      1.24e-03       5.93e-06       9.82e+01    
`ftol` termination condition is satisfied.
Function evaluations 2, initial cost 3.2113e+05, final cost 3.2113e+05, first-order optimality 9.82e+01.
<function dIdV_all_zero at 0x7fc6b1ec5ee0> fitting results:
	V0    = -0.001682,bounds = [-0.012208  0.012208]
	eps_0 = 0.004320,bounds = [0.00432 0.00432]
	eps_c = 0.000027,bounds = [2.7000000e-05 2.7000001e-05]
	G1    = 0.333000,bounds = [0.333 0.333]
	G2    = 0.159000,bounds = [0.159 0.159]
	G3    = 0.194000,bounds = [0.194 0.194]
	T_surf= 17.751510,bounds = [11.8 18.2]
	tau0  = 0.009630,bounds = [0.006 0.014]
	Gamma = 0.002250,bounds = [0.00225 0.00225]
	EC    = 0.005447,bounds = [0.00354 0.00826]
	RMSE  = 0.051264 


Fitting data
   Iteration     Total nfev        Cost      Cost reduction    Step norm     Optimality   
       0              1         2.9624e+05                                    5.55e+05    
       1              2         2.8967e+05      6.57e+03       2.07e-04       3.02e+05    
       2              3         2.8940e+05      2.75e+02       4.08e-06       6.97e+04    
       3              4         2.8907e+05      3.28e+02       2.51e-05       6.43e+04    
       4              5         2.8904e+05      2.69e+01       2.39e-06       6.36e+04    
       5              6         2.8902e+05      2.09e+01       1.35e-06       4.49e+04    
       6              7         2.8859e+05      4.37e+02       7.83e-05       3.13e+04    
       7              8         2.8858e+05      3.28e+00       2.36e-06       9.42e+03    
       8              9         2.8858e+05      2.68e-01       4.26e-07       2.58e+03    
       9             10         2.8858e+05      1.87e-02       1.08e-07       6.93e+02    
      10             11         2.8858e+05      9.82e-04       2.89e-08       1.86e+02    
`ftol` termination condition is satisfied.
Function evaluations 11, initial cost 2.9624e+05, final cost 2.8858e+05, first-order optimality 1.86e+02.
<function dIdV_all at 0x7fc6b1ec5f70> fitting results:
	V0    = -0.001682,bounds = [-0.00168201 -0.00168201]
	eps_0 = 0.004320,bounds = [0.00432 0.00432]
	eps_c = 0.000027,bounds = [2.7000000e-05 2.7000001e-05]
	G1    = 0.333000,bounds = [0.333 0.333]
	G2    = 0.159000,bounds = [0.159 0.159]
	G3    = 0.194000,bounds = [0.194 0.194]
	T_surf= 17.751510,bounds = [17.75151019 17.75151019]
	tau0  = 0.009947,bounds = [0.006 0.014]
	Gamma = 0.002250,bounds = [0.00225 0.00225]
	EC    = 0.005463,bounds = [0.00354 0.00826]
	T_film= 7.000000,bounds = [ 7. 15.]
	RMSE  = 0.048596 

Saving plot to Mn4Tesla/lorentz/stored_plots/7
Saving data to Mn4Tesla/lorentz/
SLURM: finish oscillations.py
Wed 09 Aug 2023 08:22:09 AM PDT
