SLURM: start osc3islands.py
Sat 16 Sep 2023 06:17:19 AM PDT
/global/common/software/nersc/pm-2022q3/sw/python/3.9-anaconda-2021.11/lib/python3.9/site-packages/scipy/optimize/_lsq/common.py:115: RuntimeWarning: overflow encountered in power
  phi_prime = -np.sum(suf ** 2 / denom**3) / p_norm
/global/common/software/nersc/pm-2022q3/sw/python/3.9-anaconda-2021.11/lib/python3.9/site-packages/scipy/optimize/_lsq/common.py:154: RuntimeWarning: invalid value encountered in double_scalars
  ratio = phi / phi_prime
/global/common/software/nersc/pm-2022q3/sw/python/3.9-anaconda-2021.11/lib/python3.9/site-packages/scipy/optimize/_lsq/trf.py:363: RuntimeWarning: divide by zero encountered in double_scalars
  alpha *= Delta / Delta_new
/global/common/software/nersc/pm-2022q3/sw/python/3.9-anaconda-2021.11/lib/python3.9/site-packages/scipy/optimize/_lsq/common.py:132: RuntimeWarning: divide by zero encountered in double_scalars
  alpha_upper = norm(suf) / Delta
############################################################
T = 3.0 K

Loading data from MnTrilayer/data/3.0KdIdV.txt

Fitting data
`ftol` termination condition is satisfied.
Function evaluations 10, initial cost 2.4234e+06, final cost 1.5298e+06, first-order optimality 6.73e-01.
<function dIdV_back at 0x7f71c8b37c10> fitting results:
	V0    = -0.000158,bounds = [-0.00434546  0.00016746]
	eps_0 = 0.001000,bounds = [0.001 0.003]
	eps_c = 0.004000,bounds = [0.    0.004]
	G1    = 51.373528,bounds = [25. 75.]
	G2    = 1.027790,bounds = [0.6 1.8]
	G3    = 0.250000,bounds = [0.25 0.75]
	T_surf= 3.000000,bounds = [3. 3.]
	Gamma = 0.000600,bounds = [0.0006 0.0006]
	RMSE  = 0.045026 


Fitting data
`ftol` termination condition is satisfied.
Function evaluations 6, initial cost 3.5342e+05, final cost 3.5133e+05, first-order optimality 6.90e-03.
<function dIdV_back at 0x7f71c8b37c10> fitting results:
	V0    = -0.002089,bounds = [-0.002089 -0.002089]
	eps_0 = 0.001000,bounds = [0.001 0.003]
	eps_c = 0.004000,bounds = [0.    0.004]
	G1    = 50.811680,bounds = [25. 75.]
	G2    = 1.049417,bounds = [0.6 1.8]
	G3    = 0.250000,bounds = [0.25 0.75]
	T_surf= 3.000000,bounds = [3. 3.]
	Gamma = 0.000600,bounds = [0.0006 0.0006]
	RMSE  = 0.047458 


Fitting data
`ftol` termination condition is satisfied.
Function evaluations 38, initial cost 6.0793e+06, final cost 2.8644e+05, first-order optimality 6.16e-01.
<function dIdV_all_zero at 0x7f71c8b37ee0> fitting results:
	V0    = -0.002089,bounds = [-0.002089 -0.002089]
	eps_0 = 0.001000,bounds = [0.001 0.003]
	eps_c = 0.003134,bounds = [0.    0.004]
	G1    = 75.000000,bounds = [25. 75.]
	G2    = 1.194405,bounds = [0.6 1.8]
	G3    = 0.250000,bounds = [0.25 0.75]
	T_surf= 3.000000,bounds = [3. 3.]
	tau0  = 0.001021,bounds = [0.001 0.003]
	Gamma = 0.000488,bounds = [0.0003 0.0009]
	EC    = 0.001269,bounds = [0.0006 0.0018]
	RMSE  = 0.042851 


Fitting data
`ftol` termination condition is satisfied.
Function evaluations 102, initial cost 2.8644e+05, final cost 2.7844e+05, first-order optimality 3.85e+04.
<function dIdV_all_fine at 0x7f71c8b37f70> fitting results:
	V0    = -0.002089,bounds = [-0.002089 -0.002089]
	eps_0 = 0.001000,bounds = [0.001 0.003]
	eps_c = 0.003222,bounds = [0.    0.004]
	G1    = 74.999548,bounds = [25. 75.]
	G2    = 1.195630,bounds = [0.6 1.8]
	G3    = 0.250000,bounds = [0.25 0.75]
	EC1   = 0.001281,bounds = [0.00063455 0.00190364]
	EC2   = 0.001133,bounds = [0.00057109 0.00171328]
	EC3   = 0.001016,bounds = [0.00050764 0.00152291]
	RMSE  = 0.042249 

Trial # 0  ECs =  [0.0010853  0.00099791 0.0016785 ]
   Iteration     Total nfev        Cost      Cost reduction    Step norm     Optimality   
       0              1         2.1696e+02                                    9.55e+02    
       1              9         2.1511e+02      1.86e+00       9.77e-07       7.25e+02    
       2             10         2.1487e+02      2.36e-01       1.60e-07       2.85e+02    
`xtol` termination condition is satisfied.
Function evaluations 10, initial cost 2.1696e+02, final cost 2.1487e+02, first-order optimality 2.85e+02.
   Iteration     Total nfev        Cost      Cost reduction    Step norm     Optimality   
       0              1         2.1561e+02                                    1.85e+02    
       1              4         2.1540e+02      2.07e-01       2.57e-02       1.62e+01    
       2              5         2.1494e+02      4.57e-01       2.75e-02       9.47e+01    
       3              9         2.1464e+02      2.99e-01       1.08e-04       1.05e+02    
       4             10         2.1462e+02      2.25e-02       8.20e-04       3.59e+01    
       5             11         2.1462e+02      4.67e-03       1.02e-03       5.94e+00    
       6             12         2.1461e+02      6.39e-03       3.39e-03       2.86e+00    
       7             13         2.1460e+02      1.42e-02       6.70e-03       4.31e+00    
       8             14         2.1456e+02      3.60e-02       1.37e-02       7.22e+00    
       9             15         2.1443e+02      1.32e-01       2.86e-02       1.36e+01    
      10             16         2.1385e+02      5.81e-01       7.92e-02       1.44e+02    
      11             17         2.1374e+02      1.04e-01       1.71e-01       1.45e+01    
      12             18         2.1373e+02      9.62e-03       2.50e-01       9.75e+00    
      13             20         2.1372e+02      9.51e-03       5.57e-03       3.22e+01    
      14             21         2.1372e+02      6.86e-03       2.63e-02       2.09e+01    
      15             22         2.1371e+02      8.76e-03       1.44e-02       2.85e+01    
      16             23         2.1370e+02      6.28e-03       3.03e-02       2.17e+01    
      17             24         2.1369e+02      8.32e-03       2.25e-02       2.66e+01    
      18             25         2.1369e+02      1.15e-03       1.31e-03       1.18e+01    
      19             26         2.1369e+02      2.61e-03       5.01e-02       1.04e+01    
      20             27         2.1369e+02      1.57e-03       1.11e-01       5.41e+00    
      21             28         2.1369e+02      2.35e-04       1.73e-02       2.85e+00    
      22             29         2.1369e+02      1.04e-05       1.06e-04       1.39e+00    
      23             30         2.1369e+02      3.76e-06       7.34e-05       6.51e-01    
      24             31         2.1369e+02      1.45e-06       3.77e-05       2.68e-01    
`ftol` termination condition is satisfied.
Function evaluations 31, initial cost 2.1561e+02, final cost 2.1369e+02, first-order optimality 2.68e-01.
   Iteration     Total nfev        Cost      Cost reduction    Step norm     Optimality   
       0              1         2.1614e+02                                    9.19e+01    
       1              8         2.1465e+02      1.49e+00       2.87e-05       6.03e+02    
       2              9         2.1423e+02      4.16e-01       1.66e-04       6.54e+01    
       3             10         2.1410e+02      1.30e-01       2.39e-04       2.28e+01    
       4             11         2.1407e+02      3.21e-02       2.33e-04       1.49e+01    
       5             12         2.1406e+02      3.47e-03       3.33e-05       7.13e+01    
       6             13         2.1406e+02      6.21e-03       6.65e-05       2.04e+00    
       7             14         2.1406e+02      1.34e-05       2.40e-04       2.05e-01    
       8             15         2.1406e+02      5.85e-04       2.37e-03       8.56e-02    
       9             16         2.1406e+02      2.24e-04       5.02e-03       2.13e-02    
      10             17         2.1406e+02      6.45e-04       9.97e-03       8.00e-02    
      11             18         2.1405e+02      2.57e-03       1.94e-02       3.42e-01    
      12             19         2.1405e+02      5.89e-03       1.71e-02       1.14e+00    
      13             20         2.1405e+02      4.90e-05       8.67e-05       2.71e-01    
      14             21         2.1405e+02      1.02e-06       7.47e-05       3.60e-01    
`ftol` termination condition is satisfied.
Function evaluations 21, initial cost 2.1614e+02, final cost 2.1405e+02, first-order optimality 3.60e-01.
   Iteration     Total nfev        Cost      Cost reduction    Step norm     Optimality   
       0              1         2.1607e+02                                    4.90e+02    
       1              2         2.1493e+02      1.14e+00       2.94e-02       1.22e+02    
       2              3         2.1482e+02      1.15e-01       4.14e-03       1.17e+02    
       3              4         2.1441e+02      4.06e-01       2.40e-02       5.18e+01    
       4              7         2.1418e+02      2.34e-01       5.11e-03       8.31e+01    
       5              8         2.1382e+02      3.56e-01       4.55e-03       1.32e+02    
       6             11         2.1358e+02      2.36e-01       6.41e-05       1.60e+02    
       7             12         2.1355e+02      3.41e-02       1.28e-04       1.20e+02    
       8             13         2.1326e+02      2.89e-01       8.97e-05       8.00e+01    
       9             14         2.1318e+02      8.13e-02       5.77e-04       6.41e+01    
      10             15         2.1317e+02      5.36e-03       1.25e-03       2.86e+01    
      11             16         2.1316e+02      9.19e-03       2.50e-03       1.73e+01    
      12             17         2.1315e+02      1.85e-02       4.96e-03       1.08e+01    
      13             18         2.1311e+02      3.69e-02       9.95e-03       1.26e+01    
      14             19         2.1303e+02      7.86e-02       2.12e-02       6.54e+01    
      15             20         2.1292e+02      1.14e-01       3.65e-02       1.04e+02    
      16             21         2.1269e+02      2.23e-01       4.31e-02       1.53e+02    
      17             22         2.1239e+02      3.04e-01       1.40e-02       7.39e+01    
      18             24         2.1221e+02      1.83e-01       1.10e-02       3.21e+02    
      19             25         2.1205e+02      1.55e-01       3.42e-03       1.96e+01    
      20             26         2.1205e+02      4.06e-03       7.97e-04       2.09e+01    
      21             27         2.1204e+02      6.87e-03       1.56e-03       1.80e+01    
      22             28         2.1204e+02      3.75e-03       8.68e-04       1.77e+01    
      23             29         2.1203e+02      7.85e-03       1.89e-03       1.11e+01    
      24             30         2.1202e+02      1.42e-02       3.54e-03       1.43e+01    
      25             31         2.1201e+02      9.52e-03       1.74e-03       3.63e+00    
      26             32         2.1199e+02      1.73e-02       4.76e-03       2.66e+01    
      27             33         2.1198e+02      7.84e-03       5.36e-04       1.07e+00    
      28             34         2.1196e+02      1.73e-02       6.16e-03       4.55e+01    
      29             35         2.1195e+02      1.33e-02       8.36e-03       9.99e-01    
      30             36         2.1194e+02      8.41e-03       2.79e-02       3.68e+00    
      31             37         2.1194e+02      4.18e-04       1.46e-03       1.94e-01    
      32             38         2.1194e+02      4.90e-04       1.82e-03       6.73e-02    
      33             39         2.1194e+02      4.50e-06       7.53e-04       1.76e-02    
      34             40         2.1194e+02      2.63e-08       6.70e-03       1.01e-03    
`ftol` termination condition is satisfied.
Function evaluations 40, initial cost 2.1607e+02, final cost 2.1194e+02, first-order optimality 1.01e-03.
   Iteration     Total nfev        Cost      Cost reduction    Step norm     Optimality   
       0              1         2.1790e+02                                    6.70e+01    
       1              4         2.1783e+02      6.54e-02       1.69e+00       1.56e+01    
       2              7         2.1757e+02      2.64e-01       3.38e-03       4.82e+00    
       3              8         2.1755e+02      1.56e-02       9.50e-02       3.54e-02    
       4              9         2.1755e+02      1.13e-06       1.08e-03       1.43e-03    
`ftol` termination condition is satisfied.
Function evaluations 9, initial cost 2.1790e+02, final cost 2.1755e+02, first-order optimality 1.43e-03.
Trial # 20000  ECs =  [0.00120354 0.00138923 0.0012969 ]
   Iteration     Total nfev        Cost      Cost reduction    Step norm     Optimality   
       0              1         2.1754e+02                                    3.35e+02    
       1              8         2.1732e+02      2.26e-01       5.20e-06       9.74e+00    
       2              9         2.1731e+02      8.17e-03       9.79e-06       1.07e+01    
       3             10         2.1729e+02      1.80e-02       1.95e-05       1.23e+01    
       4             11         2.1724e+02      4.77e-02       3.88e-05       2.70e+01    
       5             12         2.1707e+02      1.75e-01       7.68e-05       7.38e+01    
       6             13         2.1692e+02      1.48e-01       1.52e-04       1.62e+02    
       7             14         2.1649e+02      4.28e-01       1.23e-04       2.67e+01    
       8             15         2.1647e+02      2.28e-02       2.47e-03       1.69e+01    
       9             16         2.1647e+02      1.75e-03       3.46e-08       5.29e+00    
`xtol` termination condition is satisfied.
Function evaluations 16, initial cost 2.1754e+02, final cost 2.1647e+02, first-order optimality 5.29e+00.
   Iteration     Total nfev        Cost      Cost reduction    Step norm     Optimality   
       0              1         2.1371e+02                                    1.56e+03    
       1              2         2.1337e+02      3.47e-01       4.75e-03       1.65e+03    
       2              3         2.1303e+02      3.39e-01       2.18e-03       6.62e+01    
       3              4         2.1302e+02      8.62e-03       1.57e-03       1.23e+02    
       4              5         2.1301e+02      9.86e-03       3.79e-03       8.87e+01    
       5              6         2.1301e+02      1.46e-03       8.56e-05       2.02e+01    
       6              7         2.1301e+02      1.42e-04       4.06e-05       4.56e+00    
       7              8         2.1301e+02      1.05e-05       1.02e-04       1.15e+00    
       8              9         2.1301e+02      1.89e-06       1.76e-04       2.65e-01    
`ftol` termination condition is satisfied.
Function evaluations 9, initial cost 2.1371e+02, final cost 2.1301e+02, first-order optimality 2.65e-01.
Trial # 40000  ECs =  [0.00186785 0.00162798 0.00148304]
   Iteration     Total nfev        Cost      Cost reduction    Step norm     Optimality   
       0              1         2.1585e+02                                    2.20e+02    
       1              2         2.1570e+02      1.52e-01       1.40e+00       7.85e+02    
       2              3         2.1542e+02      2.84e-01       4.30e-02       3.20e+02    
       3              4         2.1534e+02      7.75e-02       4.97e-02       3.70e+00    
       4              5         2.1534e+02      2.40e-03       2.21e-01       1.67e+01    
       5              6         2.1533e+02      1.52e-03       2.43e-02       5.19e+00    
       6              7         2.1533e+02      1.74e-03       2.23e-01       7.60e+00    
       7              8         2.1533e+02      2.15e-03       3.27e-02       1.05e+01    
       8             10         2.1533e+02      1.23e-03       1.09e-02       4.96e+00    
       9             11         2.1533e+02      1.89e-03       2.36e-02       1.62e+01    
      10             12         2.1533e+02      2.21e-03       7.07e-02       1.61e+01    
      11             13         2.1532e+02      1.91e-03       4.62e-02       1.40e+01    
      12             14         2.1532e+02      1.54e-03       3.26e-02       1.18e+01    
      13             15         2.1532e+02      1.90e-03       4.96e-02       1.60e+01    
      14             16         2.1532e+02      1.95e-03       4.13e-02       1.03e+01    
      15             17         2.1532e+02      1.84e-03       5.73e-02       1.43e+01    
      16             18         2.1532e+02      1.58e-03       4.00e-02       8.65e+00    
      17             19         2.1531e+02      1.66e-03       6.65e-02       1.18e+01    
      18             20         2.1531e+02      1.64e-03       5.92e-02       7.64e+00    
      19             21         2.1531e+02      1.64e-03       8.84e-02       9.89e+00    
      20             22         2.1531e+02      1.35e-03       6.76e-02       5.49e+00    
      21             23         2.1531e+02      1.41e-03       1.09e-01       6.30e+00    
      22             24         2.1531e+02      1.34e-03       1.13e-01       3.69e+00    
      23             25         2.1530e+02      1.45e-03       1.87e-01       8.42e-01    
      24             26         2.1530e+02      1.45e-03       1.94e-01       6.37e+00    
      25             27         2.1530e+02      1.84e-03       2.15e-02       8.55e-01    
      26             28         2.1530e+02      4.86e-03       8.12e-02       6.17e+00    
      27             29         2.1527e+02      2.78e-02       5.49e-02       2.51e+01    
      28             30         2.1498e+02      2.93e-01       4.07e-01       6.58e+01    
      29             36         2.1471e+02      2.69e-01       1.48e-05       4.19e+01    
      30             37         2.1459e+02      1.16e-01       4.18e-05       2.58e+01    
      31             38         2.1456e+02      2.87e-02       4.84e-04       4.50e+01    
      32             39         2.1455e+02      1.27e-02       1.27e-03       3.23e+01    
      33             40         2.1454e+02      5.48e-03       2.70e-03       1.55e+01    
      34             41         2.1454e+02      3.13e-03       5.50e-03       5.98e-01    
      35             42         2.1454e+02      1.10e-03       1.22e-02       2.61e+01    
      36             43         2.1454e+02      2.28e-03       8.44e-02       4.44e-01    
      37             44         2.1454e+02      2.16e-04       1.05e-02       3.21e+01    
      38             45         2.1454e+02      1.58e-03       1.61e-02       1.46e+00    
      39             46         2.1454e+02      4.73e-04       7.28e-03       1.10e+01    
      40             47         2.1453e+02      7.29e-04       7.55e-02       6.00e-01    
      41             49         2.1453e+02      3.08e-04       1.03e-02       1.31e+01    
      42             50         2.1453e+02      4.53e-04       3.27e-02       1.25e+00    
      43             52         2.1453e+02      1.86e-04       6.40e-03       3.66e+00    
      44             53         2.1453e+02      3.11e-04       2.36e-02       6.49e+00    
      45             54         2.1453e+02      5.27e-04       7.29e-02       1.64e+00    
      46             55         2.1453e+02      5.40e-04       1.52e-01       2.11e+01    
      47             56         2.1453e+02      8.27e-04       1.29e-01       3.03e+00    
      48             57         2.1453e+02      2.58e-04       2.58e-02       2.21e+01    
      49             58         2.1453e+02      7.52e-04       1.25e-01       2.26e+00    
      50             61         2.1453e+02      5.25e-05       1.51e-03       2.32e+00    
      51             62         2.1453e+02      9.89e-05       1.60e-02       2.81e+00    
      52             63         2.1453e+02      1.75e-04       3.84e-02       4.18e+00    
      53             64         2.1453e+02      3.29e-04       9.02e-02       2.44e-01    
      54             66         2.1453e+02      3.48e-05       3.38e-02       1.34e+01    
      55             67         2.1453e+02      1.82e-04       1.05e-02       7.95e-01    
      56             68         2.1453e+02      7.63e-05       1.73e-02       3.20e+00    
      57             69         2.1453e+02      1.59e-04       4.32e-02       1.71e+00    
      58             70         2.1453e+02      2.81e-04       9.00e-02       4.19e+00    
      59             71         2.1453e+02      5.09e-04       2.01e-01       1.23e+01    
      60             72         2.1453e+02      3.63e-04       4.17e-02       5.52e+00    
      61             73         2.1453e+02      3.22e-04       1.39e-01       6.21e+00    
      62             74         2.1453e+02      3.77e-04       1.78e-01       1.32e+01    
      63             75         2.1453e+02      2.55e-05       1.49e-09       7.36e-01    
`xtol` termination condition is satisfied.
Function evaluations 75, initial cost 2.1585e+02, final cost 2.1453e+02, first-order optimality 7.36e-01.
   Iteration     Total nfev        Cost      Cost reduction    Step norm     Optimality   
       0              1         2.1481e+02                                    1.12e+03    
       1              3         2.1468e+02      1.31e-01       4.45e-02       5.85e+02    
       2              5         2.1423e+02      4.44e-01       7.46e-04       1.94e+02    
       3              7         2.1386e+02      3.75e-01       2.43e-04       6.14e+01    
       4              8         2.1365e+02      2.08e-01       7.30e-04       3.32e+02    
       5              9         2.1357e+02      8.05e-02       5.68e-04       1.37e+01    
       6             10         2.1353e+02      3.73e-02       1.29e-03       3.91e+00    
       7             11         2.1348e+02      4.92e-02       4.60e-03       5.51e+00    
       8             12         2.1344e+02      4.01e-02       1.20e-02       9.58e+00    
       9             13         2.1343e+02      1.06e-02       8.72e-02       1.24e+00    
      10             14         2.1327e+02      1.58e-01       4.58e-02       3.90e+01    
      11             16         2.1291e+02      3.67e-01       1.23e-02       2.73e+02    
      12             19         2.1274e+02      1.71e-01       2.15e-04       1.09e+02    
      13             20         2.1267e+02      7.20e-02       7.26e-03       1.88e+00    
      14             21         2.1266e+02      1.84e-03       2.77e-03       1.36e+00    
      15             22         2.1266e+02      2.07e-03       5.75e-03       1.39e+00    
      16             23         2.1266e+02      3.44e-04       2.21e-03       6.46e-01    
      17             24         2.1266e+02      1.62e-04       1.44e-03       3.14e-01    
      18             25         2.1266e+02      1.59e-04       2.70e-03       3.39e+00    
      19             26         2.1266e+02      6.93e-05       6.33e-03       2.79e-01    
      20             28         2.1266e+02      1.19e-04       2.89e-03       2.61e+00    
      21             29         2.1266e+02      5.76e-05       2.18e-02       8.64e-01    
      22             30         2.1266e+02      7.96e-05       2.86e-02       1.38e+00    
      23             31         2.1266e+02      8.45e-05       2.99e-02       1.07e+00    
      24             32         2.1266e+02      9.82e-05       3.60e-02       1.78e+00    
      25             33         2.1266e+02      5.94e-05       1.78e-02       8.00e-01    
      26             34         2.1266e+02      9.84e-05       4.80e-02       3.61e+00    
      27             35         2.1266e+02      5.94e-05       7.67e-03       1.33e+00    
      28             36         2.1266e+02      7.21e-05       2.61e-02       1.27e+00    
      29             37         2.1266e+02      7.99e-05       3.17e-02       1.50e+00    
      30             38         2.1266e+02      7.03e-05       2.68e-02       1.08e+00    
      31             39         2.1266e+02      7.01e-05       3.10e-02       1.60e+00    
      32             40         2.1266e+02      6.33e-05       2.50e-02       9.42e-01    
      33             41         2.1266e+02      6.95e-05       3.63e-02       2.10e+00    
      34             42         2.1266e+02      5.41e-05       1.89e-02       5.93e-01    
      35             43         2.1266e+02      5.67e-05       4.51e-02       3.48e+00    
      36             44         2.1266e+02      6.01e-05       1.04e-02       6.22e-01    
      37             46         2.1266e+02      4.56e-05       2.19e-03       1.02e+00    
      38             47         2.1266e+02      5.55e-05       2.69e-02       2.14e+00    
      39             48         2.1266e+02      4.42e-05       1.86e-02       5.81e-01    
      40             50         2.1266e+02      3.78e-05       2.15e-03       9.06e-01    
      41             51         2.1266e+02      4.61e-05       2.29e-02       2.31e+00    
      42             52         2.1266e+02      2.97e-05       1.11e-02       9.81e-01    
      43             53         2.1266e+02      4.08e-05       3.28e-02       1.80e+00    
      44             54         2.1266e+02      2.44e-05       1.19e-02       8.79e-01    
      45             55         2.1266e+02      3.69e-05       3.60e-02       1.92e+00    
      46             56         2.1266e+02      3.14e-05       1.61e-02       4.32e-01    
      47             58         2.1266e+02      2.48e-05       2.18e-03       8.07e-01    
      48             59         2.1266e+02      2.92e-05       2.59e-02       1.76e+00    
      49             60         2.1266e+02      2.54e-05       1.61e-02       4.37e-01    
      50             62         2.1266e+02      1.96e-05       2.16e-03       7.29e-01    
      51             63         2.1266e+02      2.26e-05       2.51e-02       1.60e+00    
      52             64         2.1266e+02      1.81e-05       1.31e-02       5.09e-01    
      53             65         2.1266e+02      1.26e-05       3.89e-02       2.31e+00    
      54             66         2.1266e+02      2.48e-05       9.07e-03       2.16e-01    
      55             68         2.1266e+02      1.24e-05       2.12e-03       6.68e-01    
      56             69         2.1266e+02      1.13e-05       2.03e-02       6.66e-01    
      57             70         2.1266e+02      1.25e-05       2.51e-02       7.73e-01    
      58             71         2.1266e+02      1.06e-05       1.93e-02       4.83e-01    
      59             72         2.1266e+02      9.35e-06       2.74e-02       9.09e-01    
      60             73         2.1266e+02      7.96e-06       1.35e-02       2.42e-01    
      61             75         2.1266e+02      5.00e-06       1.54e-03       2.91e-01    
      62             76         2.1266e+02      4.96e-06       6.87e-03       1.11e+00    
      63             77         2.1266e+02      6.03e-06       8.47e-03       1.46e-01    
      64             79         2.1266e+02      3.18e-06       1.51e-03       2.81e-01    
      65             80         2.1266e+02      3.31e-06       1.78e-02       6.02e-01    
      66             81         2.1266e+02      2.08e-06       6.17e-03       2.59e-01    
`ftol` termination condition is satisfied.
Function evaluations 81, initial cost 2.1481e+02, final cost 2.1266e+02, first-order optimality 2.59e-01.
   Iteration     Total nfev        Cost      Cost reduction    Step norm     Optimality   
       0              1         2.1681e+02                                    5.45e+02    
       1              5         2.1602e+02      7.98e-01       1.62e-03       1.64e+02    
       2              6         2.1368e+02      2.34e+00       6.30e-04       2.60e+02    
       3              7         2.1299e+02      6.87e-01       1.13e-02       2.12e+01    
       4              8         2.1290e+02      8.57e-02       2.34e-02       4.09e+01    
       5              9         2.1232e+02      5.83e-01       2.77e-02       6.38e+01    
       6             13         2.1223e+02      8.64e-02       4.68e-04       2.25e+02    
       7             14         2.1210e+02      1.33e-01       1.33e-03       3.23e+01    
       8             15         2.1206e+02      4.50e-02       2.90e-03       1.77e+01    
       9             16         2.1200e+02      5.95e-02       5.96e-03       1.15e+01    
      10             17         2.1195e+02      5.00e-02       1.06e-02       2.11e+01    
      11             18         2.1193e+02      1.23e-02       3.61e-02       6.96e+01    
      12             19         2.1192e+02      1.69e-02       1.12e-02       1.18e+00    
      13             20         2.1191e+02      3.18e-03       9.23e-02       8.83e+00    
      14             21         2.1191e+02      4.54e-04       2.95e-04       2.23e+00    
      15             22         2.1191e+02      6.87e-06       6.18e-05       3.04e-01    
      16             23         2.1191e+02      1.99e-07       1.17e-05       3.19e-02    
`ftol` termination condition is satisfied.
Function evaluations 23, initial cost 2.1681e+02, final cost 2.1191e+02, first-order optimality 3.19e-02.
Trial # 60000  ECs =  [0.00167417 0.0016606  0.00177964]
   Iteration     Total nfev        Cost      Cost reduction    Step norm     Optimality   
       0              1         2.1497e+02                                    7.64e+02    
       1              4         2.1466e+02      3.15e-01       4.95e-03       1.22e+03    
       2              5         2.1461e+02      5.10e-02       1.97e-03       1.06e+02    
       3              6         2.1456e+02      4.32e-02       1.22e-04       3.91e+01    
       4              7         2.1422e+02      3.43e-01       3.17e-04       1.07e+02    
       5             10         2.1394e+02      2.77e-01       1.16e-04       1.00e+02    
       6             11         2.1383e+02      1.12e-01       6.32e-04       6.48e+01    
       7             12         2.1382e+02      6.50e-03       4.21e-04       4.08e+01    
       8             13         2.1382e+02      2.37e-03       6.03e-04       2.66e+01    
       9             14         2.1382e+02      1.82e-03       1.49e-03       4.69e+00    
      10             15         2.1382e+02      1.23e-03       2.99e-03       1.60e+00    
      11             16         2.1382e+02      2.27e-03       5.93e-03       3.93e+00    
      12             17         2.1381e+02      4.61e-03       1.19e-02       4.58e+00    
      13             19         2.1381e+02      2.50e-03       6.08e-03       3.51e+00    
      14             20         2.1381e+02      3.02e-03       7.22e-03       1.31e+00    
      15             21         2.1381e+02      7.95e-05       1.53e-04       4.59e+00    
      16             22         2.1380e+02      2.74e-03       1.23e-02       1.52e+01    
      17             23         2.1380e+02      4.71e-05       2.86e-09       1.49e+01    
`xtol` termination condition is satisfied.
Function evaluations 23, initial cost 2.1497e+02, final cost 2.1380e+02, first-order optimality 1.49e+01.
   Iteration     Total nfev        Cost      Cost reduction    Step norm     Optimality   
       0              1         2.1557e+02                                    5.74e+02    
       1              2         2.1511e+02      4.60e-01       7.10e-02       1.59e+03    
       2              3         2.1497e+02      1.36e-01       9.32e-03       7.62e+02    
       3              4         2.1472e+02      2.50e-01       4.06e-04       6.55e+02    
       4              6         2.1446e+02      2.56e-01       1.14e-04       8.88e+01    
       5              7         2.1442e+02      4.79e-02       2.22e-03       1.30e+01    
       6              8         2.1441e+02      6.86e-03       3.69e-03       1.08e+01    
       7              9         2.1437e+02      3.63e-02       1.36e-03       8.71e+00    
       8             10         2.1430e+02      6.92e-02       1.21e-02       2.87e+01    
       9             11         2.1380e+02      5.08e-01       1.16e-02       6.45e+01    
      10             14         2.1355e+02      2.47e-01       1.15e-03       4.03e+02    
      11             15         2.1347e+02      8.15e-02       2.28e-03       3.38e+00    
      12             16         2.1346e+02      7.42e-03       4.99e-03       1.10e+00    
      13             17         2.1344e+02      2.23e-02       1.72e-02       4.05e+00    
      14             18         2.1273e+02      7.06e-01       3.21e-02       6.38e+01    
      15             19         2.1269e+02      4.39e-02       1.00e-01       4.18e+00    
      16             20         2.1269e+02      1.40e-04       7.67e-03       7.12e-01    
      17             21         2.1269e+02      1.35e-04       8.62e-03       3.99e+00    
      18             22         2.1269e+02      1.38e-04       2.34e-03       3.00e-01    
      19             24         2.1269e+02      1.18e-04       1.12e-03       1.51e+00    
      20             25         2.1269e+02      9.68e-05       4.72e-03       8.64e-01    
      21             26         2.1269e+02      1.20e-04       8.53e-03       2.14e+00    
      22             27         2.1269e+02      7.07e-05       3.34e-03       3.89e-01    
      23             28         2.1269e+02      3.96e-05       2.23e-03       5.14e+00    
      24             29         2.1269e+02      1.79e-04       2.00e-03       2.11e-01    
      25             30         2.1269e+02      2.76e-05       2.17e-03       4.86e+00    
      26             31         2.1269e+02      1.53e-04       1.76e-03       1.94e-01    
      27             32         2.1269e+02      3.72e-05       5.26e-04       4.01e-01    
      28             33         2.1269e+02      6.24e-05       1.06e-03       1.26e+00    
      29             34         2.1269e+02      2.82e-05       3.29e-03       2.42e-01    
      30             35         2.1269e+02      1.84e-05       8.47e-03       3.90e+00    
      31             36         2.1269e+02      9.07e-05       1.28e-03       1.60e-01    
      32             37         2.1269e+02      1.11e-05       1.85e-03       3.38e+00    
      33             38         2.1269e+02      6.63e-05       1.03e-03       1.39e-01    
      34             39         2.1269e+02      1.41e-05       4.32e-04       2.85e-01    
      35             40         2.1269e+02      1.65e-05       5.97e-03       4.52e-01    
      36             41         2.1269e+02      8.09e-06       3.28e-03       1.72e-01    
      37             42         2.1269e+02      1.56e-05       4.73e-03       7.04e-01    
      38             43         2.1269e+02      3.94e-06       1.32e-03       7.93e-02    
      39             44         2.1269e+02      4.71e-06       1.16e-02       1.74e+00    
      40             45         2.1269e+02      1.43e-05       3.80e-04       8.57e-02    
      41             46         2.1269e+02      3.02e-06       8.33e-03       8.70e-01    
      42             47         2.1269e+02      2.87e-06       8.86e-05       5.26e-02    
      43             48         2.1269e+02      7.06e-07       2.81e-03       1.98e-01    
`ftol` termination condition is satisfied.
Function evaluations 48, initial cost 2.1557e+02, final cost 2.1269e+02, first-order optimality 1.98e-01.
   Iteration     Total nfev        Cost      Cost reduction    Step norm     Optimality   
       0              1         2.1611e+02                                    2.02e+03    
       1              2         2.1547e+02      6.45e-01       8.75e-03       4.19e+02    
       2              3         2.1489e+02      5.80e-01       2.98e-04       2.82e+02    
       3              4         2.1457e+02      3.18e-01       7.77e-04       8.70e+02    
       4              5         2.1428e+02      2.88e-01       7.50e-04       4.20e+02    
       5              6         2.1422e+02      6.30e-02       9.20e-04       4.37e+02    
       6              7         2.1417e+02      4.70e-02       1.65e-03       4.05e+02    
       7              8         2.1408e+02      8.57e-02       2.67e-03       7.01e+02    
       8              9         2.1376e+02      3.22e-01       2.28e-03       1.41e+03    
       9             10         2.1314e+02      6.18e-01       1.71e-03       1.45e+02    
      10             11         2.1313e+02      8.54e-03       3.45e-03       3.81e+01    
      11             12         2.1313e+02      2.85e-03       2.89e-03       3.49e+00    
      12             13         2.1311e+02      2.55e-02       7.90e-03       1.04e+01    
      13             14         2.1310e+02      4.02e-03       3.86e-04       2.38e+01    
      14             15         2.1287e+02      2.28e-01       1.63e-02       7.48e+01    
      15             16         2.1274e+02      1.32e-01       2.21e-03       7.27e+01    
      16             17         2.1254e+02      2.04e-01       9.52e-03       8.55e+01    
      17             18         2.1253e+02      3.32e-03       2.07e-04       1.08e+01    
      18             19         2.1253e+02      1.38e-03       4.05e-04       2.65e+00    
      19             20         2.1253e+02      6.38e-05       4.37e-04       6.32e-01    
      20             21         2.1253e+02      6.02e-06       1.58e-04       1.53e-01    
      21             22         2.1253e+02      5.53e-07       1.49e-05       3.73e-02    
`ftol` termination condition is satisfied.
Function evaluations 22, initial cost 2.1611e+02, final cost 2.1253e+02, first-order optimality 3.73e-02.
   Iteration     Total nfev        Cost      Cost reduction    Step norm     Optimality   
       0              1         2.1689e+02                                    3.74e+02    
       1              8         2.1620e+02      6.84e-01       4.00e-06       4.07e+02    
       2              9         2.1587e+02      3.31e-01       1.26e-05       4.28e+02    
       3             10         2.1484e+02      1.03e+00       2.51e-05       1.93e+02    
       4             11         2.1463e+02      2.13e-01       3.30e-05       1.78e+02    
       5             12         2.1426e+02      3.72e-01       6.57e-05       1.38e+02    
       6             13         2.1382e+02      4.31e-01       1.55e-04       6.31e+01    
       7             14         2.1364e+02      1.81e-01       9.58e-04       1.40e+01    
       8             15         2.1362e+02      2.01e-02       2.30e-03       1.51e+01    
       9             16         2.1360e+02      2.22e-02       3.09e-03       2.76e+01    
      10             17         2.1360e+02      8.23e-04       1.97e-04       1.58e+01    
      11             18         2.1360e+02      4.77e-04       1.19e-04       2.31e+00    
      12             19         2.1360e+02      5.93e-04       1.83e-04       5.04e-01    
      13             20         2.1360e+02      3.24e-05       3.21e-04       1.01e-01    
      14             21         2.1360e+02      1.06e-06       7.16e-05       1.86e-02    
`ftol` termination condition is satisfied.
Function evaluations 21, initial cost 2.1689e+02, final cost 2.1360e+02, first-order optimality 1.86e-02.
Trial # 80000  ECs =  [0.00092214 0.00136562 0.00064913]
   Iteration     Total nfev        Cost      Cost reduction    Step norm     Optimality   
       0              1         2.1755e+02                                    1.29e+02    
       1              8         2.1439e+02      3.16e+00       2.91e-05       1.04e+03    
       2              9         2.1411e+02      2.83e-01       2.93e-05       5.33e+01    
       3             10         2.1407e+02      4.42e-02       8.75e-04       3.62e+01    
       4             11         2.1395e+02      1.15e-01       1.82e-03       6.57e+01    
       5             12         2.1365e+02      3.00e-01       3.69e-03       5.42e+01    
       6             13         2.1356e+02      8.71e-02       5.81e-03       3.67e+02    
       7             14         2.1353e+02      3.59e-02       1.11e-03       6.43e+01    
       8             15         2.1353e+02      1.03e-03       7.21e-04       1.70e+01    
       9             16         2.1353e+02      1.76e-04       1.39e-03       5.07e+00    
      10             17         2.1353e+02      8.26e-05       2.58e-03       1.72e+00    
      11             18         2.1353e+02      1.03e-04       4.31e-03       6.56e-01    
      12             19         2.1353e+02      3.71e-05       1.58e-03       2.67e-01    
      13             20         2.1353e+02      1.83e-06       7.31e-05       1.09e-01    
`ftol` termination condition is satisfied.
Function evaluations 20, initial cost 2.1755e+02, final cost 2.1353e+02, first-order optimality 1.09e-01.
   Iteration     Total nfev        Cost      Cost reduction    Step norm     Optimality   
       0              1         2.1670e+02                                    4.75e+02    
       1              2         2.1656e+02      1.33e-01       1.33e-07       1.06e+02    
`xtol` termination condition is satisfied.
Function evaluations 2, initial cost 2.1670e+02, final cost 2.1656e+02, first-order optimality 1.06e+02.
Trial # 100000  ECs =  [0.00206782 0.00293228 0.00149161]
   Iteration     Total nfev        Cost      Cost reduction    Step norm     Optimality   
       0              1         2.1688e+02                                    4.78e+02    
       1              9         2.1552e+02      1.36e+00       6.83e-06       5.29e+02    
       2             10         2.1488e+02      6.42e-01       4.46e-05       3.24e+02    
       3             11         2.1478e+02      9.59e-02       8.99e-05       1.01e+02    
       4             12         2.1473e+02      4.87e-02       1.65e-04       4.82e+01    
       5             13         2.1455e+02      1.81e-01       2.76e-04       6.09e+01    
       6             14         2.1365e+02      9.03e-01       2.68e-04       1.95e+01    
       7             15         2.1345e+02      2.01e-01       2.07e-03       3.74e+01    
       8             16         2.1300e+02      4.46e-01       4.52e-03       3.21e+01    
       9             17         2.1253e+02      4.75e-01       9.94e-03       2.39e+02    
      10             18         2.1242e+02      1.10e-01       4.25e-03       2.33e+01    
      11             19         2.1237e+02      4.56e-02       3.10e-03       7.99e+00    
      12             20         2.1236e+02      7.57e-03       8.38e-04       2.15e+00    
      13             21         2.1236e+02      7.49e-04       1.36e-04       2.37e-01    
      14             22         2.1236e+02      5.92e-05       4.39e-05       2.06e-01    
      15             23         2.1236e+02      3.38e-05       3.31e-05       1.66e-01    
      16             24         2.1236e+02      2.06e-05       2.58e-05       1.33e-01    
      17             25         2.1236e+02      1.31e-05       2.05e-05       1.08e-01    
      18             26         2.1236e+02      8.60e-06       1.67e-05       8.89e-02    
      19             27         2.1236e+02      5.74e-06       1.36e-05       7.36e-02    
      20             28         2.1236e+02      3.90e-06       1.12e-05       6.14e-02    
      21             29         2.1236e+02      2.70e-06       9.31e-06       5.16e-02    
      22             30         2.1236e+02      1.90e-06       7.80e-06       4.36e-02    
`ftol` termination condition is satisfied.
Function evaluations 30, initial cost 2.1688e+02, final cost 2.1236e+02, first-order optimality 4.36e-02.
   Iteration     Total nfev        Cost      Cost reduction    Step norm     Optimality   
       0              1         2.1725e+02                                    1.27e+02    
       1              2         2.1675e+02      4.96e-01       5.65e-07       3.70e+02    
`xtol` termination condition is satisfied.
Function evaluations 2, initial cost 2.1725e+02, final cost 2.1675e+02, first-order optimality 3.70e+02.
   Iteration     Total nfev        Cost      Cost reduction    Step norm     Optimality   
       0              1         2.1584e+02                                    1.38e+03    
       1              2         2.1555e+02      2.93e-01       2.95e-03       2.12e+02    
       2              3         2.1547e+02      8.07e-02       1.24e-02       2.17e+02    
       3              5         2.1522e+02      2.54e-01       1.31e-02       9.96e+01    
       4              9         2.1489e+02      3.23e-01       6.30e-05       2.98e+01    
       5             10         2.1480e+02      9.66e-02       7.40e-04       4.62e+01    
       6             11         2.1479e+02      1.81e-03       2.18e-04       5.52e+00    
       7             12         2.1479e+02      1.25e-03       1.77e-03       2.38e-01    
       8             13         2.1479e+02      1.17e-03       1.70e-03       7.76e-01    
       9             14         2.1479e+02      3.08e-05       9.47e-05       1.06e+00    
      10             15         2.1479e+02      2.95e-05       6.93e-04       2.19e-02    
      11             16         2.1479e+02      2.30e-05       6.19e-04       1.60e-02    
      12             17         2.1479e+02      4.51e-06       1.76e-03       5.69e-03    
      13             18         2.1479e+02      4.95e-06       3.27e-03       2.53e-03    
      14             19         2.1479e+02      7.88e-06       5.25e-03       1.57e-03    
      15             20         2.1479e+02      8.70e-07       5.79e-04       1.02e-03    
`ftol` termination condition is satisfied.
Function evaluations 20, initial cost 2.1584e+02, final cost 2.1479e+02, first-order optimality 1.02e-03.
   Iteration     Total nfev        Cost      Cost reduction    Step norm     Optimality   
       0              1         2.1499e+02                                    1.02e+03    
       1              2         2.1457e+02      4.19e-01       2.98e-03       3.76e+02    
       2              3         2.1451e+02      6.10e-02       5.93e-08       7.72e+01    
`xtol` termination condition is satisfied.
Function evaluations 3, initial cost 2.1499e+02, final cost 2.1451e+02, first-order optimality 7.72e+01.
   Iteration     Total nfev        Cost      Cost reduction    Step norm     Optimality   
       0              1         2.1489e+02                                    3.70e+02    
       1              2         2.1474e+02      1.48e-01       9.47e-08       3.43e+02    
`xtol` termination condition is satisfied.
Function evaluations 2, initial cost 2.1489e+02, final cost 2.1474e+02, first-order optimality 3.43e+02.
Trial # 120000  ECs =  [0.00108027 0.0022633  0.00096885]
   Iteration     Total nfev        Cost      Cost reduction    Step norm     Optimality   
       0              1         2.1676e+02                                    2.70e+02    
       1              2         2.1540e+02      1.36e+00       1.25e+01       3.66e+02    
       2              3         2.1496e+02      4.35e-01       2.74e-07       3.47e+02    
`xtol` termination condition is satisfied.
Function evaluations 3, initial cost 2.1676e+02, final cost 2.1496e+02, first-order optimality 3.47e+02.
   Iteration     Total nfev        Cost      Cost reduction    Step norm     Optimality   
       0              1         2.1754e+02                                    1.18e+01    
       1              9         2.1589e+02      1.64e+00       1.89e-05       4.13e+02    
       2             10         2.1552e+02      3.76e-01       2.48e-04       2.92e+02    
       3             11         2.1531e+02      2.01e-01       8.74e-04       1.63e+02    
       4             12         2.1524e+02      7.12e-02       3.27e-03       7.01e+01    
       5             13         2.1515e+02      9.68e-02       4.85e-03       2.98e+01    
       6             14         2.1498e+02      1.64e-01       2.81e-03       8.40e+00    
       7             16         2.1481e+02      1.67e-01       1.51e-03       1.71e+02    
       8             17         2.1398e+02      8.33e-01       4.39e-03       3.86e+01    
       9             18         2.1368e+02      3.06e-01       1.74e-02       1.92e+01    
      10             19         2.1352e+02      1.54e-01       1.60e-01       1.44e+01    
      11             20         2.1352e+02      2.37e-03       1.78e-01       3.91e+00    
      12             21         2.1352e+02      3.89e-04       3.99e-03       1.69e+00    
      13             22         2.1352e+02      8.69e-05       2.38e-04       9.39e-01    
      14             23         2.1352e+02      4.47e-05       1.65e-04       3.14e+00    
      15             24         2.1352e+02      2.45e-05       1.03e-04       4.69e+00    
      16             26         2.1352e+02      1.65e-03       1.99e-03       1.92e+00    
      17             28         2.1351e+02      2.66e-03       3.68e-03       9.13e+00    
      18             29         2.1351e+02      2.48e-03       2.67e-03       6.93e+00    
      19             30         2.1351e+02      2.96e-03       3.99e-03       1.12e+01    
      20             31         2.1351e+02      2.99e-03       2.36e-03       3.53e+00    
      21             32         2.1350e+02      1.46e-03       1.68e-03       4.05e+00    
      22             33         2.1350e+02      7.64e-04       8.07e-04       3.57e+00    
      23             34         2.1350e+02      1.78e-04       2.88e-05       8.49e+00    
      24             35         2.1350e+02      1.52e-04       2.95e-04       9.36e+00    
      25             36         2.1350e+02      5.50e-05       2.28e-04       4.79e+00    
      26             37         2.1350e+02      9.79e-06       2.65e-05       3.15e+00    
      27             38         2.1350e+02      3.97e-06       3.06e-05       2.14e+00    
      28             39         2.1350e+02      1.91e-06       3.36e-05       1.48e+00    
`ftol` termination condition is satisfied.
Function evaluations 39, initial cost 2.1754e+02, final cost 2.1350e+02, first-order optimality 1.48e+00.
   Iteration     Total nfev        Cost      Cost reduction    Step norm     Optimality   
       0              1         2.1766e+02                                    4.80e+01    
       1              8         2.1570e+02      1.96e+00       3.26e-05       1.18e+02    
       2             11         2.1444e+02      1.26e+00       2.32e-06       1.19e+02    
       3             12         2.1436e+02      7.76e-02       3.98e-05       5.26e+01    
       4             13         2.1426e+02      9.61e-02       8.00e-05       2.96e+01    
       5             14         2.1416e+02      9.98e-02       1.82e-04       5.64e+01    
       6             15         2.1415e+02      1.11e-02       5.14e-04       3.13e+01    
       7             16         2.1415e+02      1.25e-03       1.68e-03       1.33e+01    
       8             17         2.1415e+02      7.06e-04       5.23e-03       4.88e+00    
       9             18         2.1415e+02      1.64e-03       9.96e-03       1.22e+00    
      10             19         2.1415e+02      2.99e-03       9.78e-03       1.77e-01    
      11             20         2.1413e+02      1.33e-02       1.43e-02       7.95e-01    
      12             21         2.1411e+02      2.22e-02       6.42e-03       6.48e+00    
      13             22         2.1407e+02      4.27e-02       4.49e-03       2.19e+01    
      14             23         2.1407e+02      9.81e-04       1.68e-04       1.50e+01    
      15             24         2.1407e+02      4.54e-04       1.24e-04       8.52e+00    
      16             25         2.1407e+02      2.13e-04       7.09e-05       4.65e+00    
      17             26         2.1407e+02      1.26e-04       6.24e-05       1.69e+00    
      18             27         2.1407e+02      6.61e-05       5.74e-05       2.83e-01    
      19             28         2.1407e+02      1.32e-05       2.36e-05       2.75e-01    
      20             29         2.1407e+02      3.80e-06       1.31e-05       2.24e-01    
      21             30         2.1407e+02      8.24e-07       6.44e-06       1.11e-01    
`ftol` termination condition is satisfied.
Function evaluations 30, initial cost 2.1766e+02, final cost 2.1407e+02, first-order optimality 1.11e-01.
   Iteration     Total nfev        Cost      Cost reduction    Step norm     Optimality   
       0              1         2.1723e+02                                    2.68e+02    
       1              8         2.1423e+02      3.00e+00       2.82e-05       1.01e+03    
       2              9         2.1388e+02      3.55e-01       3.18e-05       3.00e+01    
       3             10         2.1358e+02      2.97e-01       8.38e-05       1.75e+02    
       4             11         2.1352e+02      5.95e-02       3.85e-04       1.42e+01    
       5             12         2.1351e+02      5.12e-03       7.80e-04       2.76e+01    
       6             13         2.1351e+02      5.94e-03       1.49e-03       3.30e+00    
       7             14         2.1350e+02      5.28e-03       1.37e-03       2.33e+00    
       8             15         2.1350e+02      8.21e-05       1.24e-04       3.77e-01    
       9             16         2.1350e+02      3.15e-06       3.91e-04       4.22e-02    
      10             17         2.1350e+02      2.44e-06       4.00e-04       5.42e-03    
      11             18         2.1350e+02      1.07e-07       1.75e-05       6.75e-04    
`ftol` termination condition is satisfied.
Function evaluations 18, initial cost 2.1723e+02, final cost 2.1350e+02, first-order optimality 6.75e-04.
Trial # 140000  ECs =  [0.00317221 0.00136795 0.0016387 ]
   Iteration     Total nfev        Cost      Cost reduction    Step norm     Optimality   
       0              1         2.1513e+02                                    4.01e+02    
       1              2         2.1410e+02      1.03e+00       7.00e-02       2.63e+02    
       2              4         2.1340e+02      7.04e-01       4.85e-03       1.51e+02    
       3              5         2.1335e+02      5.31e-02       1.17e-02       1.34e+02    
       4              6         2.1330e+02      4.95e-02       1.18e-02       1.05e+02    
       5              7         2.1327e+02      2.62e-02       2.56e-03       6.27e+01    
       6              8         2.1327e+02      4.01e-03       2.58e-02       4.16e+01    
       7              9         2.1327e+02      1.26e-03       8.64e-09       2.30e+01    
`xtol` termination condition is satisfied.
Function evaluations 9, initial cost 2.1513e+02, final cost 2.1327e+02, first-order optimality 2.30e+01.
   Iteration     Total nfev        Cost      Cost reduction    Step norm     Optimality   
       0              1         2.1558e+02                                    6.40e+02    
       1              2         2.1515e+02      4.30e-01       1.65e-01       6.63e+02    
       2              3         2.1481e+02      3.37e-01       1.85e-03       6.36e+02    
       3              4         2.1449e+02      3.26e-01       7.27e-04       2.11e+02    
       4              5         2.1444e+02      4.61e-02       3.65e-02       1.27e+02    
       5              6         2.1440e+02      4.03e-02       2.07e-03       1.05e+02    
       6              7         2.1437e+02      3.05e-02       2.20e-03       9.66e+01    
       7              8         2.1436e+02      8.75e-03       1.79e-04       9.23e+01    
       8              9         2.1436e+02      7.19e-03       1.94e-08       7.42e+01    
`xtol` termination condition is satisfied.
Function evaluations 9, initial cost 2.1558e+02, final cost 2.1436e+02, first-order optimality 7.42e+01.
   Iteration     Total nfev        Cost      Cost reduction    Step norm     Optimality   
       0              1         2.1607e+02                                    7.59e+01    
       1              2         2.1606e+02      4.83e-03       3.99e-08       6.81e+01    
`xtol` termination condition is satisfied.
Function evaluations 2, initial cost 2.1607e+02, final cost 2.1606e+02, first-order optimality 6.81e+01.
   Iteration     Total nfev        Cost      Cost reduction    Step norm     Optimality   
       0              1         2.1721e+02                                    3.27e+02    
       1              8         2.1423e+02      2.97e+00       3.03e-05       1.36e+03    
       2              9         2.1318e+02      1.05e+00       2.00e-04       8.27e+02    
       3             10         2.1281e+02      3.68e-01       1.27e-04       9.08e+01    
       4             11         2.1251e+02      3.04e-01       4.91e-04       4.01e+01    
       5             12         2.1225e+02      2.54e-01       1.88e-03       4.90e+01    
       6             13         2.1225e+02      5.10e-03       2.34e-04       4.70e+01    
       7             14         2.1225e+02      5.93e-04       4.42e-09       8.21e+00    
`xtol` termination condition is satisfied.
Function evaluations 14, initial cost 2.1721e+02, final cost 2.1225e+02, first-order optimality 8.21e+00.
Trial # 160000  ECs =  [0.00105221 0.00085725 0.00089264]
Trial # 180000  ECs =  [0.00213654 0.00124307 0.00158676]
   Iteration     Total nfev        Cost      Cost reduction    Step norm     Optimality   
       0              1         2.1614e+02                                    9.54e+02    
       1              2         2.1417e+02      1.97e+00       4.57e-02       4.83e+01    
       2              4         2.1417e+02      1.65e-04       2.11e-08       4.66e+01    
`xtol` termination condition is satisfied.
Function evaluations 4, initial cost 2.1614e+02, final cost 2.1417e+02, first-order optimality 4.66e+01.
   Iteration     Total nfev        Cost      Cost reduction    Step norm     Optimality   
       0              1         2.1583e+02                                    6.99e+01    
       1              3         2.1547e+02      3.60e-01       2.59e-01       2.12e+02    
       2              4         2.1523e+02      2.41e-01       2.33e-02       6.70e+01    
       3              7         2.1516e+02      6.51e-02       5.94e-04       3.55e+02    
       4              8         2.1502e+02      1.48e-01       1.51e-04       2.01e+02    
       5              9         2.1480e+02      2.13e-01       6.58e-04       8.29e+01    
       6             10         2.1464e+02      1.61e-01       7.73e-03       5.06e+02    
       7             12         2.1449e+02      1.48e-01       2.12e-04       1.28e+02    
       8             13         2.1447e+02      2.31e-02       1.04e-02       2.36e+01    
       9             14         2.1447e+02      7.98e-04       5.25e-03       9.85e+00    
      10             15         2.1447e+02      8.14e-04       6.06e-02       7.61e+00    
      11             16         2.1447e+02      7.85e-04       2.63e-02       2.09e+00    
      12             17         2.1447e+02      9.26e-06       5.25e-05       1.80e+00    
      13             18         2.1447e+02      9.93e-05       2.21e-02       2.78e-01    
      14             19         2.1447e+02      1.87e-04       9.05e-02       1.55e+00    
      15             20         2.1447e+02      3.16e-04       2.99e-03       7.14e-02    
      16             21         2.1447e+02      3.45e-06       4.15e-03       7.13e-02    
      17             22         2.1447e+02      3.38e-08       1.35e-05       1.48e-01    
`ftol` termination condition is satisfied.
Function evaluations 22, initial cost 2.1583e+02, final cost 2.1447e+02, first-order optimality 1.48e-01.
Saving plot to MnTrilayer/trial/stored_plots/3
############################################################
T = 15.0 K

Loading data from MnTrilayer/data/15.0KdIdV.txt

Fitting data
`ftol` termination condition is satisfied.
Function evaluations 12, initial cost 5.5418e+05, final cost 3.3546e+05, first-order optimality 3.14e-03.
<function dIdV_back at 0x7f71c8b37c10> fitting results:
	V0    = -0.000248,bounds = [-0.00309404  0.00025804]
	eps_0 = 0.001000,bounds = [0.001 0.003]
	eps_c = 0.004000,bounds = [0.    0.004]
	G1    = 58.130472,bounds = [25. 75.]
	G2    = 1.216523,bounds = [0.6 1.8]
	G3    = 0.250000,bounds = [0.25 0.75]
	T_surf= 15.000000,bounds = [15. 15.]
	Gamma = 0.000600,bounds = [0.0006 0.0006]
	RMSE  = 0.063739 


Fitting data
`ftol` termination condition is satisfied.
Function evaluations 10, initial cost 2.0549e+05, final cost 2.0239e+05, first-order optimality 3.41e-03.
<function dIdV_back at 0x7f71c8b37c10> fitting results:
	V0    = -0.001418,bounds = [-0.001418 -0.001418]
	eps_0 = 0.001000,bounds = [0.001 0.003]
	eps_c = 0.004000,bounds = [0.    0.004]
	G1    = 59.011629,bounds = [25. 75.]
	G2    = 1.213273,bounds = [0.6 1.8]
	G3    = 0.250000,bounds = [0.25 0.75]
	T_surf= 15.000000,bounds = [15. 15.]
	Gamma = 0.000600,bounds = [0.0006 0.0006]
	RMSE  = 0.049844 


Fitting data
`ftol` termination condition is satisfied.
Function evaluations 40, initial cost 5.1379e+06, final cost 2.0071e+05, first-order optimality 9.53e+00.
<function dIdV_all_zero at 0x7f71c8b37ee0> fitting results:
	V0    = -0.001418,bounds = [-0.001418 -0.001418]
	eps_0 = 0.001000,bounds = [0.001 0.003]
	eps_c = 0.004000,bounds = [0.    0.004]
	G1    = 39.050245,bounds = [25. 75.]
	G2    = 0.600000,bounds = [0.6 1.8]
	G3    = 0.250000,bounds = [0.25 0.75]
	T_surf= 15.000000,bounds = [15. 15.]
	tau0  = 0.001000,bounds = [0.001 0.003]
	Gamma = 0.000732,bounds = [0.0003 0.0009]
	EC    = 0.001211,bounds = [0.0006 0.0018]
	RMSE  = 0.049637 


Fitting data
`ftol` termination condition is satisfied.
Function evaluations 15, initial cost 2.0071e+05, final cost 2.0035e+05, first-order optimality 1.11e+02.
<function dIdV_all_fine at 0x7f71c8b37f70> fitting results:
	V0    = -0.001418,bounds = [-0.001418 -0.001418]
	eps_0 = 0.001000,bounds = [0.001 0.003]
	eps_c = 0.004000,bounds = [0.    0.004]
	G1    = 39.059657,bounds = [25. 75.]
	G2    = 0.600000,bounds = [0.6 1.8]
	G3    = 0.250000,bounds = [0.25 0.75]
	EC1   = 0.001213,bounds = [0.00060564 0.00181691]
	EC2   = 0.001084,bounds = [0.00054507 0.00163522]
	EC3   = 0.000973,bounds = [0.00048451 0.00145353]
	RMSE  = 0.049592 

Trial # 0  ECs =  [0.00053983 0.00113874 0.00119399]
Trial # 20000  ECs =  [0.00106238 0.00101372 0.00091284]
Trial # 40000  ECs =  [0.00216161 0.00139174 0.00298604]
Trial # 60000  ECs =  [0.0005148  0.00145526 0.0012802 ]
Trial # 80000  ECs =  [0.0010678  0.00185343 0.00158446]
Trial # 100000  ECs =  [0.00137444 0.00125639 0.00113409]
Trial # 120000  ECs =  [0.0010672  0.00161518 0.00157303]
Trial # 140000  ECs =  [0.00102094 0.00138225 0.00127093]
Trial # 160000  ECs =  [0.00073357 0.00096106 0.00091666]
Trial # 180000  ECs =  [0.0009004  0.00084164 0.00104599]
Saving plot to MnTrilayer/trial/stored_plots/15
SLURM: finish osc3islands.py
Sat 16 Sep 2023 12:18:49 PM PDT
