#### SLURM ####
pwd: 
/blue/m2qm-efrc/cpbunker/GitHub/transport
host: 
c0706a-s3.ufhpc
# conda environments:
#
base                     /apps/conda/23.3.1
block                 *  /blue/m2qm-efrc/cpbunker/condaenvs/block

cat inputfile
{"tl":1.0, "Vconf":10.0, "Be":100.0, "BFM":-100.0, "Jz":0.1, "Jx":0.1, "Jsd":0.5,
"NL":15, "NFM":5, "NR":5, "Nconf":10, "Ne":5, "TwoSz":0,
"symmetry":"Sz","spin_strs":["cd","CD"],"ex_sites":[16,18],
"bdim_0":[300,400,400,400,400,500],"bdim_t":[600], "noises":[2e-1,2e-2,2e-3,2e-4,2e-5,0.0], "dmrg_sweeps":20,"cutoff":-1.0,
"time_step":0.04,"tupdate":1.0,"Nupdates":15
}
#### PYTHON ####
start time: 
Sat Nov 25 09:21:52 EST 2023
>>> PWD:  /blue/m2qm-efrc/cpbunker/GitHub/transport
>>> Do FCI  =  False
>>> Do DMRG =  True
j - d site pairs =  [(15, 16), (17, 18), (19, 20), (21, 22), (23, 24)]

Build MPO | Nsites =    30 | Nterms =        180 | Algorithm = FastBIP | Cutoff = 1.00e-14
 Site =     0 /    30 .. Mmpo =     6 DW = 0.00e+00 NNZ =        6 SPT = 0.0000 Tmvc = 0.000 T = 0.039
 Site =     1 /    30 .. Mmpo =     6 DW = 0.00e+00 NNZ =       11 SPT = 0.6944 Tmvc = 0.000 T = 0.000
 Site =     2 /    30 .. Mmpo =     6 DW = 0.00e+00 NNZ =       11 SPT = 0.6944 Tmvc = 0.000 T = 0.000
 Site =     3 /    30 .. Mmpo =     6 DW = 0.00e+00 NNZ =       11 SPT = 0.6944 Tmvc = 0.000 T = 0.000
 Site =     4 /    30 .. Mmpo =     6 DW = 0.00e+00 NNZ =       11 SPT = 0.6944 Tmvc = 0.000 T = 0.000
 Site =     5 /    30 .. Mmpo =     6 DW = 0.00e+00 NNZ =       11 SPT = 0.6944 Tmvc = 0.000 T = 0.000
 Site =     6 /    30 .. Mmpo =     6 DW = 0.00e+00 NNZ =       11 SPT = 0.6944 Tmvc = 0.000 T = 0.000
 Site =     7 /    30 .. Mmpo =     6 DW = 0.00e+00 NNZ =       11 SPT = 0.6944 Tmvc = 0.000 T = 0.000
 Site =     8 /    30 .. Mmpo =     6 DW = 0.00e+00 NNZ =       11 SPT = 0.6944 Tmvc = 0.000 T = 0.000
 Site =     9 /    30 .. Mmpo =     6 DW = 0.00e+00 NNZ =       11 SPT = 0.6944 Tmvc = 0.000 T = 0.000
 Site =    10 /    30 .. Mmpo =     6 DW = 0.00e+00 NNZ =       10 SPT = 0.7222 Tmvc = 0.000 T = 0.000
 Site =    11 /    30 .. Mmpo =     6 DW = 0.00e+00 NNZ =       10 SPT = 0.7222 Tmvc = 0.000 T = 0.000
 Site =    12 /    30 .. Mmpo =     6 DW = 0.00e+00 NNZ =       10 SPT = 0.7222 Tmvc = 0.000 T = 0.000
 Site =    13 /    30 .. Mmpo =     6 DW = 0.00e+00 NNZ =       10 SPT = 0.7222 Tmvc = 0.000 T = 0.000
 Site =    14 /    30 .. Mmpo =     6 DW = 0.00e+00 NNZ =       10 SPT = 0.7222 Tmvc = 0.000 T = 0.000
 Site =    15 /    30 .. Mmpo =    10 DW = 0.00e+00 NNZ =       14 SPT = 0.7667 Tmvc = 0.000 T = 0.000
 Site =    16 /    30 .. Mmpo =    10 DW = 0.00e+00 NNZ =       14 SPT = 0.8600 Tmvc = 0.000 T = 0.000
 Site =    17 /    30 .. Mmpo =    10 DW = 0.00e+00 NNZ =       22 SPT = 0.7800 Tmvc = 0.000 T = 0.000
 Site =    18 /    30 .. Mmpo =    10 DW = 0.00e+00 NNZ =       14 SPT = 0.8600 Tmvc = 0.000 T = 0.000
 Site =    19 /    30 .. Mmpo =    10 DW = 0.00e+00 NNZ =       22 SPT = 0.7800 Tmvc = 0.000 T = 0.000
 Site =    20 /    30 .. Mmpo =    10 DW = 0.00e+00 NNZ =       14 SPT = 0.8600 Tmvc = 0.000 T = 0.000
 Site =    21 /    30 .. Mmpo =    10 DW = 0.00e+00 NNZ =       22 SPT = 0.7800 Tmvc = 0.000 T = 0.000
 Site =    22 /    30 .. Mmpo =    10 DW = 0.00e+00 NNZ =       14 SPT = 0.8600 Tmvc = 0.000 T = 0.000
 Site =    23 /    30 .. Mmpo =    10 DW = 0.00e+00 NNZ =       22 SPT = 0.7800 Tmvc = 0.000 T = 0.000
 Site =    24 /    30 .. Mmpo =     6 DW = 0.00e+00 NNZ =       11 SPT = 0.8167 Tmvc = 0.000 T = 0.000
 Site =    25 /    30 .. Mmpo =     6 DW = 0.00e+00 NNZ =       10 SPT = 0.7222 Tmvc = 0.000 T = 0.000
 Site =    26 /    30 .. Mmpo =     6 DW = 0.00e+00 NNZ =       10 SPT = 0.7222 Tmvc = 0.000 T = 0.000
 Site =    27 /    30 .. Mmpo =     6 DW = 0.00e+00 NNZ =       10 SPT = 0.7222 Tmvc = 0.000 T = 0.000
 Site =    28 /    30 .. Mmpo =     5 DW = 0.00e+00 NNZ =        9 SPT = 0.7000 Tmvc = 0.000 T = 0.000
 Site =    29 /    30 .. Mmpo =     1 DW = 0.00e+00 NNZ =        5 SPT = 0.0000 Tmvc = 0.000 T = 0.000
Ttotal =      0.041 Tmvc-total = 0.000 MPO bond dimension =    10 MaxDW = 0.00e+00
NNZ =          368 SIZE =         1573 SPT = 0.7661

Rank =     0 Ttotal =      0.052 MPO method = FastBipartite bond dimension =      10 NNZ =          368 SIZE =         1573 SPT = 0.7661
Environment initialization | Nsites =    30 | Center =     0
 INIT-R <-- Site =   27 ..  Bmem =   256 B Rmem =   256 B T = 0.05
 INIT-R <-- Site =   26 ..  Bmem = 3.19 KB Rmem = 3.19 KB T = 0.01
 INIT-R <-- Site =   25 ..  Bmem = 37.5 KB Rmem = 37.5 KB T = 0.00
 INIT-R <-- Site =   24 ..  Bmem =  475 KB Rmem =  475 KB T = 0.08
 INIT-R <-- Site =   23 ..  Bmem = 6.14 MB Rmem =  572 KB T = 1.07
 INIT-R <-- Site =   22 ..  Bmem = 11.8 MB Rmem =  748 KB T = 0.12
 INIT-R <-- Site =   21 ..  Bmem = 10.3 MB Rmem =  679 KB T = 0.06
 INIT-R <-- Site =   20 ..  Bmem = 9.50 MB Rmem =  608 KB T = 0.07
 INIT-R <-- Site =   19 ..  Bmem = 8.66 MB Rmem =  585 KB T = 0.07
 INIT-R <-- Site =   18 ..  Bmem = 8.39 MB Rmem =  524 KB T = 0.07
 INIT-R <-- Site =   17 ..  Bmem = 7.56 MB Rmem =  460 KB T = 0.08
 INIT-R <-- Site =   16 ..  Bmem = 6.68 MB Rmem =  475 KB T = 0.02
 INIT-R <-- Site =   15 ..  Bmem = 6.93 MB Rmem =  428 KB T = 0.11
 INIT-R <-- Site =   14 ..  Bmem = 6.30 MB Rmem =  410 KB T = 0.08
 INIT-R <-- Site =   13 ..  Bmem = 3.89 MB Rmem =  241 KB T = 0.03
 INIT-R <-- Site =   12 ..  Bmem = 3.57 MB Rmem =  250 KB T = 0.04
 INIT-R <-- Site =   11 ..  Bmem = 3.72 MB Rmem =  246 KB T = 0.05
 INIT-R <-- Site =   10 ..  Bmem = 3.67 MB Rmem =  232 KB T = 0.04
 INIT-R <-- Site =    9 ..  Bmem = 3.47 MB Rmem =  195 KB T = 0.04
 INIT-R <-- Site =    8 ..  Bmem = 2.94 MB Rmem =  174 KB T = 0.04
 INIT-R <-- Site =    7 ..  Bmem = 2.64 MB Rmem =  161 KB T = 0.05
 INIT-R <-- Site =    6 ..  Bmem = 2.45 MB Rmem =  114 KB T = 0.05
 INIT-R <-- Site =    5 ..  Bmem = 1.73 MB Rmem =  131 KB T = 0.05
 INIT-R <-- Site =    4 ..  Bmem = 2.01 MB Rmem = 66.8 KB T = 0.05
 INIT-R <-- Site =    3 ..  Bmem = 1.01 MB Rmem = 72.3 KB T = 0.06
 INIT-R <-- Site =    2 ..  Bmem = 1.10 MB Rmem = 78.0 KB T = 0.02
 INIT-R <-- Site =    1 ..  Bmem = 1.19 MB Rmem = 84.0 KB T = 0.04
 INIT-R <-- Site =    0 ..  Bmem = 1.28 MB Rmem = 90.2 KB T = 0.05
Time init sweep =        2.524 | MaxBmem = 11.8 MB | MaxRmem =  748 KB
 | Tread = 0.000 | Twrite = 1.785 | Tfpread = 0.000 | Tfpwrite = 1.595 | data = 7.95 MB | cpsd = 5.42 MB | Tasync = 0.000


Sweep =    0 | Direction =  forward | Bond dimension =  300 | Noise =  2.00e-01 | Dav threshold =  1.00e-06
 --> Site =    0-   1 .. Mmps =    4 Ndav =   8 E =   -140.8318437651 Error = 0.00e+00 FLOPS = 3.43e+04 Tdav = 0.07 T = 0.12
 --> Site =    1-   2 .. Mmps =   16 Ndav =   8 E =   -169.9405892440 Error = 0.00e+00 FLOPS = 7.96e+06 Tdav = 0.00 T = 0.07
 --> Site =    2-   3 .. Mmps =   64 Ndav =   9 E =   -188.9592346462 Error = 0.00e+00 FLOPS = 3.86e+07 Tdav = 0.00 T = 0.05
 --> Site =    3-   4 .. Mmps =  256 Ndav =  12 E =   -209.4139598947 Error = 0.00e+00 FLOPS = 1.27e+08 Tdav = 0.01 T = 0.06
 --> Site =    4-   5 .. Mmps =  300 Ndav =  11 E =   -236.0222791046 Error = 4.79e-34 FLOPS = 2.03e+08 Tdav = 0.08 T = 0.23
 --> Site =    5-   6 .. Mmps =  300 Ndav =  12 E =   -262.9329418304 Error = 4.65e-29 FLOPS = 3.60e+08 Tdav = 0.07 T = 0.19
 --> Site =    6-   7 .. Mmps =  300 Ndav =  13 E =   -268.5997549962 Error = 3.55e-25 FLOPS = 3.87e+08 Tdav = 0.06 T = 0.22
 --> Site =    7-   8 .. Mmps =  300 Ndav =  15 E =   -311.0636577354 Error = 2.57e-25 FLOPS = 3.58e+08 Tdav = 0.07 T = 0.25
 --> Site =    8-   9 .. Mmps =  300 Ndav =  14 E =   -385.8260714618 Error = 3.70e-26 FLOPS = 2.63e+08 Tdav = 0.09 T = 0.26
 --> Site =    9-  10 .. Mmps =  300 Ndav =   7 E =   -392.5206446561 Error = 6.15e-29 FLOPS = 4.08e+08 Tdav = 0.03 T = 0.29
 --> Site =   10-  11 .. Mmps =  300 Ndav =   5 E =   -400.8937911796 Error = 2.78e-31 FLOPS = 3.64e+08 Tdav = 0.02 T = 0.22
 --> Site =   11-  12 .. Mmps =  300 Ndav =   5 E =   -422.9398339395 Error = 1.51e-32 FLOPS = 3.07e+08 Tdav = 0.02 T = 0.23
 --> Site =   12-  13 .. Mmps =  300 Ndav =   6 E =   -435.7470813994 Error = 5.35e-33 FLOPS = 3.61e+08 Tdav = 0.02 T = 0.19
 --> Site =   13-  14 .. Mmps =  300 Ndav =   6 E =   -455.7637878731 Error = 1.27e-34 FLOPS = 3.86e+08 Tdav = 0.02 T = 0.19
 --> Site =   14-  15 .. Mmps =  300 Ndav =   4 E =   -482.4290723112 Error = 4.15e-36 FLOPS = 3.54e+08 Tdav = 0.01 T = 0.21
 --> Site =   15-  16 .. Mmps =  300 Ndav =   5 E =   -491.4378416804 Error = 3.34e-37 FLOPS = 3.79e+08 Tdav = 0.02 T = 0.15
 --> Site =   16-  17 .. Mmps =  300 Ndav =   6 E =   -504.4945127950 Error = 2.76e-33 FLOPS = 4.45e+08 Tdav = 0.02 T = 0.19
 --> Site =   17-  18 .. Mmps =  300 Ndav =   6 E =   -523.8411914640 Error = 6.27e-34 FLOPS = 4.31e+08 Tdav = 0.02 T = 0.20
 --> Site =   18-  19 .. Mmps =  300 Ndav =   4 E =   -529.8943469155 Error = 3.54e-27 FLOPS = 4.20e+08 Tdav = 0.01 T = 0.24
 --> Site =   19-  20 .. Mmps =  300 Ndav =   5 E =   -568.3834924897 Error = 7.44e-33 FLOPS = 4.40e+08 Tdav = 0.02 T = 0.16
 --> Site =   20-  21 .. Mmps =  300 Ndav =   5 E =   -573.0466672840 Error = 1.47e-28 FLOPS = 4.44e+08 Tdav = 0.02 T = 0.17
 --> Site =   21-  22 .. Mmps =  300 Ndav =   5 E =   -602.6270125954 Error = 1.19e-34 FLOPS = 4.11e+08 Tdav = 0.01 T = 0.24
 --> Site =   22-  23 .. Mmps =  300 Ndav =   4 E =   -613.2452797306 Error = 3.52e-32 FLOPS = 4.15e+08 Tdav = 0.01 T = 0.22
 --> Site =   23-  24 .. Mmps =  300 Ndav =   4 E =   -656.1301893235 Error = 1.20e-34 FLOPS = 5.32e+08 Tdav = 0.02 T = 0.22
 --> Site =   24-  25 .. Mmps =  300 Ndav =   1 E =   -656.1301893235 Error = 8.14e-43 FLOPS = 1.58e+08 Tdav = 0.02 T = 0.20
 --> Site =   25-  26 .. Mmps =  300 Ndav =   1 E =   -656.1301893235 Error = 3.20e-47 FLOPS = 1.69e+08 Tdav = 0.01 T = 0.18
 --> Site =   26-  27 .. Mmps =  300 Ndav =   1 E =   -656.1301893235 Error = 1.17e-56 FLOPS = 3.14e+08 Tdav = 0.00 T = 0.19
 --> Site =   27-  28 .. Mmps =  300 Ndav =   1 E =   -656.1301893235 Error = 8.57e-70 FLOPS = 3.34e+08 Tdav = 0.00 T = 0.19
 --> Site =   28-  29 .. Mmps =  300 Ndav =   1 E =   -656.1301893235 Error = 0.00e+00 FLOPS = 2.02e+08 Tdav = 0.00 T = 0.20
Time elapsed =      5.511 | E =    -656.1301893235 | DW = 3.55e-25
Time sweep =        5.511 | 218 MFLOP/SWP
 | Dmem = 2.10 MB (8%) | Imem = 620 KB (87%) | Hmem = 29.6 MB | Pmem = 613 KB
 | Tread = 0.165 | Twrite = 1.186 | Tfpread = 0.101 | Tfpwrite = 1.135 | Tmporead = 0.000 | Tasync = 0.000
 | data = 31.3 MB | cpsd = 10.6 MB
 | Trot = 0.653 | Tctr = 0.339 | Tint = 0.076 | Tmid = 0.000 | Tdctr = 0.115 | Tdiag = 0.039 | Tinfo = 0.077
 | Teff = 0.861 | Tprt = 0.133 | Teig = 0.757 | Tblk = 3.154 | Tmve = 2.354 | Tdm = 0.029 | Tsplt = 1.037 | Tsvd = 0.000 | Torth = 0.000

Sweep =    1 | Direction = backward | Bond dimension =  400 | Noise =  2.00e-02 | Dav threshold =  1.00e-06
 <-- Site =   28-  29 .. Mmps =    4 Ndav =   1 E =   -656.1301893235 Error = 0.00e+00 FLOPS = 1.14e+08 Tdav = 0.00 T = 0.05
 <-- Site =   27-  28 .. Mmps =   12 Ndav =   1 E =   -656.1301893235 Error = 0.00e+00 FLOPS = 2.40e+08 Tdav = 0.00 T = 0.03
 <-- Site =   26-  27 .. Mmps =   32 Ndav =   1 E =   -656.1301893235 Error = 0.00e+00 FLOPS = 2.99e+08 Tdav = 0.00 T = 0.03
 <-- Site =   25-  26 .. Mmps =   75 Ndav =   1 E =   -656.1301893235 Error = 0.00e+00 FLOPS = 3.38e+08 Tdav = 0.00 T = 0.04
 <-- Site =   24-  25 .. Mmps =  156 Ndav =   1 E =   -656.1301893235 Error = 0.00e+00 FLOPS = 2.16e+08 Tdav = 0.01 T = 0.06
 <-- Site =   23-  24 .. Mmps =  364 Ndav =   1 E =   -656.1301893235 Error = 0.00e+00 FLOPS = 3.23e+08 Tdav = 0.02 T = 0.18
 <-- Site =   22-  23 .. Mmps =  400 Ndav =   1 E =   -656.1301893235 Error = 1.36e-52 FLOPS = 4.39e+08 Tdav = 0.04 T = 0.29
 <-- Site =   21-  22 .. Mmps =  400 Ndav =   1 E =   -656.1301893235 Error = 6.10e-43 FLOPS = 5.42e+08 Tdav = 0.07 T = 0.45
 <-- Site =   20-  21 .. Mmps =  400 Ndav =   1 E =   -656.1301893235 Error = 1.87e-37 FLOPS = 6.11e+08 Tdav = 0.11 T = 0.45
 <-- Site =   19-  20 .. Mmps =  400 Ndav =   1 E =   -656.1301893235 Error = 8.81e-31 FLOPS = 6.24e+08 Tdav = 0.14 T = 0.50
 <-- Site =   18-  19 .. Mmps =  400 Ndav =   1 E =   -656.1301893235 Error = 6.48e-25 FLOPS = 6.97e+08 Tdav = 0.15 T = 0.57
 <-- Site =   17-  18 .. Mmps =  400 Ndav =   1 E =   -656.1301893235 Error = 6.93e-22 FLOPS = 8.02e+08 Tdav = 0.17 T = 0.56
 <-- Site =   16-  17 .. Mmps =  400 Ndav =   1 E =   -656.1301893235 Error = 1.75e-20 FLOPS = 9.19e+08 Tdav = 0.18 T = 1.20
 <-- Site =   15-  16 .. Mmps =  400 Ndav =   1 E =   -656.1301893235 Error = 4.26e-20 FLOPS = 8.97e+08 Tdav = 0.18 T = 0.56
 <-- Site =   14-  15 .. Mmps =  400 Ndav =   1 E =   -656.1301893235 Error = 1.23e-20 FLOPS = 5.95e+08 Tdav = 0.17 T = 0.53
 <-- Site =   13-  14 .. Mmps =  400 Ndav =   1 E =   -656.1301893235 Error = 2.98e-20 FLOPS = 5.58e+08 Tdav = 0.17 T = 0.51
 <-- Site =   12-  13 .. Mmps =  400 Ndav =   1 E =   -656.1301893235 Error = 5.78e-20 FLOPS = 5.69e+08 Tdav = 0.17 T = 0.57
 <-- Site =   11-  12 .. Mmps =  400 Ndav =   1 E =   -656.1301893235 Error = 4.76e-20 FLOPS = 6.31e+08 Tdav = 0.18 T = 0.59
 <-- Site =   10-  11 .. Mmps =  400 Ndav =   1 E =   -656.1301893235 Error = 2.30e-20 FLOPS = 6.53e+08 Tdav = 0.18 T = 0.64
 <-- Site =    9-  10 .. Mmps =  400 Ndav =   1 E =   -656.1301893235 Error = 1.19e-20 FLOPS = 6.54e+08 Tdav = 0.17 T = 0.60
 <-- Site =    8-   9 .. Mmps =  400 Ndav =   1 E =   -656.1301893235 Error = 3.64e-21 FLOPS = 5.53e+08 Tdav = 0.15 T = 0.57
 <-- Site =    7-   8 .. Mmps =  400 Ndav =   9 E =   -656.1311374489 Error = 9.06e-25 FLOPS = 1.11e+09 Tdav = 0.46 T = 0.85
 <-- Site =    6-   7 .. Mmps =  400 Ndav =  10 E =   -656.1349419963 Error = 6.23e-29 FLOPS = 1.13e+09 Tdav = 0.29 T = 0.61
 <-- Site =    5-   6 .. Mmps =  400 Ndav =   1 E =   -656.1349419963 Error = 4.33e-31 FLOPS = 6.91e+08 Tdav = 0.02 T = 0.32
 <-- Site =    4-   5 .. Mmps =  400 Ndav =   1 E =   -656.1349419963 Error = 2.41e-37 FLOPS = 6.71e+08 Tdav = 0.01 T = 0.31
 <-- Site =    3-   4 .. Mmps =  400 Ndav =   1 E =   -656.1349419963 Error = 3.07e-40 FLOPS = 6.24e+08 Tdav = 0.00 T = 0.18
 <-- Site =    2-   3 .. Mmps =  400 Ndav =   1 E =   -656.1349419963 Error = 9.65e-43 FLOPS = 5.15e+08 Tdav = 0.00 T = 0.21
 <-- Site =    1-   2 .. Mmps =  400 Ndav =   1 E =   -656.1349419963 Error = 3.73e-46 FLOPS = 3.63e+08 Tdav = 0.00 T = 0.22
 <-- Site =    0-   1 .. Mmps =  400 Ndav =   1 E =   -656.1349419963 Error = 0.00e+00 FLOPS = 3.78e+08 Tdav = 0.00 T = 0.25
Time elapsed =     17.439 | E =    -656.1349419963 | DE = -4.75e-03 | DW = 5.78e-20
Time sweep =       11.929 | 2.20 GFLOP/SWP
 | Dmem = 6.48 MB (41%) | Imem = 25.3 KB (91%) | Hmem = 54.4 MB | Pmem = 7.86 MB
 | Tread = 0.108 | Twrite = 1.730 | Tfpread = 0.045 | Tfpwrite = 1.680 | Tmporead = 0.000 | Tasync = 0.000
 | data = 62.1 MB | cpsd = 21.4 MB
 | Trot = 0.923 | Tctr = 0.568 | Tint = 0.121 | Tmid = 0.000 | Tdctr = 0.013 | Tdiag = 0.076 | Tinfo = 0.052
 | Teff = 0.966 | Tprt = 1.488 | Teig = 3.061 | Tblk = 8.514 | Tmve = 3.412 | Tdm = 0.706 | Tsplt = 2.031 | Tsvd = 0.000 | Torth = 0.000

Sweep =    2 | Direction =  forward | Bond dimension =  400 | Noise =  2.00e-03 | Dav threshold =  1.00e-06
 --> Site =    0-   1 .. Mmps =    4 Ndav =   1 E =   -656.1349419963 Error = 0.00e+00 FLOPS = 3.54e+08 Tdav = 0.00 T = 0.05
 --> Site =    1-   2 .. Mmps =   12 Ndav =   1 E =   -656.1349419963 Error = 0.00e+00 FLOPS = 3.97e+08 Tdav = 0.00 T = 0.05
 --> Site =    2-   3 .. Mmps =   32 Ndav =   1 E =   -656.1349419963 Error = 0.00e+00 FLOPS = 5.19e+08 Tdav = 0.00 T = 0.05
 --> Site =    3-   4 .. Mmps =   80 Ndav =   1 E =   -656.1349419963 Error = 0.00e+00 FLOPS = 6.94e+08 Tdav = 0.00 T = 0.05
 --> Site =    4-   5 .. Mmps =  187 Ndav =   1 E =   -656.1349419963 Error = 0.00e+00 FLOPS = 6.78e+08 Tdav = 0.01 T = 0.07
 --> Site =    5-   6 .. Mmps =  400 Ndav =   1 E =   -656.1349419963 Error = 0.00e+00 FLOPS = 8.01e+08 Tdav = 0.02 T = 0.25
 --> Site =    6-   7 .. Mmps =  400 Ndav =   1 E =   -656.1349419963 Error = 1.97e-33 FLOPS = 7.01e+08 Tdav = 0.07 T = 0.38
 --> Site =    7-   8 .. Mmps =  400 Ndav =   1 E =   -656.1349419963 Error = 8.47e-28 FLOPS = 6.31e+08 Tdav = 0.16 T = 0.55
 --> Site =    8-   9 .. Mmps =  400 Ndav =   1 E =   -656.1349419963 Error = 2.44e-26 FLOPS = 7.99e+08 Tdav = 0.20 T = 0.57
 --> Site =    9-  10 .. Mmps =  400 Ndav =   1 E =   -656.1349419963 Error = 6.87e-26 FLOPS = 9.37e+08 Tdav = 0.21 T = 0.60
 --> Site =   10-  11 .. Mmps =  400 Ndav =   1 E =   -656.1349419963 Error = 4.50e-25 FLOPS = 9.29e+08 Tdav = 0.23 T = 0.72
 --> Site =   11-  12 .. Mmps =  400 Ndav =   1 E =   -656.1349419963 Error = 3.46e-24 FLOPS = 8.90e+08 Tdav = 0.24 T = 0.75
 --> Site =   12-  13 .. Mmps =  400 Ndav =   1 E =   -656.1349419963 Error = 4.86e-23 FLOPS = 8.95e+08 Tdav = 0.23 T = 0.69
 --> Site =   13-  14 .. Mmps =  400 Ndav =   1 E =   -656.1349419963 Error = 9.40e-22 FLOPS = 9.18e+08 Tdav = 0.23 T = 0.68
 --> Site =   14-  15 .. Mmps =  400 Ndav =   1 E =   -656.1349419963 Error = 4.70e-21 FLOPS = 1.05e+09 Tdav = 0.26 T = 0.68
 --> Site =   15-  16 .. Mmps =  400 Ndav =   1 E =   -656.1349419963 Error = 2.19e-18 FLOPS = 1.52e+09 Tdav = 0.32 T = 0.81
 --> Site =   16-  17 .. Mmps =  400 Ndav =   1 E =   -656.1349419963 Error = 2.28e-16 FLOPS = 1.49e+09 Tdav = 0.31 T = 0.86
 --> Site =   17-  18 .. Mmps =  400 Ndav =   1 E =   -656.1349419963 Error = 1.84e-17 FLOPS = 1.41e+09 Tdav = 0.27 T = 1.14
 --> Site =   18-  19 .. Mmps =  400 Ndav =   1 E =   -656.1349419963 Error = 2.01e-16 FLOPS = 1.35e+09 Tdav = 0.25 T = 0.80
 --> Site =   19-  20 .. Mmps =  400 Ndav =   1 E =   -656.1349419963 Error = 1.57e-19 FLOPS = 1.11e+09 Tdav = 0.21 T = 0.65
 --> Site =   20-  21 .. Mmps =  400 Ndav =   1 E =   -656.1349419963 Error = 5.40e-20 FLOPS = 1.00e+09 Tdav = 0.17 T = 0.57
 --> Site =   21-  22 .. Mmps =  400 Ndav =   1 E =   -656.1349419963 Error = 1.62e-24 FLOPS = 7.54e+08 Tdav = 0.14 T = 0.50
 --> Site =   22-  23 .. Mmps =  400 Ndav =   1 E =   -656.1349419963 Error = 1.60e-24 FLOPS = 8.01e+08 Tdav = 0.08 T = 0.48
 --> Site =   23-  24 .. Mmps =  400 Ndav =   1 E =   -656.1349419963 Error = 6.11e-30 FLOPS = 5.17e+08 Tdav = 0.03 T = 1.53
 --> Site =   24-  25 .. Mmps =  400 Ndav =   1 E =   -656.1349419963 Error = 5.61e-33 FLOPS = 4.46e+08 Tdav = 0.01 T = 0.29
 --> Site =   25-  26 .. Mmps =  400 Ndav =   1 E =   -656.1349419963 Error = 5.75e-46 FLOPS = 4.23e+08 Tdav = 0.01 T = 0.27
 --> Site =   26-  27 .. Mmps =  400 Ndav =   1 E =   -656.1349419963 Error = 1.91e-54 FLOPS = 3.70e+08 Tdav = 0.00 T = 0.25
 --> Site =   27-  28 .. Mmps =  400 Ndav =   1 E =   -656.1349419963 Error = 4.58e-64 FLOPS = 2.91e+08 Tdav = 0.00 T = 0.23
 --> Site =   28-  29 .. Mmps =  400 Ndav =   1 E =   -656.1349419963 Error = 0.00e+00 FLOPS = 2.25e+08 Tdav = 0.00 T = 0.26
Time elapsed =     32.178 | E =    -656.1349419963 | DE = 0.00e+00 | DW = 2.28e-16
Time sweep =       14.739 | 3.65 GFLOP/SWP
 | Dmem = 9.23 MB (58%) | Imem = 20.8 KB (93%) | Hmem = 70.1 MB | Pmem = 14.7 MB
 | Tread = 0.285 | Twrite = 2.747 | Tfpread = 0.197 | Tfpwrite = 2.690 | Tmporead = 0.000 | Tasync = 0.000
 | data = 59.8 MB | cpsd = 20.6 MB
 | Trot = 0.937 | Tctr = 0.512 | Tint = 0.103 | Tmid = 0.000 | Tdctr = 0.147 | Tdiag = 0.053 | Tinfo = 0.116
 | Teff = 1.418 | Tprt = 1.441 | Teig = 3.680 | Tblk = 10.303 | Tmve = 4.434 | Tdm = 0.963 | Tsplt = 2.190 | Tsvd = 0.000 | Torth = 0.000

Sweep =    3 | Direction = backward | Bond dimension =  400 | Noise =  2.00e-04 | Dav threshold =  1.00e-06
 <-- Site =   28-  29 .. Mmps =    4 Ndav =   1 E =   -656.1349419963 Error = 0.00e+00 FLOPS = 2.01e+08 Tdav = 0.00 T = 0.05
 <-- Site =   27-  28 .. Mmps =   12 Ndav =   1 E =   -656.1349419963 Error = 0.00e+00 FLOPS = 2.76e+08 Tdav = 0.00 T = 0.04
 <-- Site =   26-  27 .. Mmps =   32 Ndav =   1 E =   -656.1349419963 Error = 0.00e+00 FLOPS = 3.52e+08 Tdav = 0.00 T = 0.04
 <-- Site =   25-  26 .. Mmps =   75 Ndav =   1 E =   -656.1349419963 Error = 0.00e+00 FLOPS = 3.87e+08 Tdav = 0.01 T = 0.05
 <-- Site =   24-  25 .. Mmps =  156 Ndav =   1 E =   -656.1349419963 Error = 0.00e+00 FLOPS = 4.06e+08 Tdav = 0.02 T = 0.08
 <-- Site =   23-  24 .. Mmps =  294 Ndav =   1 E =   -656.1349419963 Error = 0.00e+00 FLOPS = 5.61e+08 Tdav = 0.03 T = 0.17
 <-- Site =   22-  23 .. Mmps =  400 Ndav =   1 E =   -656.1349419963 Error = 2.64e-49 FLOPS = 6.41e+08 Tdav = 0.09 T = 0.42
 <-- Site =   21-  22 .. Mmps =  400 Ndav =   1 E =   -656.1349419963 Error = 9.25e-37 FLOPS = 7.75e+08 Tdav = 0.15 T = 0.52
 <-- Site =   20-  21 .. Mmps =  400 Ndav =   1 E =   -656.1349419963 Error = 7.39e-32 FLOPS = 1.05e+09 Tdav = 0.19 T = 0.62
 <-- Site =   19-  20 .. Mmps =  400 Ndav =   1 E =   -656.1349419963 Error = 4.55e-26 FLOPS = 1.22e+09 Tdav = 0.22 T = 0.68
 <-- Site =   18-  19 .. Mmps =  400 Ndav =   1 E =   -656.1349419963 Error = 3.36e-22 FLOPS = 1.40e+09 Tdav = 0.29 T = 0.82
 <-- Site =   17-  18 .. Mmps =  400 Ndav =   1 E =   -656.1349419963 Error = 2.43e-21 FLOPS = 1.54e+09 Tdav = 0.28 T = 0.87
 <-- Site =   16-  17 .. Mmps =  400 Ndav =   1 E =   -656.1349419963 Error = 7.52e-20 FLOPS = 1.59e+09 Tdav = 0.35 T = 0.90
 <-- Site =   15-  16 .. Mmps =  400 Ndav =   1 E =   -656.1349419963 Error = 2.30e-21 FLOPS = 1.75e+09 Tdav = 0.34 T = 0.96
 <-- Site =   14-  15 .. Mmps =  400 Ndav =   1 E =   -656.1349419963 Error = 3.72e-21 FLOPS = 1.14e+09 Tdav = 0.29 T = 0.78
 <-- Site =   13-  14 .. Mmps =  400 Ndav =   1 E =   -656.1349419963 Error = 9.47e-22 FLOPS = 1.05e+09 Tdav = 0.26 T = 0.74
 <-- Site =   12-  13 .. Mmps =  400 Ndav =   1 E =   -656.1349419963 Error = 3.59e-22 FLOPS = 9.40e+08 Tdav = 0.25 T = 0.71
 <-- Site =   11-  12 .. Mmps =  400 Ndav =   1 E =   -656.1349419963 Error = 3.26e-23 FLOPS = 9.51e+08 Tdav = 0.25 T = 0.68
 <-- Site =   10-  11 .. Mmps =  400 Ndav =   1 E =   -656.1349419963 Error = 3.21e-24 FLOPS = 1.01e+09 Tdav = 0.24 T = 0.75
 <-- Site =    9-  10 .. Mmps =  400 Ndav =   1 E =   -656.1349419963 Error = 3.77e-25 FLOPS = 9.74e+08 Tdav = 0.24 T = 0.75
 <-- Site =    8-   9 .. Mmps =  400 Ndav =   1 E =   -656.1349419963 Error = 1.09e-25 FLOPS = 9.00e+08 Tdav = 0.22 T = 0.66
 <-- Site =    7-   8 .. Mmps =  400 Ndav =   1 E =   -656.1349419963 Error = 5.12e-26 FLOPS = 7.89e+08 Tdav = 0.19 T = 0.58
 <-- Site =    6-   7 .. Mmps =  400 Ndav =   1 E =   -656.1349419963 Error = 2.83e-26 FLOPS = 6.87e+08 Tdav = 0.16 T = 0.52
 <-- Site =    5-   6 .. Mmps =  400 Ndav =   1 E =   -656.1349419963 Error = 1.63e-26 FLOPS = 6.29e+08 Tdav = 0.06 T = 1.41
 <-- Site =    4-   5 .. Mmps =  400 Ndav =   1 E =   -656.1349419963 Error = 8.32e-28 FLOPS = 6.97e+08 Tdav = 0.02 T = 0.27
 <-- Site =    3-   4 .. Mmps =  400 Ndav =   1 E =   -656.1349419963 Error = 5.01e-32 FLOPS = 6.20e+08 Tdav = 0.01 T = 0.25
 <-- Site =    2-   3 .. Mmps =  400 Ndav =   1 E =   -656.1349419963 Error = 5.01e-38 FLOPS = 4.87e+08 Tdav = 0.01 T = 0.28
 <-- Site =    1-   2 .. Mmps =  400 Ndav =   1 E =   -656.1349419963 Error = 2.25e-47 FLOPS = 3.91e+08 Tdav = 0.00 T = 0.26
 <-- Site =    0-   1 .. Mmps =  400 Ndav =   1 E =   -656.1349419963 Error = 0.00e+00 FLOPS = 3.29e+08 Tdav = 0.00 T = 0.24
Time elapsed =     47.295 | E =    -656.1349419963 | DE = 1.82e-12 | DW = 7.52e-20
Time sweep =       15.116 | 4.42 GFLOP/SWP
 | Dmem = 10.6 MB (59%) | Imem = 18.2 KB (94%) | Hmem = 73.5 MB | Pmem = 16.1 MB
 | Tread = 0.137 | Twrite = 2.394 | Tfpread = 0.083 | Tfpwrite = 2.360 | Tmporead = 0.000 | Tasync = 0.000
 | data = 61.0 MB | cpsd = 21.5 MB
 | Trot = 0.926 | Tctr = 0.598 | Tint = 0.147 | Tmid = 0.000 | Tdctr = 0.026 | Tdiag = 0.058 | Tinfo = 0.055
 | Teff = 1.251 | Tprt = 1.684 | Teig = 4.178 | Tblk = 10.973 | Tmve = 4.141 | Tdm = 1.101 | Tsplt = 2.231 | Tsvd = 0.000 | Torth = 0.000

Sweep =    4 | Direction =  forward | Bond dimension =  400 | Noise =  2.00e-05 | Dav threshold =  1.00e-07
 --> Site =    0-   1 .. Mmps =    4 Ndav =   4 E =   -656.1349420481 Error = 0.00e+00 FLOPS = 4.79e+08 Tdav = 0.01 T = 0.05
 --> Site =    1-   2 .. Mmps =   12 Ndav =   4 E =   -656.1349420732 Error = 0.00e+00 FLOPS = 5.58e+08 Tdav = 0.01 T = 0.05
 --> Site =    2-   3 .. Mmps =   32 Ndav =   2 E =   -656.1349420844 Error = 0.00e+00 FLOPS = 6.52e+08 Tdav = 0.01 T = 0.05
 --> Site =    3-   4 .. Mmps =   80 Ndav =   2 E =   -656.1349420885 Error = 0.00e+00 FLOPS = 7.69e+08 Tdav = 0.02 T = 0.06
 --> Site =    4-   5 .. Mmps =  192 Ndav =   1 E =   -656.1349420885 Error = 0.00e+00 FLOPS = 6.53e+08 Tdav = 0.02 T = 0.09
 --> Site =    5-   6 .. Mmps =  400 Ndav =   1 E =   -656.1349420885 Error = 1.96e-40 FLOPS = 8.55e+08 Tdav = 0.04 T = 0.24
 --> Site =    6-   7 .. Mmps =  400 Ndav =   1 E =   -656.1349420885 Error = 5.10e-23 FLOPS = 7.20e+08 Tdav = 0.16 T = 0.53
 --> Site =    7-   8 .. Mmps =  400 Ndav =   1 E =   -656.1349420885 Error = 9.89e-22 FLOPS = 7.84e+08 Tdav = 0.19 T = 0.60
 --> Site =    8-   9 .. Mmps =  400 Ndav =   1 E =   -656.1349420885 Error = 9.23e-22 FLOPS = 8.90e+08 Tdav = 0.22 T = 0.62
 --> Site =    9-  10 .. Mmps =  400 Ndav =   1 E =   -656.1349420885 Error = 7.55e-22 FLOPS = 9.68e+08 Tdav = 0.23 T = 0.65
 --> Site =   10-  11 .. Mmps =  400 Ndav =   1 E =   -656.1349420885 Error = 2.86e-21 FLOPS = 9.80e+08 Tdav = 0.25 T = 0.67
 --> Site =   11-  12 .. Mmps =  400 Ndav =   1 E =   -656.1349420885 Error = 1.12e-20 FLOPS = 9.77e+08 Tdav = 0.25 T = 0.71
 --> Site =   12-  13 .. Mmps =  400 Ndav =   1 E =   -656.1349420885 Error = 3.47e-20 FLOPS = 9.84e+08 Tdav = 0.25 T = 0.69
 --> Site =   13-  14 .. Mmps =  400 Ndav =   1 E =   -656.1349420885 Error = 3.13e-20 FLOPS = 1.04e+09 Tdav = 0.27 T = 0.75
 --> Site =   14-  15 .. Mmps =  400 Ndav =   1 E =   -656.1349420885 Error = 2.57e-20 FLOPS = 1.12e+09 Tdav = 0.28 T = 0.78
 --> Site =   15-  16 .. Mmps =  400 Ndav =   1 E =   -656.1349420885 Error = 7.22e-18 FLOPS = 1.59e+09 Tdav = 0.35 T = 0.91
 --> Site =   16-  17 .. Mmps =  400 Ndav =   1 E =   -656.1349420885 Error = 1.56e-17 FLOPS = 1.61e+09 Tdav = 0.35 T = 0.89
 --> Site =   17-  18 .. Mmps =  400 Ndav =   1 E =   -656.1349420885 Error = 4.27e-19 FLOPS = 1.64e+09 Tdav = 0.29 T = 1.13
 --> Site =   18-  19 .. Mmps =  400 Ndav =   1 E =   -656.1349420885 Error = 2.21e-17 FLOPS = 1.37e+09 Tdav = 0.25 T = 0.86
 --> Site =   19-  20 .. Mmps =  400 Ndav =   1 E =   -656.1349420885 Error = 1.22e-19 FLOPS = 1.18e+09 Tdav = 0.21 T = 0.73
 --> Site =   20-  21 .. Mmps =  400 Ndav =   1 E =   -656.1349420885 Error = 5.20e-20 FLOPS = 9.96e+08 Tdav = 0.18 T = 0.68
 --> Site =   21-  22 .. Mmps =  400 Ndav =   1 E =   -656.1349420885 Error = 2.32e-23 FLOPS = 7.42e+08 Tdav = 0.15 T = 0.54
 --> Site =   22-  23 .. Mmps =  400 Ndav =   1 E =   -656.1349420885 Error = 3.20e-24 FLOPS = 9.13e+08 Tdav = 0.07 T = 0.44
 --> Site =   23-  24 .. Mmps =  400 Ndav =   1 E =   -656.1349420885 Error = 1.98e-29 FLOPS = 4.20e+08 Tdav = 0.04 T = 0.37
 --> Site =   24-  25 .. Mmps =  400 Ndav =   1 E =   -656.1349420885 Error = 3.12e-32 FLOPS = 5.06e+08 Tdav = 0.01 T = 0.31
 --> Site =   25-  26 .. Mmps =  400 Ndav =   1 E =   -656.1349420885 Error = 2.09e-43 FLOPS = 4.75e+08 Tdav = 0.01 T = 0.24
 --> Site =   26-  27 .. Mmps =  400 Ndav =   1 E =   -656.1349420885 Error = 1.98e-51 FLOPS = 4.13e+08 Tdav = 0.00 T = 0.20
 --> Site =   27-  28 .. Mmps =  400 Ndav =   1 E =   -656.1349420885 Error = 1.38e-59 FLOPS = 3.25e+08 Tdav = 0.00 T = 0.24
 --> Site =   28-  29 .. Mmps =  400 Ndav =   1 E =   -656.1349420885 Error = 0.00e+00 FLOPS = 2.41e+08 Tdav = 0.00 T = 0.26
Time elapsed =     61.630 | E =    -656.1349420885 | DE = -9.22e-08 | DW = 2.21e-17
Time sweep =       14.335 | 4.34 GFLOP/SWP
 | Dmem = 10.4 MB (58%) | Imem = 18.1 KB (94%) | Hmem = 75.2 MB | Pmem = 16.3 MB
 | Tread = 0.279 | Twrite = 1.759 | Tfpread = 0.196 | Tfpwrite = 1.729 | Tmporead = 0.000 | Tasync = 0.000
 | data = 59.8 MB | cpsd = 21.3 MB
 | Trot = 0.986 | Tctr = 0.530 | Tint = 0.168 | Tmid = 0.000 | Tdctr = 0.139 | Tdiag = 0.055 | Tinfo = 0.063
 | Teff = 1.351 | Tprt = 1.563 | Teig = 4.118 | Tblk = 10.806 | Tmve = 3.527 | Tdm = 1.025 | Tsplt = 2.222 | Tsvd = 0.000 | Torth = 0.000

Sweep =    5 | Direction = backward | Bond dimension =  500 | Noise =  0.00e+00 | Dav threshold =  1.00e-09
 <-- Site =   28-  29 .. Mmps =    4 Ndav =   2 E =   -656.1349420885 Error = 0.00e+00 FLOPS = 2.99e+08 Tdav = 0.00 T = 0.05
 <-- Site =   27-  28 .. Mmps =   12 Ndav =   1 E =   -656.1349420885 Error = 0.00e+00 FLOPS = 3.50e+08 Tdav = 0.00 T = 0.04
 <-- Site =   26-  27 .. Mmps =   32 Ndav =   1 E =   -656.1349420885 Error = 0.00e+00 FLOPS = 4.04e+08 Tdav = 0.00 T = 0.04
 <-- Site =   25-  26 .. Mmps =   75 Ndav =   1 E =   -656.1349420885 Error = 0.00e+00 FLOPS = 4.55e+08 Tdav = 0.01 T = 0.05
 <-- Site =   24-  25 .. Mmps =  156 Ndav =   2 E =   -656.1349420885 Error = 0.00e+00 FLOPS = 6.36e+08 Tdav = 0.02 T = 0.07
 <-- Site =   23-  24 .. Mmps =  294 Ndav =   1 E =   -656.1349420885 Error = 0.00e+00 FLOPS = 8.08e+08 Tdav = 0.02 T = 0.15
 <-- Site =   22-  23 .. Mmps =  500 Ndav =   2 E =   -656.1349420885 Error = 0.00e+00 FLOPS = 9.85e+08 Tdav = 0.12 T = 0.40
 <-- Site =   21-  22 .. Mmps =  500 Ndav =   1 E =   -656.1349420885 Error = 1.52e-63 FLOPS = 8.32e+08 Tdav = 0.15 T = 1.11
 <-- Site =   20-  21 .. Mmps =  500 Ndav =   1 E =   -656.1349420885 Error = 6.50e-45 FLOPS = 1.11e+09 Tdav = 0.21 T = 0.66
 <-- Site =   19-  20 .. Mmps =  500 Ndav =   1 E =   -656.1349420885 Error = 4.76e-39 FLOPS = 1.45e+09 Tdav = 0.24 T = 0.70
 <-- Site =   18-  19 .. Mmps =  500 Ndav =   5 E =   -656.1349420887 Error = 2.26e-26 FLOPS = 2.14e+09 Tdav = 0.99 T = 1.46
 <-- Site =   17-  18 .. Mmps =  500 Ndav =   2 E =   -656.1349420887 Error = 2.08e-25 FLOPS = 2.11e+09 Tdav = 0.59 T = 1.10
 <-- Site =   16-  17 .. Mmps =  500 Ndav =   2 E =   -656.1349420890 Error = 3.59e-26 FLOPS = 2.03e+09 Tdav = 0.64 T = 1.12
 <-- Site =   15-  16 .. Mmps =  500 Ndav =   2 E =   -656.1349420892 Error = 3.39e-27 FLOPS = 1.93e+09 Tdav = 0.63 T = 1.15
 <-- Site =   14-  15 .. Mmps =  500 Ndav =   2 E =   -656.1349420892 Error = 7.31e-29 FLOPS = 1.56e+09 Tdav = 0.50 T = 1.01
 <-- Site =   13-  14 .. Mmps =  500 Ndav =   1 E =   -656.1349420892 Error = 1.06e-38 FLOPS = 1.20e+09 Tdav = 0.33 T = 1.50
 <-- Site =   12-  13 .. Mmps =  500 Ndav =   2 E =   -656.1349420893 Error = 1.42e-31 FLOPS = 1.40e+09 Tdav = 0.50 T = 1.07
 <-- Site =   11-  12 .. Mmps =  500 Ndav =   1 E =   -656.1349420893 Error = 1.10e-39 FLOPS = 1.13e+09 Tdav = 0.34 T = 0.83
 <-- Site =   10-  11 .. Mmps =  500 Ndav =   2 E =   -656.1349420894 Error = 9.84e-33 FLOPS = 1.48e+09 Tdav = 0.48 T = 0.92
 <-- Site =    9-  10 .. Mmps =  500 Ndav =   1 E =   -656.1349420894 Error = 6.23e-40 FLOPS = 1.14e+09 Tdav = 0.32 T = 0.81
 <-- Site =    8-   9 .. Mmps =  500 Ndav =   1 E =   -656.1349420894 Error = 2.54e-40 FLOPS = 1.08e+09 Tdav = 0.31 T = 0.75
 <-- Site =    7-   8 .. Mmps =  500 Ndav =   1 E =   -656.1349420894 Error = 2.61e-41 FLOPS = 9.06e+08 Tdav = 0.25 T = 0.67
 <-- Site =    6-   7 .. Mmps =  500 Ndav =   1 E =   -656.1349420894 Error = 3.57e-41 FLOPS = 8.64e+08 Tdav = 0.21 T = 0.66
 <-- Site =    5-   6 .. Mmps =  500 Ndav =   1 E =   -656.1349420894 Error = 2.57e-42 FLOPS = 4.31e+08 Tdav = 0.13 T = 0.54
 <-- Site =    4-   5 .. Mmps =  500 Ndav =   1 E =   -656.1349420894 Error = 3.37e-45 FLOPS = 7.22e+08 Tdav = 0.03 T = 0.41
 <-- Site =    3-   4 .. Mmps =  500 Ndav =   1 E =   -656.1349420894 Error = 6.83e-52 FLOPS = 7.02e+08 Tdav = 0.02 T = 0.31
 <-- Site =    2-   3 .. Mmps =  500 Ndav =   1 E =   -656.1349420894 Error = 2.60e-61 FLOPS = 5.89e+08 Tdav = 0.01 T = 0.33
 <-- Site =    1-   2 .. Mmps =  500 Ndav =   1 E =   -656.1349420894 Error = 6.00e-73 FLOPS = 4.19e+08 Tdav = 0.00 T = 0.33
 <-- Site =    0-   1 .. Mmps =  500 Ndav =   1 E =   -656.1349420894 Error = 0.00e+00 FLOPS = 3.88e+08 Tdav = 0.00 T = 0.41
Time elapsed =     80.278 | E =    -656.1349420894 | DE = -8.79e-10 | DW = 2.08e-25
Time sweep =       18.648 | 10.2 GFLOP/SWP
 | Dmem = 14.0 MB (46%) | Imem = 18.1 KB (94%) | Hmem = 102 MB | Pmem = 0 B
 | Tread = 0.128 | Twrite = 1.932 | Tfpread = 0.082 | Tfpwrite = 1.887 | Tmporead = 0.000 | Tasync = 0.000
 | data = 97.2 MB | cpsd = 34.5 MB
 | Trot = 1.866 | Tctr = 0.589 | Tint = 0.274 | Tmid = 0.000 | Tdctr = 0.027 | Tdiag = 0.075 | Tinfo = 0.605
 | Teff = 1.477 | Tprt = 0.000 | Teig = 7.086 | Tblk = 13.360 | Tmve = 5.285 | Tdm = 0.212 | Tsplt = 3.509 | Tsvd = 0.000 | Torth = 0.000

Ground state energy (DMRG) = -656.134942
Manually computed energy (DMRG) = -656.134942-0.000000j
>>> Init compute time (FCI = False, DMRG=True) = 93.65006422996521
Site 16 <Sz> (DMRG) = -0.500000-0.000000j
Site 18 <Sz> (DMRG) = -0.500000-0.000000j
C[16, 18] =  5.3360184908787995e-21
j - d site pairs =  [(15, 16), (17, 18), (19, 20), (21, 22), (23, 24)]

Build MPO | Nsites =    30 | Nterms =        150 | Algorithm = FastBIP | Cutoff = 1.00e-14
 Site =     0 /    30 .. Mmpo =     5 DW = 0.00e+00 NNZ =        5 SPT = 0.0000 Tmvc = 0.000 T = 0.000
 Site =     1 /    30 .. Mmpo =     6 DW = 0.00e+00 NNZ =        9 SPT = 0.7000 Tmvc = 0.000 T = 0.000
 Site =     2 /    30 .. Mmpo =     6 DW = 0.00e+00 NNZ =       10 SPT = 0.7222 Tmvc = 0.000 T = 0.000
 Site =     3 /    30 .. Mmpo =     6 DW = 0.00e+00 NNZ =       10 SPT = 0.7222 Tmvc = 0.000 T = 0.000
 Site =     4 /    30 .. Mmpo =     6 DW = 0.00e+00 NNZ =       10 SPT = 0.7222 Tmvc = 0.000 T = 0.000
 Site =     5 /    30 .. Mmpo =     6 DW = 0.00e+00 NNZ =       10 SPT = 0.7222 Tmvc = 0.000 T = 0.000
 Site =     6 /    30 .. Mmpo =     6 DW = 0.00e+00 NNZ =       10 SPT = 0.7222 Tmvc = 0.000 T = 0.000
 Site =     7 /    30 .. Mmpo =     6 DW = 0.00e+00 NNZ =       10 SPT = 0.7222 Tmvc = 0.000 T = 0.000
 Site =     8 /    30 .. Mmpo =     6 DW = 0.00e+00 NNZ =       10 SPT = 0.7222 Tmvc = 0.000 T = 0.000
 Site =     9 /    30 .. Mmpo =     6 DW = 0.00e+00 NNZ =       10 SPT = 0.7222 Tmvc = 0.000 T = 0.000
 Site =    10 /    30 .. Mmpo =     6 DW = 0.00e+00 NNZ =       10 SPT = 0.7222 Tmvc = 0.000 T = 0.000
 Site =    11 /    30 .. Mmpo =     6 DW = 0.00e+00 NNZ =       10 SPT = 0.7222 Tmvc = 0.000 T = 0.000
 Site =    12 /    30 .. Mmpo =     6 DW = 0.00e+00 NNZ =       10 SPT = 0.7222 Tmvc = 0.000 T = 0.000
 Site =    13 /    30 .. Mmpo =     6 DW = 0.00e+00 NNZ =       10 SPT = 0.7222 Tmvc = 0.000 T = 0.000
 Site =    14 /    30 .. Mmpo =     6 DW = 0.00e+00 NNZ =       10 SPT = 0.7222 Tmvc = 0.000 T = 0.000
 Site =    15 /    30 .. Mmpo =    10 DW = 0.00e+00 NNZ =       14 SPT = 0.7667 Tmvc = 0.000 T = 0.000
 Site =    16 /    30 .. Mmpo =    10 DW = 0.00e+00 NNZ =       14 SPT = 0.8600 Tmvc = 0.000 T = 0.000
 Site =    17 /    30 .. Mmpo =    10 DW = 0.00e+00 NNZ =       20 SPT = 0.8000 Tmvc = 0.000 T = 0.000
 Site =    18 /    30 .. Mmpo =    10 DW = 0.00e+00 NNZ =       14 SPT = 0.8600 Tmvc = 0.000 T = 0.000
 Site =    19 /    30 .. Mmpo =    10 DW = 0.00e+00 NNZ =       20 SPT = 0.8000 Tmvc = 0.000 T = 0.000
 Site =    20 /    30 .. Mmpo =    10 DW = 0.00e+00 NNZ =       14 SPT = 0.8600 Tmvc = 0.000 T = 0.000
 Site =    21 /    30 .. Mmpo =    10 DW = 0.00e+00 NNZ =       20 SPT = 0.8000 Tmvc = 0.000 T = 0.000
 Site =    22 /    30 .. Mmpo =    10 DW = 0.00e+00 NNZ =       14 SPT = 0.8600 Tmvc = 0.000 T = 0.000
 Site =    23 /    30 .. Mmpo =    10 DW = 0.00e+00 NNZ =       20 SPT = 0.8000 Tmvc = 0.000 T = 0.000
 Site =    24 /    30 .. Mmpo =     6 DW = 0.00e+00 NNZ =       10 SPT = 0.8333 Tmvc = 0.000 T = 0.000
 Site =    25 /    30 .. Mmpo =     6 DW = 0.00e+00 NNZ =       10 SPT = 0.7222 Tmvc = 0.000 T = 0.000
 Site =    26 /    30 .. Mmpo =     6 DW = 0.00e+00 NNZ =       10 SPT = 0.7222 Tmvc = 0.000 T = 0.000
 Site =    27 /    30 .. Mmpo =     6 DW = 0.00e+00 NNZ =       10 SPT = 0.7222 Tmvc = 0.000 T = 0.000
 Site =    28 /    30 .. Mmpo =     5 DW = 0.00e+00 NNZ =        9 SPT = 0.7000 Tmvc = 0.000 T = 0.000
 Site =    29 /    30 .. Mmpo =     1 DW = 0.00e+00 NNZ =        5 SPT = 0.0000 Tmvc = 0.000 T = 0.000
Ttotal =      0.002 Tmvc-total = 0.000 MPO bond dimension =    10 MaxDW = 0.00e+00
NNZ =          348 SIZE =         1566 SPT = 0.7778

Rank =     0 Ttotal =      0.003 MPO method = FastBipartite bond dimension =      10 NNZ =          348 SIZE =         1566 SPT = 0.7778
Site 16 <Sz> (DMRG) = -0.500000-0.000000j
Site 18 <Sz> (DMRG) = -0.500000-0.000000j
C[16, 18] =  5.16718014612185e-12
Site 16 <Sz> (DMRG) = -0.499991-0.000000j
Site 18 <Sz> (DMRG) = -0.500000-0.000000j
C[16, 18] =  4.006572833929795e-08
Site 16 <Sz> (DMRG) = -0.499026-0.000000j
Site 18 <Sz> (DMRG) = -0.500000-0.000000j
C[16, 18] =  7.270143212885571e-07
Site 16 <Sz> (DMRG) = -0.486866+0.000000j
Site 18 <Sz> (DMRG) = -0.499985+0.000000j
C[16, 18] =  5.753903586463058e-07
Site 16 <Sz> (DMRG) = -0.452159-0.000000j
Site 18 <Sz> (DMRG) = -0.499715+0.000000j
C[16, 18] =  1.0354272907643115e-06
Site 16 <Sz> (DMRG) = -0.432742-0.000000j
Site 18 <Sz> (DMRG) = -0.490206-0.000000j
C[16, 18] =  3.799203792095407e-06
Site 16 <Sz> (DMRG) = -0.411681-0.000000j
Site 18 <Sz> (DMRG) = -0.477878+0.000000j
C[16, 18] =  5.47297869039883e-05
Site 16 <Sz> (DMRG) = -0.396870-0.000000j
Site 18 <Sz> (DMRG) = -0.462678-0.000000j
C[16, 18] =  8.974599713639573e-05
Site 16 <Sz> (DMRG) = -0.373265-0.000000j
Site 18 <Sz> (DMRG) = -0.454448+0.000000j
C[16, 18] =  0.0001263069771184289
Site 16 <Sz> (DMRG) = -0.347055-0.000000j
Site 18 <Sz> (DMRG) = -0.449638+0.000000j
C[16, 18] =  0.0009134431647385905
Site 16 <Sz> (DMRG) = -0.315926-0.000000j
Site 18 <Sz> (DMRG) = -0.446292+0.000000j
C[16, 18] =  0.003170419552349691
Site 16 <Sz> (DMRG) = -0.285962+0.000000j
Site 18 <Sz> (DMRG) = -0.443651+0.000000j
C[16, 18] =  0.008571639110141643
Site 16 <Sz> (DMRG) = -0.257273+0.000000j
Site 18 <Sz> (DMRG) = -0.441078-0.000000j
C[16, 18] =  0.004506448697174541
Site 16 <Sz> (DMRG) = -0.229864-0.000000j
Site 18 <Sz> (DMRG) = -0.437719-0.000000j
C[16, 18] =  0.003693892928862457
Site 16 <Sz> (DMRG) = -0.211348+0.000000j
Site 18 <Sz> (DMRG) = -0.430649-0.000000j
C[16, 18] =  0.0032278609176061854
>>> Time evol compute time (DMRG only) = 18070.26
stop time: 
Sat Nov 25 14:31:28 EST 2023
