SLURM: start oscillations_Y.py
Wed 09 Aug 2023 08:20:54 AM PDT
############################################################
T = 7.0 K

Loading data from Mn-4Tesla/data/7.0KdIdV.txt
>>>> (7.0, 7.0, 15.0)

Fitting data
   Iteration     Total nfev        Cost      Cost reduction    Step norm     Optimality   
       0              1         1.6424e+06                                    7.33e+06    
       1              2         1.2046e+06      4.38e+05       2.01e+00       7.78e+06    
       2              3         7.7006e+05      4.35e+05       3.43e-01       6.27e+06    
       3              4         5.3134e+05      2.39e+05       2.92e-02       4.48e+06    
       4              5         4.0482e+05      1.27e+05       2.94e-01       3.13e+06    
       5              6         3.4925e+05      5.56e+04       3.07e-02       1.85e+06    
       6              7         3.3150e+05      1.78e+04       1.13e-01       9.72e+05    
       7              8         3.2684e+05      4.66e+03       2.68e-02       4.79e+05    
       8              9         3.2573e+05      1.11e+03       8.91e-03       2.29e+05    
       9             10         3.2547e+05      2.53e+02       5.64e-03       1.08e+05    
      10             11         3.2542e+05      5.62e+01       3.09e-03       5.07e+04    
      11             12         3.2540e+05      1.24e+01       1.55e-03       2.37e+04    
      12             13         3.2540e+05      2.72e+00       7.45e-04       1.10e+04    
      13             14         3.2540e+05      6.02e-01       3.52e-04       5.15e+03    
      14             15         3.2540e+05      1.36e-01       1.65e-04       2.40e+03    
      15             16         3.2540e+05      3.17e-02       7.72e-05       1.12e+03    
      16             17         3.2540e+05      7.93e-03       3.58e-05       5.20e+02    
      17             18         3.2540e+05      2.21e-03       1.71e-05       2.42e+02    
`ftol` termination condition is satisfied.
Function evaluations 18, initial cost 1.6424e+06, final cost 3.2540e+05, first-order optimality 2.42e+02.
<function dIdV_all_zero at 0x7fca813d5ee0> fitting results:
	V0    = -0.001680,bounds = [-0.012208  0.012208]
	eps_0 = 0.004320,bounds = [0.00432 0.00432]
	eps_c = 0.000055,bounds = [5.5000000e-05 5.5000001e-05]
	G1    = 0.333000,bounds = [0.333 0.333]
	G2    = 0.159000,bounds = [0.159 0.159]
	G3    = 0.194000,bounds = [0.194 0.194]
	T_surf= 17.747937,bounds = [11.8 18.2]
	tau0  = 0.009753,bounds = [0.006 0.014]
	Gamma = 0.002250,bounds = [0.00225 0.00225]
	EC    = 0.005446,bounds = [0.00354 0.00826]
	RMSE  = 0.051603 


Fitting data
   Iteration     Total nfev        Cost      Cost reduction    Step norm     Optimality   
       0              1         3.2540e+05                                    2.42e+02    
       1              2         3.2540e+05      1.35e-03       7.66e-06       1.14e+02    
`ftol` termination condition is satisfied.
Function evaluations 2, initial cost 3.2540e+05, final cost 3.2540e+05, first-order optimality 1.14e+02.
<function dIdV_all_zero at 0x7fca813d5ee0> fitting results:
	V0    = -0.001680,bounds = [-0.012208  0.012208]
	eps_0 = 0.004320,bounds = [0.00432 0.00432]
	eps_c = 0.000055,bounds = [5.5000000e-05 5.5000001e-05]
	G1    = 0.333000,bounds = [0.333 0.333]
	G2    = 0.159000,bounds = [0.159 0.159]
	G3    = 0.194000,bounds = [0.194 0.194]
	T_surf= 17.747945,bounds = [11.8 18.2]
	tau0  = 0.009753,bounds = [0.006 0.014]
	Gamma = 0.002250,bounds = [0.00225 0.00225]
	EC    = 0.005446,bounds = [0.00354 0.00826]
	RMSE  = 0.051603 


Fitting data
   Iteration     Total nfev        Cost      Cost reduction    Step norm     Optimality   
       0              1         2.9609e+05                                    5.64e+05    
       1              2         2.8929e+05      6.80e+03       2.09e-04       3.13e+05    
       2              3         2.8863e+05      6.59e+02       4.22e-05       2.32e+05    
       3              4         2.8844e+05      1.88e+02       1.63e-05       1.95e+05    
       4              5         2.8830e+05      1.42e+02       1.56e-05       1.56e+05    
       5              6         2.8823e+05      6.97e+01       1.99e-06       3.91e+04    
       6              7         2.8819e+05      3.90e+01       7.90e-06       3.56e+04    
       7              8         2.8819e+05      4.75e+00       5.71e-07       1.68e+04    
       8              9         2.8818e+05      5.38e+00       1.84e-06       1.74e+04    
       9             10         2.8818e+05      3.72e+00       6.24e-07       1.57e+04    
      10             11         2.8815e+05      3.23e+01       1.34e-05       3.70e+04    
      11             12         2.8814e+05      8.85e+00       7.27e-07       8.91e+03    
      12             13         2.8814e+05      1.52e+00       6.96e-07       8.52e+03    
      13             14         2.8814e+05      9.94e-01       4.71e-07       8.26e+03    
      14             15         2.8813e+05      2.69e+00       1.36e-06       7.51e+03    
      15             16         2.8813e+05      5.88e+00       3.59e-06       5.52e+03    
      16             17         2.8812e+05      4.10e+00       3.60e-06       3.53e+03    
      17             18         2.8812e+05      2.38e+00       3.78e-06       1.46e+03    
      18             19         2.8812e+05      4.77e-01       2.21e-06       2.52e+02    
      19             20         2.8812e+05      1.55e-02       4.63e-07       1.97e+02    
      20             24         2.8812e+05      5.12e-06       5.34e-10       1.66e+02    
      21             25         2.8812e+05      3.55e-07       1.33e-10       1.58e+02    
      22             26         2.8812e+05      3.14e-08       3.33e-11       1.56e+02    
      23             27         2.8812e+05      4.13e-09       8.34e-12       1.56e+02    
      24             28         2.8812e+05      8.15e-10       2.08e-12       1.56e+02    
      25             30         2.8812e+05      1.16e-10       1.30e-13       1.56e+02    
      26             33         2.8812e+05      1.16e-10       2.04e-15       1.56e+02    
`ftol` termination condition is satisfied.
Function evaluations 33, initial cost 2.9609e+05, final cost 2.8812e+05, first-order optimality 1.56e+02.
<function dIdV_all at 0x7fca813d5f70> fitting results:
	V0    = -0.001680,bounds = [-0.00167975 -0.00167975]
	eps_0 = 0.004320,bounds = [0.00432 0.00432]
	eps_c = 0.000055,bounds = [5.5000000e-05 5.5000001e-05]
	G1    = 0.333000,bounds = [0.333 0.333]
	G2    = 0.159000,bounds = [0.159 0.159]
	G3    = 0.194000,bounds = [0.194 0.194]
	T_surf= 17.747945,bounds = [17.74794507 17.74794507]
	tau0  = 0.010077,bounds = [0.006 0.014]
	Gamma = 0.002250,bounds = [0.00225 0.00225]
	EC    = 0.005462,bounds = [0.00354 0.00826]
	T_film= 7.000000,bounds = [ 7. 15.]
	RMSE  = 0.048557 

Saving plot to Mn-4Tesla/lorentz/stored_plots/7
Saving data to Mn-4Tesla/lorentz/
SLURM: finish oscillations_Y.py
Wed 09 Aug 2023 08:24:52 AM PDT
