>>> PWD:  /home/cpbunker/Desktop/GitHub/transport
>>> Params =  {'sys_type': 'STT', 'tl': 1.0, 'Vconf': 30.0, 'Be': 100.0, 'BFM': 0.0, 'Bent': -100.0, 'Bstate': 99.0, 'Bstate_num': 2, 'Jz': 0.0, 'Jx': 0.0, 'Jsd': 1.0, 'NL': 25, 'NFM': 2, 'NR': 30, 'Nconf': 20, 'Ne': 1, 'TwoSz': 1, 'TwoSd': 1, 'symmetry': 'Sz', 'ex_sites': [25, 26], 'plot': 0, 'bdim_0': [150, 150, 150, 200, 200], 'bdim_t': [250], 'noises': [0.01, 0.001, 0.0001, 1e-05, 0.0], 'dmrg_sweeps': 20, 'cutoff': -1.0, 'te_type': 'tdvp', 'time_step': 0.1, 'tupdate': 8.0, 'Nupdates': 20}
TwoSdz_ladder =
 [ 1 -1]
four_Sdz = 
 [[ 0.5  0.   0.   0.   0.   0.   0.   0. ]
 [ 0.  -0.5  0.  -0.   0.  -0.   0.  -0. ]
 [ 0.   0.   0.5  0.   0.   0.   0.   0. ]
 [ 0.  -0.   0.  -0.5  0.  -0.   0.  -0. ]
 [ 0.   0.   0.   0.   0.5  0.   0.   0. ]
 [ 0.  -0.   0.  -0.   0.  -0.5  0.  -0. ]
 [ 0.   0.   0.   0.   0.   0.   0.5  0. ]
 [ 0.  -0.   0.  -0.   0.  -0.   0.  -0.5]]
four_Sdminus = 
 [[0. 0. 0. 0. 0. 0. 0. 0.]
 [1. 0. 0. 0. 0. 0. 0. 0.]
 [0. 0. 0. 0. 0. 0. 0. 0.]
 [0. 0. 1. 0. 0. 0. 0. 0.]
 [0. 0. 0. 0. 0. 0. 0. 0.]
 [0. 0. 0. 0. 1. 0. 0. 0.]
 [0. 0. 0. 0. 0. 0. 0. 0.]
 [0. 0. 0. 0. 0. 0. 1. 0.]]
four_Sdplus = 
 [[0. 1. 0. 0. 0. 0. 0. 0.]
 [0. 0. 0. 0. 0. 0. 0. 0.]
 [0. 0. 0. 1. 0. 0. 0. 0.]
 [0. 0. 0. 0. 0. 0. 0. 0.]
 [0. 0. 0. 0. 0. 1. 0. 0.]
 [0. 0. 0. 0. 0. 0. 0. 0.]
 [0. 0. 0. 0. 0. 0. 0. 1.]
 [0. 0. 0. 0. 0. 0. 0. 0.]]
>>> (0, 1, 0)
>>> (0, -1, 0)
>>> (1, 2, 0)
>>> (1, 0, 0)
>>> (1, -2, 0)
>>> (2, 1, 0)
>>> (2, -1, 0)
>>> (0, 1, 0)
>>> (0, -1, 0)
>>> (1, 2, 0)
>>> (1, 0, 0)
>>> (1, -2, 0)
>>> (2, 1, 0)
>>> (2, -1, 0)

 ######################################## 
Constructed builder
 ######################################## 

Ground state energy (DMRG) = -156.802160
>>> Init compute time = 6.504576683044434

Time = 0.00
Total energy = -156.802160-0.000000j
WF norm = 1.000000-0.000000j
<Sz d=25> = 0.000000-0.000000j
<Sz d=26> = -0.000000-0.000000j
<(S1+S2)^2> = 0.000000
ents2[26,25] = 0.0000000000
MI[25,26] = 0.693147 (max = 0.693147)
Total <occ_> = 1.000000
Total <sz_> = 0.500000
Total <Sdz_> = 0.000000
Total <J_> = 0.000000
Total <S2_> = nan
ents2[26,25] = 0.0000000000
Total <MI_> = nan
TwoSdz_ladder =
 [ 1 -1]
four_Sdz = 
 [[ 0.5  0.   0.   0.   0.   0.   0.   0. ]
 [ 0.  -0.5  0.  -0.   0.  -0.   0.  -0. ]
 [ 0.   0.   0.5  0.   0.   0.   0.   0. ]
 [ 0.  -0.   0.  -0.5  0.  -0.   0.  -0. ]
 [ 0.   0.   0.   0.   0.5  0.   0.   0. ]
 [ 0.  -0.   0.  -0.   0.  -0.5  0.  -0. ]
 [ 0.   0.   0.   0.   0.   0.   0.5  0. ]
 [ 0.  -0.   0.  -0.   0.  -0.   0.  -0.5]]
four_Sdminus = 
 [[0. 0. 0. 0. 0. 0. 0. 0.]
 [1. 0. 0. 0. 0. 0. 0. 0.]
 [0. 0. 0. 0. 0. 0. 0. 0.]
 [0. 0. 1. 0. 0. 0. 0. 0.]
 [0. 0. 0. 0. 0. 0. 0. 0.]
 [0. 0. 0. 0. 1. 0. 0. 0.]
 [0. 0. 0. 0. 0. 0. 0. 0.]
 [0. 0. 0. 0. 0. 0. 1. 0.]]
four_Sdplus = 
 [[0. 1. 0. 0. 0. 0. 0. 0.]
 [0. 0. 0. 0. 0. 0. 0. 0.]
 [0. 0. 0. 1. 0. 0. 0. 0.]
 [0. 0. 0. 0. 0. 0. 0. 0.]
 [0. 0. 0. 0. 0. 1. 0. 0.]
 [0. 0. 0. 0. 0. 0. 0. 0.]
 [0. 0. 0. 0. 0. 0. 0. 1.]
 [0. 0. 0. 0. 0. 0. 0. 0.]]
>>> (0, 1, 0)
>>> (0, -1, 0)
>>> (1, 2, 0)
>>> (1, 0, 0)
>>> (1, -2, 0)
>>> (2, 1, 0)
>>> (2, -1, 0)
>>> (0, 1, 0)
>>> (0, -1, 0)
>>> (1, 2, 0)
>>> (1, 0, 0)
>>> (1, -2, 0)
>>> (2, 1, 0)
>>> (2, -1, 0)

 ######################################## 
Constructed builder
 ######################################## 


Build MPO | Nsites =    57 | Nterms =        232 | Algorithm = FastBIP | Cutoff = 1.00e-14
 Site =     0 /    57 .. Mmpo =     5 DW = 0.00e+00 NNZ =        5 SPT = 0.0000 Tmvc = 0.000 T = 0.000
 Site =     1 /    57 .. Mmpo =     6 DW = 0.00e+00 NNZ =        9 SPT = 0.7000 Tmvc = 0.000 T = 0.000
 Site =     2 /    57 .. Mmpo =     6 DW = 0.00e+00 NNZ =       10 SPT = 0.7222 Tmvc = 0.000 T = 0.000
 Site =     3 /    57 .. Mmpo =     6 DW = 0.00e+00 NNZ =       10 SPT = 0.7222 Tmvc = 0.000 T = 0.000
 Site =     4 /    57 .. Mmpo =     6 DW = 0.00e+00 NNZ =       10 SPT = 0.7222 Tmvc = 0.000 T = 0.000
 Site =     5 /    57 .. Mmpo =     6 DW = 0.00e+00 NNZ =       10 SPT = 0.7222 Tmvc = 0.000 T = 0.000
 Site =     6 /    57 .. Mmpo =     6 DW = 0.00e+00 NNZ =       10 SPT = 0.7222 Tmvc = 0.000 T = 0.000
 Site =     7 /    57 .. Mmpo =     6 DW = 0.00e+00 NNZ =       10 SPT = 0.7222 Tmvc = 0.000 T = 0.000
 Site =     8 /    57 .. Mmpo =     6 DW = 0.00e+00 NNZ =       10 SPT = 0.7222 Tmvc = 0.000 T = 0.000
 Site =     9 /    57 .. Mmpo =     6 DW = 0.00e+00 NNZ =       10 SPT = 0.7222 Tmvc = 0.000 T = 0.000
 Site =    10 /    57 .. Mmpo =     6 DW = 0.00e+00 NNZ =       10 SPT = 0.7222 Tmvc = 0.000 T = 0.000
 Site =    11 /    57 .. Mmpo =     6 DW = 0.00e+00 NNZ =       10 SPT = 0.7222 Tmvc = 0.000 T = 0.000
 Site =    12 /    57 .. Mmpo =     6 DW = 0.00e+00 NNZ =       10 SPT = 0.7222 Tmvc = 0.000 T = 0.000
 Site =    13 /    57 .. Mmpo =     6 DW = 0.00e+00 NNZ =       10 SPT = 0.7222 Tmvc = 0.000 T = 0.000
 Site =    14 /    57 .. Mmpo =     6 DW = 0.00e+00 NNZ =       10 SPT = 0.7222 Tmvc = 0.000 T = 0.000
 Site =    15 /    57 .. Mmpo =     6 DW = 0.00e+00 NNZ =       10 SPT = 0.7222 Tmvc = 0.000 T = 0.000
 Site =    16 /    57 .. Mmpo =     6 DW = 0.00e+00 NNZ =       10 SPT = 0.7222 Tmvc = 0.000 T = 0.000
 Site =    17 /    57 .. Mmpo =     6 DW = 0.00e+00 NNZ =       10 SPT = 0.7222 Tmvc = 0.000 T = 0.000
 Site =    18 /    57 .. Mmpo =     6 DW = 0.00e+00 NNZ =       10 SPT = 0.7222 Tmvc = 0.000 T = 0.000
 Site =    19 /    57 .. Mmpo =     6 DW = 0.00e+00 NNZ =       10 SPT = 0.7222 Tmvc = 0.000 T = 0.000
 Site =    20 /    57 .. Mmpo =     6 DW = 0.00e+00 NNZ =       10 SPT = 0.7222 Tmvc = 0.000 T = 0.000
 Site =    21 /    57 .. Mmpo =     6 DW = 0.00e+00 NNZ =       10 SPT = 0.7222 Tmvc = 0.000 T = 0.000
 Site =    22 /    57 .. Mmpo =     6 DW = 0.00e+00 NNZ =       10 SPT = 0.7222 Tmvc = 0.000 T = 0.000
 Site =    23 /    57 .. Mmpo =     6 DW = 0.00e+00 NNZ =       10 SPT = 0.7222 Tmvc = 0.000 T = 0.000
 Site =    24 /    57 .. Mmpo =     6 DW = 0.00e+00 NNZ =       10 SPT = 0.7222 Tmvc = 0.000 T = 0.000
 Site =    25 /    57 .. Mmpo =     6 DW = 0.00e+00 NNZ =       11 SPT = 0.6944 Tmvc = 0.000 T = 0.000
 Site =    26 /    57 .. Mmpo =     6 DW = 0.00e+00 NNZ =       11 SPT = 0.6944 Tmvc = 0.000 T = 0.000
 Site =    27 /    57 .. Mmpo =     6 DW = 0.00e+00 NNZ =       10 SPT = 0.7222 Tmvc = 0.000 T = 0.000
 Site =    28 /    57 .. Mmpo =     6 DW = 0.00e+00 NNZ =       10 SPT = 0.7222 Tmvc = 0.000 T = 0.000
 Site =    29 /    57 .. Mmpo =     6 DW = 0.00e+00 NNZ =       10 SPT = 0.7222 Tmvc = 0.000 T = 0.000
 Site =    30 /    57 .. Mmpo =     6 DW = 0.00e+00 NNZ =       10 SPT = 0.7222 Tmvc = 0.000 T = 0.000
 Site =    31 /    57 .. Mmpo =     6 DW = 0.00e+00 NNZ =       10 SPT = 0.7222 Tmvc = 0.000 T = 0.000
 Site =    32 /    57 .. Mmpo =     6 DW = 0.00e+00 NNZ =       10 SPT = 0.7222 Tmvc = 0.000 T = 0.000
 Site =    33 /    57 .. Mmpo =     6 DW = 0.00e+00 NNZ =       10 SPT = 0.7222 Tmvc = 0.000 T = 0.000
 Site =    34 /    57 .. Mmpo =     6 DW = 0.00e+00 NNZ =       10 SPT = 0.7222 Tmvc = 0.000 T = 0.000
 Site =    35 /    57 .. Mmpo =     6 DW = 0.00e+00 NNZ =       10 SPT = 0.7222 Tmvc = 0.000 T = 0.000
 Site =    36 /    57 .. Mmpo =     6 DW = 0.00e+00 NNZ =       10 SPT = 0.7222 Tmvc = 0.000 T = 0.000
 Site =    37 /    57 .. Mmpo =     6 DW = 0.00e+00 NNZ =       10 SPT = 0.7222 Tmvc = 0.000 T = 0.000
 Site =    38 /    57 .. Mmpo =     6 DW = 0.00e+00 NNZ =       10 SPT = 0.7222 Tmvc = 0.000 T = 0.000
 Site =    39 /    57 .. Mmpo =     6 DW = 0.00e+00 NNZ =       10 SPT = 0.7222 Tmvc = 0.000 T = 0.000
 Site =    40 /    57 .. Mmpo =     6 DW = 0.00e+00 NNZ =       10 SPT = 0.7222 Tmvc = 0.000 T = 0.000
 Site =    41 /    57 .. Mmpo =     6 DW = 0.00e+00 NNZ =       10 SPT = 0.7222 Tmvc = 0.000 T = 0.000
 Site =    42 /    57 .. Mmpo =     6 DW = 0.00e+00 NNZ =       10 SPT = 0.7222 Tmvc = 0.000 T = 0.000
 Site =    43 /    57 .. Mmpo =     6 DW = 0.00e+00 NNZ =       10 SPT = 0.7222 Tmvc = 0.000 T = 0.000
 Site =    44 /    57 .. Mmpo =     6 DW = 0.00e+00 NNZ =       10 SPT = 0.7222 Tmvc = 0.000 T = 0.000
 Site =    45 /    57 .. Mmpo =     6 DW = 0.00e+00 NNZ =       10 SPT = 0.7222 Tmvc = 0.000 T = 0.000
 Site =    46 /    57 .. Mmpo =     6 DW = 0.00e+00 NNZ =       10 SPT = 0.7222 Tmvc = 0.000 T = 0.000
 Site =    47 /    57 .. Mmpo =     6 DW = 0.00e+00 NNZ =       10 SPT = 0.7222 Tmvc = 0.000 T = 0.000
 Site =    48 /    57 .. Mmpo =     6 DW = 0.00e+00 NNZ =       10 SPT = 0.7222 Tmvc = 0.000 T = 0.000
 Site =    49 /    57 .. Mmpo =     6 DW = 0.00e+00 NNZ =       10 SPT = 0.7222 Tmvc = 0.000 T = 0.000
 Site =    50 /    57 .. Mmpo =     6 DW = 0.00e+00 NNZ =       10 SPT = 0.7222 Tmvc = 0.000 T = 0.000
 Site =    51 /    57 .. Mmpo =     6 DW = 0.00e+00 NNZ =       10 SPT = 0.7222 Tmvc = 0.000 T = 0.000
 Site =    52 /    57 .. Mmpo =     6 DW = 0.00e+00 NNZ =       10 SPT = 0.7222 Tmvc = 0.000 T = 0.000
 Site =    53 /    57 .. Mmpo =     6 DW = 0.00e+00 NNZ =       10 SPT = 0.7222 Tmvc = 0.000 T = 0.000
 Site =    54 /    57 .. Mmpo =     6 DW = 0.00e+00 NNZ =       10 SPT = 0.7222 Tmvc = 0.000 T = 0.000
 Site =    55 /    57 .. Mmpo =     5 DW = 0.00e+00 NNZ =        9 SPT = 0.7000 Tmvc = 0.000 T = 0.000
 Site =    56 /    57 .. Mmpo =     1 DW = 0.00e+00 NNZ =        5 SPT = 0.0000 Tmvc = 0.000 T = 0.000
Ttotal =      0.011 Tmvc-total = 0.000 MPO bond dimension =     6 MaxDW = 0.00e+00
NNZ =          560 SIZE =         1978 SPT = 0.7169

Rank =     0 Ttotal =      0.013 MPO method = FastBipartite bond dimension =       6 NNZ =          560 SIZE =         1978 SPT = 0.7169


START TIME EVOLUTION (te_type = tdvp)

 ************************************************** 



>>>> Evol CPU time = 2.5 min


Time = 8.00
Total energy = -1.802378+0.000000j
WF norm = 1.000000-0.000000j
<Sz d=25> = 0.001256+0.000000j
<Sz d=26> = 0.000603+0.000000j
<(S1+S2)^2> = 0.005576
ents2[26,25] = 0.0209579595
MI[25,26] = 0.682666 (max = 0.693147)
Total <occ_> = 1.000000
Total <sz_> = 0.498141
Total <Sdz_> = 0.001859
Total <J_> = 0.039567
Total <S2_> = nan
ents2[26,25] = 0.0209579595
Total <MI_> = nan

>>>> Observables CPU time = 0.4 min


>>>> Evol CPU time = 2.7 min


Time = 16.00
Total energy = -1.802378-0.000000j
WF norm = 1.000000-0.000000j
<Sz d=25> = 0.002715-0.000000j
<Sz d=26> = 0.008085+0.000000j
<(S1+S2)^2> = 0.032398
ents2[26,25] = 0.0929830013
MI[25,26] = 0.646583 (max = 0.693147)
Total <occ_> = 1.000000
Total <sz_> = 0.489201
Total <Sdz_> = 0.010799
Total <J_> = 0.062643
Total <S2_> = nan
ents2[26,25] = 0.0929830013
Total <MI_> = nan

>>>> Observables CPU time = 0.4 min


>>>> Evol CPU time = 2.7 min


Time = 24.00
Total energy = -1.802378-0.000000j
WF norm = 1.000000-0.000000j
<Sz d=25> = -0.001101-0.000000j
<Sz d=26> = 0.026179+0.000000j
<(S1+S2)^2> = 0.075233
ents2[26,25] = 0.1809202894
MI[25,26] = 0.602000 (max = 0.693147)
Total <occ_> = 1.000000
Total <sz_> = 0.474922
Total <Sdz_> = 0.025078
Total <J_> = 0.060494
Total <S2_> = nan
ents2[26,25] = 0.1809202894
Total <MI_> = nan

>>>> Observables CPU time = 0.4 min


>>>> Evol CPU time = 2.7 min


Time = 32.00
Total energy = -1.802378-0.000000j
WF norm = 1.000000-0.000000j
<Sz d=25> = -0.006700+0.000000j
<Sz d=26> = 0.045126-0.000000j
<(S1+S2)^2> = 0.115279
ents2[26,25] = 0.2456246950
MI[25,26] = 0.568251 (max = 0.693147)
Total <occ_> = 1.000000
Total <sz_> = 0.461574
Total <Sdz_> = 0.038426
Total <J_> = 0.063229
Total <S2_> = nan
ents2[26,25] = 0.2456246950
Total <MI_> = nan

>>>> Observables CPU time = 0.4 min


>>>> Evol CPU time = 2.7 min


Time = 40.00
Total energy = -1.802378-0.000000j
WF norm = 1.000000-0.000000j
<Sz d=25> = -0.004834-0.000000j
<Sz d=26> = 0.058436+0.000000j
<(S1+S2)^2> = 0.160806
ents2[26,25] = 0.3117220900
MI[25,26] = 0.533840 (max = 0.693147)
Total <occ_> = 1.000000
Total <sz_> = 0.446398
Total <Sdz_> = 0.053602
Total <J_> = 0.041055
Total <S2_> = nan
ents2[26,25] = 0.3117220900
Total <MI_> = nan

>>>> Observables CPU time = 0.4 min


>>>> Evol CPU time = 2.6 min


Time = 48.00
Total energy = -1.802378-0.000000j
WF norm = 1.000000-0.000000j
<Sz d=25> = -0.007810-0.000000j
<Sz d=26> = 0.071836-0.000000j
<(S1+S2)^2> = 0.192078
ents2[26,25] = 0.3506705099
MI[25,26] = 0.512573 (max = 0.693147)
Total <occ_> = 1.000000
Total <sz_> = 0.435974
Total <Sdz_> = 0.064026
Total <J_> = 0.026012
Total <S2_> = nan
ents2[26,25] = 0.3506705099
Total <MI_> = nan

>>>> Observables CPU time = 0.4 min


>>>> Evol CPU time = 2.7 min


Time = 56.00
Total energy = -1.802378-0.000000j
WF norm = 1.000000-0.000000j
<Sz d=25> = -0.005597-0.000000j
<Sz d=26> = 0.075208+0.000000j
<(S1+S2)^2> = 0.208831
ents2[26,25] = 0.3723115529
MI[25,26] = 0.501282 (max = 0.693147)
Total <occ_> = 1.000000
Total <sz_> = 0.430390
Total <Sdz_> = 0.069610
Total <J_> = 0.008161
Total <S2_> = nan
ents2[26,25] = 0.3723115529
Total <MI_> = nan

>>>> Observables CPU time = 0.4 min


>>>> Evol CPU time = 2.7 min


Time = 64.00
Total energy = -1.802378+0.000000j
WF norm = 1.000000-0.000000j
<Sz d=25> = -0.010312-0.000000j
<Sz d=26> = 0.082020+0.000000j
<(S1+S2)^2> = 0.215124
ents2[26,25] = 0.3717736846
MI[25,26] = 0.500396 (max = 0.693147)
Total <occ_> = 1.000000
Total <sz_> = 0.428292
Total <Sdz_> = 0.071708
Total <J_> = -0.000233
Total <S2_> = nan
ents2[26,25] = 0.3717736846
Total <MI_> = nan

>>>> Observables CPU time = 0.4 min


>>>> Evol CPU time = 2.6 min


Time = 72.00
Total energy = -1.802378-0.000000j
WF norm = 1.000000-0.000000j
<Sz d=25> = -0.017564-0.000000j
<Sz d=26> = 0.086157-0.000000j
<(S1+S2)^2> = 0.205779
ents2[26,25] = 0.3555120588
MI[25,26] = 0.507622 (max = 0.693147)
Total <occ_> = 1.000000
Total <sz_> = 0.431407
Total <Sdz_> = 0.068593
Total <J_> = -0.003206
Total <S2_> = nan
ents2[26,25] = 0.3555120588
Total <MI_> = nan

>>>> Observables CPU time = 0.4 min


>>>> Evol CPU time = 2.7 min


Time = 80.00
Total energy = -1.802378-0.000000j
WF norm = 1.000000-0.000000j
<Sz d=25> = -0.016839+0.000000j
<Sz d=26> = 0.084421+0.000000j
<(S1+S2)^2> = 0.202747
ents2[26,25] = 0.3528205011
MI[25,26] = 0.509292 (max = 0.693147)
Total <occ_> = 1.000000
Total <sz_> = 0.432418
Total <Sdz_> = 0.067582
Total <J_> = -0.000541
Total <S2_> = nan
ents2[26,25] = 0.3528205011
Total <MI_> = nan

>>>> Observables CPU time = 0.4 min


>>>> Evol CPU time = 2.5 min


Time = 88.00
Total energy = -1.802378+0.000000j
WF norm = 1.000000+0.000000j
<Sz d=25> = -0.018851+0.000000j
<Sz d=26> = 0.078890-0.000000j
<(S1+S2)^2> = 0.180118
ents2[26,25] = 0.3198018794
MI[25,26] = 0.526641 (max = 0.693147)
Total <occ_> = 1.000000
Total <sz_> = 0.439961
Total <Sdz_> = 0.060039
Total <J_> = -0.011348
Total <S2_> = nan
ents2[26,25] = 0.3198018794
Total <MI_> = nan

>>>> Observables CPU time = 0.4 min


>>>> Evol CPU time = 2.7 min


Time = 96.00
Total energy = -1.802378-0.000000j
WF norm = 1.000000+0.000000j
<Sz d=25> = -0.021037+0.000000j
<Sz d=26> = 0.074987-0.000000j
<(S1+S2)^2> = 0.161850
ents2[26,25] = 0.2950667996
MI[25,26] = 0.539527 (max = 0.693147)
Total <occ_> = 1.000000
Total <sz_> = 0.446050
Total <Sdz_> = 0.053950
Total <J_> = -0.047158
Total <S2_> = nan
ents2[26,25] = 0.2950667996
Total <MI_> = nan

>>>> Observables CPU time = 0.4 min


>>>> Evol CPU time = 2.7 min


Time = 104.00
Total energy = -1.802378-0.000000j
WF norm = 1.000000+0.000000j
<Sz d=25> = -0.011470+0.000000j
<Sz d=26> = 0.070893-0.000000j
<(S1+S2)^2> = 0.178270
ents2[26,25] = 0.3269665439
MI[25,26] = 0.524490 (max = 0.693147)
Total <occ_> = 1.000000
Total <sz_> = 0.440577
Total <Sdz_> = 0.059423
Total <J_> = -0.058556
Total <S2_> = nan
ents2[26,25] = 0.3269665439
Total <MI_> = nan

>>>> Observables CPU time = 0.4 min


>>>> Evol CPU time = 2.7 min


Time = 112.00
Total energy = -1.802378-0.000000j
WF norm = 1.000000-0.000000j
<Sz d=25> = 0.007763-0.000000j
<Sz d=26> = 0.059400+0.000000j
<(S1+S2)^2> = 0.201491
ents2[26,25] = 0.3679842329
MI[25,26] = 0.505558 (max = 0.693147)
Total <occ_> = 1.000000
Total <sz_> = 0.432836
Total <Sdz_> = 0.067164
Total <J_> = -0.060006
Total <S2_> = nan
ents2[26,25] = 0.3679842329
Total <MI_> = nan

>>>> Observables CPU time = 0.4 min


>>>> Evol CPU time = 2.6 min


Time = 120.00
Total energy = -1.802378-0.000000j
WF norm = 1.000000-0.000000j
<Sz d=25> = 0.019614+0.000000j
<Sz d=26> = 0.049812+0.000000j
<(S1+S2)^2> = 0.208278
ents2[26,25] = 0.3865660255
MI[25,26] = 0.496994 (max = 0.693147)
Total <occ_> = 1.000000
Total <sz_> = 0.430574
Total <Sdz_> = 0.069426
Total <J_> = -0.024247
Total <S2_> = nan
ents2[26,25] = 0.3865660255
Total <MI_> = nan

>>>> Observables CPU time = 0.4 min


>>>> Evol CPU time = 2.7 min


Time = 128.00
Total energy = -1.802378-0.000000j
WF norm = 1.000000-0.000000j
<Sz d=25> = 0.025485+0.000000j
<Sz d=26> = 0.043846+0.000000j
<(S1+S2)^2> = 0.207995
ents2[26,25] = 0.3912653408
MI[25,26] = 0.494940 (max = 0.693147)
Total <occ_> = 1.000000
Total <sz_> = 0.430668
Total <Sdz_> = 0.069332
Total <J_> = -0.004468
Total <S2_> = nan
ents2[26,25] = 0.3912653408
Total <MI_> = nan

>>>> Observables CPU time = 0.4 min


>>>> Evol CPU time = 2.7 min


Time = 136.00
Total energy = -1.802378-0.000000j
WF norm = 1.000000-0.000000j
<Sz d=25> = 0.030706+0.000000j
<Sz d=26> = 0.043666+0.000000j
<(S1+S2)^2> = 0.223116
ents2[26,25] = 0.4135733663
MI[25,26] = 0.483508 (max = 0.693147)
Total <occ_> = 1.000000
Total <sz_> = 0.425628
Total <Sdz_> = 0.074372
Total <J_> = 0.005704
Total <S2_> = nan
ents2[26,25] = 0.4135733663
Total <MI_> = nan

>>>> Observables CPU time = 0.4 min


>>>> Evol CPU time = 2.7 min


Time = 144.00
Total energy = -1.802378+0.000000j
WF norm = 1.000000-0.000000j
<Sz d=25> = 0.029416+0.000000j
<Sz d=26> = 0.046980-0.000000j
<(S1+S2)^2> = 0.229189
ents2[26,25] = 0.4224230955
MI[25,26] = 0.478859 (max = 0.693147)
Total <occ_> = 1.000000
Total <sz_> = 0.423604
Total <Sdz_> = 0.076396
Total <J_> = 0.028637
Total <S2_> = nan
ents2[26,25] = 0.4224230955
Total <MI_> = nan

>>>> Observables CPU time = 0.4 min


>>>> Evol CPU time = 2.8 min


Time = 152.00
Total energy = -1.802378+0.000000j
WF norm = 1.000000+0.000000j
<Sz d=25> = 0.030758-0.000000j
<Sz d=26> = 0.054896+0.000000j
<(S1+S2)^2> = 0.256962
ents2[26,25] = 0.4580438220
MI[25,26] = 0.460159 (max = 0.693147)
Total <occ_> = 1.000000
Total <sz_> = 0.414346
Total <Sdz_> = 0.085654
Total <J_> = 0.039741
Total <S2_> = nan
ents2[26,25] = 0.4580438220
Total <MI_> = nan

>>>> Observables CPU time = 0.4 min


>>>> Evol CPU time = 1.7 min


Time = 160.00
Total energy = -1.802378-0.000000j
WF norm = 1.000000-0.000000j
<Sz d=25> = 0.026623+0.000000j
<Sz d=26> = 0.081216+0.000000j
<(S1+S2)^2> = 0.323516
ents2[26,25] = 0.5347199023
MI[25,26] = 0.418453 (max = 0.693147)
Total <occ_> = 1.000000
Total <sz_> = 0.392161
Total <Sdz_> = 0.107839
Total <J_> = 0.041336
Total <S2_> = nan
ents2[26,25] = 0.5347199023
Total <MI_> = nan

>>>> Observables CPU time = 0.3 min

