>>> PWD:  /home/cpbunker/Desktop/GitHub/transport
>>> Params =  {'sys_type': 'STT', 'tl': 1.0, 'Vconf': 30.0, 'Be': 100.0, 'BFM': 0.0, 'Bent': -100.0, 'Jz': 0.0, 'Jx': 0.0, 'Jsd': 1.0, 'NL': 10, 'NFM': 2, 'NR': 30, 'Nconf': 5, 'Ne': 1, 'TwoSz': 1, 'TwoSd': 1, 'symmetry': 'Sz', 'ex_sites': [10, 11], 'plot': 0, 'bdim_0': [150, 150, 150, 200, 200], 'bdim_t': [250], 'noises': [0.01, 0.001, 0.0001, 1e-05, 0.0], 'dmrg_sweeps': 20, 'cutoff': -1.0, 'te_type': 'tdvp', 'time_step': 0.1, 'tupdate': 4.0, 'Nupdates': 8}
TwoSdz_ladder =
 [ 1 -1]
four_Sdz = 
 [[ 0.5  0.   0.   0.   0.   0.   0.   0. ]
 [ 0.  -0.5  0.  -0.   0.  -0.   0.  -0. ]
 [ 0.   0.   0.5  0.   0.   0.   0.   0. ]
 [ 0.  -0.   0.  -0.5  0.  -0.   0.  -0. ]
 [ 0.   0.   0.   0.   0.5  0.   0.   0. ]
 [ 0.  -0.   0.  -0.   0.  -0.5  0.  -0. ]
 [ 0.   0.   0.   0.   0.   0.   0.5  0. ]
 [ 0.  -0.   0.  -0.   0.  -0.   0.  -0.5]]
four_Sdminus = 
 [[0. 0. 0. 0. 0. 0. 0. 0.]
 [1. 0. 0. 0. 0. 0. 0. 0.]
 [0. 0. 0. 0. 0. 0. 0. 0.]
 [0. 0. 1. 0. 0. 0. 0. 0.]
 [0. 0. 0. 0. 0. 0. 0. 0.]
 [0. 0. 0. 0. 1. 0. 0. 0.]
 [0. 0. 0. 0. 0. 0. 0. 0.]
 [0. 0. 0. 0. 0. 0. 1. 0.]]
four_Sdplus = 
 [[0. 1. 0. 0. 0. 0. 0. 0.]
 [0. 0. 0. 0. 0. 0. 0. 0.]
 [0. 0. 0. 1. 0. 0. 0. 0.]
 [0. 0. 0. 0. 0. 0. 0. 0.]
 [0. 0. 0. 0. 0. 1. 0. 0.]
 [0. 0. 0. 0. 0. 0. 0. 0.]
 [0. 0. 0. 0. 0. 0. 0. 1.]
 [0. 0. 0. 0. 0. 0. 0. 0.]]
>>> (0, 1, 0)
>>> (0, -1, 0)
>>> (1, 2, 0)
>>> (1, 0, 0)
>>> (1, -2, 0)
>>> (2, 1, 0)
>>> (2, -1, 0)
>>> (0, 1, 0)
>>> (0, -1, 0)
>>> (1, 2, 0)
>>> (1, 0, 0)
>>> (1, -2, 0)
>>> (2, 1, 0)
>>> (2, -1, 0)

 ######################################## 
Constructed builder
 ######################################## 

Ground state energy (DMRG) = -156.733079
>>> Init compute time = 2.984309196472168

Time = 0.00
Total energy = -156.733079+0.000000j
WF norm = 1.000000+0.000000j
<Sz d=10> = -0.000000-0.000000j
<Sz d=11> = 0.000000+0.000000j
<(S1+S2)^2> = 0.000000
ents2[11,10] = 0.0000000000
MI[10,11] = 0.693147 (max = 0.693147)
Total <occ_> = 1.000000
Total <sz_> = 0.500000
Total <Sdz_> = 0.000000
Total <J_> = 0.000000
Total <S2_> = nan
ents2[11,10] = 0.0000000000
Total <MI_> = nan
TwoSdz_ladder =
 [ 1 -1]
four_Sdz = 
 [[ 0.5  0.   0.   0.   0.   0.   0.   0. ]
 [ 0.  -0.5  0.  -0.   0.  -0.   0.  -0. ]
 [ 0.   0.   0.5  0.   0.   0.   0.   0. ]
 [ 0.  -0.   0.  -0.5  0.  -0.   0.  -0. ]
 [ 0.   0.   0.   0.   0.5  0.   0.   0. ]
 [ 0.  -0.   0.  -0.   0.  -0.5  0.  -0. ]
 [ 0.   0.   0.   0.   0.   0.   0.5  0. ]
 [ 0.  -0.   0.  -0.   0.  -0.   0.  -0.5]]
four_Sdminus = 
 [[0. 0. 0. 0. 0. 0. 0. 0.]
 [1. 0. 0. 0. 0. 0. 0. 0.]
 [0. 0. 0. 0. 0. 0. 0. 0.]
 [0. 0. 1. 0. 0. 0. 0. 0.]
 [0. 0. 0. 0. 0. 0. 0. 0.]
 [0. 0. 0. 0. 1. 0. 0. 0.]
 [0. 0. 0. 0. 0. 0. 0. 0.]
 [0. 0. 0. 0. 0. 0. 1. 0.]]
four_Sdplus = 
 [[0. 1. 0. 0. 0. 0. 0. 0.]
 [0. 0. 0. 0. 0. 0. 0. 0.]
 [0. 0. 0. 1. 0. 0. 0. 0.]
 [0. 0. 0. 0. 0. 0. 0. 0.]
 [0. 0. 0. 0. 0. 1. 0. 0.]
 [0. 0. 0. 0. 0. 0. 0. 0.]
 [0. 0. 0. 0. 0. 0. 0. 1.]
 [0. 0. 0. 0. 0. 0. 0. 0.]]
>>> (0, 1, 0)
>>> (0, -1, 0)
>>> (1, 2, 0)
>>> (1, 0, 0)
>>> (1, -2, 0)
>>> (2, 1, 0)
>>> (2, -1, 0)
>>> (0, 1, 0)
>>> (0, -1, 0)
>>> (1, 2, 0)
>>> (1, 0, 0)
>>> (1, -2, 0)
>>> (2, 1, 0)
>>> (2, -1, 0)

 ######################################## 
Constructed builder
 ######################################## 


Build MPO | Nsites =    42 | Nterms =        172 | Algorithm = FastBIP | Cutoff = 1.00e-14
 Site =     0 /    42 .. Mmpo =     5 DW = 0.00e+00 NNZ =        5 SPT = 0.0000 Tmvc = 0.000 T = 0.000
 Site =     1 /    42 .. Mmpo =     6 DW = 0.00e+00 NNZ =        9 SPT = 0.7000 Tmvc = 0.000 T = 0.000
 Site =     2 /    42 .. Mmpo =     6 DW = 0.00e+00 NNZ =       10 SPT = 0.7222 Tmvc = 0.000 T = 0.000
 Site =     3 /    42 .. Mmpo =     6 DW = 0.00e+00 NNZ =       10 SPT = 0.7222 Tmvc = 0.000 T = 0.000
 Site =     4 /    42 .. Mmpo =     6 DW = 0.00e+00 NNZ =       10 SPT = 0.7222 Tmvc = 0.000 T = 0.000
 Site =     5 /    42 .. Mmpo =     6 DW = 0.00e+00 NNZ =       10 SPT = 0.7222 Tmvc = 0.000 T = 0.000
 Site =     6 /    42 .. Mmpo =     6 DW = 0.00e+00 NNZ =       10 SPT = 0.7222 Tmvc = 0.000 T = 0.000
 Site =     7 /    42 .. Mmpo =     6 DW = 0.00e+00 NNZ =       10 SPT = 0.7222 Tmvc = 0.000 T = 0.000
 Site =     8 /    42 .. Mmpo =     6 DW = 0.00e+00 NNZ =       10 SPT = 0.7222 Tmvc = 0.000 T = 0.000
 Site =     9 /    42 .. Mmpo =     6 DW = 0.00e+00 NNZ =       10 SPT = 0.7222 Tmvc = 0.000 T = 0.000
 Site =    10 /    42 .. Mmpo =     6 DW = 0.00e+00 NNZ =       11 SPT = 0.6944 Tmvc = 0.000 T = 0.000
 Site =    11 /    42 .. Mmpo =     6 DW = 0.00e+00 NNZ =       11 SPT = 0.6944 Tmvc = 0.000 T = 0.000
 Site =    12 /    42 .. Mmpo =     6 DW = 0.00e+00 NNZ =       10 SPT = 0.7222 Tmvc = 0.000 T = 0.000
 Site =    13 /    42 .. Mmpo =     6 DW = 0.00e+00 NNZ =       10 SPT = 0.7222 Tmvc = 0.000 T = 0.000
 Site =    14 /    42 .. Mmpo =     6 DW = 0.00e+00 NNZ =       10 SPT = 0.7222 Tmvc = 0.000 T = 0.000
 Site =    15 /    42 .. Mmpo =     6 DW = 0.00e+00 NNZ =       10 SPT = 0.7222 Tmvc = 0.000 T = 0.000
 Site =    16 /    42 .. Mmpo =     6 DW = 0.00e+00 NNZ =       10 SPT = 0.7222 Tmvc = 0.000 T = 0.000
 Site =    17 /    42 .. Mmpo =     6 DW = 0.00e+00 NNZ =       10 SPT = 0.7222 Tmvc = 0.000 T = 0.000
 Site =    18 /    42 .. Mmpo =     6 DW = 0.00e+00 NNZ =       10 SPT = 0.7222 Tmvc = 0.000 T = 0.000
 Site =    19 /    42 .. Mmpo =     6 DW = 0.00e+00 NNZ =       10 SPT = 0.7222 Tmvc = 0.000 T = 0.000
 Site =    20 /    42 .. Mmpo =     6 DW = 0.00e+00 NNZ =       10 SPT = 0.7222 Tmvc = 0.000 T = 0.000
 Site =    21 /    42 .. Mmpo =     6 DW = 0.00e+00 NNZ =       10 SPT = 0.7222 Tmvc = 0.000 T = 0.000
 Site =    22 /    42 .. Mmpo =     6 DW = 0.00e+00 NNZ =       10 SPT = 0.7222 Tmvc = 0.000 T = 0.000
 Site =    23 /    42 .. Mmpo =     6 DW = 0.00e+00 NNZ =       10 SPT = 0.7222 Tmvc = 0.000 T = 0.000
 Site =    24 /    42 .. Mmpo =     6 DW = 0.00e+00 NNZ =       10 SPT = 0.7222 Tmvc = 0.000 T = 0.000
 Site =    25 /    42 .. Mmpo =     6 DW = 0.00e+00 NNZ =       10 SPT = 0.7222 Tmvc = 0.000 T = 0.000
 Site =    26 /    42 .. Mmpo =     6 DW = 0.00e+00 NNZ =       10 SPT = 0.7222 Tmvc = 0.000 T = 0.000
 Site =    27 /    42 .. Mmpo =     6 DW = 0.00e+00 NNZ =       10 SPT = 0.7222 Tmvc = 0.000 T = 0.000
 Site =    28 /    42 .. Mmpo =     6 DW = 0.00e+00 NNZ =       10 SPT = 0.7222 Tmvc = 0.000 T = 0.000
 Site =    29 /    42 .. Mmpo =     6 DW = 0.00e+00 NNZ =       10 SPT = 0.7222 Tmvc = 0.000 T = 0.000
 Site =    30 /    42 .. Mmpo =     6 DW = 0.00e+00 NNZ =       10 SPT = 0.7222 Tmvc = 0.000 T = 0.000
 Site =    31 /    42 .. Mmpo =     6 DW = 0.00e+00 NNZ =       10 SPT = 0.7222 Tmvc = 0.000 T = 0.000
 Site =    32 /    42 .. Mmpo =     6 DW = 0.00e+00 NNZ =       10 SPT = 0.7222 Tmvc = 0.000 T = 0.000
 Site =    33 /    42 .. Mmpo =     6 DW = 0.00e+00 NNZ =       10 SPT = 0.7222 Tmvc = 0.000 T = 0.000
 Site =    34 /    42 .. Mmpo =     6 DW = 0.00e+00 NNZ =       10 SPT = 0.7222 Tmvc = 0.000 T = 0.000
 Site =    35 /    42 .. Mmpo =     6 DW = 0.00e+00 NNZ =       10 SPT = 0.7222 Tmvc = 0.000 T = 0.000
 Site =    36 /    42 .. Mmpo =     6 DW = 0.00e+00 NNZ =       10 SPT = 0.7222 Tmvc = 0.000 T = 0.000
 Site =    37 /    42 .. Mmpo =     6 DW = 0.00e+00 NNZ =       10 SPT = 0.7222 Tmvc = 0.000 T = 0.000
 Site =    38 /    42 .. Mmpo =     6 DW = 0.00e+00 NNZ =       10 SPT = 0.7222 Tmvc = 0.000 T = 0.000
 Site =    39 /    42 .. Mmpo =     6 DW = 0.00e+00 NNZ =       10 SPT = 0.7222 Tmvc = 0.000 T = 0.000
 Site =    40 /    42 .. Mmpo =     5 DW = 0.00e+00 NNZ =        9 SPT = 0.7000 Tmvc = 0.000 T = 0.000
 Site =    41 /    42 .. Mmpo =     1 DW = 0.00e+00 NNZ =        5 SPT = 0.0000 Tmvc = 0.000 T = 0.000
Ttotal =      0.008 Tmvc-total = 0.000 MPO bond dimension =     6 MaxDW = 0.00e+00
NNZ =          410 SIZE =         1438 SPT = 0.7149

Rank =     0 Ttotal =      0.009 MPO method = FastBipartite bond dimension =       6 NNZ =          410 SIZE =         1438 SPT = 0.7149


START TIME EVOLUTION (te_type = tdvp)

 ************************************************** 



>>>> Evol CPU time = 0.3 min


Time = 4.00
Total energy = -1.734093+0.000000j
WF norm = 1.000000+0.000000j
<Sz d=10> = 0.001222+0.000000j
<Sz d=11> = 0.000070-0.000000j
<(S1+S2)^2> = 0.003877
ents2[11,10] = 0.0152731726
MI[10,11] = 0.685509 (max = 0.693147)
Total <occ_> = 1.000000
Total <sz_> = 0.498708
Total <Sdz_> = 0.001292
Total <J_> = 0.122229
Total <S2_> = nan
ents2[11,10] = 0.0152731726
Total <MI_> = nan

>>>> Observables CPU time = 0.1 min


>>>> Evol CPU time = 0.6 min


Time = 8.00
Total energy = -1.734093-0.000000j
WF norm = 1.000000-0.000000j
<Sz d=10> = 0.006550-0.000000j
<Sz d=11> = 0.003142+0.000000j
<(S1+S2)^2> = 0.029078
ents2[11,10] = 0.0851825441
MI[10,11] = 0.650503 (max = 0.693147)
Total <occ_> = 1.000000
Total <sz_> = 0.490307
Total <Sdz_> = 0.009693
Total <J_> = 0.145239
Total <S2_> = nan
ents2[11,10] = 0.0851825441
Total <MI_> = nan

>>>> Observables CPU time = 0.2 min


>>>> Evol CPU time = 0.7 min


Time = 12.00
Total energy = -1.734093-0.000000j
WF norm = 1.000000-0.000000j
<Sz d=10> = 0.017797+0.000000j
<Sz d=11> = 0.018384+0.000000j
<(S1+S2)^2> = 0.108544
ents2[11,10] = 0.2444568420
MI[10,11] = 0.570264 (max = 0.693147)
Total <occ_> = 1.000000
Total <sz_> = 0.463819
Total <Sdz_> = 0.036181
Total <J_> = 0.192935
Total <S2_> = nan
ents2[11,10] = 0.2444568420
Total <MI_> = nan

>>>> Observables CPU time = 0.2 min


>>>> Evol CPU time = 0.7 min


Time = 16.00
Total energy = -1.734093-0.000000j
WF norm = 1.000000+0.000000j
<Sz d=10> = 0.017149-0.000000j
<Sz d=11> = 0.038694-0.000000j
<(S1+S2)^2> = 0.167531
ents2[11,10] = 0.3327446592
MI[10,11] = 0.524982 (max = 0.693147)
Total <occ_> = 1.000000
Total <sz_> = 0.444156
Total <Sdz_> = 0.055844
Total <J_> = 0.059290
Total <S2_> = nan
ents2[11,10] = 0.3327446592
Total <MI_> = nan

>>>> Observables CPU time = 0.2 min


>>>> Evol CPU time = 0.7 min


Time = 20.00
Total energy = -1.734093+0.000000j
WF norm = 1.000000+0.000000j
<Sz d=10> = 0.006896-0.000000j
<Sz d=11> = 0.058838-0.000000j
<(S1+S2)^2> = 0.197205
ents2[11,10] = 0.3681994593
MI[10,11] = 0.505530 (max = 0.693147)
Total <occ_> = 1.000000
Total <sz_> = 0.434265
Total <Sdz_> = 0.065735
Total <J_> = 0.054524
Total <S2_> = nan
ents2[11,10] = 0.3681994593
Total <MI_> = nan

>>>> Observables CPU time = 0.2 min


>>>> Evol CPU time = 0.7 min


Time = 24.00
Total energy = -1.734093-0.000000j
WF norm = 1.000000-0.000000j
<Sz d=10> = 0.008376-0.000000j
<Sz d=11> = 0.063234+0.000000j
<(S1+S2)^2> = 0.214832
ents2[11,10] = 0.3890491909
MI[10,11] = 0.494543 (max = 0.693147)
Total <occ_> = 1.000000
Total <sz_> = 0.428389
Total <Sdz_> = 0.071611
Total <J_> = 0.013131
Total <S2_> = nan
ents2[11,10] = 0.3890491909
Total <MI_> = nan

>>>> Observables CPU time = 0.2 min


>>>> Evol CPU time = 0.7 min


Time = 28.00
Total energy = -1.734093-0.000000j
WF norm = 1.000000-0.000000j
<Sz d=10> = 0.000802-0.000000j
<Sz d=11> = 0.067386+0.000000j
<(S1+S2)^2> = 0.204562
ents2[11,10] = 0.3621629754
MI[10,11] = 0.507510 (max = 0.693147)
Total <occ_> = 1.000000
Total <sz_> = 0.431813
Total <Sdz_> = 0.068187
Total <J_> = 0.021091
Total <S2_> = nan
ents2[11,10] = 0.3621629754
Total <MI_> = nan

>>>> Observables CPU time = 0.2 min


>>>> Evol CPU time = 0.7 min


Time = 32.00
Total energy = -1.734093-0.000000j
WF norm = 1.000000-0.000000j
<Sz d=10> = -0.018262-0.000000j
<Sz d=11> = 0.083507-0.000000j
<(S1+S2)^2> = 0.195733
ents2[11,10] = 0.3425687400
MI[10,11] = 0.514523 (max = 0.693147)
Total <occ_> = 1.000000
Total <sz_> = 0.434756
Total <Sdz_> = 0.065244
Total <J_> = 0.020977
Total <S2_> = nan
ents2[11,10] = 0.3425687400
Total <MI_> = nan

>>>> Observables CPU time = 0.2 min

