>>> PWD:  /home/cpbunker/Desktop/GitHub/transport
>>> Params =  {'sys_type': 'STT', 'tl': 1.0, 'Vconf': 30.0, 'Be': 100.0, 'BFM': 0.0, 'Bent': -100.0, 'Jz': 0.0, 'Jx': 0.0, 'Jsd': 1.0, 'NL': 25, 'NFM': 2, 'NR': 30, 'Nconf': 20, 'Ne': 1, 'TwoSz': 1, 'TwoSd': 1, 'symmetry': 'Sz', 'ex_sites': [25, 26], 'plot': 0, 'bdim_0': [150, 150, 150, 200, 200], 'bdim_t': [250], 'noises': [0.01, 0.001, 0.0001, 1e-05, 0.0], 'dmrg_sweeps': 20, 'cutoff': -1.0, 'te_type': 'tdvp', 'time_step': 0.1, 'tupdate': 8.0, 'Nupdates': 20}
TwoSdz_ladder =
 [ 1 -1]
four_Sdz = 
 [[ 0.5  0.   0.   0.   0.   0.   0.   0. ]
 [ 0.  -0.5  0.  -0.   0.  -0.   0.  -0. ]
 [ 0.   0.   0.5  0.   0.   0.   0.   0. ]
 [ 0.  -0.   0.  -0.5  0.  -0.   0.  -0. ]
 [ 0.   0.   0.   0.   0.5  0.   0.   0. ]
 [ 0.  -0.   0.  -0.   0.  -0.5  0.  -0. ]
 [ 0.   0.   0.   0.   0.   0.   0.5  0. ]
 [ 0.  -0.   0.  -0.   0.  -0.   0.  -0.5]]
four_Sdminus = 
 [[0. 0. 0. 0. 0. 0. 0. 0.]
 [1. 0. 0. 0. 0. 0. 0. 0.]
 [0. 0. 0. 0. 0. 0. 0. 0.]
 [0. 0. 1. 0. 0. 0. 0. 0.]
 [0. 0. 0. 0. 0. 0. 0. 0.]
 [0. 0. 0. 0. 1. 0. 0. 0.]
 [0. 0. 0. 0. 0. 0. 0. 0.]
 [0. 0. 0. 0. 0. 0. 1. 0.]]
four_Sdplus = 
 [[0. 1. 0. 0. 0. 0. 0. 0.]
 [0. 0. 0. 0. 0. 0. 0. 0.]
 [0. 0. 0. 1. 0. 0. 0. 0.]
 [0. 0. 0. 0. 0. 0. 0. 0.]
 [0. 0. 0. 0. 0. 1. 0. 0.]
 [0. 0. 0. 0. 0. 0. 0. 0.]
 [0. 0. 0. 0. 0. 0. 0. 1.]
 [0. 0. 0. 0. 0. 0. 0. 0.]]
>>> (0, 1, 0)
>>> (0, -1, 0)
>>> (1, 2, 0)
>>> (1, 0, 0)
>>> (1, -2, 0)
>>> (2, 1, 0)
>>> (2, -1, 0)
>>> (0, 1, 0)
>>> (0, -1, 0)
>>> (1, 2, 0)
>>> (1, 0, 0)
>>> (1, -2, 0)
>>> (2, 1, 0)
>>> (2, -1, 0)

 ######################################## 
Constructed builder
 ######################################## 

Ground state energy (DMRG) = -156.977688
>>> Init compute time = 2.487356662750244

Time = 0.00
Total energy = -156.977688-0.000000j
WF norm = 1.000000-0.000000j
<Sz d=25> = -0.000000-0.000000j
<Sz d=26> = 0.000000+0.000000j
<(S1+S2)^2> = 0.000000
ents2[26,25] = 0.0000000000
MI[25,26] = 0.693147 (max = 0.693147)
Total <occ_> = 1.000000
Total <sz_> = 0.500000
Total <Sdz_> = 0.000000
Total <J_> = 0.000000
Total <S2_> = nan
ents2[26,25] = 0.0000000000
Total <MI_> = nan
TwoSdz_ladder =
 [ 1 -1]
four_Sdz = 
 [[ 0.5  0.   0.   0.   0.   0.   0.   0. ]
 [ 0.  -0.5  0.  -0.   0.  -0.   0.  -0. ]
 [ 0.   0.   0.5  0.   0.   0.   0.   0. ]
 [ 0.  -0.   0.  -0.5  0.  -0.   0.  -0. ]
 [ 0.   0.   0.   0.   0.5  0.   0.   0. ]
 [ 0.  -0.   0.  -0.   0.  -0.5  0.  -0. ]
 [ 0.   0.   0.   0.   0.   0.   0.5  0. ]
 [ 0.  -0.   0.  -0.   0.  -0.   0.  -0.5]]
four_Sdminus = 
 [[0. 0. 0. 0. 0. 0. 0. 0.]
 [1. 0. 0. 0. 0. 0. 0. 0.]
 [0. 0. 0. 0. 0. 0. 0. 0.]
 [0. 0. 1. 0. 0. 0. 0. 0.]
 [0. 0. 0. 0. 0. 0. 0. 0.]
 [0. 0. 0. 0. 1. 0. 0. 0.]
 [0. 0. 0. 0. 0. 0. 0. 0.]
 [0. 0. 0. 0. 0. 0. 1. 0.]]
four_Sdplus = 
 [[0. 1. 0. 0. 0. 0. 0. 0.]
 [0. 0. 0. 0. 0. 0. 0. 0.]
 [0. 0. 0. 1. 0. 0. 0. 0.]
 [0. 0. 0. 0. 0. 0. 0. 0.]
 [0. 0. 0. 0. 0. 1. 0. 0.]
 [0. 0. 0. 0. 0. 0. 0. 0.]
 [0. 0. 0. 0. 0. 0. 0. 1.]
 [0. 0. 0. 0. 0. 0. 0. 0.]]
>>> (0, 1, 0)
>>> (0, -1, 0)
>>> (1, 2, 0)
>>> (1, 0, 0)
>>> (1, -2, 0)
>>> (2, 1, 0)
>>> (2, -1, 0)
>>> (0, 1, 0)
>>> (0, -1, 0)
>>> (1, 2, 0)
>>> (1, 0, 0)
>>> (1, -2, 0)
>>> (2, 1, 0)
>>> (2, -1, 0)

 ######################################## 
Constructed builder
 ######################################## 


Build MPO | Nsites =    57 | Nterms =        232 | Algorithm = FastBIP | Cutoff = 1.00e-14
 Site =     0 /    57 .. Mmpo =     5 DW = 0.00e+00 NNZ =        5 SPT = 0.0000 Tmvc = 0.000 T = 0.000
 Site =     1 /    57 .. Mmpo =     6 DW = 0.00e+00 NNZ =        9 SPT = 0.7000 Tmvc = 0.000 T = 0.000
 Site =     2 /    57 .. Mmpo =     6 DW = 0.00e+00 NNZ =       10 SPT = 0.7222 Tmvc = 0.000 T = 0.000
 Site =     3 /    57 .. Mmpo =     6 DW = 0.00e+00 NNZ =       10 SPT = 0.7222 Tmvc = 0.000 T = 0.000
 Site =     4 /    57 .. Mmpo =     6 DW = 0.00e+00 NNZ =       10 SPT = 0.7222 Tmvc = 0.000 T = 0.000
 Site =     5 /    57 .. Mmpo =     6 DW = 0.00e+00 NNZ =       10 SPT = 0.7222 Tmvc = 0.000 T = 0.000
 Site =     6 /    57 .. Mmpo =     6 DW = 0.00e+00 NNZ =       10 SPT = 0.7222 Tmvc = 0.000 T = 0.000
 Site =     7 /    57 .. Mmpo =     6 DW = 0.00e+00 NNZ =       10 SPT = 0.7222 Tmvc = 0.000 T = 0.000
 Site =     8 /    57 .. Mmpo =     6 DW = 0.00e+00 NNZ =       10 SPT = 0.7222 Tmvc = 0.000 T = 0.000
 Site =     9 /    57 .. Mmpo =     6 DW = 0.00e+00 NNZ =       10 SPT = 0.7222 Tmvc = 0.000 T = 0.000
 Site =    10 /    57 .. Mmpo =     6 DW = 0.00e+00 NNZ =       10 SPT = 0.7222 Tmvc = 0.000 T = 0.000
 Site =    11 /    57 .. Mmpo =     6 DW = 0.00e+00 NNZ =       10 SPT = 0.7222 Tmvc = 0.000 T = 0.000
 Site =    12 /    57 .. Mmpo =     6 DW = 0.00e+00 NNZ =       10 SPT = 0.7222 Tmvc = 0.000 T = 0.000
 Site =    13 /    57 .. Mmpo =     6 DW = 0.00e+00 NNZ =       10 SPT = 0.7222 Tmvc = 0.000 T = 0.000
 Site =    14 /    57 .. Mmpo =     6 DW = 0.00e+00 NNZ =       10 SPT = 0.7222 Tmvc = 0.000 T = 0.000
 Site =    15 /    57 .. Mmpo =     6 DW = 0.00e+00 NNZ =       10 SPT = 0.7222 Tmvc = 0.000 T = 0.000
 Site =    16 /    57 .. Mmpo =     6 DW = 0.00e+00 NNZ =       10 SPT = 0.7222 Tmvc = 0.000 T = 0.000
 Site =    17 /    57 .. Mmpo =     6 DW = 0.00e+00 NNZ =       10 SPT = 0.7222 Tmvc = 0.000 T = 0.000
 Site =    18 /    57 .. Mmpo =     6 DW = 0.00e+00 NNZ =       10 SPT = 0.7222 Tmvc = 0.000 T = 0.000
 Site =    19 /    57 .. Mmpo =     6 DW = 0.00e+00 NNZ =       10 SPT = 0.7222 Tmvc = 0.000 T = 0.000
 Site =    20 /    57 .. Mmpo =     6 DW = 0.00e+00 NNZ =       10 SPT = 0.7222 Tmvc = 0.000 T = 0.000
 Site =    21 /    57 .. Mmpo =     6 DW = 0.00e+00 NNZ =       10 SPT = 0.7222 Tmvc = 0.000 T = 0.000
 Site =    22 /    57 .. Mmpo =     6 DW = 0.00e+00 NNZ =       10 SPT = 0.7222 Tmvc = 0.000 T = 0.000
 Site =    23 /    57 .. Mmpo =     6 DW = 0.00e+00 NNZ =       10 SPT = 0.7222 Tmvc = 0.000 T = 0.000
 Site =    24 /    57 .. Mmpo =     6 DW = 0.00e+00 NNZ =       10 SPT = 0.7222 Tmvc = 0.000 T = 0.000
 Site =    25 /    57 .. Mmpo =     6 DW = 0.00e+00 NNZ =       11 SPT = 0.6944 Tmvc = 0.000 T = 0.000
 Site =    26 /    57 .. Mmpo =     6 DW = 0.00e+00 NNZ =       11 SPT = 0.6944 Tmvc = 0.000 T = 0.000
 Site =    27 /    57 .. Mmpo =     6 DW = 0.00e+00 NNZ =       10 SPT = 0.7222 Tmvc = 0.000 T = 0.000
 Site =    28 /    57 .. Mmpo =     6 DW = 0.00e+00 NNZ =       10 SPT = 0.7222 Tmvc = 0.000 T = 0.000
 Site =    29 /    57 .. Mmpo =     6 DW = 0.00e+00 NNZ =       10 SPT = 0.7222 Tmvc = 0.000 T = 0.000
 Site =    30 /    57 .. Mmpo =     6 DW = 0.00e+00 NNZ =       10 SPT = 0.7222 Tmvc = 0.000 T = 0.000
 Site =    31 /    57 .. Mmpo =     6 DW = 0.00e+00 NNZ =       10 SPT = 0.7222 Tmvc = 0.000 T = 0.000
 Site =    32 /    57 .. Mmpo =     6 DW = 0.00e+00 NNZ =       10 SPT = 0.7222 Tmvc = 0.000 T = 0.000
 Site =    33 /    57 .. Mmpo =     6 DW = 0.00e+00 NNZ =       10 SPT = 0.7222 Tmvc = 0.000 T = 0.000
 Site =    34 /    57 .. Mmpo =     6 DW = 0.00e+00 NNZ =       10 SPT = 0.7222 Tmvc = 0.000 T = 0.000
 Site =    35 /    57 .. Mmpo =     6 DW = 0.00e+00 NNZ =       10 SPT = 0.7222 Tmvc = 0.000 T = 0.000
 Site =    36 /    57 .. Mmpo =     6 DW = 0.00e+00 NNZ =       10 SPT = 0.7222 Tmvc = 0.000 T = 0.000
 Site =    37 /    57 .. Mmpo =     6 DW = 0.00e+00 NNZ =       10 SPT = 0.7222 Tmvc = 0.000 T = 0.000
 Site =    38 /    57 .. Mmpo =     6 DW = 0.00e+00 NNZ =       10 SPT = 0.7222 Tmvc = 0.000 T = 0.000
 Site =    39 /    57 .. Mmpo =     6 DW = 0.00e+00 NNZ =       10 SPT = 0.7222 Tmvc = 0.000 T = 0.000
 Site =    40 /    57 .. Mmpo =     6 DW = 0.00e+00 NNZ =       10 SPT = 0.7222 Tmvc = 0.000 T = 0.000
 Site =    41 /    57 .. Mmpo =     6 DW = 0.00e+00 NNZ =       10 SPT = 0.7222 Tmvc = 0.000 T = 0.000
 Site =    42 /    57 .. Mmpo =     6 DW = 0.00e+00 NNZ =       10 SPT = 0.7222 Tmvc = 0.000 T = 0.000
 Site =    43 /    57 .. Mmpo =     6 DW = 0.00e+00 NNZ =       10 SPT = 0.7222 Tmvc = 0.000 T = 0.000
 Site =    44 /    57 .. Mmpo =     6 DW = 0.00e+00 NNZ =       10 SPT = 0.7222 Tmvc = 0.000 T = 0.000
 Site =    45 /    57 .. Mmpo =     6 DW = 0.00e+00 NNZ =       10 SPT = 0.7222 Tmvc = 0.000 T = 0.000
 Site =    46 /    57 .. Mmpo =     6 DW = 0.00e+00 NNZ =       10 SPT = 0.7222 Tmvc = 0.000 T = 0.000
 Site =    47 /    57 .. Mmpo =     6 DW = 0.00e+00 NNZ =       10 SPT = 0.7222 Tmvc = 0.000 T = 0.000
 Site =    48 /    57 .. Mmpo =     6 DW = 0.00e+00 NNZ =       10 SPT = 0.7222 Tmvc = 0.000 T = 0.000
 Site =    49 /    57 .. Mmpo =     6 DW = 0.00e+00 NNZ =       10 SPT = 0.7222 Tmvc = 0.000 T = 0.000
 Site =    50 /    57 .. Mmpo =     6 DW = 0.00e+00 NNZ =       10 SPT = 0.7222 Tmvc = 0.000 T = 0.000
 Site =    51 /    57 .. Mmpo =     6 DW = 0.00e+00 NNZ =       10 SPT = 0.7222 Tmvc = 0.000 T = 0.000
 Site =    52 /    57 .. Mmpo =     6 DW = 0.00e+00 NNZ =       10 SPT = 0.7222 Tmvc = 0.000 T = 0.000
 Site =    53 /    57 .. Mmpo =     6 DW = 0.00e+00 NNZ =       10 SPT = 0.7222 Tmvc = 0.000 T = 0.000
 Site =    54 /    57 .. Mmpo =     6 DW = 0.00e+00 NNZ =       10 SPT = 0.7222 Tmvc = 0.000 T = 0.000
 Site =    55 /    57 .. Mmpo =     5 DW = 0.00e+00 NNZ =        9 SPT = 0.7000 Tmvc = 0.000 T = 0.000
 Site =    56 /    57 .. Mmpo =     1 DW = 0.00e+00 NNZ =        5 SPT = 0.0000 Tmvc = 0.000 T = 0.000
Ttotal =      0.011 Tmvc-total = 0.000 MPO bond dimension =     6 MaxDW = 0.00e+00
NNZ =          560 SIZE =         1978 SPT = 0.7169

Rank =     0 Ttotal =      0.012 MPO method = FastBipartite bond dimension =       6 NNZ =          560 SIZE =         1978 SPT = 0.7169


START TIME EVOLUTION (te_type = tdvp)

 ************************************************** 



>>>> Evol CPU time = 1.0 min


Time = 8.00
Total energy = -1.977714-0.000000j
WF norm = 1.000000+0.000000j
<Sz d=25> = 0.000092-0.000000j
<Sz d=26> = 0.000050-0.000000j
<(S1+S2)^2> = 0.000425
ents2[26,25] = 0.0021454958
MI[25,26] = 0.692074 (max = 0.693147)
Total <occ_> = 1.000000
Total <sz_> = 0.499858
Total <Sdz_> = 0.000142
Total <J_> = 0.004091
Total <S2_> = nan
ents2[26,25] = 0.0021454958
Total <MI_> = nan

>>>> Observables CPU time = 0.3 min


>>>> Evol CPU time = 1.1 min


Time = 16.00
Total energy = -1.977714+0.000000j
WF norm = 1.000000-0.000000j
<Sz d=25> = 0.000091-0.000000j
<Sz d=26> = 0.000526-0.000000j
<(S1+S2)^2> = 0.001853
ents2[26,25] = 0.0079862185
MI[25,26] = 0.689154 (max = 0.693147)
Total <occ_> = 1.000000
Total <sz_> = 0.499382
Total <Sdz_> = 0.000618
Total <J_> = 0.006812
Total <S2_> = nan
ents2[26,25] = 0.0079862185
Total <MI_> = nan

>>>> Observables CPU time = 0.3 min


>>>> Evol CPU time = 1.1 min


Time = 24.00
Total energy = -1.977714-0.000000j
WF norm = 1.000000-0.000000j
<Sz d=25> = -0.000326-0.000000j
<Sz d=26> = 0.001761-0.000000j
<(S1+S2)^2> = 0.004307
ents2[26,25] = 0.0167374431
MI[25,26] = 0.684775 (max = 0.693147)
Total <occ_> = 1.000000
Total <sz_> = 0.498564
Total <Sdz_> = 0.001436
Total <J_> = 0.010612
Total <S2_> = nan
ents2[26,25] = 0.0167374431
Total <MI_> = nan

>>>> Observables CPU time = 0.3 min


>>>> Evol CPU time = 1.2 min


Time = 32.00
Total energy = -1.977714-0.000000j
WF norm = 1.000000-0.000000j
<Sz d=25> = -0.001390-0.000000j
<Sz d=26> = 0.004047+0.000000j
<(S1+S2)^2> = 0.007969
ents2[26,25] = 0.0284772314
MI[25,26] = 0.678890 (max = 0.693147)
Total <occ_> = 1.000000
Total <sz_> = 0.497344
Total <Sdz_> = 0.002656
Total <J_> = 0.013614
Total <S2_> = nan
ents2[26,25] = 0.0284772314
Total <MI_> = nan

>>>> Observables CPU time = 0.3 min


>>>> Evol CPU time = 1.2 min


Time = 40.00
Total energy = -1.977714-0.000000j
WF norm = 1.000000+0.000000j
<Sz d=25> = -0.002909-0.000000j
<Sz d=26> = 0.007110+0.000000j
<(S1+S2)^2> = 0.012604
ents2[26,25] = 0.0420652491
MI[25,26] = 0.672056 (max = 0.693147)
Total <occ_> = 1.000000
Total <sz_> = 0.495799
Total <Sdz_> = 0.004201
Total <J_> = 0.015621
Total <S2_> = nan
ents2[26,25] = 0.0420652491
Total <MI_> = nan

>>>> Observables CPU time = 0.3 min


>>>> Evol CPU time = 1.1 min


Time = 48.00
Total energy = -1.977714-0.000000j
WF norm = 1.000000+0.000000j
<Sz d=25> = -0.006364-0.000000j
<Sz d=26> = 0.012412-0.000000j
<(S1+S2)^2> = 0.018145
ents2[26,25] = 0.0569018094
MI[25,26] = 0.664502 (max = 0.693147)
Total <occ_> = 1.000000
Total <sz_> = 0.493952
Total <Sdz_> = 0.006048
Total <J_> = 0.015773
Total <S2_> = nan
ents2[26,25] = 0.0569018094
Total <MI_> = nan

>>>> Observables CPU time = 0.3 min


>>>> Evol CPU time = 1.1 min


Time = 56.00
Total energy = -1.977714-0.000000j
WF norm = 1.000000-0.000000j
<Sz d=25> = -0.008606-0.000000j
<Sz d=26> = 0.016365+0.000000j
<(S1+S2)^2> = 0.023278
ents2[26,25] = 0.0698182989
MI[25,26] = 0.657896 (max = 0.693147)
Total <occ_> = 1.000000
Total <sz_> = 0.492241
Total <Sdz_> = 0.007759
Total <J_> = 0.021481
Total <S2_> = nan
ents2[26,25] = 0.0698182989
Total <MI_> = nan

>>>> Observables CPU time = 0.3 min


>>>> Evol CPU time = 1.1 min


Time = 64.00
Total energy = -1.977714-0.000000j
WF norm = 1.000000+0.000000j
<Sz d=25> = -0.013399+0.000000j
<Sz d=26> = 0.022895+0.000000j
<(S1+S2)^2> = 0.028489
ents2[26,25] = 0.0818467226
MI[25,26] = 0.651520 (max = 0.693147)
Total <occ_> = 1.000000
Total <sz_> = 0.490504
Total <Sdz_> = 0.009496
Total <J_> = 0.029363
Total <S2_> = nan
ents2[26,25] = 0.0818467226
Total <MI_> = nan

>>>> Observables CPU time = 0.3 min


>>>> Evol CPU time = 1.1 min


Time = 72.00
Total energy = -1.977714-0.000000j
WF norm = 1.000000-0.000000j
<Sz d=25> = -0.018646-0.000000j
<Sz d=26> = 0.031732+0.000000j
<(S1+S2)^2> = 0.039260
ents2[26,25] = 0.1055305378
MI[25,26] = 0.639027 (max = 0.693147)
Total <occ_> = 1.000000
Total <sz_> = 0.486913
Total <Sdz_> = 0.013087
Total <J_> = 0.034325
Total <S2_> = nan
ents2[26,25] = 0.1055305378
Total <MI_> = nan

>>>> Observables CPU time = 0.3 min


>>>> Evol CPU time = 1.1 min


Time = 80.00
Total energy = -1.977714+0.000000j
WF norm = 1.000000+0.000000j
<Sz d=25> = -0.025679+0.000000j
<Sz d=26> = 0.044113-0.000000j
<(S1+S2)^2> = 0.055303
ents2[26,25] = 0.1371893197
MI[25,26] = 0.621944 (max = 0.693147)
Total <occ_> = 1.000000
Total <sz_> = 0.481566
Total <Sdz_> = 0.018434
Total <J_> = 0.030256
Total <S2_> = nan
ents2[26,25] = 0.1371893197
Total <MI_> = nan

>>>> Observables CPU time = 0.3 min


>>>> Evol CPU time = 1.1 min


Time = 88.00
Total energy = -1.977714+0.000000j
WF norm = 1.000000+0.000000j
<Sz d=25> = -0.032176+0.000000j
<Sz d=26> = 0.054657-0.000000j
<(S1+S2)^2> = 0.067443
ents2[26,25] = 0.1575492452
MI[25,26] = 0.610343 (max = 0.693147)
Total <occ_> = 1.000000
Total <sz_> = 0.477519
Total <Sdz_> = 0.022481
Total <J_> = 0.022809
Total <S2_> = nan
ents2[26,25] = 0.1575492452
Total <MI_> = nan

>>>> Observables CPU time = 0.3 min


>>>> Evol CPU time = 1.2 min


Time = 96.00
Total energy = -1.977714-0.000000j
WF norm = 1.000000-0.000000j
<Sz d=25> = -0.038080-0.000000j
<Sz d=26> = 0.063406-0.000000j
<(S1+S2)^2> = 0.075980
ents2[26,25] = 0.1702350576
MI[25,26] = 0.602547 (max = 0.693147)
Total <occ_> = 1.000000
Total <sz_> = 0.474673
Total <Sdz_> = 0.025327
Total <J_> = 0.021852
Total <S2_> = nan
ents2[26,25] = 0.1702350576
Total <MI_> = nan

>>>> Observables CPU time = 0.3 min


>>>> Evol CPU time = 1.2 min


Time = 104.00
Total energy = -1.977714+0.000000j
WF norm = 1.000000-0.000000j
<Sz d=25> = -0.043716-0.000000j
<Sz d=26> = 0.071161+0.000000j
<(S1+S2)^2> = 0.082335
ents2[26,25] = 0.1768195945
MI[25,26] = 0.597743 (max = 0.693147)
Total <occ_> = 1.000000
Total <sz_> = 0.472555
Total <Sdz_> = 0.027445
Total <J_> = 0.018089
Total <S2_> = nan
ents2[26,25] = 0.1768195945
Total <MI_> = nan

>>>> Observables CPU time = 0.3 min


>>>> Evol CPU time = 1.1 min


Time = 112.00
Total energy = -1.977714+0.000000j
WF norm = 1.000000+0.000000j
<Sz d=25> = -0.051252-0.000000j
<Sz d=26> = 0.079538+0.000000j
<(S1+S2)^2> = 0.084857
ents2[26,25] = 0.1743586171
MI[25,26] = 0.596983 (max = 0.693147)
Total <occ_> = 1.000000
Total <sz_> = 0.471714
Total <Sdz_> = 0.028286
Total <J_> = 0.015876
Total <S2_> = nan
ents2[26,25] = 0.1743586171
Total <MI_> = nan

>>>> Observables CPU time = 0.3 min


>>>> Evol CPU time = 1.1 min


Time = 120.00
Total energy = -1.977714-0.000000j
WF norm = 1.000000-0.000000j
<Sz d=25> = -0.059648-0.000000j
<Sz d=26> = 0.088319+0.000000j
<(S1+S2)^2> = 0.086012
ents2[26,25] = 0.1681236767
MI[25,26] = 0.597678 (max = 0.693147)
Total <occ_> = 1.000000
Total <sz_> = 0.471329
Total <Sdz_> = 0.028671
Total <J_> = 0.013539
Total <S2_> = nan
ents2[26,25] = 0.1681236767
Total <MI_> = nan

>>>> Observables CPU time = 0.3 min


>>>> Evol CPU time = 1.2 min


Time = 128.00
Total energy = -1.977714+0.000000j
WF norm = 1.000000+0.000000j
<Sz d=25> = -0.067467+0.000000j
<Sz d=26> = 0.097537-0.000000j
<(S1+S2)^2> = 0.090213
ents2[26,25] = 0.1669139510
MI[25,26] = 0.595550 (max = 0.693147)
Total <occ_> = 1.000000
Total <sz_> = 0.469929
Total <Sdz_> = 0.030071
Total <J_> = 0.009744
Total <S2_> = nan
ents2[26,25] = 0.1669139510
Total <MI_> = nan

>>>> Observables CPU time = 0.3 min


>>>> Evol CPU time = 1.1 min


Time = 136.00
Total energy = -1.977714-0.000000j
WF norm = 1.000000-0.000000j
<Sz d=25> = -0.073812-0.000000j
<Sz d=26> = 0.106531-0.000000j
<(S1+S2)^2> = 0.098159
ents2[26,25] = 0.1736241943
MI[25,26] = 0.589431 (max = 0.693147)
Total <occ_> = 1.000000
Total <sz_> = 0.467280
Total <Sdz_> = 0.032720
Total <J_> = 0.004728
Total <S2_> = nan
ents2[26,25] = 0.1736241943
Total <MI_> = nan

>>>> Observables CPU time = 0.3 min


>>>> Evol CPU time = 1.1 min


Time = 144.00
Total energy = -1.977714+0.000000j
WF norm = 1.000000-0.000000j
<Sz d=25> = -0.077300+0.000000j
<Sz d=26> = 0.111238-0.000000j
<(S1+S2)^2> = 0.101813
ents2[26,25] = 0.1762252870
MI[25,26] = 0.586557 (max = 0.693147)
Total <occ_> = 1.000000
Total <sz_> = 0.466062
Total <Sdz_> = 0.033938
Total <J_> = 0.000778
Total <S2_> = nan
ents2[26,25] = 0.1762252870
Total <MI_> = nan

>>>> Observables CPU time = 0.3 min


>>>> Evol CPU time = 1.1 min


Time = 152.00
Total energy = -1.977714+0.000000j
WF norm = 1.000000-0.000000j
<Sz d=25> = -0.078767-0.000000j
<Sz d=26> = 0.112737-0.000000j
<(S1+S2)^2> = 0.101909
ents2[26,25] = 0.1756398304
MI[25,26] = 0.586278 (max = 0.693147)
Total <occ_> = 1.000000
Total <sz_> = 0.466030
Total <Sdz_> = 0.033970
Total <J_> = 0.001438
Total <S2_> = nan
ents2[26,25] = 0.1756398304
Total <MI_> = nan

>>>> Observables CPU time = 0.3 min


>>>> Evol CPU time = 1.1 min


Time = 160.00
Total energy = -1.977714+0.000000j
WF norm = 1.000000-0.000000j
<Sz d=25> = -0.079254+0.000000j
<Sz d=26> = 0.114473-0.000000j
<(S1+S2)^2> = 0.105659
ents2[26,25] = 0.1820674355
MI[25,26] = 0.582585 (max = 0.693147)
Total <occ_> = 1.000000
Total <sz_> = 0.464780
Total <Sdz_> = 0.035220
Total <J_> = 0.001443
Total <S2_> = nan
ents2[26,25] = 0.1820674355
Total <MI_> = nan

>>>> Observables CPU time = 0.3 min

