SLURM: start oscillations.py
Sat 05 Aug 2023 03:57:20 PM PDT
/pscratch/sd/c/cpbunker/simmons/landauer.py:131: RuntimeWarning: overflow encountered in multiply
  exp_muL = exp_muR*np.exp(-Vbint*Beta);
/pscratch/sd/c/cpbunker/simmons/landauer.py:137: RuntimeWarning: overflow encountered in true_divide
  ret_n = Beta/((exp_muL+1)*(1/exp_muL+1)); # <- fixed overflow
/pscratch/sd/c/cpbunker/simmons/landauer.py:137: RuntimeWarning: divide by zero encountered in true_divide
  ret_n = Beta/((exp_muL+1)*(1/exp_muL+1)); # <- fixed overflow
############################################################
T = 2.5 K

Loading data from Mnv2/data/2.5KdIdV.txt
>>>> (2.5, 2.5, 10.5)

Fitting data
   Iteration     Total nfev        Cost      Cost reduction    Step norm     Optimality   
       0              1         8.0216e+05                                    5.95e+05    
       1              2         7.2405e+05      7.81e+04       1.52e+00       5.43e+05    
       2              3         6.8121e+05      4.28e+04       1.12e+00       4.31e+05    
       3              4         6.7666e+05      4.55e+03       1.33e-01       3.89e+05    
       4              5         6.7122e+05      5.44e+03       1.69e-01       3.21e+05    
       5              6         6.6793e+05      3.29e+03       1.08e-01       2.58e+05    
       6              7         6.6512e+05      2.81e+03       9.72e-02       1.74e+05    
       7              8         6.6442e+05      7.04e+02       2.43e-02       1.26e+05    
       8              9         6.6393e+05      4.86e+02       1.69e-02       7.17e+04    
       9             10         6.6383e+05      1.02e+02       3.21e-03       3.44e+04    
      10             11         6.6382e+05      6.55e+00       4.88e-05       1.63e+04    
      11             12         6.6382e+05      1.24e+00       7.71e-07       7.72e+03    
      12             13         6.6382e+05      2.80e-01       2.42e-07       3.65e+03    
      13             14         6.6382e+05      6.57e-02       1.15e-07       1.71e+03    
      14             15         6.6382e+05      1.58e-02       5.42e-08       8.02e+02    
      15             16         6.6382e+05      4.11e-03       2.54e-08       3.76e+02    
`ftol` termination condition is satisfied.
Function evaluations 16, initial cost 8.0216e+05, final cost 6.6382e+05, first-order optimality 3.76e+02.
<function dIdV_all_zero at 0x7f9436931dc0> fitting results:
	V0    = -0.000253,bounds = [-0.012739  0.012739]
	eps_0 = 0.008460,bounds = [0.00846 0.00846]
	eps_c = 0.005580,bounds = [0.00558 0.00558]
	G1    = 0.586000,bounds = [0.586 0.586]
	G2    = 0.181000,bounds = [0.181 0.181]
	G3    = 0.148000,bounds = [0.148 0.148]
	T_surf= 13.700000,bounds = [ 7.3 13.7]
	tau0  = 0.009021,bounds = [0.006 0.014]
	Gamma = 0.002100,bounds = [0.0021 0.0021]
	EC    = 0.005873,bounds = [0.00354 0.00826]
	RMSE  = 0.07228 


Fitting data
   Iteration     Total nfev        Cost      Cost reduction    Step norm     Optimality   
       0              1         4.5437e+05                                    1.43e+06    
       1              2         4.2148e+05      3.29e+04       2.99e+00       4.09e+05    
       2              3         4.1758e+05      3.90e+03       2.25e+00       7.78e+04    
       3              4         4.1705e+05      5.26e+02       9.89e-01       4.40e+04    
       4              5         4.1698e+05      7.28e+01       1.56e-01       2.44e+04    
       5              6         4.1697e+05      7.07e+00       1.06e-02       1.27e+04    
       6              7         4.1697e+05      7.75e-01       1.20e-05       6.70e+03    
       7              8         4.1697e+05      2.18e-01       2.94e-07       3.50e+03    
       8              9         4.1697e+05      6.25e-02       1.14e-07       1.83e+03    
       9             10         4.1697e+05      1.85e-02       5.97e-08       9.46e+02    
      10             11         4.1697e+05      5.71e-03       3.09e-08       4.89e+02    
      11             12         4.1697e+05      1.92e-03       1.60e-08       2.53e+02    
`ftol` termination condition is satisfied.
Function evaluations 12, initial cost 4.5437e+05, final cost 4.1697e+05, first-order optimality 2.53e+02.
<function dIdV_all_zero at 0x7f9436931dc0> fitting results:
	V0    = -0.000844,bounds = [-0.012739  0.012739]
	eps_0 = 0.008460,bounds = [0.00846 0.00846]
	eps_c = 0.005580,bounds = [0.00558 0.00558]
	G1    = 0.586000,bounds = [0.586 0.586]
	G2    = 0.181000,bounds = [0.181 0.181]
	G3    = 0.148000,bounds = [0.148 0.148]
	T_surf= 7.300000,bounds = [ 7.3 13.7]
	tau0  = 0.009023,bounds = [0.006 0.014]
	Gamma = 0.002100,bounds = [0.0021 0.0021]
	EC    = 0.005871,bounds = [0.00354 0.00826]
	RMSE  = 0.057567 


Fitting data
   Iteration     Total nfev        Cost      Cost reduction    Step norm     Optimality   
       0              1         4.1192e+05                                    4.89e+04    
       1              2         4.0930e+05      2.62e+03       9.07e-01       5.81e+04    
       2              3         4.0792e+05      1.37e+03       9.46e-01       5.27e+04    
       3              4         4.0789e+05      3.61e+01       1.06e-01       2.85e+04    
       4              5         4.0788e+05      4.99e+00       1.76e-02       1.46e+04    
       5              6         4.0788e+05      1.28e+00       4.96e-03       6.92e+03    
       6              7         4.0788e+05      2.94e-01       1.88e-03       3.18e+03    
       7              8         4.0788e+05      6.44e-02       8.41e-04       1.46e+03    
       8              9         4.0788e+05      1.47e-02       3.86e-04       6.68e+02    
       9             10         4.0788e+05      3.60e-03       1.79e-04       3.07e+02    
`ftol` termination condition is satisfied.
Function evaluations 10, initial cost 4.1192e+05, final cost 4.0788e+05, first-order optimality 3.07e+02.
<function dIdV_all at 0x7f9436931e50> fitting results:
	V0    = -0.000844,bounds = [-0.00084389 -0.00084389]
	eps_0 = 0.008460,bounds = [0.00846 0.00846]
	eps_c = 0.005580,bounds = [0.00558 0.00558]
	G1    = 0.586000,bounds = [0.586 0.586]
	G2    = 0.181000,bounds = [0.181 0.181]
	G3    = 0.148000,bounds = [0.148 0.148]
	T_surf= 7.300000,bounds = [7.3 7.3]
	tau0  = 0.009189,bounds = [0.006 0.014]
	Gamma = 0.002100,bounds = [0.0021 0.0021]
	EC    = 0.005869,bounds = [0.00354 0.00826]
	T_film= 4.485575,bounds = [ 2.5 10.5]
	RMSE  = 0.056936 

Saving plot to Mnv2/lorentz/stored_plots/2
############################################################
T = 5.0 K

Loading data from Mnv2/data/5.0KdIdV.txt
>>>> (5.0, 5.0, 20.0)

Fitting data
   Iteration     Total nfev        Cost      Cost reduction    Step norm     Optimality   
       0              1         1.6228e+06                                    7.07e+06    
       1              2         8.0742e+05      8.15e+05       6.31e-01       2.73e+06    
       2              3         6.0243e+05      2.05e+05       1.92e+00       5.52e+05    
       3              4         5.9150e+05      1.09e+04       2.89e-01       3.51e+05    
       4              5         5.8275e+05      8.75e+03       3.51e-01       1.05e+05    
       5              6         5.8257e+05      1.82e+02       3.73e-03       7.98e+04    
       6              7         5.8240e+05      1.68e+02       5.48e-03       3.42e+04    
       7              8         5.8239e+05      1.07e+01       3.00e-04       1.66e+04    
       8              9         5.8239e+05      1.70e+00       2.75e-05       7.84e+03    
       9             10         5.8239e+05      3.20e-01       6.33e-07       3.72e+03    
      10             11         5.8239e+05      6.93e-02       9.11e-08       1.76e+03    
      11             12         5.8239e+05      1.41e-02       4.81e-08       8.36e+02    
      12             13         5.8239e+05      2.50e-03       2.35e-08       3.97e+02    
`ftol` termination condition is satisfied.
Function evaluations 13, initial cost 1.6228e+06, final cost 5.8239e+05, first-order optimality 3.97e+02.
<function dIdV_all_zero at 0x7f9436931dc0> fitting results:
	V0    = -0.002948,bounds = [-0.011235  0.011235]
	eps_0 = 0.008460,bounds = [0.00846 0.00846]
	eps_c = 0.005580,bounds = [0.00558 0.00558]
	G1    = 0.586000,bounds = [0.586 0.586]
	G2    = 0.181000,bounds = [0.181 0.181]
	G3    = 0.148000,bounds = [0.148 0.148]
	T_surf= 16.200000,bounds = [ 9.8 16.2]
	tau0  = 0.009132,bounds = [0.006 0.014]
	Gamma = 0.002100,bounds = [0.0021 0.0021]
	EC    = 0.005752,bounds = [0.00342 0.00798]
	RMSE  = 0.046065 


Fitting data
   Iteration     Total nfev        Cost      Cost reduction    Step norm     Optimality   
       0              1         3.2966e+05                                    5.03e+05    
       1              2         3.2808e+05      1.58e+03       7.13e-05       2.77e+05    
       2              3         3.2770e+05      3.75e+02       4.48e-06       1.15e+05    
       3              4         3.2763e+05      6.59e+01       1.92e-06       4.65e+04    
       4              5         3.2763e+05      8.92e+00       2.31e-06       4.40e+04    
       5              6         3.2762e+05      9.01e+00       2.53e-06       4.12e+04    
       6              7         3.2760e+05      1.97e+01       6.65e-06       3.36e+04    
       7              8         3.2758e+05      2.16e+01       1.30e-05       1.70e+04    
       8              9         3.2757e+05      2.53e+00       4.05e-06       6.88e+03    
       9             10         3.2757e+05      2.41e-01       2.35e-07       2.88e+03    
      10             11         3.2757e+05      4.56e-02       8.08e-08       1.23e+03    
      11             12         3.2757e+05      9.41e-03       4.43e-08       5.25e+02    
      12             13         3.2757e+05      2.12e-03       1.99e-08       2.25e+02    
`ftol` termination condition is satisfied.
Function evaluations 13, initial cost 3.2966e+05, final cost 3.2757e+05, first-order optimality 2.25e+02.
<function dIdV_all_zero at 0x7f9436931dc0> fitting results:
	V0    = -0.002909,bounds = [-0.011235  0.011235]
	eps_0 = 0.008460,bounds = [0.00846 0.00846]
	eps_c = 0.005580,bounds = [0.00558 0.00558]
	G1    = 0.586000,bounds = [0.586 0.586]
	G2    = 0.181000,bounds = [0.181 0.181]
	G3    = 0.148000,bounds = [0.148 0.148]
	T_surf= 16.200000,bounds = [ 9.8 16.2]
	tau0  = 0.009040,bounds = [0.006 0.014]
	Gamma = 0.002100,bounds = [0.0021 0.0021]
	EC    = 0.005739,bounds = [0.00342 0.00798]
	RMSE  = 0.053078 


Fitting data
   Iteration     Total nfev        Cost      Cost reduction    Step norm     Optimality   
       0              1         3.1578e+05                                    1.14e+05    
       1              2         3.1424e+05      1.53e+03       8.33e-05       6.60e+04    
       2              3         3.1355e+05      6.95e+02       7.42e-05       2.43e+04    
       3              4         3.1344e+05      1.04e+02       3.15e-05       8.63e+03    
       4              5         3.1343e+05      9.56e+00       1.16e-05       2.66e+03    
       5              6         3.1343e+05      1.05e-01       1.03e-06       7.23e+02    
       6              7         3.1343e+05      2.69e-03       2.69e-08       1.87e+02    
`ftol` termination condition is satisfied.
Function evaluations 7, initial cost 3.1578e+05, final cost 3.1343e+05, first-order optimality 1.87e+02.
<function dIdV_all at 0x7f9436931e50> fitting results:
	V0    = -0.002909,bounds = [-0.00290913 -0.00290913]
	eps_0 = 0.008460,bounds = [0.00846 0.00846]
	eps_c = 0.005580,bounds = [0.00558 0.00558]
	G1    = 0.586000,bounds = [0.586 0.586]
	G2    = 0.181000,bounds = [0.181 0.181]
	G3    = 0.148000,bounds = [0.148 0.148]
	T_surf= 16.200000,bounds = [16.2 16.2]
	tau0  = 0.009241,bounds = [0.006 0.014]
	Gamma = 0.002100,bounds = [0.0021 0.0021]
	EC    = 0.005740,bounds = [0.00342 0.00798]
	T_film= 5.000000,bounds = [ 5. 20.]
	RMSE  = 0.05192 

Saving plot to Mnv2/lorentz/stored_plots/5
############################################################
T = 7.0 K

Loading data from Mnv2/data/7.0KdIdV.txt
>>>> (7.0, 5.0, 20.0)

Fitting data
   Iteration     Total nfev        Cost      Cost reduction    Step norm     Optimality   
       0              1         1.1754e+06                                    5.76e+06    
       1              2         8.5299e+05      3.22e+05       1.20e+00       3.02e+06    
       2              3         7.6285e+05      9.01e+04       8.73e-01       1.81e+06    
       3              4         7.3257e+05      3.03e+04       4.16e-01       1.27e+06    
       4              5         7.0695e+05      2.56e+04       4.62e-01       6.35e+05    
       5              6         6.9657e+05      1.04e+04       2.29e-01       4.89e+05    
       6              7         6.9487e+05      1.70e+03       1.67e-02       2.43e+05    
       7              8         6.9469e+05      1.83e+02       5.55e-05       1.53e+05    
       8              9         6.9461e+05      8.15e+01       2.72e-05       7.97e+04    
       9             10         6.9458e+05      2.24e+01       8.05e-06       3.56e+04    
      10             11         6.9458e+05      4.43e+00       2.73e-06       1.47e+04    
      11             12         6.9458e+05      7.50e-01       1.09e-06       5.82e+03    
      12             13         6.9458e+05      1.22e-01       4.33e-07       2.28e+03    
      13             14         6.9458e+05      2.04e-02       1.71e-07       8.82e+02    
      14             15         6.9458e+05      3.65e-03       6.58e-08       3.41e+02    
`ftol` termination condition is satisfied.
Function evaluations 15, initial cost 1.1754e+06, final cost 6.9458e+05, first-order optimality 3.41e+02.
<function dIdV_all_zero at 0x7f9436931dc0> fitting results:
	V0    = -0.001819,bounds = [-0.012553  0.012553]
	eps_0 = 0.008460,bounds = [0.00846 0.00846]
	eps_c = 0.005580,bounds = [0.00558 0.00558]
	G1    = 0.586000,bounds = [0.586 0.586]
	G2    = 0.181000,bounds = [0.181 0.181]
	G3    = 0.148000,bounds = [0.148 0.148]
	T_surf= 18.200000,bounds = [11.8 18.2]
	tau0  = 0.009204,bounds = [0.006 0.014]
	Gamma = 0.002100,bounds = [0.0021 0.0021]
	EC    = 0.005570,bounds = [0.00336 0.00784]
	RMSE  = 0.044059 


Fitting data
   Iteration     Total nfev        Cost      Cost reduction    Step norm     Optimality   
       0              1         4.2114e+05                                    2.00e+06    
       1              2         4.1257e+05      8.57e+03       1.54e-05       5.67e+05    
       2              3         4.1112e+05      1.44e+03       6.29e-05       1.98e+05    
       3              4         4.1095e+05      1.73e+02       2.40e-05       4.27e+04    
       4              5         4.1094e+05      6.09e+00       4.08e-06       8.52e+03    
       5              6         4.1094e+05      1.75e-01       4.80e-07       2.56e+03    
       6              7         4.1094e+05      1.64e-02       1.40e-07       9.24e+02    
       7              8         4.1094e+05      1.83e-03       6.32e-08       3.54e+02    
`ftol` termination condition is satisfied.
Function evaluations 8, initial cost 4.2114e+05, final cost 4.1094e+05, first-order optimality 3.54e+02.
<function dIdV_all_zero at 0x7f9436931dc0> fitting results:
	V0    = -0.001900,bounds = [-0.012553  0.012553]
	eps_0 = 0.008460,bounds = [0.00846 0.00846]
	eps_c = 0.005580,bounds = [0.00558 0.00558]
	G1    = 0.586000,bounds = [0.586 0.586]
	G2    = 0.181000,bounds = [0.181 0.181]
	G3    = 0.148000,bounds = [0.148 0.148]
	T_surf= 18.200000,bounds = [11.8 18.2]
	tau0  = 0.009159,bounds = [0.006 0.014]
	Gamma = 0.002100,bounds = [0.0021 0.0021]
	EC    = 0.005588,bounds = [0.00336 0.00784]
	RMSE  = 0.057452 


Fitting data
   Iteration     Total nfev        Cost      Cost reduction    Step norm     Optimality   
       0              1         3.8141e+05                                    2.80e+05    
       1              2         3.8052e+05      8.86e+02       2.30e-03       2.73e+05    
       2              3         3.7852e+05      2.00e+03       5.14e-03       2.53e+05    
       3              4         3.7481e+05      3.71e+03       8.55e-03       2.00e+05    
       4              5         3.7246e+05      2.34e+03       1.10e-02       1.07e+05    
       5              6         3.7230e+05      1.63e+02       3.79e-02       4.39e+04    
       6              7         3.7229e+05      1.16e+01       1.79e-02       1.50e+04    
       7              8         3.7229e+05      1.12e+00       6.50e-03       4.26e+03    
       8              9         3.7229e+05      8.42e-02       1.93e-03       1.10e+03    
       9             10         3.7229e+05      4.99e-03       5.09e-04       2.86e+02    
      10             11         3.7229e+05      1.61e-04       1.32e-04       7.41e+01    
`ftol` termination condition is satisfied.
Function evaluations 11, initial cost 3.8141e+05, final cost 3.7229e+05, first-order optimality 7.41e+01.
<function dIdV_all at 0x7f9436931e50> fitting results:
	V0    = -0.001900,bounds = [-0.00190028 -0.00190028]
	eps_0 = 0.008460,bounds = [0.00846 0.00846]
	eps_c = 0.005580,bounds = [0.00558 0.00558]
	G1    = 0.586000,bounds = [0.586 0.586]
	G2    = 0.181000,bounds = [0.181 0.181]
	G3    = 0.148000,bounds = [0.148 0.148]
	T_surf= 18.200000,bounds = [18.2 18.2]
	tau0  = 0.009552,bounds = [0.006 0.014]
	Gamma = 0.002100,bounds = [0.0021 0.0021]
	EC    = 0.005602,bounds = [0.00336 0.00784]
	T_film= 7.059887,bounds = [ 5. 20.]
	RMSE  = 0.054683 

Saving plot to Mnv2/lorentz/stored_plots/7
############################################################
T = 10.0 K

Loading data from Mnv2/data/10.0KdIdV.txt
>>>> (10.0, 5.0, 20.0)

Fitting data
   Iteration     Total nfev        Cost      Cost reduction    Step norm     Optimality   
       0              1         9.5964e+05                                    7.46e+06    
       1              2         8.0524e+05      1.54e+05       7.44e-05       4.69e+06    
       2              3         7.0630e+05      9.89e+04       3.72e-01       3.90e+06    
       3              4         5.3040e+05      1.76e+05       1.01e+00       2.16e+06    
       4              5         4.3659e+05      9.38e+04       1.31e+00       6.57e+05    
       5              6         4.2444e+05      1.22e+04       4.15e-01       2.42e+05    
       6              7         4.2236e+05      2.08e+03       8.86e-02       1.08e+05    
       7              8         4.2218e+05      1.80e+02       8.40e-04       5.53e+04    
       8              9         4.2215e+05      2.53e+01       1.44e-05       2.61e+04    
       9             10         4.2215e+05      4.08e+00       3.24e-06       1.18e+04    
      10             11         4.2215e+05      7.05e-01       1.21e-06       5.16e+03    
      11             12         4.2215e+05      1.28e-01       4.74e-07       2.21e+03    
      12             13         4.2215e+05      2.40e-02       1.89e-07       9.40e+02    
      13             14         4.2215e+05      4.94e-03       7.66e-08       3.97e+02    
      14             15         4.2215e+05      1.18e-03       3.15e-08       1.67e+02    
`ftol` termination condition is satisfied.
Function evaluations 15, initial cost 9.5964e+05, final cost 4.2215e+05, first-order optimality 1.67e+02.
<function dIdV_all_zero at 0x7f9436931dc0> fitting results:
	V0    = -0.001862,bounds = [-0.011668  0.011668]
	eps_0 = 0.008460,bounds = [0.00846 0.00846]
	eps_c = 0.005580,bounds = [0.00558 0.00558]
	G1    = 0.586000,bounds = [0.586 0.586]
	G2    = 0.181000,bounds = [0.181 0.181]
	G3    = 0.148000,bounds = [0.148 0.148]
	T_surf= 21.200000,bounds = [14.8 21.2]
	tau0  = 0.009959,bounds = [0.006 0.014]
	Gamma = 0.002100,bounds = [0.0021 0.0021]
	EC    = 0.005438,bounds = [0.00324 0.00756]
	RMSE  = 0.06426 


Fitting data
   Iteration     Total nfev        Cost      Cost reduction    Step norm     Optimality   
       0              1         4.2215e+05                                    1.67e+02    
       1              2         4.2215e+05      9.23e-04       1.31e-08       7.08e+01    
`ftol` termination condition is satisfied.
Function evaluations 2, initial cost 4.2215e+05, final cost 4.2215e+05, first-order optimality 7.08e+01.
<function dIdV_all_zero at 0x7f9436931dc0> fitting results:
	V0    = -0.001862,bounds = [-0.011668  0.011668]
	eps_0 = 0.008460,bounds = [0.00846 0.00846]
	eps_c = 0.005580,bounds = [0.00558 0.00558]
	G1    = 0.586000,bounds = [0.586 0.586]
	G2    = 0.181000,bounds = [0.181 0.181]
	G3    = 0.148000,bounds = [0.148 0.148]
	T_surf= 21.200000,bounds = [14.8 21.2]
	tau0  = 0.009959,bounds = [0.006 0.014]
	Gamma = 0.002100,bounds = [0.0021 0.0021]
	EC    = 0.005438,bounds = [0.00324 0.00756]
	RMSE  = 0.06426 


Fitting data
   Iteration     Total nfev        Cost      Cost reduction    Step norm     Optimality   
       0              1         3.3590e+05                                    3.60e+05    
       1              2         3.1689e+05      1.90e+04       2.93e-01       1.54e+05    
       2              3         3.1347e+05      3.41e+03       1.26e-01       5.61e+04    
       3              4         3.1340e+05      7.06e+01       4.45e-03       4.81e+04    
       4              5         3.1334e+05      6.31e+01       4.76e-03       3.88e+04    
       5              6         3.1326e+05      7.77e+01       9.30e-03       1.81e+04    
       6              7         3.1325e+05      1.06e+01       2.20e-03       6.70e+03    
       7              8         3.1325e+05      8.25e-01       2.26e-04       1.42e+03    
       8              9         3.1325e+05      1.58e-02       4.24e-04       1.99e+02    
       9             10         3.1325e+05      1.82e-04       1.00e-04       2.64e+01    
`ftol` termination condition is satisfied.
Function evaluations 10, initial cost 3.3590e+05, final cost 3.1325e+05, first-order optimality 2.64e+01.
<function dIdV_all at 0x7f9436931e50> fitting results:
	V0    = -0.001862,bounds = [-0.00186216 -0.00186216]
	eps_0 = 0.008460,bounds = [0.00846 0.00846]
	eps_c = 0.005580,bounds = [0.00558 0.00558]
	G1    = 0.586000,bounds = [0.586 0.586]
	G2    = 0.181000,bounds = [0.181 0.181]
	G3    = 0.148000,bounds = [0.148 0.148]
	T_surf= 21.200000,bounds = [21.2 21.2]
	tau0  = 0.010564,bounds = [0.006 0.014]
	Gamma = 0.002100,bounds = [0.0021 0.0021]
	EC    = 0.005462,bounds = [0.00324 0.00756]
	T_film= 9.561348,bounds = [ 5. 20.]
	RMSE  = 0.055355 

Saving plot to Mnv2/lorentz/stored_plots/10
############################################################
T = 20.0 K

Loading data from Mnv2/data/20.0KdIdV.txt
>>>> (20.0, 5.0, 20.0)

Fitting data
   Iteration     Total nfev        Cost      Cost reduction    Step norm     Optimality   
       0              1         1.3512e+06                                    1.98e+06    
       1              2         1.2215e+06      1.30e+05       1.59e+00       1.49e+06    
       2              3         1.1605e+06      6.10e+04       1.24e+00       1.20e+06    
       3              4         1.1233e+06      3.72e+04       3.47e-01       9.35e+05    
       4              5         1.1007e+06      2.26e+04       2.13e-02       7.09e+05    
       5              6         1.0874e+06      1.33e+04       2.21e-04       5.26e+05    
       6              7         1.0800e+06      7.45e+03       1.65e-04       3.85e+05    
       7              8         1.0759e+06      4.10e+03       1.23e-04       2.81e+05    
       8              9         1.0736e+06      2.27e+03       9.16e-05       2.05e+05    
       9             10         1.0724e+06      1.28e+03       6.82e-05       1.50e+05    
      10             11         1.0716e+06      7.51e+02       5.10e-05       1.20e+05    
      11             12         1.0711e+06      4.55e+02       3.84e-05       1.19e+05    
      12             13         1.0709e+06      2.84e+02       2.93e-05       1.11e+05    
      13             14         1.0707e+06      1.82e+02       2.25e-05       1.00e+05    
      14             15         1.0706e+06      1.18e+02       1.74e-05       8.82e+04    
      15             16         1.0705e+06      7.81e+01       1.36e-05       7.64e+04    
      16             17         1.0704e+06      5.20e+01       1.07e-05       6.54e+04    
      17             18         1.0704e+06      3.48e+01       8.52e-06       5.55e+04    
      18             19         1.0704e+06      2.34e+01       6.80e-06       4.68e+04    
      19             20         1.0704e+06      1.58e+01       5.45e-06       3.92e+04    
      20             21         1.0703e+06      1.07e+01       4.39e-06       3.28e+04    
      21             22         1.0703e+06      7.25e+00       3.55e-06       2.73e+04    
      22             23         1.0703e+06      4.91e+00       2.88e-06       2.27e+04    
      23             24         1.0703e+06      3.34e+00       2.34e-06       1.88e+04    
      24             25         1.0703e+06      2.27e+00       1.91e-06       1.56e+04    
      25             26         1.0703e+06      1.54e+00       1.56e-06       1.29e+04    
      26             27         1.0703e+06      1.05e+00       1.28e-06       1.07e+04    
      27             28         1.0703e+06      7.18e-01       1.04e-06       8.80e+03    
      28             29         1.0703e+06      4.91e-01       8.55e-07       7.26e+03    
      29             30         1.0703e+06      3.36e-01       7.02e-07       5.99e+03    
      30             31         1.0703e+06      2.31e-01       5.76e-07       4.94e+03    
      31             32         1.0703e+06      1.59e-01       4.73e-07       4.07e+03    
      32             33         1.0703e+06      1.10e-01       3.88e-07       3.36e+03    
      33             34         1.0703e+06      7.61e-02       3.19e-07       2.76e+03    
      34             35         1.0703e+06      5.30e-02       2.62e-07       2.28e+03    
      35             36         1.0703e+06      3.71e-02       2.16e-07       1.88e+03    
      36             37         1.0703e+06      2.61e-02       1.77e-07       1.54e+03    
      37             38         1.0703e+06      1.85e-02       1.46e-07       1.27e+03    
      38             39         1.0703e+06      1.32e-02       1.20e-07       1.05e+03    
      39             40         1.0703e+06      9.46e-03       9.87e-08       8.62e+02    
`ftol` termination condition is satisfied.
Function evaluations 40, initial cost 1.3512e+06, final cost 1.0703e+06, first-order optimality 8.62e+02.
<function dIdV_all_zero at 0x7f9436931dc0> fitting results:
	V0    = -0.002529,bounds = [-0.012083  0.012083]
	eps_0 = 0.008460,bounds = [0.00846 0.00846]
	eps_c = 0.005580,bounds = [0.00558 0.00558]
	G1    = 0.586000,bounds = [0.586 0.586]
	G2    = 0.181000,bounds = [0.181 0.181]
	G3    = 0.148000,bounds = [0.148 0.148]
	T_surf= 31.200000,bounds = [24.8 31.2]
	tau0  = 0.010714,bounds = [0.006 0.014]
	Gamma = 0.002100,bounds = [0.0021 0.0021]
	EC    = 0.005004,bounds = [0.003 0.007]
	RMSE  = 0.119473 


Fitting data
   Iteration     Total nfev        Cost      Cost reduction    Step norm     Optimality   
       0              1         1.0050e+06                                    1.79e+05    
       1              2         1.0032e+06      1.79e+03       1.45e-04       8.36e+04    
       2              3         1.0031e+06      4.59e+01       1.17e-05       4.68e+04    
       3              4         1.0031e+06      1.51e+01       5.90e-06       2.66e+04    
       4              5         1.0031e+06      5.41e+00       3.68e-06       1.49e+04    
       5              6         1.0031e+06      1.91e+00       2.27e-06       8.32e+03    
       6              7         1.0031e+06      6.81e-01       1.41e-06       4.59e+03    
       7              8         1.0031e+06      2.44e-01       8.74e-07       2.50e+03    
       8              9         1.0031e+06      8.75e-02       5.45e-07       1.49e+03    
       9             10         1.0031e+06      3.15e-02       3.41e-07       9.43e+02    
      10             11         1.0031e+06      1.14e-02       2.14e-07       5.99e+02    
      11             12         1.0031e+06      4.10e-03       1.35e-07       3.81e+02    
`ftol` termination condition is satisfied.
Function evaluations 12, initial cost 1.0050e+06, final cost 1.0031e+06, first-order optimality 3.81e+02.
<function dIdV_all_zero at 0x7f9436931dc0> fitting results:
	V0    = -0.002487,bounds = [-0.012083  0.012083]
	eps_0 = 0.008460,bounds = [0.00846 0.00846]
	eps_c = 0.005580,bounds = [0.00558 0.00558]
	G1    = 0.586000,bounds = [0.586 0.586]
	G2    = 0.181000,bounds = [0.181 0.181]
	G3    = 0.148000,bounds = [0.148 0.148]
	T_surf= 31.200000,bounds = [24.8 31.2]
	tau0  = 0.010865,bounds = [0.006 0.014]
	Gamma = 0.002100,bounds = [0.0021 0.0021]
	EC    = 0.005007,bounds = [0.003 0.007]
	RMSE  = 0.116234 


Fitting data
   Iteration     Total nfev        Cost      Cost reduction    Step norm     Optimality   
       0              1         4.0060e+05                                    5.07e+05    
       1              2         3.6715e+05      3.34e+04       3.22e-01       3.60e+05    
       2              3         3.3273e+05      3.44e+04       3.85e-01       1.47e+05    
       3              4         3.2357e+05      9.17e+03       6.97e-02       6.99e+04    
       4              5         3.2190e+05      1.67e+03       4.83e-03       4.91e+04    
       5              6         3.2035e+05      1.55e+03       1.72e-03       1.83e+04    
       6              7         3.2009e+05      2.58e+02       5.75e-03       5.20e+03    
       7              8         3.2007e+05      2.38e+01       3.70e-03       4.70e+02    
       8              9         3.2007e+05      2.14e-01       7.14e-04       9.07e+01    
       9             10         3.2007e+05      2.28e-04       5.49e-05       1.07e+01    
`ftol` termination condition is satisfied.
Function evaluations 10, initial cost 4.0060e+05, final cost 3.2007e+05, first-order optimality 1.07e+01.
<function dIdV_all at 0x7f9436931e50> fitting results:
	V0    = -0.002487,bounds = [-0.00248721 -0.00248721]
	eps_0 = 0.008460,bounds = [0.00846 0.00846]
	eps_c = 0.005580,bounds = [0.00558 0.00558]
	G1    = 0.586000,bounds = [0.586 0.586]
	G2    = 0.181000,bounds = [0.181 0.181]
	G3    = 0.148000,bounds = [0.148 0.148]
	T_surf= 31.200000,bounds = [31.2 31.2]
	tau0  = 0.011928,bounds = [0.006 0.014]
	Gamma = 0.002100,bounds = [0.0021 0.0021]
	EC    = 0.004985,bounds = [0.003 0.007]
	T_film= 19.226621,bounds = [ 5. 20.]
	RMSE  = 0.065657 

Saving plot to Mnv2/lorentz/stored_plots/20
Saving data to Mnv2/lorentz/
SLURM: finish oscillations.py
Sat 05 Aug 2023 04:04:10 PM PDT
