U_gate =
 [[1. 0. 0. 0. 0. 0. 0. 0.]
 [0. 0. 1. 0. 0. 0. 0. 0.]
 [0. 1. 0. 0. 0. 0. 0. 0.]
 [0. 0. 0. 1. 0. 0. 0. 0.]
 [0. 0. 0. 0. 1. 0. 0. 0.]
 [0. 0. 0. 0. 0. 0. 1. 0.]
 [0. 0. 0. 0. 0. 1. 0. 0.]
 [0. 0. 0. 0. 0. 0. 0. 1.]]
knumbers^2 = 
 [0.01    0.001   0.0001  0.00001]
k^2, NBmax =  0.010000000000000002 23

hblocks = 
 [[[ 0.   0.   0.   0.   0.   0.   0.   0. ]
  [ 0.   0.   0.   0.   0.   0.   0.   0. ]
  [ 0.   0.   0.   0.   0.   0.   0.   0. ]
  [ 0.   0.   0.   0.   0.   0.   0.   0. ]
  [ 0.   0.   0.   0.   0.   0.   0.   0. ]
  [ 0.   0.   0.   0.   0.   0.   0.   0. ]
  [ 0.   0.   0.   0.   0.   0.   0.   0. ]
  [ 0.   0.   0.   0.   0.   0.   0.   0. ]]

 [[-0.2  0.   0.   0.   0.   0.   0.   0. ]
  [ 0.  -0.2  0.   0.   0.   0.   0.   0. ]
  [ 0.   0.   0.2  0.  -0.4  0.   0.   0. ]
  [ 0.   0.   0.   0.2  0.  -0.4  0.   0. ]
  [ 0.   0.  -0.4  0.   0.2  0.   0.   0. ]
  [ 0.   0.   0.  -0.4  0.   0.2  0.   0. ]
  [ 0.   0.   0.   0.   0.   0.  -0.2  0. ]
  [ 0.   0.   0.   0.   0.   0.   0.  -0.2]]

 [[-0.2  0.   0.   0.   0.   0.   0.   0. ]
  [ 0.   0.2  0.   0.  -0.4  0.   0.   0. ]
  [ 0.   0.  -0.2  0.   0.   0.   0.   0. ]
  [ 0.   0.   0.   0.2  0.   0.  -0.4  0. ]
  [ 0.  -0.4  0.   0.   0.2  0.   0.   0. ]
  [ 0.   0.   0.   0.   0.  -0.2  0.   0. ]
  [ 0.   0.   0.  -0.4  0.   0.   0.2  0. ]
  [ 0.   0.   0.   0.   0.   0.   0.  -0.2]]

 [[ 5.   0.   0.   0.   0.   0.   0.   0. ]
  [ 0.   5.   0.   0.   0.   0.   0.   0. ]
  [ 0.   0.   5.   0.   0.   0.   0.   0. ]
  [ 0.   0.   0.   5.   0.   0.   0.   0. ]
  [ 0.   0.   0.   0.   5.   0.   0.   0. ]
  [ 0.   0.   0.   0.   0.   5.   0.   0. ]
  [ 0.   0.   0.   0.   0.   0.   5.   0. ]
  [ 0.   0.   0.   0.   0.   0.   0.   5. ]]]
indep_star, fidelity(indep_star) = 0.509296, 0.8239
k^2, NBmax =  0.0009999999999999998 74
indep_star, fidelity(indep_star) = 0.201317, 0.9196
k^2, NBmax =  0.0001 235
indep_star, fidelity(indep_star) = 0.076394, 0.6764
k^2, NBmax =  1e-05 745
indep_star, fidelity(indep_star) = 0.032211, 0.3391
