U_gate =
 [[1. 0. 0. 0. 0. 0. 0. 0.]
 [0. 0. 1. 0. 0. 0. 0. 0.]
 [0. 1. 0. 0. 0. 0. 0. 0.]
 [0. 0. 0. 1. 0. 0. 0. 0.]
 [0. 0. 0. 0. 1. 0. 0. 0.]
 [0. 0. 0. 0. 0. 0. 1. 0.]
 [0. 0. 0. 0. 0. 1. 0. 0.]
 [0. 0. 0. 0. 0. 0. 0. 1.]]
NB =  93

hblocks = 
 [[[ 0.    0.    0.   ...  0.    0.    0.  ]
  [ 0.    0.    0.   ...  0.    0.    0.  ]
  [ 0.    0.    0.   ...  0.    0.    0.  ]
  ...
  [ 0.    0.    0.   ...  0.    0.    0.  ]
  [ 0.    0.    0.   ...  0.    0.    0.  ]
  [ 0.    0.    0.   ...  0.    0.    0.  ]]

 [[-0.05  0.    0.   ...  0.    0.    0.  ]
  [ 0.   -0.05  0.   ...  0.    0.    0.  ]
  [ 0.    0.    0.05 ...  0.    0.    0.  ]
  ...
  [ 0.    0.    0.   ...  0.05  0.    0.  ]
  [ 0.    0.    0.   ...  0.   -0.05  0.  ]
  [ 0.    0.    0.   ...  0.    0.   -0.05]]

 [[-0.05  0.    0.   ...  0.    0.    0.  ]
  [ 0.    0.05  0.   ...  0.    0.    0.  ]
  [ 0.    0.   -0.05 ...  0.    0.    0.  ]
  ...
  [ 0.    0.    0.   ... -0.05  0.    0.  ]
  [ 0.    0.    0.   ...  0.    0.05  0.  ]
  [ 0.    0.    0.   ...  0.    0.   -0.05]]

 ...

 [[ 0.    0.    0.   ...  0.    0.    0.  ]
  [ 0.    0.    0.   ...  0.    0.    0.  ]
  [ 0.    0.    0.   ...  0.    0.    0.  ]
  ...
  [ 0.    0.    0.   ...  0.    0.    0.  ]
  [ 0.    0.    0.   ...  0.    0.    0.  ]
  [ 0.    0.    0.   ...  0.    0.    0.  ]]

 [[ 0.    0.    0.   ...  0.    0.    0.  ]
  [ 0.    0.    0.   ...  0.    0.    0.  ]
  [ 0.    0.    0.   ...  0.    0.    0.  ]
  ...
  [ 0.    0.    0.   ...  0.    0.    0.  ]
  [ 0.    0.    0.   ...  0.    0.    0.  ]
  [ 0.    0.    0.   ...  0.    0.    0.  ]]

 [[ 5.    0.    0.   ...  0.    0.    0.  ]
  [ 0.    5.    0.   ...  0.    0.    0.  ]
  [ 0.    0.    5.   ...  0.    0.    0.  ]
  ...
  [ 0.    0.    0.   ...  5.    0.    0.  ]
  [ 0.    0.    0.   ...  0.    5.    0.  ]
  [ 0.    0.    0.   ...  0.    0.    5.  ]]]
indep_star, fidelity(indep_star) = 0.000089, 0.9827
NB =  97
indep_star, fidelity(indep_star) = 0.000077, 0.9848
NB =  131
indep_star, fidelity(indep_star) = 0.000011, 0.9949
NB =  150
indep_star, fidelity(indep_star) = 0.000010, 0.9361
