U_gate =
 [[1. 0. 0. 0. 0. 0. 0. 0.]
 [0. 0. 1. 0. 0. 0. 0. 0.]
 [0. 1. 0. 0. 0. 0. 0. 0.]
 [0. 0. 0. 1. 0. 0. 0. 0.]
 [0. 0. 0. 0. 1. 0. 0. 0.]
 [0. 0. 0. 0. 0. 0. 1. 0.]
 [0. 0. 0. 0. 0. 1. 0. 0.]
 [0. 0. 0. 0. 0. 0. 0. 1.]]
knumbers^2 = 
 [0.01    0.001   0.0001  0.00001]
k^2, NBmax =  0.010000000000000002 150

hblocks = 
 [[[ 0.    0.    0.    0.    0.    0.    0.    0.  ]
  [ 0.    0.    0.    0.    0.    0.    0.    0.  ]
  [ 0.    0.    0.    0.    0.    0.    0.    0.  ]
  [ 0.    0.    0.    0.    0.    0.    0.    0.  ]
  [ 0.    0.    0.    0.    0.    0.    0.    0.  ]
  [ 0.    0.    0.    0.    0.    0.    0.    0.  ]
  [ 0.    0.    0.    0.    0.    0.    0.    0.  ]
  [ 0.    0.    0.    0.    0.    0.    0.    0.  ]]

 [[-0.05  0.    0.    0.    0.    0.    0.    0.  ]
  [ 0.   -0.05  0.    0.    0.    0.    0.    0.  ]
  [ 0.    0.    0.05  0.   -0.1   0.    0.    0.  ]
  [ 0.    0.    0.    0.05  0.   -0.1   0.    0.  ]
  [ 0.    0.   -0.1   0.    0.05  0.    0.    0.  ]
  [ 0.    0.    0.   -0.1   0.    0.05  0.    0.  ]
  [ 0.    0.    0.    0.    0.    0.   -0.05  0.  ]
  [ 0.    0.    0.    0.    0.    0.    0.   -0.05]]

 [[-0.05  0.    0.    0.    0.    0.    0.    0.  ]
  [ 0.    0.05  0.    0.   -0.1   0.    0.    0.  ]
  [ 0.    0.   -0.05  0.    0.    0.    0.    0.  ]
  [ 0.    0.    0.    0.05  0.    0.   -0.1   0.  ]
  [ 0.   -0.1   0.    0.    0.05  0.    0.    0.  ]
  [ 0.    0.    0.    0.    0.   -0.05  0.    0.  ]
  [ 0.    0.    0.   -0.1   0.    0.    0.05  0.  ]
  [ 0.    0.    0.    0.    0.    0.    0.   -0.05]]

 [[ 5.    0.    0.    0.    0.    0.    0.    0.  ]
  [ 0.    5.    0.    0.    0.    0.    0.    0.  ]
  [ 0.    0.    5.    0.    0.    0.    0.    0.  ]
  [ 0.    0.    0.    5.    0.    0.    0.    0.  ]
  [ 0.    0.    0.    0.    5.    0.    0.    0.  ]
  [ 0.    0.    0.    0.    0.    5.    0.    0.  ]
  [ 0.    0.    0.    0.    0.    0.    5.    0.  ]
  [ 0.    0.    0.    0.    0.    0.    0.    5.  ]]]
indep_star, fidelity(indep_star) = 95.000000, 0.3333
k^2, NBmax =  0.0009999999999999998 150
indep_star, fidelity(indep_star) = 39.000000, 0.8580
k^2, NBmax =  0.0001 150
indep_star, fidelity(indep_star) = 92.000000, 0.9819
k^2, NBmax =  1e-05 150
indep_star, fidelity(indep_star) = 131.000000, 0.9949
