>>> PWD:  /home/cpbunker/Desktop/GitHub/transport
>>> Params =  {'sys_type': 'SIETS', 'symmetry': 'Sz', 'plot': 0, 'tdfci': 0, 'tl': 1.0, 'Delta': 0.0, 'Vb': 0.001, 'th': 0.4, 'thquench': 0.001, 'Vg': 0.0, 'Jz': 0.0, 'Jx': 0.0, 'Jsd': 0.0, 'BFM': -100.0, 'NL': 15, 'NFM': 1, 'NR': 16, 'TwoSd': 1, 'bdim_0': [400, 400, 400, 500, 500], 'bdim_t': [600], 'noises': [0.01, 0.001, 0.0001, 1e-05, 0.0], 'dmrg_sweeps': 20, 'cutoff': -1.0, 'te_type': 'tdvp', 'time_step': 0.1, 'tupdate': 2.0, 'Nupdates': 15}
TwoSdz_ladder =
 [ 1 -1]
four_Sdz = 
 [[ 0.5  0.   0.   0.   0.   0.   0.   0. ]
 [ 0.  -0.5  0.  -0.   0.  -0.   0.  -0. ]
 [ 0.   0.   0.5  0.   0.   0.   0.   0. ]
 [ 0.  -0.   0.  -0.5  0.  -0.   0.  -0. ]
 [ 0.   0.   0.   0.   0.5  0.   0.   0. ]
 [ 0.  -0.   0.  -0.   0.  -0.5  0.  -0. ]
 [ 0.   0.   0.   0.   0.   0.   0.5  0. ]
 [ 0.  -0.   0.  -0.   0.  -0.   0.  -0.5]]
four_Sdminus = 
 [[0. 0. 0. 0. 0. 0. 0. 0.]
 [1. 0. 0. 0. 0. 0. 0. 0.]
 [0. 0. 0. 0. 0. 0. 0. 0.]
 [0. 0. 1. 0. 0. 0. 0. 0.]
 [0. 0. 0. 0. 0. 0. 0. 0.]
 [0. 0. 0. 0. 1. 0. 0. 0.]
 [0. 0. 0. 0. 0. 0. 0. 0.]
 [0. 0. 0. 0. 0. 0. 1. 0.]]
four_Sdplus = 
 [[0. 1. 0. 0. 0. 0. 0. 0.]
 [0. 0. 0. 0. 0. 0. 0. 0.]
 [0. 0. 0. 1. 0. 0. 0. 0.]
 [0. 0. 0. 0. 0. 0. 0. 0.]
 [0. 0. 0. 0. 0. 1. 0. 0.]
 [0. 0. 0. 0. 0. 0. 0. 0.]
 [0. 0. 0. 0. 0. 0. 0. 1.]
 [0. 0. 0. 0. 0. 0. 0. 0.]]
>>> (0, 1, 0)
>>> (0, -1, 0)
>>> (1, 2, 0)
>>> (1, 0, 0)
>>> (1, -2, 0)
>>> (2, 1, 0)
>>> (2, -1, 0)

 ######################################## 
Constructed builder
 ######################################## 

Ground state energy (DMRG) = -87.982954
>>> Init compute time = 348.45159339904785

Time = 0.00
Total energy = -87.982954+0.000000j
WF norm = 1.000000+0.000000j
<occ j=15> = 1.000819-0.000000j
<sz  j=15> = -0.001131+0.000000j
<Sdz j=15> = -0.500000+0.000000j
<J   j=15>/Vb = -0.000000
Total <occ_> = 32.000000
Total <sz_> = -0.000000
Total <Sdz_> = -0.500000
Total <G_> = -0.000000
Total <conc_> = nan
TwoSdz_ladder =
 [ 1 -1]
four_Sdz = 
 [[ 0.5  0.   0.   0.   0.   0.   0.   0. ]
 [ 0.  -0.5  0.  -0.   0.  -0.   0.  -0. ]
 [ 0.   0.   0.5  0.   0.   0.   0.   0. ]
 [ 0.  -0.   0.  -0.5  0.  -0.   0.  -0. ]
 [ 0.   0.   0.   0.   0.5  0.   0.   0. ]
 [ 0.  -0.   0.  -0.   0.  -0.5  0.  -0. ]
 [ 0.   0.   0.   0.   0.   0.   0.5  0. ]
 [ 0.  -0.   0.  -0.   0.  -0.   0.  -0.5]]
four_Sdminus = 
 [[0. 0. 0. 0. 0. 0. 0. 0.]
 [1. 0. 0. 0. 0. 0. 0. 0.]
 [0. 0. 0. 0. 0. 0. 0. 0.]
 [0. 0. 1. 0. 0. 0. 0. 0.]
 [0. 0. 0. 0. 0. 0. 0. 0.]
 [0. 0. 0. 0. 1. 0. 0. 0.]
 [0. 0. 0. 0. 0. 0. 0. 0.]
 [0. 0. 0. 0. 0. 0. 1. 0.]]
four_Sdplus = 
 [[0. 1. 0. 0. 0. 0. 0. 0.]
 [0. 0. 0. 0. 0. 0. 0. 0.]
 [0. 0. 0. 1. 0. 0. 0. 0.]
 [0. 0. 0. 0. 0. 0. 0. 0.]
 [0. 0. 0. 0. 0. 1. 0. 0.]
 [0. 0. 0. 0. 0. 0. 0. 0.]
 [0. 0. 0. 0. 0. 0. 0. 1.]
 [0. 0. 0. 0. 0. 0. 0. 0.]]
>>> (0, 1, 0)
>>> (0, -1, 0)
>>> (1, 2, 0)
>>> (1, 0, 0)
>>> (1, -2, 0)
>>> (2, 1, 0)
>>> (2, -1, 0)

 ######################################## 
Constructed builder
 ######################################## 


Build MPO | Nsites =    32 | Nterms =        186 | Algorithm = FastBIP | Cutoff = 1.00e-14
 Site =     0 /    32 .. Mmpo =     6 DW = 0.00e+00 NNZ =        6 SPT = 0.0000 Tmvc = 0.000 T = 0.000
 Site =     1 /    32 .. Mmpo =     6 DW = 0.00e+00 NNZ =       11 SPT = 0.6944 Tmvc = 0.000 T = 0.000
 Site =     2 /    32 .. Mmpo =     6 DW = 0.00e+00 NNZ =       11 SPT = 0.6944 Tmvc = 0.000 T = 0.000
 Site =     3 /    32 .. Mmpo =     6 DW = 0.00e+00 NNZ =       11 SPT = 0.6944 Tmvc = 0.000 T = 0.000
 Site =     4 /    32 .. Mmpo =     6 DW = 0.00e+00 NNZ =       11 SPT = 0.6944 Tmvc = 0.000 T = 0.000
 Site =     5 /    32 .. Mmpo =     6 DW = 0.00e+00 NNZ =       11 SPT = 0.6944 Tmvc = 0.000 T = 0.000
 Site =     6 /    32 .. Mmpo =     6 DW = 0.00e+00 NNZ =       11 SPT = 0.6944 Tmvc = 0.000 T = 0.000
 Site =     7 /    32 .. Mmpo =     6 DW = 0.00e+00 NNZ =       11 SPT = 0.6944 Tmvc = 0.000 T = 0.000
 Site =     8 /    32 .. Mmpo =     6 DW = 0.00e+00 NNZ =       11 SPT = 0.6944 Tmvc = 0.000 T = 0.000
 Site =     9 /    32 .. Mmpo =     6 DW = 0.00e+00 NNZ =       11 SPT = 0.6944 Tmvc = 0.000 T = 0.000
 Site =    10 /    32 .. Mmpo =     6 DW = 0.00e+00 NNZ =       11 SPT = 0.6944 Tmvc = 0.000 T = 0.000
 Site =    11 /    32 .. Mmpo =     6 DW = 0.00e+00 NNZ =       11 SPT = 0.6944 Tmvc = 0.000 T = 0.000
 Site =    12 /    32 .. Mmpo =     6 DW = 0.00e+00 NNZ =       11 SPT = 0.6944 Tmvc = 0.000 T = 0.000
 Site =    13 /    32 .. Mmpo =     6 DW = 0.00e+00 NNZ =       11 SPT = 0.6944 Tmvc = 0.000 T = 0.000
 Site =    14 /    32 .. Mmpo =     6 DW = 0.00e+00 NNZ =       11 SPT = 0.6944 Tmvc = 0.000 T = 0.000
 Site =    15 /    32 .. Mmpo =     6 DW = 0.00e+00 NNZ =       10 SPT = 0.7222 Tmvc = 0.000 T = 0.000
 Site =    16 /    32 .. Mmpo =     6 DW = 0.00e+00 NNZ =       11 SPT = 0.6944 Tmvc = 0.000 T = 0.000
 Site =    17 /    32 .. Mmpo =     6 DW = 0.00e+00 NNZ =       11 SPT = 0.6944 Tmvc = 0.000 T = 0.000
 Site =    18 /    32 .. Mmpo =     6 DW = 0.00e+00 NNZ =       11 SPT = 0.6944 Tmvc = 0.000 T = 0.000
 Site =    19 /    32 .. Mmpo =     6 DW = 0.00e+00 NNZ =       11 SPT = 0.6944 Tmvc = 0.000 T = 0.000
 Site =    20 /    32 .. Mmpo =     6 DW = 0.00e+00 NNZ =       11 SPT = 0.6944 Tmvc = 0.000 T = 0.000
 Site =    21 /    32 .. Mmpo =     6 DW = 0.00e+00 NNZ =       11 SPT = 0.6944 Tmvc = 0.000 T = 0.000
 Site =    22 /    32 .. Mmpo =     6 DW = 0.00e+00 NNZ =       11 SPT = 0.6944 Tmvc = 0.000 T = 0.000
 Site =    23 /    32 .. Mmpo =     6 DW = 0.00e+00 NNZ =       11 SPT = 0.6944 Tmvc = 0.000 T = 0.000
 Site =    24 /    32 .. Mmpo =     6 DW = 0.00e+00 NNZ =       11 SPT = 0.6944 Tmvc = 0.000 T = 0.000
 Site =    25 /    32 .. Mmpo =     6 DW = 0.00e+00 NNZ =       11 SPT = 0.6944 Tmvc = 0.000 T = 0.000
 Site =    26 /    32 .. Mmpo =     6 DW = 0.00e+00 NNZ =       11 SPT = 0.6944 Tmvc = 0.000 T = 0.000
 Site =    27 /    32 .. Mmpo =     6 DW = 0.00e+00 NNZ =       11 SPT = 0.6944 Tmvc = 0.000 T = 0.000
 Site =    28 /    32 .. Mmpo =     6 DW = 0.00e+00 NNZ =       11 SPT = 0.6944 Tmvc = 0.000 T = 0.000
 Site =    29 /    32 .. Mmpo =     6 DW = 0.00e+00 NNZ =       11 SPT = 0.6944 Tmvc = 0.000 T = 0.000
 Site =    30 /    32 .. Mmpo =     6 DW = 0.00e+00 NNZ =       11 SPT = 0.6944 Tmvc = 0.000 T = 0.000
 Site =    31 /    32 .. Mmpo =     1 DW = 0.00e+00 NNZ =        6 SPT = 0.0000 Tmvc = 0.000 T = 0.000
Ttotal =      0.009 Tmvc-total = 0.000 MPO bond dimension =     6 MaxDW = 0.00e+00
NNZ =          341 SIZE =         1092 SPT = 0.6877

Rank =     0 Ttotal =      0.011 MPO method = FastBipartite bond dimension =       6 NNZ =          341 SIZE =         1092 SPT = 0.6877


START TIME EVOLUTION (te_type = tdvp)

 ************************************************** 


Time Evolution  DELTA T = RE      0.00000000 + IM      0.10000000
Time Evolution TARGET T = RE      0.00000000 + IM      2.00000000
Time Evolution   NSTEPS =         20
Sweep =    0 | Direction =  forward | Beta = (0.00000,0.05000) | Bond dimension =  600 | Noise =  0.00e+00
Time elapsed =    103.637 | E = (-38.2682468066,0.0000000000) | Norm^2 =       0.9999999999 | DW = 2.87e-11
Sweep =    1 | Direction = backward | Beta = (0.00000,0.05000) | Bond dimension =  600 | Noise =  0.00e+00
Time elapsed =    228.813 | E = (-38.2682468066,0.0000000000) | Norm^2 =       0.9999999999 | DW = 2.88e-11
T =    0.00000 +    0.10000i <E> =  -38.268246806616752 +    0.00000i <Norm^2> =    0.999999999891593 +    0.00000i
Sweep =    0 | Direction =  forward | Beta = (0.00000,0.05000) | Bond dimension =  600 | Noise =  0.00e+00
Time elapsed =    123.038 | E = (-38.2682468066,0.0000000000) | Norm^2 =       0.9999999998 | DW = 2.91e-11
Sweep =    1 | Direction = backward | Beta = (0.00000,0.05000) | Bond dimension =  600 | Noise =  0.00e+00
Time elapsed =    243.684 | E = (-38.2682468066,-0.0000000000) | Norm^2 =       0.9999999998 | DW = 2.95e-11
T =    0.00000 +    0.20000i <E> =  -38.268246806628824 +   -0.00000i <Norm^2> =    0.999999999777790 +    0.00000i
Sweep =    0 | Direction =  forward | Beta = (0.00000,0.05000) | Bond dimension =  600 | Noise =  0.00e+00
Time elapsed =    122.165 | E = (-38.2682468066,-0.0000000000) | Norm^2 =       0.9999999997 | DW = 2.99e-11
Sweep =    1 | Direction = backward | Beta = (0.00000,0.05000) | Bond dimension =  600 | Noise =  0.00e+00
Time elapsed =    243.532 | E = (-38.2682468067,-0.0000000000) | Norm^2 =       0.9999999997 | DW = 3.01e-11
T =    0.00000 +    0.30000i <E> =  -38.268246806668756 +   -0.00000i <Norm^2> =    0.999999999656723 +    0.00000i
Sweep =    0 | Direction =  forward | Beta = (0.00000,0.05000) | Bond dimension =  600 | Noise =  0.00e+00
Time elapsed =    119.589 | E = (-38.2682468067,-0.0000000000) | Norm^2 =       0.9999999996 | DW = 3.03e-11
Sweep =    1 | Direction = backward | Beta = (0.00000,0.05000) | Bond dimension =  600 | Noise =  0.00e+00
Time elapsed =    237.307 | E = (-38.2682468067,0.0000000000) | Norm^2 =       0.9999999995 | DW = 3.04e-11
T =    0.00000 +    0.40000i <E> =  -38.268246806717627 +    0.00000i <Norm^2> =    0.999999999530542 +    0.00000i
Sweep =    0 | Direction =  forward | Beta = (0.00000,0.05000) | Bond dimension =  600 | Noise =  0.00e+00
Time elapsed =    116.278 | E = (-38.2682468067,-0.0000000000) | Norm^2 =       0.9999999995 | DW = 3.06e-11
Sweep =    1 | Direction = backward | Beta = (0.00000,0.05000) | Bond dimension =  600 | Noise =  0.00e+00
Time elapsed =    231.337 | E = (-38.2682468068,0.0000000000) | Norm^2 =       0.9999999994 | DW = 3.10e-11
T =    0.00000 +    0.50000i <E> =  -38.268246806770719 +    0.00000i <Norm^2> =    0.999999999400645 +    0.00000i
Sweep =    0 | Direction =  forward | Beta = (0.00000,0.05000) | Bond dimension =  600 | Noise =  0.00e+00
Time elapsed =    114.438 | E = (-38.2682468068,-0.0000000000) | Norm^2 =       0.9999999993 | DW = 3.16e-11
Sweep =    1 | Direction = backward | Beta = (0.00000,0.05000) | Bond dimension =  600 | Noise =  0.00e+00
Time elapsed =    228.422 | E = (-38.2682468068,-0.0000000000) | Norm^2 =       0.9999999993 | DW = 3.23e-11
T =    0.00000 +    0.60000i <E> =  -38.268246806844623 +   -0.00000i <Norm^2> =    0.999999999265889 +    0.00000i
Sweep =    0 | Direction =  forward | Beta = (0.00000,0.05000) | Bond dimension =  600 | Noise =  0.00e+00
Time elapsed =    113.044 | E = (-38.2682468069,-0.0000000000) | Norm^2 =       0.9999999992 | DW = 3.30e-11
Sweep =    1 | Direction = backward | Beta = (0.00000,0.05000) | Bond dimension =  600 | Noise =  0.00e+00
Time elapsed =    225.919 | E = (-38.2682468070,0.0000000000) | Norm^2 =       0.9999999991 | DW = 3.38e-11
T =    0.00000 +    0.70000i <E> =  -38.268246806992934 +    0.00000i <Norm^2> =    0.999999999123165 +    0.00000i
Sweep =    0 | Direction =  forward | Beta = (0.00000,0.05000) | Bond dimension =  600 | Noise =  0.00e+00
Time elapsed =    111.225 | E = (-38.2682468071,0.0000000000) | Norm^2 =       0.9999999990 | DW = 3.43e-11
Sweep =    1 | Direction = backward | Beta = (0.00000,0.05000) | Bond dimension =  600 | Noise =  0.00e+00
Time elapsed =    222.370 | E = (-38.2682468071,-0.0000000000) | Norm^2 =       0.9999999990 | DW = 3.33e-11
T =    0.00000 +    0.80000i <E> =  -38.268246807101924 +   -0.00000i <Norm^2> =    0.999999998974124 +    0.00000i
Sweep =    0 | Direction =  forward | Beta = (0.00000,0.05000) | Bond dimension =  600 | Noise =  0.00e+00
Time elapsed =    109.707 | E = (-38.2682468072,-0.0000000000) | Norm^2 =       0.9999999989 | DW = 3.26e-11
Sweep =    1 | Direction = backward | Beta = (0.00000,0.05000) | Bond dimension =  600 | Noise =  0.00e+00
Time elapsed =    219.953 | E = (-38.2682468073,-0.0000000000) | Norm^2 =       0.9999999988 | DW = 3.30e-11
T =    0.00000 +    0.90000i <E> =  -38.268246807272618 +   -0.00000i <Norm^2> =    0.999999998824686 +    0.00000i
Sweep =    0 | Direction =  forward | Beta = (0.00000,0.05000) | Bond dimension =  600 | Noise =  0.00e+00
Time elapsed =    107.084 | E = (-38.2682468074,0.0000000000) | Norm^2 =       0.9999999987 | DW = 3.31e-11
Sweep =    1 | Direction = backward | Beta = (0.00000,0.05000) | Bond dimension =  600 | Noise =  0.00e+00
Time elapsed =    214.672 | E = (-38.2682468074,-0.0000000000) | Norm^2 =       0.9999999987 | DW = 3.32e-11
T =    0.00000 +    1.00000i <E> =  -38.268246807431460 +   -0.00000i <Norm^2> =    0.999999998671162 +    0.00000i
Sweep =    0 | Direction =  forward | Beta = (0.00000,0.05000) | Bond dimension =  600 | Noise =  0.00e+00
Time elapsed =    107.514 | E = (-38.2682468075,0.0000000000) | Norm^2 =       0.9999999986 | DW = 3.32e-11
Sweep =    1 | Direction = backward | Beta = (0.00000,0.05000) | Bond dimension =  600 | Noise =  0.00e+00
Time elapsed =    214.801 | E = (-38.2682468075,0.0000000000) | Norm^2 =       0.9999999985 | DW = 3.30e-11
T =    0.00000 +    1.10000i <E> =  -38.268246807544216 +    0.00000i <Norm^2> =    0.999999998523816 +    0.00000i
Sweep =    0 | Direction =  forward | Beta = (0.00000,0.05000) | Bond dimension =  600 | Noise =  0.00e+00
Time elapsed =    106.114 | E = (-38.2682468076,0.0000000000) | Norm^2 =       0.9999999985 | DW = 3.28e-11
Sweep =    1 | Direction = backward | Beta = (0.00000,0.05000) | Bond dimension =  600 | Noise =  0.00e+00
Time elapsed =    211.589 | E = (-38.2682468076,0.0000000000) | Norm^2 =       0.9999999984 | DW = 3.25e-11
T =    0.00000 +    1.20000i <E> =  -38.268246807623839 +    0.00000i <Norm^2> =    0.999999998384054 +    0.00000i
Sweep =    0 | Direction =  forward | Beta = (0.00000,0.05000) | Bond dimension =  600 | Noise =  0.00e+00
Time elapsed =    103.344 | E = (-38.2682468077,-0.0000000000) | Norm^2 =       0.9999999983 | DW = 3.22e-11
Sweep =    1 | Direction = backward | Beta = (0.00000,0.05000) | Bond dimension =  600 | Noise =  0.00e+00
Time elapsed =    206.783 | E = (-38.2682468077,0.0000000000) | Norm^2 =       0.9999999982 | DW = 3.18e-11
T =    0.00000 +    1.30000i <E> =  -38.268246807704998 +    0.00000i <Norm^2> =    0.999999998243498 +    0.00000i
Sweep =    0 | Direction =  forward | Beta = (0.00000,0.05000) | Bond dimension =  600 | Noise =  0.00e+00
Time elapsed =    102.436 | E = (-38.2682468077,-0.0000000000) | Norm^2 =       0.9999999982 | DW = 3.16e-11
Sweep =    1 | Direction = backward | Beta = (0.00000,0.05000) | Bond dimension =  600 | Noise =  0.00e+00
Time elapsed =    205.815 | E = (-38.2682468078,-0.0000000000) | Norm^2 =       0.9999999981 | DW = 3.16e-11
T =    0.00000 +    1.40000i <E> =  -38.268246807776393 +   -0.00000i <Norm^2> =    0.999999998096220 +    0.00000i
Sweep =    0 | Direction =  forward | Beta = (0.00000,0.05000) | Bond dimension =  600 | Noise =  0.00e+00
Time elapsed =    102.353 | E = (-38.2682468078,0.0000000000) | Norm^2 =       0.9999999980 | DW = 3.17e-11
Sweep =    1 | Direction = backward | Beta = (0.00000,0.05000) | Bond dimension =  600 | Noise =  0.00e+00
Time elapsed =    204.837 | E = (-38.2682468078,-0.0000000000) | Norm^2 =       0.9999999979 | DW = 3.19e-11
T =    0.00000 +    1.50000i <E> =  -38.268246807833975 +   -0.00000i <Norm^2> =    0.999999997932913 +    0.00000i
Sweep =    0 | Direction =  forward | Beta = (0.00000,0.05000) | Bond dimension =  600 | Noise =  0.00e+00
Time elapsed =    101.313 | E = (-38.2682468078,0.0000000000) | Norm^2 =       0.9999999978 | DW = 3.18e-11
Sweep =    1 | Direction = backward | Beta = (0.00000,0.05000) | Bond dimension =  600 | Noise =  0.00e+00
Time elapsed =    202.107 | E = (-38.2682468078,-0.0000000000) | Norm^2 =       0.9999999978 | DW = 3.16e-11
T =    0.00000 +    1.60000i <E> =  -38.268246807830920 +   -0.00000i <Norm^2> =    0.999999997756658 +    0.00000i
Sweep =    0 | Direction =  forward | Beta = (0.00000,0.05000) | Bond dimension =  600 | Noise =  0.00e+00
Time elapsed =    101.004 | E = (-38.2682468078,-0.0000000000) | Norm^2 =       0.9999999977 | DW = 3.14e-11
Sweep =    1 | Direction = backward | Beta = (0.00000,0.05000) | Bond dimension =  600 | Noise =  0.00e+00
Time elapsed =    202.499 | E = (-38.2682468079,0.0000000000) | Norm^2 =       0.9999999976 | DW = 3.12e-11
T =    0.00000 +    1.70000i <E> =  -38.268246807855846 +    0.00000i <Norm^2> =    0.999999997579480 +    0.00000i
Sweep =    0 | Direction =  forward | Beta = (0.00000,0.05000) | Bond dimension =  600 | Noise =  0.00e+00
Time elapsed =    100.523 | E = (-38.2682468079,-0.0000000000) | Norm^2 =       0.9999999975 | DW = 3.13e-11
Sweep =    1 | Direction = backward | Beta = (0.00000,0.05000) | Bond dimension =  600 | Noise =  0.00e+00
Time elapsed =    201.594 | E = (-38.2682468080,0.0000000000) | Norm^2 =       0.9999999974 | DW = 3.17e-11
T =    0.00000 +    1.80000i <E> =  -38.268246807956501 +    0.00000i <Norm^2> =    0.999999997384966 +    0.00000i
Sweep =    0 | Direction =  forward | Beta = (0.00000,0.05000) | Bond dimension =  600 | Noise =  0.00e+00
Time elapsed =    100.963 | E = (-38.2682468080,-0.0000000000) | Norm^2 =       0.9999999973 | DW = 3.23e-11
Sweep =    1 | Direction = backward | Beta = (0.00000,0.05000) | Bond dimension =  600 | Noise =  0.00e+00
Time elapsed =    201.881 | E = (-38.2682468081,0.0000000000) | Norm^2 =       0.9999999972 | DW = 3.31e-11
T =    0.00000 +    1.90000i <E> =  -38.268246808126406 +    0.00000i <Norm^2> =    0.999999997156548 +    0.00000i
Sweep =    0 | Direction =  forward | Beta = (0.00000,0.05000) | Bond dimension =  600 | Noise =  0.00e+00
Time elapsed =    100.750 | E = (-38.2682468082,0.0000000000) | Norm^2 =       0.9999999970 | DW = 3.40e-11
Sweep =    1 | Direction = backward | Beta = (0.00000,0.05000) | Bond dimension =  600 | Noise =  0.00e+00
Time elapsed =    202.092 | E = (-38.2682468084,0.0000000000) | Norm^2 =       0.9999999969 | DW = 3.99e-11
T =    0.00000 +    2.00000i <E> =  -38.268246808364616 +    0.00000i <Norm^2> =    0.999999996877379 +    0.00000i

Time = 2.00
Total energy = -38.268247+0.000000j
WF norm = 1.000000-0.000000j
<occ j=15> = 1.000374+0.000000j
<sz  j=15> = -0.000314-0.000000j
<Sdz j=15> = -0.500000-0.000000j
<J   j=15>/Vb = 0.376120
Total <occ_> = 32.000000
Total <sz_> = -0.000000
Total <Sdz_> = -0.500000
Total <G_> = 1.420965
Total <conc_> = nan

Time = 4.00
Total energy = -38.268248-0.000000j
WF norm = 1.000000+0.000000j
<occ j=15> = 1.000176+0.000000j
<sz  j=15> = 0.000054+0.000000j
<Sdz j=15> = -0.500000+0.000000j
<J   j=15>/Vb = 0.760400
Total <occ_> = 32.000000
Total <sz_> = -0.000000
Total <Sdz_> = -0.500000
Total <G_> = 1.692654
Total <conc_> = nan

Time = 6.00
Total energy = -38.268272-0.000000j
WF norm = 0.999984+0.000000j
<occ j=15> = 1.000038+0.000000j
<sz  j=15> = 0.000163+0.000000j
<Sdz j=15> = -0.500000-0.000000j
<J   j=15>/Vb = 0.801618
Total <occ_> = 32.000000
Total <sz_> = -0.000000
Total <Sdz_> = -0.500000
Total <G_> = 1.778355
Total <conc_> = nan

Time = 8.00
Total energy = -38.268364-0.000000j
WF norm = 0.999913-0.000000j
<occ j=15> = 0.999931-0.000000j
<sz  j=15> = 0.000197-0.000000j
<Sdz j=15> = -0.500000-0.000000j
<J   j=15>/Vb = 0.750349
Total <occ_> = 32.000000
Total <sz_> = -0.000000
Total <Sdz_> = -0.500000
Total <G_> = 1.750190
Total <conc_> = nan

Time = 10.00
Total energy = -38.268492+0.000000j
WF norm = 0.999814-0.000000j
<occ j=15> = 0.999853+0.000000j
<sz  j=15> = 0.000208+0.000000j
<Sdz j=15> = -0.500000-0.000000j
<J   j=15>/Vb = 0.768676
Total <occ_> = 32.000000
Total <sz_> = -0.000000
Total <Sdz_> = -0.500000
Total <G_> = 1.623080
Total <conc_> = nan

Time = 12.00
Total energy = -38.268603-0.000000j
WF norm = 0.999735+0.000000j
<occ j=15> = 0.999822-0.000000j
<sz  j=15> = 0.000223+0.000000j
<Sdz j=15> = -0.500000+0.000000j
<J   j=15>/Vb = 0.830083
Total <occ_> = 32.000000
Total <sz_> = -0.000000
Total <Sdz_> = -0.500000
Total <G_> = 1.651762
Total <conc_> = nan

Time = 14.00
Total energy = -38.268681-0.000000j
WF norm = 0.999686+0.000000j
<occ j=15> = 0.999743-0.000000j
<sz  j=15> = 0.000221+0.000000j
<Sdz j=15> = -0.500000-0.000000j
<J   j=15>/Vb = 0.768876
Total <occ_> = 32.000000
Total <sz_> = -0.000000
Total <Sdz_> = -0.500000
Total <G_> = 1.527662
Total <conc_> = nan

Time = 16.00
Total energy = -38.268737-0.000000j
WF norm = 0.999664-0.000000j
<occ j=15> = 1.000338+0.000000j
<sz  j=15> = 0.000202-0.000000j
<Sdz j=15> = -0.500000+0.000000j
<J   j=15>/Vb = 1.861513
Total <occ_> = 32.000000
Total <sz_> = -0.000000
Total <Sdz_> = -0.500000
Total <G_> = 1.338253
Total <conc_> = nan

Time = 18.00
Total energy = -38.268793-0.000000j
WF norm = 0.999648+0.000000j
<occ j=15> = 1.003639-0.000000j
<sz  j=15> = 0.000177+0.000000j
<Sdz j=15> = -0.500000+0.000000j
<J   j=15>/Vb = 5.444596
Total <occ_> = 32.000000
Total <sz_> = -0.000000
Total <Sdz_> = -0.500000
Total <G_> = 2.629491
Total <conc_> = nan

Time = 20.00
Total energy = -38.268858+0.000000j
WF norm = 0.999631-0.000000j
<occ j=15> = 1.008306+0.000000j
<sz  j=15> = 0.000145+0.000000j
<Sdz j=15> = -0.500000-0.000000j
<J   j=15>/Vb = 3.507335
Total <occ_> = 32.000000
Total <sz_> = -0.000000
Total <Sdz_> = -0.500000
Total <G_> = 4.901430
Total <conc_> = nan
