>>> PWD:  /home/cpbunker/Desktop/GitHub/transport
>>> Params =  {'sys_type': 'SIETS', 'symmetry': 'Sz', 'plot': 0, 'tl': 1.0, 'Delta': 0.0, 'Vb': 0.001, 'th': 0.1, 'Vg': 0.0, 'Jz': 0.0, 'Jx': 0.0, 'Jsd': 0.12, 'BFM': -100.0, 'NL': 15, 'NFM': 1, 'NR': 16, 'TwoSd': 1, 'bdim_0': [100, 100, 100, 150, 150], 'bdim_t': [200], 'noises': [0.01, 0.001, 0.0001, 1e-05, 0.0], 'dmrg_sweeps': 20, 'cutoff': -1.0, 'te_type': 'tdvp', 'time_step': 0.1, 'tupdate': 1.0, 'Nupdates': 40}
TwoSdz_ladder =
 [ 1 -1]
four_Sdz = 
 [[ 0.5  0.   0.   0.   0.   0.   0.   0. ]
 [ 0.  -0.5  0.  -0.   0.  -0.   0.  -0. ]
 [ 0.   0.   0.5  0.   0.   0.   0.   0. ]
 [ 0.  -0.   0.  -0.5  0.  -0.   0.  -0. ]
 [ 0.   0.   0.   0.   0.5  0.   0.   0. ]
 [ 0.  -0.   0.  -0.   0.  -0.5  0.  -0. ]
 [ 0.   0.   0.   0.   0.   0.   0.5  0. ]
 [ 0.  -0.   0.  -0.   0.  -0.   0.  -0.5]]
four_Sdminus = 
 [[0. 0. 0. 0. 0. 0. 0. 0.]
 [1. 0. 0. 0. 0. 0. 0. 0.]
 [0. 0. 0. 0. 0. 0. 0. 0.]
 [0. 0. 1. 0. 0. 0. 0. 0.]
 [0. 0. 0. 0. 0. 0. 0. 0.]
 [0. 0. 0. 0. 1. 0. 0. 0.]
 [0. 0. 0. 0. 0. 0. 0. 0.]
 [0. 0. 0. 0. 0. 0. 1. 0.]]
four_Sdplus = 
 [[0. 1. 0. 0. 0. 0. 0. 0.]
 [0. 0. 0. 0. 0. 0. 0. 0.]
 [0. 0. 0. 1. 0. 0. 0. 0.]
 [0. 0. 0. 0. 0. 0. 0. 0.]
 [0. 0. 0. 0. 0. 1. 0. 0.]
 [0. 0. 0. 0. 0. 0. 0. 0.]
 [0. 0. 0. 0. 0. 0. 0. 1.]
 [0. 0. 0. 0. 0. 0. 0. 0.]]
>>> (0, 1, 0)
>>> (0, -1, 0)
>>> (1, 2, 0)
>>> (1, 0, 0)
>>> (1, -2, 0)
>>> (2, 1, 0)
>>> (2, -1, 0)

 ######################################## 
Constructed builder
 ######################################## 

>>> REMOVE =  False
Environment initialization | Nsites =    32 | Center =     0
 INIT-R <-- Site =   29 ..  Bmem =   256 B Rmem =   256 B T = 0.00
 INIT-R <-- Site =   28 ..  Bmem = 3.19 KB Rmem = 3.19 KB T = 0.00
 INIT-R <-- Site =   27 ..  Bmem = 37.5 KB Rmem = 37.5 KB T = 0.00
 INIT-R <-- Site =   26 ..  Bmem =  475 KB Rmem = 87.4 KB T = 0.00
 INIT-R <-- Site =   25 ..  Bmem = 1.15 MB Rmem = 65.2 KB T = 0.00
 INIT-R <-- Site =   24 ..  Bmem =  902 KB Rmem = 64.4 KB T = 0.00
 INIT-R <-- Site =   23 ..  Bmem =  919 KB Rmem = 57.7 KB T = 0.00
 INIT-R <-- Site =   22 ..  Bmem =  834 KB Rmem = 50.4 KB T = 0.00
 INIT-R <-- Site =   21 ..  Bmem =  741 KB Rmem = 58.4 KB T = 0.00
 INIT-R <-- Site =   20 ..  Bmem =  866 KB Rmem = 54.5 KB T = 0.00
 INIT-R <-- Site =   19 ..  Bmem =  811 KB Rmem = 50.6 KB T = 0.00
 INIT-R <-- Site =   18 ..  Bmem =  758 KB Rmem = 53.0 KB T = 0.00
 INIT-R <-- Site =   17 ..  Bmem =  804 KB Rmem = 51.7 KB T = 0.00
 INIT-R <-- Site =   16 ..  Bmem =  782 KB Rmem = 54.2 KB T = 0.00
 INIT-R <-- Site =   15 ..  Bmem =  827 KB Rmem = 48.6 KB T = 0.00
 INIT-R <-- Site =   14 ..  Bmem =  742 KB Rmem = 60.1 KB T = 0.00
 INIT-R <-- Site =   13 ..  Bmem = 3.49 MB Rmem = 62.4 KB T = 0.00
 INIT-R <-- Site =   12 ..  Bmem =  960 KB Rmem = 63.8 KB T = 0.00
 INIT-R <-- Site =   11 ..  Bmem =  982 KB Rmem = 64.2 KB T = 0.00
 INIT-R <-- Site =   10 ..  Bmem =  994 KB Rmem = 51.3 KB T = 0.00
 INIT-R <-- Site =    9 ..  Bmem =  795 KB Rmem = 56.2 KB T = 0.00
 INIT-R <-- Site =    8 ..  Bmem =  872 KB Rmem = 61.3 KB T = 0.00
 INIT-R <-- Site =    7 ..  Bmem =  952 KB Rmem = 66.6 KB T = 0.00
 INIT-R <-- Site =    6 ..  Bmem = 1.01 MB Rmem = 72.1 KB T = 0.01
 INIT-R <-- Site =    5 ..  Bmem = 1.10 MB Rmem = 77.8 KB T = 0.00
 INIT-R <-- Site =    4 ..  Bmem = 1.18 MB Rmem = 83.8 KB T = 0.01
 INIT-R <-- Site =    3 ..  Bmem = 1.28 MB Rmem = 90.0 KB T = 0.01
 INIT-R <-- Site =    2 ..  Bmem = 1.37 MB Rmem = 96.3 KB T = 0.01
 INIT-R <-- Site =    1 ..  Bmem = 1.47 MB Rmem =  103 KB T = 0.01
 INIT-R <-- Site =    0 ..  Bmem = 1.57 MB Rmem =  110 KB T = 0.01
Time init sweep =        0.090 | MaxBmem = 3.49 MB | MaxRmem = 62.4 KB
 | Tread = 0.000 | Twrite = 0.004 | Tfpread = 0.000 | Tfpwrite = 0.002 | data = 1.81 MB | cpsd = 1.26 MB | Tasync = 0.000


Sweep =    0 | Direction =  forward | Bond dimension =  100 | Noise =  1.00e-02 | Dav threshold =  1.00e-06
 --> Site =    0-   1 .. Mmps =    4 Ndav =  11 E =     -7.3337983241 Error = 0.00e+00 FLOPS = 3.85e+06 Tdav = 0.00 T = 0.01
 --> Site =    1-   2 .. Mmps =   16 Ndav =  13 E =     -9.1021824372 Error = 0.00e+00 FLOPS = 2.83e+07 Tdav = 0.00 T = 0.01
 --> Site =    2-   3 .. Mmps =   64 Ndav =  14 E =    -11.4222497394 Error = 0.00e+00 FLOPS = 1.44e+08 Tdav = 0.00 T = 0.01
 --> Site =    3-   4 .. Mmps =  100 Ndav =  18 E =    -13.3740696890 Error = 2.11e-10 FLOPS = 5.33e+08 Tdav = 0.00 T = 0.01
 --> Site =    4-   5 .. Mmps =  100 Ndav =  17 E =    -15.1611730693 Error = 6.04e-09 FLOPS = 8.79e+08 Tdav = 0.01 T = 0.01
 --> Site =    5-   6 .. Mmps =  100 Ndav =  19 E =    -17.7356250028 Error = 3.60e-09 FLOPS = 8.59e+08 Tdav = 0.01 T = 0.01
 --> Site =    6-   7 .. Mmps =  100 Ndav =  16 E =    -19.2815131786 Error = 1.29e-08 FLOPS = 6.23e+08 Tdav = 0.01 T = 0.01
 --> Site =    7-   8 .. Mmps =  100 Ndav =  17 E =    -21.2068796418 Error = 1.33e-08 FLOPS = 8.05e+08 Tdav = 0.01 T = 0.01
 --> Site =    8-   9 .. Mmps =  100 Ndav =  17 E =    -23.1201765353 Error = 1.37e-09 FLOPS = 4.96e+08 Tdav = 0.01 T = 0.02
 --> Site =    9-  10 .. Mmps =  100 Ndav =  18 E =    -27.2864172410 Error = 1.34e-10 FLOPS = 5.04e+08 Tdav = 0.01 T = 0.02
 --> Site =   10-  11 .. Mmps =  100 Ndav =  16 E =    -29.1312138983 Error = 2.66e-10 FLOPS = 9.65e+08 Tdav = 0.00 T = 0.01
 --> Site =   11-  12 .. Mmps =  100 Ndav =  30 E =    -35.6758484168 Error = 3.28e-09 FLOPS = 5.99e+08 Tdav = 0.03 T = 0.03
 --> Site =   12-  13 .. Mmps =  100 Ndav =  29 E =    -45.5354306974 Error = 1.34e-11 FLOPS = 5.77e+08 Tdav = 0.03 T = 0.03
 --> Site =   13-  14 .. Mmps =  100 Ndav =  28 E =    -54.8827088254 Error = 1.49e-12 FLOPS = 8.31e+08 Tdav = 0.02 T = 0.03
 --> Site =   14-  15 .. Mmps =  100 Ndav =  28 E =    -68.2583551536 Error = 1.53e-10 FLOPS = 7.91e+08 Tdav = 0.07 T = 0.08
 --> Site =   15-  16 .. Mmps =  100 Ndav =  13 E =    -68.8212287924 Error = 6.48e-11 FLOPS = 1.90e+09 Tdav = 0.01 T = 0.02
 --> Site =   16-  17 .. Mmps =  100 Ndav =  20 E =    -70.4081386062 Error = 1.40e-10 FLOPS = 1.02e+09 Tdav = 0.02 T = 0.03
 --> Site =   17-  18 .. Mmps =  100 Ndav =  26 E =    -71.5629420126 Error = 3.36e-08 FLOPS = 7.07e+08 Tdav = 0.04 T = 0.05
 --> Site =   18-  19 .. Mmps =  100 Ndav =  32 E =    -72.8146293070 Error = 2.40e-06 FLOPS = 6.08e+08 Tdav = 0.06 T = 0.07
 --> Site =   19-  20 .. Mmps =  100 Ndav =  40 E =    -73.9848999379 Error = 5.14e-06 FLOPS = 4.86e+08 Tdav = 0.11 T = 0.12
 --> Site =   20-  21 .. Mmps =  100 Ndav =  35 E =    -75.3628813120 Error = 5.65e-06 FLOPS = 6.03e+08 Tdav = 0.10 T = 0.10
 --> Site =   21-  22 .. Mmps =  100 Ndav =  41 E =    -76.6118937237 Error = 2.25e-05 FLOPS = 4.89e+08 Tdav = 0.15 T = 0.15
 --> Site =   22-  23 .. Mmps =  100 Ndav =  30 E =    -77.8127118218 Error = 6.19e-06 FLOPS = 7.43e+08 Tdav = 0.06 T = 0.07
 --> Site =   23-  24 .. Mmps =  100 Ndav =  35 E =    -79.1526193834 Error = 1.91e-05 FLOPS = 5.70e+08 Tdav = 0.11 T = 0.11
 --> Site =   24-  25 .. Mmps =  100 Ndav =  46 E =    -80.5161164727 Error = 3.84e-06 FLOPS = 4.55e+08 Tdav = 0.21 T = 0.22
 --> Site =   25-  26 .. Mmps =  100 Ndav =  40 E =    -82.1258778334 Error = 4.44e-06 FLOPS = 6.05e+08 Tdav = 0.17 T = 0.17
 --> Site =   26-  27 .. Mmps =  100 Ndav =  24 E =    -84.8865368238 Error = 1.88e-07 FLOPS = 1.29e+09 Tdav = 0.06 T = 0.07
 --> Site =   27-  28 .. Mmps =  100 Ndav =  25 E =    -87.1691381417 Error = 3.29e-07 FLOPS = 1.04e+09 Tdav = 0.05 T = 0.05
 --> Site =   28-  29 .. Mmps =  100 Ndav =   1 E =    -87.1691373412 Error = 5.07e-08 FLOPS = 9.85e+08 Tdav = 0.00 T = 0.00
 --> Site =   29-  30 .. Mmps =  100 Ndav =   1 E =    -87.1691372934 Error = 1.83e-13 FLOPS = 6.05e+08 Tdav = 0.00 T = 0.00
 --> Site =   30-  31 .. Mmps =  100 Ndav =   1 E =    -87.1691372934 Error = 2.28e-28 FLOPS = 4.19e+08 Tdav = 0.00 T = 0.00
Time elapsed =      1.546 | E =     -87.1691381417 | DW = 2.25e-05
Time sweep =        1.546 | 841 MFLOP/SWP
 | Dmem = 432 KB (73%) | Imem = 754 KB (87%) | Hmem = 4.43 MB | Pmem = 694 KB
 | Tread = 0.003 | Twrite = 0.004 | Tfpread = 0.002 | Tfpwrite = 0.002 | Tmporead = 0.000 | Tasync = 0.000
 | data = 2.13 MB | cpsd = 835 KB
 | Trot = 0.006 | Tctr = 0.003 | Tint = 0.000 | Tmid = 0.000 | Tdctr = 0.002 | Tdiag = 0.004 | Tinfo = 0.005
 | Teff = 0.090 | Tprt = 0.017 | Teig = 1.362 | Tblk = 1.525 | Tmve = 0.020 | Tdm = 0.008 | Tsplt = 0.014 | Tsvd = 0.000 | Torth = 0.000

Sweep =    1 | Direction = backward | Bond dimension =  100 | Noise =  1.00e-03 | Dav threshold =  1.00e-06
 <-- Site =   30-  31 .. Mmps =    4 Ndav =   1 E =    -87.1691372934 Error = 0.00e+00 FLOPS = 3.02e+08 Tdav = 0.00 T = 0.00
 <-- Site =   29-  30 .. Mmps =   16 Ndav =   1 E =    -87.1691372934 Error = 0.00e+00 FLOPS = 6.67e+08 Tdav = 0.00 T = 0.00
 <-- Site =   28-  29 .. Mmps =   64 Ndav =   1 E =    -87.1691372934 Error = 0.00e+00 FLOPS = 8.97e+08 Tdav = 0.00 T = 0.00
 <-- Site =   27-  28 .. Mmps =  100 Ndav =   2 E =    -87.1691381695 Error = 1.01e-08 FLOPS = 1.78e+09 Tdav = 0.00 T = 0.01
 <-- Site =   26-  27 .. Mmps =  100 Ndav =  10 E =    -87.1692746141 Error = 1.79e-07 FLOPS = 2.61e+09 Tdav = 0.01 T = 0.02
 <-- Site =   25-  26 .. Mmps =  100 Ndav =  10 E =    -87.1695043928 Error = 3.75e-07 FLOPS = 2.95e+09 Tdav = 0.01 T = 0.02
 <-- Site =   24-  25 .. Mmps =  100 Ndav =   7 E =    -87.1695771212 Error = 4.50e-07 FLOPS = 3.03e+09 Tdav = 0.01 T = 0.01
 <-- Site =   23-  24 .. Mmps =  100 Ndav =  14 E =    -87.1722942095 Error = 5.15e-07 FLOPS = 2.06e+09 Tdav = 0.02 T = 0.02
 <-- Site =   22-  23 .. Mmps =  100 Ndav =  16 E =    -87.1792548766 Error = 8.45e-07 FLOPS = 1.82e+09 Tdav = 0.03 T = 0.03
 <-- Site =   21-  22 .. Mmps =  100 Ndav =  13 E =    -87.1805198801 Error = 6.17e-07 FLOPS = 2.49e+09 Tdav = 0.02 T = 0.02
 <-- Site =   20-  21 .. Mmps =  100 Ndav =  13 E =    -87.1839534469 Error = 8.29e-07 FLOPS = 2.29e+09 Tdav = 0.02 T = 0.02
 <-- Site =   19-  20 .. Mmps =  100 Ndav =   6 E =    -87.1839871579 Error = 6.21e-07 FLOPS = 2.19e+09 Tdav = 0.01 T = 0.01
 <-- Site =   18-  19 .. Mmps =  100 Ndav =   5 E =    -87.1840329165 Error = 3.04e-07 FLOPS = 3.00e+09 Tdav = 0.00 T = 0.01
 <-- Site =   17-  18 .. Mmps =  100 Ndav =  11 E =    -87.1841072332 Error = 8.02e-08 FLOPS = 2.00e+09 Tdav = 0.02 T = 0.02
 <-- Site =   16-  17 .. Mmps =  100 Ndav =   1 E =    -87.1841071048 Error = 1.42e-09 FLOPS = 6.19e+08 Tdav = 0.01 T = 0.01
 <-- Site =   15-  16 .. Mmps =  100 Ndav =   1 E =    -87.1841071040 Error = 7.11e-12 FLOPS = 7.73e+08 Tdav = 0.01 T = 0.01
 <-- Site =   14-  15 .. Mmps =  100 Ndav =   2 E =    -87.1841075977 Error = 1.84e-12 FLOPS = 1.78e+09 Tdav = 0.01 T = 0.01
 <-- Site =   13-  14 .. Mmps =  100 Ndav =  23 E =    -87.2615424360 Error = 3.88e-11 FLOPS = 1.60e+09 Tdav = 0.06 T = 0.06
 <-- Site =   12-  13 .. Mmps =  100 Ndav =  24 E =    -87.3394218353 Error = 4.43e-10 FLOPS = 1.20e+09 Tdav = 0.05 T = 0.06
 <-- Site =   11-  12 .. Mmps =  100 Ndav =  19 E =    -87.4879471612 Error = 6.91e-09 FLOPS = 1.54e+09 Tdav = 0.04 T = 0.04
 <-- Site =   10-  11 .. Mmps =  100 Ndav =  16 E =    -87.5734146420 Error = 4.49e-08 FLOPS = 2.31e+09 Tdav = 0.02 T = 0.03
 <-- Site =    9-  10 .. Mmps =  100 Ndav =  18 E =    -87.6607017763 Error = 6.55e-08 FLOPS = 1.81e+09 Tdav = 0.03 T = 0.03
 <-- Site =    8-   9 .. Mmps =  100 Ndav =  18 E =    -87.8509012757 Error = 7.50e-08 FLOPS = 1.79e+09 Tdav = 0.03 T = 0.03
 <-- Site =    7-   8 .. Mmps =  100 Ndav =  17 E =    -87.8954495987 Error = 1.59e-07 FLOPS = 1.85e+09 Tdav = 0.03 T = 0.03
 <-- Site =    6-   7 .. Mmps =  100 Ndav =  15 E =    -87.9563763767 Error = 1.75e-07 FLOPS = 1.99e+09 Tdav = 0.03 T = 0.03
 <-- Site =    5-   6 .. Mmps =  100 Ndav =  15 E =    -87.9907705943 Error = 2.90e-07 FLOPS = 2.14e+09 Tdav = 0.02 T = 0.03
 <-- Site =    4-   5 .. Mmps =  100 Ndav =  13 E =    -87.9959103815 Error = 2.53e-07 FLOPS = 2.32e+09 Tdav = 0.02 T = 0.02
 <-- Site =    3-   4 .. Mmps =  100 Ndav =  14 E =    -88.0049999652 Error = 1.50e-07 FLOPS = 2.03e+09 Tdav = 0.01 T = 0.02
 <-- Site =    2-   3 .. Mmps =  100 Ndav =   1 E =    -88.0049995009 Error = 1.83e-08 FLOPS = 7.30e+08 Tdav = 0.00 T = 0.00
 <-- Site =    1-   2 .. Mmps =  100 Ndav =   1 E =    -88.0049994979 Error = 1.11e-21 FLOPS = 6.16e+08 Tdav = 0.00 T = 0.00
 <-- Site =    0-   1 .. Mmps =  100 Ndav =   1 E =    -88.0049994979 Error = 1.19e-35 FLOPS = 3.07e+08 Tdav = 0.00 T = 0.00
Time elapsed =      2.159 | E =     -88.0049999652 | DE = -8.36e-01 | DW = 8.45e-07
Time sweep =        0.613 | 895 MFLOP/SWP
 | Dmem = 570 KB (79%) | Imem = 39.5 KB (95%) | Hmem = 4.39 MB | Pmem = 1.00 MB
 | Tread = 0.001 | Twrite = 0.003 | Tfpread = 0.001 | Tfpwrite = 0.002 | Tmporead = 0.000 | Tasync = 0.000
 | data = 2.19 MB | cpsd = 847 KB
 | Trot = 0.006 | Tctr = 0.001 | Tint = 0.000 | Tmid = 0.000 | Tdctr = 0.001 | Tdiag = 0.004 | Tinfo = 0.004
 | Teff = 0.024 | Tprt = 0.020 | Teig = 0.500 | Tblk = 0.596 | Tmve = 0.016 | Tdm = 0.012 | Tsplt = 0.016 | Tsvd = 0.000 | Torth = 0.000

Sweep =    2 | Direction =  forward | Bond dimension =  100 | Noise =  1.00e-04 | Dav threshold =  1.00e-06
 --> Site =    0-   1 .. Mmps =    4 Ndav =   1 E =    -88.0049994979 Error = 0.00e+00 FLOPS = 3.10e+08 Tdav = 0.00 T = 0.00
 --> Site =    1-   2 .. Mmps =   16 Ndav =   1 E =    -88.0049994979 Error = 0.00e+00 FLOPS = 5.25e+08 Tdav = 0.00 T = 0.00
 --> Site =    2-   3 .. Mmps =   64 Ndav =   1 E =    -88.0049994979 Error = 0.00e+00 FLOPS = 9.99e+08 Tdav = 0.00 T = 0.00
 --> Site =    3-   4 .. Mmps =  100 Ndav =   2 E =    -88.0049999663 Error = 9.13e-09 FLOPS = 2.05e+09 Tdav = 0.00 T = 0.00
 --> Site =    4-   5 .. Mmps =  100 Ndav =   3 E =    -88.0050037901 Error = 1.59e-07 FLOPS = 3.10e+09 Tdav = 0.00 T = 0.01
 --> Site =    5-   6 .. Mmps =  100 Ndav =   3 E =    -88.0050074577 Error = 2.71e-07 FLOPS = 2.64e+09 Tdav = 0.00 T = 0.01
 --> Site =    6-   7 .. Mmps =  100 Ndav =   6 E =    -88.0050458476 Error = 3.23e-07 FLOPS = 2.96e+09 Tdav = 0.01 T = 0.01
 --> Site =    7-   8 .. Mmps =  100 Ndav =   8 E =    -88.0052080035 Error = 3.26e-07 FLOPS = 2.79e+09 Tdav = 0.01 T = 0.01
 --> Site =    8-   9 .. Mmps =  100 Ndav =  11 E =    -88.0057088634 Error = 2.73e-07 FLOPS = 2.52e+09 Tdav = 0.01 T = 0.02
 --> Site =    9-  10 .. Mmps =  100 Ndav =  15 E =    -88.0084299164 Error = 3.33e-07 FLOPS = 1.96e+09 Tdav = 0.03 T = 0.03
 --> Site =   10-  11 .. Mmps =  100 Ndav =  16 E =    -88.0101062213 Error = 3.15e-07 FLOPS = 2.03e+09 Tdav = 0.03 T = 0.03
 --> Site =   11-  12 .. Mmps =  100 Ndav =  20 E =    -88.0141752657 Error = 2.95e-07 FLOPS = 1.66e+09 Tdav = 0.04 T = 0.05
 --> Site =   12-  13 .. Mmps =  100 Ndav =  25 E =    -88.0255813309 Error = 1.53e-07 FLOPS = 1.36e+09 Tdav = 0.07 T = 0.07
 --> Site =   13-  14 .. Mmps =  100 Ndav =  17 E =    -88.0275740872 Error = 4.02e-09 FLOPS = 2.27e+09 Tdav = 0.02 T = 0.03
 --> Site =   14-  15 .. Mmps =  100 Ndav =  15 E =    -88.0335454213 Error = 1.64e-10 FLOPS = 3.05e+09 Tdav = 0.04 T = 0.05
 --> Site =   15-  16 .. Mmps =  100 Ndav =  14 E =    -88.0468977872 Error = 8.61e-12 FLOPS = 2.75e+09 Tdav = 0.05 T = 0.06
 --> Site =   16-  17 .. Mmps =  100 Ndav =  13 E =    -88.0498197832 Error = 5.01e-10 FLOPS = 2.29e+09 Tdav = 0.02 T = 0.02
 --> Site =   17-  18 .. Mmps =  100 Ndav =  14 E =    -88.0528834970 Error = 7.25e-08 FLOPS = 2.14e+09 Tdav = 0.02 T = 0.03
 --> Site =   18-  19 .. Mmps =  100 Ndav =  15 E =    -88.0582148884 Error = 8.71e-07 FLOPS = 2.05e+09 Tdav = 0.02 T = 0.03
 --> Site =   19-  20 .. Mmps =  100 Ndav =  16 E =    -88.0653566220 Error = 9.79e-07 FLOPS = 2.05e+09 Tdav = 0.03 T = 0.03
 --> Site =   20-  21 .. Mmps =  100 Ndav =  10 E =    -88.0660490816 Error = 1.29e-06 FLOPS = 2.69e+09 Tdav = 0.01 T = 0.02
 --> Site =   21-  22 .. Mmps =  100 Ndav =  15 E =    -88.0789260938 Error = 9.01e-07 FLOPS = 2.13e+09 Tdav = 0.02 T = 0.03
 --> Site =   22-  23 .. Mmps =  100 Ndav =  12 E =    -88.0809085272 Error = 1.15e-06 FLOPS = 2.68e+09 Tdav = 0.01 T = 0.02
 --> Site =   23-  24 .. Mmps =  100 Ndav =  11 E =    -88.0818375878 Error = 6.14e-07 FLOPS = 2.85e+09 Tdav = 0.01 T = 0.02
 --> Site =   24-  25 .. Mmps =  100 Ndav =  11 E =    -88.0828091151 Error = 8.73e-07 FLOPS = 2.46e+09 Tdav = 0.01 T = 0.02
 --> Site =   25-  26 .. Mmps =  100 Ndav =   6 E =    -88.0829350824 Error = 3.40e-07 FLOPS = 2.84e+09 Tdav = 0.01 T = 0.01
 --> Site =   26-  27 .. Mmps =  100 Ndav =   6 E =    -88.0830074120 Error = 3.64e-07 FLOPS = 3.19e+09 Tdav = 0.01 T = 0.01
 --> Site =   27-  28 .. Mmps =  100 Ndav =   3 E =    -88.0830089069 Error = 6.63e-08 FLOPS = 2.47e+09 Tdav = 0.00 T = 0.01
 --> Site =   28-  29 .. Mmps =  100 Ndav =   1 E =    -88.0830085740 Error = 4.29e-09 FLOPS = 8.64e+08 Tdav = 0.00 T = 0.00
 --> Site =   29-  30 .. Mmps =  100 Ndav =   1 E =    -88.0830085704 Error = 3.79e-21 FLOPS = 5.54e+08 Tdav = 0.00 T = 0.00
 --> Site =   30-  31 .. Mmps =  100 Ndav =   1 E =    -88.0830085704 Error = 4.29e-34 FLOPS = 3.33e+08 Tdav = 0.00 T = 0.00
Time elapsed =      2.783 | E =     -88.0830089069 | DE = -7.80e-02 | DW = 1.29e-06
Time sweep =        0.624 | 1.05 GFLOP/SWP
 | Dmem = 718 KB (83%) | Imem = 39.7 KB (95%) | Hmem = 4.34 MB | Pmem = 1.26 MB
 | Tread = 0.003 | Twrite = 0.004 | Tfpread = 0.002 | Tfpwrite = 0.002 | Tmporead = 0.000 | Tasync = 0.000
 | data = 2.19 MB | cpsd = 847 KB
 | Trot = 0.006 | Tctr = 0.003 | Tint = 0.000 | Tmid = 0.000 | Tdctr = 0.002 | Tdiag = 0.005 | Tinfo = 0.005
 | Teff = 0.026 | Tprt = 0.018 | Teig = 0.505 | Tblk = 0.604 | Tmve = 0.018 | Tdm = 0.013 | Tsplt = 0.016 | Tsvd = 0.000 | Torth = 0.000

Sweep =    3 | Direction = backward | Bond dimension =  150 | Noise =  1.00e-05 | Dav threshold =  1.00e-06
 <-- Site =   30-  31 .. Mmps =    4 Ndav =   1 E =    -88.0830085704 Error = 0.00e+00 FLOPS = 3.89e+08 Tdav = 0.00 T = 0.00
 <-- Site =   29-  30 .. Mmps =   16 Ndav =   1 E =    -88.0830085704 Error = 0.00e+00 FLOPS = 6.40e+08 Tdav = 0.00 T = 0.00
 <-- Site =   28-  29 .. Mmps =   64 Ndav =   1 E =    -88.0830085704 Error = 0.00e+00 FLOPS = 7.50e+08 Tdav = 0.00 T = 0.00
 <-- Site =   27-  28 .. Mmps =  150 Ndav =   2 E =    -88.0830089885 Error = 2.35e-10 FLOPS = 1.87e+09 Tdav = 0.00 T = 0.01
 <-- Site =   26-  27 .. Mmps =  150 Ndav =   2 E =    -88.0830105019 Error = 3.25e-09 FLOPS = 2.10e+09 Tdav = 0.01 T = 0.01
 <-- Site =   25-  26 .. Mmps =  150 Ndav =   3 E =    -88.0830123471 Error = 4.34e-08 FLOPS = 2.88e+09 Tdav = 0.01 T = 0.01
 <-- Site =   24-  25 .. Mmps =  150 Ndav =   3 E =    -88.0830166270 Error = 2.61e-08 FLOPS = 2.92e+09 Tdav = 0.01 T = 0.01
 <-- Site =   23-  24 .. Mmps =  150 Ndav =   3 E =    -88.0830203450 Error = 1.05e-07 FLOPS = 4.04e+09 Tdav = 0.00 T = 0.01
 <-- Site =   22-  23 .. Mmps =  150 Ndav =   4 E =    -88.0830271185 Error = 6.41e-08 FLOPS = 4.55e+09 Tdav = 0.01 T = 0.01
 <-- Site =   21-  22 .. Mmps =  150 Ndav =   4 E =    -88.0830325381 Error = 1.22e-07 FLOPS = 2.63e+09 Tdav = 0.01 T = 0.01
 <-- Site =   20-  21 .. Mmps =  150 Ndav =   6 E =    -88.0830808096 Error = 1.04e-07 FLOPS = 3.30e+09 Tdav = 0.01 T = 0.02
 <-- Site =   19-  20 .. Mmps =  150 Ndav =   6 E =    -88.0830951620 Error = 1.55e-07 FLOPS = 3.94e+09 Tdav = 0.01 T = 0.02
 <-- Site =   18-  19 .. Mmps =  150 Ndav =  11 E =    -88.0832126104 Error = 1.25e-07 FLOPS = 2.96e+09 Tdav = 0.02 T = 0.03
 <-- Site =   17-  18 .. Mmps =  150 Ndav =  12 E =    -88.0832550654 Error = 3.87e-08 FLOPS = 3.00e+09 Tdav = 0.02 T = 0.03
 <-- Site =   16-  17 .. Mmps =  150 Ndav =   4 E =    -88.0832578638 Error = 4.51e-10 FLOPS = 3.87e+09 Tdav = 0.01 T = 0.01
 <-- Site =   15-  16 .. Mmps =  150 Ndav =   2 E =    -88.0832582477 Error = 4.56e-12 FLOPS = 2.74e+09 Tdav = 0.01 T = 0.02
 <-- Site =   14-  15 .. Mmps =  150 Ndav =   1 E =    -88.0832582477 Error = 4.38e-14 FLOPS = 1.76e+09 Tdav = 0.01 T = 0.02
 <-- Site =   13-  14 .. Mmps =  150 Ndav =   4 E =    -88.0832647941 Error = 1.66e-10 FLOPS = 3.54e+09 Tdav = 0.01 T = 0.02
 <-- Site =   12-  13 .. Mmps =  150 Ndav =  12 E =    -88.0834142373 Error = 9.81e-09 FLOPS = 2.54e+09 Tdav = 0.03 T = 0.04
 <-- Site =   11-  12 .. Mmps =  150 Ndav =  16 E =    -88.0842286416 Error = 1.65e-07 FLOPS = 2.43e+09 Tdav = 0.04 T = 0.05
 <-- Site =   10-  11 .. Mmps =  150 Ndav =  22 E =    -88.0856920975 Error = 4.72e-07 FLOPS = 1.64e+09 Tdav = 0.08 T = 0.09
 <-- Site =    9-  10 .. Mmps =  150 Ndav =  17 E =    -88.0865317145 Error = 6.18e-07 FLOPS = 2.29e+09 Tdav = 0.04 T = 0.05
 <-- Site =    8-   9 .. Mmps =  150 Ndav =  18 E =    -88.0874976192 Error = 4.84e-07 FLOPS = 2.30e+09 Tdav = 0.05 T = 0.05
 <-- Site =    7-   8 .. Mmps =  150 Ndav =  16 E =    -88.0879259110 Error = 6.26e-07 FLOPS = 2.26e+09 Tdav = 0.04 T = 0.05
 <-- Site =    6-   7 .. Mmps =  150 Ndav =   8 E =    -88.0880911788 Error = 2.15e-07 FLOPS = 3.98e+09 Tdav = 0.01 T = 0.02
 <-- Site =    5-   6 .. Mmps =  150 Ndav =   7 E =    -88.0881463443 Error = 2.02e-07 FLOPS = 3.46e+09 Tdav = 0.01 T = 0.02
 <-- Site =    4-   5 .. Mmps =  150 Ndav =   5 E =    -88.0881647799 Error = 3.95e-08 FLOPS = 3.48e+09 Tdav = 0.01 T = 0.01
 <-- Site =    3-   4 .. Mmps =  150 Ndav =   3 E =    -88.0881660204 Error = 1.12e-08 FLOPS = 3.63e+09 Tdav = 0.00 T = 0.01
 <-- Site =    2-   3 .. Mmps =  150 Ndav =   1 E =    -88.0881659792 Error = 7.89e-12 FLOPS = 1.38e+09 Tdav = 0.00 T = 0.00
 <-- Site =    1-   2 .. Mmps =  150 Ndav =   1 E =    -88.0881659792 Error = 6.20e-26 FLOPS = 7.84e+08 Tdav = 0.00 T = 0.00
 <-- Site =    0-   1 .. Mmps =  150 Ndav =   1 E =    -88.0881659792 Error = 3.72e-37 FLOPS = 5.12e+08 Tdav = 0.00 T = 0.00
Time elapsed =      3.415 | E =     -88.0881660204 | DE = -5.16e-03 | DW = 6.26e-07
Time sweep =        0.632 | 1.11 GFLOP/SWP
 | Dmem = 1.06 MB (76%) | Imem = 41.3 KB (94%) | Hmem = 8.63 MB | Pmem = 1.76 MB
 | Tread = 0.002 | Twrite = 0.005 | Tfpread = 0.001 | Tfpwrite = 0.004 | Tmporead = 0.000 | Tasync = 0.000
 | data = 4.49 MB | cpsd = 1.67 MB
 | Trot = 0.010 | Tctr = 0.001 | Tint = 0.000 | Tmid = 0.000 | Tdctr = 0.001 | Tdiag = 0.006 | Tinfo = 0.005
 | Teff = 0.029 | Tprt = 0.030 | Teig = 0.469 | Tblk = 0.608 | Tmve = 0.023 | Tdm = 0.022 | Tsplt = 0.027 | Tsvd = 0.000 | Torth = 0.000

Sweep =    4 | Direction =  forward | Bond dimension =  150 | Noise =  0.00e+00 | Dav threshold =  1.00e-07
 --> Site =    0-   1 .. Mmps =    4 Ndav =   3 E =    -88.0881661207 Error = 0.00e+00 FLOPS = 7.98e+08 Tdav = 0.00 T = 0.00
 --> Site =    1-   2 .. Mmps =   16 Ndav =   2 E =    -88.0881661788 Error = 0.00e+00 FLOPS = 1.21e+09 Tdav = 0.00 T = 0.00
 --> Site =    2-   3 .. Mmps =   64 Ndav =   6 E =    -88.0881664226 Error = 0.00e+00 FLOPS = 2.39e+09 Tdav = 0.00 T = 0.00
 --> Site =    3-   4 .. Mmps =  150 Ndav =   4 E =    -88.0881665979 Error = 2.31e-09 FLOPS = 2.98e+09 Tdav = 0.00 T = 0.01
 --> Site =    4-   5 .. Mmps =  150 Ndav =   3 E =    -88.0881668415 Error = 3.59e-08 FLOPS = 3.64e+09 Tdav = 0.01 T = 0.01
 --> Site =    5-   6 .. Mmps =  150 Ndav =   5 E =    -88.0881681389 Error = 2.54e-07 FLOPS = 4.31e+09 Tdav = 0.01 T = 0.02
 --> Site =    6-   7 .. Mmps =  150 Ndav =   4 E =    -88.0881682937 Error = 2.70e-07 FLOPS = 3.63e+09 Tdav = 0.01 T = 0.02
 --> Site =    7-   8 .. Mmps =  150 Ndav =  11 E =    -88.0881721747 Error = 9.13e-07 FLOPS = 3.74e+09 Tdav = 0.03 T = 0.03
 --> Site =    8-   9 .. Mmps =  150 Ndav =   5 E =    -88.0881724933 Error = 7.15e-07 FLOPS = 4.78e+09 Tdav = 0.01 T = 0.02
 --> Site =    9-  10 .. Mmps =  150 Ndav =  14 E =    -88.0881884511 Error = 1.38e-06 FLOPS = 2.73e+09 Tdav = 0.05 T = 0.06
 --> Site =   10-  11 .. Mmps =  150 Ndav =  13 E =    -88.0881957105 Error = 8.14e-07 FLOPS = 3.10e+09 Tdav = 0.05 T = 0.05
 --> Site =   11-  12 .. Mmps =  150 Ndav =  17 E =    -88.0882295027 Error = 6.76e-07 FLOPS = 2.50e+09 Tdav = 0.07 T = 0.08
 --> Site =   12-  13 .. Mmps =  150 Ndav =   8 E =    -88.0882293607 Error = 3.44e-08 FLOPS = 3.73e+09 Tdav = 0.02 T = 0.03
 --> Site =   13-  14 .. Mmps =  150 Ndav =   3 E =    -88.0882294236 Error = 9.88e-10 FLOPS = 4.35e+09 Tdav = 0.01 T = 0.01
 --> Site =   14-  15 .. Mmps =  150 Ndav =   3 E =    -88.0882295554 Error = 4.27e-12 FLOPS = 3.80e+09 Tdav = 0.02 T = 0.03
 --> Site =   15-  16 .. Mmps =  150 Ndav =   2 E =    -88.0882295860 Error = 8.44e-13 FLOPS = 3.26e+09 Tdav = 0.02 T = 0.02
 --> Site =   16-  17 .. Mmps =  150 Ndav =   2 E =    -88.0882296254 Error = 7.03e-11 FLOPS = 1.86e+09 Tdav = 0.01 T = 0.02
 --> Site =   17-  18 .. Mmps =  150 Ndav =   3 E =    -88.0882299713 Error = 2.66e-08 FLOPS = 3.14e+09 Tdav = 0.01 T = 0.01
 --> Site =   18-  19 .. Mmps =  150 Ndav =   4 E =    -88.0882307566 Error = 1.67e-07 FLOPS = 3.72e+09 Tdav = 0.01 T = 0.02
 --> Site =   19-  20 .. Mmps =  150 Ndav =   8 E =    -88.0882363347 Error = 3.24e-07 FLOPS = 4.23e+09 Tdav = 0.02 T = 0.03
 --> Site =   20-  21 .. Mmps =  150 Ndav =   4 E =    -88.0882358029 Error = 1.74e-07 FLOPS = 3.90e+09 Tdav = 0.01 T = 0.02
 --> Site =   21-  22 .. Mmps =  150 Ndav =   8 E =    -88.0882423414 Error = 2.91e-07 FLOPS = 3.56e+09 Tdav = 0.02 T = 0.03
 --> Site =   22-  23 .. Mmps =  150 Ndav =   4 E =    -88.0882416550 Error = 1.36e-07 FLOPS = 4.39e+09 Tdav = 0.01 T = 0.02
 --> Site =   23-  24 .. Mmps =  150 Ndav =   4 E =    -88.0882421716 Error = 1.66e-07 FLOPS = 4.99e+09 Tdav = 0.01 T = 0.01
 --> Site =   24-  25 .. Mmps =  150 Ndav =   3 E =    -88.0882414988 Error = 4.45e-08 FLOPS = 3.92e+09 Tdav = 0.01 T = 0.01
 --> Site =   25-  26 .. Mmps =  150 Ndav =   3 E =    -88.0882416689 Error = 6.26e-08 FLOPS = 4.59e+09 Tdav = 0.01 T = 0.01
 --> Site =   26-  27 .. Mmps =  150 Ndav =   2 E =    -88.0882413649 Error = 4.86e-09 FLOPS = 3.37e+09 Tdav = 0.01 T = 0.01
 --> Site =   27-  28 .. Mmps =  150 Ndav =   2 E =    -88.0882413350 Error = 4.36e-10 FLOPS = 2.69e+09 Tdav = 0.00 T = 0.01
 --> Site =   28-  29 .. Mmps =  150 Ndav =   1 E =    -88.0882413305 Error = 1.68e-21 FLOPS = 1.23e+09 Tdav = 0.00 T = 0.00
 --> Site =   29-  30 .. Mmps =  150 Ndav =   1 E =    -88.0882413305 Error = 7.24e-34 FLOPS = 9.97e+08 Tdav = 0.00 T = 0.00
 --> Site =   30-  31 .. Mmps =  150 Ndav =   1 E =    -88.0882413305 Error = 7.54e-49 FLOPS = 5.88e+08 Tdav = 0.00 T = 0.00
Time elapsed =      3.991 | E =     -88.0882423414 | DE = -7.63e-05 | DW = 1.38e-06
Time sweep =        0.575 | 1.40 GFLOP/SWP
 | Dmem = 1.45 MB (81%) | Imem = 47.4 KB (95%) | Hmem = 9.57 MB | Pmem = 0 B
 | Tread = 0.004 | Twrite = 0.005 | Tfpread = 0.003 | Tfpwrite = 0.004 | Tmporead = 0.000 | Tasync = 0.000
 | data = 4.50 MB | cpsd = 1.66 MB
 | Trot = 0.010 | Tctr = 0.004 | Tint = 0.000 | Tmid = 0.000 | Tdctr = 0.003 | Tdiag = 0.007 | Tinfo = 0.005
 | Teff = 0.035 | Tprt = 0.000 | Teig = 0.447 | Tblk = 0.548 | Tmve = 0.026 | Tdm = 0.006 | Tsplt = 0.029 | Tsvd = 0.000 | Torth = 0.000

Sweep =    5 | Direction = backward | Bond dimension =  150 | Noise =  0.00e+00 | Dav threshold =  1.00e-09
 <-- Site =   30-  31 .. Mmps =    4 Ndav =   2 E =    -88.0882413313 Error = 0.00e+00 FLOPS = 7.45e+08 Tdav = 0.00 T = 0.00
 <-- Site =   29-  30 .. Mmps =   16 Ndav =   2 E =    -88.0882413320 Error = 0.00e+00 FLOPS = 1.32e+09 Tdav = 0.00 T = 0.00
 <-- Site =   28-  29 .. Mmps =   64 Ndav =   3 E =    -88.0882413337 Error = 0.00e+00 FLOPS = 2.25e+09 Tdav = 0.00 T = 0.00
 <-- Site =   27-  28 .. Mmps =  150 Ndav =   4 E =    -88.0882413404 Error = 5.84e-10 FLOPS = 3.27e+09 Tdav = 0.00 T = 0.01
 <-- Site =   26-  27 .. Mmps =  150 Ndav =   4 E =    -88.0882413840 Error = 7.40e-09 FLOPS = 4.84e+09 Tdav = 0.01 T = 0.01
 <-- Site =   25-  26 .. Mmps =  150 Ndav =   6 E =    -88.0882417253 Error = 6.55e-08 FLOPS = 4.91e+09 Tdav = 0.01 T = 0.02
 <-- Site =   24-  25 .. Mmps =  150 Ndav =   5 E =    -88.0882415648 Error = 4.67e-08 FLOPS = 4.05e+09 Tdav = 0.01 T = 0.02
 <-- Site =   23-  24 .. Mmps =  150 Ndav =   7 E =    -88.0882422878 Error = 1.65e-07 FLOPS = 3.39e+09 Tdav = 0.02 T = 0.03
 <-- Site =   22-  23 .. Mmps =  150 Ndav =   9 E =    -88.0882419821 Error = 1.44e-07 FLOPS = 2.94e+09 Tdav = 0.03 T = 0.04
 <-- Site =   21-  22 .. Mmps =  150 Ndav =   8 E =    -88.0882429053 Error = 2.96e-07 FLOPS = 3.69e+09 Tdav = 0.02 T = 0.03
 <-- Site =   20-  21 .. Mmps =  150 Ndav =  14 E =    -88.0882426114 Error = 2.61e-07 FLOPS = 3.39e+09 Tdav = 0.05 T = 0.05
 <-- Site =   19-  20 .. Mmps =  150 Ndav =  10 E =    -88.0882432820 Error = 3.44e-07 FLOPS = 2.62e+09 Tdav = 0.04 T = 0.05
 <-- Site =   18-  19 .. Mmps =  150 Ndav =  15 E =    -88.0882423808 Error = 1.77e-07 FLOPS = 2.85e+09 Tdav = 0.06 T = 0.06
 <-- Site =   17-  18 .. Mmps =  150 Ndav =   9 E =    -88.0882416869 Error = 3.16e-08 FLOPS = 4.44e+09 Tdav = 0.02 T = 0.03
 <-- Site =   16-  17 .. Mmps =  150 Ndav =   4 E =    -88.0882415576 Error = 1.77e-10 FLOPS = 4.86e+09 Tdav = 0.01 T = 0.01
 <-- Site =   15-  16 .. Mmps =  150 Ndav =   2 E =    -88.0882415575 Error = 7.77e-13 FLOPS = 3.01e+09 Tdav = 0.02 T = 0.02
 <-- Site =   14-  15 .. Mmps =  150 Ndav =   2 E =    -88.0882415581 Error = 5.08e-13 FLOPS = 5.01e+09 Tdav = 0.01 T = 0.02
 <-- Site =   13-  14 .. Mmps =  150 Ndav =   3 E =    -88.0882415660 Error = 5.39e-10 FLOPS = 4.35e+09 Tdav = 0.01 T = 0.01
 <-- Site =   12-  13 .. Mmps =  150 Ndav =   6 E =    -88.0882417238 Error = 3.37e-08 FLOPS = 4.10e+09 Tdav = 0.02 T = 0.02
 <-- Site =   11-  12 .. Mmps =  150 Ndav =  10 E =    -88.0882449624 Error = 7.18e-07 FLOPS = 4.49e+09 Tdav = 0.02 T = 0.03
 <-- Site =   10-  11 .. Mmps =  150 Ndav =   8 E =    -88.0882462080 Error = 8.37e-07 FLOPS = 3.72e+09 Tdav = 0.02 T = 0.03
 <-- Site =    9-  10 .. Mmps =  150 Ndav =  10 E =    -88.0882487137 Error = 1.46e-06 FLOPS = 3.14e+09 Tdav = 0.03 T = 0.04
 <-- Site =    8-   9 .. Mmps =  150 Ndav =   7 E =    -88.0882455155 Error = 7.39e-07 FLOPS = 4.60e+09 Tdav = 0.02 T = 0.02
 <-- Site =    7-   8 .. Mmps =  150 Ndav =   9 E =    -88.0882467031 Error = 9.67e-07 FLOPS = 3.55e+09 Tdav = 0.03 T = 0.03
 <-- Site =    6-   7 .. Mmps =  150 Ndav =   7 E =    -88.0882430999 Error = 2.73e-07 FLOPS = 3.95e+09 Tdav = 0.02 T = 0.02
 <-- Site =    5-   6 .. Mmps =  150 Ndav =   7 E =    -88.0882430527 Error = 2.54e-07 FLOPS = 2.96e+09 Tdav = 0.02 T = 0.03
 <-- Site =    4-   5 .. Mmps =  150 Ndav =   5 E =    -88.0882418358 Error = 3.54e-08 FLOPS = 4.85e+09 Tdav = 0.01 T = 0.01
 <-- Site =    3-   4 .. Mmps =  150 Ndav =   4 E =    -88.0882416415 Error = 2.02e-09 FLOPS = 3.80e+09 Tdav = 0.00 T = 0.01
 <-- Site =    2-   3 .. Mmps =  150 Ndav =   2 E =    -88.0882416250 Error = 2.57e-21 FLOPS = 2.07e+09 Tdav = 0.00 T = 0.00
 <-- Site =    1-   2 .. Mmps =  150 Ndav =   1 E =    -88.0882416250 Error = 9.31e-34 FLOPS = 1.26e+09 Tdav = 0.00 T = 0.00
 <-- Site =    0-   1 .. Mmps =  150 Ndav =   1 E =    -88.0882416250 Error = 1.44e-48 FLOPS = 6.38e+08 Tdav = 0.00 T = 0.00
Time elapsed =      4.636 | E =     -88.0882487137 | DE = -6.37e-06 | DW = 1.46e-06
Time sweep =        0.646 | 1.72 GFLOP/SWP
 | Dmem = 1.42 MB (81%) | Imem = 49.1 KB (95%) | Hmem = 9.16 MB | Pmem = 0 B
 | Tread = 0.002 | Twrite = 0.005 | Tfpread = 0.002 | Tfpwrite = 0.004 | Tmporead = 0.000 | Tasync = 0.000
 | data = 4.50 MB | cpsd = 1.64 MB
 | Trot = 0.011 | Tctr = 0.001 | Tint = 0.000 | Tmid = 0.000 | Tdctr = 0.001 | Tdiag = 0.007 | Tinfo = 0.005
 | Teff = 0.033 | Tprt = 0.000 | Teig = 0.517 | Tblk = 0.620 | Tmve = 0.024 | Tdm = 0.006 | Tsplt = 0.030 | Tsvd = 0.000 | Torth = 0.000

Sweep =    6 | Direction =  forward | Bond dimension =  150 | Noise =  0.00e+00 | Dav threshold =  1.00e-09
 --> Site =    0-   1 .. Mmps =    4 Ndav =   1 E =    -88.0882416250 Error = 0.00e+00 FLOPS = 5.63e+08 Tdav = 0.00 T = 0.00
 --> Site =    1-   2 .. Mmps =   16 Ndav =   1 E =    -88.0882416250 Error = 0.00e+00 FLOPS = 1.21e+09 Tdav = 0.00 T = 0.00
 --> Site =    2-   3 .. Mmps =   64 Ndav =   1 E =    -88.0882416250 Error = 0.00e+00 FLOPS = 1.39e+09 Tdav = 0.00 T = 0.00
 --> Site =    3-   4 .. Mmps =  150 Ndav =   3 E =    -88.0882416415 Error = 1.96e-09 FLOPS = 2.23e+09 Tdav = 0.00 T = 0.01
 --> Site =    4-   5 .. Mmps =  150 Ndav =   5 E =    -88.0882418363 Error = 3.52e-08 FLOPS = 5.09e+09 Tdav = 0.01 T = 0.01
 --> Site =    5-   6 .. Mmps =  150 Ndav =   7 E =    -88.0882430522 Error = 2.54e-07 FLOPS = 4.61e+09 Tdav = 0.02 T = 0.02
 --> Site =    6-   7 .. Mmps =  150 Ndav =   6 E =    -88.0882431038 Error = 2.73e-07 FLOPS = 4.44e+09 Tdav = 0.01 T = 0.02
 --> Site =    7-   8 .. Mmps =  150 Ndav =   9 E =    -88.0882467120 Error = 9.67e-07 FLOPS = 3.48e+09 Tdav = 0.03 T = 0.03
 --> Site =    8-   9 .. Mmps =  150 Ndav =   7 E =    -88.0882455127 Error = 7.40e-07 FLOPS = 3.90e+09 Tdav = 0.02 T = 0.02
 --> Site =    9-  10 .. Mmps =  150 Ndav =   9 E =    -88.0882487258 Error = 1.46e-06 FLOPS = 3.24e+09 Tdav = 0.03 T = 0.03
 --> Site =   10-  11 .. Mmps =  150 Ndav =   7 E =    -88.0882462202 Error = 8.38e-07 FLOPS = 4.34e+09 Tdav = 0.02 T = 0.02
 --> Site =   11-  12 .. Mmps =  150 Ndav =   9 E =    -88.0882449803 Error = 7.18e-07 FLOPS = 3.76e+09 Tdav = 0.02 T = 0.03
 --> Site =   12-  13 .. Mmps =  150 Ndav =   7 E =    -88.0882417446 Error = 3.41e-08 FLOPS = 3.54e+09 Tdav = 0.02 T = 0.03
 --> Site =   13-  14 .. Mmps =  150 Ndav =   4 E =    -88.0882415914 Error = 8.00e-10 FLOPS = 3.80e+09 Tdav = 0.01 T = 0.02
 --> Site =   14-  15 .. Mmps =  150 Ndav =   2 E =    -88.0882415893 Error = 1.15e-12 FLOPS = 3.95e+09 Tdav = 0.01 T = 0.02
 --> Site =   15-  16 .. Mmps =  150 Ndav =   1 E =    -88.0882415893 Error = 2.57e-16 FLOPS = 3.09e+09 Tdav = 0.01 T = 0.02
 --> Site =   16-  17 .. Mmps =  150 Ndav =   2 E =    -88.0882415898 Error = 1.03e-10 FLOPS = 2.98e+09 Tdav = 0.01 T = 0.01
 --> Site =   17-  18 .. Mmps =  150 Ndav =   6 E =    -88.0882417197 Error = 3.13e-08 FLOPS = 3.85e+09 Tdav = 0.02 T = 0.02
 --> Site =   18-  19 .. Mmps =  150 Ndav =   7 E =    -88.0882424209 Error = 1.77e-07 FLOPS = 4.66e+09 Tdav = 0.02 T = 0.02
 --> Site =   19-  20 .. Mmps =  150 Ndav =   9 E =    -88.0882433454 Error = 3.47e-07 FLOPS = 3.10e+09 Tdav = 0.03 T = 0.04
 --> Site =   20-  21 .. Mmps =  150 Ndav =   7 E =    -88.0882426756 Error = 2.62e-07 FLOPS = 5.03e+09 Tdav = 0.02 T = 0.02
 --> Site =   21-  22 .. Mmps =  150 Ndav =   8 E =    -88.0882431914 Error = 3.00e-07 FLOPS = 3.30e+09 Tdav = 0.03 T = 0.03
 --> Site =   22-  23 .. Mmps =  150 Ndav =   7 E =    -88.0882422563 Error = 1.49e-07 FLOPS = 4.56e+09 Tdav = 0.02 T = 0.02
 --> Site =   23-  24 .. Mmps =  150 Ndav =   7 E =    -88.0882425705 Error = 1.67e-07 FLOPS = 4.14e+09 Tdav = 0.02 T = 0.02
 --> Site =   24-  25 .. Mmps =  150 Ndav =   5 E =    -88.0882418386 Error = 4.74e-08 FLOPS = 3.94e+09 Tdav = 0.01 T = 0.02
 --> Site =   25-  26 .. Mmps =  150 Ndav =   6 E =    -88.0882419987 Error = 6.59e-08 FLOPS = 4.83e+09 Tdav = 0.01 T = 0.02
 --> Site =   26-  27 .. Mmps =  150 Ndav =   4 E =    -88.0882416449 Error = 7.52e-09 FLOPS = 4.13e+09 Tdav = 0.01 T = 0.01
 --> Site =   27-  28 .. Mmps =  150 Ndav =   3 E =    -88.0882416021 Error = 5.73e-10 FLOPS = 2.57e+09 Tdav = 0.00 T = 0.01
 --> Site =   28-  29 .. Mmps =  150 Ndav =   1 E =    -88.0882415970 Error = 1.67e-21 FLOPS = 1.22e+09 Tdav = 0.00 T = 0.00
 --> Site =   29-  30 .. Mmps =  150 Ndav =   1 E =    -88.0882415970 Error = 5.45e-34 FLOPS = 1.00e+09 Tdav = 0.00 T = 0.00
 --> Site =   30-  31 .. Mmps =  150 Ndav =   1 E =    -88.0882415970 Error = 3.28e-49 FLOPS = 5.76e+08 Tdav = 0.00 T = 0.00
Time elapsed =      5.168 | E =     -88.0882487258 | DE = -1.21e-08 | DW = 1.46e-06
Time sweep =        0.532 | 1.44 GFLOP/SWP
 | Dmem = 1.40 MB (81%) | Imem = 49.1 KB (95%) | Hmem = 9.15 MB | Pmem = 0 B
 | Tread = 0.004 | Twrite = 0.005 | Tfpread = 0.004 | Tfpwrite = 0.004 | Tmporead = 0.000 | Tasync = 0.000
 | data = 4.49 MB | cpsd = 1.64 MB
 | Trot = 0.010 | Tctr = 0.004 | Tint = 0.000 | Tmid = 0.000 | Tdctr = 0.003 | Tdiag = 0.007 | Tinfo = 0.006
 | Teff = 0.036 | Tprt = 0.000 | Teig = 0.401 | Tblk = 0.504 | Tmve = 0.026 | Tdm = 0.006 | Tsplt = 0.028 | Tsvd = 0.000 | Torth = 0.000

Sweep =    7 | Direction = backward | Bond dimension =  150 | Noise =  0.00e+00 | Dav threshold =  1.00e-09
 <-- Site =   30-  31 .. Mmps =    4 Ndav =   1 E =    -88.0882415970 Error = 0.00e+00 FLOPS = 6.76e+08 Tdav = 0.00 T = 0.00
 <-- Site =   29-  30 .. Mmps =   16 Ndav =   1 E =    -88.0882415970 Error = 0.00e+00 FLOPS = 1.05e+09 Tdav = 0.00 T = 0.00
 <-- Site =   28-  29 .. Mmps =   64 Ndav =   1 E =    -88.0882415970 Error = 0.00e+00 FLOPS = 1.14e+09 Tdav = 0.00 T = 0.00
 <-- Site =   27-  28 .. Mmps =  150 Ndav =   3 E =    -88.0882416021 Error = 5.57e-10 FLOPS = 3.24e+09 Tdav = 0.00 T = 0.01
 <-- Site =   26-  27 .. Mmps =  150 Ndav =   4 E =    -88.0882416450 Error = 7.44e-09 FLOPS = 3.63e+09 Tdav = 0.01 T = 0.02
 <-- Site =   25-  26 .. Mmps =  150 Ndav =   6 E =    -88.0882419986 Error = 6.59e-08 FLOPS = 3.76e+09 Tdav = 0.02 T = 0.02
 <-- Site =   24-  25 .. Mmps =  150 Ndav =   5 E =    -88.0882418386 Error = 4.72e-08 FLOPS = 4.92e+09 Tdav = 0.01 T = 0.02
 <-- Site =   23-  24 .. Mmps =  150 Ndav =   7 E =    -88.0882425704 Error = 1.67e-07 FLOPS = 3.83e+09 Tdav = 0.02 T = 0.02
 <-- Site =   22-  23 .. Mmps =  150 Ndav =   7 E =    -88.0882422560 Error = 1.49e-07 FLOPS = 4.70e+09 Tdav = 0.02 T = 0.02
 <-- Site =   21-  22 .. Mmps =  150 Ndav =   8 E =    -88.0882431884 Error = 3.00e-07 FLOPS = 4.04e+09 Tdav = 0.02 T = 0.03
 <-- Site =   20-  21 .. Mmps =  150 Ndav =   7 E =    -88.0882426729 Error = 2.64e-07 FLOPS = 3.84e+09 Tdav = 0.02 T = 0.02
 <-- Site =   19-  20 .. Mmps =  150 Ndav =   9 E =    -88.0882433388 Error = 3.47e-07 FLOPS = 3.08e+09 Tdav = 0.03 T = 0.04
 <-- Site =   18-  19 .. Mmps =  150 Ndav =   6 E =    -88.0882424137 Error = 1.78e-07 FLOPS = 4.07e+09 Tdav = 0.02 T = 0.02
 <-- Site =   17-  18 .. Mmps =  150 Ndav =   7 E =    -88.0882417120 Error = 3.16e-08 FLOPS = 4.01e+09 Tdav = 0.02 T = 0.02
 <-- Site =   16-  17 .. Mmps =  150 Ndav =   4 E =    -88.0882415818 Error = 1.60e-10 FLOPS = 3.81e+09 Tdav = 0.01 T = 0.02
 <-- Site =   15-  16 .. Mmps =  150 Ndav =   1 E =    -88.0882415813 Error = 3.36e-16 FLOPS = 2.97e+09 Tdav = 0.01 T = 0.02
 <-- Site =   14-  15 .. Mmps =  150 Ndav =   1 E =    -88.0882415813 Error = 4.11e-16 FLOPS = 3.38e+09 Tdav = 0.01 T = 0.01
 <-- Site =   13-  14 .. Mmps =  150 Ndav =   3 E =    -88.0882415837 Error = 6.80e-10 FLOPS = 4.60e+09 Tdav = 0.01 T = 0.01
 <-- Site =   12-  13 .. Mmps =  150 Ndav =   6 E =    -88.0882417368 Error = 3.38e-08 FLOPS = 4.55e+09 Tdav = 0.01 T = 0.02
 <-- Site =   11-  12 .. Mmps =  150 Ndav =  10 E =    -88.0882449723 Error = 7.19e-07 FLOPS = 3.11e+09 Tdav = 0.03 T = 0.04
 <-- Site =   10-  11 .. Mmps =  150 Ndav =   7 E =    -88.0882462117 Error = 8.38e-07 FLOPS = 3.99e+09 Tdav = 0.02 T = 0.02
 <-- Site =    9-  10 .. Mmps =  150 Ndav =   9 E =    -88.0882487169 Error = 1.46e-06 FLOPS = 3.75e+09 Tdav = 0.02 T = 0.03
 <-- Site =    8-   9 .. Mmps =  150 Ndav =   7 E =    -88.0882455029 Error = 7.40e-07 FLOPS = 4.02e+09 Tdav = 0.02 T = 0.02
 <-- Site =    7-   8 .. Mmps =  150 Ndav =   8 E =    -88.0882467020 Error = 9.67e-07 FLOPS = 4.21e+09 Tdav = 0.02 T = 0.02
 <-- Site =    6-   7 .. Mmps =  150 Ndav =   7 E =    -88.0882430939 Error = 2.73e-07 FLOPS = 4.94e+09 Tdav = 0.01 T = 0.02
 <-- Site =    5-   6 .. Mmps =  150 Ndav =   7 E =    -88.0882430425 Error = 2.54e-07 FLOPS = 3.87e+09 Tdav = 0.02 T = 0.02
 <-- Site =    4-   5 .. Mmps =  150 Ndav =   5 E =    -88.0882418263 Error = 3.55e-08 FLOPS = 5.05e+09 Tdav = 0.01 T = 0.01
 <-- Site =    3-   4 .. Mmps =  150 Ndav =   4 E =    -88.0882416316 Error = 2.02e-09 FLOPS = 3.42e+09 Tdav = 0.00 T = 0.01
 <-- Site =    2-   3 .. Mmps =  150 Ndav =   2 E =    -88.0882416151 Error = 1.92e-21 FLOPS = 1.78e+09 Tdav = 0.00 T = 0.00
 <-- Site =    1-   2 .. Mmps =  150 Ndav =   1 E =    -88.0882416151 Error = 2.03e-34 FLOPS = 1.02e+09 Tdav = 0.00 T = 0.00
 <-- Site =    0-   1 .. Mmps =  150 Ndav =   1 E =    -88.0882416151 Error = 4.16e-48 FLOPS = 6.94e+08 Tdav = 0.00 T = 0.00
Time elapsed =      5.691 | E =     -88.0882487169 | DE = 8.89e-09 | DW = 1.46e-06
Time sweep =        0.523 | 1.43 GFLOP/SWP
 | Dmem = 1.42 MB (80%) | Imem = 49.1 KB (95%) | Hmem = 9.15 MB | Pmem = 0 B
 | Tread = 0.002 | Twrite = 0.005 | Tfpread = 0.002 | Tfpwrite = 0.004 | Tmporead = 0.000 | Tasync = 0.000
 | data = 4.51 MB | cpsd = 1.64 MB
 | Trot = 0.010 | Tctr = 0.001 | Tint = 0.000 | Tmid = 0.000 | Tdctr = 0.000 | Tdiag = 0.007 | Tinfo = 0.004
 | Teff = 0.034 | Tprt = 0.000 | Teig = 0.395 | Tblk = 0.498 | Tmve = 0.023 | Tdm = 0.006 | Tsplt = 0.031 | Tsvd = 0.000 | Torth = 0.000

Ground state energy (DMRG) = -88.088249
>>> Init compute time = 5.9561402797698975

Time = 0.00
Total energy = -88.088242-0.000000j
WF norm = 1.000000-0.000000j
<occ j=15> = 1.000016+0.000000j
<sz  j=15> = -0.177862+0.000000j
<Sdz j=15> = -0.500000-0.000000j
<J   j=15>/Vb = -0.000000
Total <occ_> = 32.000000
Total <sz_> = -0.000000
Total <Sdz_> = -0.500000
Total <G_> = -0.000000
Total <conc_> = nan
TwoSdz_ladder =
 [ 1 -1]
four_Sdz = 
 [[ 0.5  0.   0.   0.   0.   0.   0.   0. ]
 [ 0.  -0.5  0.  -0.   0.  -0.   0.  -0. ]
 [ 0.   0.   0.5  0.   0.   0.   0.   0. ]
 [ 0.  -0.   0.  -0.5  0.  -0.   0.  -0. ]
 [ 0.   0.   0.   0.   0.5  0.   0.   0. ]
 [ 0.  -0.   0.  -0.   0.  -0.5  0.  -0. ]
 [ 0.   0.   0.   0.   0.   0.   0.5  0. ]
 [ 0.  -0.   0.  -0.   0.  -0.   0.  -0.5]]
four_Sdminus = 
 [[0. 0. 0. 0. 0. 0. 0. 0.]
 [1. 0. 0. 0. 0. 0. 0. 0.]
 [0. 0. 0. 0. 0. 0. 0. 0.]
 [0. 0. 1. 0. 0. 0. 0. 0.]
 [0. 0. 0. 0. 0. 0. 0. 0.]
 [0. 0. 0. 0. 1. 0. 0. 0.]
 [0. 0. 0. 0. 0. 0. 0. 0.]
 [0. 0. 0. 0. 0. 0. 1. 0.]]
four_Sdplus = 
 [[0. 1. 0. 0. 0. 0. 0. 0.]
 [0. 0. 0. 0. 0. 0. 0. 0.]
 [0. 0. 0. 1. 0. 0. 0. 0.]
 [0. 0. 0. 0. 0. 0. 0. 0.]
 [0. 0. 0. 0. 0. 1. 0. 0.]
 [0. 0. 0. 0. 0. 0. 0. 0.]
 [0. 0. 0. 0. 0. 0. 0. 1.]
 [0. 0. 0. 0. 0. 0. 0. 0.]]
>>> (0, 1, 0)
>>> (0, -1, 0)
>>> (1, 2, 0)
>>> (1, 0, 0)
>>> (1, -2, 0)
>>> (2, 1, 0)
>>> (2, -1, 0)

 ######################################## 
Constructed builder
 ######################################## 


Build MPO | Nsites =    32 | Nterms =        190 | Algorithm = FastBIP | Cutoff = 1.00e-14
 Site =     0 /    32 .. Mmpo =     6 DW = 0.00e+00 NNZ =        6 SPT = 0.0000 Tmvc = 0.000 T = 0.001
 Site =     1 /    32 .. Mmpo =     6 DW = 0.00e+00 NNZ =       11 SPT = 0.6944 Tmvc = 0.000 T = 0.001
 Site =     2 /    32 .. Mmpo =     6 DW = 0.00e+00 NNZ =       11 SPT = 0.6944 Tmvc = 0.000 T = 0.001
 Site =     3 /    32 .. Mmpo =     6 DW = 0.00e+00 NNZ =       11 SPT = 0.6944 Tmvc = 0.000 T = 0.001
 Site =     4 /    32 .. Mmpo =     6 DW = 0.00e+00 NNZ =       11 SPT = 0.6944 Tmvc = 0.000 T = 0.001
 Site =     5 /    32 .. Mmpo =     6 DW = 0.00e+00 NNZ =       11 SPT = 0.6944 Tmvc = 0.000 T = 0.001
 Site =     6 /    32 .. Mmpo =     6 DW = 0.00e+00 NNZ =       11 SPT = 0.6944 Tmvc = 0.000 T = 0.001
 Site =     7 /    32 .. Mmpo =     6 DW = 0.00e+00 NNZ =       11 SPT = 0.6944 Tmvc = 0.000 T = 0.001
 Site =     8 /    32 .. Mmpo =     6 DW = 0.00e+00 NNZ =       11 SPT = 0.6944 Tmvc = 0.000 T = 0.001
 Site =     9 /    32 .. Mmpo =     6 DW = 0.00e+00 NNZ =       11 SPT = 0.6944 Tmvc = 0.000 T = 0.001
 Site =    10 /    32 .. Mmpo =     6 DW = 0.00e+00 NNZ =       11 SPT = 0.6944 Tmvc = 0.000 T = 0.001
 Site =    11 /    32 .. Mmpo =     6 DW = 0.00e+00 NNZ =       11 SPT = 0.6944 Tmvc = 0.000 T = 0.001
 Site =    12 /    32 .. Mmpo =     6 DW = 0.00e+00 NNZ =       11 SPT = 0.6944 Tmvc = 0.000 T = 0.001
 Site =    13 /    32 .. Mmpo =     6 DW = 0.00e+00 NNZ =       11 SPT = 0.6944 Tmvc = 0.000 T = 0.001
 Site =    14 /    32 .. Mmpo =     6 DW = 0.00e+00 NNZ =       11 SPT = 0.6944 Tmvc = 0.000 T = 0.001
 Site =    15 /    32 .. Mmpo =     6 DW = 0.00e+00 NNZ =       11 SPT = 0.6944 Tmvc = 0.000 T = 0.001
 Site =    16 /    32 .. Mmpo =     6 DW = 0.00e+00 NNZ =       11 SPT = 0.6944 Tmvc = 0.000 T = 0.000
 Site =    17 /    32 .. Mmpo =     6 DW = 0.00e+00 NNZ =       11 SPT = 0.6944 Tmvc = 0.000 T = 0.000
 Site =    18 /    32 .. Mmpo =     6 DW = 0.00e+00 NNZ =       11 SPT = 0.6944 Tmvc = 0.000 T = 0.000
 Site =    19 /    32 .. Mmpo =     6 DW = 0.00e+00 NNZ =       11 SPT = 0.6944 Tmvc = 0.000 T = 0.000
 Site =    20 /    32 .. Mmpo =     6 DW = 0.00e+00 NNZ =       11 SPT = 0.6944 Tmvc = 0.000 T = 0.000
 Site =    21 /    32 .. Mmpo =     6 DW = 0.00e+00 NNZ =       11 SPT = 0.6944 Tmvc = 0.000 T = 0.000
 Site =    22 /    32 .. Mmpo =     6 DW = 0.00e+00 NNZ =       11 SPT = 0.6944 Tmvc = 0.000 T = 0.000
 Site =    23 /    32 .. Mmpo =     6 DW = 0.00e+00 NNZ =       11 SPT = 0.6944 Tmvc = 0.000 T = 0.000
 Site =    24 /    32 .. Mmpo =     6 DW = 0.00e+00 NNZ =       11 SPT = 0.6944 Tmvc = 0.000 T = 0.000
 Site =    25 /    32 .. Mmpo =     6 DW = 0.00e+00 NNZ =       11 SPT = 0.6944 Tmvc = 0.000 T = 0.000
 Site =    26 /    32 .. Mmpo =     6 DW = 0.00e+00 NNZ =       11 SPT = 0.6944 Tmvc = 0.000 T = 0.000
 Site =    27 /    32 .. Mmpo =     6 DW = 0.00e+00 NNZ =       11 SPT = 0.6944 Tmvc = 0.000 T = 0.000
 Site =    28 /    32 .. Mmpo =     6 DW = 0.00e+00 NNZ =       11 SPT = 0.6944 Tmvc = 0.000 T = 0.000
 Site =    29 /    32 .. Mmpo =     6 DW = 0.00e+00 NNZ =       11 SPT = 0.6944 Tmvc = 0.000 T = 0.000
 Site =    30 /    32 .. Mmpo =     6 DW = 0.00e+00 NNZ =       11 SPT = 0.6944 Tmvc = 0.000 T = 0.000
 Site =    31 /    32 .. Mmpo =     1 DW = 0.00e+00 NNZ =        6 SPT = 0.0000 Tmvc = 0.000 T = 0.000
Ttotal =      0.016 Tmvc-total = 0.000 MPO bond dimension =     6 MaxDW = 0.00e+00
NNZ =          342 SIZE =         1092 SPT = 0.6868

Rank =     0 Ttotal =      0.019 MPO method = FastBipartite bond dimension =       6 NNZ =          342 SIZE =         1092 SPT = 0.6868


START TIME EVOLUTION (te_type = tdvp)

 ************************************************** 


Time Evolution  DELTA T = RE      0.00000000 + IM      0.10000000
Time Evolution TARGET T = RE      0.00000000 + IM      1.00000000
Time Evolution   NSTEPS =         10
Sweep =    0 | Direction =  forward | Beta = (0.00000,0.05000) | Bond dimension =  200 | Noise =  0.00e+00
Time elapsed =      7.211 | E = (-38.0887452896,-0.0000000000) | Norm^2 =       0.9999999181 | DW = 1.90e-08
Sweep =    1 | Direction = backward | Beta = (0.00000,0.05000) | Bond dimension =  200 | Noise =  0.00e+00
Time elapsed =     18.070 | E = (-38.0887452382,-0.0000000000) | Norm^2 =       0.9999998335 | DW = 1.94e-08
T =    0.00000 +    0.10000i <E> =  -38.088745238170560 +   -0.00000i <Norm^2> =    0.999999833452302 +    0.00000i
Sweep =    0 | Direction =  forward | Beta = (0.00000,0.05000) | Bond dimension =  200 | Noise =  0.00e+00
Time elapsed =     11.482 | E = (-38.0887452030,0.0000000000) | Norm^2 =       0.9999997435 | DW = 2.03e-08
Sweep =    1 | Direction = backward | Beta = (0.00000,0.05000) | Bond dimension =  200 | Noise =  0.00e+00
Time elapsed =     22.894 | E = (-38.0887451912,-0.0000000000) | Norm^2 =       0.9999996462 | DW = 2.16e-08
T =    0.00000 +    0.20000i <E> =  -38.088745191192672 +   -0.00000i <Norm^2> =    0.999999646150166 +    0.00000i
Sweep =    0 | Direction =  forward | Beta = (0.00000,0.05000) | Bond dimension =  200 | Noise =  0.00e+00
Time elapsed =     10.634 | E = (-38.0887452065,-0.0000000000) | Norm^2 =       0.9999995403 | DW = 2.30e-08
Sweep =    1 | Direction = backward | Beta = (0.00000,0.05000) | Bond dimension =  200 | Noise =  0.00e+00
Time elapsed =     21.414 | E = (-38.0887452475,0.0000000000) | Norm^2 =       0.9999994259 | DW = 2.45e-08
T =    0.00000 +    0.30000i <E> =  -38.088745247531826 +    0.00000i <Norm^2> =    0.999999425853006 +    0.00000i
Sweep =    0 | Direction =  forward | Beta = (0.00000,0.05000) | Bond dimension =  200 | Noise =  0.00e+00
Time elapsed =     10.338 | E = (-38.0887453091,-0.0000000000) | Norm^2 =       0.9999993037 | DW = 2.59e-08
Sweep =    1 | Direction = backward | Beta = (0.00000,0.05000) | Bond dimension =  200 | Noise =  0.00e+00
Time elapsed =     21.393 | E = (-38.0887453841,0.0000000000) | Norm^2 =       0.9999991754 | DW = 2.69e-08
T =    0.00000 +    0.40000i <E> =  -38.088745384063536 +    0.00000i <Norm^2> =    0.999999175434450 +    0.00000i
Sweep =    0 | Direction =  forward | Beta = (0.00000,0.05000) | Bond dimension =  200 | Noise =  0.00e+00
Time elapsed =     10.618 | E = (-38.0887454658,0.0000000000) | Norm^2 =       0.9999990427 | DW = 2.76e-08
Sweep =    1 | Direction = backward | Beta = (0.00000,0.05000) | Bond dimension =  200 | Noise =  0.00e+00
Time elapsed =     21.352 | E = (-38.0887455486,0.0000000000) | Norm^2 =       0.9999989071 | DW = 2.80e-08
T =    0.00000 +    0.50000i <E> =  -38.088745548644944 +    0.00000i <Norm^2> =    0.999998907128299 +    0.00000i
Sweep =    0 | Direction =  forward | Beta = (0.00000,0.05000) | Bond dimension =  200 | Noise =  0.00e+00
Time elapsed =     10.539 | E = (-38.0887456288,-0.0000000000) | Norm^2 =       0.9999987702 | DW = 2.80e-08
Sweep =    1 | Direction = backward | Beta = (0.00000,0.05000) | Bond dimension =  200 | Noise =  0.00e+00
Time elapsed =     21.493 | E = (-38.0887457042,0.0000000000) | Norm^2 =       0.9999986329 | DW = 2.79e-08
T =    0.00000 +    0.60000i <E> =  -38.088745704185420 +    0.00000i <Norm^2> =    0.999998632861992 +    0.00000i
Sweep =    0 | Direction =  forward | Beta = (0.00000,0.05000) | Bond dimension =  200 | Noise =  0.00e+00
Time elapsed =     10.623 | E = (-38.0887457753,-0.0000000000) | Norm^2 =       0.9999984957 | DW = 2.77e-08
Sweep =    1 | Direction = backward | Beta = (0.00000,0.05000) | Bond dimension =  200 | Noise =  0.00e+00
Time elapsed =     21.388 | E = (-38.0887458453,-0.0000000000) | Norm^2 =       0.9999983588 | DW = 2.76e-08
T =    0.00000 +    0.70000i <E> =  -38.088745845261748 +   -0.00000i <Norm^2> =    0.999998358795963 +    0.00000i
Sweep =    0 | Direction =  forward | Beta = (0.00000,0.05000) | Bond dimension =  200 | Noise =  0.00e+00
Time elapsed =     10.438 | E = (-38.0887459197,-0.0000000000) | Norm^2 =       0.9999982218 | DW = 2.75e-08
Sweep =    1 | Direction = backward | Beta = (0.00000,0.05000) | Bond dimension =  200 | Noise =  0.00e+00
Time elapsed =     21.039 | E = (-38.0887460051,-0.0000000000) | Norm^2 =       0.9999980843 | DW = 2.76e-08
T =    0.00000 +    0.80000i <E> =  -38.088746005068046 +   -0.00000i <Norm^2> =    0.999998084294405 +    0.00000i
Sweep =    0 | Direction =  forward | Beta = (0.00000,0.05000) | Bond dimension =  200 | Noise =  0.00e+00
Time elapsed =     10.828 | E = (-38.0887461044,0.0000000000) | Norm^2 =       0.9999979457 | DW = 2.78e-08
Sweep =    1 | Direction = backward | Beta = (0.00000,0.05000) | Bond dimension =  200 | Noise =  0.00e+00
Time elapsed =     21.676 | E = (-38.0887462141,-0.0000000000) | Norm^2 =       0.9999978058 | DW = 2.81e-08
T =    0.00000 +    0.90000i <E> =  -38.088746214126900 +   -0.00000i <Norm^2> =    0.999997805769716 +    0.00000i
Sweep =    0 | Direction =  forward | Beta = (0.00000,0.05000) | Bond dimension =  200 | Noise =  0.00e+00
Time elapsed =     10.583 | E = (-38.0887463294,0.0000000000) | Norm^2 =       0.9999976639 | DW = 2.85e-08
Sweep =    1 | Direction = backward | Beta = (0.00000,0.05000) | Bond dimension =  200 | Noise =  0.00e+00
Time elapsed =     21.357 | E = (-38.0887464502,0.0000000000) | Norm^2 =       0.9999975197 | DW = 2.89e-08
T =    0.00000 +    1.00000i <E> =  -38.088746450217386 +    0.00000i <Norm^2> =    0.999997519670283 +    0.00000i

Time = 1.00
Total energy = -38.088746+0.000000j
WF norm = 0.999998+0.000000j
<occ j=15> = 1.000028-0.000000j
<sz  j=15> = -0.178230-0.000000j
<Sdz j=15> = -0.499630+0.000000j
<J   j=15>/Vb = 0.129032
Total <occ_> = 32.000000
Total <sz_> = -0.000370
Total <Sdz_> = -0.499630
Total <G_> = 0.180765
Total <conc_> = nan

Time = 2.00
Total energy = -38.088748+0.000000j
WF norm = 0.999995-0.000000j
<occ j=15> = 1.000065-0.000000j
<sz  j=15> = -0.179276+0.000000j
<Sdz j=15> = -0.498550+0.000000j
<J   j=15>/Vb = 0.238343
Total <occ_> = 32.000000
Total <sz_> = -0.001450
Total <Sdz_> = -0.498550
Total <G_> = 0.323297
Total <conc_> = nan

Time = 3.00
Total energy = -38.088749+0.000000j
WF norm = 0.999992+0.000000j
<occ j=15> = 1.000126+0.000000j
<sz  j=15> = -0.180884+0.000000j
<Sdz j=15> = -0.496833+0.000000j
<J   j=15>/Vb = 0.330850
Total <occ_> = 32.000000
Total <sz_> = -0.003167
Total <Sdz_> = -0.496833
Total <G_> = 0.433914
Total <conc_> = nan

Time = 4.00
Total energy = -38.088750-0.000000j
WF norm = 0.999989+0.000000j
<occ j=15> = 1.000210-0.000000j
<sz  j=15> = -0.182937+0.000000j
<Sdz j=15> = -0.494560+0.000000j
<J   j=15>/Vb = 0.416852
Total <occ_> = 32.000000
Total <sz_> = -0.005440
Total <Sdz_> = -0.494560
Total <G_> = 0.533747
Total <conc_> = nan

Time = 5.00
Total energy = -38.088751-0.000000j
WF norm = 0.999987+0.000000j
<occ j=15> = 1.000316-0.000000j
<sz  j=15> = -0.185313+0.000000j
<Sdz j=15> = -0.491816+0.000000j
<J   j=15>/Vb = 0.497241
Total <occ_> = 32.000000
Total <sz_> = -0.008184
Total <Sdz_> = -0.491816
Total <G_> = 0.626311
Total <conc_> = nan

Time = 6.00
Total energy = -38.088752+0.000000j
WF norm = 0.999984-0.000000j
<occ j=15> = 1.000444+0.000000j
<sz  j=15> = -0.187891+0.000000j
<Sdz j=15> = -0.488692+0.000000j
<J   j=15>/Vb = 0.571467
Total <occ_> = 32.000000
Total <sz_> = -0.011308
Total <Sdz_> = -0.488692
Total <G_> = 0.707718
Total <conc_> = nan

Time = 7.00
Total energy = -38.088753-0.000000j
WF norm = 0.999981+0.000000j
<occ j=15> = 1.000594-0.000000j
<sz  j=15> = -0.190557+0.000000j
<Sdz j=15> = -0.485275-0.000000j
<J   j=15>/Vb = 0.641443
Total <occ_> = 32.000000
Total <sz_> = -0.014725
Total <Sdz_> = -0.485275
Total <G_> = 0.775017
Total <conc_> = nan

Time = 8.00
Total energy = -38.088754-0.000000j
WF norm = 0.999977-0.000000j
<occ j=15> = 1.000768+0.000000j
<sz  j=15> = -0.193211-0.000000j
<Sdz j=15> = -0.481651-0.000000j
<J   j=15>/Vb = 0.708810
Total <occ_> = 32.000000
Total <sz_> = -0.018349
Total <Sdz_> = -0.481651
Total <G_> = 0.829978
Total <conc_> = nan

Time = 9.00
Total energy = -38.088755-0.000000j
WF norm = 0.999973+0.000000j
<occ j=15> = 1.000967-0.000000j
<sz  j=15> = -0.195752+0.000000j
<Sdz j=15> = -0.477903-0.000000j
<J   j=15>/Vb = 0.772356
Total <occ_> = 32.000000
Total <sz_> = -0.022097
Total <Sdz_> = -0.477903
Total <G_> = 0.888475
Total <conc_> = nan

Time = 10.00
Total energy = -38.088756-0.000000j
WF norm = 0.999969+0.000000j
<occ j=15> = 1.001184+0.000000j
<sz  j=15> = -0.198085-0.000000j
<Sdz j=15> = -0.474107+0.000000j
<J   j=15>/Vb = 0.833077
Total <occ_> = 32.000000
Total <sz_> = -0.025893
Total <Sdz_> = -0.474107
Total <G_> = 0.960625
Total <conc_> = nan

Time = 11.00
Total energy = -38.088756+0.000000j
WF norm = 0.999966+0.000000j
<occ j=15> = 1.001416-0.000000j
<sz  j=15> = -0.200140-0.000000j
<Sdz j=15> = -0.470331+0.000000j
<J   j=15>/Vb = 0.892131
Total <occ_> = 32.000000
Total <sz_> = -0.029669
Total <Sdz_> = -0.470331
Total <G_> = 1.030606
Total <conc_> = nan

Time = 12.00
Total energy = -38.088757+0.000000j
WF norm = 0.999962-0.000000j
<occ j=15> = 1.001667+0.000000j
<sz  j=15> = -0.201870-0.000000j
<Sdz j=15> = -0.466638+0.000000j
<J   j=15>/Vb = 0.953409
Total <occ_> = 32.000000
Total <sz_> = -0.033362
Total <Sdz_> = -0.466638
Total <G_> = 1.078491
Total <conc_> = nan

Time = 13.00
Total energy = -38.088757-0.000000j
WF norm = 0.999959+0.000000j
<occ j=15> = 1.001944-0.000000j
<sz  j=15> = -0.203219+0.000000j
<Sdz j=15> = -0.463079+0.000000j
<J   j=15>/Vb = 1.015822
Total <occ_> = 32.000000
Total <sz_> = -0.036921
Total <Sdz_> = -0.463079
Total <G_> = 1.115808
Total <conc_> = nan

Time = 14.00
Total energy = -38.088758+0.000000j
WF norm = 0.999955+0.000000j
<occ j=15> = 1.002247-0.000000j
<sz  j=15> = -0.204105+0.000000j
<Sdz j=15> = -0.459700+0.000000j
<J   j=15>/Vb = 1.069799
Total <occ_> = 32.000000
Total <sz_> = -0.040300
Total <Sdz_> = -0.459700
Total <G_> = 1.162198
Total <conc_> = nan

Time = 15.00
Total energy = -38.088758-0.000000j
WF norm = 0.999952+0.000000j
<occ j=15> = 1.002564+0.000000j
<sz  j=15> = -0.204462-0.000000j
<Sdz j=15> = -0.456544+0.000000j
<J   j=15>/Vb = 1.109906
Total <occ_> = 32.000000
Total <sz_> = -0.043456
Total <Sdz_> = -0.456544
Total <G_> = 1.206288
Total <conc_> = nan

Time = 16.00
Total energy = -38.088758-0.000000j
WF norm = 0.999948-0.000000j
<occ j=15> = 1.002895+0.000000j
<sz  j=15> = -0.204256-0.000000j
<Sdz j=15> = -0.453641-0.000000j
<J   j=15>/Vb = 1.150555
Total <occ_> = 32.000000
Total <sz_> = -0.046359
Total <Sdz_> = -0.453641
Total <G_> = 1.229633
Total <conc_> = nan

Time = 17.00
Total energy = -38.088758-0.000000j
WF norm = 0.999945-0.000000j
<occ j=15> = 1.003249-0.000000j
<sz  j=15> = -0.203477-0.000000j
<Sdz j=15> = -0.451014+0.000000j
<J   j=15>/Vb = 1.196983
Total <occ_> = 32.000000
Total <sz_> = -0.048986
Total <Sdz_> = -0.451014
Total <G_> = 1.241418
Total <conc_> = nan

Time = 18.00
Total energy = -38.088759-0.000000j
WF norm = 0.999942+0.000000j
<occ j=15> = 1.003625-0.000000j
<sz  j=15> = -0.202162+0.000000j
<Sdz j=15> = -0.448669+0.000000j
<J   j=15>/Vb = 1.225864
Total <occ_> = 32.000000
Total <sz_> = -0.051331
Total <Sdz_> = -0.448669
Total <G_> = 1.250579
Total <conc_> = nan

Time = 19.00
Total energy = -38.088759+0.000000j
WF norm = 0.999939-0.000000j
<occ j=15> = 1.004007+0.000000j
<sz  j=15> = -0.200395-0.000000j
<Sdz j=15> = -0.446600-0.000000j
<J   j=15>/Vb = 1.223059
Total <occ_> = 32.000000
Total <sz_> = -0.053400
Total <Sdz_> = -0.446600
Total <G_> = 1.250911
Total <conc_> = nan

Time = 20.00
Total energy = -38.088759-0.000000j
WF norm = 0.999936-0.000000j
<occ j=15> = 1.004384+0.000000j
<sz  j=15> = -0.198234-0.000000j
<Sdz j=15> = -0.444792-0.000000j
<J   j=15>/Vb = 1.205262
Total <occ_> = 32.000000
Total <sz_> = -0.055208
Total <Sdz_> = -0.444792
Total <G_> = 1.233929
Total <conc_> = nan

Time = 21.00
Total energy = -38.088759+0.000000j
WF norm = 0.999932-0.000000j
<occ j=15> = 1.004757+0.000000j
<sz  j=15> = -0.195677-0.000000j
<Sdz j=15> = -0.443222-0.000000j
<J   j=15>/Vb = 1.185175
Total <occ_> = 32.000000
Total <sz_> = -0.056778
Total <Sdz_> = -0.443222
Total <G_> = 1.210236
Total <conc_> = nan

Time = 22.00
Total energy = -38.088759-0.000000j
WF norm = 0.999929-0.000000j
<occ j=15> = 1.005121-0.000000j
<sz  j=15> = -0.192727-0.000000j
<Sdz j=15> = -0.441868-0.000000j
<J   j=15>/Vb = 1.156238
Total <occ_> = 32.000000
Total <sz_> = -0.058132
Total <Sdz_> = -0.441868
Total <G_> = 1.187111
Total <conc_> = nan

Time = 23.00
Total energy = -38.088759-0.000000j
WF norm = 0.999925-0.000000j
<occ j=15> = 1.005473-0.000000j
<sz  j=15> = -0.189424+0.000000j
<Sdz j=15> = -0.440702+0.000000j
<J   j=15>/Vb = 1.118458
Total <occ_> = 32.000000
Total <sz_> = -0.059298
Total <Sdz_> = -0.440702
Total <G_> = 1.150411
Total <conc_> = nan

Time = 24.00
Total energy = -38.088759-0.000000j
WF norm = 0.999922-0.000000j
<occ j=15> = 1.005814+0.000000j
<sz  j=15> = -0.185820-0.000000j
<Sdz j=15> = -0.439695-0.000000j
<J   j=15>/Vb = 1.079472
Total <occ_> = 32.000000
Total <sz_> = -0.060305
Total <Sdz_> = -0.439695
Total <G_> = 1.103763
Total <conc_> = nan

Time = 25.00
Total energy = -38.088760-0.000000j
WF norm = 0.999918+0.000000j
<occ j=15> = 1.006144+0.000000j
<sz  j=15> = -0.181961+0.000000j
<Sdz j=15> = -0.438814+0.000000j
<J   j=15>/Vb = 1.041340
Total <occ_> = 32.000000
Total <sz_> = -0.061186
Total <Sdz_> = -0.438814
Total <G_> = 1.066228
Total <conc_> = nan

Time = 26.00
Total energy = -38.088760+0.000000j
WF norm = 0.999914+0.000000j
<occ j=15> = 1.006460-0.000000j
<sz  j=15> = -0.177890-0.000000j
<Sdz j=15> = -0.438027+0.000000j
<J   j=15>/Vb = 1.004139
Total <occ_> = 32.000000
Total <sz_> = -0.061973
Total <Sdz_> = -0.438027
Total <G_> = 1.040448
Total <conc_> = nan

Time = 27.00
Total energy = -38.088760-0.000000j
WF norm = 0.999911+0.000000j
<occ j=15> = 1.006760-0.000000j
<sz  j=15> = -0.173638+0.000000j
<Sdz j=15> = -0.437300-0.000000j
<J   j=15>/Vb = 0.960143
Total <occ_> = 32.000000
Total <sz_> = -0.062700
Total <Sdz_> = -0.437300
Total <G_> = 0.999249
Total <conc_> = nan

Time = 28.00
Total energy = -38.088760+0.000000j
WF norm = 0.999907-0.000000j
<occ j=15> = 1.007046-0.000000j
<sz  j=15> = -0.169235-0.000000j
<Sdz j=15> = -0.436603-0.000000j
<J   j=15>/Vb = 0.899955
Total <occ_> = 32.000000
Total <sz_> = -0.063397
Total <Sdz_> = -0.436603
Total <G_> = 0.928869
Total <conc_> = nan

Time = 29.00
Total energy = -38.088760-0.000000j
WF norm = 0.999904-0.000000j
<occ j=15> = 1.007313-0.000000j
<sz  j=15> = -0.164690-0.000000j
<Sdz j=15> = -0.435912+0.000000j
<J   j=15>/Vb = 0.825272
Total <occ_> = 32.000000
Total <sz_> = -0.064088
Total <Sdz_> = -0.435912
Total <G_> = 0.845987
Total <conc_> = nan

Time = 30.00
Total energy = -38.088761+0.000000j
WF norm = 0.999900+0.000000j
<occ j=15> = 1.007556-0.000000j
<sz  j=15> = -0.159970-0.000000j
<Sdz j=15> = -0.435205+0.000000j
<J   j=15>/Vb = 0.750756
Total <occ_> = 32.000000
Total <sz_> = -0.064795
Total <Sdz_> = -0.435205
Total <G_> = 0.783019
Total <conc_> = nan

Time = 31.00
Total energy = -38.088761-0.000000j
WF norm = 0.999897-0.000000j
<occ j=15> = 1.007769-0.000000j
<sz  j=15> = -0.155035-0.000000j
<Sdz j=15> = -0.434465-0.000000j
<J   j=15>/Vb = 0.674618
Total <occ_> = 32.000000
Total <sz_> = -0.065535
Total <Sdz_> = -0.434465
Total <G_> = 0.730907
Total <conc_> = nan

Time = 32.00
Total energy = -38.088761-0.000000j
WF norm = 0.999894+0.000000j
<occ j=15> = 1.007950-0.000000j
<sz  j=15> = -0.149856-0.000000j
<Sdz j=15> = -0.433684+0.000000j
<J   j=15>/Vb = 0.590252
Total <occ_> = 32.000000
Total <sz_> = -0.066316
Total <Sdz_> = -0.433684
Total <G_> = 0.657485
Total <conc_> = nan

Time = 33.00
Total energy = -38.088761+0.000000j
WF norm = 0.999890+0.000000j
<occ j=15> = 1.008104-0.000000j
<sz  j=15> = -0.144379-0.000000j
<Sdz j=15> = -0.432860-0.000000j
<J   j=15>/Vb = 0.510712
Total <occ_> = 32.000000
Total <sz_> = -0.067140
Total <Sdz_> = -0.432860
Total <G_> = 0.576900
Total <conc_> = nan

Time = 34.00
Total energy = -38.088761-0.000000j
WF norm = 0.999887+0.000000j
<occ j=15> = 1.008233-0.000000j
<sz  j=15> = -0.138530+0.000000j
<Sdz j=15> = -0.432004-0.000000j
<J   j=15>/Vb = 0.439394
Total <occ_> = 32.000000
Total <sz_> = -0.067996
Total <Sdz_> = -0.432004
Total <G_> = 0.513359
Total <conc_> = nan

Time = 35.00
Total energy = -38.088761+0.000000j
WF norm = 0.999884-0.000000j
<occ j=15> = 1.008333+0.000000j
<sz  j=15> = -0.132281-0.000000j
<Sdz j=15> = -0.431130-0.000000j
<J   j=15>/Vb = 0.352793
Total <occ_> = 32.000000
Total <sz_> = -0.068870
Total <Sdz_> = -0.431130
Total <G_> = 0.451083
Total <conc_> = nan

Time = 36.00
Total energy = -38.088761+0.000000j
WF norm = 0.999880+0.000000j
<occ j=15> = 1.008394+0.000000j
<sz  j=15> = -0.125683+0.000000j
<Sdz j=15> = -0.430253+0.000000j
<J   j=15>/Vb = 0.240083
Total <occ_> = 32.000000
Total <sz_> = -0.069747
Total <Sdz_> = -0.430253
Total <G_> = 0.350686
Total <conc_> = nan

Time = 37.00
Total energy = -38.088762+0.000000j
WF norm = 0.999877+0.000000j
<occ j=15> = 1.008418+0.000000j
<sz  j=15> = -0.118828+0.000000j
<Sdz j=15> = -0.429374-0.000000j
<J   j=15>/Vb = 0.135612
Total <occ_> = 32.000000
Total <sz_> = -0.070626
Total <Sdz_> = -0.429374
Total <G_> = 0.237973
Total <conc_> = nan

Time = 38.00
Total energy = -38.088762+0.000000j
WF norm = 0.999873-0.000000j
<occ j=15> = 1.008418-0.000000j
<sz  j=15> = -0.111821-0.000000j
<Sdz j=15> = -0.428490-0.000000j
<J   j=15>/Vb = 0.060981
Total <occ_> = 32.000000
Total <sz_> = -0.071510
Total <Sdz_> = -0.428490
Total <G_> = 0.152767
Total <conc_> = nan

Time = 39.00
Total energy = -38.088762-0.000000j
WF norm = 0.999870-0.000000j
<occ j=15> = 1.008399+0.000000j
<sz  j=15> = -0.104775-0.000000j
<Sdz j=15> = -0.427586-0.000000j
<J   j=15>/Vb = -0.000783
Total <occ_> = 32.000000
Total <sz_> = -0.072414
Total <Sdz_> = -0.427586
Total <G_> = 0.088873
Total <conc_> = nan

Time = 40.00
Total energy = -38.088762-0.000000j
WF norm = 0.999866+0.000000j
<occ j=15> = 1.008360-0.000000j
<sz  j=15> = -0.097805+0.000000j
<Sdz j=15> = -0.426650-0.000000j
<J   j=15>/Vb = -0.071331
Total <occ_> = 32.000000
Total <sz_> = -0.073350
Total <Sdz_> = -0.426650
Total <G_> = 0.015570
Total <conc_> = nan
