#### SLURM ####
pwd: 
/blue/m2qm-efrc/cpbunker/GitHub/transport
host: 
c0709a-s5.ufhpc
# conda environments:
#
base                     /apps/conda/24.3.0
block2                *  /blue/m2qm-efrc/cpbunker/condaenvs/block2
vasp                     /blue/m2qm-efrc/cpbunker/condaenvs/vasp

#### PYTHON ####
start time: 
Mon Oct 28 21:48:19 EDT 2024

/blue/m2qm-efrc/cpbunker/GitHub/transport/transport/tddmrg/__init__.py:180: RuntimeWarning: divide by zero encountered in log
  ents[sitei] = np.trace( -oneorb_rdm*np.log(oneorb_rdm));
/blue/m2qm-efrc/cpbunker/GitHub/transport/transport/tddmrg/__init__.py:180: RuntimeWarning: invalid value encountered in multiply
  ents[sitei] = np.trace( -oneorb_rdm*np.log(oneorb_rdm));
/blue/m2qm-efrc/cpbunker/GitHub/transport/transport/tddmrg/__init__.py:512: RuntimeWarning: invalid value encountered in subtract
  minfo = 0.5 * (ents1[:, None] + ents1[None, :] - ents2) * (1 - np.identity(len(ents1))); # (-1) * 2013 Reiher Eq (3)
/blue/m2qm-efrc/cpbunker/GitHub/transport/transport/tddmrg/__init__.py:512: RuntimeWarning: invalid value encountered in multiply
  minfo = 0.5 * (ents1[:, None] + ents1[None, :] - ents2) * (1 - np.identity(len(ents1))); # (-1) * 2013 Reiher Eq (3)
>>> PWD:  /blue/m2qm-efrc/cpbunker/GitHub/transport
>>> Params =  {'sys_type': 'STT', 'tl': 1.0, 'Vconf': 30.0, 'Be': 100.0, 'BFM': 0.0, 'Bent': -100.0, 'Jz': 0.0, 'Jx': 0.0, 'Jsd': 0.0, 'NL': 25, 'NFM': 2, 'NR': 30, 'Nconf': 20, 'Ne': 5, 'TwoSz': 5, 'TwoSd': 1, 'symmetry': 'Sz', 'ex_sites': [25, 26], 'plot': 0, 'bdim_0': [150, 150, 150, 200, 200], 'bdim_t': [250], 'noises': [0.01, 0.001, 0.0001, 1e-05, 0.0], 'dmrg_sweeps': 20, 'cutoff': -1.0, 'te_type': 'tdvp', 'time_step': 0.1, 'tupdate': 4.0, 'Nupdates': 15}
TwoSdz_ladder =
 [ 1 -1]
four_Sdz = 
 [[ 0.5  0.   0.   0.   0.   0.   0.   0. ]
 [ 0.  -0.5  0.  -0.   0.  -0.   0.  -0. ]
 [ 0.   0.   0.5  0.   0.   0.   0.   0. ]
 [ 0.  -0.   0.  -0.5  0.  -0.   0.  -0. ]
 [ 0.   0.   0.   0.   0.5  0.   0.   0. ]
 [ 0.  -0.   0.  -0.   0.  -0.5  0.  -0. ]
 [ 0.   0.   0.   0.   0.   0.   0.5  0. ]
 [ 0.  -0.   0.  -0.   0.  -0.   0.  -0.5]]
four_Sdminus = 
 [[0. 0. 0. 0. 0. 0. 0. 0.]
 [1. 0. 0. 0. 0. 0. 0. 0.]
 [0. 0. 0. 0. 0. 0. 0. 0.]
 [0. 0. 1. 0. 0. 0. 0. 0.]
 [0. 0. 0. 0. 0. 0. 0. 0.]
 [0. 0. 0. 0. 1. 0. 0. 0.]
 [0. 0. 0. 0. 0. 0. 0. 0.]
 [0. 0. 0. 0. 0. 0. 1. 0.]]
four_Sdplus = 
 [[0. 1. 0. 0. 0. 0. 0. 0.]
 [0. 0. 0. 0. 0. 0. 0. 0.]
 [0. 0. 0. 1. 0. 0. 0. 0.]
 [0. 0. 0. 0. 0. 0. 0. 0.]
 [0. 0. 0. 0. 0. 1. 0. 0.]
 [0. 0. 0. 0. 0. 0. 0. 0.]
 [0. 0. 0. 0. 0. 0. 0. 1.]
 [0. 0. 0. 0. 0. 0. 0. 0.]]
>>> (0, 1, 0)
>>> (0, -1, 0)
>>> (1, 2, 0)
>>> (1, 0, 0)
>>> (1, -2, 0)
>>> (2, 1, 0)
>>> (2, -1, 0)
>>> (0, 1, 0)
>>> (0, -1, 0)
>>> (1, 2, 0)
>>> (1, 0, 0)
>>> (1, -2, 0)
>>> (2, 1, 0)
>>> (2, -1, 0)

 ######################################## 
Constructed builder
 ######################################## 

Ground state energy (DMRG) = -483.810595
>>> Init compute time = 37.52117586135864

Time = 0.00
Total energy = -483.810595-0.000000j
WF norm = 1.000000-0.000000j
<Sz d=25> = -0.000000-0.000000j
<Sz d=26> = 0.000000+0.000000j
<(S1+S2)^2> = 0.000000
ents2[26,25] = -0.0000000000
MI[25,26] = 0.693147 (max = 0.693147)
Total <occ_> = 5.000000
Total <sz_> = 2.500000
Total <Sdz_> = 0.000000
Total <J_> = -0.000000
Total <S2_> = nan
ents2[26,25] = -0.0000000000
Total <MI_> = nan
TwoSdz_ladder =
 [ 1 -1]
four_Sdz = 
 [[ 0.5  0.   0.   0.   0.   0.   0.   0. ]
 [ 0.  -0.5  0.  -0.   0.  -0.   0.  -0. ]
 [ 0.   0.   0.5  0.   0.   0.   0.   0. ]
 [ 0.  -0.   0.  -0.5  0.  -0.   0.  -0. ]
 [ 0.   0.   0.   0.   0.5  0.   0.   0. ]
 [ 0.  -0.   0.  -0.   0.  -0.5  0.  -0. ]
 [ 0.   0.   0.   0.   0.   0.   0.5  0. ]
 [ 0.  -0.   0.  -0.   0.  -0.   0.  -0.5]]
four_Sdminus = 
 [[0. 0. 0. 0. 0. 0. 0. 0.]
 [1. 0. 0. 0. 0. 0. 0. 0.]
 [0. 0. 0. 0. 0. 0. 0. 0.]
 [0. 0. 1. 0. 0. 0. 0. 0.]
 [0. 0. 0. 0. 0. 0. 0. 0.]
 [0. 0. 0. 0. 1. 0. 0. 0.]
 [0. 0. 0. 0. 0. 0. 0. 0.]
 [0. 0. 0. 0. 0. 0. 1. 0.]]
four_Sdplus = 
 [[0. 1. 0. 0. 0. 0. 0. 0.]
 [0. 0. 0. 0. 0. 0. 0. 0.]
 [0. 0. 0. 1. 0. 0. 0. 0.]
 [0. 0. 0. 0. 0. 0. 0. 0.]
 [0. 0. 0. 0. 0. 1. 0. 0.]
 [0. 0. 0. 0. 0. 0. 0. 0.]
 [0. 0. 0. 0. 0. 0. 0. 1.]
 [0. 0. 0. 0. 0. 0. 0. 0.]]
>>> (0, 1, 0)
>>> (0, -1, 0)
>>> (1, 2, 0)
>>> (1, 0, 0)
>>> (1, -2, 0)
>>> (2, 1, 0)
>>> (2, -1, 0)
>>> (0, 1, 0)
>>> (0, -1, 0)
>>> (1, 2, 0)
>>> (1, 0, 0)
>>> (1, -2, 0)
>>> (2, 1, 0)
>>> (2, -1, 0)

 ######################################## 
Constructed builder
 ######################################## 


Build MPO | Nsites =    57 | Nterms =        224 | Algorithm = FastBIP | Cutoff = 1.00e-14
 Site =     0 /    57 .. Mmpo =     5 DW = 0.00e+00 NNZ =        5 SPT = 0.0000 Tmvc = 0.000 T = 0.000
 Site =     1 /    57 .. Mmpo =     6 DW = 0.00e+00 NNZ =        9 SPT = 0.7000 Tmvc = 0.000 T = 0.000
 Site =     2 /    57 .. Mmpo =     6 DW = 0.00e+00 NNZ =       10 SPT = 0.7222 Tmvc = 0.000 T = 0.000
 Site =     3 /    57 .. Mmpo =     6 DW = 0.00e+00 NNZ =       10 SPT = 0.7222 Tmvc = 0.000 T = 0.000
 Site =     4 /    57 .. Mmpo =     6 DW = 0.00e+00 NNZ =       10 SPT = 0.7222 Tmvc = 0.000 T = 0.000
 Site =     5 /    57 .. Mmpo =     6 DW = 0.00e+00 NNZ =       10 SPT = 0.7222 Tmvc = 0.000 T = 0.000
 Site =     6 /    57 .. Mmpo =     6 DW = 0.00e+00 NNZ =       10 SPT = 0.7222 Tmvc = 0.000 T = 0.000
 Site =     7 /    57 .. Mmpo =     6 DW = 0.00e+00 NNZ =       10 SPT = 0.7222 Tmvc = 0.000 T = 0.000
 Site =     8 /    57 .. Mmpo =     6 DW = 0.00e+00 NNZ =       10 SPT = 0.7222 Tmvc = 0.000 T = 0.000
 Site =     9 /    57 .. Mmpo =     6 DW = 0.00e+00 NNZ =       10 SPT = 0.7222 Tmvc = 0.000 T = 0.000
 Site =    10 /    57 .. Mmpo =     6 DW = 0.00e+00 NNZ =       10 SPT = 0.7222 Tmvc = 0.000 T = 0.000
 Site =    11 /    57 .. Mmpo =     6 DW = 0.00e+00 NNZ =       10 SPT = 0.7222 Tmvc = 0.000 T = 0.000
 Site =    12 /    57 .. Mmpo =     6 DW = 0.00e+00 NNZ =       10 SPT = 0.7222 Tmvc = 0.000 T = 0.000
 Site =    13 /    57 .. Mmpo =     6 DW = 0.00e+00 NNZ =       10 SPT = 0.7222 Tmvc = 0.000 T = 0.000
 Site =    14 /    57 .. Mmpo =     6 DW = 0.00e+00 NNZ =       10 SPT = 0.7222 Tmvc = 0.000 T = 0.000
 Site =    15 /    57 .. Mmpo =     6 DW = 0.00e+00 NNZ =       10 SPT = 0.7222 Tmvc = 0.000 T = 0.000
 Site =    16 /    57 .. Mmpo =     6 DW = 0.00e+00 NNZ =       10 SPT = 0.7222 Tmvc = 0.000 T = 0.000
 Site =    17 /    57 .. Mmpo =     6 DW = 0.00e+00 NNZ =       10 SPT = 0.7222 Tmvc = 0.000 T = 0.000
 Site =    18 /    57 .. Mmpo =     6 DW = 0.00e+00 NNZ =       10 SPT = 0.7222 Tmvc = 0.000 T = 0.000
 Site =    19 /    57 .. Mmpo =     6 DW = 0.00e+00 NNZ =       10 SPT = 0.7222 Tmvc = 0.000 T = 0.000
 Site =    20 /    57 .. Mmpo =     6 DW = 0.00e+00 NNZ =       10 SPT = 0.7222 Tmvc = 0.000 T = 0.000
 Site =    21 /    57 .. Mmpo =     6 DW = 0.00e+00 NNZ =       10 SPT = 0.7222 Tmvc = 0.000 T = 0.000
 Site =    22 /    57 .. Mmpo =     6 DW = 0.00e+00 NNZ =       10 SPT = 0.7222 Tmvc = 0.000 T = 0.000
 Site =    23 /    57 .. Mmpo =     6 DW = 0.00e+00 NNZ =       10 SPT = 0.7222 Tmvc = 0.000 T = 0.000
 Site =    24 /    57 .. Mmpo =     6 DW = 0.00e+00 NNZ =       10 SPT = 0.7222 Tmvc = 0.000 T = 0.000
 Site =    25 /    57 .. Mmpo =     6 DW = 0.00e+00 NNZ =       10 SPT = 0.7222 Tmvc = 0.000 T = 0.000
 Site =    26 /    57 .. Mmpo =     6 DW = 0.00e+00 NNZ =       10 SPT = 0.7222 Tmvc = 0.000 T = 0.000
 Site =    27 /    57 .. Mmpo =     6 DW = 0.00e+00 NNZ =       10 SPT = 0.7222 Tmvc = 0.000 T = 0.000
 Site =    28 /    57 .. Mmpo =     6 DW = 0.00e+00 NNZ =       10 SPT = 0.7222 Tmvc = 0.000 T = 0.000
 Site =    29 /    57 .. Mmpo =     6 DW = 0.00e+00 NNZ =       10 SPT = 0.7222 Tmvc = 0.000 T = 0.000
 Site =    30 /    57 .. Mmpo =     6 DW = 0.00e+00 NNZ =       10 SPT = 0.7222 Tmvc = 0.000 T = 0.000
 Site =    31 /    57 .. Mmpo =     6 DW = 0.00e+00 NNZ =       10 SPT = 0.7222 Tmvc = 0.000 T = 0.000
 Site =    32 /    57 .. Mmpo =     6 DW = 0.00e+00 NNZ =       10 SPT = 0.7222 Tmvc = 0.000 T = 0.000
 Site =    33 /    57 .. Mmpo =     6 DW = 0.00e+00 NNZ =       10 SPT = 0.7222 Tmvc = 0.000 T = 0.000
 Site =    34 /    57 .. Mmpo =     6 DW = 0.00e+00 NNZ =       10 SPT = 0.7222 Tmvc = 0.000 T = 0.000
 Site =    35 /    57 .. Mmpo =     6 DW = 0.00e+00 NNZ =       10 SPT = 0.7222 Tmvc = 0.000 T = 0.000
 Site =    36 /    57 .. Mmpo =     6 DW = 0.00e+00 NNZ =       10 SPT = 0.7222 Tmvc = 0.000 T = 0.000
 Site =    37 /    57 .. Mmpo =     6 DW = 0.00e+00 NNZ =       10 SPT = 0.7222 Tmvc = 0.000 T = 0.000
 Site =    38 /    57 .. Mmpo =     6 DW = 0.00e+00 NNZ =       10 SPT = 0.7222 Tmvc = 0.000 T = 0.000
 Site =    39 /    57 .. Mmpo =     6 DW = 0.00e+00 NNZ =       10 SPT = 0.7222 Tmvc = 0.000 T = 0.000
 Site =    40 /    57 .. Mmpo =     6 DW = 0.00e+00 NNZ =       10 SPT = 0.7222 Tmvc = 0.000 T = 0.000
 Site =    41 /    57 .. Mmpo =     6 DW = 0.00e+00 NNZ =       10 SPT = 0.7222 Tmvc = 0.000 T = 0.000
 Site =    42 /    57 .. Mmpo =     6 DW = 0.00e+00 NNZ =       10 SPT = 0.7222 Tmvc = 0.000 T = 0.000
 Site =    43 /    57 .. Mmpo =     6 DW = 0.00e+00 NNZ =       10 SPT = 0.7222 Tmvc = 0.000 T = 0.000
 Site =    44 /    57 .. Mmpo =     6 DW = 0.00e+00 NNZ =       10 SPT = 0.7222 Tmvc = 0.000 T = 0.000
 Site =    45 /    57 .. Mmpo =     6 DW = 0.00e+00 NNZ =       10 SPT = 0.7222 Tmvc = 0.000 T = 0.000
 Site =    46 /    57 .. Mmpo =     6 DW = 0.00e+00 NNZ =       10 SPT = 0.7222 Tmvc = 0.000 T = 0.000
 Site =    47 /    57 .. Mmpo =     6 DW = 0.00e+00 NNZ =       10 SPT = 0.7222 Tmvc = 0.000 T = 0.000
 Site =    48 /    57 .. Mmpo =     6 DW = 0.00e+00 NNZ =       10 SPT = 0.7222 Tmvc = 0.000 T = 0.000
 Site =    49 /    57 .. Mmpo =     6 DW = 0.00e+00 NNZ =       10 SPT = 0.7222 Tmvc = 0.000 T = 0.000
 Site =    50 /    57 .. Mmpo =     6 DW = 0.00e+00 NNZ =       10 SPT = 0.7222 Tmvc = 0.000 T = 0.000
 Site =    51 /    57 .. Mmpo =     6 DW = 0.00e+00 NNZ =       10 SPT = 0.7222 Tmvc = 0.000 T = 0.000
 Site =    52 /    57 .. Mmpo =     6 DW = 0.00e+00 NNZ =       10 SPT = 0.7222 Tmvc = 0.000 T = 0.000
 Site =    53 /    57 .. Mmpo =     6 DW = 0.00e+00 NNZ =       10 SPT = 0.7222 Tmvc = 0.000 T = 0.000
 Site =    54 /    57 .. Mmpo =     6 DW = 0.00e+00 NNZ =       10 SPT = 0.7222 Tmvc = 0.000 T = 0.000
 Site =    55 /    57 .. Mmpo =     5 DW = 0.00e+00 NNZ =        9 SPT = 0.7000 Tmvc = 0.000 T = 0.000
 Site =    56 /    57 .. Mmpo =     1 DW = 0.00e+00 NNZ =        5 SPT = 0.0000 Tmvc = 0.000 T = 0.000
Ttotal =      0.011 Tmvc-total = 0.000 MPO bond dimension =     6 MaxDW = 0.00e+00
NNZ =          558 SIZE =         1978 SPT = 0.7179

Rank =     0 Ttotal =      0.013 MPO method = FastBipartite bond dimension =       6 NNZ =          558 SIZE =         1978 SPT = 0.7179


START TIME EVOLUTION (te_type = tdvp)

 ************************************************** 



>>>> Evol CPU time = 107.7 min


Time = 4.00
Total energy = -8.811851+0.000000j
WF norm = 1.000000+0.000000j
<Sz d=25> = 0.000000+0.000000j
<Sz d=26> = -0.000000-0.000000j
<(S1+S2)^2> = 0.000000
ents2[26,25] = 0.0000000000
MI[25,26] = 0.693147 (max = 0.693147)
Total <occ_> = 5.000000
Total <sz_> = 2.500000
Total <Sdz_> = 0.000000
Total <J_> = 0.154796
Total <S2_> = nan
ents2[26,25] = 0.0000000000
Total <MI_> = nan

>>>> Observables CPU time = 5.3 min


>>>> Evol CPU time = 105.9 min


Time = 8.00
Total energy = -8.811851-0.000000j
WF norm = 1.000000+0.000000j
<Sz d=25> = -0.000000+0.000000j
<Sz d=26> = 0.000000-0.000000j
<(S1+S2)^2> = 0.000000
ents2[26,25] = 0.0000000000
MI[25,26] = 0.693147 (max = 0.693147)
Total <occ_> = 5.000000
Total <sz_> = 2.500000
Total <Sdz_> = 0.000000
Total <J_> = 0.217307
Total <S2_> = nan
ents2[26,25] = 0.0000000000
Total <MI_> = nan

>>>> Observables CPU time = 5.3 min


>>>> Evol CPU time = 106.2 min


Time = 12.00
Total energy = -8.811851-0.000000j
WF norm = 1.000000+0.000000j
<Sz d=25> = 0.000000-0.000000j
<Sz d=26> = -0.000000-0.000000j
<(S1+S2)^2> = 0.000000
ents2[26,25] = 0.0000000000
MI[25,26] = 0.693147 (max = 0.693147)
Total <occ_> = 5.000000
Total <sz_> = 2.500000
Total <Sdz_> = 0.000000
Total <J_> = 0.296447
Total <S2_> = nan
ents2[26,25] = 0.0000000000
Total <MI_> = nan

>>>> Observables CPU time = 4.8 min


>>>> Evol CPU time = 104.6 min


Time = 16.00
Total energy = -8.811851-0.000000j
WF norm = 1.000000-0.000000j
<Sz d=25> = 0.000000+0.000000j
<Sz d=26> = -0.000000-0.000000j
<(S1+S2)^2> = 0.000000
ents2[26,25] = 0.0000000000
MI[25,26] = 0.693147 (max = 0.693147)
Total <occ_> = 5.000000
Total <sz_> = 2.500000
Total <Sdz_> = 0.000000
Total <J_> = 0.287379
Total <S2_> = nan
ents2[26,25] = 0.0000000000
Total <MI_> = nan

>>>> Observables CPU time = 4.5 min


>>>> Evol CPU time = 103.7 min


Time = 20.00
Total energy = -8.811851+0.000000j
WF norm = 1.000000+0.000000j
<Sz d=25> = 0.000000+0.000000j
<Sz d=26> = -0.000000-0.000000j
<(S1+S2)^2> = 0.000000
ents2[26,25] = 0.0000000000
MI[25,26] = 0.693147 (max = 0.693147)
Total <occ_> = 5.000000
Total <sz_> = 2.500000
Total <Sdz_> = 0.000000
Total <J_> = 0.297462
Total <S2_> = nan
ents2[26,25] = 0.0000000000
Total <MI_> = nan

>>>> Observables CPU time = 4.5 min


>>>> Evol CPU time = 102.9 min


Time = 24.00
Total energy = -8.811851-0.000000j
WF norm = 1.000000+0.000000j
<Sz d=25> = 0.000000-0.000000j
<Sz d=26> = -0.000000+0.000000j
<(S1+S2)^2> = 0.000000
ents2[26,25] = 0.0000000000
MI[25,26] = 0.693147 (max = 0.693147)
Total <occ_> = 5.000000
Total <sz_> = 2.500000
Total <Sdz_> = 0.000000
Total <J_> = 0.314761
Total <S2_> = nan
ents2[26,25] = 0.0000000000
Total <MI_> = nan

>>>> Observables CPU time = 4.7 min


>>>> Evol CPU time = 99.6 min


Time = 28.00
Total energy = -8.811851-0.000000j
WF norm = 1.000000-0.000000j
<Sz d=25> = 0.000000+0.000000j
<Sz d=26> = -0.000000-0.000000j
<(S1+S2)^2> = 0.000000
ents2[26,25] = 0.0000000000
MI[25,26] = 0.693147 (max = 0.693147)
Total <occ_> = 5.000000
Total <sz_> = 2.500000
Total <Sdz_> = 0.000000
Total <J_> = 0.296338
Total <S2_> = nan
ents2[26,25] = 0.0000000000
Total <MI_> = nan

>>>> Observables CPU time = 4.3 min


>>>> Evol CPU time = 94.5 min


Time = 32.00
Total energy = -8.811851-0.000000j
WF norm = 1.000000+0.000000j
<Sz d=25> = 0.000000-0.000000j
<Sz d=26> = -0.000000+0.000000j
<(S1+S2)^2> = 0.000000
ents2[26,25] = 0.0000000000
MI[25,26] = 0.693147 (max = 0.693147)
Total <occ_> = 5.000000
Total <sz_> = 2.500000
Total <Sdz_> = 0.000000
Total <J_> = 0.256000
Total <S2_> = nan
ents2[26,25] = 0.0000000000
Total <MI_> = nan

>>>> Observables CPU time = 4.4 min


>>>> Evol CPU time = 93.8 min


Time = 36.00
Total energy = -8.811851-0.000000j
WF norm = 1.000000+0.000000j
<Sz d=25> = 0.000000-0.000000j
<Sz d=26> = -0.000000+0.000000j
<(S1+S2)^2> = 0.000000
ents2[26,25] = 0.0000000000
MI[25,26] = 0.693147 (max = 0.693147)
Total <occ_> = 5.000000
Total <sz_> = 2.500000
Total <Sdz_> = 0.000000
Total <J_> = 0.201837
Total <S2_> = nan
ents2[26,25] = 0.0000000000
Total <MI_> = nan

>>>> Observables CPU time = 6.2 min


>>>> Evol CPU time = 95.9 min


Time = 40.00
Total energy = -8.811851-0.000000j
WF norm = 1.000000+0.000000j
<Sz d=25> = 0.000000-0.000000j
<Sz d=26> = -0.000000+0.000000j
<(S1+S2)^2> = 0.000000
ents2[26,25] = 0.0000000000
MI[25,26] = 0.693147 (max = 0.693147)
Total <occ_> = 5.000000
Total <sz_> = 2.500000
Total <Sdz_> = 0.000000
Total <J_> = 0.135403
Total <S2_> = nan
ents2[26,25] = 0.0000000000
Total <MI_> = nan

>>>> Observables CPU time = 4.6 min


>>>> Evol CPU time = 94.5 min


Time = 44.00
Total energy = -8.811851-0.000000j
WF norm = 1.000000-0.000000j
<Sz d=25> = 0.000000+0.000000j
<Sz d=26> = -0.000000-0.000000j
<(S1+S2)^2> = 0.000000
ents2[26,25] = 0.0000000000
MI[25,26] = 0.693147 (max = 0.693147)
Total <occ_> = 5.000000
Total <sz_> = 2.500000
Total <Sdz_> = 0.000000
Total <J_> = 0.124502
Total <S2_> = nan
ents2[26,25] = 0.0000000000
Total <MI_> = nan

>>>> Observables CPU time = 4.5 min


>>>> Evol CPU time = 95.5 min


Time = 48.00
Total energy = -8.811851-0.000000j
WF norm = 1.000000-0.000000j
<Sz d=25> = 0.000000-0.000000j
<Sz d=26> = -0.000000-0.000000j
<(S1+S2)^2> = 0.000000
ents2[26,25] = 0.0000000000
MI[25,26] = 0.693147 (max = 0.693147)
Total <occ_> = 5.000000
Total <sz_> = 2.500000
Total <Sdz_> = 0.000000
Total <J_> = 0.086664
Total <S2_> = nan
ents2[26,25] = 0.0000000000
Total <MI_> = nan

>>>> Observables CPU time = 4.6 min


>>>> Evol CPU time = 97.9 min


Time = 52.00
Total energy = -8.811851-0.000000j
WF norm = 1.000000-0.000000j
<Sz d=25> = 0.000000+0.000000j
<Sz d=26> = -0.000000-0.000000j
<(S1+S2)^2> = 0.000000
ents2[26,25] = 0.0000000000
MI[25,26] = 0.693147 (max = 0.693147)
Total <occ_> = 5.000000
Total <sz_> = 2.500000
Total <Sdz_> = 0.000000
Total <J_> = 0.065643
Total <S2_> = nan
ents2[26,25] = 0.0000000000
Total <MI_> = nan

>>>> Observables CPU time = 4.7 min


>>>> Evol CPU time = 99.5 min


Time = 56.00
Total energy = -8.811851-0.000000j
WF norm = 1.000000-0.000000j
<Sz d=25> = 0.000000+0.000000j
<Sz d=26> = -0.000000-0.000000j
<(S1+S2)^2> = 0.000000
ents2[26,25] = 0.0000000000
MI[25,26] = 0.693147 (max = 0.693147)
Total <occ_> = 5.000000
Total <sz_> = 2.500000
Total <Sdz_> = 0.000000
Total <J_> = -0.001041
Total <S2_> = nan
ents2[26,25] = 0.0000000000
Total <MI_> = nan

>>>> Observables CPU time = 4.7 min


>>>> Evol CPU time = 99.7 min


Time = 60.00
Total energy = -8.811851-0.000000j
WF norm = 1.000000+0.000000j
<Sz d=25> = 0.000000-0.000000j
<Sz d=26> = -0.000000-0.000000j
<(S1+S2)^2> = 0.000000
ents2[26,25] = 0.0000000000
MI[25,26] = 0.693147 (max = 0.693147)
Total <occ_> = 5.000000
Total <sz_> = 2.500000
Total <Sdz_> = 0.000000
Total <J_> = -0.035670
Total <S2_> = nan
ents2[26,25] = 0.0000000000
Total <MI_> = nan

>>>> Observables CPU time = 4.7 min

stop time: 
Wed Oct 30 00:07:09 EDT 2024
