#### SLURM ####
pwd: 
/blue/m2qm-efrc/cpbunker/GitHub/transport
host: 
c35b-s27.ufhpc
# conda environments:
#
base                     /apps/conda/24.3.0
block2                *  /blue/m2qm-efrc/cpbunker/condaenvs/block2
vasp                     /blue/m2qm-efrc/cpbunker/condaenvs/vasp

#### PYTHON ####
start time: 
Mon Oct 28 20:13:43 EDT 2024

/blue/m2qm-efrc/cpbunker/GitHub/transport/transport/tddmrg/__init__.py:180: RuntimeWarning: divide by zero encountered in log
  ents[sitei] = np.trace( -oneorb_rdm*np.log(oneorb_rdm));
/blue/m2qm-efrc/cpbunker/GitHub/transport/transport/tddmrg/__init__.py:180: RuntimeWarning: invalid value encountered in multiply
  ents[sitei] = np.trace( -oneorb_rdm*np.log(oneorb_rdm));
/blue/m2qm-efrc/cpbunker/GitHub/transport/transport/tddmrg/__init__.py:512: RuntimeWarning: invalid value encountered in subtract
  minfo = 0.5 * (ents1[:, None] + ents1[None, :] - ents2) * (1 - np.identity(len(ents1))); # (-1) * 2013 Reiher Eq (3)
/blue/m2qm-efrc/cpbunker/GitHub/transport/transport/tddmrg/__init__.py:512: RuntimeWarning: invalid value encountered in multiply
  minfo = 0.5 * (ents1[:, None] + ents1[None, :] - ents2) * (1 - np.identity(len(ents1))); # (-1) * 2013 Reiher Eq (3)
>>> PWD:  /blue/m2qm-efrc/cpbunker/GitHub/transport
>>> Params =  {'sys_type': 'STT', 'tl': 1.0, 'Vconf': 30.0, 'Be': 100.0, 'BFM': 0.0, 'Bent': -100.0, 'Jz': 0.0, 'Jx': 0.0, 'Jsd': 1.0, 'NL': 25, 'NFM': 2, 'NR': 30, 'Nconf': 20, 'Ne': 5, 'TwoSz': 5, 'TwoSd': 1, 'symmetry': 'Sz', 'ex_sites': [25, 26], 'plot': 0, 'bdim_0': [150, 150, 150, 200, 200], 'bdim_t': [250], 'noises': [0.01, 0.001, 0.0001, 1e-05, 0.0], 'dmrg_sweeps': 20, 'cutoff': -1.0, 'te_type': 'tdvp', 'time_step': 0.1, 'tupdate': 4.0, 'Nupdates': 15}
TwoSdz_ladder =
 [ 1 -1]
four_Sdz = 
 [[ 0.5  0.   0.   0.   0.   0.   0.   0. ]
 [ 0.  -0.5  0.  -0.   0.  -0.   0.  -0. ]
 [ 0.   0.   0.5  0.   0.   0.   0.   0. ]
 [ 0.  -0.   0.  -0.5  0.  -0.   0.  -0. ]
 [ 0.   0.   0.   0.   0.5  0.   0.   0. ]
 [ 0.  -0.   0.  -0.   0.  -0.5  0.  -0. ]
 [ 0.   0.   0.   0.   0.   0.   0.5  0. ]
 [ 0.  -0.   0.  -0.   0.  -0.   0.  -0.5]]
four_Sdminus = 
 [[0. 0. 0. 0. 0. 0. 0. 0.]
 [1. 0. 0. 0. 0. 0. 0. 0.]
 [0. 0. 0. 0. 0. 0. 0. 0.]
 [0. 0. 1. 0. 0. 0. 0. 0.]
 [0. 0. 0. 0. 0. 0. 0. 0.]
 [0. 0. 0. 0. 1. 0. 0. 0.]
 [0. 0. 0. 0. 0. 0. 0. 0.]
 [0. 0. 0. 0. 0. 0. 1. 0.]]
four_Sdplus = 
 [[0. 1. 0. 0. 0. 0. 0. 0.]
 [0. 0. 0. 0. 0. 0. 0. 0.]
 [0. 0. 0. 1. 0. 0. 0. 0.]
 [0. 0. 0. 0. 0. 0. 0. 0.]
 [0. 0. 0. 0. 0. 1. 0. 0.]
 [0. 0. 0. 0. 0. 0. 0. 0.]
 [0. 0. 0. 0. 0. 0. 0. 1.]
 [0. 0. 0. 0. 0. 0. 0. 0.]]
>>> (0, 1, 0)
>>> (0, -1, 0)
>>> (1, 2, 0)
>>> (1, 0, 0)
>>> (1, -2, 0)
>>> (2, 1, 0)
>>> (2, -1, 0)
>>> (0, 1, 0)
>>> (0, -1, 0)
>>> (1, 2, 0)
>>> (1, 0, 0)
>>> (1, -2, 0)
>>> (2, 1, 0)
>>> (2, -1, 0)

 ######################################## 
Constructed builder
 ######################################## 

Ground state energy (DMRG) = -483.810595
>>> Init compute time = 57.711270570755005

Time = 0.00
Total energy = -483.810595-0.000000j
WF norm = 1.000000-0.000000j
<Sz d=25> = 0.000000+0.000000j
<Sz d=26> = -0.000000-0.000000j
<(S1+S2)^2> = 0.000000
ents2[26,25] = -0.0000000000
MI[25,26] = 0.693147 (max = 0.693147)
Total <occ_> = 5.000000
Total <sz_> = 2.500000
Total <Sdz_> = 0.000000
Total <J_> = 0.000000
Total <S2_> = nan
ents2[26,25] = -0.0000000000
Total <MI_> = nan
TwoSdz_ladder =
 [ 1 -1]
four_Sdz = 
 [[ 0.5  0.   0.   0.   0.   0.   0.   0. ]
 [ 0.  -0.5  0.  -0.   0.  -0.   0.  -0. ]
 [ 0.   0.   0.5  0.   0.   0.   0.   0. ]
 [ 0.  -0.   0.  -0.5  0.  -0.   0.  -0. ]
 [ 0.   0.   0.   0.   0.5  0.   0.   0. ]
 [ 0.  -0.   0.  -0.   0.  -0.5  0.  -0. ]
 [ 0.   0.   0.   0.   0.   0.   0.5  0. ]
 [ 0.  -0.   0.  -0.   0.  -0.   0.  -0.5]]
four_Sdminus = 
 [[0. 0. 0. 0. 0. 0. 0. 0.]
 [1. 0. 0. 0. 0. 0. 0. 0.]
 [0. 0. 0. 0. 0. 0. 0. 0.]
 [0. 0. 1. 0. 0. 0. 0. 0.]
 [0. 0. 0. 0. 0. 0. 0. 0.]
 [0. 0. 0. 0. 1. 0. 0. 0.]
 [0. 0. 0. 0. 0. 0. 0. 0.]
 [0. 0. 0. 0. 0. 0. 1. 0.]]
four_Sdplus = 
 [[0. 1. 0. 0. 0. 0. 0. 0.]
 [0. 0. 0. 0. 0. 0. 0. 0.]
 [0. 0. 0. 1. 0. 0. 0. 0.]
 [0. 0. 0. 0. 0. 0. 0. 0.]
 [0. 0. 0. 0. 0. 1. 0. 0.]
 [0. 0. 0. 0. 0. 0. 0. 0.]
 [0. 0. 0. 0. 0. 0. 0. 1.]
 [0. 0. 0. 0. 0. 0. 0. 0.]]
>>> (0, 1, 0)
>>> (0, -1, 0)
>>> (1, 2, 0)
>>> (1, 0, 0)
>>> (1, -2, 0)
>>> (2, 1, 0)
>>> (2, -1, 0)
>>> (0, 1, 0)
>>> (0, -1, 0)
>>> (1, 2, 0)
>>> (1, 0, 0)
>>> (1, -2, 0)
>>> (2, 1, 0)
>>> (2, -1, 0)

 ######################################## 
Constructed builder
 ######################################## 


Build MPO | Nsites =    57 | Nterms =        232 | Algorithm = FastBIP | Cutoff = 1.00e-14
 Site =     0 /    57 .. Mmpo =     5 DW = 0.00e+00 NNZ =        5 SPT = 0.0000 Tmvc = 0.000 T = 0.000
 Site =     1 /    57 .. Mmpo =     6 DW = 0.00e+00 NNZ =        9 SPT = 0.7000 Tmvc = 0.000 T = 0.000
 Site =     2 /    57 .. Mmpo =     6 DW = 0.00e+00 NNZ =       10 SPT = 0.7222 Tmvc = 0.000 T = 0.000
 Site =     3 /    57 .. Mmpo =     6 DW = 0.00e+00 NNZ =       10 SPT = 0.7222 Tmvc = 0.000 T = 0.000
 Site =     4 /    57 .. Mmpo =     6 DW = 0.00e+00 NNZ =       10 SPT = 0.7222 Tmvc = 0.000 T = 0.000
 Site =     5 /    57 .. Mmpo =     6 DW = 0.00e+00 NNZ =       10 SPT = 0.7222 Tmvc = 0.000 T = 0.000
 Site =     6 /    57 .. Mmpo =     6 DW = 0.00e+00 NNZ =       10 SPT = 0.7222 Tmvc = 0.000 T = 0.000
 Site =     7 /    57 .. Mmpo =     6 DW = 0.00e+00 NNZ =       10 SPT = 0.7222 Tmvc = 0.000 T = 0.000
 Site =     8 /    57 .. Mmpo =     6 DW = 0.00e+00 NNZ =       10 SPT = 0.7222 Tmvc = 0.000 T = 0.000
 Site =     9 /    57 .. Mmpo =     6 DW = 0.00e+00 NNZ =       10 SPT = 0.7222 Tmvc = 0.000 T = 0.000
 Site =    10 /    57 .. Mmpo =     6 DW = 0.00e+00 NNZ =       10 SPT = 0.7222 Tmvc = 0.000 T = 0.000
 Site =    11 /    57 .. Mmpo =     6 DW = 0.00e+00 NNZ =       10 SPT = 0.7222 Tmvc = 0.000 T = 0.000
 Site =    12 /    57 .. Mmpo =     6 DW = 0.00e+00 NNZ =       10 SPT = 0.7222 Tmvc = 0.000 T = 0.000
 Site =    13 /    57 .. Mmpo =     6 DW = 0.00e+00 NNZ =       10 SPT = 0.7222 Tmvc = 0.000 T = 0.000
 Site =    14 /    57 .. Mmpo =     6 DW = 0.00e+00 NNZ =       10 SPT = 0.7222 Tmvc = 0.000 T = 0.000
 Site =    15 /    57 .. Mmpo =     6 DW = 0.00e+00 NNZ =       10 SPT = 0.7222 Tmvc = 0.000 T = 0.000
 Site =    16 /    57 .. Mmpo =     6 DW = 0.00e+00 NNZ =       10 SPT = 0.7222 Tmvc = 0.000 T = 0.000
 Site =    17 /    57 .. Mmpo =     6 DW = 0.00e+00 NNZ =       10 SPT = 0.7222 Tmvc = 0.000 T = 0.000
 Site =    18 /    57 .. Mmpo =     6 DW = 0.00e+00 NNZ =       10 SPT = 0.7222 Tmvc = 0.000 T = 0.000
 Site =    19 /    57 .. Mmpo =     6 DW = 0.00e+00 NNZ =       10 SPT = 0.7222 Tmvc = 0.000 T = 0.000
 Site =    20 /    57 .. Mmpo =     6 DW = 0.00e+00 NNZ =       10 SPT = 0.7222 Tmvc = 0.000 T = 0.000
 Site =    21 /    57 .. Mmpo =     6 DW = 0.00e+00 NNZ =       10 SPT = 0.7222 Tmvc = 0.000 T = 0.000
 Site =    22 /    57 .. Mmpo =     6 DW = 0.00e+00 NNZ =       10 SPT = 0.7222 Tmvc = 0.000 T = 0.000
 Site =    23 /    57 .. Mmpo =     6 DW = 0.00e+00 NNZ =       10 SPT = 0.7222 Tmvc = 0.000 T = 0.000
 Site =    24 /    57 .. Mmpo =     6 DW = 0.00e+00 NNZ =       10 SPT = 0.7222 Tmvc = 0.000 T = 0.000
 Site =    25 /    57 .. Mmpo =     6 DW = 0.00e+00 NNZ =       11 SPT = 0.6944 Tmvc = 0.000 T = 0.001
 Site =    26 /    57 .. Mmpo =     6 DW = 0.00e+00 NNZ =       11 SPT = 0.6944 Tmvc = 0.000 T = 0.001
 Site =    27 /    57 .. Mmpo =     6 DW = 0.00e+00 NNZ =       10 SPT = 0.7222 Tmvc = 0.000 T = 0.000
 Site =    28 /    57 .. Mmpo =     6 DW = 0.00e+00 NNZ =       10 SPT = 0.7222 Tmvc = 0.000 T = 0.000
 Site =    29 /    57 .. Mmpo =     6 DW = 0.00e+00 NNZ =       10 SPT = 0.7222 Tmvc = 0.000 T = 0.000
 Site =    30 /    57 .. Mmpo =     6 DW = 0.00e+00 NNZ =       10 SPT = 0.7222 Tmvc = 0.000 T = 0.000
 Site =    31 /    57 .. Mmpo =     6 DW = 0.00e+00 NNZ =       10 SPT = 0.7222 Tmvc = 0.000 T = 0.000
 Site =    32 /    57 .. Mmpo =     6 DW = 0.00e+00 NNZ =       10 SPT = 0.7222 Tmvc = 0.000 T = 0.000
 Site =    33 /    57 .. Mmpo =     6 DW = 0.00e+00 NNZ =       10 SPT = 0.7222 Tmvc = 0.000 T = 0.000
 Site =    34 /    57 .. Mmpo =     6 DW = 0.00e+00 NNZ =       10 SPT = 0.7222 Tmvc = 0.000 T = 0.000
 Site =    35 /    57 .. Mmpo =     6 DW = 0.00e+00 NNZ =       10 SPT = 0.7222 Tmvc = 0.000 T = 0.000
 Site =    36 /    57 .. Mmpo =     6 DW = 0.00e+00 NNZ =       10 SPT = 0.7222 Tmvc = 0.000 T = 0.000
 Site =    37 /    57 .. Mmpo =     6 DW = 0.00e+00 NNZ =       10 SPT = 0.7222 Tmvc = 0.000 T = 0.000
 Site =    38 /    57 .. Mmpo =     6 DW = 0.00e+00 NNZ =       10 SPT = 0.7222 Tmvc = 0.000 T = 0.000
 Site =    39 /    57 .. Mmpo =     6 DW = 0.00e+00 NNZ =       10 SPT = 0.7222 Tmvc = 0.000 T = 0.000
 Site =    40 /    57 .. Mmpo =     6 DW = 0.00e+00 NNZ =       10 SPT = 0.7222 Tmvc = 0.000 T = 0.000
 Site =    41 /    57 .. Mmpo =     6 DW = 0.00e+00 NNZ =       10 SPT = 0.7222 Tmvc = 0.000 T = 0.000
 Site =    42 /    57 .. Mmpo =     6 DW = 0.00e+00 NNZ =       10 SPT = 0.7222 Tmvc = 0.000 T = 0.000
 Site =    43 /    57 .. Mmpo =     6 DW = 0.00e+00 NNZ =       10 SPT = 0.7222 Tmvc = 0.000 T = 0.000
 Site =    44 /    57 .. Mmpo =     6 DW = 0.00e+00 NNZ =       10 SPT = 0.7222 Tmvc = 0.000 T = 0.000
 Site =    45 /    57 .. Mmpo =     6 DW = 0.00e+00 NNZ =       10 SPT = 0.7222 Tmvc = 0.000 T = 0.000
 Site =    46 /    57 .. Mmpo =     6 DW = 0.00e+00 NNZ =       10 SPT = 0.7222 Tmvc = 0.000 T = 0.000
 Site =    47 /    57 .. Mmpo =     6 DW = 0.00e+00 NNZ =       10 SPT = 0.7222 Tmvc = 0.000 T = 0.000
 Site =    48 /    57 .. Mmpo =     6 DW = 0.00e+00 NNZ =       10 SPT = 0.7222 Tmvc = 0.000 T = 0.000
 Site =    49 /    57 .. Mmpo =     6 DW = 0.00e+00 NNZ =       10 SPT = 0.7222 Tmvc = 0.000 T = 0.000
 Site =    50 /    57 .. Mmpo =     6 DW = 0.00e+00 NNZ =       10 SPT = 0.7222 Tmvc = 0.000 T = 0.000
 Site =    51 /    57 .. Mmpo =     6 DW = 0.00e+00 NNZ =       10 SPT = 0.7222 Tmvc = 0.000 T = 0.000
 Site =    52 /    57 .. Mmpo =     6 DW = 0.00e+00 NNZ =       10 SPT = 0.7222 Tmvc = 0.000 T = 0.000
 Site =    53 /    57 .. Mmpo =     6 DW = 0.00e+00 NNZ =       10 SPT = 0.7222 Tmvc = 0.000 T = 0.000
 Site =    54 /    57 .. Mmpo =     6 DW = 0.00e+00 NNZ =       10 SPT = 0.7222 Tmvc = 0.000 T = 0.000
 Site =    55 /    57 .. Mmpo =     5 DW = 0.00e+00 NNZ =        9 SPT = 0.7000 Tmvc = 0.000 T = 0.000
 Site =    56 /    57 .. Mmpo =     1 DW = 0.00e+00 NNZ =        5 SPT = 0.0000 Tmvc = 0.000 T = 0.000
Ttotal =      0.025 Tmvc-total = 0.001 MPO bond dimension =     6 MaxDW = 0.00e+00
NNZ =          560 SIZE =         1978 SPT = 0.7169

Rank =     0 Ttotal =      0.030 MPO method = FastBipartite bond dimension =       6 NNZ =          560 SIZE =         1978 SPT = 0.7169


START TIME EVOLUTION (te_type = tdvp)

 ************************************************** 



>>>> Evol CPU time = 183.2 min


Time = 4.00
Total energy = -8.811851-0.000000j
WF norm = 1.000000+0.000000j
<Sz d=25> = 0.001680-0.000000j
<Sz d=26> = 0.000091-0.000000j
<(S1+S2)^2> = 0.005315
ents2[26,25] = 0.0200950539
MI[25,26] = 0.683097 (max = 0.693147)
Total <occ_> = 5.000000
Total <sz_> = 2.498228
Total <Sdz_> = 0.001772
Total <J_> = 0.152211
Total <S2_> = nan
ents2[26,25] = 0.0200950539
Total <MI_> = nan

>>>> Observables CPU time = 8.4 min


>>>> Evol CPU time = 178.5 min


Time = 8.00
Total energy = -8.811851-0.000000j
WF norm = 1.000000-0.000000j
<Sz d=25> = 0.010861+0.000000j
<Sz d=26> = 0.004631+0.000000j
<(S1+S2)^2> = 0.046458
ents2[26,25] = 0.1250727839
MI[25,26] = 0.630471 (max = 0.693147)
Total <occ_> = 5.000000
Total <sz_> = 2.484508
Total <Sdz_> = 0.015492
Total <J_> = 0.210986
Total <S2_> = nan
ents2[26,25] = 0.1250727839
Total <MI_> = nan

>>>> Observables CPU time = 8.8 min


>>>> Evol CPU time = 193.9 min


Time = 12.00
Total energy = -8.811851-0.000000j
WF norm = 1.000000-0.000000j
<Sz d=25> = 0.022149+0.000000j
<Sz d=26> = 0.021257+0.000000j
<(S1+S2)^2> = 0.129656
ents2[26,25] = 0.2792910930
MI[25,26] = 0.552559 (max = 0.693147)
Total <occ_> = 5.000000
Total <sz_> = 2.456594
Total <Sdz_> = 0.043406
Total <J_> = 0.272700
Total <S2_> = nan
ents2[26,25] = 0.2792910930
Total <MI_> = nan

>>>> Observables CPU time = 8.1 min


>>>> Evol CPU time = 178.7 min


Time = 16.00
Total energy = -8.811851-0.000000j
WF norm = 1.000000-0.000000j
<Sz d=25> = 0.029362+0.000000j
<Sz d=26> = 0.045474+0.000000j
<(S1+S2)^2> = 0.220766
ents2[26,25] = 0.4064176467
MI[25,26] = 0.487005 (max = 0.693147)
Total <occ_> = 5.000000
Total <sz_> = 2.425163
Total <Sdz_> = 0.074837
Total <J_> = 0.257124
Total <S2_> = nan
ents2[26,25] = 0.4064176467
Total <MI_> = nan

>>>> Observables CPU time = 6.7 min


>>>> Evol CPU time = 174.6 min


Time = 20.00
Total energy = -8.811851-0.000000j
WF norm = 1.000000+0.000000j
<Sz d=25> = 0.035750-0.000000j
<Sz d=26> = 0.068371-0.000000j
<(S1+S2)^2> = 0.302031
ents2[26,25] = 0.4964194432
MI[25,26] = 0.438969 (max = 0.693147)
Total <occ_> = 5.000000
Total <sz_> = 2.395879
Total <Sdz_> = 0.104121
Total <J_> = 0.269957
Total <S2_> = nan
ents2[26,25] = 0.4964194432
Total <MI_> = nan

>>>> Observables CPU time = 9.3 min


>>>> Evol CPU time = 180.9 min


Time = 24.00
Total energy = -8.811851+0.000000j
WF norm = 1.000000+0.000000j
<Sz d=25> = 0.041894-0.000000j
<Sz d=26> = 0.090319-0.000000j
<(S1+S2)^2> = 0.379209
ents2[26,25] = 0.5679835183
MI[25,26] = 0.399196 (max = 0.693147)
Total <occ_> = 5.000000
Total <sz_> = 2.367787
Total <Sdz_> = 0.132213
Total <J_> = 0.283639
Total <S2_> = nan
ents2[26,25] = 0.5679835183
Total <MI_> = nan

>>>> Observables CPU time = 8.2 min


>>>> Evol CPU time = 194.9 min


Time = 28.00
Total energy = -8.811851+0.000000j
WF norm = 1.000000-0.000000j
<Sz d=25> = 0.050176+0.000000j
<Sz d=26> = 0.112017+0.000000j
<(S1+S2)^2> = 0.460712
ents2[26,25] = 0.6308516280
MI[25,26] = 0.362545 (max = 0.693147)
Total <occ_> = 5.000000
Total <sz_> = 2.337808
Total <Sdz_> = 0.162192
Total <J_> = 0.268790
Total <S2_> = nan
ents2[26,25] = 0.6308516280
Total <MI_> = nan

>>>> Observables CPU time = 7.5 min


>>>> Evol CPU time = 183.1 min


Time = 32.00
Total energy = -8.811851+0.000000j
WF norm = 1.000000+0.000000j
<Sz d=25> = 0.058349-0.000000j
<Sz d=26> = 0.130270-0.000000j
<(S1+S2)^2> = 0.529426
ents2[26,25] = 0.6790567304
MI[25,26] = 0.333039 (max = 0.693147)
Total <occ_> = 5.000000
Total <sz_> = 2.311381
Total <Sdz_> = 0.188619
Total <J_> = 0.229910
Total <S2_> = nan
ents2[26,25] = 0.6790567304
Total <MI_> = nan

>>>> Observables CPU time = 7.3 min


>>>> Evol CPU time = 183.0 min


Time = 36.00
Total energy = -8.811851+0.000000j
WF norm = 1.000000-0.000000j
<Sz d=25> = 0.062670+0.000000j
<Sz d=26> = 0.145860-0.000000j
<(S1+S2)^2> = 0.581213
ents2[26,25] = 0.7052269927
MI[25,26] = 0.315008 (max = 0.693147)
Total <occ_> = 5.000000
Total <sz_> = 2.291470
Total <Sdz_> = 0.208530
Total <J_> = 0.173907
Total <S2_> = nan
ents2[26,25] = 0.7052269927
Total <MI_> = nan

>>>> Observables CPU time = 7.2 min


>>>> Evol CPU time = 216.5 min


Time = 40.00
Total energy = -8.811852-0.000000j
WF norm = 0.999999-0.000000j
<Sz d=25> = 0.065413+0.000000j
<Sz d=26> = 0.158382+0.000000j
<(S1+S2)^2> = 0.617922
ents2[26,25] = 0.7248690245
MI[25,26] = 0.300899 (max = 0.693147)
Total <occ_> = 5.000000
Total <sz_> = 2.276205
Total <Sdz_> = 0.223795
Total <J_> = 0.128655
Total <S2_> = nan
ents2[26,25] = 0.7248690245
Total <MI_> = nan

>>>> Observables CPU time = 9.6 min


>>>> Evol CPU time = 240.3 min


Time = 44.00
Total energy = -8.811853+0.000000j
WF norm = 0.999999-0.000000j
<Sz d=25> = 0.068139+0.000000j
<Sz d=26> = 0.167568+0.000000j
<(S1+S2)^2> = 0.650110
ents2[26,25] = 0.7449108723
MI[25,26] = 0.287404 (max = 0.693147)
Total <occ_> = 5.000000
Total <sz_> = 2.264292
Total <Sdz_> = 0.235708
Total <J_> = 0.112156
Total <S2_> = nan
ents2[26,25] = 0.7449108723
Total <MI_> = nan

>>>> Observables CPU time = 9.5 min


>>>> Evol CPU time = 191.7 min


Time = 48.00
Total energy = -8.811855+0.000000j
WF norm = 0.999997+0.000000j
<Sz d=25> = 0.067429+0.000000j
<Sz d=26> = 0.180237-0.000000j
<(S1+S2)^2> = 0.674491
ents2[26,25] = 0.7585662971
MI[25,26] = 0.276075 (max = 0.693147)
Total <occ_> = 5.000000
Total <sz_> = 2.252334
Total <Sdz_> = 0.247666
Total <J_> = 0.089216
Total <S2_> = nan
ents2[26,25] = 0.7585662971
Total <MI_> = nan

>>>> Observables CPU time = 7.3 min


>>>> Evol CPU time = 186.5 min


Time = 52.00
Total energy = -8.811859+0.000000j
WF norm = 0.999994-0.000000j
<Sz d=25> = 0.064932+0.000000j
<Sz d=26> = 0.189120-0.000000j
<(S1+S2)^2> = 0.692149
ents2[26,25] = 0.7758213543
MI[25,26] = 0.264336 (max = 0.693147)
Total <occ_> = 5.000000
Total <sz_> = 2.245949
Total <Sdz_> = 0.254051
Total <J_> = 0.061656
Total <S2_> = nan
ents2[26,25] = 0.7758213543
Total <MI_> = nan

>>>> Observables CPU time = 7.3 min


>>>> Evol CPU time = 188.5 min


Time = 56.00
Total energy = -8.811866+0.000000j
WF norm = 0.999989+0.000000j
<Sz d=25> = 0.057615+0.000000j
<Sz d=26> = 0.195293-0.000000j
<(S1+S2)^2> = 0.710210
ents2[26,25] = 0.7874260375
MI[25,26] = 0.256934 (max = 0.693147)
Total <occ_> = 5.000000
Total <sz_> = 2.247092
Total <Sdz_> = 0.252908
Total <J_> = 0.003749
Total <S2_> = nan
ents2[26,25] = 0.7874260375
Total <MI_> = nan

>>>> Observables CPU time = 7.3 min


>>>> Evol CPU time = 185.6 min


Time = 60.00
Total energy = -8.811879-0.000000j
WF norm = 0.999980-0.000000j
<Sz d=25> = 0.045051+0.000000j
<Sz d=26> = 0.205636+0.000000j
<(S1+S2)^2> = 0.716341
ents2[26,25] = 0.7903060764
MI[25,26] = 0.252395 (max = 0.693147)
Total <occ_> = 5.000000
Total <sz_> = 2.249314
Total <Sdz_> = 0.250686
Total <J_> = -0.032511
Total <S2_> = nan
ents2[26,25] = 0.7903060764
Total <MI_> = nan

>>>> Observables CPU time = 7.1 min

stop time: 
Wed Oct 30 22:00:43 EDT 2024
