#### SLURM ####
pwd: 
/blue/m2qm-efrc/cpbunker/GitHub/transport
host: 
c23a-s27.ufhpc
# conda environments:
#
base                     /apps/conda/24.3.0
block2                *  /blue/m2qm-efrc/cpbunker/condaenvs/block2
vasp                     /blue/m2qm-efrc/cpbunker/condaenvs/vasp

#### PYTHON ####
start time: 
Wed Oct 23 22:10:44 EDT 2024

/blue/m2qm-efrc/cpbunker/GitHub/transport/transport/tddmrg/__init__.py:180: RuntimeWarning: divide by zero encountered in log
  ents[sitei] = np.trace( -oneorb_rdm*np.log(oneorb_rdm));
/blue/m2qm-efrc/cpbunker/GitHub/transport/transport/tddmrg/__init__.py:180: RuntimeWarning: invalid value encountered in multiply
  ents[sitei] = np.trace( -oneorb_rdm*np.log(oneorb_rdm));
/blue/m2qm-efrc/cpbunker/GitHub/transport/transport/tddmrg/__init__.py:512: RuntimeWarning: invalid value encountered in subtract
  minfo = 0.5 * (ents1[:, None] + ents1[None, :] - ents2) * (1 - np.identity(len(ents1))); # (-1) * 2013 Reiher Eq (3)
/blue/m2qm-efrc/cpbunker/GitHub/transport/transport/tddmrg/__init__.py:512: RuntimeWarning: invalid value encountered in multiply
  minfo = 0.5 * (ents1[:, None] + ents1[None, :] - ents2) * (1 - np.identity(len(ents1))); # (-1) * 2013 Reiher Eq (3)
>>> PWD:  /blue/m2qm-efrc/cpbunker/GitHub/transport
>>> Params =  {'sys_type': 'STT', 'tl': 1.0, 'Vconf': 30.0, 'Be': 100.0, 'BFM': 0.0, 'Bent': -100.0, 'Jz': 0.0, 'Jx': 0.0, 'Jsd': 1.0, 'NL': 25, 'NFM': 2, 'NR': 30, 'Nconf': 20, 'Ne': 10, 'TwoSz': 10, 'TwoSd': 1, 'symmetry': 'Sz', 'ex_sites': [25, 26], 'plot': 0, 'bdim_0': [150, 150, 150, 200, 200], 'bdim_t': [250], 'noises': [0.01, 0.001, 0.0001, 1e-05, 0.0], 'dmrg_sweeps': 20, 'cutoff': -1.0, 'te_type': 'tdvp', 'time_step': 0.1, 'tupdate': 4.0, 'Nupdates': 8}
TwoSdz_ladder =
 [ 1 -1]
four_Sdz = 
 [[ 0.5  0.   0.   0.   0.   0.   0.   0. ]
 [ 0.  -0.5  0.  -0.   0.  -0.   0.  -0. ]
 [ 0.   0.   0.5  0.   0.   0.   0.   0. ]
 [ 0.  -0.   0.  -0.5  0.  -0.   0.  -0. ]
 [ 0.   0.   0.   0.   0.5  0.   0.   0. ]
 [ 0.  -0.   0.  -0.   0.  -0.5  0.  -0. ]
 [ 0.   0.   0.   0.   0.   0.   0.5  0. ]
 [ 0.  -0.   0.  -0.   0.  -0.   0.  -0.5]]
four_Sdminus = 
 [[0. 0. 0. 0. 0. 0. 0. 0.]
 [1. 0. 0. 0. 0. 0. 0. 0.]
 [0. 0. 0. 0. 0. 0. 0. 0.]
 [0. 0. 1. 0. 0. 0. 0. 0.]
 [0. 0. 0. 0. 0. 0. 0. 0.]
 [0. 0. 0. 0. 1. 0. 0. 0.]
 [0. 0. 0. 0. 0. 0. 0. 0.]
 [0. 0. 0. 0. 0. 0. 1. 0.]]
four_Sdplus = 
 [[0. 1. 0. 0. 0. 0. 0. 0.]
 [0. 0. 0. 0. 0. 0. 0. 0.]
 [0. 0. 0. 1. 0. 0. 0. 0.]
 [0. 0. 0. 0. 0. 0. 0. 0.]
 [0. 0. 0. 0. 0. 1. 0. 0.]
 [0. 0. 0. 0. 0. 0. 0. 0.]
 [0. 0. 0. 0. 0. 0. 0. 1.]
 [0. 0. 0. 0. 0. 0. 0. 0.]]
>>> (0, 1, 0)
>>> (0, -1, 0)
>>> (1, 2, 0)
>>> (1, 0, 0)
>>> (1, -2, 0)
>>> (2, 1, 0)
>>> (2, -1, 0)
>>> (0, 1, 0)
>>> (0, -1, 0)
>>> (1, 2, 0)
>>> (1, 0, 0)
>>> (1, -2, 0)
>>> (2, 1, 0)
>>> (2, -1, 0)

 ######################################## 
Constructed builder
 ######################################## 

Ground state energy (DMRG) = -887.387705
>>> Init compute time = 74.56347060203552

Time = 0.00
Total energy = -887.387705+0.000000j
WF norm = 1.000000+0.000000j
<Sz d=25> = 0.000000-0.000000j
<Sz d=26> = -0.000000+0.000000j
<(S1+S2)^2> = 0.000000
ents2[26,25] = 0.0000000000
MI[25,26] = 0.693147 (max = 0.693147)
Total <occ_> = 10.000000
Total <sz_> = 5.000000
Total <Sdz_> = 0.000000
Total <S2_> = nan
ents2[26,25] = 0.0000000000
Total <MI_> = nan
TwoSdz_ladder =
 [ 1 -1]
four_Sdz = 
 [[ 0.5  0.   0.   0.   0.   0.   0.   0. ]
 [ 0.  -0.5  0.  -0.   0.  -0.   0.  -0. ]
 [ 0.   0.   0.5  0.   0.   0.   0.   0. ]
 [ 0.  -0.   0.  -0.5  0.  -0.   0.  -0. ]
 [ 0.   0.   0.   0.   0.5  0.   0.   0. ]
 [ 0.  -0.   0.  -0.   0.  -0.5  0.  -0. ]
 [ 0.   0.   0.   0.   0.   0.   0.5  0. ]
 [ 0.  -0.   0.  -0.   0.  -0.   0.  -0.5]]
four_Sdminus = 
 [[0. 0. 0. 0. 0. 0. 0. 0.]
 [1. 0. 0. 0. 0. 0. 0. 0.]
 [0. 0. 0. 0. 0. 0. 0. 0.]
 [0. 0. 1. 0. 0. 0. 0. 0.]
 [0. 0. 0. 0. 0. 0. 0. 0.]
 [0. 0. 0. 0. 1. 0. 0. 0.]
 [0. 0. 0. 0. 0. 0. 0. 0.]
 [0. 0. 0. 0. 0. 0. 1. 0.]]
four_Sdplus = 
 [[0. 1. 0. 0. 0. 0. 0. 0.]
 [0. 0. 0. 0. 0. 0. 0. 0.]
 [0. 0. 0. 1. 0. 0. 0. 0.]
 [0. 0. 0. 0. 0. 0. 0. 0.]
 [0. 0. 0. 0. 0. 1. 0. 0.]
 [0. 0. 0. 0. 0. 0. 0. 0.]
 [0. 0. 0. 0. 0. 0. 0. 1.]
 [0. 0. 0. 0. 0. 0. 0. 0.]]
>>> (0, 1, 0)
>>> (0, -1, 0)
>>> (1, 2, 0)
>>> (1, 0, 0)
>>> (1, -2, 0)
>>> (2, 1, 0)
>>> (2, -1, 0)
>>> (0, 1, 0)
>>> (0, -1, 0)
>>> (1, 2, 0)
>>> (1, 0, 0)
>>> (1, -2, 0)
>>> (2, 1, 0)
>>> (2, -1, 0)

 ######################################## 
Constructed builder
 ######################################## 


Build MPO | Nsites =    57 | Nterms =        232 | Algorithm = FastBIP | Cutoff = 1.00e-14
 Site =     0 /    57 .. Mmpo =     5 DW = 0.00e+00 NNZ =        5 SPT = 0.0000 Tmvc = 0.000 T = 0.000
 Site =     1 /    57 .. Mmpo =     6 DW = 0.00e+00 NNZ =        9 SPT = 0.7000 Tmvc = 0.000 T = 0.000
 Site =     2 /    57 .. Mmpo =     6 DW = 0.00e+00 NNZ =       10 SPT = 0.7222 Tmvc = 0.000 T = 0.000
 Site =     3 /    57 .. Mmpo =     6 DW = 0.00e+00 NNZ =       10 SPT = 0.7222 Tmvc = 0.000 T = 0.000
 Site =     4 /    57 .. Mmpo =     6 DW = 0.00e+00 NNZ =       10 SPT = 0.7222 Tmvc = 0.000 T = 0.000
 Site =     5 /    57 .. Mmpo =     6 DW = 0.00e+00 NNZ =       10 SPT = 0.7222 Tmvc = 0.000 T = 0.000
 Site =     6 /    57 .. Mmpo =     6 DW = 0.00e+00 NNZ =       10 SPT = 0.7222 Tmvc = 0.000 T = 0.000
 Site =     7 /    57 .. Mmpo =     6 DW = 0.00e+00 NNZ =       10 SPT = 0.7222 Tmvc = 0.000 T = 0.000
 Site =     8 /    57 .. Mmpo =     6 DW = 0.00e+00 NNZ =       10 SPT = 0.7222 Tmvc = 0.000 T = 0.000
 Site =     9 /    57 .. Mmpo =     6 DW = 0.00e+00 NNZ =       10 SPT = 0.7222 Tmvc = 0.000 T = 0.000
 Site =    10 /    57 .. Mmpo =     6 DW = 0.00e+00 NNZ =       10 SPT = 0.7222 Tmvc = 0.000 T = 0.000
 Site =    11 /    57 .. Mmpo =     6 DW = 0.00e+00 NNZ =       10 SPT = 0.7222 Tmvc = 0.000 T = 0.000
 Site =    12 /    57 .. Mmpo =     6 DW = 0.00e+00 NNZ =       10 SPT = 0.7222 Tmvc = 0.000 T = 0.000
 Site =    13 /    57 .. Mmpo =     6 DW = 0.00e+00 NNZ =       10 SPT = 0.7222 Tmvc = 0.000 T = 0.000
 Site =    14 /    57 .. Mmpo =     6 DW = 0.00e+00 NNZ =       10 SPT = 0.7222 Tmvc = 0.000 T = 0.000
 Site =    15 /    57 .. Mmpo =     6 DW = 0.00e+00 NNZ =       10 SPT = 0.7222 Tmvc = 0.000 T = 0.000
 Site =    16 /    57 .. Mmpo =     6 DW = 0.00e+00 NNZ =       10 SPT = 0.7222 Tmvc = 0.000 T = 0.000
 Site =    17 /    57 .. Mmpo =     6 DW = 0.00e+00 NNZ =       10 SPT = 0.7222 Tmvc = 0.000 T = 0.000
 Site =    18 /    57 .. Mmpo =     6 DW = 0.00e+00 NNZ =       10 SPT = 0.7222 Tmvc = 0.000 T = 0.000
 Site =    19 /    57 .. Mmpo =     6 DW = 0.00e+00 NNZ =       10 SPT = 0.7222 Tmvc = 0.000 T = 0.000
 Site =    20 /    57 .. Mmpo =     6 DW = 0.00e+00 NNZ =       10 SPT = 0.7222 Tmvc = 0.000 T = 0.000
 Site =    21 /    57 .. Mmpo =     6 DW = 0.00e+00 NNZ =       10 SPT = 0.7222 Tmvc = 0.000 T = 0.000
 Site =    22 /    57 .. Mmpo =     6 DW = 0.00e+00 NNZ =       10 SPT = 0.7222 Tmvc = 0.000 T = 0.000
 Site =    23 /    57 .. Mmpo =     6 DW = 0.00e+00 NNZ =       10 SPT = 0.7222 Tmvc = 0.000 T = 0.000
 Site =    24 /    57 .. Mmpo =     6 DW = 0.00e+00 NNZ =       10 SPT = 0.7222 Tmvc = 0.000 T = 0.000
 Site =    25 /    57 .. Mmpo =     6 DW = 0.00e+00 NNZ =       11 SPT = 0.6944 Tmvc = 0.000 T = 0.001
 Site =    26 /    57 .. Mmpo =     6 DW = 0.00e+00 NNZ =       11 SPT = 0.6944 Tmvc = 0.000 T = 0.001
 Site =    27 /    57 .. Mmpo =     6 DW = 0.00e+00 NNZ =       10 SPT = 0.7222 Tmvc = 0.000 T = 0.000
 Site =    28 /    57 .. Mmpo =     6 DW = 0.00e+00 NNZ =       10 SPT = 0.7222 Tmvc = 0.000 T = 0.000
 Site =    29 /    57 .. Mmpo =     6 DW = 0.00e+00 NNZ =       10 SPT = 0.7222 Tmvc = 0.000 T = 0.000
 Site =    30 /    57 .. Mmpo =     6 DW = 0.00e+00 NNZ =       10 SPT = 0.7222 Tmvc = 0.000 T = 0.000
 Site =    31 /    57 .. Mmpo =     6 DW = 0.00e+00 NNZ =       10 SPT = 0.7222 Tmvc = 0.000 T = 0.000
 Site =    32 /    57 .. Mmpo =     6 DW = 0.00e+00 NNZ =       10 SPT = 0.7222 Tmvc = 0.000 T = 0.000
 Site =    33 /    57 .. Mmpo =     6 DW = 0.00e+00 NNZ =       10 SPT = 0.7222 Tmvc = 0.000 T = 0.000
 Site =    34 /    57 .. Mmpo =     6 DW = 0.00e+00 NNZ =       10 SPT = 0.7222 Tmvc = 0.000 T = 0.000
 Site =    35 /    57 .. Mmpo =     6 DW = 0.00e+00 NNZ =       10 SPT = 0.7222 Tmvc = 0.000 T = 0.000
 Site =    36 /    57 .. Mmpo =     6 DW = 0.00e+00 NNZ =       10 SPT = 0.7222 Tmvc = 0.000 T = 0.000
 Site =    37 /    57 .. Mmpo =     6 DW = 0.00e+00 NNZ =       10 SPT = 0.7222 Tmvc = 0.000 T = 0.000
 Site =    38 /    57 .. Mmpo =     6 DW = 0.00e+00 NNZ =       10 SPT = 0.7222 Tmvc = 0.000 T = 0.000
 Site =    39 /    57 .. Mmpo =     6 DW = 0.00e+00 NNZ =       10 SPT = 0.7222 Tmvc = 0.000 T = 0.000
 Site =    40 /    57 .. Mmpo =     6 DW = 0.00e+00 NNZ =       10 SPT = 0.7222 Tmvc = 0.000 T = 0.000
 Site =    41 /    57 .. Mmpo =     6 DW = 0.00e+00 NNZ =       10 SPT = 0.7222 Tmvc = 0.000 T = 0.000
 Site =    42 /    57 .. Mmpo =     6 DW = 0.00e+00 NNZ =       10 SPT = 0.7222 Tmvc = 0.000 T = 0.000
 Site =    43 /    57 .. Mmpo =     6 DW = 0.00e+00 NNZ =       10 SPT = 0.7222 Tmvc = 0.000 T = 0.000
 Site =    44 /    57 .. Mmpo =     6 DW = 0.00e+00 NNZ =       10 SPT = 0.7222 Tmvc = 0.000 T = 0.000
 Site =    45 /    57 .. Mmpo =     6 DW = 0.00e+00 NNZ =       10 SPT = 0.7222 Tmvc = 0.000 T = 0.000
 Site =    46 /    57 .. Mmpo =     6 DW = 0.00e+00 NNZ =       10 SPT = 0.7222 Tmvc = 0.000 T = 0.000
 Site =    47 /    57 .. Mmpo =     6 DW = 0.00e+00 NNZ =       10 SPT = 0.7222 Tmvc = 0.000 T = 0.000
 Site =    48 /    57 .. Mmpo =     6 DW = 0.00e+00 NNZ =       10 SPT = 0.7222 Tmvc = 0.000 T = 0.000
 Site =    49 /    57 .. Mmpo =     6 DW = 0.00e+00 NNZ =       10 SPT = 0.7222 Tmvc = 0.000 T = 0.000
 Site =    50 /    57 .. Mmpo =     6 DW = 0.00e+00 NNZ =       10 SPT = 0.7222 Tmvc = 0.000 T = 0.000
 Site =    51 /    57 .. Mmpo =     6 DW = 0.00e+00 NNZ =       10 SPT = 0.7222 Tmvc = 0.000 T = 0.000
 Site =    52 /    57 .. Mmpo =     6 DW = 0.00e+00 NNZ =       10 SPT = 0.7222 Tmvc = 0.000 T = 0.000
 Site =    53 /    57 .. Mmpo =     6 DW = 0.00e+00 NNZ =       10 SPT = 0.7222 Tmvc = 0.000 T = 0.000
 Site =    54 /    57 .. Mmpo =     6 DW = 0.00e+00 NNZ =       10 SPT = 0.7222 Tmvc = 0.000 T = 0.000
 Site =    55 /    57 .. Mmpo =     5 DW = 0.00e+00 NNZ =        9 SPT = 0.7000 Tmvc = 0.000 T = 0.000
 Site =    56 /    57 .. Mmpo =     1 DW = 0.00e+00 NNZ =        5 SPT = 0.0000 Tmvc = 0.000 T = 0.000
Ttotal =      0.026 Tmvc-total = 0.001 MPO bond dimension =     6 MaxDW = 0.00e+00
NNZ =          560 SIZE =         1978 SPT = 0.7169

Rank =     0 Ttotal =      0.031 MPO method = FastBipartite bond dimension =       6 NNZ =          560 SIZE =         1978 SPT = 0.7169


START TIME EVOLUTION (te_type = tdvp)

 ************************************************** 



>>>> Evol CPU time = 186.7 min


Time = 4.00
Total energy = -12.393887+0.000000j
WF norm = 1.000000-0.000000j
<Sz d=25> = 0.014091+0.000000j
<Sz d=26> = 0.000518+0.000000j
<(S1+S2)^2> = 0.043826
ents2[26,25] = 0.1186388245
MI[25,26] = 0.633629 (max = 0.693147)
Total <occ_> = 10.000000
Total <sz_> = 4.985391
Total <Sdz_> = 0.014609
Total <S2_> = nan
ents2[26,25] = 0.1186388245
Total <MI_> = nan

>>>> Observables CPU time = 7.6 min


>>>> Evol CPU time = 180.7 min


Time = 8.00
Total energy = -12.393887+0.000000j
WF norm = 1.000000+0.000000j
<Sz d=25> = 0.098449-0.000000j
<Sz d=26> = 0.025888-0.000000j
<(S1+S2)^2> = 0.364304
ents2[26,25] = 0.5782177960
MI[25,26] = 0.393612 (max = 0.693147)
Total <occ_> = 10.000000
Total <sz_> = 4.875663
Total <Sdz_> = 0.124337
Total <S2_> = nan
ents2[26,25] = 0.5782177960
Total <MI_> = nan

>>>> Observables CPU time = 7.9 min


>>>> Evol CPU time = 179.2 min


Time = 12.00
Total energy = -12.393887+0.000000j
WF norm = 1.000000-0.000000j
<Sz d=25> = 0.160760+0.000000j
<Sz d=26> = 0.068161+0.000000j
<(S1+S2)^2> = 0.643470
ents2[26,25] = 0.7874181493
MI[25,26] = 0.268469 (max = 0.693147)
Total <occ_> = 10.000000
Total <sz_> = 4.771079
Total <Sdz_> = 0.228921
Total <S2_> = nan
ents2[26,25] = 0.7874181493
Total <MI_> = nan

>>>> Observables CPU time = 7.1 min


>>>> Evol CPU time = 189.6 min


Time = 16.00
Total energy = -12.393913+0.000000j
WF norm = 0.999968+0.000000j
<Sz d=25> = 0.206561-0.000000j
<Sz d=26> = 0.114877-0.000000j
<(S1+S2)^2> = 0.865441
ents2[26,25] = 0.8754923758
MI[25,26] = 0.198113 (max = 0.693147)
Total <occ_> = 10.000000
Total <sz_> = 4.678562
Total <Sdz_> = 0.321438
Total <S2_> = nan
ents2[26,25] = 0.8754923758
Total <MI_> = nan

>>>> Observables CPU time = 6.7 min


>>>> Evol CPU time = 179.4 min


Time = 20.00
Total energy = -12.394199-0.000000j
WF norm = 0.999491+0.000000j
<Sz d=25> = 0.242187-0.000000j
<Sz d=26> = 0.160930-0.000000j
<(S1+S2)^2> = 1.043964
ents2[26,25] = 0.9032241328
MI[25,26] = 0.153975 (max = 0.693147)
Total <occ_> = 10.000000
Total <sz_> = 4.596883
Total <Sdz_> = 0.403117
Total <S2_> = nan
ents2[26,25] = 0.9032241328
Total <MI_> = nan

>>>> Observables CPU time = 5.8 min


>>>> Evol CPU time = 169.8 min


Time = 24.00
Total energy = -12.395587+0.000000j
WF norm = 0.996986-0.000000j
<Sz d=25> = 0.269527-0.000000j
<Sz d=26> = 0.202927-0.000000j
<(S1+S2)^2> = 1.185582
ents2[26,25] = 0.8996650438
MI[25,26] = 0.124273 (max = 0.693147)
Total <occ_> = 10.000000
Total <sz_> = 4.527546
Total <Sdz_> = 0.472454
Total <S2_> = nan
ents2[26,25] = 0.8996650438
Total <MI_> = nan

>>>> Observables CPU time = 5.8 min


>>>> Evol CPU time = 163.7 min


Time = 28.00
Total energy = -12.398403+0.000000j
WF norm = 0.991645+0.000000j
<Sz d=25> = 0.276114-0.000000j
<Sz d=26> = 0.232996-0.000000j
<(S1+S2)^2> = 1.252548
ents2[26,25] = 0.8859185071
MI[25,26] = 0.113060 (max = 0.693147)
Total <occ_> = 10.000000
Total <sz_> = 4.490890
Total <Sdz_> = 0.509110
Total <S2_> = nan
ents2[26,25] = 0.8859185071
Total <MI_> = nan

>>>> Observables CPU time = 5.5 min


>>>> Evol CPU time = 156.0 min


Time = 32.00
Total energy = -12.403002+0.000000j
WF norm = 0.985201-0.000000j
<Sz d=25> = 0.273048+0.000000j
<Sz d=26> = 0.250582+0.000000j
<(S1+S2)^2> = 1.276734
ents2[26,25] = 0.8838403782
MI[25,26] = 0.106711 (max = 0.693147)
Total <occ_> = 10.000000
Total <sz_> = 4.476370
Total <Sdz_> = 0.523630
Total <S2_> = nan
ents2[26,25] = 0.8838403782
Total <MI_> = nan

>>>> Observables CPU time = 5.1 min

stop time: 
Thu Oct 24 22:35:27 EDT 2024
