SLURM: start oscillations.py
Wed 09 Aug 2023 08:19:26 AM PDT
/global/u2/c/cpbunker/GitHub/transport/transport/simmons/landauer.py:131: RuntimeWarning: overflow encountered in multiply
  exp_muL = exp_muR*np.exp(-Vbint*Beta);
/global/u2/c/cpbunker/GitHub/transport/transport/simmons/landauer.py:137: RuntimeWarning: overflow encountered in true_divide
  ret_n = Beta/((exp_muL+1)*(1/exp_muL+1)); # <- fixed overflow
/global/u2/c/cpbunker/GitHub/transport/transport/simmons/landauer.py:137: RuntimeWarning: divide by zero encountered in true_divide
  ret_n = Beta/((exp_muL+1)*(1/exp_muL+1)); # <- fixed overflow
############################################################
T = 2.5 K

Loading data from Mn7Tesla/data/2.5KdIdV.txt
>>>> (2.5, 2.5, 10.5)

Fitting data
   Iteration     Total nfev        Cost      Cost reduction    Step norm     Optimality   
       0              1         1.0922e+06                                    5.00e+06    
       1              2         7.0979e+05      3.82e+05       1.36e+00       3.91e+06    
       2              3         5.4860e+05      1.61e+05       1.74e+00       2.61e+06    
       3              4         5.0598e+05      4.26e+04       9.15e-02       1.38e+06    
       4              5         4.9648e+05      9.50e+03       3.67e-03       6.26e+05    
       5              6         4.9463e+05      1.85e+03       3.20e-05       2.63e+05    
       6              7         4.9432e+05      3.14e+02       1.05e-05       1.13e+05    
       7              8         4.9426e+05      5.82e+01       4.67e-06       4.55e+04    
       8              9         4.9425e+05      9.51e+00       1.89e-06       1.83e+04    
       9             10         4.9425e+05      1.55e+00       7.62e-07       7.35e+03    
      10             11         4.9425e+05      2.56e-01       3.06e-07       2.95e+03    
      11             12         4.9425e+05      4.35e-02       1.23e-07       1.18e+03    
      12             13         4.9425e+05      7.97e-03       4.92e-08       4.74e+02    
      13             14         4.9425e+05      1.67e-03       1.97e-08       1.90e+02    
`ftol` termination condition is satisfied.
Function evaluations 14, initial cost 1.0922e+06, final cost 4.9425e+05, first-order optimality 1.90e+02.
<function dIdV_all_zero at 0x7fe87f13cee0> fitting results:
	V0    = -0.002117,bounds = [-0.012696  0.012696]
	eps_0 = 0.004330,bounds = [0.00433 0.00433]
	eps_c = 0.005400,bounds = [0.0054 0.0054]
	G1    = 0.371000,bounds = [0.371 0.371]
	G2    = 0.097200,bounds = [0.0972 0.0972]
	G3    = 0.120000,bounds = [0.12 0.12]
	T_surf= 13.700000,bounds = [ 7.3 13.7]
	tau0  = 0.009749,bounds = [0.006 0.014]
	Gamma = 0.002690,bounds = [0.00269 0.00269]
	EC    = 0.005708,bounds = [0.00354 0.00826]
	RMSE  = 0.057933 


Fitting data
   Iteration     Total nfev        Cost      Cost reduction    Step norm     Optimality   
       0              1         4.9425e+05                                    1.90e+02    
       1              2         4.9425e+05      4.69e-04       7.98e-09       7.67e+01    
`ftol` termination condition is satisfied.
Function evaluations 2, initial cost 4.9425e+05, final cost 4.9425e+05, first-order optimality 7.67e+01.
<function dIdV_all_zero at 0x7fe87f13cee0> fitting results:
	V0    = -0.002117,bounds = [-0.012696  0.012696]
	eps_0 = 0.004330,bounds = [0.00433 0.00433]
	eps_c = 0.005400,bounds = [0.0054 0.0054]
	G1    = 0.371000,bounds = [0.371 0.371]
	G2    = 0.097200,bounds = [0.0972 0.0972]
	G3    = 0.120000,bounds = [0.12 0.12]
	T_surf= 13.700000,bounds = [ 7.3 13.7]
	tau0  = 0.009749,bounds = [0.006 0.014]
	Gamma = 0.002690,bounds = [0.00269 0.00269]
	EC    = 0.005708,bounds = [0.00354 0.00826]
	RMSE  = 0.057933 


Fitting data
   Iteration     Total nfev        Cost      Cost reduction    Step norm     Optimality   
       0              1         4.9441e+05                                    2.11e+04    
       1              2         4.9434e+05      7.26e+01       2.71e-05       1.80e+04    
       2              3         4.9434e+05      1.17e+00       1.20e-06       7.62e+03    
       3              4         4.9434e+05      1.64e-01       2.37e-07       3.91e+03    
       4              5         4.9434e+05      4.46e-02       1.29e-07       1.73e+03    
       5              6         4.9434e+05      8.05e-03       5.86e-08       7.01e+02    
       6              7         4.9434e+05      8.94e-04       2.47e-08       2.62e+02    
`ftol` termination condition is satisfied.
Function evaluations 7, initial cost 4.9441e+05, final cost 4.9434e+05, first-order optimality 2.62e+02.
<function dIdV_all at 0x7fe87f13cf70> fitting results:
	V0    = -0.002117,bounds = [-0.00211698 -0.00211698]
	eps_0 = 0.004330,bounds = [0.00433 0.00433]
	eps_c = 0.005400,bounds = [0.0054 0.0054]
	G1    = 0.371000,bounds = [0.371 0.371]
	G2    = 0.097200,bounds = [0.0972 0.0972]
	G3    = 0.120000,bounds = [0.12 0.12]
	T_surf= 13.700000,bounds = [13.7 13.7]
	tau0  = 0.009778,bounds = [0.006 0.014]
	Gamma = 0.002690,bounds = [0.00269 0.00269]
	EC    = 0.005709,bounds = [0.00354 0.00826]
	T_film= 2.500000,bounds = [ 2.5 10.5]
	RMSE  = 0.057938 

Saving plot to Mn7Tesla/lorentz/stored_plots/2
Saving data to Mn7Tesla/lorentz/
SLURM: finish oscillations.py
Wed 09 Aug 2023 08:20:31 AM PDT
