#### SLURM ####
pwd: 
/blue/m2qm-efrc/cpbunker/GitHub/transport
host: 
c0702a-s5.ufhpc
# conda environments:
#
base                     /apps/conda/23.3.1
block                 *  /blue/m2qm-efrc/cpbunker/condaenvs/block

cat inputfile
{
"tl":1.0,"Vconf":10.0, "Be":100.0, "BFM":-100.0, "Jz":0.0, "Jx":0.0, "Jsd":0.5,
"NL":4, "NFM":2, "NR":4, "Nconf":2, "Ne":2, "TwoSz":0,
"symmetry":"Sz","spin_strs":["cd","CD"],"ex_sites":[5,7],"plot":0,
"bdim_0":[600,800],"bdim_t":[1000], "noises":[1e-4,1e-5], "dmrg_sweeps":20,"cutoff":-1.0,
"time_step":0.01,"t1":1.0,"t2":1.0, "t3":1.0, "t4":1.0, "t5":1.0, "t6":1.0, "tupdate":1.0,"Nupdates":8
}
#### PYTHON ####
start time: 
Fri Nov 24 09:50:15 EST 2023
Overwritten attributes  get_hcore get_ovlp  of <class 'pyscf.scf.uhf.UHF'>
>>> PWD:  /blue/m2qm-efrc/cpbunker/GitHub/transport
>>> Do FCI  =  True
>>> Do DMRG =  True
j - d site pairs =  [(4, 5), (6, 7)]
H_1e = 
[[-60.   0.  -1.   0.   0.   0.   0.   0.   0.   0.   0.   0.]
 [  0.  40.   0.  -1.   0.   0.   0.   0.   0.   0.   0.   0.]
 [ -1.   0. -60.   0.  -1.   0.   0.   0.   0.   0.   0.   0.]
 [  0.  -1.   0.  40.   0.  -1.   0.   0.   0.   0.   0.   0.]
 [  0.   0.  -1.   0.   0.   0.  -1.   0.   0.   0.   0.   0.]
 [  0.   0.   0.  -1.   0.   0.   0.  -1.   0.   0.   0.   0.]
 [  0.   0.   0.   0.  -1.   0.   0.   0.  -1.   0.   0.   0.]
 [  0.   0.   0.   0.   0.  -1.   0.   0.   0.  -1.   0.   0.]
 [  0.   0.   0.   0.   0.   0.  -1.   0.   0.   0.   0.   0.]
 [  0.   0.   0.   0.   0.   0.   0.  -1.   0.   0.   0.   0.]
 [  0.   0.   0.   0.   0.   0.   0.   0.   0.   0.  30.   0.]
 [  0.   0.   0.   0.   0.   0.   0.   0.   0.   0.   0. -70.]]
[[  0.   0.   0.   0.  -1.   0.   0.   0.   0.   0.   0.   0.]
 [  0.   0.   0.   0.   0.  -1.   0.   0.   0.   0.   0.   0.]
 [  0.   0.  30.   0.   0.   0.   0.   0.   0.   0.   0.   0.]
 [  0.   0.   0. -70.   0.   0.   0.   0.   0.   0.   0.   0.]
 [ -1.   0.   0.   0.   0.   0.  -1.   0.   0.   0.   0.   0.]
 [  0.  -1.   0.   0.   0.   0.   0.  -1.   0.   0.   0.   0.]
 [  0.   0.   0.   0.  -1.   0.   0.   0.  -1.   0.   0.   0.]
 [  0.   0.   0.   0.   0.  -1.   0.   0.   0.  -1.   0.   0.]
 [  0.   0.   0.   0.   0.   0.  -1.   0.   0.   0.  -1.   0.]
 [  0.   0.   0.   0.   0.   0.   0.  -1.   0.   0.   0.  -1.]
 [  0.   0.   0.   0.   0.   0.   0.   0.  -1.   0.   0.   0.]
 [  0.   0.   0.   0.   0.   0.   0.   0.   0.  -1.   0.   0.]]

UHF energy calculation
converged SCF energy = -260.016671300156  <S^2> = 6  2S+1 = 5
Ground state energy (FCI) = -260.016671
Manually computed energy (FCI) = -260.016671
Environment initialization | Nsites =    12 | Center =     0
 INIT-R <-- Site =    9 ..  Bmem =   256 B Rmem =   256 B T = 0.09
 INIT-R <-- Site =    8 ..  Bmem = 3.19 KB Rmem = 3.19 KB T = 0.00
 INIT-R <-- Site =    7 ..  Bmem = 37.5 KB Rmem = 37.5 KB T = 0.00
 INIT-R <-- Site =    6 ..  Bmem =  475 KB Rmem =  475 KB T = 0.01
 INIT-R <-- Site =    5 ..  Bmem = 9.42 MB Rmem = 3.33 MB T = 0.09
 INIT-R <-- Site =    4 ..  Bmem = 29.6 MB Rmem = 1.84 MB T = 0.10
 INIT-R <-- Site =    3 ..  Bmem = 39.9 MB Rmem = 2.47 MB T = 0.11
 INIT-R <-- Site =    2 ..  Bmem = 22.8 MB Rmem = 1.44 MB T = 0.08
 INIT-R <-- Site =    1 ..  Bmem = 20.9 MB Rmem = 1.33 MB T = 0.08
 INIT-R <-- Site =    0 ..  Bmem = 19.4 MB Rmem = 1.23 MB T = 0.08
Time init sweep =        0.643 | MaxBmem = 39.9 MB | MaxRmem = 2.47 MB
 | Tread = 0.000 | Twrite = 0.122 | Tfpread = 0.000 | Tfpwrite = 0.109 | data = 12.1 MB | cpsd = 7.98 MB | Tasync = 0.000


Sweep =    0 | Direction =  forward | Bond dimension =  600 | Noise =  1.00e-04 | Dav threshold =  1.00e-06
 --> Site =    0-   1 .. Mmps =    4 Ndav =  10 E =   -132.9160847721 Error = 0.00e+00 FLOPS = 2.69e+04 Tdav = 0.13 T = 0.32
 --> Site =    1-   2 .. Mmps =   16 Ndav =   4 E =   -140.0095563895 Error = 0.00e+00 FLOPS = 2.00e+05 Tdav = 0.03 T = 0.07
 --> Site =    2-   3 .. Mmps =   49 Ndav =   4 E =   -149.3508639764 Error = 0.00e+00 FLOPS = 2.06e+07 Tdav = 0.00 T = 0.06
 --> Site =    3-   4 .. Mmps =  121 Ndav =   8 E =   -156.1825312007 Error = 0.00e+00 FLOPS = 8.16e+07 Tdav = 0.00 T = 0.06
 --> Site =    4-   5 .. Mmps =  256 Ndav =   6 E =   -191.4692933826 Error = 0.00e+00 FLOPS = 2.95e+08 Tdav = 0.01 T = 0.10
 --> Site =    5-   6 .. Mmps =  484 Ndav =   8 E =   -206.6916594039 Error = 0.00e+00 FLOPS = 3.92e+08 Tdav = 0.02 T = 0.24
 --> Site =    6-   7 .. Mmps =  600 Ndav =   4 E =   -260.0166712877 Error = 0.00e+00 FLOPS = 3.87e+08 Tdav = 0.04 T = 0.40
 --> Site =    7-   8 .. Mmps =  600 Ndav =   1 E =   -260.0166712877 Error = 2.18e-47 FLOPS = 3.54e+08 Tdav = 0.01 T = 0.86
 --> Site =    8-   9 .. Mmps =  600 Ndav =   1 E =   -260.0166712877 Error = 9.18e-60 FLOPS = 3.46e+08 Tdav = 0.01 T = 0.68
 --> Site =    9-  10 .. Mmps =  600 Ndav =   1 E =   -260.0166712877 Error = 0.00e+00 FLOPS = 3.47e+08 Tdav = 0.00 T = 0.69
 --> Site =   10-  11 .. Mmps =  600 Ndav =   1 E =   -260.0166712877 Error = 0.00e+00 FLOPS = 1.78e+08 Tdav = 0.00 T = 0.64
Time elapsed =      4.128 | E =    -260.0166712877 | DW = 2.18e-47
Time sweep =        4.128 | 35.2 MFLOP/SWP
 | Dmem = 10.8 MB (1%) | Imem = 88.7 KB (87%) | Hmem = 67.9 MB | Pmem = 580 KB
 | Tread = 0.382 | Twrite = 0.334 | Tfpread = 0.342 | Tfpwrite = 0.323 | Tmporead = 0.000 | Tasync = 0.000
 | data = 38.4 MB | cpsd = 12.2 MB
 | Trot = 0.826 | Tctr = 0.172 | Tint = 0.106 | Tmid = 0.000 | Tdctr = 0.256 | Tdiag = 0.081 | Tinfo = 0.023
 | Teff = 0.909 | Tprt = 0.089 | Teig = 0.267 | Tblk = 2.655 | Tmve = 1.471 | Tdm = 0.018 | Tsplt = 1.168 | Tsvd = 0.000 | Torth = 0.011

Sweep =    1 | Direction = backward | Bond dimension =  800 | Noise =  1.00e-05 | Dav threshold =  1.00e-06
 <-- Site =   10-  11 .. Mmps =    4 Ndav =   1 E =   -260.0166712877 Error = 0.00e+00 FLOPS = 1.94e+08 Tdav = 0.00 T = 0.06
 <-- Site =    9-  10 .. Mmps =   16 Ndav =   1 E =   -260.0166712877 Error = 0.00e+00 FLOPS = 3.16e+08 Tdav = 0.01 T = 0.09
 <-- Site =    8-   9 .. Mmps =   49 Ndav =   1 E =   -260.0166712877 Error = 0.00e+00 FLOPS = 3.27e+08 Tdav = 0.01 T = 0.11
 <-- Site =    7-   8 .. Mmps =  121 Ndav =   1 E =   -260.0166712877 Error = 0.00e+00 FLOPS = 2.69e+08 Tdav = 0.01 T = 0.13
 <-- Site =    6-   7 .. Mmps =  256 Ndav =   1 E =   -260.0166712877 Error = 0.00e+00 FLOPS = 2.26e+08 Tdav = 0.02 T = 0.12
 <-- Site =    5-   6 .. Mmps =  484 Ndav =   1 E =   -260.0166712877 Error = 0.00e+00 FLOPS = 2.88e+08 Tdav = 0.01 T = 0.14
 <-- Site =    4-   5 .. Mmps =  800 Ndav =   1 E =   -260.0166712877 Error = 0.00e+00 FLOPS = 4.05e+08 Tdav = 0.01 T = 0.32
 <-- Site =    3-   4 .. Mmps =  800 Ndav =   1 E =   -260.0166712877 Error = 0.00e+00 FLOPS = 3.58e+08 Tdav = 0.01 T = 1.25
 <-- Site =    2-   3 .. Mmps =  800 Ndav =   1 E =   -260.0166712877 Error = 0.00e+00 FLOPS = 4.03e+08 Tdav = 0.01 T = 1.18
 <-- Site =    1-   2 .. Mmps =  800 Ndav =   1 E =   -260.0166712877 Error = 0.00e+00 FLOPS = 3.75e+08 Tdav = 0.01 T = 1.26
 <-- Site =    0-   1 .. Mmps =  800 Ndav =   1 E =   -260.0166712877 Error = 0.00e+00 FLOPS = 3.62e+08 Tdav = 0.01 T = 1.20
Time elapsed =      9.988 | E =    -260.0166712877 | DE = 5.68e-14 | DW = 0.00e+00
Time sweep =        5.860 | 30.4 MFLOP/SWP
 | Dmem = 22.0 MB (0%) | Imem = 14.5 KB (94%) | Hmem = 128 MB | Pmem = 571 KB
 | Tread = 0.133 | Twrite = 0.436 | Tfpread = 0.125 | Tfpwrite = 0.425 | Tmporead = 0.000 | Tasync = 0.000
 | data = 68.1 MB | cpsd = 18.3 MB
 | Trot = 1.704 | Tctr = 0.155 | Tint = 0.127 | Tmid = 0.000 | Tdctr = 0.039 | Tdiag = 0.007 | Tinfo = 0.026
 | Teff = 0.853 | Tprt = 0.089 | Teig = 0.101 | Tblk = 3.400 | Tmve = 2.458 | Tdm = 0.120 | Tsplt = 2.040 | Tsvd = 0.000 | Torth = 0.000

Ground state energy (DMRG) = -260.016671
Manually computed energy (DMRG) = -260.016671+0.000000j
>>> Init compute time (FCI = True, DMRG=True) = 30.606658935546875
Site 5 <Sz> (FCI) = -0.500000
Site 7 <Sz> (FCI) = -0.500000
C[5, 7] =  nan
Site 5 <Sz> (DMRG) = -0.500000-0.000000j
Site 7 <Sz> (DMRG) = -0.500000-0.000000j
C[5, 7] =  3.2047457522283408e-21
FCI sum occ_ = 4.0
FCI combined occ_ = 4.0
FCI sum sz_ = 6.114552858160777e-16
FCI combined sz_ = 6.661338147750939e-16
j - d site pairs =  [(4, 5), (6, 7)]
H_1e_dyn = 
[[ 0.  0. -1.  0.  0.  0.  0.  0.  0.  0.  0.  0.]
 [ 0.  0.  0. -1.  0.  0.  0.  0.  0.  0.  0.  0.]
 [-1.  0.  0.  0. -1.  0.  0.  0.  0.  0.  0.  0.]
 [ 0. -1.  0.  0.  0. -1.  0.  0.  0.  0.  0.  0.]
 [ 0.  0. -1.  0.  0.  0. -1.  0.  0.  0.  0.  0.]
 [ 0.  0.  0. -1.  0.  0.  0. -1.  0.  0.  0.  0.]
 [ 0.  0.  0.  0. -1.  0.  0.  0. -1.  0.  0.  0.]
 [ 0.  0.  0.  0.  0. -1.  0.  0.  0. -1.  0.  0.]
 [ 0.  0.  0.  0.  0.  0. -1.  0.  0.  0.  0.  0.]
 [ 0.  0.  0.  0.  0.  0.  0. -1.  0.  0.  0.  0.]
 [ 0.  0.  0.  0.  0.  0.  0.  0.  0.  0.  0.  0.]
 [ 0.  0.  0.  0.  0.  0.  0.  0.  0.  0.  0.  0.]]
[[ 0.  0.  0.  0. -1.  0.  0.  0.  0.  0.  0.  0.]
 [ 0.  0.  0.  0.  0. -1.  0.  0.  0.  0.  0.  0.]
 [ 0.  0.  0.  0.  0.  0.  0.  0.  0.  0.  0.  0.]
 [ 0.  0.  0.  0.  0.  0.  0.  0.  0.  0.  0.  0.]
 [-1.  0.  0.  0.  0.  0. -1.  0.  0.  0.  0.  0.]
 [ 0. -1.  0.  0.  0.  0.  0. -1.  0.  0.  0.  0.]
 [ 0.  0.  0.  0. -1.  0.  0.  0. -1.  0.  0.  0.]
 [ 0.  0.  0.  0.  0. -1.  0.  0.  0. -1.  0.  0.]
 [ 0.  0.  0.  0.  0.  0. -1.  0.  0.  0. -1.  0.]
 [ 0.  0.  0.  0.  0.  0.  0. -1.  0.  0.  0. -1.]
 [ 0.  0.  0.  0.  0.  0.  0.  0. -1.  0.  0.  0.]
 [ 0.  0.  0.  0.  0.  0.  0.  0.  0. -1.  0.  0.]]
j - d site pairs =  [(4, 5), (6, 7)]
>>> Evol1 compute time (FCI = True, DMRG=True) = 763.777357339859
Site 5 <Sz> (FCI) = -0.499754
Site 7 <Sz> (FCI) = -0.499871
C[5, 7] =  nan
Site 5 <Sz> (DMRG) = -0.499924-0.000000j
Site 7 <Sz> (DMRG) = -0.499997+0.000000j
C[5, 7] =  1.247009821002217e-06
FCI sum occ_ = 4.0
FCI combined occ_ = 4.000000000000001
FCI sum sz_ = 3.6261498070034405e-07
FCI combined sz_ = 3.6261498070899734e-07
>>> Evol2 compute time (FCI = True, DMRG=True) = 864.8875732421875
Site 5 <Sz> (FCI) = -0.497008
Site 7 <Sz> (FCI) = -0.498067
C[5, 7] =  nan
Site 5 <Sz> (DMRG) = -0.493347+0.000000j
Site 7 <Sz> (DMRG) = -0.498720-0.000000j
C[5, 7] =  0.00011404997276297636
FCI sum occ_ = 3.999999999999998
FCI combined occ_ = 3.9999999999999982
FCI sum sz_ = 2.149822203257656e-05
FCI combined sz_ = 2.1498222032567682e-05
>>> Evol3 compute time (FCI = True, DMRG=True) = 771.2896249294281
Site 5 <Sz> (FCI) = -0.493617
Site 7 <Sz> (FCI) = -0.493530
C[5, 7] =  nan
Site 5 <Sz> (DMRG) = -0.468754+0.000000j
Site 7 <Sz> (DMRG) = -0.484904-0.000000j
C[5, 7] =  0.0003970295757562111
FCI sum occ_ = 4.000000000000003
FCI combined occ_ = 4.000000000000002
FCI sum sz_ = 0.00012817828389424498
FCI combined sz_ = 0.00012817828389410924
Site 5 <Sz> (FCI) = -0.490776
Site 7 <Sz> (FCI) = -0.490147
C[5, 7] =  nan
Site 5 <Sz> (DMRG) = -0.430698+0.000000j
Site 7 <Sz> (DMRG) = -0.466572+0.000000j
C[5, 7] =  0.005339436858034433
FCI sum occ_ = 4.000000000000003
FCI combined occ_ = 4.000000000000003
FCI sum sz_ = 0.0002477473030589525
FCI combined sz_ = 0.0002477473030589872
Site 5 <Sz> (FCI) = -0.491340
Site 7 <Sz> (FCI) = -0.488938
C[5, 7] =  nan
Site 5 <Sz> (DMRG) = -0.359622+0.000000j
Site 7 <Sz> (DMRG) = -0.460836+0.000000j
C[5, 7] =  0.01023949306023185
FCI sum occ_ = 3.999999999999999
FCI combined occ_ = 3.999999999999999
FCI sum sz_ = 0.00043789709622243933
FCI combined sz_ = 0.00043789709622243933
Site 5 <Sz> (FCI) = -0.490469
Site 7 <Sz> (FCI) = -0.489940
C[5, 7] =  nan
Site 5 <Sz> (DMRG) = -0.337401-0.000000j
Site 7 <Sz> (DMRG) = -0.458905-0.000000j
C[5, 7] =  0.025914661281352377
FCI sum occ_ = 3.9999999999999964
FCI combined occ_ = 3.9999999999999964
FCI sum sz_ = 0.0005466445923226204
FCI combined sz_ = 0.0005466445923223429
stop time: 
Fri Nov 24 11:27:01 EST 2023
